#
# A fatal error has been detected by the Java Runtime Environment:
#
#  EXCEPTION_ACCESS_VIOLATION (0xc0000005) at pc=0x00007ffb84ed6587, pid=7416, tid=4628
#
# JRE version: OpenJDK Runtime Environment Corretto-21.0.1.12.1 (21.0.1+12) (build 21.0.1+12-LTS)
# Java VM: OpenJDK 64-Bit Server VM Corretto-21.0.1.12.1 (21.0.1+12-LTS, mixed mode, sharing, tiered, compressed oops, compressed class ptrs, g1 gc, windows-amd64)
# Problematic frame:
# C  [glass.dll+0x26587]
#
# No core dump will be written. Minidumps are not enabled by default on client versions of Windows
#
# If you would like to submit a bug report, please visit:
#   https://github.com/corretto/corretto-21/issues/
#

---------------  S U M M A R Y ------------

Command Line: -javaagent:C:\Program Files\JetBrains\IntelliJ IDEA Community Edition 2023.2.4\lib\idea_rt.jar=56741:C:\Program Files\JetBrains\IntelliJ IDEA Community Edition 2023.2.4\bin -Dfile.encoding=UTF-8 -Dsun.stdout.encoding=UTF-8 -Dsun.stderr.encoding=UTF-8 --module-path=C:\Users\NickS\.m2\repository\org\openjfx\javafx-graphics\21-ea+24\javafx-graphics-21-ea+24-win.jar;C:\Users\NickS\.m2\repository\org\openjfx\javafx-fxml\21-ea+24\javafx-fxml-21-ea+24-win.jar;C:\Users\NickS\.m2\repository\org\openjfx\javafx-base\21-ea+24\javafx-base-21-ea+24-win.jar;C:\Users\NickS\OneDrive\Рабочий стол\thrthehrhjyj\target\classes;C:\Users\NickS\.m2\repository\org\openjfx\javafx-controls\21-ea+24\javafx-controls-21-ea+24-win.jar -Djdk.module.main=com.example.thrthehrhjyj com.example.thrthehrhjyj/com.example.thrthehrhjyj.HelloApplication

Host: 11th Gen Intel(R) Core(TM) i3-1115G4 @ 3.00GHz, 4 cores, 7G,  Windows 11 , 64 bit Build 22000 (10.0.22000.2538)
Time: Tue Mar 19 10:08:01 2024 RTZ 2 (s 11 , 64 bit Build 22000 (10.0.22000.2538) elapsed time: 447.231914 seconds (0d 0h 7m 27s)

---------------  T H R E A D  ---------------

Current thread (0x00000272fe6e4b90):  VMThread "VM Thread"          [id=4628, stack(0x000000bf1d900000,0x000000bf1da00000) (1024K)]

Stack: [0x000000bf1d900000,0x000000bf1da00000],  sp=0x000000bf1d9fee20,  free space=1019k
Native frames: (J=compiled Java code, j=interpreted, Vv=VM code, C=native code)
C  [glass.dll+0x26587]


siginfo: EXCEPTION_ACCESS_VIOLATION (0xc0000005), reading address 0x0000000000000000


Registers:
RAX=0x0000000000000000, RBX=0x00000272fe6ece62, RCX=0x00000272fe6e4b90, RDX=0x000000bf1d9fee20
RSP=0x000000bf1d9fee20, RBP=0x00000272c9e764b8, RSI=0x00000272c9e76490, RDI=0x00000fa308b49130
R8 =0x0000000000010002, R9 =0x00000fa308b49130, R10=0x85f13e9656da4870, R11=0x000000bf1d9fedb0
R12=0x00007ffb84ed3ed0, R13=0x00007ffb372f5410, R14=0x000000bf1d9fef28, R15=0x00000272c9e76490
RIP=0x00007ffb84ed6587, EFLAGS=0x0000000000010206


Register to memory mapping:

RAX=0x0 is null
RBX=0x00000272fe6ece62 is a global jni handle
RCX=0x00000272fe6e4b90 points into unknown readable memory: 0x00007ffb370f66f0 | f0 66 0f 37 fb 7f 00 00
RDX=0x000000bf1d9fee20 points into unknown readable memory: 0x0000000000000000 | 00 00 00 00 00 00 00 00
RSP=0x000000bf1d9fee20 points into unknown readable memory: 0x0000000000000000 | 00 00 00 00 00 00 00 00
RBP=0x00000272c9e764b8 points into unknown readable memory: 0x00000fa308b49130 | 30 91 b4 08 a3 0f 00 00
RSI=0x00000272c9e76490 points into unknown readable memory: 0x39e80fa3774f15dd | dd 15 4f 77 a3 0f e8 39
RDI=0x00000fa308b49130 is an unknown value
R8 =0x0000000000010002 is an unknown value
R9 =0x00000fa308b49130 is an unknown value
R10=0x85f13e9656da4870 is an unknown value
R11=0x000000bf1d9fedb0 points into unknown readable memory: 0x00000272c9e76490 | 90 64 e7 c9 72 02 00 00
R12=0x00007ffb84ed3ed0 glass.dll
R13=0x00007ffb372f5410 jvm.dll
R14=0x000000bf1d9fef28 points into unknown readable memory: 0x000000bf1d9fef10 | 10 ef 9f 1d bf 00 00 00
R15=0x00000272c9e76490 points into unknown readable memory: 0x39e80fa3774f15dd | dd 15 4f 77 a3 0f e8 39

Top of Stack: (sp=0x000000bf1d9fee20)
0x000000bf1d9fee20:   0000000000000000 00000272c9e76490
0x000000bf1d9fee30:   00007ffb372f5410 00007ffb84ed3ed0
0x000000bf1d9fee40:   00000272c9e76498 00007ffbce9fbea0
0x000000bf1d9fee50:   00000fa308b49130 0000027200000000
0x000000bf1d9fee60:   00000272c9e764b8 00000272c9e76490
0x000000bf1d9fee70:   fffffffffffffffe 0000000000000000
0x000000bf1d9fee80:   0000000000000001 00007ffb84eb0000
0x000000bf1d9fee90:   000000bf1d9fef18 00007ffbce9fbdb7
0x000000bf1d9feea0:   0000000000000000 000000bf1d9fef28
0x000000bf1d9feeb0:   000000bf1d9ff210 00007ffbceae12b0
0x000000bf1d9feec0:   0000000000000001 00007ffbce9fbd6d
0x000000bf1d9feed0:   0000000000000000 0000000000000001
0x000000bf1d9feee0:   0000000000000000 000000bf1d9fef18
0x000000bf1d9feef0:   fffffffffffffffe 0000000000000000
0x000000bf1d9fef00:   0000000000000001 00007ffb84ed3d5d
0x000000bf1d9fef10:   00007ffb84eea008 00007ffb00000002
0x000000bf1d9fef20:   0000000000000002 000000bf1d9fef10
0x000000bf1d9fef30:   0000000000000000 00007ffbd137fec3
0x000000bf1d9fef40:   0000000000000000 00007ffb84ed3e82
0x000000bf1d9fef50:   0000000000000001 000000bf1d9ff200
0x000000bf1d9fef60:   0000000000000001 00007ffbceae12b0
0x000000bf1d9fef70:   0000000000000001 00007ffbcdfc2223
0x000000bf1d9fef80:   00007ffb00000001 0000000000000000
0x000000bf1d9fef90:   00007ffb84eb0000 000000007ffe0384
0x000000bf1d9fefa0:   0000000000000000 00007ffbd137ff57
0x000000bf1d9fefb0:   00007ffb84eb0000 0000000000000000
0x000000bf1d9fefc0:   0000000000000001 000000007ffe0385
0x000000bf1d9fefd0:   00007ffbd1470e20 00007ffbc105b2f0
0x000000bf1d9fefe0:   0000b62001d87300 00007ffbc0080000
0x000000bf1d9feff0:   00007ffb84ed3ed0 0000000000000000
0x000000bf1d9ff000:   0000000000000000 000000bf1cdd1000
0x000000bf1d9ff010:   00000272c9e24430 00007ffbd139458a 

Instructions: (pc=0x00007ffb84ed6587)
0x00007ffb84ed6487:   8b 4d 58 e8 8d cf ff ff 48 8b 4d 60 e8 84 cf ff
0x00007ffb84ed6497:   ff 48 8b 95 80 00 00 00 48 8b 8d 18 01 00 00 e8
0x00007ffb84ed64a7:   76 c4 ff ff 33 d2 33 c9 e8 cc e1 ff ff 90 48 89
0x00007ffb84ed64b7:   54 24 10 55 48 83 ec 20 48 8b ea 48 b8 00 00 00
0x00007ffb84ed64c7:   00 00 00 00 00 48 83 c4 20 5d c3 cc 40 55 48 8b
0x00007ffb84ed64d7:   ea 48 8b 01 33 c9 81 38 05 00 00 c0 0f 94 c1 8b
0x00007ffb84ed64e7:   c1 5d c3 cc 40 55 48 83 ec 20 48 8b ea 8a 4d 40
0x00007ffb84ed64f7:   48 83 c4 20 5d e9 73 d3 ff ff cc 40 55 48 83 ec
0x00007ffb84ed6507:   20 48 8b ea 8a 4d 20 e8 61 d3 ff ff 90 48 83 c4
0x00007ffb84ed6517:   20 5d c3 cc 40 55 48 83 ec 20 48 8b ea 48 83 c4
0x00007ffb84ed6527:   20 5d e9 c2 d1 ff ff cc 40 55 48 83 ec 30 48 8b
0x00007ffb84ed6537:   ea 48 8b 01 8b 10 48 89 4c 24 28 89 54 24 20 4c
0x00007ffb84ed6547:   8d 0d 63 d6 ff ff 4c 8b 45 70 8b 55 68 48 8b 4d
0x00007ffb84ed6557:   60 e8 03 d1 ff ff 90 48 83 c4 30 5d c3 cc cc cc
0x00007ffb84ed6567:   cc cc cc cc cc cc cc cc cc 40 53 48 83 ec 20 48
0x00007ffb84ed6577:   8b 1d 8b 34 01 00 48 85 db 74 16 e8 89 8f ff ff
0x00007ffb84ed6587:   4c 8b 00 48 8b d3 48 8b c8 41 ff 90 b0 00 00 00
0x00007ffb84ed6597:   90 48 83 c4 20 5b c3 cc cc 40 53 48 83 ec 20 48
0x00007ffb84ed65a7:   8b 1d fb 35 01 00 48 85 db 74 57 b8 ff ff ff ff
0x00007ffb84ed65b7:   f0 0f c1 43 10 83 f8 01 75 3d 48 85 db 74 38 48
0x00007ffb84ed65c7:   8b 0b 48 85 c9 74 0d ff 15 d4 0c 00 00 48 c7 03
0x00007ffb84ed65d7:   00 00 00 00 48 8b 4b 08 48 85 c9 74 0d e8 33 ce
0x00007ffb84ed65e7:   ff ff 48 c7 43 08 00 00 00 00 ba 18 00 00 00 48
0x00007ffb84ed65f7:   8b cb e8 1e ce ff ff 48 c7 05 9f 35 01 00 00 00
0x00007ffb84ed6607:   00 00 48 83 c4 20 5b c3 cc 40 53 48 83 ec 20 48
0x00007ffb84ed6617:   8b 1d 6b 35 01 00 48 85 db 74 57 b8 ff ff ff ff
0x00007ffb84ed6627:   f0 0f c1 43 10 83 f8 01 75 3d 48 85 db 74 38 48
0x00007ffb84ed6637:   8b 0b 48 85 c9 74 0d ff 15 64 0c 00 00 48 c7 03
0x00007ffb84ed6647:   00 00 00 00 48 8b 4b 08 48 85 c9 74 0d e8 c3 cd
0x00007ffb84ed6657:   ff ff 48 c7 43 08 00 00 00 00 ba 18 00 00 00 48
0x00007ffb84ed6667:   8b cb e8 ae cd ff ff 48 c7 05 0f 35 01 00 00 00
0x00007ffb84ed6677:   00 00 48 83 c4 20 5b c3 cc 40 53 48 83 ec 20 48 


Stack slot to memory mapping:

stack at sp + 0 slots: 0x0 is null
stack at sp + 1 slots: 0x00000272c9e76490 points into unknown readable memory: 0x39e80fa3774f15dd | dd 15 4f 77 a3 0f e8 39
stack at sp + 2 slots: 0x00007ffb372f5410 jvm.dll
stack at sp + 3 slots: 0x00007ffb84ed3ed0 glass.dll
stack at sp + 4 slots: 0x00000272c9e76498 points into unknown readable memory: 0x00000fa308b49130 | 30 91 b4 08 a3 0f 00 00
stack at sp + 5 slots: 0x00007ffbce9fbea0 ucrtbase.dll
stack at sp + 6 slots: 0x00000fa308b49130 is an unknown value
stack at sp + 7 slots: 0x0000027200000000 is an unknown value

VM_Operation (0x000000bf1cfff1b0): Exit, mode: safepoint, requested by thread 0x00000272ca801f50


---------------  P R O C E S S  ---------------

Threads class SMR info:
_java_thread_list=0x00000272ca9eb8a0, length=19, elements={
0x00000272e42d05b0, 0x00000272fe706c50, 0x00000272fe707b70, 0x00000272fe70cc30,
0x00000272fe70d690, 0x00000272fe716100, 0x00000272fe71c4d0, 0x00000272fe72b840,
0x00000272c9192da0, 0x00000272c9195b90, 0x00000272c9193ac0, 0x00000272c9193430,
0x00000272c9196220, 0x00000272c9194150, 0x00000272c91947e0, 0x00000272c9194e70,
0x00000272ca7ffe80, 0x00000272ca803990, 0x00000272ca801f50
}

Java Threads: ( => current thread )
  0x00000272e42d05b0 JavaThread "main"                              [_thread_blocked, id=5724, stack(0x000000bf1d200000,0x000000bf1d300000) (1024K)]
  0x00000272fe706c50 JavaThread "Reference Handler"          daemon [_thread_blocked, id=16104, stack(0x000000bf1da00000,0x000000bf1db00000) (1024K)]
  0x00000272fe707b70 JavaThread "Finalizer"                  daemon [_thread_blocked, id=10920, stack(0x000000bf1db00000,0x000000bf1dc00000) (1024K)]
  0x00000272fe70cc30 JavaThread "Attach Listener"            daemon [_thread_blocked, id=17012, stack(0x000000bf1dd00000,0x000000bf1de00000) (1024K)]
  0x00000272fe70d690 JavaThread "Service Thread"             daemon [_thread_blocked, id=17292, stack(0x000000bf1de00000,0x000000bf1df00000) (1024K)]
  0x00000272fe716100 JavaThread "Monitor Deflation Thread"   daemon [_thread_blocked, id=4912, stack(0x000000bf1df00000,0x000000bf1e000000) (1024K)]
  0x00000272fe71c4d0 JavaThread "C2 CompilerThread0"         daemon [_thread_blocked, id=11024, stack(0x000000bf1e000000,0x000000bf1e100000) (1024K)]
  0x00000272fe72b840 JavaThread "C1 CompilerThread0"         daemon [_thread_blocked, id=1644, stack(0x000000bf1e100000,0x000000bf1e200000) (1024K)]
  0x00000272c9192da0 JavaThread "Common-Cleaner"             daemon [_thread_blocked, id=14008, stack(0x000000bf1e200000,0x000000bf1e300000) (1024K)]
  0x00000272c9195b90 JavaThread "Monitor Ctrl-Break"         daemon [_thread_in_native, id=15496, stack(0x000000bf1e400000,0x000000bf1e500000) (1024K)]
  0x00000272c9193ac0 JavaThread "Notification Thread"        daemon [_thread_blocked, id=12660, stack(0x000000bf1e500000,0x000000bf1e600000) (1024K)]
  0x00000272c9193430 JavaThread "QuantumRenderer-0"          daemon [_thread_blocked, id=11240, stack(0x000000bf1e900000,0x000000bf1ea00000) (1024K)]
  0x00000272c9196220 JavaThread "InvokeLaterDispatcher"      daemon [_thread_blocked, id=10208, stack(0x000000bf1ea00000,0x000000bf1eb00000) (1024K)]
  0x00000272c9194150 JavaThread "JavaFX Application Thread"         [_thread_in_native, id=16604, stack(0x000000bf1eb00000,0x000000bf1ec00000) (1024K)]
  0x00000272c91947e0 JavaThread "Thread-1"                   daemon [_thread_in_native, id=10836, stack(0x000000bf1ef00000,0x000000bf1f000000) (1024K)]
  0x00000272c9194e70 JavaThread "JavaFX-Launcher"                   [_thread_blocked, id=10704, stack(0x000000bf1f000000,0x000000bf1f100000) (1024K)]
  0x00000272ca7ffe80 JavaThread "Prism Font Disposer"        daemon [_thread_blocked, id=13836, stack(0x000000bf1f400000,0x000000bf1f500000) (1024K)]
  0x00000272ca803990 JavaThread "Cleaner-0"                  daemon [_thread_blocked, id=16612, stack(0x000000bf1f500000,0x000000bf1f600000) (1024K)]
  0x00000272ca801f50 JavaThread "SIGINT handler"             daemon [_thread_blocked, id=17720, stack(0x000000bf1cf00000,0x000000bf1d000000) (1024K)]
Total: 19

Other Threads:
=>0x00000272fe6e4b90 VMThread "VM Thread"                           [id=4628, stack(0x000000bf1d900000,0x000000bf1da00000) (1024K)]
  0x00000272e63eeac0 WorkerThread "GC Thread#0"                     [id=3432, stack(0x000000bf1d300000,0x000000bf1d400000) (1024K)]
  0x00000272c9608a10 WorkerThread "GC Thread#1"                     [id=14496, stack(0x000000bf1e600000,0x000000bf1e700000) (1024K)]
  0x00000272c9ff5270 WorkerThread "GC Thread#2"                     [id=2564, stack(0x000000bf1e700000,0x000000bf1e800000) (1024K)]
  0x00000272c9f43ae0 WorkerThread "GC Thread#3"                     [id=11488, stack(0x000000bf1e800000,0x000000bf1e900000) (1024K)]
  0x00000272e439ddf0 ConcurrentGCThread "G1 Main Marker"            terminated
  0x00000272e439eaa0 WorkerThread "G1 Conc#0"                       [id=3276, stack(0x000000bf1d500000,0x000000bf1d600000) (1024K)]
  0x00000272fe5a20a0 ConcurrentGCThread "G1 Refine#0"               terminated
  0x00000272fe5a28c0 ConcurrentGCThread "G1 Service"                terminated
Total: 9

Threads with active compile tasks:
Total: 0

VM state: at safepoint (shutting down)

VM Mutex/Monitor currently owned by a thread:  ([mutex/lock_event])
[0x00007ffb372cd9c8] Threads_lock - owner thread: 0x00000272fe6e4b90
[0x00007ffb372cdac8] Heap_lock - owner thread: 0x00000272ca801f50

Heap address: 0x0000000083200000, size: 1998 MB, Compressed Oops mode: 32-bit

CDS archive(s) mapped at: [0x0000027284000000-0x0000027284c90000-0x0000027284c90000), size 13172736, SharedBaseAddress: 0x0000027284000000, ArchiveRelocationMode: 1.
Compressed class space mapped at: 0x0000027285000000-0x00000272c5000000, reserved size: 1073741824
Narrow klass base: 0x0000027284000000, Narrow klass shift: 0, Narrow klass range: 0x100000000

GC Precious Log:
 CardTable entry size: 512
 Card Set container configuration: InlinePtr #cards 5 size 8 Array Of Cards #cards 12 size 40 Howl #buckets 4 coarsen threshold 1843 Howl Bitmap #cards 512 size 80 coarsen threshold 460 Card regions per heap region 1 cards per card region 2048
 CPUs: 4 total, 4 available
 Memory: 7991M
 Large Page Support: Disabled
 NUMA Support: Disabled
 Compressed Oops: Enabled (32-bit)
 Heap Region Size: 1M
 Heap Min Capacity: 8M
 Heap Initial Capacity: 126M
 Heap Max Capacity: 1998M
 Pre-touch: Disabled
 Parallel Workers: 4
 Concurrent Workers: 1
 Concurrent Refinement Workers: 4
 Periodic GC: Disabled

Heap:
 garbage-first heap   total 129024K, used 66232K [0x0000000083200000, 0x0000000100000000)
  region size 1024K, 45 young (46080K), 3 survivors (3072K)
 Metaspace       used 16467K, committed 16768K, reserved 1114112K
  class space    used 2369K, committed 2496K, reserved 1048576K

Heap Regions: E=young(eden), S=young(survivor), O=old, HS=humongous(starts), HC=humongous(continues), CS=collection set, F=free, TAMS=top-at-mark-start, PB=parsable bottom
|   0|0x0000000083200000, 0x0000000083300000, 0x0000000083300000|100%|HS|  |TAMS 0x0000000083200000| PB 0x0000000083200000| Complete 
|   1|0x0000000083300000, 0x0000000083400000, 0x0000000083400000|100%|HC|  |TAMS 0x0000000083300000| PB 0x0000000083300000| Complete 
|   2|0x0000000083400000, 0x0000000083500000, 0x0000000083500000|100%|HC|  |TAMS 0x0000000083400000| PB 0x0000000083400000| Complete 
|   3|0x0000000083500000, 0x0000000083600000, 0x0000000083600000|100%|HC|  |TAMS 0x0000000083500000| PB 0x0000000083500000| Complete 
|   4|0x0000000083600000, 0x0000000083700000, 0x0000000083700000|100%|HC|  |TAMS 0x0000000083600000| PB 0x0000000083600000| Complete 
|   5|0x0000000083700000, 0x0000000083800000, 0x0000000083800000|100%|HC|  |TAMS 0x0000000083700000| PB 0x0000000083700000| Complete 
|   6|0x0000000083800000, 0x0000000083900000, 0x0000000083900000|100%| O|  |TAMS 0x0000000083800000| PB 0x0000000083800000| Untracked 
|   7|0x0000000083900000, 0x00000000839dda50, 0x0000000083a00000| 86%| O|  |TAMS 0x0000000083900000| PB 0x0000000083900000| Untracked 
|   8|0x0000000083a00000, 0x0000000083b00000, 0x0000000083b00000|100%|HS|  |TAMS 0x0000000083a00000| PB 0x0000000083a00000| Complete 
|   9|0x0000000083b00000, 0x0000000083c00000, 0x0000000083c00000|100%|HC|  |TAMS 0x0000000083b00000| PB 0x0000000083b00000| Complete 
|  10|0x0000000083c00000, 0x0000000083d00000, 0x0000000083d00000|100%|HS|  |TAMS 0x0000000083c00000| PB 0x0000000083c00000| Complete 
|  11|0x0000000083d00000, 0x0000000083e00000, 0x0000000083e00000|100%|HC|  |TAMS 0x0000000083d00000| PB 0x0000000083d00000| Complete 
|  12|0x0000000083e00000, 0x0000000083f00000, 0x0000000083f00000|100%|HC|  |TAMS 0x0000000083e00000| PB 0x0000000083e00000| Complete 
|  13|0x0000000083f00000, 0x0000000084000000, 0x0000000084000000|100%|HC|  |TAMS 0x0000000083f00000| PB 0x0000000083f00000| Complete 
|  14|0x0000000084000000, 0x0000000084100000, 0x0000000084100000|100%|HC|  |TAMS 0x0000000084000000| PB 0x0000000084000000| Complete 
|  15|0x0000000084100000, 0x0000000084200000, 0x0000000084200000|100%|HC|  |TAMS 0x0000000084100000| PB 0x0000000084100000| Complete 
|  16|0x0000000084200000, 0x0000000084300000, 0x0000000084300000|100%|HS|  |TAMS 0x0000000084200000| PB 0x0000000084200000| Complete 
|  17|0x0000000084300000, 0x0000000084400000, 0x0000000084400000|100%|HC|  |TAMS 0x0000000084300000| PB 0x0000000084300000| Complete 
|  18|0x0000000084400000, 0x0000000084500000, 0x0000000084500000|100%|HC|  |TAMS 0x0000000084400000| PB 0x0000000084400000| Complete 
|  19|0x0000000084500000, 0x0000000084600000, 0x0000000084600000|100%|HC|  |TAMS 0x0000000084500000| PB 0x0000000084500000| Complete 
|  20|0x0000000084600000, 0x0000000084700000, 0x0000000084700000|100%|HC|  |TAMS 0x0000000084600000| PB 0x0000000084600000| Complete 
|  21|0x0000000084700000, 0x0000000084800000, 0x0000000084800000|100%|HC|  |TAMS 0x0000000084700000| PB 0x0000000084700000| Complete 
|  22|0x0000000084800000, 0x0000000084800000, 0x0000000084900000|  0%| F|  |TAMS 0x0000000084800000| PB 0x0000000084800000| Untracked 
|  23|0x0000000084900000, 0x0000000084900000, 0x0000000084a00000|  0%| F|  |TAMS 0x0000000084900000| PB 0x0000000084900000| Untracked 
|  24|0x0000000084a00000, 0x0000000084a00000, 0x0000000084b00000|  0%| F|  |TAMS 0x0000000084a00000| PB 0x0000000084a00000| Untracked 
|  25|0x0000000084b00000, 0x0000000084b00000, 0x0000000084c00000|  0%| F|  |TAMS 0x0000000084b00000| PB 0x0000000084b00000| Untracked 
|  26|0x0000000084c00000, 0x0000000084c00000, 0x0000000084d00000|  0%| F|  |TAMS 0x0000000084c00000| PB 0x0000000084c00000| Untracked 
|  27|0x0000000084d00000, 0x0000000084d00000, 0x0000000084e00000|  0%| F|  |TAMS 0x0000000084d00000| PB 0x0000000084d00000| Untracked 
|  28|0x0000000084e00000, 0x0000000084e00000, 0x0000000084f00000|  0%| F|  |TAMS 0x0000000084e00000| PB 0x0000000084e00000| Untracked 
|  29|0x0000000084f00000, 0x0000000084f00000, 0x0000000085000000|  0%| F|  |TAMS 0x0000000084f00000| PB 0x0000000084f00000| Untracked 
|  30|0x0000000085000000, 0x0000000085000000, 0x0000000085100000|  0%| F|  |TAMS 0x0000000085000000| PB 0x0000000085000000| Untracked 
|  31|0x0000000085100000, 0x0000000085100000, 0x0000000085200000|  0%| F|  |TAMS 0x0000000085100000| PB 0x0000000085100000| Untracked 
|  32|0x0000000085200000, 0x0000000085200000, 0x0000000085300000|  0%| F|  |TAMS 0x0000000085200000| PB 0x0000000085200000| Untracked 
|  33|0x0000000085300000, 0x0000000085300000, 0x0000000085400000|  0%| F|  |TAMS 0x0000000085300000| PB 0x0000000085300000| Untracked 
|  34|0x0000000085400000, 0x0000000085400000, 0x0000000085500000|  0%| F|  |TAMS 0x0000000085400000| PB 0x0000000085400000| Untracked 
|  35|0x0000000085500000, 0x0000000085500000, 0x0000000085600000|  0%| F|  |TAMS 0x0000000085500000| PB 0x0000000085500000| Untracked 
|  36|0x0000000085600000, 0x0000000085600000, 0x0000000085700000|  0%| F|  |TAMS 0x0000000085600000| PB 0x0000000085600000| Untracked 
|  37|0x0000000085700000, 0x0000000085700000, 0x0000000085800000|  0%| F|  |TAMS 0x0000000085700000| PB 0x0000000085700000| Untracked 
|  38|0x0000000085800000, 0x0000000085800000, 0x0000000085900000|  0%| F|  |TAMS 0x0000000085800000| PB 0x0000000085800000| Untracked 
|  39|0x0000000085900000, 0x0000000085900000, 0x0000000085a00000|  0%| F|  |TAMS 0x0000000085900000| PB 0x0000000085900000| Untracked 
|  40|0x0000000085a00000, 0x0000000085a00000, 0x0000000085b00000|  0%| F|  |TAMS 0x0000000085a00000| PB 0x0000000085a00000| Untracked 
|  41|0x0000000085b00000, 0x0000000085b00000, 0x0000000085c00000|  0%| F|  |TAMS 0x0000000085b00000| PB 0x0000000085b00000| Untracked 
|  42|0x0000000085c00000, 0x0000000085c00000, 0x0000000085d00000|  0%| F|  |TAMS 0x0000000085c00000| PB 0x0000000085c00000| Untracked 
|  43|0x0000000085d00000, 0x0000000085d00000, 0x0000000085e00000|  0%| F|  |TAMS 0x0000000085d00000| PB 0x0000000085d00000| Untracked 
|  44|0x0000000085e00000, 0x0000000085e00000, 0x0000000085f00000|  0%| F|  |TAMS 0x0000000085e00000| PB 0x0000000085e00000| Untracked 
|  45|0x0000000085f00000, 0x0000000085f00000, 0x0000000086000000|  0%| F|  |TAMS 0x0000000085f00000| PB 0x0000000085f00000| Untracked 
|  46|0x0000000086000000, 0x0000000086000000, 0x0000000086100000|  0%| F|  |TAMS 0x0000000086000000| PB 0x0000000086000000| Untracked 
|  47|0x0000000086100000, 0x0000000086100000, 0x0000000086200000|  0%| F|  |TAMS 0x0000000086100000| PB 0x0000000086100000| Untracked 
|  48|0x0000000086200000, 0x0000000086200000, 0x0000000086300000|  0%| F|  |TAMS 0x0000000086200000| PB 0x0000000086200000| Untracked 
|  49|0x0000000086300000, 0x0000000086300000, 0x0000000086400000|  0%| F|  |TAMS 0x0000000086300000| PB 0x0000000086300000| Untracked 
|  50|0x0000000086400000, 0x0000000086400000, 0x0000000086500000|  0%| F|  |TAMS 0x0000000086400000| PB 0x0000000086400000| Untracked 
|  51|0x0000000086500000, 0x0000000086500000, 0x0000000086600000|  0%| F|  |TAMS 0x0000000086500000| PB 0x0000000086500000| Untracked 
|  52|0x0000000086600000, 0x0000000086600000, 0x0000000086700000|  0%| F|  |TAMS 0x0000000086600000| PB 0x0000000086600000| Untracked 
|  53|0x0000000086700000, 0x0000000086700000, 0x0000000086800000|  0%| F|  |TAMS 0x0000000086700000| PB 0x0000000086700000| Untracked 
|  54|0x0000000086800000, 0x0000000086800000, 0x0000000086900000|  0%| F|  |TAMS 0x0000000086800000| PB 0x0000000086800000| Untracked 
|  55|0x0000000086900000, 0x0000000086900000, 0x0000000086a00000|  0%| F|  |TAMS 0x0000000086900000| PB 0x0000000086900000| Untracked 
|  56|0x0000000086a00000, 0x0000000086a00000, 0x0000000086b00000|  0%| F|  |TAMS 0x0000000086a00000| PB 0x0000000086a00000| Untracked 
|  57|0x0000000086b00000, 0x0000000086b00000, 0x0000000086c00000|  0%| F|  |TAMS 0x0000000086b00000| PB 0x0000000086b00000| Untracked 
|  58|0x0000000086c00000, 0x0000000086c00000, 0x0000000086d00000|  0%| F|  |TAMS 0x0000000086c00000| PB 0x0000000086c00000| Untracked 
|  59|0x0000000086d00000, 0x0000000086d00000, 0x0000000086e00000|  0%| F|  |TAMS 0x0000000086d00000| PB 0x0000000086d00000| Untracked 
|  60|0x0000000086e00000, 0x0000000086e00000, 0x0000000086f00000|  0%| F|  |TAMS 0x0000000086e00000| PB 0x0000000086e00000| Untracked 
|  61|0x0000000086f00000, 0x0000000086f00000, 0x0000000087000000|  0%| F|  |TAMS 0x0000000086f00000| PB 0x0000000086f00000| Untracked 
|  62|0x0000000087000000, 0x0000000087000000, 0x0000000087100000|  0%| F|  |TAMS 0x0000000087000000| PB 0x0000000087000000| Untracked 
|  63|0x0000000087100000, 0x0000000087100000, 0x0000000087200000|  0%| F|  |TAMS 0x0000000087100000| PB 0x0000000087100000| Untracked 
|  64|0x0000000087200000, 0x0000000087200000, 0x0000000087300000|  0%| F|  |TAMS 0x0000000087200000| PB 0x0000000087200000| Untracked 
|  65|0x0000000087300000, 0x0000000087300000, 0x0000000087400000|  0%| F|  |TAMS 0x0000000087300000| PB 0x0000000087300000| Untracked 
|  66|0x0000000087400000, 0x0000000087400000, 0x0000000087500000|  0%| F|  |TAMS 0x0000000087400000| PB 0x0000000087400000| Untracked 
|  67|0x0000000087500000, 0x0000000087500000, 0x0000000087600000|  0%| F|  |TAMS 0x0000000087500000| PB 0x0000000087500000| Untracked 
|  68|0x0000000087600000, 0x0000000087600000, 0x0000000087700000|  0%| F|  |TAMS 0x0000000087600000| PB 0x0000000087600000| Untracked 
|  69|0x0000000087700000, 0x0000000087700000, 0x0000000087800000|  0%| F|  |TAMS 0x0000000087700000| PB 0x0000000087700000| Untracked 
|  70|0x0000000087800000, 0x0000000087800000, 0x0000000087900000|  0%| F|  |TAMS 0x0000000087800000| PB 0x0000000087800000| Untracked 
|  71|0x0000000087900000, 0x0000000087900000, 0x0000000087a00000|  0%| F|  |TAMS 0x0000000087900000| PB 0x0000000087900000| Untracked 
|  72|0x0000000087a00000, 0x0000000087a00000, 0x0000000087b00000|  0%| F|  |TAMS 0x0000000087a00000| PB 0x0000000087a00000| Untracked 
|  73|0x0000000087b00000, 0x0000000087b00000, 0x0000000087c00000|  0%| F|  |TAMS 0x0000000087b00000| PB 0x0000000087b00000| Untracked 
|  74|0x0000000087c00000, 0x0000000087c00000, 0x0000000087d00000|  0%| F|  |TAMS 0x0000000087c00000| PB 0x0000000087c00000| Untracked 
|  75|0x0000000087d00000, 0x0000000087d00000, 0x0000000087e00000|  0%| F|  |TAMS 0x0000000087d00000| PB 0x0000000087d00000| Untracked 
|  76|0x0000000087e00000, 0x0000000087e00000, 0x0000000087f00000|  0%| F|  |TAMS 0x0000000087e00000| PB 0x0000000087e00000| Untracked 
|  77|0x0000000087f00000, 0x0000000087f00000, 0x0000000088000000|  0%| F|  |TAMS 0x0000000087f00000| PB 0x0000000087f00000| Untracked 
|  78|0x0000000088000000, 0x0000000088000000, 0x0000000088100000|  0%| F|  |TAMS 0x0000000088000000| PB 0x0000000088000000| Untracked 
|  79|0x0000000088100000, 0x0000000088100000, 0x0000000088200000|  0%| F|  |TAMS 0x0000000088100000| PB 0x0000000088100000| Untracked 
|  80|0x0000000088200000, 0x0000000088200000, 0x0000000088300000|  0%| F|  |TAMS 0x0000000088200000| PB 0x0000000088200000| Untracked 
|  81|0x0000000088300000, 0x000000008833df20, 0x0000000088400000| 24%| E|  |TAMS 0x0000000088300000| PB 0x0000000088300000| Complete 
|  82|0x0000000088400000, 0x0000000088500000, 0x0000000088500000|100%| E|CS|TAMS 0x0000000088400000| PB 0x0000000088400000| Complete 
|  83|0x0000000088500000, 0x0000000088600000, 0x0000000088600000|100%| E|CS|TAMS 0x0000000088500000| PB 0x0000000088500000| Complete 
|  84|0x0000000088600000, 0x0000000088700000, 0x0000000088700000|100%| E|CS|TAMS 0x0000000088600000| PB 0x0000000088600000| Complete 
|  85|0x0000000088700000, 0x0000000088800000, 0x0000000088800000|100%| E|CS|TAMS 0x0000000088700000| PB 0x0000000088700000| Complete 
|  86|0x0000000088800000, 0x0000000088900000, 0x0000000088900000|100%| E|CS|TAMS 0x0000000088800000| PB 0x0000000088800000| Complete 
|  87|0x0000000088900000, 0x0000000088a00000, 0x0000000088a00000|100%| E|CS|TAMS 0x0000000088900000| PB 0x0000000088900000| Complete 
|  88|0x0000000088a00000, 0x0000000088b00000, 0x0000000088b00000|100%| E|CS|TAMS 0x0000000088a00000| PB 0x0000000088a00000| Complete 
|  89|0x0000000088b00000, 0x0000000088c00000, 0x0000000088c00000|100%| E|CS|TAMS 0x0000000088b00000| PB 0x0000000088b00000| Complete 
|  90|0x0000000088c00000, 0x0000000088cfffa0, 0x0000000088d00000| 99%| E|  |TAMS 0x0000000088c00000| PB 0x0000000088c00000| Complete 
|  91|0x0000000088d00000, 0x0000000088e00000, 0x0000000088e00000|100%| E|CS|TAMS 0x0000000088d00000| PB 0x0000000088d00000| Complete 
|  92|0x0000000088e00000, 0x0000000088f00000, 0x0000000088f00000|100%| E|CS|TAMS 0x0000000088e00000| PB 0x0000000088e00000| Complete 
|  93|0x0000000088f00000, 0x0000000089000000, 0x0000000089000000|100%| E|CS|TAMS 0x0000000088f00000| PB 0x0000000088f00000| Complete 
|  94|0x0000000089000000, 0x0000000089100000, 0x0000000089100000|100%| E|CS|TAMS 0x0000000089000000| PB 0x0000000089000000| Complete 
|  95|0x0000000089100000, 0x0000000089200000, 0x0000000089200000|100%| E|CS|TAMS 0x0000000089100000| PB 0x0000000089100000| Complete 
|  96|0x0000000089200000, 0x0000000089300000, 0x0000000089300000|100%| E|CS|TAMS 0x0000000089200000| PB 0x0000000089200000| Complete 
|  97|0x0000000089300000, 0x0000000089400000, 0x0000000089400000|100%| E|CS|TAMS 0x0000000089300000| PB 0x0000000089300000| Complete 
|  98|0x0000000089400000, 0x0000000089500000, 0x0000000089500000|100%| E|CS|TAMS 0x0000000089400000| PB 0x0000000089400000| Complete 
|  99|0x0000000089500000, 0x0000000089600000, 0x0000000089600000|100%| E|CS|TAMS 0x0000000089500000| PB 0x0000000089500000| Complete 
| 100|0x0000000089600000, 0x00000000896d0800, 0x0000000089700000| 81%| S|CS|TAMS 0x0000000089600000| PB 0x0000000089600000| Complete 
| 101|0x0000000089700000, 0x0000000089800000, 0x0000000089800000|100%| S|CS|TAMS 0x0000000089700000| PB 0x0000000089700000| Complete 
| 102|0x0000000089800000, 0x0000000089900000, 0x0000000089900000|100%| S|CS|TAMS 0x0000000089800000| PB 0x0000000089800000| Complete 
| 103|0x0000000089900000, 0x0000000089a00000, 0x0000000089a00000|100%| E|CS|TAMS 0x0000000089900000| PB 0x0000000089900000| Complete 
| 104|0x0000000089a00000, 0x0000000089b00000, 0x0000000089b00000|100%| E|CS|TAMS 0x0000000089a00000| PB 0x0000000089a00000| Complete 
| 105|0x0000000089b00000, 0x0000000089c00000, 0x0000000089c00000|100%| E|CS|TAMS 0x0000000089b00000| PB 0x0000000089b00000| Complete 
| 106|0x0000000089c00000, 0x0000000089d00000, 0x0000000089d00000|100%| E|CS|TAMS 0x0000000089c00000| PB 0x0000000089c00000| Complete 
| 107|0x0000000089d00000, 0x0000000089e00000, 0x0000000089e00000|100%| E|CS|TAMS 0x0000000089d00000| PB 0x0000000089d00000| Complete 
| 108|0x0000000089e00000, 0x0000000089f00000, 0x0000000089f00000|100%| E|CS|TAMS 0x0000000089e00000| PB 0x0000000089e00000| Complete 
| 109|0x0000000089f00000, 0x000000008a000000, 0x000000008a000000|100%| E|CS|TAMS 0x0000000089f00000| PB 0x0000000089f00000| Complete 
| 110|0x000000008a000000, 0x000000008a100000, 0x000000008a100000|100%| E|CS|TAMS 0x000000008a000000| PB 0x000000008a000000| Complete 
| 111|0x000000008a100000, 0x000000008a200000, 0x000000008a200000|100%| E|CS|TAMS 0x000000008a100000| PB 0x000000008a100000| Complete 
| 112|0x000000008a200000, 0x000000008a300000, 0x000000008a300000|100%| E|CS|TAMS 0x000000008a200000| PB 0x000000008a200000| Complete 
| 113|0x000000008a300000, 0x000000008a400000, 0x000000008a400000|100%| E|CS|TAMS 0x000000008a300000| PB 0x000000008a300000| Complete 
| 114|0x000000008a400000, 0x000000008a500000, 0x000000008a500000|100%| E|CS|TAMS 0x000000008a400000| PB 0x000000008a400000| Complete 
| 115|0x000000008a500000, 0x000000008a600000, 0x000000008a600000|100%| E|CS|TAMS 0x000000008a500000| PB 0x000000008a500000| Complete 
| 116|0x000000008a600000, 0x000000008a700000, 0x000000008a700000|100%| E|CS|TAMS 0x000000008a600000| PB 0x000000008a600000| Complete 
| 117|0x000000008a700000, 0x000000008a800000, 0x000000008a800000|100%| E|CS|TAMS 0x000000008a700000| PB 0x000000008a700000| Complete 
| 118|0x000000008a800000, 0x000000008a900000, 0x000000008a900000|100%| E|CS|TAMS 0x000000008a800000| PB 0x000000008a800000| Complete 
| 119|0x000000008a900000, 0x000000008aa00000, 0x000000008aa00000|100%| E|CS|TAMS 0x000000008a900000| PB 0x000000008a900000| Complete 
| 120|0x000000008aa00000, 0x000000008ab00000, 0x000000008ab00000|100%| E|CS|TAMS 0x000000008aa00000| PB 0x000000008aa00000| Complete 
| 121|0x000000008ab00000, 0x000000008ac00000, 0x000000008ac00000|100%| E|CS|TAMS 0x000000008ab00000| PB 0x000000008ab00000| Complete 
| 122|0x000000008ac00000, 0x000000008ad00000, 0x000000008ad00000|100%| E|CS|TAMS 0x000000008ac00000| PB 0x000000008ac00000| Complete 
| 123|0x000000008ad00000, 0x000000008ae00000, 0x000000008ae00000|100%| E|CS|TAMS 0x000000008ad00000| PB 0x000000008ad00000| Complete 
| 124|0x000000008ae00000, 0x000000008af00000, 0x000000008af00000|100%| E|CS|TAMS 0x000000008ae00000| PB 0x000000008ae00000| Complete 
| 125|0x000000008af00000, 0x000000008b000000, 0x000000008b000000|100%| E|CS|TAMS 0x000000008af00000| PB 0x000000008af00000| Complete 

Card table byte_map: [0x00000272fde60000,0x00000272fe250000] _byte_map_base: 0x00000272fda47000

Marking Bits: (CMBitMap*) 0x00000272e63ef1c0
 Bits: [0x0000027280000000, 0x0000027281f38000)

Polling page: 0x00000272e4290000

Metaspace:

Usage:
  Non-class:     13.77 MB used.
      Class:      2.31 MB used.
       Both:     16.08 MB used.

Virtual space:
  Non-class space:       64.00 MB reserved,      13.94 MB ( 22%) committed,  1 nodes.
      Class space:        1.00 GB reserved,       2.44 MB ( <1%) committed,  1 nodes.
             Both:        1.06 GB reserved,      16.38 MB (  2%) committed. 

Chunk freelists:
   Non-Class:  1.27 MB
       Class:  13.50 MB
        Both:  14.77 MB

MaxMetaspaceSize: unlimited
CompressedClassSpaceSize: 1.00 GB
Initial GC threshold: 21.00 MB
Current GC threshold: 21.00 MB
CDS: on
 - commit_granule_bytes: 65536.
 - commit_granule_words: 8192.
 - virtual_space_node_default_size: 8388608.
 - enlarge_chunks_in_place: 1.
 - use_allocation_guard: 0.


Internal statistics:

num_allocs_failed_limit: 0.
num_arena_births: 340.
num_arena_deaths: 0.
num_vsnodes_births: 2.
num_vsnodes_deaths: 0.
num_space_committed: 262.
num_space_uncommitted: 0.
num_chunks_returned_to_freelist: 0.
num_chunks_taken_from_freelist: 868.
num_chunk_merges: 0.
num_chunk_splits: 592.
num_chunks_enlarged: 453.
num_inconsistent_stats: 0.

CodeHeap 'non-profiled nmethods': size=120000Kb used=1253Kb max_used=1253Kb free=118747Kb
 bounds [0x00000272f6540000, 0x00000272f67b0000, 0x00000272fda70000]
CodeHeap 'profiled nmethods': size=120000Kb used=6011Kb max_used=6011Kb free=113988Kb
 bounds [0x00000272eea70000, 0x00000272ef050000, 0x00000272f5fa0000]
CodeHeap 'non-nmethods': size=5760Kb used=2038Kb max_used=2076Kb free=3721Kb
 bounds [0x00000272f5fa0000, 0x00000272f6210000, 0x00000272f6540000]
 total_blobs=3936 nmethods=3120 adapters=719
 compilation: enabled
              stopped_count=0, restarted_count=0
 full_count=0

Compilation events (20 events):
Event: 278.375 Thread 0x00000272fe72b840 3114       3       com.sun.javafx.tk.quantum.GlassViewEventHandler::mouseEventButton (60 bytes)
Event: 278.375 Thread 0x00000272fe72b840 nmethod 3114 0x00000272ef04c790 code [0x00000272ef04c960, 0x00000272ef04cc30]
Event: 278.375 Thread 0x00000272fe72b840 3115       3       javafx.scene.Scene$ScenePeerListener::mouseEvent (54 bytes)
Event: 278.376 Thread 0x00000272fe72b840 nmethod 3115 0x00000272ef04cd10 code [0x00000272ef04cee0, 0x00000272ef04d290]
Event: 278.376 Thread 0x00000272fe72b840 3116       3       javafx.scene.Scene::processMouseEvent (10 bytes)
Event: 278.376 Thread 0x00000272fe72b840 nmethod 3116 0x00000272ef04d490 code [0x00000272ef04d640, 0x00000272ef04d790]
Event: 278.376 Thread 0x00000272fe72b840 3117       3       java.util.EnumMap::values (25 bytes)
Event: 278.376 Thread 0x00000272fe72b840 nmethod 3117 0x00000272ef04d890 code [0x00000272ef04da60, 0x00000272ef04dde0]
Event: 278.376 Thread 0x00000272fe72b840 3118       3       java.util.EnumMap$Values::iterator (12 bytes)
Event: 278.377 Thread 0x00000272fe72b840 nmethod 3118 0x00000272ef04df10 code [0x00000272ef04e0c0, 0x00000272ef04e410]
Event: 278.377 Thread 0x00000272fe72b840 3119       3       java.util.EnumMap$ValueIterator::<init> (11 bytes)
Event: 278.377 Thread 0x00000272fe72b840 nmethod 3119 0x00000272ef04e510 code [0x00000272ef04e6c0, 0x00000272ef04e950]
Event: 278.377 Thread 0x00000272fe72b840 3120       3       java.util.EnumMap$EnumMapIterator::<init> (20 bytes)
Event: 278.377 Thread 0x00000272fe72b840 nmethod 3120 0x00000272ef04ea10 code [0x00000272ef04ebc0, 0x00000272ef04ed98]
Event: 278.487 Thread 0x00000272fe71c4d0 3121       4       javafx.scene.Node::getLocalBounds (162 bytes)
Event: 278.509 Thread 0x00000272fe71c4d0 nmethod 3121 0x00000272f6677390 code [0x00000272f6677640, 0x00000272f6677f30]
Event: 278.509 Thread 0x00000272fe71c4d0 3122       4       javafx.scene.Node::getGeomBounds (141 bytes)
Event: 278.520 Thread 0x00000272fe71c4d0 nmethod 3122 0x00000272f6678690 code [0x00000272f66788a0, 0x00000272f6678d58]
Event: 278.529 Thread 0x00000272fe71c4d0 3123       4       com.sun.javafx.geom.PickRay::setOrigin (12 bytes)
Event: 278.530 Thread 0x00000272fe71c4d0 nmethod 3123 0x00000272f6679110 code [0x00000272f66792a0, 0x00000272f6679360]

GC Heap History (4 events):
Event: 0.679 GC heap before
{Heap before GC invocations=0 (full 0):
 garbage-first heap   total 129024K, used 12288K [0x0000000083200000, 0x0000000100000000)
  region size 1024K, 13 young (13312K), 0 survivors (0K)
 Metaspace       used 2398K, committed 2560K, reserved 1114112K
  class space    used 249K, committed 320K, reserved 1048576K
}
Event: 0.683 GC heap after
{Heap after GC invocations=1 (full 0):
 garbage-first heap   total 129024K, used 2048K [0x0000000083200000, 0x0000000100000000)
  region size 1024K, 2 young (2048K), 2 survivors (2048K)
 Metaspace       used 2398K, committed 2560K, reserved 1114112K
  class space    used 249K, committed 320K, reserved 1048576K
}
Event: 1.189 GC heap before
{Heap before GC invocations=1 (full 0):
 garbage-first heap   total 129024K, used 28672K [0x0000000083200000, 0x0000000100000000)
  region size 1024K, 23 young (23552K), 2 survivors (2048K)
 Metaspace       used 8456K, committed 8768K, reserved 1114112K
  class space    used 1083K, committed 1216K, reserved 1048576K
}
Event: 1.193 GC heap after
{Heap after GC invocations=2 (full 0):
 garbage-first heap   total 129024K, used 10936K [0x0000000083200000, 0x0000000100000000)
  region size 1024K, 3 young (3072K), 3 survivors (3072K)
 Metaspace       used 8456K, committed 8768K, reserved 1114112K
  class space    used 1083K, committed 1216K, reserved 1048576K
}

Dll operation events (20 events):
Event: 0.615 Loaded shared library C:\Users\NickS\.openjfx\cache\21-ea+null\amd64\api-ms-win-crt-math-l1-1-0.dll
Event: 0.617 Loaded shared library C:\Users\NickS\.openjfx\cache\21-ea+null\amd64\api-ms-win-crt-multibyte-l1-1-0.dll
Event: 0.621 Loaded shared library C:\Users\NickS\.openjfx\cache\21-ea+null\amd64\api-ms-win-crt-private-l1-1-0.dll
Event: 0.623 Loaded shared library C:\Users\NickS\.openjfx\cache\21-ea+null\amd64\api-ms-win-crt-process-l1-1-0.dll
Event: 0.626 Loaded shared library C:\Users\NickS\.openjfx\cache\21-ea+null\amd64\api-ms-win-crt-runtime-l1-1-0.dll
Event: 0.629 Loaded shared library C:\Users\NickS\.openjfx\cache\21-ea+null\amd64\api-ms-win-crt-stdio-l1-1-0.dll
Event: 0.631 Loaded shared library C:\Users\NickS\.openjfx\cache\21-ea+null\amd64\api-ms-win-crt-string-l1-1-0.dll
Event: 0.635 Loaded shared library C:\Users\NickS\.openjfx\cache\21-ea+null\amd64\api-ms-win-crt-time-l1-1-0.dll
Event: 0.637 Loaded shared library C:\Users\NickS\.openjfx\cache\21-ea+null\amd64\api-ms-win-crt-utility-l1-1-0.dll
Event: 0.655 Loaded shared library C:\Users\NickS\.openjfx\cache\21-ea+null\amd64\ucrtbase.dll
Event: 0.659 Loaded shared library C:\Users\NickS\.openjfx\cache\21-ea+null\amd64\vcruntime140.dll
Event: 0.662 Loaded shared library C:\Users\NickS\.openjfx\cache\21-ea+null\amd64\vcruntime140_1.dll
Event: 0.671 Loaded shared library C:\Users\NickS\.openjfx\cache\21-ea+null\amd64\msvcp140.dll
Event: 0.674 Loaded shared library C:\Users\NickS\.openjfx\cache\21-ea+null\amd64\msvcp140_1.dll
Event: 0.679 Loaded shared library C:\Users\NickS\.openjfx\cache\21-ea+null\amd64\msvcp140_2.dll
Event: 0.730 Loaded shared library C:\Users\NickS\.openjfx\cache\21-ea+null\amd64\prism_d3d.dll
Event: 0.780 Loaded shared library C:\Users\NickS\.openjfx\cache\21-ea+null\amd64\glass.dll
Event: 0.921 Loaded shared library C:\Users\NickS\.jdks\corretto-21.0.1\bin\jimage.dll
Event: 1.140 Loaded shared library C:\Users\NickS\.openjfx\cache\21-ea+null\amd64\javafx_iio.dll
Event: 1.234 Loaded shared library C:\Users\NickS\.openjfx\cache\21-ea+null\amd64\javafx_font.dll

Deoptimization events (20 events):
Event: 10.905 Thread 0x00000272c9193430 DEOPT PACKING pc=0x00000272ef02eadc sp=0x000000bf1e9fe1a0
Event: 10.905 Thread 0x00000272c9193430 DEOPT UNPACKING pc=0x00000272f5ff88e2 sp=0x000000bf1e9fd5f8 mode 0
Event: 10.905 Thread 0x00000272c9193430 DEOPT PACKING pc=0x00000272ef02eadc sp=0x000000bf1e9fe1a0
Event: 10.905 Thread 0x00000272c9193430 DEOPT UNPACKING pc=0x00000272f5ff88e2 sp=0x000000bf1e9fd5f8 mode 0
Event: 10.905 Thread 0x00000272c9193430 DEOPT PACKING pc=0x00000272ef02eb99 sp=0x000000bf1e9fe1a0
Event: 10.905 Thread 0x00000272c9193430 DEOPT UNPACKING pc=0x00000272f5ff88e2 sp=0x000000bf1e9fd608 mode 0
Event: 10.905 Thread 0x00000272c9193430 DEOPT PACKING pc=0x00000272ef02eb99 sp=0x000000bf1e9fe1a0
Event: 10.905 Thread 0x00000272c9193430 DEOPT UNPACKING pc=0x00000272f5ff88e2 sp=0x000000bf1e9fd608 mode 0
Event: 10.905 Thread 0x00000272c9193430 DEOPT PACKING pc=0x00000272ef02eadc sp=0x000000bf1e9fe1a0
Event: 10.905 Thread 0x00000272c9193430 DEOPT UNPACKING pc=0x00000272f5ff88e2 sp=0x000000bf1e9fd5f8 mode 0
Event: 10.905 Thread 0x00000272c9193430 DEOPT PACKING pc=0x00000272eefd2f58 sp=0x000000bf1e9fe2d0
Event: 10.905 Thread 0x00000272c9193430 DEOPT UNPACKING pc=0x00000272f5ff88e2 sp=0x000000bf1e9fd720 mode 0
Event: 10.905 Thread 0x00000272c9193430 DEOPT PACKING pc=0x00000272ef02eadc sp=0x000000bf1e9fe0f0
Event: 10.905 Thread 0x00000272c9193430 DEOPT UNPACKING pc=0x00000272f5ff88e2 sp=0x000000bf1e9fd548 mode 0
Event: 10.906 Thread 0x00000272c9193430 DEOPT PACKING pc=0x00000272ef02eadc sp=0x000000bf1e9fe0f0
Event: 10.906 Thread 0x00000272c9193430 DEOPT UNPACKING pc=0x00000272f5ff88e2 sp=0x000000bf1e9fd548 mode 0
Event: 278.819 Thread 0x00000272c9194150 Uncommon trap: trap_request=0xffffffc6 fr.pc=0x00000272f65e7b90 relative=0x0000000000000210
Event: 278.819 Thread 0x00000272c9194150 Uncommon trap: reason=bimorphic_or_optimized_type_check action=maybe_recompile pc=0x00000272f65e7b90 method=java.util.Collections$UnmodifiableCollection$1.next()Ljava/lang/Object; @ 4 c2
Event: 278.819 Thread 0x00000272c9194150 DEOPT PACKING pc=0x00000272f65e7b90 sp=0x000000bf1ebf8b10
Event: 278.819 Thread 0x00000272c9194150 DEOPT UNPACKING pc=0x00000272f5ff7da2 sp=0x000000bf1ebf8ab0 mode 2

Classes loaded (20 events):
Event: 1.883 Loading class java/nio/ShortBuffer
Event: 1.884 Loading class java/nio/ShortBuffer done
Event: 1.884 Loading class java/nio/DoubleBuffer
Event: 1.884 Loading class java/nio/DoubleBuffer done
Event: 1.885 Loading class java/nio/DirectFloatBufferU
Event: 1.885 Loading class java/nio/DirectFloatBufferU done
Event: 1.894 Loading class jdk/internal/ref/CleanerImpl$InnocuousThreadFactory
Event: 1.894 Loading class jdk/internal/ref/CleanerImpl$InnocuousThreadFactory done
Event: 1.901 Loading class sun/misc/Unsafe
Event: 1.901 Loading class sun/misc/Unsafe done
Event: 1.901 Loading class java/lang/invoke/DirectMethodHandle$StaticAccessor
Event: 1.901 Loading class java/lang/invoke/DirectMethodHandle$StaticAccessor done
Event: 1.932 Loading class java/lang/FdLibm$Atan2
Event: 1.933 Loading class java/lang/FdLibm$Atan2 done
Event: 2.327 Loading class java/io/UnsupportedEncodingException
Event: 2.327 Loading class java/io/UnsupportedEncodingException done
Event: 10.815 Loading class java/io/CharArrayReader
Event: 10.815 Loading class java/io/CharArrayReader done
Event: 446.667 Loading class jdk/internal/misc/Signal$1
Event: 446.668 Loading class jdk/internal/misc/Signal$1 done

Classes unloaded (0 events):
No events

Classes redefined (0 events):
No events

Internal exceptions (20 events):
Event: 1.209 Thread 0x00000272c9194150 Exception <a 'java/lang/ClassNotFoundException'{0x000000008affe3e0}: com/sun/glass/ui/win/themes_ru> (0x000000008affe3e0) 
thrown [s\src\hotspot\share\prims\jni.cpp, line 539]
Event: 1.209 Thread 0x00000272c9194150 Exception <a 'java/lang/ClassNotFoundException'{0x000000008afff200}: com/sun/glass/ui/win/themes_ru_RU> (0x000000008afff200) 
thrown [s\src\hotspot\share\prims\jni.cpp, line 539]
Event: 1.329 Thread 0x00000272c9194150 Exception <a 'java/lang/NoSuchMethodError'{0x000000008a83c800}: 'void java.lang.invoke.DirectMethodHandle$Holder.invokeStaticInit(java.lang.Object, java.lang.Object)'> (0x000000008a83c800) 
thrown [s\src\hotspot\share\interpreter\linkResolver.cpp, line 773]
Event: 1.347 Thread 0x00000272c9194150 Exception <a 'sun/nio/fs/WindowsException'{0x000000008a734960}> (0x000000008a734960) 
thrown [s\src\hotspot\share\prims\jni.cpp, line 520]
Event: 1.480 Thread 0x00000272c9194150 Exception <a 'sun/nio/fs/WindowsException'{0x000000008a35ea68}> (0x000000008a35ea68) 
thrown [s\src\hotspot\share\prims\jni.cpp, line 520]
Event: 1.488 Thread 0x00000272c9194150 Implicit null exception at 0x00000272f6564cc9 to 0x00000272f6564ff0
Event: 1.494 Thread 0x00000272c9194150 Implicit null exception at 0x00000272f65bc001 to 0x00000272f65bc4dc
Event: 1.504 Thread 0x00000272c9194150 Implicit null exception at 0x00000272f65b9001 to 0x00000272f65b94d8
Event: 1.597 Thread 0x00000272c9194150 Exception <a 'java/lang/IncompatibleClassChangeError'{0x0000000089c77638}: Found class java.lang.Object, but interface was expected> (0x0000000089c77638) 
thrown [s\src\hotspot\share\interpreter\linkResolver.cpp, line 840]
Event: 1.651 Thread 0x00000272c9194150 Exception <a 'java/lang/ClassNotFoundException'{0x0000000089aff838}: com/sun/javafx/scene/control/skin/resources/controls> (0x0000000089aff838) 
thrown [s\src\hotspot\share\prims\jni.cpp, line 539]
Event: 1.652 Thread 0x00000272c9194150 Exception <a 'java/lang/ClassNotFoundException'{0x0000000089911c88}: com/sun/javafx/scene/control/skin/resources/controls_ru> (0x0000000089911c88) 
thrown [s\src\hotspot\share\prims\jni.cpp, line 539]
Event: 1.654 Thread 0x00000272c9194150 Exception <a 'java/lang/ClassNotFoundException'{0x0000000089912c30}: com/sun/javafx/scene/control/skin/resources/controls_ru_RU> (0x0000000089912c30) 
thrown [s\src\hotspot\share\prims\jni.cpp, line 539]
Event: 1.700 Thread 0x00000272c9194150 Exception <a 'java/lang/NoSuchMethodError'{0x00000000895f23a0}: 'void java.lang.invoke.DirectMethodHandle$Holder.invokeSpecial(java.lang.Object, java.lang.Object, java.lang.Object, java.lang.Object, java.lang.Object, java.lang.Object)'> (0x00000000895f23a0) 
thrown [s\src\hotspot\share\interpreter\linkResolver.cpp, line 773]
Event: 1.788 Thread 0x00000272c9194150 Exception <a 'java/lang/NoSuchMethodError'{0x00000000890b4870}: 'int java.lang.invoke.DirectMethodHandle$Holder.invokeSpecial(java.lang.Object, java.lang.Object, int)'> (0x00000000890b4870) 
thrown [s\src\hotspot\share\interpreter\linkResolver.cpp, line 773]
Event: 1.799 Thread 0x00000272c9194150 Exception <a 'java/lang/NoSuchMethodError'{0x00000000890eee90}: 'java.lang.Object java.lang.invoke.DirectMethodHandle$Holder.newInvokeSpecial(java.lang.Object, java.lang.Object, int)'> (0x00000000890eee90) 
thrown [s\src\hotspot\share\interpreter\linkResolver.cpp, line 773]
Event: 1.837 Thread 0x00000272c9193430 Exception <a 'java/lang/NoSuchMethodError'{0x0000000088fa72e8}: 'int java.lang.invoke.DirectMethodHandle$Holder.invokeStaticInit(java.lang.Object, java.lang.Object)'> (0x0000000088fa72e8) 
thrown [s\src\hotspot\share\interpreter\linkResolver.cpp, line 773]
Event: 1.847 Thread 0x00000272c9194150 Exception <a 'java/lang/NoSuchMethodError'{0x0000000088fcb608}: 'long java.lang.invoke.DirectMethodHandle$Holder.invokeStatic(java.lang.Object, java.lang.Object, java.lang.Object)'> (0x0000000088fcb608) 
thrown [s\src\hotspot\share\interpreter\linkResolver.cpp, line 773]
Event: 1.847 Thread 0x00000272c9194150 Exception <a 'java/lang/NoSuchMethodError'{0x0000000088fce9d8}: 'long java.lang.invoke.DirectMethodHandle$Holder.invokeStaticInit(java.lang.Object, java.lang.Object, java.lang.Object)'> (0x0000000088fce9d8) 
thrown [s\src\hotspot\share\interpreter\linkResolver.cpp, line 773]
Event: 1.849 Thread 0x00000272c9194150 Exception <a 'java/lang/NoSuchMethodError'{0x0000000088fe2fd0}: 'java.lang.Object java.lang.invoke.DirectMethodHandle$Holder.newInvokeSpecial(java.lang.Object, java.lang.Object, long)'> (0x0000000088fe2fd0) 
thrown [s\src\hotspot\share\interpreter\linkResolver.cpp, line 773]
Event: 1.849 Thread 0x00000272c9194150 Exception <a 'java/lang/NoSuchMethodError'{0x0000000088fe68c8}: 'java.lang.Object java.lang.invoke.Invokers$Holder.linkToTargetMethod(java.lang.Object, long, java.lang.Object)'> (0x0000000088fe68c8) 
thrown [s\src\hotspot\share\interpreter\linkResolver.cpp, line 773]

ZGC Phase Switch (0 events):
No events

VM Operations (20 events):
Event: 7.555 Executing VM operation: Cleanup done
Event: 8.555 Executing VM operation: Cleanup
Event: 8.555 Executing VM operation: Cleanup done
Event: 10.555 Executing VM operation: Cleanup
Event: 10.555 Executing VM operation: Cleanup done
Event: 11.556 Executing VM operation: Cleanup
Event: 11.556 Executing VM operation: Cleanup done
Event: 12.556 Executing VM operation: Cleanup
Event: 12.557 Executing VM operation: Cleanup done
Event: 17.559 Executing VM operation: Cleanup
Event: 17.559 Executing VM operation: Cleanup done
Event: 18.559 Executing VM operation: Cleanup
Event: 18.559 Executing VM operation: Cleanup done
Event: 60.218 Executing VM operation: HandshakeAllThreads (HandshakeForDeflation)
Event: 60.218 Executing VM operation: HandshakeAllThreads (HandshakeForDeflation) done
Event: 60.218 Executing VM operation: RendezvousGCThreads
Event: 60.218 Executing VM operation: RendezvousGCThreads done
Event: 278.534 Executing VM operation: Cleanup
Event: 278.534 Executing VM operation: Cleanup done
Event: 446.674 Executing VM operation: Exit

Events (20 events):
Event: 0.307 Thread 0x00000272c9195b90 Thread added: 0x00000272c9195b90
Event: 0.307 Thread 0x00000272c9193ac0 Thread added: 0x00000272c9193ac0
Event: 0.720 Thread 0x00000272c9193430 Thread added: 0x00000272c9193430
Event: 0.786 Thread 0x00000272c9196220 Thread added: 0x00000272c9196220
Event: 0.791 Thread 0x00000272c9194150 Thread added: 0x00000272c9194150
Event: 0.877 Thread 0x00000272c91947e0 Thread added: 0x00000272c91947e0
Event: 0.883 Thread 0x00000272c9194e70 Thread added: 0x00000272c9194e70
Event: 1.003 Thread 0x00000272c92b93e0 Thread exited: 0x00000272c92b93e0
Event: 1.020 Thread 0x00000272ca5c2360 Thread added: 0x00000272ca5c2360
Event: 1.591 Thread 0x00000272ca7ffe80 Thread added: 0x00000272ca7ffe80
Event: 1.894 Thread 0x00000272ca803990 Thread added: 0x00000272ca803990
Event: 1.986 Thread 0x00000272ca5c2360 Thread exited: 0x00000272ca5c2360
Event: 10.900 Thread 0x00000272d5448780 Thread added: 0x00000272d5448780
Event: 11.481 Thread 0x00000272d5448780 Thread exited: 0x00000272d5448780
Event: 446.668 Thread 0x00000272ca801f50 Thread added: 0x00000272ca801f50
Event: 446.670 Thread 0x00000272ca804020 Thread added: 0x00000272ca804020
Event: 446.670 Thread 0x00000272ca7ff7f0 Thread added: 0x00000272ca7ff7f0
Event: 446.670 Thread 0x00000272ca804020 Thread exited: 0x00000272ca804020
Event: 446.673 Thread 0x00000272ca7ff7f0 Thread exited: 0x00000272ca7ff7f0
Event: 446.674 Thread 0x00000272fe70c1d0 Thread exited: 0x00000272fe70c1d0


Dynamic libraries:
0x00007ff7a5790000 - 0x00007ff7a579e000 	C:\Users\NickS\.jdks\corretto-21.0.1\bin\java.exe
0x00007ffbd1340000 - 0x00007ffbd1549000 	C:\Windows\SYSTEM32\ntdll.dll
0x00007ffbcff40000 - 0x00007ffbcfffd000 	C:\Windows\System32\KERNEL32.DLL
0x00007ffbcece0000 - 0x00007ffbcf064000 	C:\Windows\System32\KERNELBASE.dll
0x00007ffbce9e0000 - 0x00007ffbceaf1000 	C:\Windows\System32\ucrtbase.dll
0x00007ffbbe9a0000 - 0x00007ffbbe9bb000 	C:\Users\NickS\.jdks\corretto-21.0.1\bin\VCRUNTIME140.dll
0x00007ffbbe9c0000 - 0x00007ffbbe9d8000 	C:\Users\NickS\.jdks\corretto-21.0.1\bin\jli.dll
0x00007ffbcf1f0000 - 0x00007ffbcf39d000 	C:\Windows\System32\USER32.dll
0x00007ffbce840000 - 0x00007ffbce866000 	C:\Windows\System32\win32u.dll
0x00007ffbcf450000 - 0x00007ffbcf47a000 	C:\Windows\System32\GDI32.dll
0x00007ffbcf070000 - 0x00007ffbcf18e000 	C:\Windows\System32\gdi32full.dll
0x00007ffbceb00000 - 0x00007ffbceb9d000 	C:\Windows\System32\msvcp_win.dll
0x00007ffbbee50000 - 0x00007ffbbf0f5000 	C:\Windows\WinSxS\amd64_microsoft.windows.common-controls_6595b64144ccf1df_6.0.22000.120_none_9d947278b86cc467\COMCTL32.dll
0x00007ffbcf640000 - 0x00007ffbcf6e3000 	C:\Windows\System32\msvcrt.dll
0x00007ffbcfb10000 - 0x00007ffbcfb41000 	C:\Windows\System32\IMM32.DLL
0x00007ffbc7890000 - 0x00007ffbc789c000 	C:\Users\NickS\.jdks\corretto-21.0.1\bin\vcruntime140_1.dll
0x00007ffb881c0000 - 0x00007ffb8824d000 	C:\Users\NickS\.jdks\corretto-21.0.1\bin\msvcp140.dll
0x00007ffb36620000 - 0x00007ffb373ad000 	C:\Users\NickS\.jdks\corretto-21.0.1\bin\server\jvm.dll
0x00007ffbcf3a0000 - 0x00007ffbcf44e000 	C:\Windows\System32\ADVAPI32.dll
0x00007ffbd08d0000 - 0x00007ffbd096e000 	C:\Windows\System32\sechost.dll
0x00007ffbcf510000 - 0x00007ffbcf631000 	C:\Windows\System32\RPCRT4.dll
0x00007ffbd00f0000 - 0x00007ffbd015f000 	C:\Windows\System32\WS2_32.dll
0x00007ffbce500000 - 0x00007ffbce54d000 	C:\Windows\SYSTEM32\POWRPROF.dll
0x00007ffbc73a0000 - 0x00007ffbc73d3000 	C:\Windows\SYSTEM32\WINMM.dll
0x00007ffbc2fc0000 - 0x00007ffbc2fca000 	C:\Windows\SYSTEM32\VERSION.dll
0x00007ffbce4e0000 - 0x00007ffbce4f3000 	C:\Windows\SYSTEM32\UMPDC.dll
0x00007ffbcd8b0000 - 0x00007ffbcd8c8000 	C:\Windows\SYSTEM32\kernel.appcore.dll
0x00007ffbbe990000 - 0x00007ffbbe99a000 	C:\Users\NickS\.jdks\corretto-21.0.1\bin\jimage.dll
0x00007ffbc65b0000 - 0x00007ffbc67d1000 	C:\Windows\SYSTEM32\DBGHELP.DLL
0x00007ffbc6570000 - 0x00007ffbc65a1000 	C:\Windows\SYSTEM32\dbgcore.DLL
0x00007ffbcec60000 - 0x00007ffbcecdf000 	C:\Windows\System32\bcryptPrimitives.dll
0x00007ffbba5e0000 - 0x00007ffbba5ee000 	C:\Users\NickS\.jdks\corretto-21.0.1\bin\instrument.dll
0x00007ffb8d660000 - 0x00007ffb8d67f000 	C:\Users\NickS\.jdks\corretto-21.0.1\bin\java.dll
0x00007ffbd0a20000 - 0x00007ffbd11e5000 	C:\Windows\System32\SHELL32.dll
0x00007ffbcc8a0000 - 0x00007ffbcd102000 	C:\Windows\SYSTEM32\windows.storage.dll
0x00007ffbcfb50000 - 0x00007ffbcfec6000 	C:\Windows\System32\combase.dll
0x00007ffbcc730000 - 0x00007ffbcc897000 	C:\Windows\SYSTEM32\wintypes.dll
0x00007ffbd0000000 - 0x00007ffbd00ea000 	C:\Windows\System32\SHCORE.dll
0x00007ffbcf190000 - 0x00007ffbcf1ed000 	C:\Windows\System32\shlwapi.dll
0x00007ffbce700000 - 0x00007ffbce725000 	C:\Windows\SYSTEM32\profapi.dll
0x00007ffb385a0000 - 0x00007ffb38677000 	C:\Users\NickS\.jdks\corretto-21.0.1\bin\jsvml.dll
0x00007ffbbe980000 - 0x00007ffbbe990000 	C:\Users\NickS\.jdks\corretto-21.0.1\bin\net.dll
0x00007ffbc96c0000 - 0x00007ffbc97d4000 	C:\Windows\SYSTEM32\WINHTTP.dll
0x00007ffbcdd60000 - 0x00007ffbcddc7000 	C:\Windows\system32\mswsock.dll
0x00007ffb881a0000 - 0x00007ffb881b6000 	C:\Users\NickS\.jdks\corretto-21.0.1\bin\nio.dll
0x00007ffb88180000 - 0x00007ffb88198000 	C:\Users\NickS\.jdks\corretto-21.0.1\bin\zip.dll
0x00007ffb8aaa0000 - 0x00007ffb8aaba000 	C:\Program Files\JetBrains\IntelliJ IDEA Community Edition 2023.2.4\bin\breakgen64.dll
0x0000027283f60000 - 0x0000027283f63000 	C:\Users\NickS\.openjfx\cache\21-ea+null\amd64\api-ms-win-core-console-l1-1-0.dll
0x0000027283f70000 - 0x0000027283f73000 	C:\Users\NickS\.openjfx\cache\21-ea+null\amd64\api-ms-win-core-console-l1-2-0.dll
0x0000027283f80000 - 0x0000027283f83000 	C:\Users\NickS\.openjfx\cache\21-ea+null\amd64\api-ms-win-core-datetime-l1-1-0.dll
0x0000027283f90000 - 0x0000027283f93000 	C:\Users\NickS\.openjfx\cache\21-ea+null\amd64\api-ms-win-core-debug-l1-1-0.dll
0x0000027283fa0000 - 0x0000027283fa3000 	C:\Users\NickS\.openjfx\cache\21-ea+null\amd64\api-ms-win-core-errorhandling-l1-1-0.dll
0x0000027283fb0000 - 0x0000027283fb4000 	C:\Users\NickS\.openjfx\cache\21-ea+null\amd64\api-ms-win-core-file-l1-1-0.dll
0x0000027283fc0000 - 0x0000027283fc3000 	C:\Users\NickS\.openjfx\cache\21-ea+null\amd64\api-ms-win-core-file-l1-2-0.dll
0x0000027283fd0000 - 0x0000027283fd3000 	C:\Users\NickS\.openjfx\cache\21-ea+null\amd64\api-ms-win-core-file-l2-1-0.dll
0x0000027283fe0000 - 0x0000027283fe3000 	C:\Users\NickS\.openjfx\cache\21-ea+null\amd64\api-ms-win-core-handle-l1-1-0.dll
0x0000027283ff0000 - 0x0000027283ff3000 	C:\Users\NickS\.openjfx\cache\21-ea+null\amd64\api-ms-win-core-heap-l1-1-0.dll
0x00000272cace0000 - 0x00000272cace3000 	C:\Users\NickS\.openjfx\cache\21-ea+null\amd64\api-ms-win-core-interlocked-l1-1-0.dll
0x00000272cacf0000 - 0x00000272cacf3000 	C:\Users\NickS\.openjfx\cache\21-ea+null\amd64\api-ms-win-core-libraryloader-l1-1-0.dll
0x00000272cad00000 - 0x00000272cad03000 	C:\Users\NickS\.openjfx\cache\21-ea+null\amd64\api-ms-win-core-localization-l1-2-0.dll
0x00000272cad10000 - 0x00000272cad13000 	C:\Users\NickS\.openjfx\cache\21-ea+null\amd64\api-ms-win-core-memory-l1-1-0.dll
0x00000272cad20000 - 0x00000272cad23000 	C:\Users\NickS\.openjfx\cache\21-ea+null\amd64\api-ms-win-core-namedpipe-l1-1-0.dll
0x00000272cad30000 - 0x00000272cad33000 	C:\Users\NickS\.openjfx\cache\21-ea+null\amd64\api-ms-win-core-processenvironment-l1-1-0.dll
0x00000272cad40000 - 0x00000272cad43000 	C:\Users\NickS\.openjfx\cache\21-ea+null\amd64\api-ms-win-core-processthreads-l1-1-0.dll
0x00000272cad50000 - 0x00000272cad53000 	C:\Users\NickS\.openjfx\cache\21-ea+null\amd64\api-ms-win-core-processthreads-l1-1-1.dll
0x00000272cad60000 - 0x00000272cad63000 	C:\Users\NickS\.openjfx\cache\21-ea+null\amd64\api-ms-win-core-profile-l1-1-0.dll
0x00000272cad70000 - 0x00000272cad73000 	C:\Users\NickS\.openjfx\cache\21-ea+null\amd64\api-ms-win-core-rtlsupport-l1-1-0.dll
0x00000272cad80000 - 0x00000272cad83000 	C:\Users\NickS\.openjfx\cache\21-ea+null\amd64\api-ms-win-core-string-l1-1-0.dll
0x00000272cad90000 - 0x00000272cad93000 	C:\Users\NickS\.openjfx\cache\21-ea+null\amd64\api-ms-win-core-synch-l1-1-0.dll
0x00000272cada0000 - 0x00000272cada3000 	C:\Users\NickS\.openjfx\cache\21-ea+null\amd64\api-ms-win-core-synch-l1-2-0.dll
0x00000272cadb0000 - 0x00000272cadb3000 	C:\Users\NickS\.openjfx\cache\21-ea+null\amd64\api-ms-win-core-sysinfo-l1-1-0.dll
0x00000272cadc0000 - 0x00000272cadc3000 	C:\Users\NickS\.openjfx\cache\21-ea+null\amd64\api-ms-win-core-timezone-l1-1-0.dll
0x00000272cadd0000 - 0x00000272cadd3000 	C:\Users\NickS\.openjfx\cache\21-ea+null\amd64\api-ms-win-core-util-l1-1-0.dll
0x00000272cade0000 - 0x00000272cade3000 	C:\Users\NickS\.openjfx\cache\21-ea+null\amd64\api-ms-win-crt-conio-l1-1-0.dll
0x00000272cadf0000 - 0x00000272cadf4000 	C:\Users\NickS\.openjfx\cache\21-ea+null\amd64\api-ms-win-crt-convert-l1-1-0.dll
0x00000272cae00000 - 0x00000272cae03000 	C:\Users\NickS\.openjfx\cache\21-ea+null\amd64\api-ms-win-crt-environment-l1-1-0.dll
0x00000272cae10000 - 0x00000272cae13000 	C:\Users\NickS\.openjfx\cache\21-ea+null\amd64\api-ms-win-crt-filesystem-l1-1-0.dll
0x00000272cae20000 - 0x00000272cae23000 	C:\Users\NickS\.openjfx\cache\21-ea+null\amd64\api-ms-win-crt-heap-l1-1-0.dll
0x00000272cae30000 - 0x00000272cae33000 	C:\Users\NickS\.openjfx\cache\21-ea+null\amd64\api-ms-win-crt-locale-l1-1-0.dll
0x00000272cae40000 - 0x00000272cae45000 	C:\Users\NickS\.openjfx\cache\21-ea+null\amd64\api-ms-win-crt-math-l1-1-0.dll
0x00000272cae50000 - 0x00000272cae55000 	C:\Users\NickS\.openjfx\cache\21-ea+null\amd64\api-ms-win-crt-multibyte-l1-1-0.dll
0x00000272cae60000 - 0x00000272cae70000 	C:\Users\NickS\.openjfx\cache\21-ea+null\amd64\api-ms-win-crt-private-l1-1-0.dll
0x00000272cae70000 - 0x00000272cae73000 	C:\Users\NickS\.openjfx\cache\21-ea+null\amd64\api-ms-win-crt-process-l1-1-0.dll
0x00000272cae80000 - 0x00000272cae84000 	C:\Users\NickS\.openjfx\cache\21-ea+null\amd64\api-ms-win-crt-runtime-l1-1-0.dll
0x00000272cae90000 - 0x00000272cae94000 	C:\Users\NickS\.openjfx\cache\21-ea+null\amd64\api-ms-win-crt-stdio-l1-1-0.dll
0x00000272caea0000 - 0x00000272caea4000 	C:\Users\NickS\.openjfx\cache\21-ea+null\amd64\api-ms-win-crt-string-l1-1-0.dll
0x00000272caeb0000 - 0x00000272caeb3000 	C:\Users\NickS\.openjfx\cache\21-ea+null\amd64\api-ms-win-crt-time-l1-1-0.dll
0x00000272caec0000 - 0x00000272caec3000 	C:\Users\NickS\.openjfx\cache\21-ea+null\amd64\api-ms-win-crt-utility-l1-1-0.dll
0x00007ffb74b20000 - 0x00007ffb74c1c000 	C:\Users\NickS\.openjfx\cache\21-ea+null\amd64\ucrtbase.dll
0x00007ffb8aa80000 - 0x00007ffb8aa9b000 	C:\Users\NickS\.openjfx\cache\21-ea+null\amd64\vcruntime140.dll
0x00007ffbba450000 - 0x00007ffbba45c000 	C:\Users\NickS\.openjfx\cache\21-ea+null\amd64\vcruntime140_1.dll
0x00007ffb84f00000 - 0x00007ffb84f8e000 	C:\Users\NickS\.openjfx\cache\21-ea+null\amd64\msvcp140.dll
0x00007ffbd05f0000 - 0x00007ffbd078a000 	C:\Windows\System32\ole32.dll
0x00007ffbba0e0000 - 0x00007ffbba0e9000 	C:\Users\NickS\.openjfx\cache\21-ea+null\amd64\msvcp140_1.dll
0x00007ffb87900000 - 0x00007ffb8792f000 	C:\Users\NickS\.openjfx\cache\21-ea+null\amd64\msvcp140_2.dll
0x00007ffb85060000 - 0x00007ffb8508f000 	C:\Users\NickS\.openjfx\cache\21-ea+null\amd64\prism_d3d.dll
0x00007ffb879f0000 - 0x00007ffb87b96000 	C:\Windows\system32\d3d9.dll
0x00007ffbcc100000 - 0x00007ffbcc12f000 	C:\Windows\SYSTEM32\dwmapi.dll
0x00007ffbcbf80000 - 0x00007ffbcbfb8000 	C:\Windows\SYSTEM32\dxcore.dll
0x00007ffbcbe60000 - 0x00007ffbcbf0c000 	C:\Windows\system32\uxtheme.dll
0x00007ffb86d00000 - 0x00007ffb86e65000 	C:\Windows\System32\DriverStore\FileRepository\iigd_dch.inf_amd64_5dc1a2977f07512e\igdumdim64.dll
0x00007ffb7c810000 - 0x00007ffb8049b000 	C:\Windows\System32\DriverStore\FileRepository\iigd_dch.inf_amd64_5dc1a2977f07512e\igd9dxva64.dll
0x00007ffbcf9b0000 - 0x00007ffbcfa86000 	C:\Windows\System32\OLEAUT32.dll
0x00007ffbd0170000 - 0x00007ffbd05e2000 	C:\Windows\System32\SETUPAPI.dll
0x00007ffbce450000 - 0x00007ffbce49c000 	C:\Windows\SYSTEM32\cfgmgr32.dll
0x00007ffbc6f20000 - 0x00007ffbc7256000 	C:\Windows\System32\DriverStore\FileRepository\iigd_dch.inf_amd64_5dc1a2977f07512e\igdgmm64.dll
0x00007ffbca5f0000 - 0x00007ffbca634000 	C:\Windows\SYSTEM32\directxdatabasehelper.dll
0x00007ffbcd8d0000 - 0x00007ffbcd904000 	C:\Windows\SYSTEM32\ntmarta.dll
0x00007ffb84eb0000 - 0x00007ffb84ef2000 	C:\Users\NickS\.openjfx\cache\21-ea+null\amd64\glass.dll
0x00007ffbd1210000 - 0x00007ffbd12fc000 	C:\Windows\System32\COMDLG32.dll
0x00007ffb5e590000 - 0x00007ffb5e5ee000 	C:\Program Files\Huawei\PCManager\plugins\PerfWndMonModule.dll
0x00007ffbd0790000 - 0x00007ffbd08ad000 	C:\Windows\System32\MSCTF.dll
0x00007ffb8a8b0000 - 0x00007ffb8a8d7000 	C:\Windows\System32\DriverStore\FileRepository\iigd_dch.inf_amd64_5dc1a2977f07512e\igdinfo64.dll
0x00007ffbc0080000 - 0x00007ffbc2e0f000 	C:\Windows\System32\DriverStore\FileRepository\iigd_dch.inf_amd64_5dc1a2977f07512e\igc64.dll
0x00007ffb79e20000 - 0x00007ffb79e4d000 	C:\Users\NickS\.openjfx\cache\21-ea+null\amd64\javafx_iio.dll
0x00007ffb87ef0000 - 0x00007ffb87f04000 	C:\Users\NickS\.openjfx\cache\21-ea+null\amd64\javafx_font.dll
0x00007ffbb82b0000 - 0x00007ffbb850f000 	C:\Windows\SYSTEM32\dwrite.dll
0x00007ffbd0970000 - 0x00007ffbd0a1f000 	C:\Windows\System32\clbcatq.dll
0x00007ffbc8b60000 - 0x00007ffbc8d0e000 	C:\Windows\SYSTEM32\WindowsCodecs.dll
0x00007ffbc4420000 - 0x00007ffbc447d000 	C:\Windows\system32\dataexchange.dll
0x00007ffbc8450000 - 0x00007ffbc86b5000 	C:\Windows\system32\twinapi.appcore.dll
0x00007ffb74620000 - 0x00007ffb74652000 	C:\Program Files\Common Files\Microsoft Shared\Ink\rtscom.dll
0x00007ffbb97a0000 - 0x00007ffbb98cc000 	C:\Windows\SYSTEM32\textinputframework.dll
0x00007ffbcb9f0000 - 0x00007ffbcbb21000 	C:\Windows\SYSTEM32\CoreMessaging.dll
0x00007ffbc9cd0000 - 0x00007ffbca03d000 	C:\Windows\SYSTEM32\CoreUIComponents.dll
0x00007ffbcdfc0000 - 0x00007ffbcdfcc000 	C:\Windows\SYSTEM32\CRYPTBASE.DLL

dbghelp: loaded successfully - version: 4.0.5 - missing functions: none
symbol engine: initialized successfully - sym options: 0x614 - pdb path: .;C:\Users\NickS\.jdks\corretto-21.0.1\bin;C:\Windows\SYSTEM32;C:\Windows\WinSxS\amd64_microsoft.windows.common-controls_6595b64144ccf1df_6.0.22000.120_none_9d947278b86cc467;C:\Users\NickS\.jdks\corretto-21.0.1\bin\server;C:\Program Files\JetBrains\IntelliJ IDEA Community Edition 2023.2.4\bin;C:\Users\NickS\.openjfx\cache\21-ea+null\amd64;C:\Windows\System32\DriverStore\FileRepository\iigd_dch.inf_amd64_5dc1a2977f07512e;C:\Program Files\Huawei\PCManager\plugins;C:\Program Files\Common Files\Microsoft Shared\Ink

VM Arguments:
jvm_args: -javaagent:C:\Program Files\JetBrains\IntelliJ IDEA Community Edition 2023.2.4\lib\idea_rt.jar=56741:C:\Program Files\JetBrains\IntelliJ IDEA Community Edition 2023.2.4\bin -Dfile.encoding=UTF-8 -Dsun.stdout.encoding=UTF-8 -Dsun.stderr.encoding=UTF-8 --module-path=C:\Users\NickS\.m2\repository\org\openjfx\javafx-graphics\21-ea+24\javafx-graphics-21-ea+24-win.jar;C:\Users\NickS\.m2\repository\org\openjfx\javafx-fxml\21-ea+24\javafx-fxml-21-ea+24-win.jar;C:\Users\NickS\.m2\repository\org\openjfx\javafx-base\21-ea+24\javafx-base-21-ea+24-win.jar;C:\Users\NickS\OneDrive\Рабочий стол\thrthehrhjyj\target\classes;C:\Users\NickS\.m2\repository\org\openjfx\javafx-controls\21-ea+24\javafx-controls-21-ea+24-win.jar -Djdk.module.main=com.example.thrthehrhjyj 
java_command: com.example.thrthehrhjyj/com.example.thrthehrhjyj.HelloApplication
java_class_path (initial): C:\Users\NickS\.m2\repository\org\openjfx\javafx-controls\21-ea+24\javafx-controls-21-ea+24.jar;C:\Users\NickS\.m2\repository\org\openjfx\javafx-graphics\21-ea+24\javafx-graphics-21-ea+24.jar;C:\Users\NickS\.m2\repository\org\openjfx\javafx-base\21-ea+24\javafx-base-21-ea+24.jar;C:\Users\NickS\.m2\repository\org\openjfx\javafx-fxml\21-ea+24\javafx-fxml-21-ea+24.jar;C:\Users\NickS\OneDrive\Рабочий стол\bbbb\mysql-connector-j-8.3.0\mysql-connector-j-8.3.0.jar
Launcher Type: SUN_STANDARD

[Global flags]
     intx CICompilerCount                          = 3                                         {product} {ergonomic}
     uint ConcGCThreads                            = 1                                         {product} {ergonomic}
     uint G1ConcRefinementThreads                  = 4                                         {product} {ergonomic}
   size_t G1HeapRegionSize                         = 1048576                                   {product} {ergonomic}
    uintx GCDrainStackTargetSize                   = 64                                        {product} {ergonomic}
   size_t InitialHeapSize                          = 132120576                                 {product} {ergonomic}
   size_t MarkStackSize                            = 4194304                                   {product} {ergonomic}
   size_t MaxHeapSize                              = 2095054848                                {product} {ergonomic}
   size_t MaxNewSize                               = 1256194048                                {product} {ergonomic}
   size_t MinHeapDeltaBytes                        = 1048576                                   {product} {ergonomic}
   size_t MinHeapSize                              = 8388608                                   {product} {ergonomic}
    uintx NonNMethodCodeHeapSize                   = 5832780                                {pd product} {ergonomic}
    uintx NonProfiledCodeHeapSize                  = 122912730                              {pd product} {ergonomic}
    uintx ProfiledCodeHeapSize                     = 122912730                              {pd product} {ergonomic}
    uintx ReservedCodeCacheSize                    = 251658240                              {pd product} {ergonomic}
     bool SegmentedCodeCache                       = true                                      {product} {ergonomic}
   size_t SoftMaxHeapSize                          = 2095054848                             {manageable} {ergonomic}
     bool UseCompressedOops                        = true                           {product lp64_product} {ergonomic}
     bool UseG1GC                                  = true                                      {product} {ergonomic}
     bool UseLargePagesIndividualAllocation        = false                                  {pd product} {ergonomic}

Logging:
Log output configuration:
 #0: stdout all=off uptime,level,tags foldmultilines=false
 #1: stderr all=off uptime,level,tags foldmultilines=false

Environment Variables:
PATH=C:\Program Files\Common Files\Oracle\Java\javapath;C:\Program Files (x86)\Common Files\Oracle\Java\javapath;C:\Windows\System32\HWAudioDriverLibs;C:\Windows\system32;C:\Windows;C:\Windows\System32\Wbem;C:\Windows\System32\WindowsPowerShell\v1.0\;C:\Windows\System32\OpenSSH\;C:\Users\Administrator\AppData\Local\Microsoft\WindowsApps;C:\Users\NickS\scoop\apps\composer\current\home\vendor\bin;C:\Users\NickS\scoop\shims;C:\Users\NickS\AppData\Local\Microsoft\WindowsApps
USERNAME=NickS
OS=Windows_NT
PROCESSOR_IDENTIFIER=Intel64 Family 6 Model 140 Stepping 1, GenuineIntel
TMP=C:\Users\NickS\AppData\Local\Temp
TEMP=C:\Users\NickS\AppData\Local\Temp




Periodic native trim disabled

---------------  S Y S T E M  ---------------

OS:
 Windows 11 , 64 bit Build 22000 (10.0.22000.2538)
OS uptime: 4 days 14:28 hours

CPU: total 4 (initial active 4) (2 cores per cpu, 2 threads per core) family 6 model 140 stepping 1 microcode 0x8a, cx8, cmov, fxsr, ht, mmx, 3dnowpref, sse, sse2, sse3, ssse3, sse4.1, sse4.2, popcnt, lzcnt, tsc, tscinvbit, avx, avx2, aes, erms, clmul, bmi1, bmi2, adx, avx512f, avx512dq, avx512cd, avx512bw, avx512vl, sha, fma, vzeroupper, avx512_vpopcntdq, avx512_vpclmulqdq, avx512_vaes, avx512_vnni, clflush, clflushopt, clwb, avx512_vbmi2, avx512_vbmi, rdtscp, rdpid, fsrm, gfni, avx512_bitalg, f16c, pku, cet_ibt, cet_ss, avx512_ifma
Processor Information for processor 0
  Max Mhz: 2995, Current Mhz: 998, Mhz Limit: 2995
Processor Information for processor 1
  Max Mhz: 2995, Current Mhz: 998, Mhz Limit: 2995
Processor Information for processor 2
  Max Mhz: 2995, Current Mhz: 2995, Mhz Limit: 2995
Processor Information for processor 3
  Max Mhz: 2995, Current Mhz: 2995, Mhz Limit: 2995

Memory: 4k page, system-wide physical 7991M (658M free)
TotalPageFile size 13367M (AvailPageFile size 2996M)
current process WorkingSet (physical memory assigned to process): 247M, peak: 282M
current process commit charge ("private bytes"): 332M, peak: 369M

vm_info: OpenJDK 64-Bit Server VM (21.0.1+12-LTS) for windows-amd64 JRE (21.0.1+12-LTS), built on 2023-10-12T03:52:47Z by "Administrator" with MS VC++ 16.10 / 16.11 (VS2019)

END.
