#
# A fatal error has been detected by the Java Runtime Environment:
#
#  EXCEPTION_ACCESS_VIOLATION (0xc0000005) at pc=0x00007ffddf756587, pid=3000, tid=7832
#
# JRE version: OpenJDK Runtime Environment Corretto-21.0.1.12.1 (21.0.1+12) (build 21.0.1+12-LTS)
# Java VM: OpenJDK 64-Bit Server VM Corretto-21.0.1.12.1 (21.0.1+12-LTS, mixed mode, sharing, tiered, compressed oops, compressed class ptrs, g1 gc, windows-amd64)
# Problematic frame:
# C  [glass.dll+0x26587]
#
# No core dump will be written. Minidumps are not enabled by default on client versions of Windows
#
# If you would like to submit a bug report, please visit:
#   https://github.com/corretto/corretto-21/issues/
#

---------------  S U M M A R Y ------------

Command Line: -javaagent:C:\Program Files\JetBrains\IntelliJ IDEA Community Edition 2023.2.4\lib\idea_rt.jar=64790:C:\Program Files\JetBrains\IntelliJ IDEA Community Edition 2023.2.4\bin -Dfile.encoding=UTF-8 -Dsun.stdout.encoding=UTF-8 -Dsun.stderr.encoding=UTF-8 --module-path=C:\Users\NickS\.m2\repository\org\openjfx\javafx-controls\21-ea+24\javafx-controls-21-ea+24-win.jar;C:\Users\NickS\OneDrive\Рабочий стол\thrthehrhjyj\target\classes;C:\Users\NickS\.m2\repository\org\openjfx\javafx-fxml\21-ea+24\javafx-fxml-21-ea+24-win.jar;C:\Users\NickS\.m2\repository\org\openjfx\javafx-base\21-ea+24\javafx-base-21-ea+24-win.jar;C:\Users\NickS\.m2\repository\org\openjfx\javafx-graphics\21-ea+24\javafx-graphics-21-ea+24-win.jar -Djdk.module.main=com.example.thrthehrhjyj com.example.thrthehrhjyj/com.example.thrthehrhjyj.HelloApplication

Host: 11th Gen Intel(R) Core(TM) i3-1115G4 @ 3.00GHz, 4 cores, 7G,  Windows 11 , 64 bit Build 22000 (10.0.22000.2538)
Time: Wed Mar 20 14:40:11 2024 RTZ 2 (s 11 , 64 bit Build 22000 (10.0.22000.2538) elapsed time: 79.031596 seconds (0d 0h 1m 19s)

---------------  T H R E A D  ---------------

Current thread (0x000002bf3b2e14b0):  VMThread "VM Thread"          [id=7832, stack(0x000000e100100000,0x000000e100200000) (1024K)]

Stack: [0x000000e100100000,0x000000e100200000],  sp=0x000000e1001fedc0,  free space=1019k
Native frames: (J=compiled Java code, j=interpreted, Vv=VM code, C=native code)
C  [glass.dll+0x26587]


siginfo: EXCEPTION_ACCESS_VIOLATION (0xc0000005), reading address 0x0000000000000000


Registers:
RAX=0x0000000000000000, RBX=0x000002bf3b2ea0d2, RCX=0x000002bf3b2e14b0, RDX=0x000000e1001fedc0
RSP=0x000000e1001fedc0, RBP=0x000002bf7d676018, RSI=0x000002bf7d675ff0, RDI=0x0000073515767af0
R8 =0x0000000000010002, R9 =0x0000073515767af0, R10=0x85f13e9656da4870, R11=0x000000e1001fed50
R12=0x00007ffddf753ed0, R13=0x00007ffdbfee5410, R14=0x000000e1001feec8, R15=0x000002bf7d675ff0
RIP=0x00007ffddf756587, EFLAGS=0x0000000000010206


Register to memory mapping:

RAX=0x0 is null
RBX=0x000002bf3b2ea0d2 is a global jni handle
RCX=0x000002bf3b2e14b0 points into unknown readable memory: 0x00007ffdbfce66f0 | f0 66 ce bf fd 7f 00 00
RDX=0x000000e1001fedc0 points into unknown readable memory: 0x0000000000000000 | 00 00 00 00 00 00 00 00
RSP=0x000000e1001fedc0 points into unknown readable memory: 0x0000000000000000 | 00 00 00 00 00 00 00 00
RBP=0x000002bf7d676018 points into unknown readable memory: 0x0000073515767af0 | f0 7a 76 15 35 07 00 00
RSI=0x000002bf7d675ff0 points into unknown readable memory: 0x39e807356a8ba585 | 85 a5 8b 6a 35 07 e8 39
RDI=0x0000073515767af0 is an unknown value
R8 =0x0000000000010002 is an unknown value
R9 =0x0000073515767af0 is an unknown value
R10=0x85f13e9656da4870 is an unknown value
R11=0x000000e1001fed50 points into unknown readable memory: 0x000002bf7d675ff0 | f0 5f 67 7d bf 02 00 00
R12=0x00007ffddf753ed0 glass.dll
R13=0x00007ffdbfee5410 jvm.dll
R14=0x000000e1001feec8 points into unknown readable memory: 0x000000e1001feeb0 | b0 ee 1f 00 e1 00 00 00
R15=0x000002bf7d675ff0 points into unknown readable memory: 0x39e807356a8ba585 | 85 a5 8b 6a 35 07 e8 39

Top of Stack: (sp=0x000000e1001fedc0)
0x000000e1001fedc0:   0000000000000000 000002bf7d675ff0
0x000000e1001fedd0:   00007ffdbfee5410 00007ffddf753ed0
0x000000e1001fede0:   000002bf7d675ff8 00007ffe3cc3bea0
0x000000e1001fedf0:   0000073515767af0 000002bf00000000
0x000000e1001fee00:   000002bf7d676018 000002bf7d675ff0
0x000000e1001fee10:   fffffffffffffffe 0000000000000000
0x000000e1001fee20:   0000000000000001 00007ffddf730000
0x000000e1001fee30:   000000e1001feeb8 00007ffe3cc3bdb7
0x000000e1001fee40:   0000000000000000 000000e1001feec8
0x000000e1001fee50:   000000e1001ff1b0 00007ffe3cd212b0
0x000000e1001fee60:   0000000000000001 00007ffe3cc3bd6d
0x000000e1001fee70:   0000000000000000 0000000000000001
0x000000e1001fee80:   0000000000000000 000000e1001feeb8
0x000000e1001fee90:   fffffffffffffffe 000000e1001ff100
0x000000e1001feea0:   0000000000000000 00007ffddf753d5d
0x000000e1001feeb0:   00007ffddf76a008 00007ffe00000002
0x000000e1001feec0:   0000000000000002 000000e1001feeb0
0x000000e1001feed0:   0000000000000000 00007ffe3f6ffec3
0x000000e1001feee0:   0000000000000000 00007ffddf753e82
0x000000e1001feef0:   0000000000000001 0000000000000001
0x000000e1001fef00:   0000000000000000 00007ffe3cd212b0
0x000000e1001fef10:   0000000000000001 00007ffe3c3c2223
0x000000e1001fef20:   00007ffe00000001 0000000000000000
0x000000e1001fef30:   00007ffddf730000 000000007ffe0384
0x000000e1001fef40:   0000000000000000 00007ffe3f6fff57
0x000000e1001fef50:   00007ffddf730000 0000000000000000
0x000000e1001fef60:   0000000000000001 000000007ffe0385
0x000000e1001fef70:   00007ffe3f7f0e20 00007ffe30e7b2f0
0x000000e1001fef80:   0000c3e666425700 00007ffe2fea0000
0x000000e1001fef90:   00007ffddf753ed0 0000000000000000
0x000000e1001fefa0:   0000000000000000 000000e17f529000
0x000000e1001fefb0:   000002bf7d6257c0 00007ffe3f71458a 

Instructions: (pc=0x00007ffddf756587)
0x00007ffddf756487:   8b 4d 58 e8 8d cf ff ff 48 8b 4d 60 e8 84 cf ff
0x00007ffddf756497:   ff 48 8b 95 80 00 00 00 48 8b 8d 18 01 00 00 e8
0x00007ffddf7564a7:   76 c4 ff ff 33 d2 33 c9 e8 cc e1 ff ff 90 48 89
0x00007ffddf7564b7:   54 24 10 55 48 83 ec 20 48 8b ea 48 b8 00 00 00
0x00007ffddf7564c7:   00 00 00 00 00 48 83 c4 20 5d c3 cc 40 55 48 8b
0x00007ffddf7564d7:   ea 48 8b 01 33 c9 81 38 05 00 00 c0 0f 94 c1 8b
0x00007ffddf7564e7:   c1 5d c3 cc 40 55 48 83 ec 20 48 8b ea 8a 4d 40
0x00007ffddf7564f7:   48 83 c4 20 5d e9 73 d3 ff ff cc 40 55 48 83 ec
0x00007ffddf756507:   20 48 8b ea 8a 4d 20 e8 61 d3 ff ff 90 48 83 c4
0x00007ffddf756517:   20 5d c3 cc 40 55 48 83 ec 20 48 8b ea 48 83 c4
0x00007ffddf756527:   20 5d e9 c2 d1 ff ff cc 40 55 48 83 ec 30 48 8b
0x00007ffddf756537:   ea 48 8b 01 8b 10 48 89 4c 24 28 89 54 24 20 4c
0x00007ffddf756547:   8d 0d 63 d6 ff ff 4c 8b 45 70 8b 55 68 48 8b 4d
0x00007ffddf756557:   60 e8 03 d1 ff ff 90 48 83 c4 30 5d c3 cc cc cc
0x00007ffddf756567:   cc cc cc cc cc cc cc cc cc 40 53 48 83 ec 20 48
0x00007ffddf756577:   8b 1d 8b 34 01 00 48 85 db 74 16 e8 89 8f ff ff
0x00007ffddf756587:   4c 8b 00 48 8b d3 48 8b c8 41 ff 90 b0 00 00 00
0x00007ffddf756597:   90 48 83 c4 20 5b c3 cc cc 40 53 48 83 ec 20 48
0x00007ffddf7565a7:   8b 1d fb 35 01 00 48 85 db 74 57 b8 ff ff ff ff
0x00007ffddf7565b7:   f0 0f c1 43 10 83 f8 01 75 3d 48 85 db 74 38 48
0x00007ffddf7565c7:   8b 0b 48 85 c9 74 0d ff 15 d4 0c 00 00 48 c7 03
0x00007ffddf7565d7:   00 00 00 00 48 8b 4b 08 48 85 c9 74 0d e8 33 ce
0x00007ffddf7565e7:   ff ff 48 c7 43 08 00 00 00 00 ba 18 00 00 00 48
0x00007ffddf7565f7:   8b cb e8 1e ce ff ff 48 c7 05 9f 35 01 00 00 00
0x00007ffddf756607:   00 00 48 83 c4 20 5b c3 cc 40 53 48 83 ec 20 48
0x00007ffddf756617:   8b 1d 6b 35 01 00 48 85 db 74 57 b8 ff ff ff ff
0x00007ffddf756627:   f0 0f c1 43 10 83 f8 01 75 3d 48 85 db 74 38 48
0x00007ffddf756637:   8b 0b 48 85 c9 74 0d ff 15 64 0c 00 00 48 c7 03
0x00007ffddf756647:   00 00 00 00 48 8b 4b 08 48 85 c9 74 0d e8 c3 cd
0x00007ffddf756657:   ff ff 48 c7 43 08 00 00 00 00 ba 18 00 00 00 48
0x00007ffddf756667:   8b cb e8 ae cd ff ff 48 c7 05 0f 35 01 00 00 00
0x00007ffddf756677:   00 00 48 83 c4 20 5b c3 cc 40 53 48 83 ec 20 48 


Stack slot to memory mapping:

stack at sp + 0 slots: 0x0 is null
stack at sp + 1 slots: 0x000002bf7d675ff0 points into unknown readable memory: 0x39e807356a8ba585 | 85 a5 8b 6a 35 07 e8 39
stack at sp + 2 slots: 0x00007ffdbfee5410 jvm.dll
stack at sp + 3 slots: 0x00007ffddf753ed0 glass.dll
stack at sp + 4 slots: 0x000002bf7d675ff8 points into unknown readable memory: 0x0000073515767af0 | f0 7a 76 15 35 07 00 00
stack at sp + 5 slots: 0x00007ffe3cc3bea0 ucrtbase.dll
stack at sp + 6 slots: 0x0000073515767af0 is an unknown value
stack at sp + 7 slots: 0x000002bf00000000 is pointing into metadata

VM_Operation (0x000000e1016ff160): Exit, mode: safepoint, requested by thread 0x000002bf064f27d0


---------------  P R O C E S S  ---------------

Threads class SMR info:
_java_thread_list=0x000002bf0651bbb0, length=19, elements={
0x000002bf1f054bf0, 0x000002bf3b302eb0, 0x000002bf3b306490, 0x000002bf3b30bc00,
0x000002bf3b30d1d0, 0x000002bf3b310810, 0x000002bf3b31e3c0, 0x000002bf3b31f7b0,
0x000002bf3b527080, 0x000002bf3b526360, 0x000002bf3b527710, 0x000002bf3b5269f0,
0x000002bf3b524fb0, 0x000002bf3b524290, 0x000002bf3b524920, 0x000002bf3b525640,
0x000002bf064f5c50, 0x000002bf064f0d90, 0x000002bf064f27d0
}

Java Threads: ( => current thread )
  0x000002bf1f054bf0 JavaThread "main"                              [_thread_blocked, id=15696, stack(0x000000e17fa00000,0x000000e17fb00000) (1024K)]
  0x000002bf3b302eb0 JavaThread "Reference Handler"          daemon [_thread_blocked, id=9584, stack(0x000000e100200000,0x000000e100300000) (1024K)]
  0x000002bf3b306490 JavaThread "Finalizer"                  daemon [_thread_blocked, id=10572, stack(0x000000e100300000,0x000000e100400000) (1024K)]
  0x000002bf3b30bc00 JavaThread "Attach Listener"            daemon [_thread_blocked, id=13904, stack(0x000000e100500000,0x000000e100600000) (1024K)]
  0x000002bf3b30d1d0 JavaThread "Service Thread"             daemon [_thread_blocked, id=10792, stack(0x000000e100600000,0x000000e100700000) (1024K)]
  0x000002bf3b310810 JavaThread "Monitor Deflation Thread"   daemon [_thread_blocked, id=16812, stack(0x000000e100700000,0x000000e100800000) (1024K)]
  0x000002bf3b31e3c0 JavaThread "C2 CompilerThread0"         daemon [_thread_blocked, id=1324, stack(0x000000e100800000,0x000000e100900000) (1024K)]
  0x000002bf3b31f7b0 JavaThread "C1 CompilerThread0"         daemon [_thread_blocked, id=1740, stack(0x000000e100900000,0x000000e100a00000) (1024K)]
  0x000002bf3b527080 JavaThread "Common-Cleaner"             daemon [_thread_blocked, id=14920, stack(0x000000e100a00000,0x000000e100b00000) (1024K)]
  0x000002bf3b526360 JavaThread "Monitor Ctrl-Break"         daemon [_thread_in_native, id=8688, stack(0x000000e100c00000,0x000000e100d00000) (1024K)]
  0x000002bf3b527710 JavaThread "Notification Thread"        daemon [_thread_blocked, id=13380, stack(0x000000e100d00000,0x000000e100e00000) (1024K)]
  0x000002bf3b5269f0 JavaThread "QuantumRenderer-0"          daemon [_thread_blocked, id=5032, stack(0x000000e101100000,0x000000e101200000) (1024K)]
  0x000002bf3b524fb0 JavaThread "InvokeLaterDispatcher"      daemon [_thread_blocked, id=12388, stack(0x000000e101200000,0x000000e101300000) (1024K)]
  0x000002bf3b524290 JavaThread "JavaFX Application Thread"         [_thread_in_native, id=12768, stack(0x000000e101300000,0x000000e101400000) (1024K)]
  0x000002bf3b524920 JavaThread "Thread-1"                   daemon [_thread_in_native, id=11608, stack(0x000000e101700000,0x000000e101800000) (1024K)]
  0x000002bf3b525640 JavaThread "JavaFX-Launcher"                   [_thread_blocked, id=5944, stack(0x000000e101800000,0x000000e101900000) (1024K)]
  0x000002bf064f5c50 JavaThread "Prism Font Disposer"        daemon [_thread_blocked, id=8028, stack(0x000000e100b00000,0x000000e100c00000) (1024K)]
  0x000002bf064f0d90 JavaThread "Cleaner-0"                  daemon [_thread_blocked, id=3720, stack(0x000000e101c00000,0x000000e101d00000) (1024K)]
  0x000002bf064f27d0 JavaThread "SIGINT handler"             daemon [_thread_blocked, id=17212, stack(0x000000e101600000,0x000000e101700000) (1024K)]
Total: 19

Other Threads:
=>0x000002bf3b2e14b0 VMThread "VM Thread"                           [id=7832, stack(0x000000e100100000,0x000000e100200000) (1024K)]
  0x000002bf1f0a90d0 WorkerThread "GC Thread#0"                     [id=13444, stack(0x000000e17fb00000,0x000000e17fc00000) (1024K)]
  0x000002bf7d387560 WorkerThread "GC Thread#1"                     [id=1188, stack(0x000000e100e00000,0x000000e100f00000) (1024K)]
  0x000002bf7d493d80 WorkerThread "GC Thread#2"                     [id=18128, stack(0x000000e100f00000,0x000000e101000000) (1024K)]
  0x000002bf7d550490 WorkerThread "GC Thread#3"                     [id=10688, stack(0x000000e101000000,0x000000e101100000) (1024K)]
  0x000002bf1f0baa80 ConcurrentGCThread "G1 Main Marker"            terminated
  0x000002bf1f0bb580 WorkerThread "G1 Conc#0"                       [id=17820, stack(0x000000e17fd00000,0x000000e17fe00000) (1024K)]
  0x000002bf3b1a10a0 ConcurrentGCThread "G1 Refine#0"               terminated
  0x000002bf1f12bfc0 ConcurrentGCThread "G1 Service"                terminated
Total: 9

Threads with active compile tasks:
Total: 0

VM state: at safepoint (shutting down)

VM Mutex/Monitor currently owned by a thread:  ([mutex/lock_event])
[0x00007ffdbfebd9c8] Threads_lock - owner thread: 0x000002bf3b2e14b0
[0x00007ffdbfebdac8] Heap_lock - owner thread: 0x000002bf064f27d0

Heap address: 0x0000000083200000, size: 1998 MB, Compressed Oops mode: 32-bit

CDS archive(s) mapped at: [0x000002bf3c000000-0x000002bf3cc90000-0x000002bf3cc90000), size 13172736, SharedBaseAddress: 0x000002bf3c000000, ArchiveRelocationMode: 1.
Compressed class space mapped at: 0x000002bf3d000000-0x000002bf7d000000, reserved size: 1073741824
Narrow klass base: 0x000002bf3c000000, Narrow klass shift: 0, Narrow klass range: 0x100000000

GC Precious Log:
 CardTable entry size: 512
 Card Set container configuration: InlinePtr #cards 5 size 8 Array Of Cards #cards 12 size 40 Howl #buckets 4 coarsen threshold 1843 Howl Bitmap #cards 512 size 80 coarsen threshold 460 Card regions per heap region 1 cards per card region 2048
 CPUs: 4 total, 4 available
 Memory: 7991M
 Large Page Support: Disabled
 NUMA Support: Disabled
 Compressed Oops: Enabled (32-bit)
 Heap Region Size: 1M
 Heap Min Capacity: 8M
 Heap Initial Capacity: 126M
 Heap Max Capacity: 1998M
 Pre-touch: Disabled
 Parallel Workers: 4
 Concurrent Workers: 1
 Concurrent Refinement Workers: 4
 Periodic GC: Disabled

Heap:
 garbage-first heap   total 129024K, used 81914K [0x0000000083200000, 0x0000000100000000)
  region size 1024K, 48 young (49152K), 2 survivors (2048K)
 Metaspace       used 16620K, committed 16896K, reserved 1114112K
  class space    used 2360K, committed 2496K, reserved 1048576K

Heap Regions: E=young(eden), S=young(survivor), O=old, HS=humongous(starts), HC=humongous(continues), CS=collection set, F=free, TAMS=top-at-mark-start, PB=parsable bottom
|   0|0x0000000083200000, 0x0000000083300000, 0x0000000083300000|100%|HS|  |TAMS 0x0000000083200000| PB 0x0000000083200000| Complete 
|   1|0x0000000083300000, 0x0000000083400000, 0x0000000083400000|100%|HC|  |TAMS 0x0000000083300000| PB 0x0000000083300000| Complete 
|   2|0x0000000083400000, 0x0000000083500000, 0x0000000083500000|100%|HC|  |TAMS 0x0000000083400000| PB 0x0000000083400000| Complete 
|   3|0x0000000083500000, 0x0000000083600000, 0x0000000083600000|100%|HC|  |TAMS 0x0000000083500000| PB 0x0000000083500000| Complete 
|   4|0x0000000083600000, 0x0000000083700000, 0x0000000083700000|100%|HC|  |TAMS 0x0000000083600000| PB 0x0000000083600000| Complete 
|   5|0x0000000083700000, 0x0000000083800000, 0x0000000083800000|100%|HC|  |TAMS 0x0000000083700000| PB 0x0000000083700000| Complete 
|   6|0x0000000083800000, 0x0000000083900000, 0x0000000083900000|100%| O|  |TAMS 0x0000000083800000| PB 0x0000000083800000| Untracked 
|   7|0x0000000083900000, 0x0000000083a00000, 0x0000000083a00000|100%| O|  |TAMS 0x0000000083900000| PB 0x0000000083900000| Untracked 
|   8|0x0000000083a00000, 0x0000000083a28500, 0x0000000083b00000| 15%| O|  |TAMS 0x0000000083a00000| PB 0x0000000083a00000| Untracked 
|   9|0x0000000083b00000, 0x0000000083c00000, 0x0000000083c00000|100%|HS|  |TAMS 0x0000000083b00000| PB 0x0000000083b00000| Complete 
|  10|0x0000000083c00000, 0x0000000083d00000, 0x0000000083d00000|100%|HC|  |TAMS 0x0000000083c00000| PB 0x0000000083c00000| Complete 
|  11|0x0000000083d00000, 0x0000000083e00000, 0x0000000083e00000|100%|HS|  |TAMS 0x0000000083d00000| PB 0x0000000083d00000| Complete 
|  12|0x0000000083e00000, 0x0000000083f00000, 0x0000000083f00000|100%|HC|  |TAMS 0x0000000083e00000| PB 0x0000000083e00000| Complete 
|  13|0x0000000083f00000, 0x0000000084000000, 0x0000000084000000|100%|HC|  |TAMS 0x0000000083f00000| PB 0x0000000083f00000| Complete 
|  14|0x0000000084000000, 0x0000000084100000, 0x0000000084100000|100%|HC|  |TAMS 0x0000000084000000| PB 0x0000000084000000| Complete 
|  15|0x0000000084100000, 0x0000000084200000, 0x0000000084200000|100%|HC|  |TAMS 0x0000000084100000| PB 0x0000000084100000| Complete 
|  16|0x0000000084200000, 0x0000000084300000, 0x0000000084300000|100%|HC|  |TAMS 0x0000000084200000| PB 0x0000000084200000| Complete 
|  17|0x0000000084300000, 0x0000000084400000, 0x0000000084400000|100%|HS|  |TAMS 0x0000000084300000| PB 0x0000000084300000| Complete 
|  18|0x0000000084400000, 0x0000000084500000, 0x0000000084500000|100%|HC|  |TAMS 0x0000000084400000| PB 0x0000000084400000| Complete 
|  19|0x0000000084500000, 0x0000000084600000, 0x0000000084600000|100%|HC|  |TAMS 0x0000000084500000| PB 0x0000000084500000| Complete 
|  20|0x0000000084600000, 0x0000000084700000, 0x0000000084700000|100%|HC|  |TAMS 0x0000000084600000| PB 0x0000000084600000| Complete 
|  21|0x0000000084700000, 0x0000000084800000, 0x0000000084800000|100%|HC|  |TAMS 0x0000000084700000| PB 0x0000000084700000| Complete 
|  22|0x0000000084800000, 0x0000000084900000, 0x0000000084900000|100%|HC|  |TAMS 0x0000000084800000| PB 0x0000000084800000| Complete 
|  23|0x0000000084900000, 0x0000000084a00000, 0x0000000084a00000|100%|HS|  |TAMS 0x0000000084900000| PB 0x0000000084900000| Complete 
|  24|0x0000000084a00000, 0x0000000084b00000, 0x0000000084b00000|100%|HC|  |TAMS 0x0000000084a00000| PB 0x0000000084a00000| Complete 
|  25|0x0000000084b00000, 0x0000000084c00000, 0x0000000084c00000|100%|HC|  |TAMS 0x0000000084b00000| PB 0x0000000084b00000| Complete 
|  26|0x0000000084c00000, 0x0000000084d00000, 0x0000000084d00000|100%|HC|  |TAMS 0x0000000084c00000| PB 0x0000000084c00000| Complete 
|  27|0x0000000084d00000, 0x0000000084e00000, 0x0000000084e00000|100%|HC|  |TAMS 0x0000000084d00000| PB 0x0000000084d00000| Complete 
|  28|0x0000000084e00000, 0x0000000084f00000, 0x0000000084f00000|100%|HC|  |TAMS 0x0000000084e00000| PB 0x0000000084e00000| Complete 
|  29|0x0000000084f00000, 0x0000000085000000, 0x0000000085000000|100%|HS|  |TAMS 0x0000000084f00000| PB 0x0000000084f00000| Complete 
|  30|0x0000000085000000, 0x0000000085100000, 0x0000000085100000|100%|HC|  |TAMS 0x0000000085000000| PB 0x0000000085000000| Complete 
|  31|0x0000000085100000, 0x0000000085200000, 0x0000000085200000|100%|HC|  |TAMS 0x0000000085100000| PB 0x0000000085100000| Complete 
|  32|0x0000000085200000, 0x0000000085300000, 0x0000000085300000|100%|HC|  |TAMS 0x0000000085200000| PB 0x0000000085200000| Complete 
|  33|0x0000000085300000, 0x0000000085400000, 0x0000000085400000|100%|HC|  |TAMS 0x0000000085300000| PB 0x0000000085300000| Complete 
|  34|0x0000000085400000, 0x0000000085500000, 0x0000000085500000|100%|HC|  |TAMS 0x0000000085400000| PB 0x0000000085400000| Complete 
|  35|0x0000000085500000, 0x0000000085500000, 0x0000000085600000|  0%| F|  |TAMS 0x0000000085500000| PB 0x0000000085500000| Untracked 
|  36|0x0000000085600000, 0x0000000085600000, 0x0000000085700000|  0%| F|  |TAMS 0x0000000085600000| PB 0x0000000085600000| Untracked 
|  37|0x0000000085700000, 0x0000000085700000, 0x0000000085800000|  0%| F|  |TAMS 0x0000000085700000| PB 0x0000000085700000| Untracked 
|  38|0x0000000085800000, 0x0000000085800000, 0x0000000085900000|  0%| F|  |TAMS 0x0000000085800000| PB 0x0000000085800000| Untracked 
|  39|0x0000000085900000, 0x0000000085900000, 0x0000000085a00000|  0%| F|  |TAMS 0x0000000085900000| PB 0x0000000085900000| Untracked 
|  40|0x0000000085a00000, 0x0000000085a00000, 0x0000000085b00000|  0%| F|  |TAMS 0x0000000085a00000| PB 0x0000000085a00000| Untracked 
|  41|0x0000000085b00000, 0x0000000085b00000, 0x0000000085c00000|  0%| F|  |TAMS 0x0000000085b00000| PB 0x0000000085b00000| Untracked 
|  42|0x0000000085c00000, 0x0000000085c00000, 0x0000000085d00000|  0%| F|  |TAMS 0x0000000085c00000| PB 0x0000000085c00000| Untracked 
|  43|0x0000000085d00000, 0x0000000085d00000, 0x0000000085e00000|  0%| F|  |TAMS 0x0000000085d00000| PB 0x0000000085d00000| Untracked 
|  44|0x0000000085e00000, 0x0000000085e00000, 0x0000000085f00000|  0%| F|  |TAMS 0x0000000085e00000| PB 0x0000000085e00000| Untracked 
|  45|0x0000000085f00000, 0x0000000085f00000, 0x0000000086000000|  0%| F|  |TAMS 0x0000000085f00000| PB 0x0000000085f00000| Untracked 
|  46|0x0000000086000000, 0x0000000086000000, 0x0000000086100000|  0%| F|  |TAMS 0x0000000086000000| PB 0x0000000086000000| Untracked 
|  47|0x0000000086100000, 0x0000000086100000, 0x0000000086200000|  0%| F|  |TAMS 0x0000000086100000| PB 0x0000000086100000| Untracked 
|  48|0x0000000086200000, 0x0000000086200000, 0x0000000086300000|  0%| F|  |TAMS 0x0000000086200000| PB 0x0000000086200000| Untracked 
|  49|0x0000000086300000, 0x0000000086300000, 0x0000000086400000|  0%| F|  |TAMS 0x0000000086300000| PB 0x0000000086300000| Untracked 
|  50|0x0000000086400000, 0x0000000086400000, 0x0000000086500000|  0%| F|  |TAMS 0x0000000086400000| PB 0x0000000086400000| Untracked 
|  51|0x0000000086500000, 0x0000000086500000, 0x0000000086600000|  0%| F|  |TAMS 0x0000000086500000| PB 0x0000000086500000| Untracked 
|  52|0x0000000086600000, 0x0000000086600000, 0x0000000086700000|  0%| F|  |TAMS 0x0000000086600000| PB 0x0000000086600000| Untracked 
|  53|0x0000000086700000, 0x0000000086700000, 0x0000000086800000|  0%| F|  |TAMS 0x0000000086700000| PB 0x0000000086700000| Untracked 
|  54|0x0000000086800000, 0x0000000086800000, 0x0000000086900000|  0%| F|  |TAMS 0x0000000086800000| PB 0x0000000086800000| Untracked 
|  55|0x0000000086900000, 0x0000000086900000, 0x0000000086a00000|  0%| F|  |TAMS 0x0000000086900000| PB 0x0000000086900000| Untracked 
|  56|0x0000000086a00000, 0x0000000086a00000, 0x0000000086b00000|  0%| F|  |TAMS 0x0000000086a00000| PB 0x0000000086a00000| Untracked 
|  57|0x0000000086b00000, 0x0000000086b00000, 0x0000000086c00000|  0%| F|  |TAMS 0x0000000086b00000| PB 0x0000000086b00000| Untracked 
|  58|0x0000000086c00000, 0x0000000086c00000, 0x0000000086d00000|  0%| F|  |TAMS 0x0000000086c00000| PB 0x0000000086c00000| Untracked 
|  59|0x0000000086d00000, 0x0000000086d00000, 0x0000000086e00000|  0%| F|  |TAMS 0x0000000086d00000| PB 0x0000000086d00000| Untracked 
|  60|0x0000000086e00000, 0x0000000086e00000, 0x0000000086f00000|  0%| F|  |TAMS 0x0000000086e00000| PB 0x0000000086e00000| Untracked 
|  61|0x0000000086f00000, 0x0000000086f00000, 0x0000000087000000|  0%| F|  |TAMS 0x0000000086f00000| PB 0x0000000086f00000| Untracked 
|  62|0x0000000087000000, 0x0000000087000000, 0x0000000087100000|  0%| F|  |TAMS 0x0000000087000000| PB 0x0000000087000000| Untracked 
|  63|0x0000000087100000, 0x0000000087100000, 0x0000000087200000|  0%| F|  |TAMS 0x0000000087100000| PB 0x0000000087100000| Untracked 
|  64|0x0000000087200000, 0x0000000087200000, 0x0000000087300000|  0%| F|  |TAMS 0x0000000087200000| PB 0x0000000087200000| Untracked 
|  65|0x0000000087300000, 0x0000000087300000, 0x0000000087400000|  0%| F|  |TAMS 0x0000000087300000| PB 0x0000000087300000| Untracked 
|  66|0x0000000087400000, 0x0000000087400000, 0x0000000087500000|  0%| F|  |TAMS 0x0000000087400000| PB 0x0000000087400000| Untracked 
|  67|0x0000000087500000, 0x0000000087500000, 0x0000000087600000|  0%| F|  |TAMS 0x0000000087500000| PB 0x0000000087500000| Untracked 
|  68|0x0000000087600000, 0x0000000087600000, 0x0000000087700000|  0%| F|  |TAMS 0x0000000087600000| PB 0x0000000087600000| Untracked 
|  69|0x0000000087700000, 0x0000000087700000, 0x0000000087800000|  0%| F|  |TAMS 0x0000000087700000| PB 0x0000000087700000| Untracked 
|  70|0x0000000087800000, 0x0000000087800000, 0x0000000087900000|  0%| F|  |TAMS 0x0000000087800000| PB 0x0000000087800000| Untracked 
|  71|0x0000000087900000, 0x0000000087900000, 0x0000000087a00000|  0%| F|  |TAMS 0x0000000087900000| PB 0x0000000087900000| Untracked 
|  72|0x0000000087a00000, 0x0000000087a00000, 0x0000000087b00000|  0%| F|  |TAMS 0x0000000087a00000| PB 0x0000000087a00000| Untracked 
|  73|0x0000000087b00000, 0x0000000087b00000, 0x0000000087c00000|  0%| F|  |TAMS 0x0000000087b00000| PB 0x0000000087b00000| Untracked 
|  74|0x0000000087c00000, 0x0000000087c00000, 0x0000000087d00000|  0%| F|  |TAMS 0x0000000087c00000| PB 0x0000000087c00000| Untracked 
|  75|0x0000000087d00000, 0x0000000087d00000, 0x0000000087e00000|  0%| F|  |TAMS 0x0000000087d00000| PB 0x0000000087d00000| Untracked 
|  76|0x0000000087e00000, 0x0000000087e00000, 0x0000000087f00000|  0%| F|  |TAMS 0x0000000087e00000| PB 0x0000000087e00000| Untracked 
|  77|0x0000000087f00000, 0x0000000087f00000, 0x0000000088000000|  0%| F|  |TAMS 0x0000000087f00000| PB 0x0000000087f00000| Untracked 
|  78|0x0000000088000000, 0x0000000088096068, 0x0000000088100000| 58%| E|  |TAMS 0x0000000088000000| PB 0x0000000088000000| Complete 
|  79|0x0000000088100000, 0x0000000088200000, 0x0000000088200000|100%| E|CS|TAMS 0x0000000088100000| PB 0x0000000088100000| Complete 
|  80|0x0000000088200000, 0x0000000088300000, 0x0000000088300000|100%| E|CS|TAMS 0x0000000088200000| PB 0x0000000088200000| Complete 
|  81|0x0000000088300000, 0x0000000088400000, 0x0000000088400000|100%| E|CS|TAMS 0x0000000088300000| PB 0x0000000088300000| Complete 
|  82|0x0000000088400000, 0x0000000088500000, 0x0000000088500000|100%| E|CS|TAMS 0x0000000088400000| PB 0x0000000088400000| Complete 
|  83|0x0000000088500000, 0x0000000088600000, 0x0000000088600000|100%| E|CS|TAMS 0x0000000088500000| PB 0x0000000088500000| Complete 
|  84|0x0000000088600000, 0x0000000088700000, 0x0000000088700000|100%| E|CS|TAMS 0x0000000088600000| PB 0x0000000088600000| Complete 
|  85|0x0000000088700000, 0x0000000088800000, 0x0000000088800000|100%| E|CS|TAMS 0x0000000088700000| PB 0x0000000088700000| Complete 
|  86|0x0000000088800000, 0x0000000088900000, 0x0000000088900000|100%| E|CS|TAMS 0x0000000088800000| PB 0x0000000088800000| Complete 
|  87|0x0000000088900000, 0x0000000088a00000, 0x0000000088a00000|100%| E|CS|TAMS 0x0000000088900000| PB 0x0000000088900000| Complete 
|  88|0x0000000088a00000, 0x0000000088b00000, 0x0000000088b00000|100%| E|CS|TAMS 0x0000000088a00000| PB 0x0000000088a00000| Complete 
|  89|0x0000000088b00000, 0x0000000088c00000, 0x0000000088c00000|100%| E|CS|TAMS 0x0000000088b00000| PB 0x0000000088b00000| Complete 
|  90|0x0000000088c00000, 0x0000000088d00000, 0x0000000088d00000|100%| E|CS|TAMS 0x0000000088c00000| PB 0x0000000088c00000| Complete 
|  91|0x0000000088d00000, 0x0000000088e00000, 0x0000000088e00000|100%| E|CS|TAMS 0x0000000088d00000| PB 0x0000000088d00000| Complete 
|  92|0x0000000088e00000, 0x0000000088f00000, 0x0000000088f00000|100%| E|  |TAMS 0x0000000088e00000| PB 0x0000000088e00000| Complete 
|  93|0x0000000088f00000, 0x0000000089000000, 0x0000000089000000|100%| E|CS|TAMS 0x0000000088f00000| PB 0x0000000088f00000| Complete 
|  94|0x0000000089000000, 0x0000000089100000, 0x0000000089100000|100%| E|CS|TAMS 0x0000000089000000| PB 0x0000000089000000| Complete 
|  95|0x0000000089100000, 0x0000000089200000, 0x0000000089200000|100%| E|CS|TAMS 0x0000000089100000| PB 0x0000000089100000| Complete 
|  96|0x0000000089200000, 0x0000000089300000, 0x0000000089300000|100%| E|CS|TAMS 0x0000000089200000| PB 0x0000000089200000| Complete 
|  97|0x0000000089300000, 0x0000000089400000, 0x0000000089400000|100%| E|CS|TAMS 0x0000000089300000| PB 0x0000000089300000| Complete 
|  98|0x0000000089400000, 0x0000000089500000, 0x0000000089500000|100%| E|CS|TAMS 0x0000000089400000| PB 0x0000000089400000| Complete 
|  99|0x0000000089500000, 0x0000000089600000, 0x0000000089600000|100%| E|CS|TAMS 0x0000000089500000| PB 0x0000000089500000| Complete 
| 100|0x0000000089600000, 0x0000000089700000, 0x0000000089700000|100%| E|CS|TAMS 0x0000000089600000| PB 0x0000000089600000| Complete 
| 101|0x0000000089700000, 0x00000000897d6510, 0x0000000089800000| 83%| S|CS|TAMS 0x0000000089700000| PB 0x0000000089700000| Complete 
| 102|0x0000000089800000, 0x0000000089900000, 0x0000000089900000|100%| S|CS|TAMS 0x0000000089800000| PB 0x0000000089800000| Complete 
| 103|0x0000000089900000, 0x0000000089a00000, 0x0000000089a00000|100%| E|CS|TAMS 0x0000000089900000| PB 0x0000000089900000| Complete 
| 104|0x0000000089a00000, 0x0000000089b00000, 0x0000000089b00000|100%| E|CS|TAMS 0x0000000089a00000| PB 0x0000000089a00000| Complete 
| 105|0x0000000089b00000, 0x0000000089c00000, 0x0000000089c00000|100%| E|CS|TAMS 0x0000000089b00000| PB 0x0000000089b00000| Complete 
| 106|0x0000000089c00000, 0x0000000089d00000, 0x0000000089d00000|100%| E|CS|TAMS 0x0000000089c00000| PB 0x0000000089c00000| Complete 
| 107|0x0000000089d00000, 0x0000000089e00000, 0x0000000089e00000|100%| E|CS|TAMS 0x0000000089d00000| PB 0x0000000089d00000| Complete 
| 108|0x0000000089e00000, 0x0000000089f00000, 0x0000000089f00000|100%| E|CS|TAMS 0x0000000089e00000| PB 0x0000000089e00000| Complete 
| 109|0x0000000089f00000, 0x000000008a000000, 0x000000008a000000|100%| E|CS|TAMS 0x0000000089f00000| PB 0x0000000089f00000| Complete 
| 110|0x000000008a000000, 0x000000008a100000, 0x000000008a100000|100%| E|CS|TAMS 0x000000008a000000| PB 0x000000008a000000| Complete 
| 111|0x000000008a100000, 0x000000008a200000, 0x000000008a200000|100%| E|CS|TAMS 0x000000008a100000| PB 0x000000008a100000| Complete 
| 112|0x000000008a200000, 0x000000008a300000, 0x000000008a300000|100%| E|CS|TAMS 0x000000008a200000| PB 0x000000008a200000| Complete 
| 113|0x000000008a300000, 0x000000008a400000, 0x000000008a400000|100%| E|CS|TAMS 0x000000008a300000| PB 0x000000008a300000| Complete 
| 114|0x000000008a400000, 0x000000008a500000, 0x000000008a500000|100%| E|CS|TAMS 0x000000008a400000| PB 0x000000008a400000| Complete 
| 115|0x000000008a500000, 0x000000008a600000, 0x000000008a600000|100%| E|CS|TAMS 0x000000008a500000| PB 0x000000008a500000| Complete 
| 116|0x000000008a600000, 0x000000008a700000, 0x000000008a700000|100%| E|CS|TAMS 0x000000008a600000| PB 0x000000008a600000| Complete 
| 117|0x000000008a700000, 0x000000008a800000, 0x000000008a800000|100%| E|CS|TAMS 0x000000008a700000| PB 0x000000008a700000| Complete 
| 118|0x000000008a800000, 0x000000008a900000, 0x000000008a900000|100%| E|CS|TAMS 0x000000008a800000| PB 0x000000008a800000| Complete 
| 119|0x000000008a900000, 0x000000008aa00000, 0x000000008aa00000|100%| E|CS|TAMS 0x000000008a900000| PB 0x000000008a900000| Complete 
| 120|0x000000008aa00000, 0x000000008ab00000, 0x000000008ab00000|100%| E|CS|TAMS 0x000000008aa00000| PB 0x000000008aa00000| Complete 
| 121|0x000000008ab00000, 0x000000008ac00000, 0x000000008ac00000|100%| E|CS|TAMS 0x000000008ab00000| PB 0x000000008ab00000| Complete 
| 122|0x000000008ac00000, 0x000000008ad00000, 0x000000008ad00000|100%| E|CS|TAMS 0x000000008ac00000| PB 0x000000008ac00000| Complete 
| 123|0x000000008ad00000, 0x000000008ae00000, 0x000000008ae00000|100%| E|CS|TAMS 0x000000008ad00000| PB 0x000000008ad00000| Complete 
| 124|0x000000008ae00000, 0x000000008af00000, 0x000000008af00000|100%| E|CS|TAMS 0x000000008ae00000| PB 0x000000008ae00000| Complete 
| 125|0x000000008af00000, 0x000000008b000000, 0x000000008b000000|100%| E|CS|TAMS 0x000000008af00000| PB 0x000000008af00000| Complete 

Card table byte_map: [0x000002bf36b20000,0x000002bf36f10000] _byte_map_base: 0x000002bf36707000

Marking Bits: (CMBitMap*) 0x000002bf1f0a97d0
 Bits: [0x000002bf36f10000, 0x000002bf38e48000)

Polling page: 0x000002bf1e830000

Metaspace:

Usage:
  Non-class:     13.93 MB used.
      Class:      2.31 MB used.
       Both:     16.23 MB used.

Virtual space:
  Non-class space:       64.00 MB reserved,      14.06 MB ( 22%) committed,  1 nodes.
      Class space:        1.00 GB reserved,       2.44 MB ( <1%) committed,  1 nodes.
             Both:        1.06 GB reserved,      16.50 MB (  2%) committed. 

Chunk freelists:
   Non-Class:  1.20 MB
       Class:  13.51 MB
        Both:  14.71 MB

MaxMetaspaceSize: unlimited
CompressedClassSpaceSize: 1.00 GB
Initial GC threshold: 21.00 MB
Current GC threshold: 21.00 MB
CDS: on
 - commit_granule_bytes: 65536.
 - commit_granule_words: 8192.
 - virtual_space_node_default_size: 8388608.
 - enlarge_chunks_in_place: 1.
 - use_allocation_guard: 0.


Internal statistics:

num_allocs_failed_limit: 0.
num_arena_births: 352.
num_arena_deaths: 0.
num_vsnodes_births: 2.
num_vsnodes_deaths: 0.
num_space_committed: 264.
num_space_uncommitted: 0.
num_chunks_returned_to_freelist: 0.
num_chunks_taken_from_freelist: 884.
num_chunk_merges: 0.
num_chunk_splits: 605.
num_chunks_enlarged: 458.
num_inconsistent_stats: 0.

CodeHeap 'non-profiled nmethods': size=120000Kb used=1445Kb max_used=1445Kb free=118554Kb
 bounds [0x000002bf2f200000, 0x000002bf2f470000, 0x000002bf36730000]
CodeHeap 'profiled nmethods': size=120000Kb used=6531Kb max_used=6531Kb free=113469Kb
 bounds [0x000002bf27730000, 0x000002bf27da0000, 0x000002bf2ec60000]
CodeHeap 'non-nmethods': size=5760Kb used=2045Kb max_used=2078Kb free=3714Kb
 bounds [0x000002bf2ec60000, 0x000002bf2eed0000, 0x000002bf2f200000]
 total_blobs=4174 nmethods=3356 adapters=722
 compilation: enabled
              stopped_count=0, restarted_count=0
 full_count=0

Compilation events (20 events):
Event: 61.074 Thread 0x000002bf3b31f7b0 3350       3       javafx.scene.layout.Region::snapSpaceY (17 bytes)
Event: 61.075 Thread 0x000002bf3b31f7b0 nmethod 3350 0x000002bf27d8c010 code [0x000002bf27d8c280, 0x000002bf27d8cb98]
Event: 61.075 Thread 0x000002bf3b31f7b0 3351       3       javafx.scene.control.Labeled::isWrapText (22 bytes)
Event: 61.076 Thread 0x000002bf3b31f7b0 nmethod 3351 0x000002bf27d8ce90 code [0x000002bf27d8d060, 0x000002bf27d8d598]
Event: 61.077 Thread 0x000002bf3b31e3c0 3352       4       com.sun.prism.d3d.D3DContext::validate (45 bytes)
Event: 61.078 Thread 0x000002bf3b31e3c0 nmethod 3352 0x000002bf2f368c10 code [0x000002bf2f368d80, 0x000002bf2f368de8]
Event: 61.079 Thread 0x000002bf3b31f7b0 3353       3       com.sun.prism.impl.ps.PaintHelper::setMultiGradient (177 bytes)
Event: 61.081 Thread 0x000002bf3b31e3c0 3356       4       com.sun.marlin.FloatMath::min (11 bytes)
Event: 61.082 Thread 0x000002bf3b31f7b0 nmethod 3353 0x000002bf27d8d710 code [0x000002bf27d8da20, 0x000002bf27d8e878]
Event: 61.082 Thread 0x000002bf3b31f7b0 3354       3       com.sun.javafx.font.PrismFontFactory::isLCDTextSupported (4 bytes)
Event: 61.082 Thread 0x000002bf3b31f7b0 nmethod 3354 0x000002bf27d8ed10 code [0x000002bf27d8eea0, 0x000002bf27d8efc0]
Event: 61.082 Thread 0x000002bf3b31f7b0 3355       3       com.sun.javafx.font.CompositeStrike::getAAMode (18 bytes)
Event: 61.082 Thread 0x000002bf3b31e3c0 nmethod 3356 0x000002bf2f368f10 code [0x000002bf2f369080, 0x000002bf2f3690f0]
Event: 61.083 Thread 0x000002bf3b31f7b0 nmethod 3355 0x000002bf27d8f090 code [0x000002bf27d8f260, 0x000002bf27d8f508]
Event: 61.086 Thread 0x000002bf3b31f7b0 3357       3       java.lang.FdLibm::__HI (11 bytes)
Event: 61.086 Thread 0x000002bf3b31f7b0 nmethod 3357 0x000002bf27d8f610 code [0x000002bf27d8f7a0, 0x000002bf27d8f8b0]
Event: 61.087 Thread 0x000002bf3b31f7b0 3358       3       com.sun.prism.impl.ps.BaseShaderContext::getSpecialShader (113 bytes)
Event: 61.089 Thread 0x000002bf3b31f7b0 nmethod 3358 0x000002bf27d8f990 code [0x000002bf27d8fbe0, 0x000002bf27d90818]
Event: 61.461 Thread 0x000002bf3b31f7b0 3359       1       com.sun.glass.ui.Application::hasWindowManager (2 bytes)
Event: 61.461 Thread 0x000002bf3b31f7b0 nmethod 3359 0x000002bf2f369210 code [0x000002bf2f3693a0, 0x000002bf2f369468]

GC Heap History (4 events):
Event: 0.511 GC heap before
{Heap before GC invocations=0 (full 0):
 garbage-first heap   total 129024K, used 12288K [0x0000000083200000, 0x0000000100000000)
  region size 1024K, 13 young (13312K), 0 survivors (0K)
 Metaspace       used 2397K, committed 2560K, reserved 1114112K
  class space    used 249K, committed 320K, reserved 1048576K
}
Event: 0.514 GC heap after
{Heap after GC invocations=1 (full 0):
 garbage-first heap   total 129024K, used 1994K [0x0000000083200000, 0x0000000100000000)
  region size 1024K, 2 young (2048K), 2 survivors (2048K)
 Metaspace       used 2397K, committed 2560K, reserved 1114112K
  class space    used 249K, committed 320K, reserved 1048576K
}
Event: 0.946 GC heap before
{Heap before GC invocations=1 (full 0):
 garbage-first heap   total 129024K, used 28618K [0x0000000083200000, 0x0000000100000000)
  region size 1024K, 23 young (23552K), 2 survivors (2048K)
 Metaspace       used 8387K, committed 8704K, reserved 1114112K
  class space    used 1109K, committed 1280K, reserved 1048576K
}
Event: 0.950 GC heap after
{Heap after GC invocations=2 (full 0):
 garbage-first heap   total 129024K, used 10234K [0x0000000083200000, 0x0000000100000000)
  region size 1024K, 2 young (2048K), 2 survivors (2048K)
 Metaspace       used 8387K, committed 8704K, reserved 1114112K
  class space    used 1109K, committed 1280K, reserved 1048576K
}

Dll operation events (20 events):
Event: 0.450 Loaded shared library C:\Users\NickS\.openjfx\cache\21-ea+null\amd64\api-ms-win-crt-math-l1-1-0.dll
Event: 0.453 Loaded shared library C:\Users\NickS\.openjfx\cache\21-ea+null\amd64\api-ms-win-crt-multibyte-l1-1-0.dll
Event: 0.456 Loaded shared library C:\Users\NickS\.openjfx\cache\21-ea+null\amd64\api-ms-win-crt-private-l1-1-0.dll
Event: 0.459 Loaded shared library C:\Users\NickS\.openjfx\cache\21-ea+null\amd64\api-ms-win-crt-process-l1-1-0.dll
Event: 0.461 Loaded shared library C:\Users\NickS\.openjfx\cache\21-ea+null\amd64\api-ms-win-crt-runtime-l1-1-0.dll
Event: 0.463 Loaded shared library C:\Users\NickS\.openjfx\cache\21-ea+null\amd64\api-ms-win-crt-stdio-l1-1-0.dll
Event: 0.466 Loaded shared library C:\Users\NickS\.openjfx\cache\21-ea+null\amd64\api-ms-win-crt-string-l1-1-0.dll
Event: 0.468 Loaded shared library C:\Users\NickS\.openjfx\cache\21-ea+null\amd64\api-ms-win-crt-time-l1-1-0.dll
Event: 0.471 Loaded shared library C:\Users\NickS\.openjfx\cache\21-ea+null\amd64\api-ms-win-crt-utility-l1-1-0.dll
Event: 0.486 Loaded shared library C:\Users\NickS\.openjfx\cache\21-ea+null\amd64\ucrtbase.dll
Event: 0.490 Loaded shared library C:\Users\NickS\.openjfx\cache\21-ea+null\amd64\vcruntime140.dll
Event: 0.493 Loaded shared library C:\Users\NickS\.openjfx\cache\21-ea+null\amd64\vcruntime140_1.dll
Event: 0.503 Loaded shared library C:\Users\NickS\.openjfx\cache\21-ea+null\amd64\msvcp140.dll
Event: 0.506 Loaded shared library C:\Users\NickS\.openjfx\cache\21-ea+null\amd64\msvcp140_1.dll
Event: 0.511 Loaded shared library C:\Users\NickS\.openjfx\cache\21-ea+null\amd64\msvcp140_2.dll
Event: 0.558 Loaded shared library C:\Users\NickS\.openjfx\cache\21-ea+null\amd64\prism_d3d.dll
Event: 0.598 Loaded shared library C:\Users\NickS\.openjfx\cache\21-ea+null\amd64\glass.dll
Event: 0.710 Loaded shared library C:\Users\NickS\.jdks\corretto-21.0.1\bin\jimage.dll
Event: 0.871 Loaded shared library C:\Users\NickS\.openjfx\cache\21-ea+null\amd64\javafx_iio.dll
Event: 0.972 Loaded shared library C:\Users\NickS\.openjfx\cache\21-ea+null\amd64\javafx_font.dll

Deoptimization events (20 events):
Event: 52.019 Thread 0x000002bf3b5269f0 DEOPT PACKING pc=0x000002bf27cc6fca sp=0x000000e1011fe100
Event: 52.019 Thread 0x000002bf3b5269f0 DEOPT UNPACKING pc=0x000002bf2ecb88e2 sp=0x000000e1011fd558 mode 0
Event: 52.021 Thread 0x000002bf3b5269f0 DEOPT PACKING pc=0x000002bf27cc6fca sp=0x000000e1011fe100
Event: 52.021 Thread 0x000002bf3b5269f0 DEOPT UNPACKING pc=0x000002bf2ecb88e2 sp=0x000000e1011fd558 mode 0
Event: 52.021 Thread 0x000002bf3b5269f0 DEOPT PACKING pc=0x000002bf27cc6fca sp=0x000000e1011fe100
Event: 52.021 Thread 0x000002bf3b5269f0 DEOPT UNPACKING pc=0x000002bf2ecb88e2 sp=0x000000e1011fd558 mode 0
Event: 52.021 Thread 0x000002bf3b5269f0 DEOPT PACKING pc=0x000002bf27cc6fca sp=0x000000e1011fe100
Event: 52.021 Thread 0x000002bf3b5269f0 DEOPT UNPACKING pc=0x000002bf2ecb88e2 sp=0x000000e1011fd558 mode 0
Event: 52.021 Thread 0x000002bf3b5269f0 DEOPT PACKING pc=0x000002bf27cc6fca sp=0x000000e1011fe100
Event: 52.021 Thread 0x000002bf3b5269f0 DEOPT UNPACKING pc=0x000002bf2ecb88e2 sp=0x000000e1011fd558 mode 0
Event: 52.021 Thread 0x000002bf3b5269f0 DEOPT PACKING pc=0x000002bf27cc6fca sp=0x000000e1011fe100
Event: 52.021 Thread 0x000002bf3b5269f0 DEOPT UNPACKING pc=0x000002bf2ecb88e2 sp=0x000000e1011fd558 mode 0
Event: 52.022 Thread 0x000002bf3b5269f0 DEOPT PACKING pc=0x000002bf27c08e2c sp=0x000000e1011fe250
Event: 52.022 Thread 0x000002bf3b5269f0 DEOPT UNPACKING pc=0x000002bf2ecb88e2 sp=0x000000e1011fd6a0 mode 0
Event: 52.024 Thread 0x000002bf3b5269f0 DEOPT PACKING pc=0x000002bf27cc6fca sp=0x000000e1011fe100
Event: 52.024 Thread 0x000002bf3b5269f0 DEOPT UNPACKING pc=0x000002bf2ecb88e2 sp=0x000000e1011fd558 mode 0
Event: 52.024 Thread 0x000002bf3b5269f0 DEOPT PACKING pc=0x000002bf27cc6fca sp=0x000000e1011fe100
Event: 52.024 Thread 0x000002bf3b5269f0 DEOPT UNPACKING pc=0x000002bf2ecb88e2 sp=0x000000e1011fd558 mode 0
Event: 52.024 Thread 0x000002bf3b5269f0 DEOPT PACKING pc=0x000002bf27cc6fca sp=0x000000e1011fe100
Event: 52.024 Thread 0x000002bf3b5269f0 DEOPT UNPACKING pc=0x000002bf2ecb88e2 sp=0x000000e1011fd558 mode 0

Classes loaded (20 events):
Event: 1.902 Loading class java/nio/ShortBuffer
Event: 1.902 Loading class java/nio/ShortBuffer done
Event: 1.902 Loading class java/nio/DoubleBuffer
Event: 1.902 Loading class java/nio/DoubleBuffer done
Event: 1.903 Loading class java/nio/DirectFloatBufferU
Event: 1.903 Loading class java/nio/DirectFloatBufferU done
Event: 1.912 Loading class jdk/internal/ref/CleanerImpl$InnocuousThreadFactory
Event: 1.912 Loading class jdk/internal/ref/CleanerImpl$InnocuousThreadFactory done
Event: 1.918 Loading class sun/misc/Unsafe
Event: 1.918 Loading class sun/misc/Unsafe done
Event: 1.919 Loading class java/lang/invoke/DirectMethodHandle$StaticAccessor
Event: 1.919 Loading class java/lang/invoke/DirectMethodHandle$StaticAccessor done
Event: 1.948 Loading class java/lang/FdLibm$Atan2
Event: 1.949 Loading class java/lang/FdLibm$Atan2 done
Event: 48.948 Loading class java/io/UnsupportedEncodingException
Event: 48.948 Loading class java/io/UnsupportedEncodingException done
Event: 49.615 Loading class java/io/CharArrayReader
Event: 49.615 Loading class java/io/CharArrayReader done
Event: 78.488 Loading class jdk/internal/misc/Signal$1
Event: 78.488 Loading class jdk/internal/misc/Signal$1 done

Classes unloaded (0 events):
No events

Classes redefined (0 events):
No events

Internal exceptions (20 events):
Event: 1.099 Thread 0x000002bf3b524290 Exception <a 'java/lang/NoSuchMethodError'{0x000000008a8659c0}: 'void java.lang.invoke.DirectMethodHandle$Holder.invokeStaticInit(java.lang.Object, java.lang.Object)'> (0x000000008a8659c0) 
thrown [s\src\hotspot\share\interpreter\linkResolver.cpp, line 773]
Event: 1.116 Thread 0x000002bf3b524290 Exception <a 'sun/nio/fs/WindowsException'{0x000000008a75a580}> (0x000000008a75a580) 
thrown [s\src\hotspot\share\prims\jni.cpp, line 520]
Event: 1.286 Thread 0x000002bf3b524290 Exception <a 'sun/nio/fs/WindowsException'{0x000000008a385088}> (0x000000008a385088) 
thrown [s\src\hotspot\share\prims\jni.cpp, line 520]
Event: 1.301 Thread 0x000002bf3b524290 Implicit null exception at 0x000002bf2f2813f7 to 0x000002bf2f2818cc
Event: 1.317 Thread 0x000002bf3b524290 Implicit null exception at 0x000002bf2f280001 to 0x000002bf2f280504
Event: 1.577 Thread 0x000002bf3b524290 Exception <a 'java/lang/IncompatibleClassChangeError'{0x0000000089c9ee70}: Found class java.lang.Object, but interface was expected> (0x0000000089c9ee70) 
thrown [s\src\hotspot\share\interpreter\linkResolver.cpp, line 840]
Event: 1.629 Thread 0x000002bf3b524290 Exception <a 'java/lang/ClassNotFoundException'{0x0000000089957350}: com/sun/javafx/scene/control/skin/resources/controls> (0x0000000089957350) 
thrown [s\src\hotspot\share\prims\jni.cpp, line 539]
Event: 1.630 Thread 0x000002bf3b524290 Exception <a 'java/lang/ClassNotFoundException'{0x0000000089965550}: com/sun/javafx/scene/control/skin/resources/controls_ru> (0x0000000089965550) 
thrown [s\src\hotspot\share\prims\jni.cpp, line 539]
Event: 1.631 Thread 0x000002bf3b524290 Exception <a 'java/lang/ClassNotFoundException'{0x00000000899664f8}: com/sun/javafx/scene/control/skin/resources/controls_ru_RU> (0x00000000899664f8) 
thrown [s\src\hotspot\share\prims\jni.cpp, line 539]
Event: 1.682 Thread 0x000002bf3b524290 Exception <a 'java/lang/NoSuchMethodError'{0x0000000089543e20}: 'void java.lang.invoke.DirectMethodHandle$Holder.invokeSpecial(java.lang.Object, java.lang.Object, java.lang.Object, java.lang.Object, java.lang.Object, java.lang.Object)'> (0x0000000089543e20) 
thrown [s\src\hotspot\share\interpreter\linkResolver.cpp, line 773]
Event: 1.805 Thread 0x000002bf3b524290 Exception <a 'java/lang/NoSuchMethodError'{0x0000000089006e30}: 'int java.lang.invoke.DirectMethodHandle$Holder.invokeSpecial(java.lang.Object, java.lang.Object, int)'> (0x0000000089006e30) 
thrown [s\src\hotspot\share\interpreter\linkResolver.cpp, line 773]
Event: 1.818 Thread 0x000002bf3b524290 Exception <a 'java/lang/NoSuchMethodError'{0x0000000089041120}: 'java.lang.Object java.lang.invoke.DirectMethodHandle$Holder.newInvokeSpecial(java.lang.Object, java.lang.Object, int)'> (0x0000000089041120) 
thrown [s\src\hotspot\share\interpreter\linkResolver.cpp, line 773]
Event: 1.852 Thread 0x000002bf3b5269f0 Exception <a 'java/lang/NoSuchMethodError'{0x0000000088f0d3b0}: 'int java.lang.invoke.DirectMethodHandle$Holder.invokeStaticInit(java.lang.Object, java.lang.Object)'> (0x0000000088f0d3b0) 
thrown [s\src\hotspot\share\interpreter\linkResolver.cpp, line 773]
Event: 1.864 Thread 0x000002bf3b524290 Exception <a 'java/lang/NoSuchMethodError'{0x00000000890f7380}: 'long java.lang.invoke.DirectMethodHandle$Holder.invokeStatic(java.lang.Object, java.lang.Object, java.lang.Object)'> (0x00000000890f7380) 
thrown [s\src\hotspot\share\interpreter\linkResolver.cpp, line 773]
Event: 1.864 Thread 0x000002bf3b524290 Exception <a 'java/lang/NoSuchMethodError'{0x00000000890fa750}: 'long java.lang.invoke.DirectMethodHandle$Holder.invokeStaticInit(java.lang.Object, java.lang.Object, java.lang.Object)'> (0x00000000890fa750) 
thrown [s\src\hotspot\share\interpreter\linkResolver.cpp, line 773]
Event: 1.866 Thread 0x000002bf3b524290 Exception <a 'java/lang/NoSuchMethodError'{0x0000000088f766f0}: 'java.lang.Object java.lang.invoke.DirectMethodHandle$Holder.newInvokeSpecial(java.lang.Object, java.lang.Object, long)'> (0x0000000088f766f0) 
thrown [s\src\hotspot\share\interpreter\linkResolver.cpp, line 773]
Event: 1.866 Thread 0x000002bf3b524290 Exception <a 'java/lang/NoSuchMethodError'{0x0000000088f79fe8}: 'java.lang.Object java.lang.invoke.Invokers$Holder.linkToTargetMethod(java.lang.Object, long, java.lang.Object)'> (0x0000000088f79fe8) 
thrown [s\src\hotspot\share\interpreter\linkResolver.cpp, line 773]
Event: 60.378 Thread 0x000002bf3b524290 Exception <a 'java/lang/NoSuchMethodError'{0x00000000882f4db8}: 'java.lang.Object java.lang.invoke.DirectMethodHandle$Holder.newInvokeSpecial(java.lang.Object, java.lang.Object, int, int, int, int, int, java.lang.Object)'> (0x00000000882f4db8) 
thrown [s\src\hotspot\share\interpreter\linkResolver.cpp, line 773]
Event: 60.380 Thread 0x000002bf3b524290 Exception <a 'java/lang/NoSuchMethodError'{0x0000000088108448}: 'java.lang.Object java.lang.invoke.DirectMethodHandle$Holder.newInvokeSpecial(java.lang.Object, java.lang.Object, java.lang.Object, int, int, int, int, int)'> (0x0000000088108448) 
thrown [s\src\hotspot\share\interpreter\linkResolver.cpp, line 773]
Event: 60.381 Thread 0x000002bf3b524290 Exception <a 'java/lang/NoSuchMethodError'{0x0000000088110a58}: 'java.lang.Object java.lang.invoke.Invokers$Holder.linkToTargetMethod(java.lang.Object, java.lang.Object, int, int, int, int, int, java.lang.Object)'> (0x0000000088110a58) 
thrown [s\src\hotspot\share\interpreter\linkResolver.cpp, line 773]

ZGC Phase Switch (0 events):
No events

VM Operations (20 events):
Event: 48.745 Executing VM operation: Cleanup done
Event: 49.745 Executing VM operation: Cleanup
Event: 49.745 Executing VM operation: Cleanup done
Event: 50.745 Executing VM operation: Cleanup
Event: 50.745 Executing VM operation: Cleanup done
Event: 51.746 Executing VM operation: Cleanup
Event: 51.746 Executing VM operation: Cleanup done
Event: 52.747 Executing VM operation: Cleanup
Event: 52.747 Executing VM operation: Cleanup done
Event: 54.747 Executing VM operation: Cleanup
Event: 54.747 Executing VM operation: Cleanup done
Event: 56.748 Executing VM operation: Cleanup
Event: 56.748 Executing VM operation: Cleanup done
Event: 60.223 Executing VM operation: HandshakeAllThreads (HandshakeForDeflation)
Event: 60.223 Executing VM operation: HandshakeAllThreads (HandshakeForDeflation) done
Event: 60.223 Executing VM operation: Cleanup
Event: 60.223 Executing VM operation: Cleanup done
Event: 60.223 Executing VM operation: RendezvousGCThreads
Event: 60.223 Executing VM operation: RendezvousGCThreads done
Event: 78.492 Executing VM operation: Exit

Events (20 events):
Event: 0.066 Thread 0x000002bf3b527080 Thread added: 0x000002bf3b527080
Event: 0.109 Thread 0x000002bf3b63e370 Thread added: 0x000002bf3b63e370
Event: 0.233 Thread 0x000002bf3b526360 Thread added: 0x000002bf3b526360
Event: 0.233 Thread 0x000002bf3b527710 Thread added: 0x000002bf3b527710
Event: 0.549 Thread 0x000002bf3b5269f0 Thread added: 0x000002bf3b5269f0
Event: 0.601 Thread 0x000002bf3b524fb0 Thread added: 0x000002bf3b524fb0
Event: 0.604 Thread 0x000002bf3b524290 Thread added: 0x000002bf3b524290
Event: 0.677 Thread 0x000002bf3b524920 Thread added: 0x000002bf3b524920
Event: 0.680 Thread 0x000002bf3b525640 Thread added: 0x000002bf3b525640
Event: 1.473 Thread 0x000002bf3b63e370 Thread exited: 0x000002bf3b63e370
Event: 1.511 Thread 0x000002bf064f5c50 Thread added: 0x000002bf064f5c50
Event: 1.913 Thread 0x000002bf064f0d90 Thread added: 0x000002bf064f0d90
Event: 49.701 Thread 0x000002bf065072c0 Thread added: 0x000002bf065072c0
Event: 50.121 Thread 0x000002bf065072c0 Thread exited: 0x000002bf065072c0
Event: 78.488 Thread 0x000002bf064f27d0 Thread added: 0x000002bf064f27d0
Event: 78.489 Thread 0x000002bf064f2e60 Thread added: 0x000002bf064f2e60
Event: 78.489 Thread 0x000002bf064f1420 Thread added: 0x000002bf064f1420
Event: 78.490 Thread 0x000002bf064f1420 Thread exited: 0x000002bf064f1420
Event: 78.491 Thread 0x000002bf064f2e60 Thread exited: 0x000002bf064f2e60
Event: 78.492 Thread 0x000002bf3b30af00 Thread exited: 0x000002bf3b30af00


Dynamic libraries:
0x00007ff66be50000 - 0x00007ff66be5e000 	C:\Users\NickS\.jdks\corretto-21.0.1\bin\java.exe
0x00007ffe3f6c0000 - 0x00007ffe3f8c9000 	C:\Windows\SYSTEM32\ntdll.dll
0x00007ffe3de60000 - 0x00007ffe3df1d000 	C:\Windows\System32\KERNEL32.DLL
0x00007ffe3d0c0000 - 0x00007ffe3d444000 	C:\Windows\System32\KERNELBASE.dll
0x00007ffe3cc20000 - 0x00007ffe3cd31000 	C:\Windows\System32\ucrtbase.dll
0x00007ffe27fa0000 - 0x00007ffe27fb8000 	C:\Users\NickS\.jdks\corretto-21.0.1\bin\jli.dll
0x00007ffe2c260000 - 0x00007ffe2c27b000 	C:\Users\NickS\.jdks\corretto-21.0.1\bin\VCRUNTIME140.dll
0x00007ffe3f3c0000 - 0x00007ffe3f56d000 	C:\Windows\System32\USER32.dll
0x00007ffe3cb50000 - 0x00007ffe3cb76000 	C:\Windows\System32\win32u.dll
0x00007ffe29d60000 - 0x00007ffe2a005000 	C:\Windows\WinSxS\amd64_microsoft.windows.common-controls_6595b64144ccf1df_6.0.22000.120_none_9d947278b86cc467\COMCTL32.dll
0x00007ffe3d830000 - 0x00007ffe3d8d3000 	C:\Windows\System32\msvcrt.dll
0x00007ffe3ea00000 - 0x00007ffe3ea2a000 	C:\Windows\System32\GDI32.dll
0x00007ffe3cdc0000 - 0x00007ffe3cede000 	C:\Windows\System32\gdi32full.dll
0x00007ffe3cb80000 - 0x00007ffe3cc1d000 	C:\Windows\System32\msvcp_win.dll
0x00007ffe3e080000 - 0x00007ffe3e0b1000 	C:\Windows\System32\IMM32.DLL
0x00007ffe380b0000 - 0x00007ffe380bc000 	C:\Users\NickS\.jdks\corretto-21.0.1\bin\vcruntime140_1.dll
0x00007ffdeb050000 - 0x00007ffdeb0dd000 	C:\Users\NickS\.jdks\corretto-21.0.1\bin\msvcp140.dll
0x00007ffdbf210000 - 0x00007ffdbff9d000 	C:\Users\NickS\.jdks\corretto-21.0.1\bin\server\jvm.dll
0x00007ffe3f260000 - 0x00007ffe3f30e000 	C:\Windows\System32\ADVAPI32.dll
0x00007ffe3f570000 - 0x00007ffe3f60e000 	C:\Windows\System32\sechost.dll
0x00007ffe3e8d0000 - 0x00007ffe3e9f1000 	C:\Windows\System32\RPCRT4.dll
0x00007ffe3f610000 - 0x00007ffe3f67f000 	C:\Windows\System32\WS2_32.dll
0x00007ffe3b4b0000 - 0x00007ffe3b4fd000 	C:\Windows\SYSTEM32\POWRPROF.dll
0x00007ffe35870000 - 0x00007ffe358a3000 	C:\Windows\SYSTEM32\WINMM.dll
0x00007ffe2f660000 - 0x00007ffe2f66a000 	C:\Windows\SYSTEM32\VERSION.dll
0x00007ffe3b5a0000 - 0x00007ffe3b5b3000 	C:\Windows\SYSTEM32\UMPDC.dll
0x00007ffe3bcb0000 - 0x00007ffe3bcc8000 	C:\Windows\SYSTEM32\kernel.appcore.dll
0x00007ffe2c500000 - 0x00007ffe2c50a000 	C:\Users\NickS\.jdks\corretto-21.0.1\bin\jimage.dll
0x00007ffe3a110000 - 0x00007ffe3a331000 	C:\Windows\SYSTEM32\DBGHELP.DLL
0x00007ffe291a0000 - 0x00007ffe291d1000 	C:\Windows\SYSTEM32\dbgcore.DLL
0x00007ffe3cd40000 - 0x00007ffe3cdbf000 	C:\Windows\System32\bcryptPrimitives.dll
0x00007ffe2c350000 - 0x00007ffe2c35e000 	C:\Users\NickS\.jdks\corretto-21.0.1\bin\instrument.dll
0x00007ffe27f50000 - 0x00007ffe27f6f000 	C:\Users\NickS\.jdks\corretto-21.0.1\bin\java.dll
0x00007ffe3ea90000 - 0x00007ffe3f255000 	C:\Windows\System32\SHELL32.dll
0x00007ffe3ac20000 - 0x00007ffe3b482000 	C:\Windows\SYSTEM32\windows.storage.dll
0x00007ffe3dae0000 - 0x00007ffe3de56000 	C:\Windows\System32\combase.dll
0x00007ffe3aab0000 - 0x00007ffe3ac17000 	C:\Windows\SYSTEM32\wintypes.dll
0x00007ffe3df20000 - 0x00007ffe3e00a000 	C:\Windows\System32\SHCORE.dll
0x00007ffe3e010000 - 0x00007ffe3e06d000 	C:\Windows\System32\shlwapi.dll
0x00007ffe3ca80000 - 0x00007ffe3caa5000 	C:\Windows\SYSTEM32\profapi.dll
0x00007ffde30c0000 - 0x00007ffde3197000 	C:\Users\NickS\.jdks\corretto-21.0.1\bin\jsvml.dll
0x00007ffe27f90000 - 0x00007ffe27fa0000 	C:\Users\NickS\.jdks\corretto-21.0.1\bin\net.dll
0x00007ffe352b0000 - 0x00007ffe353c4000 	C:\Windows\SYSTEM32\WINHTTP.dll
0x00007ffe3c160000 - 0x00007ffe3c1c7000 	C:\Windows\system32\mswsock.dll
0x00007ffe04d90000 - 0x00007ffe04da6000 	C:\Users\NickS\.jdks\corretto-21.0.1\bin\nio.dll
0x00007ffdf0000000 - 0x00007ffdf0018000 	C:\Users\NickS\.jdks\corretto-21.0.1\bin\zip.dll
0x00007ffde1060000 - 0x00007ffde107a000 	C:\Program Files\JetBrains\IntelliJ IDEA Community Edition 2023.2.4\bin\breakgen64.dll
0x000002bf1f000000 - 0x000002bf1f003000 	C:\Users\NickS\.openjfx\cache\21-ea+null\amd64\api-ms-win-core-console-l1-1-0.dll
0x000002bf1f010000 - 0x000002bf1f013000 	C:\Users\NickS\.openjfx\cache\21-ea+null\amd64\api-ms-win-core-console-l1-2-0.dll
0x000002bf1f020000 - 0x000002bf1f023000 	C:\Users\NickS\.openjfx\cache\21-ea+null\amd64\api-ms-win-core-datetime-l1-1-0.dll
0x000002bf3b8a0000 - 0x000002bf3b8a3000 	C:\Users\NickS\.openjfx\cache\21-ea+null\amd64\api-ms-win-core-debug-l1-1-0.dll
0x000002bf3b8b0000 - 0x000002bf3b8b3000 	C:\Users\NickS\.openjfx\cache\21-ea+null\amd64\api-ms-win-core-errorhandling-l1-1-0.dll
0x000002bf3b8c0000 - 0x000002bf3b8c4000 	C:\Users\NickS\.openjfx\cache\21-ea+null\amd64\api-ms-win-core-file-l1-1-0.dll
0x000002bf3b8d0000 - 0x000002bf3b8d3000 	C:\Users\NickS\.openjfx\cache\21-ea+null\amd64\api-ms-win-core-file-l1-2-0.dll
0x000002bf3b8e0000 - 0x000002bf3b8e3000 	C:\Users\NickS\.openjfx\cache\21-ea+null\amd64\api-ms-win-core-file-l2-1-0.dll
0x000002bf3b8f0000 - 0x000002bf3b8f3000 	C:\Users\NickS\.openjfx\cache\21-ea+null\amd64\api-ms-win-core-handle-l1-1-0.dll
0x000002bf3b900000 - 0x000002bf3b903000 	C:\Users\NickS\.openjfx\cache\21-ea+null\amd64\api-ms-win-core-heap-l1-1-0.dll
0x000002bf3b910000 - 0x000002bf3b913000 	C:\Users\NickS\.openjfx\cache\21-ea+null\amd64\api-ms-win-core-interlocked-l1-1-0.dll
0x000002bf3b920000 - 0x000002bf3b923000 	C:\Users\NickS\.openjfx\cache\21-ea+null\amd64\api-ms-win-core-libraryloader-l1-1-0.dll
0x000002bf3b930000 - 0x000002bf3b933000 	C:\Users\NickS\.openjfx\cache\21-ea+null\amd64\api-ms-win-core-localization-l1-2-0.dll
0x000002bf3b940000 - 0x000002bf3b943000 	C:\Users\NickS\.openjfx\cache\21-ea+null\amd64\api-ms-win-core-memory-l1-1-0.dll
0x000002bf3b950000 - 0x000002bf3b953000 	C:\Users\NickS\.openjfx\cache\21-ea+null\amd64\api-ms-win-core-namedpipe-l1-1-0.dll
0x000002bf3b960000 - 0x000002bf3b963000 	C:\Users\NickS\.openjfx\cache\21-ea+null\amd64\api-ms-win-core-processenvironment-l1-1-0.dll
0x000002bf3b970000 - 0x000002bf3b973000 	C:\Users\NickS\.openjfx\cache\21-ea+null\amd64\api-ms-win-core-processthreads-l1-1-0.dll
0x000002bf3b980000 - 0x000002bf3b983000 	C:\Users\NickS\.openjfx\cache\21-ea+null\amd64\api-ms-win-core-processthreads-l1-1-1.dll
0x000002bf3b990000 - 0x000002bf3b993000 	C:\Users\NickS\.openjfx\cache\21-ea+null\amd64\api-ms-win-core-profile-l1-1-0.dll
0x000002bf3b9a0000 - 0x000002bf3b9a3000 	C:\Users\NickS\.openjfx\cache\21-ea+null\amd64\api-ms-win-core-rtlsupport-l1-1-0.dll
0x000002bf3b9b0000 - 0x000002bf3b9b3000 	C:\Users\NickS\.openjfx\cache\21-ea+null\amd64\api-ms-win-core-string-l1-1-0.dll
0x000002bf3b9c0000 - 0x000002bf3b9c3000 	C:\Users\NickS\.openjfx\cache\21-ea+null\amd64\api-ms-win-core-synch-l1-1-0.dll
0x000002bf3b9d0000 - 0x000002bf3b9d3000 	C:\Users\NickS\.openjfx\cache\21-ea+null\amd64\api-ms-win-core-synch-l1-2-0.dll
0x000002bf3b9e0000 - 0x000002bf3b9e3000 	C:\Users\NickS\.openjfx\cache\21-ea+null\amd64\api-ms-win-core-sysinfo-l1-1-0.dll
0x000002bf3b9f0000 - 0x000002bf3b9f3000 	C:\Users\NickS\.openjfx\cache\21-ea+null\amd64\api-ms-win-core-timezone-l1-1-0.dll
0x000002bf3ba00000 - 0x000002bf3ba03000 	C:\Users\NickS\.openjfx\cache\21-ea+null\amd64\api-ms-win-core-util-l1-1-0.dll
0x000002bf3ba10000 - 0x000002bf3ba13000 	C:\Users\NickS\.openjfx\cache\21-ea+null\amd64\api-ms-win-crt-conio-l1-1-0.dll
0x000002bf3ba20000 - 0x000002bf3ba24000 	C:\Users\NickS\.openjfx\cache\21-ea+null\amd64\api-ms-win-crt-convert-l1-1-0.dll
0x000002bf3ba30000 - 0x000002bf3ba33000 	C:\Users\NickS\.openjfx\cache\21-ea+null\amd64\api-ms-win-crt-environment-l1-1-0.dll
0x000002bf3ba40000 - 0x000002bf3ba43000 	C:\Users\NickS\.openjfx\cache\21-ea+null\amd64\api-ms-win-crt-filesystem-l1-1-0.dll
0x000002bf3ba50000 - 0x000002bf3ba53000 	C:\Users\NickS\.openjfx\cache\21-ea+null\amd64\api-ms-win-crt-heap-l1-1-0.dll
0x000002bf3ba60000 - 0x000002bf3ba63000 	C:\Users\NickS\.openjfx\cache\21-ea+null\amd64\api-ms-win-crt-locale-l1-1-0.dll
0x000002bf3ba70000 - 0x000002bf3ba75000 	C:\Users\NickS\.openjfx\cache\21-ea+null\amd64\api-ms-win-crt-math-l1-1-0.dll
0x000002bf3ba80000 - 0x000002bf3ba85000 	C:\Users\NickS\.openjfx\cache\21-ea+null\amd64\api-ms-win-crt-multibyte-l1-1-0.dll
0x000002bf3ba90000 - 0x000002bf3baa0000 	C:\Users\NickS\.openjfx\cache\21-ea+null\amd64\api-ms-win-crt-private-l1-1-0.dll
0x000002bf3baa0000 - 0x000002bf3baa3000 	C:\Users\NickS\.openjfx\cache\21-ea+null\amd64\api-ms-win-crt-process-l1-1-0.dll
0x000002bf3bab0000 - 0x000002bf3bab4000 	C:\Users\NickS\.openjfx\cache\21-ea+null\amd64\api-ms-win-crt-runtime-l1-1-0.dll
0x000002bf3bac0000 - 0x000002bf3bac4000 	C:\Users\NickS\.openjfx\cache\21-ea+null\amd64\api-ms-win-crt-stdio-l1-1-0.dll
0x000002bf3bad0000 - 0x000002bf3bad4000 	C:\Users\NickS\.openjfx\cache\21-ea+null\amd64\api-ms-win-crt-string-l1-1-0.dll
0x000002bf3bae0000 - 0x000002bf3bae3000 	C:\Users\NickS\.openjfx\cache\21-ea+null\amd64\api-ms-win-crt-time-l1-1-0.dll
0x000002bf3baf0000 - 0x000002bf3baf3000 	C:\Users\NickS\.openjfx\cache\21-ea+null\amd64\api-ms-win-crt-utility-l1-1-0.dll
0x00007ffdd3c50000 - 0x00007ffdd3d4c000 	C:\Users\NickS\.openjfx\cache\21-ea+null\amd64\ucrtbase.dll
0x00007ffde0d60000 - 0x00007ffde0d7b000 	C:\Users\NickS\.openjfx\cache\21-ea+null\amd64\vcruntime140.dll
0x00007ffe16570000 - 0x00007ffe1657c000 	C:\Users\NickS\.openjfx\cache\21-ea+null\amd64\vcruntime140_1.dll
0x00007ffddc360000 - 0x00007ffddc3ee000 	C:\Users\NickS\.openjfx\cache\21-ea+null\amd64\msvcp140.dll
0x00007ffe3d680000 - 0x00007ffe3d81a000 	C:\Windows\System32\ole32.dll
0x00007ffe147d0000 - 0x00007ffe147d9000 	C:\Users\NickS\.openjfx\cache\21-ea+null\amd64\msvcp140_1.dll
0x00007ffde08c0000 - 0x00007ffde08ef000 	C:\Users\NickS\.openjfx\cache\21-ea+null\amd64\msvcp140_2.dll
0x00007ffde01c0000 - 0x00007ffde01ef000 	C:\Users\NickS\.openjfx\cache\21-ea+null\amd64\prism_d3d.dll
0x00007ffdf7c80000 - 0x00007ffdf7e26000 	C:\Windows\system32\d3d9.dll
0x00007ffe39bb0000 - 0x00007ffe39bdf000 	C:\Windows\SYSTEM32\dwmapi.dll
0x00007ffe39b30000 - 0x00007ffe39b68000 	C:\Windows\SYSTEM32\dxcore.dll
0x00007ffe39910000 - 0x00007ffe399bc000 	C:\Windows\system32\uxtheme.dll
0x00007ffdf7b10000 - 0x00007ffdf7c75000 	C:\Windows\System32\DriverStore\FileRepository\iigd_dch.inf_amd64_5dc1a2977f07512e\igdumdim64.dll
0x00007ffdf1830000 - 0x00007ffdf54bb000 	C:\Windows\System32\DriverStore\FileRepository\iigd_dch.inf_amd64_5dc1a2977f07512e\igd9dxva64.dll
0x00007ffe3d900000 - 0x00007ffe3d9d6000 	C:\Windows\System32\OLEAUT32.dll
0x00007ffe3e140000 - 0x00007ffe3e5b2000 	C:\Windows\System32\SETUPAPI.dll
0x00007ffe3c850000 - 0x00007ffe3c89c000 	C:\Windows\SYSTEM32\cfgmgr32.dll
0x00007ffe33180000 - 0x00007ffe334b6000 	C:\Windows\System32\DriverStore\FileRepository\iigd_dch.inf_amd64_5dc1a2977f07512e\igdgmm64.dll
0x00007ffe37cf0000 - 0x00007ffe37d34000 	C:\Windows\SYSTEM32\directxdatabasehelper.dll
0x00007ffe3bcd0000 - 0x00007ffe3bd04000 	C:\Windows\SYSTEM32\ntmarta.dll
0x00007ffddf730000 - 0x00007ffddf772000 	C:\Users\NickS\.openjfx\cache\21-ea+null\amd64\glass.dll
0x00007ffe3d9e0000 - 0x00007ffe3dacc000 	C:\Windows\System32\COMDLG32.dll
0x00007ffe3e790000 - 0x00007ffe3e8ad000 	C:\Windows\System32\MSCTF.dll
0x00007ffe2fde0000 - 0x00007ffe2fe07000 	C:\Windows\System32\DriverStore\FileRepository\iigd_dch.inf_amd64_5dc1a2977f07512e\igdinfo64.dll
0x00007ffe2fea0000 - 0x00007ffe32c2f000 	C:\Windows\System32\DriverStore\FileRepository\iigd_dch.inf_amd64_5dc1a2977f07512e\igc64.dll
0x00007ffddf700000 - 0x00007ffddf72d000 	C:\Users\NickS\.openjfx\cache\21-ea+null\amd64\javafx_iio.dll
0x00007ffde0410000 - 0x00007ffde0424000 	C:\Users\NickS\.openjfx\cache\21-ea+null\amd64\javafx_font.dll
0x00007ffe354c0000 - 0x00007ffe3571f000 	C:\Windows\SYSTEM32\dwrite.dll
0x00007ffe3f310000 - 0x00007ffe3f3bf000 	C:\Windows\System32\clbcatq.dll
0x00007ffe365d0000 - 0x00007ffe3677e000 	C:\Windows\SYSTEM32\WindowsCodecs.dll
0x00007ffe29630000 - 0x00007ffe2968d000 	C:\Windows\system32\dataexchange.dll
0x00007ffe360f0000 - 0x00007ffe36355000 	C:\Windows\system32\twinapi.appcore.dll
0x00007ffde2720000 - 0x00007ffde2752000 	C:\Program Files\Common Files\Microsoft Shared\Ink\rtscom.dll
0x00007ffe16430000 - 0x00007ffe1655c000 	C:\Windows\SYSTEM32\textinputframework.dll
0x00007ffe39240000 - 0x00007ffe39371000 	C:\Windows\SYSTEM32\CoreMessaging.dll
0x00007ffe37390000 - 0x00007ffe376fd000 	C:\Windows\SYSTEM32\CoreUIComponents.dll
0x00007ffe3c3c0000 - 0x00007ffe3c3cc000 	C:\Windows\SYSTEM32\CRYPTBASE.DLL

dbghelp: loaded successfully - version: 4.0.5 - missing functions: none
symbol engine: initialized successfully - sym options: 0x614 - pdb path: .;C:\Users\NickS\.jdks\corretto-21.0.1\bin;C:\Windows\SYSTEM32;C:\Windows\WinSxS\amd64_microsoft.windows.common-controls_6595b64144ccf1df_6.0.22000.120_none_9d947278b86cc467;C:\Users\NickS\.jdks\corretto-21.0.1\bin\server;C:\Program Files\JetBrains\IntelliJ IDEA Community Edition 2023.2.4\bin;C:\Users\NickS\.openjfx\cache\21-ea+null\amd64;C:\Windows\System32\DriverStore\FileRepository\iigd_dch.inf_amd64_5dc1a2977f07512e;C:\Program Files\Common Files\Microsoft Shared\Ink

VM Arguments:
jvm_args: -javaagent:C:\Program Files\JetBrains\IntelliJ IDEA Community Edition 2023.2.4\lib\idea_rt.jar=64790:C:\Program Files\JetBrains\IntelliJ IDEA Community Edition 2023.2.4\bin -Dfile.encoding=UTF-8 -Dsun.stdout.encoding=UTF-8 -Dsun.stderr.encoding=UTF-8 --module-path=C:\Users\NickS\.m2\repository\org\openjfx\javafx-controls\21-ea+24\javafx-controls-21-ea+24-win.jar;C:\Users\NickS\OneDrive\Рабочий стол\thrthehrhjyj\target\classes;C:\Users\NickS\.m2\repository\org\openjfx\javafx-fxml\21-ea+24\javafx-fxml-21-ea+24-win.jar;C:\Users\NickS\.m2\repository\org\openjfx\javafx-base\21-ea+24\javafx-base-21-ea+24-win.jar;C:\Users\NickS\.m2\repository\org\openjfx\javafx-graphics\21-ea+24\javafx-graphics-21-ea+24-win.jar -Djdk.module.main=com.example.thrthehrhjyj 
java_command: com.example.thrthehrhjyj/com.example.thrthehrhjyj.HelloApplication
java_class_path (initial): C:\Users\NickS\.m2\repository\org\openjfx\javafx-controls\21-ea+24\javafx-controls-21-ea+24.jar;C:\Users\NickS\.m2\repository\org\openjfx\javafx-graphics\21-ea+24\javafx-graphics-21-ea+24.jar;C:\Users\NickS\.m2\repository\org\openjfx\javafx-base\21-ea+24\javafx-base-21-ea+24.jar;C:\Users\NickS\.m2\repository\org\openjfx\javafx-fxml\21-ea+24\javafx-fxml-21-ea+24.jar;C:\Users\NickS\OneDrive\Рабочий стол\mysql-connector-j-8.3.0.jar
Launcher Type: SUN_STANDARD

[Global flags]
     intx CICompilerCount                          = 3                                         {product} {ergonomic}
     uint ConcGCThreads                            = 1                                         {product} {ergonomic}
     uint G1ConcRefinementThreads                  = 4                                         {product} {ergonomic}
   size_t G1HeapRegionSize                         = 1048576                                   {product} {ergonomic}
    uintx GCDrainStackTargetSize                   = 64                                        {product} {ergonomic}
   size_t InitialHeapSize                          = 132120576                                 {product} {ergonomic}
   size_t MarkStackSize                            = 4194304                                   {product} {ergonomic}
   size_t MaxHeapSize                              = 2095054848                                {product} {ergonomic}
   size_t MaxNewSize                               = 1256194048                                {product} {ergonomic}
   size_t MinHeapDeltaBytes                        = 1048576                                   {product} {ergonomic}
   size_t MinHeapSize                              = 8388608                                   {product} {ergonomic}
    uintx NonNMethodCodeHeapSize                   = 5832780                                {pd product} {ergonomic}
    uintx NonProfiledCodeHeapSize                  = 122912730                              {pd product} {ergonomic}
    uintx ProfiledCodeHeapSize                     = 122912730                              {pd product} {ergonomic}
    uintx ReservedCodeCacheSize                    = 251658240                              {pd product} {ergonomic}
     bool SegmentedCodeCache                       = true                                      {product} {ergonomic}
   size_t SoftMaxHeapSize                          = 2095054848                             {manageable} {ergonomic}
     bool UseCompressedOops                        = true                           {product lp64_product} {ergonomic}
     bool UseG1GC                                  = true                                      {product} {ergonomic}
     bool UseLargePagesIndividualAllocation        = false                                  {pd product} {ergonomic}

Logging:
Log output configuration:
 #0: stdout all=off uptime,level,tags foldmultilines=false
 #1: stderr all=off uptime,level,tags foldmultilines=false

Environment Variables:
PATH=C:\Program Files\Common Files\Oracle\Java\javapath;C:\Program Files (x86)\Common Files\Oracle\Java\javapath;C:\Windows\System32\HWAudioDriverLibs;C:\Windows\system32;C:\Windows;C:\Windows\System32\Wbem;C:\Windows\System32\WindowsPowerShell\v1.0\;C:\Windows\System32\OpenSSH\;C:\Users\Administrator\AppData\Local\Microsoft\WindowsApps;C:\Users\NickS\scoop\apps\composer\current\home\vendor\bin;C:\Users\NickS\scoop\shims;C:\Users\NickS\AppData\Local\Microsoft\WindowsApps
USERNAME=NickS
OS=Windows_NT
PROCESSOR_IDENTIFIER=Intel64 Family 6 Model 140 Stepping 1, GenuineIntel
TMP=C:\Users\NickS\AppData\Local\Temp
TEMP=C:\Users\NickS\AppData\Local\Temp




Periodic native trim disabled

---------------  S Y S T E M  ---------------

OS:
 Windows 11 , 64 bit Build 22000 (10.0.22000.2538)
OS uptime: 0 days 18:40 hours

CPU: total 4 (initial active 4) (2 cores per cpu, 2 threads per core) family 6 model 140 stepping 1 microcode 0x8a, cx8, cmov, fxsr, ht, mmx, 3dnowpref, sse, sse2, sse3, ssse3, sse4.1, sse4.2, popcnt, lzcnt, tsc, tscinvbit, avx, avx2, aes, erms, clmul, bmi1, bmi2, adx, avx512f, avx512dq, avx512cd, avx512bw, avx512vl, sha, fma, vzeroupper, avx512_vpopcntdq, avx512_vpclmulqdq, avx512_vaes, avx512_vnni, clflush, clflushopt, clwb, avx512_vbmi2, avx512_vbmi, rdtscp, rdpid, fsrm, gfni, avx512_bitalg, f16c, pku, cet_ibt, cet_ss, avx512_ifma
Processor Information for processor 0
  Max Mhz: 2995, Current Mhz: 2995, Mhz Limit: 2995
Processor Information for processor 1
  Max Mhz: 2995, Current Mhz: 998, Mhz Limit: 2995
Processor Information for processor 2
  Max Mhz: 2995, Current Mhz: 998, Mhz Limit: 2995
Processor Information for processor 3
  Max Mhz: 2995, Current Mhz: 2995, Mhz Limit: 2995

Memory: 4k page, system-wide physical 7991M (1668M free)
TotalPageFile size 14666M (AvailPageFile size 2031M)
current process WorkingSet (physical memory assigned to process): 279M, peak: 322M
current process commit charge ("private bytes"): 348M, peak: 394M

vm_info: OpenJDK 64-Bit Server VM (21.0.1+12-LTS) for windows-amd64 JRE (21.0.1+12-LTS), built on 2023-10-12T03:52:47Z by "Administrator" with MS VC++ 16.10 / 16.11 (VS2019)

END.
