#
# A fatal error has been detected by the Java Runtime Environment:
#
#  EXCEPTION_ACCESS_VIOLATION (0xc0000005) at pc=0x00007ffddec96587, pid=4956, tid=12536
#
# JRE version: OpenJDK Runtime Environment Corretto-21.0.1.12.1 (21.0.1+12) (build 21.0.1+12-LTS)
# Java VM: OpenJDK 64-Bit Server VM Corretto-21.0.1.12.1 (21.0.1+12-LTS, mixed mode, sharing, tiered, compressed oops, compressed class ptrs, g1 gc, windows-amd64)
# Problematic frame:
# C  [glass.dll+0x26587]
#
# No core dump will be written. Minidumps are not enabled by default on client versions of Windows
#
# If you would like to submit a bug report, please visit:
#   https://github.com/corretto/corretto-21/issues/
#

---------------  S U M M A R Y ------------

Command Line: -javaagent:C:\Program Files\JetBrains\IntelliJ IDEA Community Edition 2023.2.4\lib\idea_rt.jar=57427:C:\Program Files\JetBrains\IntelliJ IDEA Community Edition 2023.2.4\bin -Dfile.encoding=UTF-8 -Dsun.stdout.encoding=UTF-8 -Dsun.stderr.encoding=UTF-8 --module-path=C:\Users\NickS\OneDrive\Рабочий стол\thrthehrhjyj\target\classes;C:\Users\NickS\.m2\repository\org\openjfx\javafx-controls\21-ea+24\javafx-controls-21-ea+24-win.jar;C:\Users\NickS\.m2\repository\org\openjfx\javafx-base\21-ea+24\javafx-base-21-ea+24-win.jar;C:\Users\NickS\.m2\repository\org\openjfx\javafx-fxml\21-ea+24\javafx-fxml-21-ea+24-win.jar;C:\Users\NickS\.m2\repository\org\openjfx\javafx-graphics\21-ea+24\javafx-graphics-21-ea+24-win.jar -Djdk.module.main=com.example.thrthehrhjyj com.example.thrthehrhjyj/com.example.thrthehrhjyj.HelloApplication

Host: 11th Gen Intel(R) Core(TM) i3-1115G4 @ 3.00GHz, 4 cores, 7G,  Windows 11 , 64 bit Build 22000 (10.0.22000.2538)
Time: Wed Mar 20 12:12:22 2024 RTZ 2 (s 11 , 64 bit Build 22000 (10.0.22000.2538) elapsed time: 43.077429 seconds (0d 0h 0m 43s)

---------------  T H R E A D  ---------------

Current thread (0x0000028c7d8d3270):  VMThread "VM Thread"          [id=12536, stack(0x000000f058700000,0x000000f058800000) (1024K)]

Stack: [0x000000f058700000,0x000000f058800000],  sp=0x000000f0587ff1a0,  free space=1020k
Native frames: (J=compiled Java code, j=interpreted, Vv=VM code, C=native code)
C  [glass.dll+0x26587]


siginfo: EXCEPTION_ACCESS_VIOLATION (0xc0000005), reading address 0x0000000000000000


Registers:
RAX=0x0000000000000000, RBX=0x0000028c7d8dc49a, RCX=0x0000028c7d8d3270, RDX=0x000000f0587ff1a0
RSP=0x000000f0587ff1a0, RBP=0x0000028c5d13c818, RSI=0x0000028c5d13c7f0, RDI=0x0000a0371cbd9aee
R8 =0x0000000000010002, R9 =0x0000a0371cbd9aee, R10=0x85f13e9656da4870, R11=0x000000f0587ff130
R12=0x00007ffddec93ed0, R13=0x00007ffdbfec5410, R14=0x000000f0587ff2a8, R15=0x0000028c5d13c7f0
RIP=0x00007ffddec96587, EFLAGS=0x0000000000010202


Register to memory mapping:

RAX=0x0 is null
RBX=0x0000028c7d8dc49a is a global jni handle
RCX=0x0000028c7d8d3270 points into unknown readable memory: 0x00007ffdbfcc66f0 | f0 66 cc bf fd 7f 00 00
RDX=0x000000f0587ff1a0 points into unknown readable memory: 0x0000000000000000 | 00 00 00 00 00 00 00 00
RSP=0x000000f0587ff1a0 points into unknown readable memory: 0x0000000000000000 | 00 00 00 00 00 00 00 00
RBP=0x0000028c5d13c818 points into unknown readable memory: 0x0000a0371cbd9aee | ee 9a bd 1c 37 a0 00 00
RSI=0x0000028c5d13c7f0 points into unknown readable memory: 0x4e7aa0370342ed5c | 5c ed 42 03 37 a0 7a 4e
RDI=0x0000a0371cbd9aee is an unknown value
R8 =0x0000000000010002 is an unknown value
R9 =0x0000a0371cbd9aee is an unknown value
R10=0x85f13e9656da4870 is an unknown value
R11=0x000000f0587ff130 points into unknown readable memory: 0x0000028c5d13c7f0 | f0 c7 13 5d 8c 02 00 00
R12=0x00007ffddec93ed0 glass.dll
R13=0x00007ffdbfec5410 jvm.dll
R14=0x000000f0587ff2a8 points into unknown readable memory: 0x000000f0587ff290 | 90 f2 7f 58 f0 00 00 00
R15=0x0000028c5d13c7f0 points into unknown readable memory: 0x4e7aa0370342ed5c | 5c ed 42 03 37 a0 7a 4e

Top of Stack: (sp=0x000000f0587ff1a0)
0x000000f0587ff1a0:   0000000000000000 0000028c5d13c7f0
0x000000f0587ff1b0:   00007ffdbfec5410 00007ffddec93ed0
0x000000f0587ff1c0:   0000028c5d13c7f8 00007ffe3cc3bea0
0x000000f0587ff1d0:   0000a0371cbd9aee 0000028c00000000
0x000000f0587ff1e0:   0000028c5d13c818 0000028c5d13c7f0
0x000000f0587ff1f0:   fffffffffffffffe 0000000000000000
0x000000f0587ff200:   0000000000000001 00007ffddec70000
0x000000f0587ff210:   000000f0587ff298 00007ffe3cc3bdb7
0x000000f0587ff220:   0000000000000000 000000f0587ff2a8
0x000000f0587ff230:   000000f0587ff590 00007ffe3cd212b0
0x000000f0587ff240:   0000000000000001 00007ffe3cc3bd6d
0x000000f0587ff250:   0000000000000000 0000000000000001
0x000000f0587ff260:   0000000000000000 000000f0587ff298
0x000000f0587ff270:   fffffffffffffffe 000000f0587ff500
0x000000f0587ff280:   0000000000000000 00007ffddec93d5d
0x000000f0587ff290:   00007ffddecaa008 00007ffe00000002
0x000000f0587ff2a0:   0000000000000002 000000f0587ff290
0x000000f0587ff2b0:   0000000000000000 00007ffe3f6ffec3
0x000000f0587ff2c0:   0000000000000000 00007ffddec93e82
0x000000f0587ff2d0:   0000000000000001 0000000000000001
0x000000f0587ff2e0:   0000000000000000 00007ffe3cd212b0
0x000000f0587ff2f0:   0000000000000001 00007ffe3c3c2223
0x000000f0587ff300:   00007ffe00000001 0000000000000000
0x000000f0587ff310:   00007ffddec70000 000000007ffe0384
0x000000f0587ff320:   0000000000000000 00007ffe3f6fff57
0x000000f0587ff330:   00007ffddec70000 0000000000000000
0x000000f0587ff340:   0000000000000001 000000007ffe0385
0x000000f0587ff350:   00007ffe3f7f0e20 00007ffe30e7b2f0
0x000000f0587ff360:   0000e2205e38a000 00007ffe2fea0000
0x000000f0587ff370:   00007ffddec93ed0 0000000000000000
0x000000f0587ff380:   0000000000000000 000000f057a60000
0x000000f0587ff390:   0000028c5d587310 00007ffe3f71458a 

Instructions: (pc=0x00007ffddec96587)
0x00007ffddec96487:   8b 4d 58 e8 8d cf ff ff 48 8b 4d 60 e8 84 cf ff
0x00007ffddec96497:   ff 48 8b 95 80 00 00 00 48 8b 8d 18 01 00 00 e8
0x00007ffddec964a7:   76 c4 ff ff 33 d2 33 c9 e8 cc e1 ff ff 90 48 89
0x00007ffddec964b7:   54 24 10 55 48 83 ec 20 48 8b ea 48 b8 00 00 00
0x00007ffddec964c7:   00 00 00 00 00 48 83 c4 20 5d c3 cc 40 55 48 8b
0x00007ffddec964d7:   ea 48 8b 01 33 c9 81 38 05 00 00 c0 0f 94 c1 8b
0x00007ffddec964e7:   c1 5d c3 cc 40 55 48 83 ec 20 48 8b ea 8a 4d 40
0x00007ffddec964f7:   48 83 c4 20 5d e9 73 d3 ff ff cc 40 55 48 83 ec
0x00007ffddec96507:   20 48 8b ea 8a 4d 20 e8 61 d3 ff ff 90 48 83 c4
0x00007ffddec96517:   20 5d c3 cc 40 55 48 83 ec 20 48 8b ea 48 83 c4
0x00007ffddec96527:   20 5d e9 c2 d1 ff ff cc 40 55 48 83 ec 30 48 8b
0x00007ffddec96537:   ea 48 8b 01 8b 10 48 89 4c 24 28 89 54 24 20 4c
0x00007ffddec96547:   8d 0d 63 d6 ff ff 4c 8b 45 70 8b 55 68 48 8b 4d
0x00007ffddec96557:   60 e8 03 d1 ff ff 90 48 83 c4 30 5d c3 cc cc cc
0x00007ffddec96567:   cc cc cc cc cc cc cc cc cc 40 53 48 83 ec 20 48
0x00007ffddec96577:   8b 1d 8b 34 01 00 48 85 db 74 16 e8 89 8f ff ff
0x00007ffddec96587:   4c 8b 00 48 8b d3 48 8b c8 41 ff 90 b0 00 00 00
0x00007ffddec96597:   90 48 83 c4 20 5b c3 cc cc 40 53 48 83 ec 20 48
0x00007ffddec965a7:   8b 1d fb 35 01 00 48 85 db 74 57 b8 ff ff ff ff
0x00007ffddec965b7:   f0 0f c1 43 10 83 f8 01 75 3d 48 85 db 74 38 48
0x00007ffddec965c7:   8b 0b 48 85 c9 74 0d ff 15 d4 0c 00 00 48 c7 03
0x00007ffddec965d7:   00 00 00 00 48 8b 4b 08 48 85 c9 74 0d e8 33 ce
0x00007ffddec965e7:   ff ff 48 c7 43 08 00 00 00 00 ba 18 00 00 00 48
0x00007ffddec965f7:   8b cb e8 1e ce ff ff 48 c7 05 9f 35 01 00 00 00
0x00007ffddec96607:   00 00 48 83 c4 20 5b c3 cc 40 53 48 83 ec 20 48
0x00007ffddec96617:   8b 1d 6b 35 01 00 48 85 db 74 57 b8 ff ff ff ff
0x00007ffddec96627:   f0 0f c1 43 10 83 f8 01 75 3d 48 85 db 74 38 48
0x00007ffddec96637:   8b 0b 48 85 c9 74 0d ff 15 64 0c 00 00 48 c7 03
0x00007ffddec96647:   00 00 00 00 48 8b 4b 08 48 85 c9 74 0d e8 c3 cd
0x00007ffddec96657:   ff ff 48 c7 43 08 00 00 00 00 ba 18 00 00 00 48
0x00007ffddec96667:   8b cb e8 ae cd ff ff 48 c7 05 0f 35 01 00 00 00
0x00007ffddec96677:   00 00 48 83 c4 20 5b c3 cc 40 53 48 83 ec 20 48 


Stack slot to memory mapping:

stack at sp + 0 slots: 0x0 is null
stack at sp + 1 slots: 0x0000028c5d13c7f0 points into unknown readable memory: 0x4e7aa0370342ed5c | 5c ed 42 03 37 a0 7a 4e
stack at sp + 2 slots: 0x00007ffdbfec5410 jvm.dll
stack at sp + 3 slots: 0x00007ffddec93ed0 glass.dll
stack at sp + 4 slots: 0x0000028c5d13c7f8 points into unknown readable memory: 0x0000a0371cbd9aee | ee 9a bd 1c 37 a0 00 00
stack at sp + 5 slots: 0x00007ffe3cc3bea0 ucrtbase.dll
stack at sp + 6 slots: 0x0000a0371cbd9aee is an unknown value
stack at sp + 7 slots: 0x0000028c00000000 points into unknown readable memory: 0x00010000cafedada | da da fe ca 00 00 01 00

VM_Operation (0x000000f0591ff230): Exit, mode: safepoint, requested by thread 0x0000028c624e9410


---------------  P R O C E S S  ---------------

Threads class SMR info:
_java_thread_list=0x0000028c64a2d740, length=19, elements={
0x0000028c78c54ac0, 0x0000028c7d8f7170, 0x0000028c7d8f7f80, 0x0000028c7d8fc150,
0x0000028c7d8fcca0, 0x0000028c7d8fe710, 0x0000028c7d9014b0, 0x0000028c7d963390,
0x0000028c1776dec0, 0x0000028c5d321fd0, 0x0000028c5d1540e0, 0x0000028c5d539970,
0x0000028c5d61a390, 0x0000028c5d60c130, 0x0000028c62141890, 0x0000028c62118ef0,
0x0000028c624e8060, 0x0000028c624e7340, 0x0000028c624e9410
}

Java Threads: ( => current thread )
  0x0000028c78c54ac0 JavaThread "main"                              [_thread_blocked, id=15924, stack(0x000000f058000000,0x000000f058100000) (1024K)]
  0x0000028c7d8f7170 JavaThread "Reference Handler"          daemon [_thread_blocked, id=360, stack(0x000000f058800000,0x000000f058900000) (1024K)]
  0x0000028c7d8f7f80 JavaThread "Finalizer"                  daemon [_thread_blocked, id=14372, stack(0x000000f058900000,0x000000f058a00000) (1024K)]
  0x0000028c7d8fc150 JavaThread "Attach Listener"            daemon [_thread_blocked, id=9020, stack(0x000000f058b00000,0x000000f058c00000) (1024K)]
  0x0000028c7d8fcca0 JavaThread "Service Thread"             daemon [_thread_blocked, id=12380, stack(0x000000f058c00000,0x000000f058d00000) (1024K)]
  0x0000028c7d8fe710 JavaThread "Monitor Deflation Thread"   daemon [_thread_blocked, id=7296, stack(0x000000f058d00000,0x000000f058e00000) (1024K)]
  0x0000028c7d9014b0 JavaThread "C2 CompilerThread0"         daemon [_thread_blocked, id=12796, stack(0x000000f058e00000,0x000000f058f00000) (1024K)]
  0x0000028c7d963390 JavaThread "C1 CompilerThread0"         daemon [_thread_blocked, id=16172, stack(0x000000f058f00000,0x000000f059000000) (1024K)]
  0x0000028c1776dec0 JavaThread "Common-Cleaner"             daemon [_thread_blocked, id=17716, stack(0x000000f059000000,0x000000f059100000) (1024K)]
  0x0000028c5d321fd0 JavaThread "Monitor Ctrl-Break"         daemon [_thread_in_native, id=13576, stack(0x000000f059200000,0x000000f059300000) (1024K)]
  0x0000028c5d1540e0 JavaThread "Notification Thread"        daemon [_thread_blocked, id=10336, stack(0x000000f059300000,0x000000f059400000) (1024K)]
  0x0000028c5d539970 JavaThread "QuantumRenderer-0"          daemon [_thread_blocked, id=9452, stack(0x000000f059700000,0x000000f059800000) (1024K)]
  0x0000028c5d61a390 JavaThread "InvokeLaterDispatcher"      daemon [_thread_blocked, id=11180, stack(0x000000f059800000,0x000000f059900000) (1024K)]
  0x0000028c5d60c130 JavaThread "JavaFX Application Thread"         [_thread_in_native, id=17636, stack(0x000000f059900000,0x000000f059a00000) (1024K)]
  0x0000028c62141890 JavaThread "Thread-1"                   daemon [_thread_in_native, id=11644, stack(0x000000f059d00000,0x000000f059e00000) (1024K)]
  0x0000028c62118ef0 JavaThread "JavaFX-Launcher"                   [_thread_blocked, id=4152, stack(0x000000f059e00000,0x000000f059f00000) (1024K)]
  0x0000028c624e8060 JavaThread "Prism Font Disposer"        daemon [_thread_blocked, id=12188, stack(0x000000f05a200000,0x000000f05a300000) (1024K)]
  0x0000028c624e7340 JavaThread "Cleaner-0"                  daemon [_thread_blocked, id=6132, stack(0x000000f05a300000,0x000000f05a400000) (1024K)]
  0x0000028c624e9410 JavaThread "SIGINT handler"             daemon [_thread_blocked, id=16704, stack(0x000000f059100000,0x000000f059200000) (1024K)]
Total: 19

Other Threads:
=>0x0000028c7d8d3270 VMThread "VM Thread"                           [id=12536, stack(0x000000f058700000,0x000000f058800000) (1024K)]
  0x0000028c78ca9100 WorkerThread "GC Thread#0"                     [id=14532, stack(0x000000f058100000,0x000000f058200000) (1024K)]
  0x0000028c5d0b2890 WorkerThread "GC Thread#1"                     [id=9492, stack(0x000000f059400000,0x000000f059500000) (1024K)]
  0x0000028c5d0b2c30 WorkerThread "GC Thread#2"                     [id=11536, stack(0x000000f059500000,0x000000f059600000) (1024K)]
  0x0000028c5d22c520 WorkerThread "GC Thread#3"                     [id=3448, stack(0x000000f059600000,0x000000f059700000) (1024K)]
  0x0000028c78cbaab0 ConcurrentGCThread "G1 Main Marker"            terminated
  0x0000028c78cbdf10 WorkerThread "G1 Conc#0"                       [id=464, stack(0x000000f058300000,0x000000f058400000) (1024K)]
  0x0000028c78d2e340 ConcurrentGCThread "G1 Refine#0"               terminated
  0x0000028c7d7920a0 ConcurrentGCThread "G1 Service"                terminated
Total: 9

Threads with active compile tasks:
Total: 0

VM state: at safepoint (shutting down)

VM Mutex/Monitor currently owned by a thread:  ([mutex/lock_event])
[0x00007ffdbfe9d9c8] Threads_lock - owner thread: 0x0000028c7d8d3270
[0x00007ffdbfe9dac8] Heap_lock - owner thread: 0x0000028c624e9410

Heap address: 0x0000000083200000, size: 1998 MB, Compressed Oops mode: 32-bit

CDS archive(s) mapped at: [0x0000028c18000000-0x0000028c18c90000-0x0000028c18c90000), size 13172736, SharedBaseAddress: 0x0000028c18000000, ArchiveRelocationMode: 1.
Compressed class space mapped at: 0x0000028c19000000-0x0000028c59000000, reserved size: 1073741824
Narrow klass base: 0x0000028c18000000, Narrow klass shift: 0, Narrow klass range: 0x100000000

GC Precious Log:
 CardTable entry size: 512
 Card Set container configuration: InlinePtr #cards 5 size 8 Array Of Cards #cards 12 size 40 Howl #buckets 4 coarsen threshold 1843 Howl Bitmap #cards 512 size 80 coarsen threshold 460 Card regions per heap region 1 cards per card region 2048
 CPUs: 4 total, 4 available
 Memory: 7991M
 Large Page Support: Disabled
 NUMA Support: Disabled
 Compressed Oops: Enabled (32-bit)
 Heap Region Size: 1M
 Heap Min Capacity: 8M
 Heap Initial Capacity: 126M
 Heap Max Capacity: 1998M
 Pre-touch: Disabled
 Parallel Workers: 4
 Concurrent Workers: 1
 Concurrent Refinement Workers: 4
 Periodic GC: Disabled

Heap:
 garbage-first heap   total 129024K, used 80918K [0x0000000083200000, 0x0000000100000000)
  region size 1024K, 46 young (47104K), 2 survivors (2048K)
 Metaspace       used 16658K, committed 16960K, reserved 1114112K
  class space    used 2372K, committed 2496K, reserved 1048576K

Heap Regions: E=young(eden), S=young(survivor), O=old, HS=humongous(starts), HC=humongous(continues), CS=collection set, F=free, TAMS=top-at-mark-start, PB=parsable bottom
|   0|0x0000000083200000, 0x0000000083300000, 0x0000000083300000|100%|HS|  |TAMS 0x0000000083200000| PB 0x0000000083200000| Complete 
|   1|0x0000000083300000, 0x0000000083400000, 0x0000000083400000|100%|HC|  |TAMS 0x0000000083300000| PB 0x0000000083300000| Complete 
|   2|0x0000000083400000, 0x0000000083500000, 0x0000000083500000|100%|HC|  |TAMS 0x0000000083400000| PB 0x0000000083400000| Complete 
|   3|0x0000000083500000, 0x0000000083600000, 0x0000000083600000|100%|HC|  |TAMS 0x0000000083500000| PB 0x0000000083500000| Complete 
|   4|0x0000000083600000, 0x0000000083700000, 0x0000000083700000|100%|HC|  |TAMS 0x0000000083600000| PB 0x0000000083600000| Complete 
|   5|0x0000000083700000, 0x0000000083800000, 0x0000000083800000|100%|HC|  |TAMS 0x0000000083700000| PB 0x0000000083700000| Complete 
|   6|0x0000000083800000, 0x0000000083900000, 0x0000000083900000|100%| O|  |TAMS 0x0000000083800000| PB 0x0000000083800000| Untracked 
|   7|0x0000000083900000, 0x0000000083a00000, 0x0000000083a00000|100%| O|  |TAMS 0x0000000083900000| PB 0x0000000083900000| Untracked 
|   8|0x0000000083a00000, 0x0000000083a1c380, 0x0000000083b00000| 11%| O|  |TAMS 0x0000000083a00000| PB 0x0000000083a00000| Untracked 
|   9|0x0000000083b00000, 0x0000000083c00000, 0x0000000083c00000|100%|HS|  |TAMS 0x0000000083b00000| PB 0x0000000083b00000| Complete 
|  10|0x0000000083c00000, 0x0000000083d00000, 0x0000000083d00000|100%|HC|  |TAMS 0x0000000083c00000| PB 0x0000000083c00000| Complete 
|  11|0x0000000083d00000, 0x0000000083e00000, 0x0000000083e00000|100%|HS|  |TAMS 0x0000000083d00000| PB 0x0000000083d00000| Complete 
|  12|0x0000000083e00000, 0x0000000083f00000, 0x0000000083f00000|100%|HC|  |TAMS 0x0000000083e00000| PB 0x0000000083e00000| Complete 
|  13|0x0000000083f00000, 0x0000000084000000, 0x0000000084000000|100%|HC|  |TAMS 0x0000000083f00000| PB 0x0000000083f00000| Complete 
|  14|0x0000000084000000, 0x0000000084100000, 0x0000000084100000|100%|HC|  |TAMS 0x0000000084000000| PB 0x0000000084000000| Complete 
|  15|0x0000000084100000, 0x0000000084200000, 0x0000000084200000|100%|HC|  |TAMS 0x0000000084100000| PB 0x0000000084100000| Complete 
|  16|0x0000000084200000, 0x0000000084300000, 0x0000000084300000|100%|HC|  |TAMS 0x0000000084200000| PB 0x0000000084200000| Complete 
|  17|0x0000000084300000, 0x0000000084400000, 0x0000000084400000|100%|HS|  |TAMS 0x0000000084300000| PB 0x0000000084300000| Complete 
|  18|0x0000000084400000, 0x0000000084500000, 0x0000000084500000|100%|HC|  |TAMS 0x0000000084400000| PB 0x0000000084400000| Complete 
|  19|0x0000000084500000, 0x0000000084600000, 0x0000000084600000|100%|HC|  |TAMS 0x0000000084500000| PB 0x0000000084500000| Complete 
|  20|0x0000000084600000, 0x0000000084700000, 0x0000000084700000|100%|HC|  |TAMS 0x0000000084600000| PB 0x0000000084600000| Complete 
|  21|0x0000000084700000, 0x0000000084800000, 0x0000000084800000|100%|HC|  |TAMS 0x0000000084700000| PB 0x0000000084700000| Complete 
|  22|0x0000000084800000, 0x0000000084900000, 0x0000000084900000|100%|HC|  |TAMS 0x0000000084800000| PB 0x0000000084800000| Complete 
|  23|0x0000000084900000, 0x0000000084a00000, 0x0000000084a00000|100%|HS|  |TAMS 0x0000000084900000| PB 0x0000000084900000| Complete 
|  24|0x0000000084a00000, 0x0000000084b00000, 0x0000000084b00000|100%|HC|  |TAMS 0x0000000084a00000| PB 0x0000000084a00000| Complete 
|  25|0x0000000084b00000, 0x0000000084c00000, 0x0000000084c00000|100%|HC|  |TAMS 0x0000000084b00000| PB 0x0000000084b00000| Complete 
|  26|0x0000000084c00000, 0x0000000084d00000, 0x0000000084d00000|100%|HC|  |TAMS 0x0000000084c00000| PB 0x0000000084c00000| Complete 
|  27|0x0000000084d00000, 0x0000000084e00000, 0x0000000084e00000|100%|HC|  |TAMS 0x0000000084d00000| PB 0x0000000084d00000| Complete 
|  28|0x0000000084e00000, 0x0000000084f00000, 0x0000000084f00000|100%|HC|  |TAMS 0x0000000084e00000| PB 0x0000000084e00000| Complete 
|  29|0x0000000084f00000, 0x0000000085000000, 0x0000000085000000|100%|HS|  |TAMS 0x0000000084f00000| PB 0x0000000084f00000| Complete 
|  30|0x0000000085000000, 0x0000000085100000, 0x0000000085100000|100%|HC|  |TAMS 0x0000000085000000| PB 0x0000000085000000| Complete 
|  31|0x0000000085100000, 0x0000000085200000, 0x0000000085200000|100%|HC|  |TAMS 0x0000000085100000| PB 0x0000000085100000| Complete 
|  32|0x0000000085200000, 0x0000000085300000, 0x0000000085300000|100%|HC|  |TAMS 0x0000000085200000| PB 0x0000000085200000| Complete 
|  33|0x0000000085300000, 0x0000000085400000, 0x0000000085400000|100%|HC|  |TAMS 0x0000000085300000| PB 0x0000000085300000| Complete 
|  34|0x0000000085400000, 0x0000000085500000, 0x0000000085500000|100%|HC|  |TAMS 0x0000000085400000| PB 0x0000000085400000| Complete 
|  35|0x0000000085500000, 0x0000000085500000, 0x0000000085600000|  0%| F|  |TAMS 0x0000000085500000| PB 0x0000000085500000| Untracked 
|  36|0x0000000085600000, 0x0000000085600000, 0x0000000085700000|  0%| F|  |TAMS 0x0000000085600000| PB 0x0000000085600000| Untracked 
|  37|0x0000000085700000, 0x0000000085700000, 0x0000000085800000|  0%| F|  |TAMS 0x0000000085700000| PB 0x0000000085700000| Untracked 
|  38|0x0000000085800000, 0x0000000085800000, 0x0000000085900000|  0%| F|  |TAMS 0x0000000085800000| PB 0x0000000085800000| Untracked 
|  39|0x0000000085900000, 0x0000000085900000, 0x0000000085a00000|  0%| F|  |TAMS 0x0000000085900000| PB 0x0000000085900000| Untracked 
|  40|0x0000000085a00000, 0x0000000085a00000, 0x0000000085b00000|  0%| F|  |TAMS 0x0000000085a00000| PB 0x0000000085a00000| Untracked 
|  41|0x0000000085b00000, 0x0000000085b00000, 0x0000000085c00000|  0%| F|  |TAMS 0x0000000085b00000| PB 0x0000000085b00000| Untracked 
|  42|0x0000000085c00000, 0x0000000085c00000, 0x0000000085d00000|  0%| F|  |TAMS 0x0000000085c00000| PB 0x0000000085c00000| Untracked 
|  43|0x0000000085d00000, 0x0000000085d00000, 0x0000000085e00000|  0%| F|  |TAMS 0x0000000085d00000| PB 0x0000000085d00000| Untracked 
|  44|0x0000000085e00000, 0x0000000085e00000, 0x0000000085f00000|  0%| F|  |TAMS 0x0000000085e00000| PB 0x0000000085e00000| Untracked 
|  45|0x0000000085f00000, 0x0000000085f00000, 0x0000000086000000|  0%| F|  |TAMS 0x0000000085f00000| PB 0x0000000085f00000| Untracked 
|  46|0x0000000086000000, 0x0000000086000000, 0x0000000086100000|  0%| F|  |TAMS 0x0000000086000000| PB 0x0000000086000000| Untracked 
|  47|0x0000000086100000, 0x0000000086100000, 0x0000000086200000|  0%| F|  |TAMS 0x0000000086100000| PB 0x0000000086100000| Untracked 
|  48|0x0000000086200000, 0x0000000086200000, 0x0000000086300000|  0%| F|  |TAMS 0x0000000086200000| PB 0x0000000086200000| Untracked 
|  49|0x0000000086300000, 0x0000000086300000, 0x0000000086400000|  0%| F|  |TAMS 0x0000000086300000| PB 0x0000000086300000| Untracked 
|  50|0x0000000086400000, 0x0000000086400000, 0x0000000086500000|  0%| F|  |TAMS 0x0000000086400000| PB 0x0000000086400000| Untracked 
|  51|0x0000000086500000, 0x0000000086500000, 0x0000000086600000|  0%| F|  |TAMS 0x0000000086500000| PB 0x0000000086500000| Untracked 
|  52|0x0000000086600000, 0x0000000086600000, 0x0000000086700000|  0%| F|  |TAMS 0x0000000086600000| PB 0x0000000086600000| Untracked 
|  53|0x0000000086700000, 0x0000000086700000, 0x0000000086800000|  0%| F|  |TAMS 0x0000000086700000| PB 0x0000000086700000| Untracked 
|  54|0x0000000086800000, 0x0000000086800000, 0x0000000086900000|  0%| F|  |TAMS 0x0000000086800000| PB 0x0000000086800000| Untracked 
|  55|0x0000000086900000, 0x0000000086900000, 0x0000000086a00000|  0%| F|  |TAMS 0x0000000086900000| PB 0x0000000086900000| Untracked 
|  56|0x0000000086a00000, 0x0000000086a00000, 0x0000000086b00000|  0%| F|  |TAMS 0x0000000086a00000| PB 0x0000000086a00000| Untracked 
|  57|0x0000000086b00000, 0x0000000086b00000, 0x0000000086c00000|  0%| F|  |TAMS 0x0000000086b00000| PB 0x0000000086b00000| Untracked 
|  58|0x0000000086c00000, 0x0000000086c00000, 0x0000000086d00000|  0%| F|  |TAMS 0x0000000086c00000| PB 0x0000000086c00000| Untracked 
|  59|0x0000000086d00000, 0x0000000086d00000, 0x0000000086e00000|  0%| F|  |TAMS 0x0000000086d00000| PB 0x0000000086d00000| Untracked 
|  60|0x0000000086e00000, 0x0000000086e00000, 0x0000000086f00000|  0%| F|  |TAMS 0x0000000086e00000| PB 0x0000000086e00000| Untracked 
|  61|0x0000000086f00000, 0x0000000086f00000, 0x0000000087000000|  0%| F|  |TAMS 0x0000000086f00000| PB 0x0000000086f00000| Untracked 
|  62|0x0000000087000000, 0x0000000087000000, 0x0000000087100000|  0%| F|  |TAMS 0x0000000087000000| PB 0x0000000087000000| Untracked 
|  63|0x0000000087100000, 0x0000000087100000, 0x0000000087200000|  0%| F|  |TAMS 0x0000000087100000| PB 0x0000000087100000| Untracked 
|  64|0x0000000087200000, 0x0000000087200000, 0x0000000087300000|  0%| F|  |TAMS 0x0000000087200000| PB 0x0000000087200000| Untracked 
|  65|0x0000000087300000, 0x0000000087300000, 0x0000000087400000|  0%| F|  |TAMS 0x0000000087300000| PB 0x0000000087300000| Untracked 
|  66|0x0000000087400000, 0x0000000087400000, 0x0000000087500000|  0%| F|  |TAMS 0x0000000087400000| PB 0x0000000087400000| Untracked 
|  67|0x0000000087500000, 0x0000000087500000, 0x0000000087600000|  0%| F|  |TAMS 0x0000000087500000| PB 0x0000000087500000| Untracked 
|  68|0x0000000087600000, 0x0000000087600000, 0x0000000087700000|  0%| F|  |TAMS 0x0000000087600000| PB 0x0000000087600000| Untracked 
|  69|0x0000000087700000, 0x0000000087700000, 0x0000000087800000|  0%| F|  |TAMS 0x0000000087700000| PB 0x0000000087700000| Untracked 
|  70|0x0000000087800000, 0x0000000087800000, 0x0000000087900000|  0%| F|  |TAMS 0x0000000087800000| PB 0x0000000087800000| Untracked 
|  71|0x0000000087900000, 0x0000000087900000, 0x0000000087a00000|  0%| F|  |TAMS 0x0000000087900000| PB 0x0000000087900000| Untracked 
|  72|0x0000000087a00000, 0x0000000087a00000, 0x0000000087b00000|  0%| F|  |TAMS 0x0000000087a00000| PB 0x0000000087a00000| Untracked 
|  73|0x0000000087b00000, 0x0000000087b00000, 0x0000000087c00000|  0%| F|  |TAMS 0x0000000087b00000| PB 0x0000000087b00000| Untracked 
|  74|0x0000000087c00000, 0x0000000087c00000, 0x0000000087d00000|  0%| F|  |TAMS 0x0000000087c00000| PB 0x0000000087c00000| Untracked 
|  75|0x0000000087d00000, 0x0000000087d00000, 0x0000000087e00000|  0%| F|  |TAMS 0x0000000087d00000| PB 0x0000000087d00000| Untracked 
|  76|0x0000000087e00000, 0x0000000087e00000, 0x0000000087f00000|  0%| F|  |TAMS 0x0000000087e00000| PB 0x0000000087e00000| Untracked 
|  77|0x0000000087f00000, 0x0000000087f00000, 0x0000000088000000|  0%| F|  |TAMS 0x0000000087f00000| PB 0x0000000087f00000| Untracked 
|  78|0x0000000088000000, 0x0000000088000000, 0x0000000088100000|  0%| F|  |TAMS 0x0000000088000000| PB 0x0000000088000000| Untracked 
|  79|0x0000000088100000, 0x0000000088100000, 0x0000000088200000|  0%| F|  |TAMS 0x0000000088100000| PB 0x0000000088100000| Untracked 
|  80|0x0000000088200000, 0x000000008824b428, 0x0000000088300000| 29%| E|  |TAMS 0x0000000088200000| PB 0x0000000088200000| Complete 
|  81|0x0000000088300000, 0x0000000088400000, 0x0000000088400000|100%| E|CS|TAMS 0x0000000088300000| PB 0x0000000088300000| Complete 
|  82|0x0000000088400000, 0x0000000088500000, 0x0000000088500000|100%| E|CS|TAMS 0x0000000088400000| PB 0x0000000088400000| Complete 
|  83|0x0000000088500000, 0x0000000088600000, 0x0000000088600000|100%| E|CS|TAMS 0x0000000088500000| PB 0x0000000088500000| Complete 
|  84|0x0000000088600000, 0x0000000088700000, 0x0000000088700000|100%| E|CS|TAMS 0x0000000088600000| PB 0x0000000088600000| Complete 
|  85|0x0000000088700000, 0x0000000088800000, 0x0000000088800000|100%| E|CS|TAMS 0x0000000088700000| PB 0x0000000088700000| Complete 
|  86|0x0000000088800000, 0x0000000088900000, 0x0000000088900000|100%| E|CS|TAMS 0x0000000088800000| PB 0x0000000088800000| Complete 
|  87|0x0000000088900000, 0x0000000088a00000, 0x0000000088a00000|100%| E|CS|TAMS 0x0000000088900000| PB 0x0000000088900000| Complete 
|  88|0x0000000088a00000, 0x0000000088b00000, 0x0000000088b00000|100%| E|CS|TAMS 0x0000000088a00000| PB 0x0000000088a00000| Complete 
|  89|0x0000000088b00000, 0x0000000088c00000, 0x0000000088c00000|100%| E|CS|TAMS 0x0000000088b00000| PB 0x0000000088b00000| Complete 
|  90|0x0000000088c00000, 0x0000000088d00000, 0x0000000088d00000|100%| E|CS|TAMS 0x0000000088c00000| PB 0x0000000088c00000| Complete 
|  91|0x0000000088d00000, 0x0000000088e00000, 0x0000000088e00000|100%| E|CS|TAMS 0x0000000088d00000| PB 0x0000000088d00000| Complete 
|  92|0x0000000088e00000, 0x0000000088f00000, 0x0000000088f00000|100%| E|CS|TAMS 0x0000000088e00000| PB 0x0000000088e00000| Complete 
|  93|0x0000000088f00000, 0x0000000089000000, 0x0000000089000000|100%| E|CS|TAMS 0x0000000088f00000| PB 0x0000000088f00000| Complete 
|  94|0x0000000089000000, 0x0000000089100000, 0x0000000089100000|100%| E|CS|TAMS 0x0000000089000000| PB 0x0000000089000000| Complete 
|  95|0x0000000089100000, 0x0000000089200000, 0x0000000089200000|100%| E|CS|TAMS 0x0000000089100000| PB 0x0000000089100000| Complete 
|  96|0x0000000089200000, 0x0000000089300000, 0x0000000089300000|100%| E|CS|TAMS 0x0000000089200000| PB 0x0000000089200000| Complete 
|  97|0x0000000089300000, 0x0000000089400000, 0x0000000089400000|100%| E|CS|TAMS 0x0000000089300000| PB 0x0000000089300000| Complete 
|  98|0x0000000089400000, 0x0000000089500000, 0x0000000089500000|100%| E|CS|TAMS 0x0000000089400000| PB 0x0000000089400000| Complete 
|  99|0x0000000089500000, 0x0000000089600000, 0x0000000089600000|100%| E|CS|TAMS 0x0000000089500000| PB 0x0000000089500000| Complete 
| 100|0x0000000089600000, 0x0000000089700000, 0x0000000089700000|100%| E|CS|TAMS 0x0000000089600000| PB 0x0000000089600000| Complete 
| 101|0x0000000089700000, 0x00000000897e95d0, 0x0000000089800000| 91%| S|CS|TAMS 0x0000000089700000| PB 0x0000000089700000| Complete 
| 102|0x0000000089800000, 0x0000000089900000, 0x0000000089900000|100%| S|CS|TAMS 0x0000000089800000| PB 0x0000000089800000| Complete 
| 103|0x0000000089900000, 0x0000000089a00000, 0x0000000089a00000|100%| E|CS|TAMS 0x0000000089900000| PB 0x0000000089900000| Complete 
| 104|0x0000000089a00000, 0x0000000089b00000, 0x0000000089b00000|100%| E|CS|TAMS 0x0000000089a00000| PB 0x0000000089a00000| Complete 
| 105|0x0000000089b00000, 0x0000000089c00000, 0x0000000089c00000|100%| E|CS|TAMS 0x0000000089b00000| PB 0x0000000089b00000| Complete 
| 106|0x0000000089c00000, 0x0000000089d00000, 0x0000000089d00000|100%| E|CS|TAMS 0x0000000089c00000| PB 0x0000000089c00000| Complete 
| 107|0x0000000089d00000, 0x0000000089e00000, 0x0000000089e00000|100%| E|CS|TAMS 0x0000000089d00000| PB 0x0000000089d00000| Complete 
| 108|0x0000000089e00000, 0x0000000089f00000, 0x0000000089f00000|100%| E|CS|TAMS 0x0000000089e00000| PB 0x0000000089e00000| Complete 
| 109|0x0000000089f00000, 0x000000008a000000, 0x000000008a000000|100%| E|CS|TAMS 0x0000000089f00000| PB 0x0000000089f00000| Complete 
| 110|0x000000008a000000, 0x000000008a100000, 0x000000008a100000|100%| E|CS|TAMS 0x000000008a000000| PB 0x000000008a000000| Complete 
| 111|0x000000008a100000, 0x000000008a200000, 0x000000008a200000|100%| E|CS|TAMS 0x000000008a100000| PB 0x000000008a100000| Complete 
| 112|0x000000008a200000, 0x000000008a300000, 0x000000008a300000|100%| E|CS|TAMS 0x000000008a200000| PB 0x000000008a200000| Complete 
| 113|0x000000008a300000, 0x000000008a400000, 0x000000008a400000|100%| E|CS|TAMS 0x000000008a300000| PB 0x000000008a300000| Complete 
| 114|0x000000008a400000, 0x000000008a500000, 0x000000008a500000|100%| E|CS|TAMS 0x000000008a400000| PB 0x000000008a400000| Complete 
| 115|0x000000008a500000, 0x000000008a600000, 0x000000008a600000|100%| E|CS|TAMS 0x000000008a500000| PB 0x000000008a500000| Complete 
| 116|0x000000008a600000, 0x000000008a700000, 0x000000008a700000|100%| E|CS|TAMS 0x000000008a600000| PB 0x000000008a600000| Complete 
| 117|0x000000008a700000, 0x000000008a800000, 0x000000008a800000|100%| E|CS|TAMS 0x000000008a700000| PB 0x000000008a700000| Complete 
| 118|0x000000008a800000, 0x000000008a900000, 0x000000008a900000|100%| E|CS|TAMS 0x000000008a800000| PB 0x000000008a800000| Complete 
| 119|0x000000008a900000, 0x000000008aa00000, 0x000000008aa00000|100%| E|CS|TAMS 0x000000008a900000| PB 0x000000008a900000| Complete 
| 120|0x000000008aa00000, 0x000000008ab00000, 0x000000008ab00000|100%| E|CS|TAMS 0x000000008aa00000| PB 0x000000008aa00000| Complete 
| 121|0x000000008ab00000, 0x000000008ac00000, 0x000000008ac00000|100%| E|CS|TAMS 0x000000008ab00000| PB 0x000000008ab00000| Complete 
| 122|0x000000008ac00000, 0x000000008ad00000, 0x000000008ad00000|100%| E|CS|TAMS 0x000000008ac00000| PB 0x000000008ac00000| Complete 
| 123|0x000000008ad00000, 0x000000008ae00000, 0x000000008ae00000|100%| E|CS|TAMS 0x000000008ad00000| PB 0x000000008ad00000| Complete 
| 124|0x000000008ae00000, 0x000000008af00000, 0x000000008af00000|100%| E|CS|TAMS 0x000000008ae00000| PB 0x000000008ae00000| Complete 
| 125|0x000000008af00000, 0x000000008b000000, 0x000000008b000000|100%| E|CS|TAMS 0x000000008af00000| PB 0x000000008af00000| Complete 

Card table byte_map: [0x0000028c79120000,0x0000028c79510000] _byte_map_base: 0x0000028c78d07000

Marking Bits: (CMBitMap*) 0x0000028c78ca9800
 Bits: [0x0000028c79510000, 0x0000028c7b448000)

Polling page: 0x0000028c76ba0000

Metaspace:

Usage:
  Non-class:     13.95 MB used.
      Class:      2.32 MB used.
       Both:     16.27 MB used.

Virtual space:
  Non-class space:       64.00 MB reserved,      14.12 MB ( 22%) committed,  1 nodes.
      Class space:        1.00 GB reserved,       2.44 MB ( <1%) committed,  1 nodes.
             Both:        1.06 GB reserved,      16.56 MB (  2%) committed. 

Chunk freelists:
   Non-Class:  1.19 MB
       Class:  13.50 MB
        Both:  14.69 MB

MaxMetaspaceSize: unlimited
CompressedClassSpaceSize: 1.00 GB
Initial GC threshold: 21.00 MB
Current GC threshold: 21.00 MB
CDS: on
 - commit_granule_bytes: 65536.
 - commit_granule_words: 8192.
 - virtual_space_node_default_size: 8388608.
 - enlarge_chunks_in_place: 1.
 - use_allocation_guard: 0.


Internal statistics:

num_allocs_failed_limit: 0.
num_arena_births: 336.
num_arena_deaths: 0.
num_vsnodes_births: 2.
num_vsnodes_deaths: 0.
num_space_committed: 265.
num_space_uncommitted: 0.
num_chunks_returned_to_freelist: 0.
num_chunks_taken_from_freelist: 859.
num_chunk_merges: 0.
num_chunk_splits: 595.
num_chunks_enlarged: 458.
num_inconsistent_stats: 0.

CodeHeap 'non-profiled nmethods': size=120000Kb used=1330Kb max_used=1330Kb free=118669Kb
 bounds [0x0000028c100d0000, 0x0000028c10340000, 0x0000028c17600000]
CodeHeap 'profiled nmethods': size=120000Kb used=6327Kb max_used=6327Kb free=113672Kb
 bounds [0x0000028c08600000, 0x0000028c08c30000, 0x0000028c0fb30000]
CodeHeap 'non-nmethods': size=5760Kb used=2038Kb max_used=2076Kb free=3721Kb
 bounds [0x0000028c0fb30000, 0x0000028c0fda0000, 0x0000028c100d0000]
 total_blobs=4083 nmethods=3268 adapters=719
 compilation: enabled
              stopped_count=0, restarted_count=0
 full_count=0

Compilation events (20 events):
Event: 28.397 Thread 0x0000028c7d963390 nmethod 3257 0x0000028c1021c290 code [0x0000028c1021c420, 0x0000028c1021c4e8]
Event: 28.397 Thread 0x0000028c7d9014b0 nmethod 3259 0x0000028c1021c590 code [0x0000028c1021c720, 0x0000028c1021c7b0]
Event: 28.410 Thread 0x0000028c7d963390 3260       3       java.util.ArrayDeque::removeFirst (19 bytes)
Event: 28.410 Thread 0x0000028c7d963390 nmethod 3260 0x0000028c08c2a910 code [0x0000028c08c2aae0, 0x0000028c08c2ad50]
Event: 29.545 Thread 0x0000028c7d963390 3261       1       com.sun.javafx.tk.quantum.WindowStage::getPlatformWindow (5 bytes)
Event: 29.545 Thread 0x0000028c7d963390 nmethod 3261 0x0000028c1021c890 code [0x0000028c1021ca20, 0x0000028c1021cae8]
Event: 29.546 Thread 0x0000028c7d963390 3262       3       com.sun.javafx.geom.transform.Identity::getDegree (4 bytes)
Event: 29.547 Thread 0x0000028c7d963390 nmethod 3262 0x0000028c08c2ae90 code [0x0000028c08c2b020, 0x0000028c08c2b138]
Event: 29.548 Thread 0x0000028c7d963390 3263       3       com.sun.prism.impl.VertexBuffer::addQuad (444 bytes)
Event: 29.548 Thread 0x0000028c7d963390 nmethod 3263 0x0000028c08c2b210 code [0x0000028c08c2b420, 0x0000028c08c2bcb0]
Event: 29.548 Thread 0x0000028c7d963390 3264       3       com.sun.javafx.geom.transform.Translate2D::getDegree (4 bytes)
Event: 29.548 Thread 0x0000028c7d963390 nmethod 3264 0x0000028c08c2c290 code [0x0000028c08c2c420, 0x0000028c08c2c538]
Event: 29.549 Thread 0x0000028c7d963390 3265       3       javafx.scene.layout.Border::isEmpty (30 bytes)
Event: 29.549 Thread 0x0000028c7d963390 nmethod 3265 0x0000028c08c2c610 code [0x0000028c08c2c7e0, 0x0000028c08c2cb20]
Event: 29.549 Thread 0x0000028c7d963390 3266       3       com.sun.javafx.font.CompositeFontResource::isColorGlyph (28 bytes)
Event: 29.549 Thread 0x0000028c7d963390 nmethod 3266 0x0000028c08c2cc10 code [0x0000028c08c2cde0, 0x0000028c08c2d090]
Event: 29.549 Thread 0x0000028c7d963390 3267       3       com.sun.javafx.font.PrismFontFile::isColorGlyph (27 bytes)
Event: 29.550 Thread 0x0000028c7d963390 nmethod 3267 0x0000028c08c2d190 code [0x0000028c08c2d360, 0x0000028c08c2d688]
Event: 29.550 Thread 0x0000028c7d963390 3268  s    3       com.sun.javafx.font.PrismFontFile::fontSupportsColorGlyphs (51 bytes)
Event: 29.550 Thread 0x0000028c7d963390 nmethod 3268 0x0000028c08c2d790 code [0x0000028c08c2d960, 0x0000028c08c2de10]

GC Heap History (4 events):
Event: 0.469 GC heap before
{Heap before GC invocations=0 (full 0):
 garbage-first heap   total 129024K, used 12288K [0x0000000083200000, 0x0000000100000000)
  region size 1024K, 13 young (13312K), 0 survivors (0K)
 Metaspace       used 2391K, committed 2560K, reserved 1114112K
  class space    used 249K, committed 320K, reserved 1048576K
}
Event: 0.473 GC heap after
{Heap after GC invocations=1 (full 0):
 garbage-first heap   total 129024K, used 2037K [0x0000000083200000, 0x0000000100000000)
  region size 1024K, 2 young (2048K), 2 survivors (2048K)
 Metaspace       used 2391K, committed 2560K, reserved 1114112K
  class space    used 249K, committed 320K, reserved 1048576K
}
Event: 0.820 GC heap before
{Heap before GC invocations=1 (full 0):
 garbage-first heap   total 129024K, used 28661K [0x0000000083200000, 0x0000000100000000)
  region size 1024K, 23 young (23552K), 2 survivors (2048K)
 Metaspace       used 8385K, committed 8704K, reserved 1114112K
  class space    used 1108K, committed 1280K, reserved 1048576K
}
Event: 0.823 GC heap after
{Heap after GC invocations=2 (full 0):
 garbage-first heap   total 129024K, used 10262K [0x0000000083200000, 0x0000000100000000)
  region size 1024K, 2 young (2048K), 2 survivors (2048K)
 Metaspace       used 8385K, committed 8704K, reserved 1114112K
  class space    used 1108K, committed 1280K, reserved 1048576K
}

Dll operation events (20 events):
Event: 0.418 Loaded shared library C:\Users\NickS\.openjfx\cache\21-ea+null\amd64\api-ms-win-crt-math-l1-1-0.dll
Event: 0.420 Loaded shared library C:\Users\NickS\.openjfx\cache\21-ea+null\amd64\api-ms-win-crt-multibyte-l1-1-0.dll
Event: 0.423 Loaded shared library C:\Users\NickS\.openjfx\cache\21-ea+null\amd64\api-ms-win-crt-private-l1-1-0.dll
Event: 0.425 Loaded shared library C:\Users\NickS\.openjfx\cache\21-ea+null\amd64\api-ms-win-crt-process-l1-1-0.dll
Event: 0.426 Loaded shared library C:\Users\NickS\.openjfx\cache\21-ea+null\amd64\api-ms-win-crt-runtime-l1-1-0.dll
Event: 0.428 Loaded shared library C:\Users\NickS\.openjfx\cache\21-ea+null\amd64\api-ms-win-crt-stdio-l1-1-0.dll
Event: 0.431 Loaded shared library C:\Users\NickS\.openjfx\cache\21-ea+null\amd64\api-ms-win-crt-string-l1-1-0.dll
Event: 0.432 Loaded shared library C:\Users\NickS\.openjfx\cache\21-ea+null\amd64\api-ms-win-crt-time-l1-1-0.dll
Event: 0.434 Loaded shared library C:\Users\NickS\.openjfx\cache\21-ea+null\amd64\api-ms-win-crt-utility-l1-1-0.dll
Event: 0.447 Loaded shared library C:\Users\NickS\.openjfx\cache\21-ea+null\amd64\ucrtbase.dll
Event: 0.450 Loaded shared library C:\Users\NickS\.openjfx\cache\21-ea+null\amd64\vcruntime140.dll
Event: 0.452 Loaded shared library C:\Users\NickS\.openjfx\cache\21-ea+null\amd64\vcruntime140_1.dll
Event: 0.461 Loaded shared library C:\Users\NickS\.openjfx\cache\21-ea+null\amd64\msvcp140.dll
Event: 0.463 Loaded shared library C:\Users\NickS\.openjfx\cache\21-ea+null\amd64\msvcp140_1.dll
Event: 0.468 Loaded shared library C:\Users\NickS\.openjfx\cache\21-ea+null\amd64\msvcp140_2.dll
Event: 0.512 Loaded shared library C:\Users\NickS\.openjfx\cache\21-ea+null\amd64\prism_d3d.dll
Event: 0.548 Loaded shared library C:\Users\NickS\.openjfx\cache\21-ea+null\amd64\glass.dll
Event: 0.645 Loaded shared library C:\Users\NickS\.jdks\corretto-21.0.1\bin\jimage.dll
Event: 0.770 Loaded shared library C:\Users\NickS\.openjfx\cache\21-ea+null\amd64\javafx_iio.dll
Event: 0.837 Loaded shared library C:\Users\NickS\.openjfx\cache\21-ea+null\amd64\javafx_font.dll

Deoptimization events (20 events):
Event: 2.485 Thread 0x0000028c5d539970 DEOPT PACKING pc=0x0000028c0896c4ca sp=0x000000f0597fdc00
Event: 2.485 Thread 0x0000028c5d539970 DEOPT UNPACKING pc=0x0000028c0fb888e2 sp=0x000000f0597fd058 mode 0
Event: 2.486 Thread 0x0000028c5d539970 DEOPT PACKING pc=0x0000028c0896c4ca sp=0x000000f0597fdc00
Event: 2.486 Thread 0x0000028c5d539970 DEOPT UNPACKING pc=0x0000028c0fb888e2 sp=0x000000f0597fd058 mode 0
Event: 2.487 Thread 0x0000028c5d539970 DEOPT PACKING pc=0x0000028c0896c4ca sp=0x000000f0597fdc00
Event: 2.487 Thread 0x0000028c5d539970 DEOPT UNPACKING pc=0x0000028c0fb888e2 sp=0x000000f0597fd058 mode 0
Event: 2.489 Thread 0x0000028c5d539970 DEOPT PACKING pc=0x0000028c0896c4ca sp=0x000000f0597fdc00
Event: 2.489 Thread 0x0000028c5d539970 DEOPT UNPACKING pc=0x0000028c0fb888e2 sp=0x000000f0597fd058 mode 0
Event: 2.490 Thread 0x0000028c5d539970 DEOPT PACKING pc=0x0000028c0896c4ca sp=0x000000f0597fdc00
Event: 2.490 Thread 0x0000028c5d539970 DEOPT UNPACKING pc=0x0000028c0fb888e2 sp=0x000000f0597fd058 mode 0
Event: 2.491 Thread 0x0000028c5d539970 DEOPT PACKING pc=0x0000028c0896c4ca sp=0x000000f0597fdc00
Event: 2.491 Thread 0x0000028c5d539970 DEOPT UNPACKING pc=0x0000028c0fb888e2 sp=0x000000f0597fd058 mode 0
Event: 2.593 Thread 0x0000028c5d60c130 Uncommon trap: trap_request=0xffffff45 fr.pc=0x0000028c1014a1c8 relative=0x0000000000000388
Event: 2.593 Thread 0x0000028c5d60c130 Uncommon trap: reason=unstable_if action=reinterpret pc=0x0000028c1014a1c8 method=java.io.ByteArrayInputStream.read([BII)I @ 35 c2
Event: 2.593 Thread 0x0000028c5d60c130 DEOPT PACKING pc=0x0000028c1014a1c8 sp=0x000000f0599fafb0
Event: 2.593 Thread 0x0000028c5d60c130 DEOPT UNPACKING pc=0x0000028c0fb87da2 sp=0x000000f0599faf70 mode 2
Event: 3.556 Thread 0x0000028c5d539970 DEOPT PACKING pc=0x0000028c08a12b62 sp=0x000000f0597fdf30
Event: 3.556 Thread 0x0000028c5d539970 DEOPT UNPACKING pc=0x0000028c0fb888e2 sp=0x000000f0597fd398 mode 0
Event: 4.688 Thread 0x0000028c5d539970 DEOPT PACKING pc=0x0000028c08a38e99 sp=0x000000f0597fda80
Event: 4.688 Thread 0x0000028c5d539970 DEOPT UNPACKING pc=0x0000028c0fb888e2 sp=0x000000f0597fced0 mode 0

Classes loaded (20 events):
Event: 1.505 Loading class jdk/internal/ref/CleanerImpl$InnocuousThreadFactory
Event: 1.505 Loading class jdk/internal/ref/CleanerImpl$InnocuousThreadFactory done
Event: 1.512 Loading class sun/misc/Unsafe
Event: 1.513 Loading class sun/misc/Unsafe done
Event: 1.513 Loading class java/lang/invoke/DirectMethodHandle$StaticAccessor
Event: 1.513 Loading class java/lang/invoke/DirectMethodHandle$StaticAccessor done
Event: 1.537 Loading class java/lang/FdLibm$Atan2
Event: 1.537 Loading class java/lang/FdLibm$Atan2 done
Event: 1.874 Loading class java/util/EnumMap$Values
Event: 1.874 Loading class java/util/EnumMap$Values done
Event: 1.874 Loading class java/util/EnumMap$ValueIterator
Event: 1.874 Loading class java/util/EnumMap$EnumMapIterator
Event: 1.874 Loading class java/util/EnumMap$EnumMapIterator done
Event: 1.874 Loading class java/util/EnumMap$ValueIterator done
Event: 2.471 Loading class java/io/UnsupportedEncodingException
Event: 2.472 Loading class java/io/UnsupportedEncodingException done
Event: 5.431 Loading class java/io/CharArrayReader
Event: 5.431 Loading class java/io/CharArrayReader done
Event: 42.563 Loading class jdk/internal/misc/Signal$1
Event: 42.563 Loading class jdk/internal/misc/Signal$1 done

Classes unloaded (0 events):
No events

Classes redefined (0 events):
No events

Internal exceptions (20 events):
Event: 0.816 Thread 0x0000028c5d60c130 Exception <a 'java/lang/ClassNotFoundException'{0x00000000899b6568}: com/sun/glass/ui/win/themes_ru_RU> (0x00000000899b6568) 
thrown [s\src\hotspot\share\prims\jni.cpp, line 539]
Event: 0.910 Thread 0x0000028c5d60c130 Exception <a 'java/lang/NoSuchMethodError'{0x000000008a921d40}: 'void java.lang.invoke.DirectMethodHandle$Holder.invokeStaticInit(java.lang.Object, java.lang.Object)'> (0x000000008a921d40) 
thrown [s\src\hotspot\share\interpreter\linkResolver.cpp, line 773]
Event: 0.924 Thread 0x0000028c5d60c130 Exception <a 'sun/nio/fs/WindowsException'{0x000000008a818cc8}> (0x000000008a818cc8) 
thrown [s\src\hotspot\share\prims\jni.cpp, line 520]
Event: 1.018 Thread 0x0000028c7d8fc150 Exception <a 'sun/nio/fs/WindowsException'{0x000000008a54ece8}> (0x000000008a54ece8) 
thrown [s\src\hotspot\share\prims\jni.cpp, line 520]
Event: 1.052 Thread 0x0000028c5d60c130 Exception <a 'sun/nio/fs/WindowsException'{0x000000008a397190}> (0x000000008a397190) 
thrown [s\src\hotspot\share\prims\jni.cpp, line 520]
Event: 1.060 Thread 0x0000028c5d60c130 Implicit null exception at 0x0000028c100f5f66 to 0x0000028c100f600a
Event: 1.066 Thread 0x0000028c5d60c130 Implicit null exception at 0x0000028c101482bc to 0x0000028c10148524
Event: 1.080 Thread 0x0000028c5d60c130 Implicit null exception at 0x0000028c10147aba to 0x0000028c10147d20
Event: 1.262 Thread 0x0000028c5d60c130 Exception <a 'java/lang/IncompatibleClassChangeError'{0x0000000089cfad10}: Found class java.lang.Object, but interface was expected> (0x0000000089cfad10) 
thrown [s\src\hotspot\share\interpreter\linkResolver.cpp, line 840]
Event: 1.312 Thread 0x0000028c5d60c130 Exception <a 'java/lang/ClassNotFoundException'{0x0000000089989bf0}: com/sun/javafx/scene/control/skin/resources/controls> (0x0000000089989bf0) 
thrown [s\src\hotspot\share\prims\jni.cpp, line 539]
Event: 1.313 Thread 0x0000028c5d60c130 Exception <a 'java/lang/ClassNotFoundException'{0x0000000089998040}: com/sun/javafx/scene/control/skin/resources/controls_ru> (0x0000000089998040) 
thrown [s\src\hotspot\share\prims\jni.cpp, line 539]
Event: 1.314 Thread 0x0000028c5d60c130 Exception <a 'java/lang/ClassNotFoundException'{0x0000000089998fe8}: com/sun/javafx/scene/control/skin/resources/controls_ru_RU> (0x0000000089998fe8) 
thrown [s\src\hotspot\share\prims\jni.cpp, line 539]
Event: 1.359 Thread 0x0000028c5d60c130 Exception <a 'java/lang/NoSuchMethodError'{0x0000000089576c30}: 'void java.lang.invoke.DirectMethodHandle$Holder.invokeSpecial(java.lang.Object, java.lang.Object, java.lang.Object, java.lang.Object, java.lang.Object, java.lang.Object)'> (0x0000000089576c30) 
thrown [s\src\hotspot\share\interpreter\linkResolver.cpp, line 773]
Event: 1.427 Thread 0x0000028c5d60c130 Exception <a 'java/lang/NoSuchMethodError'{0x0000000089039138}: 'int java.lang.invoke.DirectMethodHandle$Holder.invokeSpecial(java.lang.Object, java.lang.Object, int)'> (0x0000000089039138) 
thrown [s\src\hotspot\share\interpreter\linkResolver.cpp, line 773]
Event: 1.435 Thread 0x0000028c5d60c130 Exception <a 'java/lang/NoSuchMethodError'{0x0000000089073670}: 'java.lang.Object java.lang.invoke.DirectMethodHandle$Holder.newInvokeSpecial(java.lang.Object, java.lang.Object, int)'> (0x0000000089073670) 
thrown [s\src\hotspot\share\interpreter\linkResolver.cpp, line 773]
Event: 1.465 Thread 0x0000028c5d539970 Exception <a 'java/lang/NoSuchMethodError'{0x00000000890fe7f8}: 'int java.lang.invoke.DirectMethodHandle$Holder.invokeStaticInit(java.lang.Object, java.lang.Object)'> (0x00000000890fe7f8) 
thrown [s\src\hotspot\share\interpreter\linkResolver.cpp, line 773]
Event: 1.472 Thread 0x0000028c5d60c130 Exception <a 'java/lang/NoSuchMethodError'{0x0000000088fa07b0}: 'long java.lang.invoke.DirectMethodHandle$Holder.invokeStatic(java.lang.Object, java.lang.Object, java.lang.Object)'> (0x0000000088fa07b0) 
thrown [s\src\hotspot\share\interpreter\linkResolver.cpp, line 773]
Event: 1.473 Thread 0x0000028c5d60c130 Exception <a 'java/lang/NoSuchMethodError'{0x0000000088fa3b80}: 'long java.lang.invoke.DirectMethodHandle$Holder.invokeStaticInit(java.lang.Object, java.lang.Object, java.lang.Object)'> (0x0000000088fa3b80) 
thrown [s\src\hotspot\share\interpreter\linkResolver.cpp, line 773]
Event: 1.474 Thread 0x0000028c5d60c130 Exception <a 'java/lang/NoSuchMethodError'{0x0000000088fb8178}: 'java.lang.Object java.lang.invoke.DirectMethodHandle$Holder.newInvokeSpecial(java.lang.Object, java.lang.Object, long)'> (0x0000000088fb8178) 
thrown [s\src\hotspot\share\interpreter\linkResolver.cpp, line 773]
Event: 1.474 Thread 0x0000028c5d60c130 Exception <a 'java/lang/NoSuchMethodError'{0x0000000088fbba70}: 'java.lang.Object java.lang.invoke.Invokers$Holder.linkToTargetMethod(java.lang.Object, long, java.lang.Object)'> (0x0000000088fbba70) 
thrown [s\src\hotspot\share\interpreter\linkResolver.cpp, line 773]

ZGC Phase Switch (0 events):
No events

VM Operations (20 events):
Event: 14.180 Executing VM operation: Cleanup done
Event: 15.180 Executing VM operation: Cleanup
Event: 15.180 Executing VM operation: Cleanup done
Event: 16.180 Executing VM operation: Cleanup
Event: 16.180 Executing VM operation: Cleanup done
Event: 18.180 Executing VM operation: Cleanup
Event: 18.181 Executing VM operation: Cleanup done
Event: 19.181 Executing VM operation: Cleanup
Event: 19.181 Executing VM operation: Cleanup done
Event: 21.181 Executing VM operation: Cleanup
Event: 21.182 Executing VM operation: Cleanup done
Event: 22.182 Executing VM operation: Cleanup
Event: 22.182 Executing VM operation: Cleanup done
Event: 23.182 Executing VM operation: Cleanup
Event: 23.183 Executing VM operation: Cleanup done
Event: 25.183 Executing VM operation: Cleanup
Event: 25.183 Executing VM operation: Cleanup done
Event: 29.185 Executing VM operation: Cleanup
Event: 29.185 Executing VM operation: Cleanup done
Event: 42.564 Executing VM operation: Exit

Events (20 events):
Event: 0.059 Thread 0x0000028c7d9014b0 Thread added: 0x0000028c7d9014b0
Event: 0.062 Thread 0x0000028c7d963390 Thread added: 0x0000028c7d963390
Event: 0.100 Thread 0x0000028c1776dec0 Thread added: 0x0000028c1776dec0
Event: 0.164 Thread 0x0000028c178bf930 Thread added: 0x0000028c178bf930
Event: 0.244 Thread 0x0000028c5d321fd0 Thread added: 0x0000028c5d321fd0
Event: 0.244 Thread 0x0000028c5d1540e0 Thread added: 0x0000028c5d1540e0
Event: 0.504 Thread 0x0000028c5d539970 Thread added: 0x0000028c5d539970
Event: 0.550 Thread 0x0000028c5d61a390 Thread added: 0x0000028c5d61a390
Event: 0.555 Thread 0x0000028c5d60c130 Thread added: 0x0000028c5d60c130
Event: 0.622 Thread 0x0000028c62141890 Thread added: 0x0000028c62141890
Event: 0.623 Thread 0x0000028c62118ef0 Thread added: 0x0000028c62118ef0
Event: 1.256 Thread 0x0000028c624e8060 Thread added: 0x0000028c624e8060
Event: 1.505 Thread 0x0000028c624e7340 Thread added: 0x0000028c624e7340
Event: 1.774 Thread 0x0000028c178bf930 Thread exited: 0x0000028c178bf930
Event: 42.563 Thread 0x0000028c624e9410 Thread added: 0x0000028c624e9410
Event: 42.563 Thread 0x0000028c624e86f0 Thread added: 0x0000028c624e86f0
Event: 42.563 Thread 0x0000028c624e6cb0 Thread added: 0x0000028c624e6cb0
Event: 42.564 Thread 0x0000028c624e86f0 Thread exited: 0x0000028c624e86f0
Event: 42.564 Thread 0x0000028c624e6cb0 Thread exited: 0x0000028c624e6cb0
Event: 42.564 Thread 0x0000028c7d8fb600 Thread exited: 0x0000028c7d8fb600


Dynamic libraries:
0x00007ff66be50000 - 0x00007ff66be5e000 	C:\Users\NickS\.jdks\corretto-21.0.1\bin\java.exe
0x00007ffe3f6c0000 - 0x00007ffe3f8c9000 	C:\Windows\SYSTEM32\ntdll.dll
0x00007ffe3de60000 - 0x00007ffe3df1d000 	C:\Windows\System32\KERNEL32.DLL
0x00007ffe3d0c0000 - 0x00007ffe3d444000 	C:\Windows\System32\KERNELBASE.dll
0x00007ffe3cc20000 - 0x00007ffe3cd31000 	C:\Windows\System32\ucrtbase.dll
0x00007ffde68f0000 - 0x00007ffde690b000 	C:\Users\NickS\.jdks\corretto-21.0.1\bin\VCRUNTIME140.dll
0x00007ffdeaca0000 - 0x00007ffdeacb8000 	C:\Users\NickS\.jdks\corretto-21.0.1\bin\jli.dll
0x00007ffe3f3c0000 - 0x00007ffe3f56d000 	C:\Windows\System32\USER32.dll
0x00007ffe29d60000 - 0x00007ffe2a005000 	C:\Windows\WinSxS\amd64_microsoft.windows.common-controls_6595b64144ccf1df_6.0.22000.120_none_9d947278b86cc467\COMCTL32.dll
0x00007ffe3cb50000 - 0x00007ffe3cb76000 	C:\Windows\System32\win32u.dll
0x00007ffe3d830000 - 0x00007ffe3d8d3000 	C:\Windows\System32\msvcrt.dll
0x00007ffe3ea00000 - 0x00007ffe3ea2a000 	C:\Windows\System32\GDI32.dll
0x00007ffe3cdc0000 - 0x00007ffe3cede000 	C:\Windows\System32\gdi32full.dll
0x00007ffe3cb80000 - 0x00007ffe3cc1d000 	C:\Windows\System32\msvcp_win.dll
0x00007ffe3e080000 - 0x00007ffe3e0b1000 	C:\Windows\System32\IMM32.DLL
0x00007ffe0e120000 - 0x00007ffe0e12c000 	C:\Users\NickS\.jdks\corretto-21.0.1\bin\vcruntime140_1.dll
0x00007ffde2720000 - 0x00007ffde27ad000 	C:\Users\NickS\.jdks\corretto-21.0.1\bin\msvcp140.dll
0x00007ffdbf1f0000 - 0x00007ffdbff7d000 	C:\Users\NickS\.jdks\corretto-21.0.1\bin\server\jvm.dll
0x00007ffe3f260000 - 0x00007ffe3f30e000 	C:\Windows\System32\ADVAPI32.dll
0x00007ffe3f570000 - 0x00007ffe3f60e000 	C:\Windows\System32\sechost.dll
0x00007ffe3e8d0000 - 0x00007ffe3e9f1000 	C:\Windows\System32\RPCRT4.dll
0x00007ffe3f610000 - 0x00007ffe3f67f000 	C:\Windows\System32\WS2_32.dll
0x00007ffe3b4b0000 - 0x00007ffe3b4fd000 	C:\Windows\SYSTEM32\POWRPROF.dll
0x00007ffe35870000 - 0x00007ffe358a3000 	C:\Windows\SYSTEM32\WINMM.dll
0x00007ffe2f660000 - 0x00007ffe2f66a000 	C:\Windows\SYSTEM32\VERSION.dll
0x00007ffe3b5a0000 - 0x00007ffe3b5b3000 	C:\Windows\SYSTEM32\UMPDC.dll
0x00007ffe3bcb0000 - 0x00007ffe3bcc8000 	C:\Windows\SYSTEM32\kernel.appcore.dll
0x00007ffe0a2b0000 - 0x00007ffe0a2ba000 	C:\Users\NickS\.jdks\corretto-21.0.1\bin\jimage.dll
0x00007ffe3a110000 - 0x00007ffe3a331000 	C:\Windows\SYSTEM32\DBGHELP.DLL
0x00007ffe291a0000 - 0x00007ffe291d1000 	C:\Windows\SYSTEM32\dbgcore.DLL
0x00007ffe3cd40000 - 0x00007ffe3cdbf000 	C:\Windows\System32\bcryptPrimitives.dll
0x00007ffe2be40000 - 0x00007ffe2be4e000 	C:\Users\NickS\.jdks\corretto-21.0.1\bin\instrument.dll
0x00007ffde68d0000 - 0x00007ffde68ef000 	C:\Users\NickS\.jdks\corretto-21.0.1\bin\java.dll
0x00007ffe3ea90000 - 0x00007ffe3f255000 	C:\Windows\System32\SHELL32.dll
0x00007ffe3ac20000 - 0x00007ffe3b482000 	C:\Windows\SYSTEM32\windows.storage.dll
0x00007ffe3dae0000 - 0x00007ffe3de56000 	C:\Windows\System32\combase.dll
0x00007ffe3aab0000 - 0x00007ffe3ac17000 	C:\Windows\SYSTEM32\wintypes.dll
0x00007ffe3df20000 - 0x00007ffe3e00a000 	C:\Windows\System32\SHCORE.dll
0x00007ffe3e010000 - 0x00007ffe3e06d000 	C:\Windows\System32\shlwapi.dll
0x00007ffe3ca80000 - 0x00007ffe3caa5000 	C:\Windows\SYSTEM32\profapi.dll
0x00007ffdd8cf0000 - 0x00007ffdd8dc7000 	C:\Users\NickS\.jdks\corretto-21.0.1\bin\jsvml.dll
0x00007ffe03ac0000 - 0x00007ffe03ad0000 	C:\Users\NickS\.jdks\corretto-21.0.1\bin\net.dll
0x00007ffe352b0000 - 0x00007ffe353c4000 	C:\Windows\SYSTEM32\WINHTTP.dll
0x00007ffe3c160000 - 0x00007ffe3c1c7000 	C:\Windows\system32\mswsock.dll
0x00007ffde6560000 - 0x00007ffde6576000 	C:\Users\NickS\.jdks\corretto-21.0.1\bin\nio.dll
0x00007ffde6540000 - 0x00007ffde6558000 	C:\Users\NickS\.jdks\corretto-21.0.1\bin\zip.dll
0x00007ffe2a010000 - 0x00007ffe2a02a000 	C:\Program Files\JetBrains\IntelliJ IDEA Community Edition 2023.2.4\bin\breakgen64.dll
0x0000028c17b30000 - 0x0000028c17b33000 	C:\Users\NickS\.openjfx\cache\21-ea+null\amd64\api-ms-win-core-console-l1-1-0.dll
0x0000028c17b40000 - 0x0000028c17b43000 	C:\Users\NickS\.openjfx\cache\21-ea+null\amd64\api-ms-win-core-console-l1-2-0.dll
0x0000028c17b50000 - 0x0000028c17b53000 	C:\Users\NickS\.openjfx\cache\21-ea+null\amd64\api-ms-win-core-datetime-l1-1-0.dll
0x0000028c17b60000 - 0x0000028c17b63000 	C:\Users\NickS\.openjfx\cache\21-ea+null\amd64\api-ms-win-core-debug-l1-1-0.dll
0x0000028c17b70000 - 0x0000028c17b73000 	C:\Users\NickS\.openjfx\cache\21-ea+null\amd64\api-ms-win-core-errorhandling-l1-1-0.dll
0x0000028c17b80000 - 0x0000028c17b84000 	C:\Users\NickS\.openjfx\cache\21-ea+null\amd64\api-ms-win-core-file-l1-1-0.dll
0x0000028c17b90000 - 0x0000028c17b93000 	C:\Users\NickS\.openjfx\cache\21-ea+null\amd64\api-ms-win-core-file-l1-2-0.dll
0x0000028c17ba0000 - 0x0000028c17ba3000 	C:\Users\NickS\.openjfx\cache\21-ea+null\amd64\api-ms-win-core-file-l2-1-0.dll
0x0000028c17bb0000 - 0x0000028c17bb3000 	C:\Users\NickS\.openjfx\cache\21-ea+null\amd64\api-ms-win-core-handle-l1-1-0.dll
0x0000028c17bc0000 - 0x0000028c17bc3000 	C:\Users\NickS\.openjfx\cache\21-ea+null\amd64\api-ms-win-core-heap-l1-1-0.dll
0x0000028c17bd0000 - 0x0000028c17bd3000 	C:\Users\NickS\.openjfx\cache\21-ea+null\amd64\api-ms-win-core-interlocked-l1-1-0.dll
0x0000028c17be0000 - 0x0000028c17be3000 	C:\Users\NickS\.openjfx\cache\21-ea+null\amd64\api-ms-win-core-libraryloader-l1-1-0.dll
0x0000028c17bf0000 - 0x0000028c17bf3000 	C:\Users\NickS\.openjfx\cache\21-ea+null\amd64\api-ms-win-core-localization-l1-2-0.dll
0x0000028c17c00000 - 0x0000028c17c03000 	C:\Users\NickS\.openjfx\cache\21-ea+null\amd64\api-ms-win-core-memory-l1-1-0.dll
0x0000028c17c10000 - 0x0000028c17c13000 	C:\Users\NickS\.openjfx\cache\21-ea+null\amd64\api-ms-win-core-namedpipe-l1-1-0.dll
0x0000028c17c20000 - 0x0000028c17c23000 	C:\Users\NickS\.openjfx\cache\21-ea+null\amd64\api-ms-win-core-processenvironment-l1-1-0.dll
0x0000028c17c30000 - 0x0000028c17c33000 	C:\Users\NickS\.openjfx\cache\21-ea+null\amd64\api-ms-win-core-processthreads-l1-1-0.dll
0x0000028c17c40000 - 0x0000028c17c43000 	C:\Users\NickS\.openjfx\cache\21-ea+null\amd64\api-ms-win-core-processthreads-l1-1-1.dll
0x0000028c17c50000 - 0x0000028c17c53000 	C:\Users\NickS\.openjfx\cache\21-ea+null\amd64\api-ms-win-core-profile-l1-1-0.dll
0x0000028c17c60000 - 0x0000028c17c63000 	C:\Users\NickS\.openjfx\cache\21-ea+null\amd64\api-ms-win-core-rtlsupport-l1-1-0.dll
0x0000028c17c70000 - 0x0000028c17c73000 	C:\Users\NickS\.openjfx\cache\21-ea+null\amd64\api-ms-win-core-string-l1-1-0.dll
0x0000028c17c80000 - 0x0000028c17c83000 	C:\Users\NickS\.openjfx\cache\21-ea+null\amd64\api-ms-win-core-synch-l1-1-0.dll
0x0000028c17c90000 - 0x0000028c17c93000 	C:\Users\NickS\.openjfx\cache\21-ea+null\amd64\api-ms-win-core-synch-l1-2-0.dll
0x0000028c17ca0000 - 0x0000028c17ca3000 	C:\Users\NickS\.openjfx\cache\21-ea+null\amd64\api-ms-win-core-sysinfo-l1-1-0.dll
0x0000028c17cb0000 - 0x0000028c17cb3000 	C:\Users\NickS\.openjfx\cache\21-ea+null\amd64\api-ms-win-core-timezone-l1-1-0.dll
0x0000028c17cc0000 - 0x0000028c17cc3000 	C:\Users\NickS\.openjfx\cache\21-ea+null\amd64\api-ms-win-core-util-l1-1-0.dll
0x0000028c17cd0000 - 0x0000028c17cd3000 	C:\Users\NickS\.openjfx\cache\21-ea+null\amd64\api-ms-win-crt-conio-l1-1-0.dll
0x0000028c17ce0000 - 0x0000028c17ce4000 	C:\Users\NickS\.openjfx\cache\21-ea+null\amd64\api-ms-win-crt-convert-l1-1-0.dll
0x0000028c17cf0000 - 0x0000028c17cf3000 	C:\Users\NickS\.openjfx\cache\21-ea+null\amd64\api-ms-win-crt-environment-l1-1-0.dll
0x0000028c17d00000 - 0x0000028c17d03000 	C:\Users\NickS\.openjfx\cache\21-ea+null\amd64\api-ms-win-crt-filesystem-l1-1-0.dll
0x0000028c17d10000 - 0x0000028c17d13000 	C:\Users\NickS\.openjfx\cache\21-ea+null\amd64\api-ms-win-crt-heap-l1-1-0.dll
0x0000028c17d20000 - 0x0000028c17d23000 	C:\Users\NickS\.openjfx\cache\21-ea+null\amd64\api-ms-win-crt-locale-l1-1-0.dll
0x0000028c17d30000 - 0x0000028c17d35000 	C:\Users\NickS\.openjfx\cache\21-ea+null\amd64\api-ms-win-crt-math-l1-1-0.dll
0x0000028c17d40000 - 0x0000028c17d45000 	C:\Users\NickS\.openjfx\cache\21-ea+null\amd64\api-ms-win-crt-multibyte-l1-1-0.dll
0x0000028c17d50000 - 0x0000028c17d60000 	C:\Users\NickS\.openjfx\cache\21-ea+null\amd64\api-ms-win-crt-private-l1-1-0.dll
0x0000028c17d60000 - 0x0000028c17d63000 	C:\Users\NickS\.openjfx\cache\21-ea+null\amd64\api-ms-win-crt-process-l1-1-0.dll
0x0000028c17d70000 - 0x0000028c17d74000 	C:\Users\NickS\.openjfx\cache\21-ea+null\amd64\api-ms-win-crt-runtime-l1-1-0.dll
0x0000028c17d80000 - 0x0000028c17d84000 	C:\Users\NickS\.openjfx\cache\21-ea+null\amd64\api-ms-win-crt-stdio-l1-1-0.dll
0x0000028c17d90000 - 0x0000028c17d94000 	C:\Users\NickS\.openjfx\cache\21-ea+null\amd64\api-ms-win-crt-string-l1-1-0.dll
0x0000028c17da0000 - 0x0000028c17da3000 	C:\Users\NickS\.openjfx\cache\21-ea+null\amd64\api-ms-win-crt-time-l1-1-0.dll
0x0000028c17db0000 - 0x0000028c17db3000 	C:\Users\NickS\.openjfx\cache\21-ea+null\amd64\api-ms-win-crt-utility-l1-1-0.dll
0x00007ffde0040000 - 0x00007ffde013c000 	C:\Users\NickS\.openjfx\cache\21-ea+null\amd64\ucrtbase.dll
0x00007ffe05540000 - 0x00007ffe0555b000 	C:\Users\NickS\.openjfx\cache\21-ea+null\amd64\vcruntime140.dll
0x00007ffe29cd0000 - 0x00007ffe29cdc000 	C:\Users\NickS\.openjfx\cache\21-ea+null\amd64\vcruntime140_1.dll
0x00007ffddffb0000 - 0x00007ffde003e000 	C:\Users\NickS\.openjfx\cache\21-ea+null\amd64\msvcp140.dll
0x00007ffe3d680000 - 0x00007ffe3d81a000 	C:\Windows\System32\ole32.dll
0x00007ffe27a60000 - 0x00007ffe27a69000 	C:\Users\NickS\.openjfx\cache\21-ea+null\amd64\msvcp140_1.dll
0x00007ffddf9a0000 - 0x00007ffddf9cf000 	C:\Users\NickS\.openjfx\cache\21-ea+null\amd64\msvcp140_2.dll
0x00007ffddecc0000 - 0x00007ffddecef000 	C:\Users\NickS\.openjfx\cache\21-ea+null\amd64\prism_d3d.dll
0x00007ffdf7c80000 - 0x00007ffdf7e26000 	C:\Windows\system32\d3d9.dll
0x00007ffe39bb0000 - 0x00007ffe39bdf000 	C:\Windows\SYSTEM32\dwmapi.dll
0x00007ffe39b30000 - 0x00007ffe39b68000 	C:\Windows\SYSTEM32\dxcore.dll
0x00007ffe39910000 - 0x00007ffe399bc000 	C:\Windows\system32\uxtheme.dll
0x00007ffdf7b10000 - 0x00007ffdf7c75000 	C:\Windows\System32\DriverStore\FileRepository\iigd_dch.inf_amd64_5dc1a2977f07512e\igdumdim64.dll
0x00007ffdf1830000 - 0x00007ffdf54bb000 	C:\Windows\System32\DriverStore\FileRepository\iigd_dch.inf_amd64_5dc1a2977f07512e\igd9dxva64.dll
0x00007ffe3d900000 - 0x00007ffe3d9d6000 	C:\Windows\System32\OLEAUT32.dll
0x00007ffe3e140000 - 0x00007ffe3e5b2000 	C:\Windows\System32\SETUPAPI.dll
0x00007ffe3c850000 - 0x00007ffe3c89c000 	C:\Windows\SYSTEM32\cfgmgr32.dll
0x00007ffe33180000 - 0x00007ffe334b6000 	C:\Windows\System32\DriverStore\FileRepository\iigd_dch.inf_amd64_5dc1a2977f07512e\igdgmm64.dll
0x00007ffe37cf0000 - 0x00007ffe37d34000 	C:\Windows\SYSTEM32\directxdatabasehelper.dll
0x00007ffe3bcd0000 - 0x00007ffe3bd04000 	C:\Windows\SYSTEM32\ntmarta.dll
0x00007ffddec70000 - 0x00007ffddecb2000 	C:\Users\NickS\.openjfx\cache\21-ea+null\amd64\glass.dll
0x00007ffe3d9e0000 - 0x00007ffe3dacc000 	C:\Windows\System32\COMDLG32.dll
0x00007ffe3e790000 - 0x00007ffe3e8ad000 	C:\Windows\System32\MSCTF.dll
0x00007ffe2fde0000 - 0x00007ffe2fe07000 	C:\Windows\System32\DriverStore\FileRepository\iigd_dch.inf_amd64_5dc1a2977f07512e\igdinfo64.dll
0x00007ffe2fea0000 - 0x00007ffe32c2f000 	C:\Windows\System32\DriverStore\FileRepository\iigd_dch.inf_amd64_5dc1a2977f07512e\igc64.dll
0x00007ffddd210000 - 0x00007ffddd23d000 	C:\Users\NickS\.openjfx\cache\21-ea+null\amd64\javafx_iio.dll
0x00007ffddd1f0000 - 0x00007ffddd204000 	C:\Users\NickS\.openjfx\cache\21-ea+null\amd64\javafx_font.dll
0x00007ffe354c0000 - 0x00007ffe3571f000 	C:\Windows\SYSTEM32\dwrite.dll
0x00007ffe3f310000 - 0x00007ffe3f3bf000 	C:\Windows\System32\clbcatq.dll
0x00007ffe365d0000 - 0x00007ffe3677e000 	C:\Windows\SYSTEM32\WindowsCodecs.dll
0x00007ffe29630000 - 0x00007ffe2968d000 	C:\Windows\system32\dataexchange.dll
0x00007ffe360f0000 - 0x00007ffe36355000 	C:\Windows\system32\twinapi.appcore.dll
0x00007ffddd1b0000 - 0x00007ffddd1e2000 	C:\Program Files\Common Files\Microsoft Shared\Ink\rtscom.dll
0x00007ffe16430000 - 0x00007ffe1655c000 	C:\Windows\SYSTEM32\textinputframework.dll
0x00007ffe39240000 - 0x00007ffe39371000 	C:\Windows\SYSTEM32\CoreMessaging.dll
0x00007ffe37390000 - 0x00007ffe376fd000 	C:\Windows\SYSTEM32\CoreUIComponents.dll
0x00007ffe3c3c0000 - 0x00007ffe3c3cc000 	C:\Windows\SYSTEM32\CRYPTBASE.DLL

dbghelp: loaded successfully - version: 4.0.5 - missing functions: none
symbol engine: initialized successfully - sym options: 0x614 - pdb path: .;C:\Users\NickS\.jdks\corretto-21.0.1\bin;C:\Windows\SYSTEM32;C:\Windows\WinSxS\amd64_microsoft.windows.common-controls_6595b64144ccf1df_6.0.22000.120_none_9d947278b86cc467;C:\Users\NickS\.jdks\corretto-21.0.1\bin\server;C:\Program Files\JetBrains\IntelliJ IDEA Community Edition 2023.2.4\bin;C:\Users\NickS\.openjfx\cache\21-ea+null\amd64;C:\Windows\System32\DriverStore\FileRepository\iigd_dch.inf_amd64_5dc1a2977f07512e;C:\Program Files\Common Files\Microsoft Shared\Ink

VM Arguments:
jvm_args: -javaagent:C:\Program Files\JetBrains\IntelliJ IDEA Community Edition 2023.2.4\lib\idea_rt.jar=57427:C:\Program Files\JetBrains\IntelliJ IDEA Community Edition 2023.2.4\bin -Dfile.encoding=UTF-8 -Dsun.stdout.encoding=UTF-8 -Dsun.stderr.encoding=UTF-8 --module-path=C:\Users\NickS\OneDrive\Рабочий стол\thrthehrhjyj\target\classes;C:\Users\NickS\.m2\repository\org\openjfx\javafx-controls\21-ea+24\javafx-controls-21-ea+24-win.jar;C:\Users\NickS\.m2\repository\org\openjfx\javafx-base\21-ea+24\javafx-base-21-ea+24-win.jar;C:\Users\NickS\.m2\repository\org\openjfx\javafx-fxml\21-ea+24\javafx-fxml-21-ea+24-win.jar;C:\Users\NickS\.m2\repository\org\openjfx\javafx-graphics\21-ea+24\javafx-graphics-21-ea+24-win.jar -Djdk.module.main=com.example.thrthehrhjyj 
java_command: com.example.thrthehrhjyj/com.example.thrthehrhjyj.HelloApplication
java_class_path (initial): C:\Users\NickS\.m2\repository\org\openjfx\javafx-controls\21-ea+24\javafx-controls-21-ea+24.jar;C:\Users\NickS\.m2\repository\org\openjfx\javafx-graphics\21-ea+24\javafx-graphics-21-ea+24.jar;C:\Users\NickS\.m2\repository\org\openjfx\javafx-base\21-ea+24\javafx-base-21-ea+24.jar;C:\Users\NickS\.m2\repository\org\openjfx\javafx-fxml\21-ea+24\javafx-fxml-21-ea+24.jar;C:\Users\NickS\OneDrive\Рабочий стол\mysql-connector-j-8.3.0.jar
Launcher Type: SUN_STANDARD

[Global flags]
     intx CICompilerCount                          = 3                                         {product} {ergonomic}
     uint ConcGCThreads                            = 1                                         {product} {ergonomic}
     uint G1ConcRefinementThreads                  = 4                                         {product} {ergonomic}
   size_t G1HeapRegionSize                         = 1048576                                   {product} {ergonomic}
    uintx GCDrainStackTargetSize                   = 64                                        {product} {ergonomic}
   size_t InitialHeapSize                          = 132120576                                 {product} {ergonomic}
   size_t MarkStackSize                            = 4194304                                   {product} {ergonomic}
   size_t MaxHeapSize                              = 2095054848                                {product} {ergonomic}
   size_t MaxNewSize                               = 1256194048                                {product} {ergonomic}
   size_t MinHeapDeltaBytes                        = 1048576                                   {product} {ergonomic}
   size_t MinHeapSize                              = 8388608                                   {product} {ergonomic}
    uintx NonNMethodCodeHeapSize                   = 5832780                                {pd product} {ergonomic}
    uintx NonProfiledCodeHeapSize                  = 122912730                              {pd product} {ergonomic}
    uintx ProfiledCodeHeapSize                     = 122912730                              {pd product} {ergonomic}
    uintx ReservedCodeCacheSize                    = 251658240                              {pd product} {ergonomic}
     bool SegmentedCodeCache                       = true                                      {product} {ergonomic}
   size_t SoftMaxHeapSize                          = 2095054848                             {manageable} {ergonomic}
     bool UseCompressedOops                        = true                           {product lp64_product} {ergonomic}
     bool UseG1GC                                  = true                                      {product} {ergonomic}
     bool UseLargePagesIndividualAllocation        = false                                  {pd product} {ergonomic}

Logging:
Log output configuration:
 #0: stdout all=off uptime,level,tags foldmultilines=false
 #1: stderr all=off uptime,level,tags foldmultilines=false

Environment Variables:
PATH=C:\Program Files\Common Files\Oracle\Java\javapath;C:\Program Files (x86)\Common Files\Oracle\Java\javapath;C:\Windows\System32\HWAudioDriverLibs;C:\Windows\system32;C:\Windows;C:\Windows\System32\Wbem;C:\Windows\System32\WindowsPowerShell\v1.0\;C:\Windows\System32\OpenSSH\;C:\Users\Administrator\AppData\Local\Microsoft\WindowsApps;C:\Users\NickS\scoop\apps\composer\current\home\vendor\bin;C:\Users\NickS\scoop\shims;C:\Users\NickS\AppData\Local\Microsoft\WindowsApps
USERNAME=NickS
OS=Windows_NT
PROCESSOR_IDENTIFIER=Intel64 Family 6 Model 140 Stepping 1, GenuineIntel
TMP=C:\Users\NickS\AppData\Local\Temp
TEMP=C:\Users\NickS\AppData\Local\Temp




Periodic native trim disabled

---------------  S Y S T E M  ---------------

OS:
 Windows 11 , 64 bit Build 22000 (10.0.22000.2538)
OS uptime: 0 days 16:12 hours

CPU: total 4 (initial active 4) (2 cores per cpu, 2 threads per core) family 6 model 140 stepping 1 microcode 0x8a, cx8, cmov, fxsr, ht, mmx, 3dnowpref, sse, sse2, sse3, ssse3, sse4.1, sse4.2, popcnt, lzcnt, tsc, tscinvbit, avx, avx2, aes, erms, clmul, bmi1, bmi2, adx, avx512f, avx512dq, avx512cd, avx512bw, avx512vl, sha, fma, vzeroupper, avx512_vpopcntdq, avx512_vpclmulqdq, avx512_vaes, avx512_vnni, clflush, clflushopt, clwb, avx512_vbmi2, avx512_vbmi, rdtscp, rdpid, fsrm, gfni, avx512_bitalg, f16c, pku, cet_ibt, cet_ss, avx512_ifma
Processor Information for all 4 processors :
  Max Mhz: 2995, Current Mhz: 2995, Mhz Limit: 2995

Memory: 4k page, system-wide physical 7991M (1370M free)
TotalPageFile size 13707M (AvailPageFile size 2281M)
current process WorkingSet (physical memory assigned to process): 277M, peak: 299M
current process commit charge ("private bytes"): 348M, peak: 371M

vm_info: OpenJDK 64-Bit Server VM (21.0.1+12-LTS) for windows-amd64 JRE (21.0.1+12-LTS), built on 2023-10-12T03:52:47Z by "Administrator" with MS VC++ 16.10 / 16.11 (VS2019)

END.
