#
# A fatal error has been detected by the Java Runtime Environment:
#
#  EXCEPTION_ACCESS_VIOLATION (0xc0000005) at pc=0x00007ffe05576587, pid=4388, tid=4628
#
# JRE version: OpenJDK Runtime Environment Corretto-21.0.1.12.1 (21.0.1+12) (build 21.0.1+12-LTS)
# Java VM: OpenJDK 64-Bit Server VM Corretto-21.0.1.12.1 (21.0.1+12-LTS, mixed mode, sharing, tiered, compressed oops, compressed class ptrs, g1 gc, windows-amd64)
# Problematic frame:
# C  [glass.dll+0x26587]
#
# No core dump will be written. Minidumps are not enabled by default on client versions of Windows
#
# If you would like to submit a bug report, please visit:
#   https://github.com/corretto/corretto-21/issues/
#

---------------  S U M M A R Y ------------

Command Line: -javaagent:C:\Program Files\JetBrains\IntelliJ IDEA Community Edition 2023.2.4\lib\idea_rt.jar=60163:C:\Program Files\JetBrains\IntelliJ IDEA Community Edition 2023.2.4\bin -Dfile.encoding=UTF-8 -Dsun.stdout.encoding=UTF-8 -Dsun.stderr.encoding=UTF-8 --module-path=C:\Users\NickS\.m2\repository\org\openjfx\javafx-controls\21-ea+24\javafx-controls-21-ea+24-win.jar;C:\Users\NickS\.m2\repository\org\openjfx\javafx-graphics\21-ea+24\javafx-graphics-21-ea+24-win.jar;C:\Users\NickS\.m2\repository\org\openjfx\javafx-base\21-ea+24\javafx-base-21-ea+24-win.jar;C:\Users\NickS\OneDrive\Рабочий стол\thrthehrhjyj\target\classes;C:\Users\NickS\.m2\repository\org\openjfx\javafx-fxml\21-ea+24\javafx-fxml-21-ea+24-win.jar -Djdk.module.main=com.example.thrthehrhjyj com.example.thrthehrhjyj/com.example.thrthehrhjyj.HelloApplication

Host: 11th Gen Intel(R) Core(TM) i3-1115G4 @ 3.00GHz, 4 cores, 7G,  Windows 11 , 64 bit Build 22000 (10.0.22000.2538)
Time: Thu Mar 21 19:02:26 2024 RTZ 2 (s 11 , 64 bit Build 22000 (10.0.22000.2538) elapsed time: 77.795431 seconds (0d 0h 1m 17s)

---------------  T H R E A D  ---------------

Current thread (0x0000023df67a2130):  VMThread "VM Thread"          [id=4628, stack(0x0000004299300000,0x0000004299400000) (1024K)]

Stack: [0x0000004299300000,0x0000004299400000],  sp=0x00000042993ff170,  free space=1020k
Native frames: (J=compiled Java code, j=interpreted, Vv=VM code, C=native code)
C  [glass.dll+0x26587]


siginfo: EXCEPTION_ACCESS_VIOLATION (0xc0000005), reading address 0x0000000000000000


Registers:
RAX=0x0000000000000000, RBX=0x0000023df67a7d92, RCX=0x0000023df67a2130, RDX=0x00000042993ff170
RSP=0x00000042993ff170, RBP=0x0000023df67af668, RSI=0x0000023df67af640, RDI=0x00000e6fe014e968
R8 =0x0000000000010002, R9 =0x00000e6fe014e968, R10=0x85f13e9656da4870, R11=0x00000042993ff100
R12=0x00007ffe05573ed0, R13=0x00007ffddcb85410, R14=0x00000042993ff278, R15=0x0000023df67af640
RIP=0x00007ffe05576587, EFLAGS=0x0000000000010202


Register to memory mapping:

RAX=0x0 is null
RBX=0x0000023df67a7d92 is a global jni handle
RCX=0x0000023df67a2130 points into unknown readable memory: 0x00007ffddc9866f0 | f0 66 98 dc fd 7f 00 00
RDX=0x00000042993ff170 points into unknown readable memory: 0x0000000000000000 | 00 00 00 00 00 00 00 00
RSP=0x00000042993ff170 points into unknown readable memory: 0x0000000000000000 | 00 00 00 00 00 00 00 00
RBP=0x0000023df67af668 points into unknown readable memory: 0x00000e6fe014e968 | 68 e9 14 e0 6f 0e 00 00
RSI=0x0000023df67af640 points into unknown readable memory: 0x5739e66fe06b176d | 6d 17 6b e0 6f e6 39 57
RDI=0x00000e6fe014e968 is an unknown value
R8 =0x0000000000010002 is an unknown value
R9 =0x00000e6fe014e968 is an unknown value
R10=0x85f13e9656da4870 is an unknown value
R11=0x00000042993ff100 points into unknown readable memory: 0x0000023df67af640 | 40 f6 7a f6 3d 02 00 00
R12=0x00007ffe05573ed0 glass.dll
R13=0x00007ffddcb85410 jvm.dll
R14=0x00000042993ff278 points into unknown readable memory: 0x00000042993ff260 | 60 f2 3f 99 42 00 00 00
R15=0x0000023df67af640 points into unknown readable memory: 0x5739e66fe06b176d | 6d 17 6b e0 6f e6 39 57

Top of Stack: (sp=0x00000042993ff170)
0x00000042993ff170:   0000000000000000 0000023df67af640
0x00000042993ff180:   00007ffddcb85410 00007ffe05573ed0
0x00000042993ff190:   0000023df67af648 00007ffe3cc3bea0
0x00000042993ff1a0:   00000e6fe014e968 0000023d00000000
0x00000042993ff1b0:   0000023df67af668 0000023df67af640
0x00000042993ff1c0:   fffffffffffffffe 0000000000000000
0x00000042993ff1d0:   0000000000000001 00007ffe05550000
0x00000042993ff1e0:   00000042993ff268 00007ffe3cc3bdb7
0x00000042993ff1f0:   0000000000000000 00000042993ff278
0x00000042993ff200:   00000042993ff560 00007ffe3cd212b0
0x00000042993ff210:   0000000000000001 00007ffe3cc3bd6d
0x00000042993ff220:   0000000000000000 0000000000000001
0x00000042993ff230:   0000000000000000 00000042993ff268
0x00000042993ff240:   fffffffffffffffe 00000042993ff500
0x00000042993ff250:   0000000000000000 00007ffe05573d5d
0x00000042993ff260:   00007ffe0558a008 00007ffd00000002
0x00000042993ff270:   0000000000000002 00000042993ff260
0x00000042993ff280:   0000000000000000 00007ffe3f6ffec3
0x00000042993ff290:   0000000000000000 00007ffe05573e82
0x00000042993ff2a0:   0000000000000001 0000000000000001
0x00000042993ff2b0:   0000000000000000 00007ffe3cd212b0
0x00000042993ff2c0:   0000000000000001 00007ffe3c3c2223
0x00000042993ff2d0:   00007ffe00000001 0000000000000000
0x00000042993ff2e0:   00007ffe05550000 000000007ffe0384
0x00000042993ff2f0:   0000000000000000 00007ffe3f6fff57
0x00000042993ff300:   00007ffe05550000 0000000000000000
0x00000042993ff310:   0000000000000001 000000007ffe0385
0x00000042993ff320:   00007ffe3f7f0e20 00007ffe30e7b2f0
0x00000042993ff330:   00007027ec280c00 00007ffe2fea0000
0x00000042993ff340:   00007ffe05573ed0 0000000000000000
0x00000042993ff350:   0000000000000000 0000004298646000
0x00000042993ff360:   0000023dfb4ef950 00007ffe3f71458a 

Instructions: (pc=0x00007ffe05576587)
0x00007ffe05576487:   8b 4d 58 e8 8d cf ff ff 48 8b 4d 60 e8 84 cf ff
0x00007ffe05576497:   ff 48 8b 95 80 00 00 00 48 8b 8d 18 01 00 00 e8
0x00007ffe055764a7:   76 c4 ff ff 33 d2 33 c9 e8 cc e1 ff ff 90 48 89
0x00007ffe055764b7:   54 24 10 55 48 83 ec 20 48 8b ea 48 b8 00 00 00
0x00007ffe055764c7:   00 00 00 00 00 48 83 c4 20 5d c3 cc 40 55 48 8b
0x00007ffe055764d7:   ea 48 8b 01 33 c9 81 38 05 00 00 c0 0f 94 c1 8b
0x00007ffe055764e7:   c1 5d c3 cc 40 55 48 83 ec 20 48 8b ea 8a 4d 40
0x00007ffe055764f7:   48 83 c4 20 5d e9 73 d3 ff ff cc 40 55 48 83 ec
0x00007ffe05576507:   20 48 8b ea 8a 4d 20 e8 61 d3 ff ff 90 48 83 c4
0x00007ffe05576517:   20 5d c3 cc 40 55 48 83 ec 20 48 8b ea 48 83 c4
0x00007ffe05576527:   20 5d e9 c2 d1 ff ff cc 40 55 48 83 ec 30 48 8b
0x00007ffe05576537:   ea 48 8b 01 8b 10 48 89 4c 24 28 89 54 24 20 4c
0x00007ffe05576547:   8d 0d 63 d6 ff ff 4c 8b 45 70 8b 55 68 48 8b 4d
0x00007ffe05576557:   60 e8 03 d1 ff ff 90 48 83 c4 30 5d c3 cc cc cc
0x00007ffe05576567:   cc cc cc cc cc cc cc cc cc 40 53 48 83 ec 20 48
0x00007ffe05576577:   8b 1d 8b 34 01 00 48 85 db 74 16 e8 89 8f ff ff
0x00007ffe05576587:   4c 8b 00 48 8b d3 48 8b c8 41 ff 90 b0 00 00 00
0x00007ffe05576597:   90 48 83 c4 20 5b c3 cc cc 40 53 48 83 ec 20 48
0x00007ffe055765a7:   8b 1d fb 35 01 00 48 85 db 74 57 b8 ff ff ff ff
0x00007ffe055765b7:   f0 0f c1 43 10 83 f8 01 75 3d 48 85 db 74 38 48
0x00007ffe055765c7:   8b 0b 48 85 c9 74 0d ff 15 d4 0c 00 00 48 c7 03
0x00007ffe055765d7:   00 00 00 00 48 8b 4b 08 48 85 c9 74 0d e8 33 ce
0x00007ffe055765e7:   ff ff 48 c7 43 08 00 00 00 00 ba 18 00 00 00 48
0x00007ffe055765f7:   8b cb e8 1e ce ff ff 48 c7 05 9f 35 01 00 00 00
0x00007ffe05576607:   00 00 48 83 c4 20 5b c3 cc 40 53 48 83 ec 20 48
0x00007ffe05576617:   8b 1d 6b 35 01 00 48 85 db 74 57 b8 ff ff ff ff
0x00007ffe05576627:   f0 0f c1 43 10 83 f8 01 75 3d 48 85 db 74 38 48
0x00007ffe05576637:   8b 0b 48 85 c9 74 0d ff 15 64 0c 00 00 48 c7 03
0x00007ffe05576647:   00 00 00 00 48 8b 4b 08 48 85 c9 74 0d e8 c3 cd
0x00007ffe05576657:   ff ff 48 c7 43 08 00 00 00 00 ba 18 00 00 00 48
0x00007ffe05576667:   8b cb e8 ae cd ff ff 48 c7 05 0f 35 01 00 00 00
0x00007ffe05576677:   00 00 48 83 c4 20 5b c3 cc 40 53 48 83 ec 20 48 


Stack slot to memory mapping:

stack at sp + 0 slots: 0x0 is null
stack at sp + 1 slots: 0x0000023df67af640 points into unknown readable memory: 0x5739e66fe06b176d | 6d 17 6b e0 6f e6 39 57
stack at sp + 2 slots: 0x00007ffddcb85410 jvm.dll
stack at sp + 3 slots: 0x00007ffe05573ed0 glass.dll
stack at sp + 4 slots: 0x0000023df67af648 points into unknown readable memory: 0x00000e6fe014e968 | 68 e9 14 e0 6f 0e 00 00
stack at sp + 5 slots: 0x00007ffe3cc3bea0 ucrtbase.dll
stack at sp + 6 slots: 0x00000e6fe014e968 is an unknown value
stack at sp + 7 slots: 0x0000023d00000000 is an unknown value

VM_Operation (0x00000042989ff290): Exit, mode: safepoint, requested by thread 0x0000023dfc3b86e0


---------------  P R O C E S S  ---------------

Threads class SMR info:
_java_thread_list=0x0000023dfc51daa0, length=20, elements={
0x0000023dda525dc0, 0x0000023df67c58e0, 0x0000023df67c68a0, 0x0000023df67c99e0,
0x0000023df67cc6b0, 0x0000023df67caa50, 0x0000023df67cfa50, 0x0000023df67d39e0,
0x0000023df6834120, 0x0000023df67cd2f0, 0x0000023df67cd980, 0x0000023df67d00e0,
0x0000023df67d0770, 0x0000023df67cf3c0, 0x0000023df67ce010, 0x0000023df67ce6a0,
0x0000023df67ced30, 0x0000023dfc3bb4d0, 0x0000023dfc3bae40, 0x0000023dfc3b86e0
}

Java Threads: ( => current thread )
  0x0000023dda525dc0 JavaThread "main"                              [_thread_blocked, id=10840, stack(0x0000004298c00000,0x0000004298d00000) (1024K)]
  0x0000023df67c58e0 JavaThread "Reference Handler"          daemon [_thread_blocked, id=9688, stack(0x0000004299400000,0x0000004299500000) (1024K)]
  0x0000023df67c68a0 JavaThread "Finalizer"                  daemon [_thread_blocked, id=17892, stack(0x0000004299500000,0x0000004299600000) (1024K)]
  0x0000023df67c99e0 JavaThread "Signal Dispatcher"          daemon [_thread_blocked, id=13056, stack(0x0000004299600000,0x0000004299700000) (1024K)]
  0x0000023df67cc6b0 JavaThread "Attach Listener"            daemon [_thread_blocked, id=16720, stack(0x0000004299700000,0x0000004299800000) (1024K)]
  0x0000023df67caa50 JavaThread "Service Thread"             daemon [_thread_blocked, id=10408, stack(0x0000004299800000,0x0000004299900000) (1024K)]
  0x0000023df67cfa50 JavaThread "Monitor Deflation Thread"   daemon [_thread_blocked, id=13124, stack(0x0000004299900000,0x0000004299a00000) (1024K)]
  0x0000023df67d39e0 JavaThread "C2 CompilerThread0"         daemon [_thread_blocked, id=7188, stack(0x0000004299a00000,0x0000004299b00000) (1024K)]
  0x0000023df6834120 JavaThread "C1 CompilerThread0"         daemon [_thread_blocked, id=7436, stack(0x0000004299b00000,0x0000004299c00000) (1024K)]
  0x0000023df67cd2f0 JavaThread "Common-Cleaner"             daemon [_thread_blocked, id=460, stack(0x0000004299c00000,0x0000004299d00000) (1024K)]
  0x0000023df67cd980 JavaThread "Monitor Ctrl-Break"         daemon [_thread_in_native, id=17764, stack(0x0000004299e00000,0x0000004299f00000) (1024K)]
  0x0000023df67d00e0 JavaThread "Notification Thread"        daemon [_thread_blocked, id=1960, stack(0x0000004299f00000,0x000000429a000000) (1024K)]
  0x0000023df67d0770 JavaThread "QuantumRenderer-0"          daemon [_thread_blocked, id=12472, stack(0x000000429a300000,0x000000429a400000) (1024K)]
  0x0000023df67cf3c0 JavaThread "InvokeLaterDispatcher"      daemon [_thread_blocked, id=688, stack(0x000000429a400000,0x000000429a500000) (1024K)]
  0x0000023df67ce010 JavaThread "JavaFX Application Thread"         [_thread_in_native, id=5848, stack(0x000000429a500000,0x000000429a600000) (1024K)]
  0x0000023df67ce6a0 JavaThread "JavaFX-Launcher"                   [_thread_blocked, id=15860, stack(0x000000429aa00000,0x000000429ab00000) (1024K)]
  0x0000023df67ced30 JavaThread "Thread-2"                   daemon [_thread_in_native, id=11152, stack(0x000000429a900000,0x000000429aa00000) (1024K)]
  0x0000023dfc3bb4d0 JavaThread "Prism Font Disposer"        daemon [_thread_blocked, id=2308, stack(0x000000429ae00000,0x000000429af00000) (1024K)]
  0x0000023dfc3bae40 JavaThread "Cleaner-0"                  daemon [_thread_blocked, id=2208, stack(0x000000429af00000,0x000000429b000000) (1024K)]
  0x0000023dfc3b86e0 JavaThread "SIGINT handler"             daemon [_thread_blocked, id=11244, stack(0x0000004298900000,0x0000004298a00000) (1024K)]
Total: 20

Other Threads:
=>0x0000023df67a2130 VMThread "VM Thread"                           [id=4628, stack(0x0000004299300000,0x0000004299400000) (1024K)]
  0x0000023dda579f60 WorkerThread "GC Thread#0"                     [id=5588, stack(0x0000004298d00000,0x0000004298e00000) (1024K)]
  0x0000023dfb6f7840 WorkerThread "GC Thread#1"                     [id=14156, stack(0x000000429a000000,0x000000429a100000) (1024K)]
  0x0000023dfb84eef0 WorkerThread "GC Thread#2"                     [id=1832, stack(0x000000429a100000,0x000000429a200000) (1024K)]
  0x0000023dfb7daf50 WorkerThread "GC Thread#3"                     [id=17780, stack(0x000000429a200000,0x000000429a300000) (1024K)]
  0x0000023dda58b910 ConcurrentGCThread "G1 Main Marker"            terminated
  0x0000023dda58c410 WorkerThread "G1 Conc#0"                       [id=10940, stack(0x0000004298f00000,0x0000004299000000) (1024K)]
  0x0000023dda5fe930 ConcurrentGCThread "G1 Refine#0"               terminated
  0x0000023df6661f40 ConcurrentGCThread "G1 Service"                terminated
Total: 9

Threads with active compile tasks:
Total: 0

VM state: at safepoint (shutting down)

VM Mutex/Monitor currently owned by a thread:  ([mutex/lock_event])
[0x00007ffddcb5d9c8] Threads_lock - owner thread: 0x0000023df67a2130
[0x00007ffddcb5dac8] Heap_lock - owner thread: 0x0000023dfc3b86e0

Heap address: 0x0000000083200000, size: 1998 MB, Compressed Oops mode: 32-bit

CDS archive(s) mapped at: [0x0000023d80000000-0x0000023d80c90000-0x0000023d80c90000), size 13172736, SharedBaseAddress: 0x0000023d80000000, ArchiveRelocationMode: 1.
Compressed class space mapped at: 0x0000023d81000000-0x0000023dc1000000, reserved size: 1073741824
Narrow klass base: 0x0000023d80000000, Narrow klass shift: 0, Narrow klass range: 0x100000000

GC Precious Log:
 CardTable entry size: 512
 Card Set container configuration: InlinePtr #cards 5 size 8 Array Of Cards #cards 12 size 40 Howl #buckets 4 coarsen threshold 1843 Howl Bitmap #cards 512 size 80 coarsen threshold 460 Card regions per heap region 1 cards per card region 2048
 CPUs: 4 total, 4 available
 Memory: 7991M
 Large Page Support: Disabled
 NUMA Support: Disabled
 Compressed Oops: Enabled (32-bit)
 Heap Region Size: 1M
 Heap Min Capacity: 8M
 Heap Initial Capacity: 126M
 Heap Max Capacity: 1998M
 Pre-touch: Disabled
 Parallel Workers: 4
 Concurrent Workers: 1
 Concurrent Refinement Workers: 4
 Periodic GC: Disabled

Heap:
 garbage-first heap   total 129024K, used 79663K [0x0000000083200000, 0x0000000100000000)
  region size 1024K, 45 young (46080K), 2 survivors (2048K)
 Metaspace       used 16325K, committed 16640K, reserved 1114112K
  class space    used 2357K, committed 2496K, reserved 1048576K

Heap Regions: E=young(eden), S=young(survivor), O=old, HS=humongous(starts), HC=humongous(continues), CS=collection set, F=free, TAMS=top-at-mark-start, PB=parsable bottom
|   0|0x0000000083200000, 0x0000000083300000, 0x0000000083300000|100%| O|  |TAMS 0x0000000083200000| PB 0x0000000083200000| Untracked 
|   1|0x0000000083300000, 0x0000000083400000, 0x0000000083400000|100%|HS|  |TAMS 0x0000000083300000| PB 0x0000000083300000| Complete 
|   2|0x0000000083400000, 0x0000000083500000, 0x0000000083500000|100%|HC|  |TAMS 0x0000000083400000| PB 0x0000000083400000| Complete 
|   3|0x0000000083500000, 0x0000000083600000, 0x0000000083600000|100%|HC|  |TAMS 0x0000000083500000| PB 0x0000000083500000| Complete 
|   4|0x0000000083600000, 0x0000000083700000, 0x0000000083700000|100%|HC|  |TAMS 0x0000000083600000| PB 0x0000000083600000| Complete 
|   5|0x0000000083700000, 0x0000000083800000, 0x0000000083800000|100%|HC|  |TAMS 0x0000000083700000| PB 0x0000000083700000| Complete 
|   6|0x0000000083800000, 0x0000000083900000, 0x0000000083900000|100%|HC|  |TAMS 0x0000000083800000| PB 0x0000000083800000| Complete 
|   7|0x0000000083900000, 0x00000000839e4690, 0x0000000083a00000| 89%| O|  |TAMS 0x0000000083900000| PB 0x0000000083900000| Untracked 
|   8|0x0000000083a00000, 0x0000000083b00000, 0x0000000083b00000|100%|HS|  |TAMS 0x0000000083a00000| PB 0x0000000083a00000| Complete 
|   9|0x0000000083b00000, 0x0000000083c00000, 0x0000000083c00000|100%|HC|  |TAMS 0x0000000083b00000| PB 0x0000000083b00000| Complete 
|  10|0x0000000083c00000, 0x0000000083d00000, 0x0000000083d00000|100%|HS|  |TAMS 0x0000000083c00000| PB 0x0000000083c00000| Complete 
|  11|0x0000000083d00000, 0x0000000083e00000, 0x0000000083e00000|100%|HC|  |TAMS 0x0000000083d00000| PB 0x0000000083d00000| Complete 
|  12|0x0000000083e00000, 0x0000000083f00000, 0x0000000083f00000|100%|HC|  |TAMS 0x0000000083e00000| PB 0x0000000083e00000| Complete 
|  13|0x0000000083f00000, 0x0000000084000000, 0x0000000084000000|100%|HC|  |TAMS 0x0000000083f00000| PB 0x0000000083f00000| Complete 
|  14|0x0000000084000000, 0x0000000084100000, 0x0000000084100000|100%|HC|  |TAMS 0x0000000084000000| PB 0x0000000084000000| Complete 
|  15|0x0000000084100000, 0x0000000084200000, 0x0000000084200000|100%|HC|  |TAMS 0x0000000084100000| PB 0x0000000084100000| Complete 
|  16|0x0000000084200000, 0x0000000084300000, 0x0000000084300000|100%|HS|  |TAMS 0x0000000084200000| PB 0x0000000084200000| Complete 
|  17|0x0000000084300000, 0x0000000084400000, 0x0000000084400000|100%|HC|  |TAMS 0x0000000084300000| PB 0x0000000084300000| Complete 
|  18|0x0000000084400000, 0x0000000084500000, 0x0000000084500000|100%|HC|  |TAMS 0x0000000084400000| PB 0x0000000084400000| Complete 
|  19|0x0000000084500000, 0x0000000084600000, 0x0000000084600000|100%|HC|  |TAMS 0x0000000084500000| PB 0x0000000084500000| Complete 
|  20|0x0000000084600000, 0x0000000084700000, 0x0000000084700000|100%|HC|  |TAMS 0x0000000084600000| PB 0x0000000084600000| Complete 
|  21|0x0000000084700000, 0x0000000084800000, 0x0000000084800000|100%|HC|  |TAMS 0x0000000084700000| PB 0x0000000084700000| Complete 
|  22|0x0000000084800000, 0x0000000084900000, 0x0000000084900000|100%|HS|  |TAMS 0x0000000084800000| PB 0x0000000084800000| Complete 
|  23|0x0000000084900000, 0x0000000084a00000, 0x0000000084a00000|100%|HC|  |TAMS 0x0000000084900000| PB 0x0000000084900000| Complete 
|  24|0x0000000084a00000, 0x0000000084b00000, 0x0000000084b00000|100%|HC|  |TAMS 0x0000000084a00000| PB 0x0000000084a00000| Complete 
|  25|0x0000000084b00000, 0x0000000084c00000, 0x0000000084c00000|100%|HC|  |TAMS 0x0000000084b00000| PB 0x0000000084b00000| Complete 
|  26|0x0000000084c00000, 0x0000000084d00000, 0x0000000084d00000|100%|HC|  |TAMS 0x0000000084c00000| PB 0x0000000084c00000| Complete 
|  27|0x0000000084d00000, 0x0000000084e00000, 0x0000000084e00000|100%|HC|  |TAMS 0x0000000084d00000| PB 0x0000000084d00000| Complete 
|  28|0x0000000084e00000, 0x0000000084f00000, 0x0000000084f00000|100%|HS|  |TAMS 0x0000000084e00000| PB 0x0000000084e00000| Complete 
|  29|0x0000000084f00000, 0x0000000085000000, 0x0000000085000000|100%|HC|  |TAMS 0x0000000084f00000| PB 0x0000000084f00000| Complete 
|  30|0x0000000085000000, 0x0000000085100000, 0x0000000085100000|100%|HC|  |TAMS 0x0000000085000000| PB 0x0000000085000000| Complete 
|  31|0x0000000085100000, 0x0000000085200000, 0x0000000085200000|100%|HC|  |TAMS 0x0000000085100000| PB 0x0000000085100000| Complete 
|  32|0x0000000085200000, 0x0000000085300000, 0x0000000085300000|100%|HC|  |TAMS 0x0000000085200000| PB 0x0000000085200000| Complete 
|  33|0x0000000085300000, 0x0000000085400000, 0x0000000085400000|100%|HC|  |TAMS 0x0000000085300000| PB 0x0000000085300000| Complete 
|  34|0x0000000085400000, 0x0000000085400000, 0x0000000085500000|  0%| F|  |TAMS 0x0000000085400000| PB 0x0000000085400000| Untracked 
|  35|0x0000000085500000, 0x0000000085500000, 0x0000000085600000|  0%| F|  |TAMS 0x0000000085500000| PB 0x0000000085500000| Untracked 
|  36|0x0000000085600000, 0x0000000085600000, 0x0000000085700000|  0%| F|  |TAMS 0x0000000085600000| PB 0x0000000085600000| Untracked 
|  37|0x0000000085700000, 0x0000000085700000, 0x0000000085800000|  0%| F|  |TAMS 0x0000000085700000| PB 0x0000000085700000| Untracked 
|  38|0x0000000085800000, 0x0000000085800000, 0x0000000085900000|  0%| F|  |TAMS 0x0000000085800000| PB 0x0000000085800000| Untracked 
|  39|0x0000000085900000, 0x0000000085900000, 0x0000000085a00000|  0%| F|  |TAMS 0x0000000085900000| PB 0x0000000085900000| Untracked 
|  40|0x0000000085a00000, 0x0000000085a00000, 0x0000000085b00000|  0%| F|  |TAMS 0x0000000085a00000| PB 0x0000000085a00000| Untracked 
|  41|0x0000000085b00000, 0x0000000085b00000, 0x0000000085c00000|  0%| F|  |TAMS 0x0000000085b00000| PB 0x0000000085b00000| Untracked 
|  42|0x0000000085c00000, 0x0000000085c00000, 0x0000000085d00000|  0%| F|  |TAMS 0x0000000085c00000| PB 0x0000000085c00000| Untracked 
|  43|0x0000000085d00000, 0x0000000085d00000, 0x0000000085e00000|  0%| F|  |TAMS 0x0000000085d00000| PB 0x0000000085d00000| Untracked 
|  44|0x0000000085e00000, 0x0000000085e00000, 0x0000000085f00000|  0%| F|  |TAMS 0x0000000085e00000| PB 0x0000000085e00000| Untracked 
|  45|0x0000000085f00000, 0x0000000085f00000, 0x0000000086000000|  0%| F|  |TAMS 0x0000000085f00000| PB 0x0000000085f00000| Untracked 
|  46|0x0000000086000000, 0x0000000086000000, 0x0000000086100000|  0%| F|  |TAMS 0x0000000086000000| PB 0x0000000086000000| Untracked 
|  47|0x0000000086100000, 0x0000000086100000, 0x0000000086200000|  0%| F|  |TAMS 0x0000000086100000| PB 0x0000000086100000| Untracked 
|  48|0x0000000086200000, 0x0000000086200000, 0x0000000086300000|  0%| F|  |TAMS 0x0000000086200000| PB 0x0000000086200000| Untracked 
|  49|0x0000000086300000, 0x0000000086300000, 0x0000000086400000|  0%| F|  |TAMS 0x0000000086300000| PB 0x0000000086300000| Untracked 
|  50|0x0000000086400000, 0x0000000086400000, 0x0000000086500000|  0%| F|  |TAMS 0x0000000086400000| PB 0x0000000086400000| Untracked 
|  51|0x0000000086500000, 0x0000000086500000, 0x0000000086600000|  0%| F|  |TAMS 0x0000000086500000| PB 0x0000000086500000| Untracked 
|  52|0x0000000086600000, 0x0000000086600000, 0x0000000086700000|  0%| F|  |TAMS 0x0000000086600000| PB 0x0000000086600000| Untracked 
|  53|0x0000000086700000, 0x0000000086700000, 0x0000000086800000|  0%| F|  |TAMS 0x0000000086700000| PB 0x0000000086700000| Untracked 
|  54|0x0000000086800000, 0x0000000086800000, 0x0000000086900000|  0%| F|  |TAMS 0x0000000086800000| PB 0x0000000086800000| Untracked 
|  55|0x0000000086900000, 0x0000000086900000, 0x0000000086a00000|  0%| F|  |TAMS 0x0000000086900000| PB 0x0000000086900000| Untracked 
|  56|0x0000000086a00000, 0x0000000086a00000, 0x0000000086b00000|  0%| F|  |TAMS 0x0000000086a00000| PB 0x0000000086a00000| Untracked 
|  57|0x0000000086b00000, 0x0000000086b00000, 0x0000000086c00000|  0%| F|  |TAMS 0x0000000086b00000| PB 0x0000000086b00000| Untracked 
|  58|0x0000000086c00000, 0x0000000086c00000, 0x0000000086d00000|  0%| F|  |TAMS 0x0000000086c00000| PB 0x0000000086c00000| Untracked 
|  59|0x0000000086d00000, 0x0000000086d00000, 0x0000000086e00000|  0%| F|  |TAMS 0x0000000086d00000| PB 0x0000000086d00000| Untracked 
|  60|0x0000000086e00000, 0x0000000086e00000, 0x0000000086f00000|  0%| F|  |TAMS 0x0000000086e00000| PB 0x0000000086e00000| Untracked 
|  61|0x0000000086f00000, 0x0000000086f00000, 0x0000000087000000|  0%| F|  |TAMS 0x0000000086f00000| PB 0x0000000086f00000| Untracked 
|  62|0x0000000087000000, 0x0000000087000000, 0x0000000087100000|  0%| F|  |TAMS 0x0000000087000000| PB 0x0000000087000000| Untracked 
|  63|0x0000000087100000, 0x0000000087100000, 0x0000000087200000|  0%| F|  |TAMS 0x0000000087100000| PB 0x0000000087100000| Untracked 
|  64|0x0000000087200000, 0x0000000087200000, 0x0000000087300000|  0%| F|  |TAMS 0x0000000087200000| PB 0x0000000087200000| Untracked 
|  65|0x0000000087300000, 0x0000000087300000, 0x0000000087400000|  0%| F|  |TAMS 0x0000000087300000| PB 0x0000000087300000| Untracked 
|  66|0x0000000087400000, 0x0000000087400000, 0x0000000087500000|  0%| F|  |TAMS 0x0000000087400000| PB 0x0000000087400000| Untracked 
|  67|0x0000000087500000, 0x0000000087500000, 0x0000000087600000|  0%| F|  |TAMS 0x0000000087500000| PB 0x0000000087500000| Untracked 
|  68|0x0000000087600000, 0x0000000087600000, 0x0000000087700000|  0%| F|  |TAMS 0x0000000087600000| PB 0x0000000087600000| Untracked 
|  69|0x0000000087700000, 0x0000000087700000, 0x0000000087800000|  0%| F|  |TAMS 0x0000000087700000| PB 0x0000000087700000| Untracked 
|  70|0x0000000087800000, 0x0000000087800000, 0x0000000087900000|  0%| F|  |TAMS 0x0000000087800000| PB 0x0000000087800000| Untracked 
|  71|0x0000000087900000, 0x0000000087900000, 0x0000000087a00000|  0%| F|  |TAMS 0x0000000087900000| PB 0x0000000087900000| Untracked 
|  72|0x0000000087a00000, 0x0000000087a00000, 0x0000000087b00000|  0%| F|  |TAMS 0x0000000087a00000| PB 0x0000000087a00000| Untracked 
|  73|0x0000000087b00000, 0x0000000087b00000, 0x0000000087c00000|  0%| F|  |TAMS 0x0000000087b00000| PB 0x0000000087b00000| Untracked 
|  74|0x0000000087c00000, 0x0000000087c00000, 0x0000000087d00000|  0%| F|  |TAMS 0x0000000087c00000| PB 0x0000000087c00000| Untracked 
|  75|0x0000000087d00000, 0x0000000087d00000, 0x0000000087e00000|  0%| F|  |TAMS 0x0000000087d00000| PB 0x0000000087d00000| Untracked 
|  76|0x0000000087e00000, 0x0000000087e00000, 0x0000000087f00000|  0%| F|  |TAMS 0x0000000087e00000| PB 0x0000000087e00000| Untracked 
|  77|0x0000000087f00000, 0x0000000087f00000, 0x0000000088000000|  0%| F|  |TAMS 0x0000000087f00000| PB 0x0000000087f00000| Untracked 
|  78|0x0000000088000000, 0x0000000088000000, 0x0000000088100000|  0%| F|  |TAMS 0x0000000088000000| PB 0x0000000088000000| Untracked 
|  79|0x0000000088100000, 0x0000000088100000, 0x0000000088200000|  0%| F|  |TAMS 0x0000000088100000| PB 0x0000000088100000| Untracked 
|  80|0x0000000088200000, 0x0000000088200000, 0x0000000088300000|  0%| F|  |TAMS 0x0000000088200000| PB 0x0000000088200000| Untracked 
|  81|0x0000000088300000, 0x000000008834b428, 0x0000000088400000| 29%| E|  |TAMS 0x0000000088300000| PB 0x0000000088300000| Complete 
|  82|0x0000000088400000, 0x0000000088500000, 0x0000000088500000|100%| E|CS|TAMS 0x0000000088400000| PB 0x0000000088400000| Complete 
|  83|0x0000000088500000, 0x0000000088600000, 0x0000000088600000|100%| E|CS|TAMS 0x0000000088500000| PB 0x0000000088500000| Complete 
|  84|0x0000000088600000, 0x0000000088700000, 0x0000000088700000|100%| E|CS|TAMS 0x0000000088600000| PB 0x0000000088600000| Complete 
|  85|0x0000000088700000, 0x0000000088800000, 0x0000000088800000|100%| E|CS|TAMS 0x0000000088700000| PB 0x0000000088700000| Complete 
|  86|0x0000000088800000, 0x0000000088900000, 0x0000000088900000|100%| E|CS|TAMS 0x0000000088800000| PB 0x0000000088800000| Complete 
|  87|0x0000000088900000, 0x0000000088a00000, 0x0000000088a00000|100%| E|CS|TAMS 0x0000000088900000| PB 0x0000000088900000| Complete 
|  88|0x0000000088a00000, 0x0000000088b00000, 0x0000000088b00000|100%| E|CS|TAMS 0x0000000088a00000| PB 0x0000000088a00000| Complete 
|  89|0x0000000088b00000, 0x0000000088c00000, 0x0000000088c00000|100%| E|CS|TAMS 0x0000000088b00000| PB 0x0000000088b00000| Complete 
|  90|0x0000000088c00000, 0x0000000088d00000, 0x0000000088d00000|100%| E|CS|TAMS 0x0000000088c00000| PB 0x0000000088c00000| Complete 
|  91|0x0000000088d00000, 0x0000000088e00000, 0x0000000088e00000|100%| E|CS|TAMS 0x0000000088d00000| PB 0x0000000088d00000| Complete 
|  92|0x0000000088e00000, 0x0000000088f00000, 0x0000000088f00000|100%| E|CS|TAMS 0x0000000088e00000| PB 0x0000000088e00000| Complete 
|  93|0x0000000088f00000, 0x0000000089000000, 0x0000000089000000|100%| E|CS|TAMS 0x0000000088f00000| PB 0x0000000088f00000| Complete 
|  94|0x0000000089000000, 0x0000000089100000, 0x0000000089100000|100%| E|CS|TAMS 0x0000000089000000| PB 0x0000000089000000| Complete 
|  95|0x0000000089100000, 0x0000000089200000, 0x0000000089200000|100%| E|CS|TAMS 0x0000000089100000| PB 0x0000000089100000| Complete 
|  96|0x0000000089200000, 0x0000000089300000, 0x0000000089300000|100%| E|CS|TAMS 0x0000000089200000| PB 0x0000000089200000| Complete 
|  97|0x0000000089300000, 0x0000000089400000, 0x0000000089400000|100%| E|CS|TAMS 0x0000000089300000| PB 0x0000000089300000| Complete 
|  98|0x0000000089400000, 0x0000000089500000, 0x0000000089500000|100%| E|CS|TAMS 0x0000000089400000| PB 0x0000000089400000| Complete 
|  99|0x0000000089500000, 0x0000000089600000, 0x0000000089600000|100%| E|CS|TAMS 0x0000000089500000| PB 0x0000000089500000| Complete 
| 100|0x0000000089600000, 0x0000000089700000, 0x0000000089700000|100%| E|CS|TAMS 0x0000000089600000| PB 0x0000000089600000| Complete 
| 101|0x0000000089700000, 0x00000000897e78f0, 0x0000000089800000| 90%| S|CS|TAMS 0x0000000089700000| PB 0x0000000089700000| Complete 
| 102|0x0000000089800000, 0x0000000089900000, 0x0000000089900000|100%| S|CS|TAMS 0x0000000089800000| PB 0x0000000089800000| Complete 
| 103|0x0000000089900000, 0x0000000089a00000, 0x0000000089a00000|100%| E|CS|TAMS 0x0000000089900000| PB 0x0000000089900000| Complete 
| 104|0x0000000089a00000, 0x0000000089b00000, 0x0000000089b00000|100%| E|CS|TAMS 0x0000000089a00000| PB 0x0000000089a00000| Complete 
| 105|0x0000000089b00000, 0x0000000089c00000, 0x0000000089c00000|100%| E|CS|TAMS 0x0000000089b00000| PB 0x0000000089b00000| Complete 
| 106|0x0000000089c00000, 0x0000000089d00000, 0x0000000089d00000|100%| E|CS|TAMS 0x0000000089c00000| PB 0x0000000089c00000| Complete 
| 107|0x0000000089d00000, 0x0000000089e00000, 0x0000000089e00000|100%| E|CS|TAMS 0x0000000089d00000| PB 0x0000000089d00000| Complete 
| 108|0x0000000089e00000, 0x0000000089f00000, 0x0000000089f00000|100%| E|CS|TAMS 0x0000000089e00000| PB 0x0000000089e00000| Complete 
| 109|0x0000000089f00000, 0x000000008a000000, 0x000000008a000000|100%| E|CS|TAMS 0x0000000089f00000| PB 0x0000000089f00000| Complete 
| 110|0x000000008a000000, 0x000000008a100000, 0x000000008a100000|100%| E|CS|TAMS 0x000000008a000000| PB 0x000000008a000000| Complete 
| 111|0x000000008a100000, 0x000000008a200000, 0x000000008a200000|100%| E|CS|TAMS 0x000000008a100000| PB 0x000000008a100000| Complete 
| 112|0x000000008a200000, 0x000000008a300000, 0x000000008a300000|100%| E|CS|TAMS 0x000000008a200000| PB 0x000000008a200000| Complete 
| 113|0x000000008a300000, 0x000000008a400000, 0x000000008a400000|100%| E|CS|TAMS 0x000000008a300000| PB 0x000000008a300000| Complete 
| 114|0x000000008a400000, 0x000000008a500000, 0x000000008a500000|100%| E|CS|TAMS 0x000000008a400000| PB 0x000000008a400000| Complete 
| 115|0x000000008a500000, 0x000000008a600000, 0x000000008a600000|100%| E|CS|TAMS 0x000000008a500000| PB 0x000000008a500000| Complete 
| 116|0x000000008a600000, 0x000000008a700000, 0x000000008a700000|100%| E|CS|TAMS 0x000000008a600000| PB 0x000000008a600000| Complete 
| 117|0x000000008a700000, 0x000000008a800000, 0x000000008a800000|100%| E|CS|TAMS 0x000000008a700000| PB 0x000000008a700000| Complete 
| 118|0x000000008a800000, 0x000000008a900000, 0x000000008a900000|100%| E|CS|TAMS 0x000000008a800000| PB 0x000000008a800000| Complete 
| 119|0x000000008a900000, 0x000000008aa00000, 0x000000008aa00000|100%| E|CS|TAMS 0x000000008a900000| PB 0x000000008a900000| Complete 
| 120|0x000000008aa00000, 0x000000008ab00000, 0x000000008ab00000|100%| E|CS|TAMS 0x000000008aa00000| PB 0x000000008aa00000| Complete 
| 121|0x000000008ab00000, 0x000000008ac00000, 0x000000008ac00000|100%| E|CS|TAMS 0x000000008ab00000| PB 0x000000008ab00000| Complete 
| 122|0x000000008ac00000, 0x000000008ad00000, 0x000000008ad00000|100%| E|CS|TAMS 0x000000008ac00000| PB 0x000000008ac00000| Complete 
| 123|0x000000008ad00000, 0x000000008ae00000, 0x000000008ae00000|100%| E|CS|TAMS 0x000000008ad00000| PB 0x000000008ad00000| Complete 
| 124|0x000000008ae00000, 0x000000008af00000, 0x000000008af00000|100%| E|CS|TAMS 0x000000008ae00000| PB 0x000000008ae00000| Complete 
| 125|0x000000008af00000, 0x000000008b000000, 0x000000008b000000|100%| E|CS|TAMS 0x000000008af00000| PB 0x000000008af00000| Complete 

Card table byte_map: [0x0000023df1ff0000,0x0000023df23e0000] _byte_map_base: 0x0000023df1bd7000

Marking Bits: (CMBitMap*) 0x0000023dda57a660
 Bits: [0x0000023df23e0000, 0x0000023df4318000)

Polling page: 0x0000023dd8500000

Metaspace:

Usage:
  Non-class:     13.64 MB used.
      Class:      2.30 MB used.
       Both:     15.94 MB used.

Virtual space:
  Non-class space:       64.00 MB reserved,      13.81 MB ( 22%) committed,  1 nodes.
      Class space:        1.00 GB reserved,       2.44 MB ( <1%) committed,  1 nodes.
             Both:        1.06 GB reserved,      16.25 MB (  1%) committed. 

Chunk freelists:
   Non-Class:  1.44 MB
       Class:  13.51 MB
        Both:  14.94 MB

MaxMetaspaceSize: unlimited
CompressedClassSpaceSize: 1.00 GB
Initial GC threshold: 21.00 MB
Current GC threshold: 21.00 MB
CDS: on
 - commit_granule_bytes: 65536.
 - commit_granule_words: 8192.
 - virtual_space_node_default_size: 8388608.
 - enlarge_chunks_in_place: 1.
 - use_allocation_guard: 0.


Internal statistics:

num_allocs_failed_limit: 0.
num_arena_births: 334.
num_arena_deaths: 0.
num_vsnodes_births: 2.
num_vsnodes_deaths: 0.
num_space_committed: 260.
num_space_uncommitted: 0.
num_chunks_returned_to_freelist: 0.
num_chunks_taken_from_freelist: 844.
num_chunk_merges: 0.
num_chunk_splits: 593.
num_chunks_enlarged: 449.
num_inconsistent_stats: 0.

CodeHeap 'non-profiled nmethods': size=120000Kb used=1187Kb max_used=1187Kb free=118812Kb
 bounds [0x0000023dea6d0000, 0x0000023dea940000, 0x0000023df1c00000]
CodeHeap 'profiled nmethods': size=120000Kb used=5621Kb max_used=5621Kb free=114378Kb
 bounds [0x0000023de2c00000, 0x0000023de3180000, 0x0000023dea130000]
CodeHeap 'non-nmethods': size=5760Kb used=2042Kb max_used=2080Kb free=3717Kb
 bounds [0x0000023dea130000, 0x0000023dea3a0000, 0x0000023dea6d0000]
 total_blobs=3809 nmethods=2994 adapters=719
 compilation: enabled
              stopped_count=0, restarted_count=0
 full_count=0

Compilation events (20 events):
Event: 15.146 Thread 0x0000023df6834120 nmethod 2986 0x0000023de3176190 code [0x0000023de31763e0, 0x0000023de3176ca8]
Event: 15.146 Thread 0x0000023df6834120 2984       1       com.sun.javafx.geom.RectBounds::setMinY (6 bytes)
Event: 15.146 Thread 0x0000023df6834120 nmethod 2984 0x0000023dea7f7a10 code [0x0000023dea7f7ba0, 0x0000023dea7f7c68]
Event: 15.146 Thread 0x0000023df6834120 2985       1       com.sun.javafx.geom.RectBounds::setMaxY (6 bytes)
Event: 15.146 Thread 0x0000023df6834120 nmethod 2985 0x0000023dea7f7d10 code [0x0000023dea7f7ea0, 0x0000023dea7f7f68]
Event: 15.147 Thread 0x0000023df67d39e0 nmethod 2987 0x0000023dea7f8010 code [0x0000023dea7f81a0, 0x0000023dea7f82b0]
Event: 15.147 Thread 0x0000023df6834120 2988       1       com.sun.prism.impl.BaseGraphics::setCompositeMode (6 bytes)
Event: 15.147 Thread 0x0000023df6834120 nmethod 2988 0x0000023dea7f8390 code [0x0000023dea7f8520, 0x0000023dea7f8638]
Event: 15.147 Thread 0x0000023df6834120 2989       1       com.sun.marlin.MaskMarlinAlphaConsumer::supportBlockFlags (2 bytes)
Event: 15.147 Thread 0x0000023df6834120 nmethod 2989 0x0000023dea7f8690 code [0x0000023dea7f8820, 0x0000023dea7f88e8]
Event: 15.149 Thread 0x0000023df6834120 2991       3       com.sun.javafx.font.CompositeStrike::getQuantizedPosition (12 bytes)
Event: 15.149 Thread 0x0000023df6834120 nmethod 2991 0x0000023de3176f10 code [0x0000023de31770e0, 0x0000023de3177310]
Event: 15.149 Thread 0x0000023df6834120 2992       3       com.sun.javafx.font.directwrite.DWFontStrike::getQuantizedPosition (151 bytes)
Event: 15.149 Thread 0x0000023df6834120 nmethod 2992 0x0000023de3177410 code [0x0000023de3177620, 0x0000023de3177a58]
Event: 15.149 Thread 0x0000023df6834120 2993       3       com.sun.javafx.font.PrismFontStrike::getQuantizedPosition (56 bytes)
Event: 15.149 Thread 0x0000023df6834120 nmethod 2993 0x0000023de3177b90 code [0x0000023de3177d80, 0x0000023de3177fc8]
Event: 15.149 Thread 0x0000023df6834120 2994   !   3       com.sun.prism.impl.GlyphCache::getCachedGlyph (494 bytes)
Event: 15.151 Thread 0x0000023df6834120 nmethod 2994 0x0000023de3178110 code [0x0000023de3178680, 0x0000023de317b1c8]
Event: 15.151 Thread 0x0000023df6834120 2995       3       com.sun.prism.impl.GlyphCache::addDataToQuad (305 bytes)
Event: 15.152 Thread 0x0000023df6834120 nmethod 2995 0x0000023de317c710 code [0x0000023de317c9a0, 0x0000023de317d350]

GC Heap History (4 events):
Event: 0.438 GC heap before
{Heap before GC invocations=0 (full 0):
 garbage-first heap   total 129024K, used 13312K [0x0000000083200000, 0x0000000100000000)
  region size 1024K, 13 young (13312K), 0 survivors (0K)
 Metaspace       used 2393K, committed 2560K, reserved 1114112K
  class space    used 249K, committed 320K, reserved 1048576K
}
Event: 0.440 GC heap after
{Heap after GC invocations=1 (full 0):
 garbage-first heap   total 129024K, used 2058K [0x0000000083200000, 0x0000000100000000)
  region size 1024K, 2 young (2048K), 2 survivors (2048K)
 Metaspace       used 2393K, committed 2560K, reserved 1114112K
  class space    used 249K, committed 320K, reserved 1048576K
}
Event: 0.756 GC heap before
{Heap before GC invocations=1 (full 0):
 garbage-first heap   total 129024K, used 28682K [0x0000000083200000, 0x0000000100000000)
  region size 1024K, 23 young (23552K), 2 survivors (2048K)
 Metaspace       used 8379K, committed 8704K, reserved 1114112K
  class space    used 1109K, committed 1280K, reserved 1048576K
}
Event: 0.758 GC heap after
{Heap after GC invocations=2 (full 0):
 garbage-first heap   total 129024K, used 10031K [0x0000000083200000, 0x0000000100000000)
  region size 1024K, 2 young (2048K), 2 survivors (2048K)
 Metaspace       used 8379K, committed 8704K, reserved 1114112K
  class space    used 1109K, committed 1280K, reserved 1048576K
}

Dll operation events (20 events):
Event: 0.396 Loaded shared library C:\Users\NickS\.openjfx\cache\21-ea+null\amd64\api-ms-win-crt-math-l1-1-0.dll
Event: 0.398 Loaded shared library C:\Users\NickS\.openjfx\cache\21-ea+null\amd64\api-ms-win-crt-multibyte-l1-1-0.dll
Event: 0.400 Loaded shared library C:\Users\NickS\.openjfx\cache\21-ea+null\amd64\api-ms-win-crt-private-l1-1-0.dll
Event: 0.402 Loaded shared library C:\Users\NickS\.openjfx\cache\21-ea+null\amd64\api-ms-win-crt-process-l1-1-0.dll
Event: 0.403 Loaded shared library C:\Users\NickS\.openjfx\cache\21-ea+null\amd64\api-ms-win-crt-runtime-l1-1-0.dll
Event: 0.405 Loaded shared library C:\Users\NickS\.openjfx\cache\21-ea+null\amd64\api-ms-win-crt-stdio-l1-1-0.dll
Event: 0.406 Loaded shared library C:\Users\NickS\.openjfx\cache\21-ea+null\amd64\api-ms-win-crt-string-l1-1-0.dll
Event: 0.408 Loaded shared library C:\Users\NickS\.openjfx\cache\21-ea+null\amd64\api-ms-win-crt-time-l1-1-0.dll
Event: 0.409 Loaded shared library C:\Users\NickS\.openjfx\cache\21-ea+null\amd64\api-ms-win-crt-utility-l1-1-0.dll
Event: 0.420 Loaded shared library C:\Users\NickS\.openjfx\cache\21-ea+null\amd64\ucrtbase.dll
Event: 0.423 Loaded shared library C:\Users\NickS\.openjfx\cache\21-ea+null\amd64\vcruntime140.dll
Event: 0.425 Loaded shared library C:\Users\NickS\.openjfx\cache\21-ea+null\amd64\vcruntime140_1.dll
Event: 0.432 Loaded shared library C:\Users\NickS\.openjfx\cache\21-ea+null\amd64\msvcp140.dll
Event: 0.434 Loaded shared library C:\Users\NickS\.openjfx\cache\21-ea+null\amd64\msvcp140_1.dll
Event: 0.437 Loaded shared library C:\Users\NickS\.openjfx\cache\21-ea+null\amd64\msvcp140_2.dll
Event: 0.470 Loaded shared library C:\Users\NickS\.openjfx\cache\21-ea+null\amd64\prism_d3d.dll
Event: 0.499 Loaded shared library C:\Users\NickS\.openjfx\cache\21-ea+null\amd64\glass.dll
Event: 0.582 Loaded shared library C:\Users\NickS\.jdks\corretto-21.0.1\bin\jimage.dll
Event: 0.696 Loaded shared library C:\Users\NickS\.openjfx\cache\21-ea+null\amd64\javafx_iio.dll
Event: 0.791 Loaded shared library C:\Users\NickS\.openjfx\cache\21-ea+null\amd64\javafx_font.dll

Deoptimization events (20 events):
Event: 1.293 Thread 0x0000023df67ce010 DEOPT PACKING pc=0x0000023dea74ee14 sp=0x000000429a5fc7e0
Event: 1.293 Thread 0x0000023df67ce010 DEOPT UNPACKING pc=0x0000023dea187da2 sp=0x000000429a5fc788 mode 2
Event: 2.645 Thread 0x0000023df67d0770 DEOPT PACKING pc=0x0000023de2f83d4a sp=0x000000429a3fe280
Event: 2.645 Thread 0x0000023df67d0770 DEOPT UNPACKING pc=0x0000023dea1888e2 sp=0x000000429a3fd6d8 mode 0
Event: 2.646 Thread 0x0000023df67d0770 DEOPT PACKING pc=0x0000023de2f83d4a sp=0x000000429a3fe280
Event: 2.646 Thread 0x0000023df67d0770 DEOPT UNPACKING pc=0x0000023dea1888e2 sp=0x000000429a3fd6d8 mode 0
Event: 2.830 Thread 0x0000023df67ce010 Uncommon trap: trap_request=0xffffff45 fr.pc=0x0000023dea74fbc8 relative=0x0000000000000388
Event: 2.830 Thread 0x0000023df67ce010 Uncommon trap: reason=unstable_if action=reinterpret pc=0x0000023dea74fbc8 method=java.io.ByteArrayInputStream.read([BII)I @ 35 c2
Event: 2.830 Thread 0x0000023df67ce010 DEOPT PACKING pc=0x0000023dea74fbc8 sp=0x000000429a5fb840
Event: 2.830 Thread 0x0000023df67ce010 DEOPT UNPACKING pc=0x0000023dea187da2 sp=0x000000429a5fb800 mode 2
Event: 3.677 Thread 0x0000023df67d0770 DEOPT PACKING pc=0x0000023de2f8cfda sp=0x000000429a3fe560
Event: 3.678 Thread 0x0000023df67d0770 DEOPT UNPACKING pc=0x0000023dea1888e2 sp=0x000000429a3fda10 mode 0
Event: 3.680 Thread 0x0000023df67d0770 DEOPT PACKING pc=0x0000023de2f8cfda sp=0x000000429a3fe580
Event: 3.680 Thread 0x0000023df67d0770 DEOPT UNPACKING pc=0x0000023dea1888e2 sp=0x000000429a3fda10 mode 0
Event: 3.681 Thread 0x0000023df67d0770 DEOPT PACKING pc=0x0000023de2f8cfda sp=0x000000429a3fe580
Event: 3.681 Thread 0x0000023df67d0770 DEOPT UNPACKING pc=0x0000023dea1888e2 sp=0x000000429a3fda10 mode 0
Event: 5.609 Thread 0x0000023df67d0770 DEOPT PACKING pc=0x0000023de2fa3a48 sp=0x000000429a3fe340
Event: 5.609 Thread 0x0000023df67d0770 DEOPT UNPACKING pc=0x0000023dea1888e2 sp=0x000000429a3fd6f8 mode 0
Event: 11.853 Thread 0x0000023df67d0770 DEOPT PACKING pc=0x0000023de305b7ac sp=0x000000429a3fe460
Event: 11.853 Thread 0x0000023df67d0770 DEOPT UNPACKING pc=0x0000023dea1888e2 sp=0x000000429a3fd8b0 mode 0

Classes loaded (20 events):
Event: 1.388 Loading class java/nio/ShortBuffer
Event: 1.388 Loading class java/nio/ShortBuffer done
Event: 1.388 Loading class java/nio/DoubleBuffer
Event: 1.388 Loading class java/nio/DoubleBuffer done
Event: 1.389 Loading class java/nio/DirectFloatBufferU
Event: 1.389 Loading class java/nio/DirectFloatBufferU done
Event: 1.397 Loading class jdk/internal/ref/CleanerImpl$InnocuousThreadFactory
Event: 1.398 Loading class jdk/internal/ref/CleanerImpl$InnocuousThreadFactory done
Event: 1.402 Loading class sun/misc/Unsafe
Event: 1.402 Loading class sun/misc/Unsafe done
Event: 1.403 Loading class java/lang/invoke/DirectMethodHandle$StaticAccessor
Event: 1.403 Loading class java/lang/invoke/DirectMethodHandle$StaticAccessor done
Event: 1.423 Loading class java/lang/FdLibm$Atan2
Event: 1.423 Loading class java/lang/FdLibm$Atan2 done
Event: 2.701 Loading class java/io/UnsupportedEncodingException
Event: 2.701 Loading class java/io/UnsupportedEncodingException done
Event: 2.866 Loading class java/io/CharArrayReader
Event: 2.866 Loading class java/io/CharArrayReader done
Event: 77.453 Loading class jdk/internal/misc/Signal$1
Event: 77.453 Loading class jdk/internal/misc/Signal$1 done

Classes unloaded (0 events):
No events

Classes redefined (0 events):
No events

Internal exceptions (20 events):
Event: 0.748 Thread 0x0000023df67ce010 Exception <a 'java/lang/ClassNotFoundException'{0x00000000899c5440}: com/sun/glass/ui/win/themes_ru_RU> (0x00000000899c5440) 
thrown [s\src\hotspot\share\prims\jni.cpp, line 539]
Event: 0.873 Thread 0x0000023df67ce010 Exception <a 'java/lang/NoSuchMethodError'{0x000000008a930d30}: 'void java.lang.invoke.DirectMethodHandle$Holder.invokeStaticInit(java.lang.Object, java.lang.Object)'> (0x000000008a930d30) 
thrown [s\src\hotspot\share\interpreter\linkResolver.cpp, line 773]
Event: 0.921 Thread 0x0000023df67ce010 Exception <a 'sun/nio/fs/WindowsException'{0x000000008a8252d8}> (0x000000008a8252d8) 
thrown [s\src\hotspot\share\prims\jni.cpp, line 520]
Event: 0.973 Thread 0x0000023df67cc6b0 Exception <a 'sun/nio/fs/WindowsException'{0x000000008a6051a8}> (0x000000008a6051a8) 
thrown [s\src\hotspot\share\prims\jni.cpp, line 520]
Event: 1.047 Thread 0x0000023df67ce010 Exception <a 'sun/nio/fs/WindowsException'{0x000000008a3772b8}> (0x000000008a3772b8) 
thrown [s\src\hotspot\share\prims\jni.cpp, line 520]
Event: 1.056 Thread 0x0000023df67ce010 Implicit null exception at 0x0000023dea7274ed to 0x0000023dea728224
Event: 1.063 Thread 0x0000023df67ce010 Implicit null exception at 0x0000023dea74e181 to 0x0000023dea74e644
Event: 1.073 Thread 0x0000023df67ce010 Implicit null exception at 0x0000023dea74bf7a to 0x0000023dea74c460
Event: 1.158 Thread 0x0000023df67ce010 Exception <a 'java/lang/IncompatibleClassChangeError'{0x0000000089cd6fe8}: Found class java.lang.Object, but interface was expected> (0x0000000089cd6fe8) 
thrown [s\src\hotspot\share\interpreter\linkResolver.cpp, line 840]
Event: 1.190 Thread 0x0000023df67ce010 Exception <a 'java/lang/ClassNotFoundException'{0x0000000089964ab0}: com/sun/javafx/scene/control/skin/resources/controls> (0x0000000089964ab0) 
thrown [s\src\hotspot\share\prims\jni.cpp, line 539]
Event: 1.191 Thread 0x0000023df67ce010 Exception <a 'java/lang/ClassNotFoundException'{0x0000000089972cb0}: com/sun/javafx/scene/control/skin/resources/controls_ru> (0x0000000089972cb0) 
thrown [s\src\hotspot\share\prims\jni.cpp, line 539]
Event: 1.191 Thread 0x0000023df67ce010 Exception <a 'java/lang/ClassNotFoundException'{0x0000000089973c58}: com/sun/javafx/scene/control/skin/resources/controls_ru_RU> (0x0000000089973c58) 
thrown [s\src\hotspot\share\prims\jni.cpp, line 539]
Event: 1.222 Thread 0x0000023df67ce010 Exception <a 'java/lang/NoSuchMethodError'{0x0000000089552830}: 'void java.lang.invoke.DirectMethodHandle$Holder.invokeSpecial(java.lang.Object, java.lang.Object, java.lang.Object, java.lang.Object, java.lang.Object, java.lang.Object)'> (0x0000000089552830) 
thrown [s\src\hotspot\share\interpreter\linkResolver.cpp, line 773]
Event: 1.297 Thread 0x0000023df67ce010 Exception <a 'java/lang/NoSuchMethodError'{0x000000008901c480}: 'int java.lang.invoke.DirectMethodHandle$Holder.invokeSpecial(java.lang.Object, java.lang.Object, int)'> (0x000000008901c480) 
thrown [s\src\hotspot\share\interpreter\linkResolver.cpp, line 773]
Event: 1.309 Thread 0x0000023df67ce010 Exception <a 'java/lang/NoSuchMethodError'{0x0000000089055c68}: 'java.lang.Object java.lang.invoke.DirectMethodHandle$Holder.newInvokeSpecial(java.lang.Object, java.lang.Object, int)'> (0x0000000089055c68) 
thrown [s\src\hotspot\share\interpreter\linkResolver.cpp, line 773]
Event: 1.346 Thread 0x0000023df67d0770 Exception <a 'java/lang/NoSuchMethodError'{0x00000000890fef50}: 'int java.lang.invoke.DirectMethodHandle$Holder.invokeStaticInit(java.lang.Object, java.lang.Object)'> (0x00000000890fef50) 
thrown [s\src\hotspot\share\interpreter\linkResolver.cpp, line 773]
Event: 1.351 Thread 0x0000023df67ce010 Exception <a 'java/lang/NoSuchMethodError'{0x0000000088f43bd8}: 'long java.lang.invoke.DirectMethodHandle$Holder.invokeStatic(java.lang.Object, java.lang.Object, java.lang.Object)'> (0x0000000088f43bd8) 
thrown [s\src\hotspot\share\interpreter\linkResolver.cpp, line 773]
Event: 1.351 Thread 0x0000023df67ce010 Exception <a 'java/lang/NoSuchMethodError'{0x0000000088f46fa8}: 'long java.lang.invoke.DirectMethodHandle$Holder.invokeStaticInit(java.lang.Object, java.lang.Object, java.lang.Object)'> (0x0000000088f46fa8) 
thrown [s\src\hotspot\share\interpreter\linkResolver.cpp, line 773]
Event: 1.354 Thread 0x0000023df67ce010 Exception <a 'java/lang/NoSuchMethodError'{0x0000000088f5b5a0}: 'java.lang.Object java.lang.invoke.DirectMethodHandle$Holder.newInvokeSpecial(java.lang.Object, java.lang.Object, long)'> (0x0000000088f5b5a0) 
thrown [s\src\hotspot\share\interpreter\linkResolver.cpp, line 773]
Event: 1.354 Thread 0x0000023df67ce010 Exception <a 'java/lang/NoSuchMethodError'{0x0000000088f5ee98}: 'java.lang.Object java.lang.invoke.Invokers$Holder.linkToTargetMethod(java.lang.Object, long, java.lang.Object)'> (0x0000000088f5ee98) 
thrown [s\src\hotspot\share\interpreter\linkResolver.cpp, line 773]

ZGC Phase Switch (0 events):
No events

VM Operations (20 events):
Event: 5.251 Executing VM operation: Cleanup done
Event: 6.251 Executing VM operation: Cleanup
Event: 6.251 Executing VM operation: Cleanup done
Event: 7.252 Executing VM operation: Cleanup
Event: 7.252 Executing VM operation: Cleanup done
Event: 10.252 Executing VM operation: Cleanup
Event: 10.252 Executing VM operation: Cleanup done
Event: 11.252 Executing VM operation: Cleanup
Event: 11.252 Executing VM operation: Cleanup done
Event: 13.252 Executing VM operation: Cleanup
Event: 13.252 Executing VM operation: Cleanup done
Event: 14.253 Executing VM operation: Cleanup
Event: 14.253 Executing VM operation: Cleanup done
Event: 15.253 Executing VM operation: Cleanup
Event: 15.253 Executing VM operation: Cleanup done
Event: 60.137 Executing VM operation: HandshakeAllThreads (HandshakeForDeflation)
Event: 60.137 Executing VM operation: HandshakeAllThreads (HandshakeForDeflation) done
Event: 60.137 Executing VM operation: RendezvousGCThreads
Event: 60.137 Executing VM operation: RendezvousGCThreads done
Event: 77.455 Executing VM operation: Exit

Events (20 events):
Event: 0.044 Thread 0x0000023df67cfa50 Thread added: 0x0000023df67cfa50
Event: 0.044 Thread 0x0000023df67d39e0 Thread added: 0x0000023df67d39e0
Event: 0.047 Thread 0x0000023df6834120 Thread added: 0x0000023df6834120
Event: 0.080 Thread 0x0000023df67cd2f0 Thread added: 0x0000023df67cd2f0
Event: 0.125 Thread 0x0000023df6aa95a0 Thread added: 0x0000023df6aa95a0
Event: 0.236 Thread 0x0000023df67cd980 Thread added: 0x0000023df67cd980
Event: 0.236 Thread 0x0000023df67d00e0 Thread added: 0x0000023df67d00e0
Event: 0.463 Thread 0x0000023df67d0770 Thread added: 0x0000023df67d0770
Event: 0.501 Thread 0x0000023df67cf3c0 Thread added: 0x0000023df67cf3c0
Event: 0.503 Thread 0x0000023df67ce010 Thread added: 0x0000023df67ce010
Event: 0.560 Thread 0x0000023df67ce6a0 Thread added: 0x0000023df67ce6a0
Event: 0.563 Thread 0x0000023df67ced30 Thread added: 0x0000023df67ced30
Event: 1.151 Thread 0x0000023dfc3bb4d0 Thread added: 0x0000023dfc3bb4d0
Event: 1.398 Thread 0x0000023dfc3bae40 Thread added: 0x0000023dfc3bae40
Event: 1.445 Thread 0x0000023df6aa95a0 Thread exited: 0x0000023df6aa95a0
Event: 77.453 Thread 0x0000023dfc3b86e0 Thread added: 0x0000023dfc3b86e0
Event: 77.454 Thread 0x0000023dfc3bcf10 Thread added: 0x0000023dfc3bcf10
Event: 77.454 Thread 0x0000023dfc3b79c0 Thread added: 0x0000023dfc3b79c0
Event: 77.455 Thread 0x0000023dfc3bcf10 Thread exited: 0x0000023dfc3bcf10
Event: 77.455 Thread 0x0000023dfc3b79c0 Thread exited: 0x0000023dfc3b79c0


Dynamic libraries:
0x00007ff60b4f0000 - 0x00007ff60b4fe000 	C:\Users\NickS\.jdks\corretto-21.0.1\bin\java.exe
0x00007ffe3f6c0000 - 0x00007ffe3f8c9000 	C:\Windows\SYSTEM32\ntdll.dll
0x00007ffe3de60000 - 0x00007ffe3df1d000 	C:\Windows\System32\KERNEL32.DLL
0x00007ffe3d0c0000 - 0x00007ffe3d444000 	C:\Windows\System32\KERNELBASE.dll
0x00007ffe3cc20000 - 0x00007ffe3cd31000 	C:\Windows\System32\ucrtbase.dll
0x00007ffe38860000 - 0x00007ffe38878000 	C:\Users\NickS\.jdks\corretto-21.0.1\bin\jli.dll
0x00007ffe337a0000 - 0x00007ffe337bb000 	C:\Users\NickS\.jdks\corretto-21.0.1\bin\VCRUNTIME140.dll
0x00007ffe3f3c0000 - 0x00007ffe3f56d000 	C:\Windows\System32\USER32.dll
0x00007ffe3cb50000 - 0x00007ffe3cb76000 	C:\Windows\System32\win32u.dll
0x00007ffe3ea00000 - 0x00007ffe3ea2a000 	C:\Windows\System32\GDI32.dll
0x00007ffe29d60000 - 0x00007ffe2a005000 	C:\Windows\WinSxS\amd64_microsoft.windows.common-controls_6595b64144ccf1df_6.0.22000.120_none_9d947278b86cc467\COMCTL32.dll
0x00007ffe3cdc0000 - 0x00007ffe3cede000 	C:\Windows\System32\gdi32full.dll
0x00007ffe3d830000 - 0x00007ffe3d8d3000 	C:\Windows\System32\msvcrt.dll
0x00007ffe3cb80000 - 0x00007ffe3cc1d000 	C:\Windows\System32\msvcp_win.dll
0x00007ffe3e080000 - 0x00007ffe3e0b1000 	C:\Windows\System32\IMM32.DLL
0x00007ffe394d0000 - 0x00007ffe394dc000 	C:\Users\NickS\.jdks\corretto-21.0.1\bin\vcruntime140_1.dll
0x00007ffdf2850000 - 0x00007ffdf28dd000 	C:\Users\NickS\.jdks\corretto-21.0.1\bin\msvcp140.dll
0x00007ffddbeb0000 - 0x00007ffddcc3d000 	C:\Users\NickS\.jdks\corretto-21.0.1\bin\server\jvm.dll
0x00007ffe3f260000 - 0x00007ffe3f30e000 	C:\Windows\System32\ADVAPI32.dll
0x00007ffe3f570000 - 0x00007ffe3f60e000 	C:\Windows\System32\sechost.dll
0x00007ffe3e8d0000 - 0x00007ffe3e9f1000 	C:\Windows\System32\RPCRT4.dll
0x00007ffe3f610000 - 0x00007ffe3f67f000 	C:\Windows\System32\WS2_32.dll
0x00007ffe3b4b0000 - 0x00007ffe3b4fd000 	C:\Windows\SYSTEM32\POWRPROF.dll
0x00007ffe35870000 - 0x00007ffe358a3000 	C:\Windows\SYSTEM32\WINMM.dll
0x00007ffe2f660000 - 0x00007ffe2f66a000 	C:\Windows\SYSTEM32\VERSION.dll
0x00007ffe3b5a0000 - 0x00007ffe3b5b3000 	C:\Windows\SYSTEM32\UMPDC.dll
0x00007ffe3bcb0000 - 0x00007ffe3bcc8000 	C:\Windows\SYSTEM32\kernel.appcore.dll
0x00007ffe39400000 - 0x00007ffe3940a000 	C:\Users\NickS\.jdks\corretto-21.0.1\bin\jimage.dll
0x00007ffe3a110000 - 0x00007ffe3a331000 	C:\Windows\SYSTEM32\DBGHELP.DLL
0x00007ffe291a0000 - 0x00007ffe291d1000 	C:\Windows\SYSTEM32\dbgcore.DLL
0x00007ffe3cd40000 - 0x00007ffe3cdbf000 	C:\Windows\System32\bcryptPrimitives.dll
0x00007ffe34d80000 - 0x00007ffe34d8e000 	C:\Users\NickS\.jdks\corretto-21.0.1\bin\instrument.dll
0x00007ffe29170000 - 0x00007ffe2918f000 	C:\Users\NickS\.jdks\corretto-21.0.1\bin\java.dll
0x00007ffe3ea90000 - 0x00007ffe3f255000 	C:\Windows\System32\SHELL32.dll
0x00007ffe3ac20000 - 0x00007ffe3b482000 	C:\Windows\SYSTEM32\windows.storage.dll
0x00007ffe3dae0000 - 0x00007ffe3de56000 	C:\Windows\System32\combase.dll
0x00007ffe3aab0000 - 0x00007ffe3ac17000 	C:\Windows\SYSTEM32\wintypes.dll
0x00007ffe3df20000 - 0x00007ffe3e00a000 	C:\Windows\System32\SHCORE.dll
0x00007ffe3e010000 - 0x00007ffe3e06d000 	C:\Windows\System32\shlwapi.dll
0x00007ffe3ca80000 - 0x00007ffe3caa5000 	C:\Windows\SYSTEM32\profapi.dll
0x00007ffde1b80000 - 0x00007ffde1c57000 	C:\Users\NickS\.jdks\corretto-21.0.1\bin\jsvml.dll
0x00007ffe15e30000 - 0x00007ffe15e40000 	C:\Users\NickS\.jdks\corretto-21.0.1\bin\net.dll
0x00007ffe352b0000 - 0x00007ffe353c4000 	C:\Windows\SYSTEM32\WINHTTP.dll
0x00007ffe3c160000 - 0x00007ffe3c1c7000 	C:\Windows\system32\mswsock.dll
0x00007ffe14e80000 - 0x00007ffe14e96000 	C:\Users\NickS\.jdks\corretto-21.0.1\bin\nio.dll
0x00007ffe14e60000 - 0x00007ffe14e78000 	C:\Users\NickS\.jdks\corretto-21.0.1\bin\zip.dll
0x00007ffe12710000 - 0x00007ffe1272a000 	C:\Program Files\JetBrains\IntelliJ IDEA Community Edition 2023.2.4\bin\breakgen64.dll
0x0000023dda480000 - 0x0000023dda483000 	C:\Users\NickS\.openjfx\cache\21-ea+null\amd64\api-ms-win-core-console-l1-1-0.dll
0x0000023dda490000 - 0x0000023dda493000 	C:\Users\NickS\.openjfx\cache\21-ea+null\amd64\api-ms-win-core-console-l1-2-0.dll
0x0000023dda4a0000 - 0x0000023dda4a3000 	C:\Users\NickS\.openjfx\cache\21-ea+null\amd64\api-ms-win-core-datetime-l1-1-0.dll
0x0000023dda4b0000 - 0x0000023dda4b3000 	C:\Users\NickS\.openjfx\cache\21-ea+null\amd64\api-ms-win-core-debug-l1-1-0.dll
0x0000023dda4c0000 - 0x0000023dda4c3000 	C:\Users\NickS\.openjfx\cache\21-ea+null\amd64\api-ms-win-core-errorhandling-l1-1-0.dll
0x0000023dda4d0000 - 0x0000023dda4d4000 	C:\Users\NickS\.openjfx\cache\21-ea+null\amd64\api-ms-win-core-file-l1-1-0.dll
0x0000023dda4e0000 - 0x0000023dda4e3000 	C:\Users\NickS\.openjfx\cache\21-ea+null\amd64\api-ms-win-core-file-l1-2-0.dll
0x0000023dda4f0000 - 0x0000023dda4f3000 	C:\Users\NickS\.openjfx\cache\21-ea+null\amd64\api-ms-win-core-file-l2-1-0.dll
0x0000023df6fc0000 - 0x0000023df6fc3000 	C:\Users\NickS\.openjfx\cache\21-ea+null\amd64\api-ms-win-core-handle-l1-1-0.dll
0x0000023df6fd0000 - 0x0000023df6fd3000 	C:\Users\NickS\.openjfx\cache\21-ea+null\amd64\api-ms-win-core-heap-l1-1-0.dll
0x0000023df6fe0000 - 0x0000023df6fe3000 	C:\Users\NickS\.openjfx\cache\21-ea+null\amd64\api-ms-win-core-interlocked-l1-1-0.dll
0x0000023df6ff0000 - 0x0000023df6ff3000 	C:\Users\NickS\.openjfx\cache\21-ea+null\amd64\api-ms-win-core-libraryloader-l1-1-0.dll
0x0000023dfc7d0000 - 0x0000023dfc7d3000 	C:\Users\NickS\.openjfx\cache\21-ea+null\amd64\api-ms-win-core-localization-l1-2-0.dll
0x0000023dfc7e0000 - 0x0000023dfc7e3000 	C:\Users\NickS\.openjfx\cache\21-ea+null\amd64\api-ms-win-core-memory-l1-1-0.dll
0x0000023dfc7f0000 - 0x0000023dfc7f3000 	C:\Users\NickS\.openjfx\cache\21-ea+null\amd64\api-ms-win-core-namedpipe-l1-1-0.dll
0x0000023dfc800000 - 0x0000023dfc803000 	C:\Users\NickS\.openjfx\cache\21-ea+null\amd64\api-ms-win-core-processenvironment-l1-1-0.dll
0x0000023dfc810000 - 0x0000023dfc813000 	C:\Users\NickS\.openjfx\cache\21-ea+null\amd64\api-ms-win-core-processthreads-l1-1-0.dll
0x0000023dfc820000 - 0x0000023dfc823000 	C:\Users\NickS\.openjfx\cache\21-ea+null\amd64\api-ms-win-core-processthreads-l1-1-1.dll
0x0000023dfc830000 - 0x0000023dfc833000 	C:\Users\NickS\.openjfx\cache\21-ea+null\amd64\api-ms-win-core-profile-l1-1-0.dll
0x0000023df6d60000 - 0x0000023df6d63000 	C:\Users\NickS\.openjfx\cache\21-ea+null\amd64\api-ms-win-core-rtlsupport-l1-1-0.dll
0x0000023df6d70000 - 0x0000023df6d73000 	C:\Users\NickS\.openjfx\cache\21-ea+null\amd64\api-ms-win-core-string-l1-1-0.dll
0x0000023df6d80000 - 0x0000023df6d83000 	C:\Users\NickS\.openjfx\cache\21-ea+null\amd64\api-ms-win-core-synch-l1-1-0.dll
0x0000023df6d90000 - 0x0000023df6d93000 	C:\Users\NickS\.openjfx\cache\21-ea+null\amd64\api-ms-win-core-synch-l1-2-0.dll
0x0000023df6da0000 - 0x0000023df6da3000 	C:\Users\NickS\.openjfx\cache\21-ea+null\amd64\api-ms-win-core-sysinfo-l1-1-0.dll
0x0000023df6db0000 - 0x0000023df6db3000 	C:\Users\NickS\.openjfx\cache\21-ea+null\amd64\api-ms-win-core-timezone-l1-1-0.dll
0x0000023df6dc0000 - 0x0000023df6dc3000 	C:\Users\NickS\.openjfx\cache\21-ea+null\amd64\api-ms-win-core-util-l1-1-0.dll
0x0000023df6dd0000 - 0x0000023df6dd3000 	C:\Users\NickS\.openjfx\cache\21-ea+null\amd64\api-ms-win-crt-conio-l1-1-0.dll
0x0000023df6de0000 - 0x0000023df6de4000 	C:\Users\NickS\.openjfx\cache\21-ea+null\amd64\api-ms-win-crt-convert-l1-1-0.dll
0x0000023df6df0000 - 0x0000023df6df3000 	C:\Users\NickS\.openjfx\cache\21-ea+null\amd64\api-ms-win-crt-environment-l1-1-0.dll
0x0000023df6e00000 - 0x0000023df6e03000 	C:\Users\NickS\.openjfx\cache\21-ea+null\amd64\api-ms-win-crt-filesystem-l1-1-0.dll
0x0000023df6e10000 - 0x0000023df6e13000 	C:\Users\NickS\.openjfx\cache\21-ea+null\amd64\api-ms-win-crt-heap-l1-1-0.dll
0x0000023df6e20000 - 0x0000023df6e23000 	C:\Users\NickS\.openjfx\cache\21-ea+null\amd64\api-ms-win-crt-locale-l1-1-0.dll
0x0000023df6e30000 - 0x0000023df6e35000 	C:\Users\NickS\.openjfx\cache\21-ea+null\amd64\api-ms-win-crt-math-l1-1-0.dll
0x0000023df6e40000 - 0x0000023df6e45000 	C:\Users\NickS\.openjfx\cache\21-ea+null\amd64\api-ms-win-crt-multibyte-l1-1-0.dll
0x0000023df6e50000 - 0x0000023df6e60000 	C:\Users\NickS\.openjfx\cache\21-ea+null\amd64\api-ms-win-crt-private-l1-1-0.dll
0x0000023df6e60000 - 0x0000023df6e63000 	C:\Users\NickS\.openjfx\cache\21-ea+null\amd64\api-ms-win-crt-process-l1-1-0.dll
0x0000023df6e70000 - 0x0000023df6e74000 	C:\Users\NickS\.openjfx\cache\21-ea+null\amd64\api-ms-win-crt-runtime-l1-1-0.dll
0x0000023df6e80000 - 0x0000023df6e84000 	C:\Users\NickS\.openjfx\cache\21-ea+null\amd64\api-ms-win-crt-stdio-l1-1-0.dll
0x0000023df6e90000 - 0x0000023df6e94000 	C:\Users\NickS\.openjfx\cache\21-ea+null\amd64\api-ms-win-crt-string-l1-1-0.dll
0x0000023df6ea0000 - 0x0000023df6ea3000 	C:\Users\NickS\.openjfx\cache\21-ea+null\amd64\api-ms-win-crt-time-l1-1-0.dll
0x0000023df6eb0000 - 0x0000023df6eb3000 	C:\Users\NickS\.openjfx\cache\21-ea+null\amd64\api-ms-win-crt-utility-l1-1-0.dll
0x00007ffde1a80000 - 0x00007ffde1b7c000 	C:\Users\NickS\.openjfx\cache\21-ea+null\amd64\ucrtbase.dll
0x00007ffe12530000 - 0x00007ffe1254b000 	C:\Users\NickS\.openjfx\cache\21-ea+null\amd64\vcruntime140.dll
0x00007ffe14e50000 - 0x00007ffe14e5c000 	C:\Users\NickS\.openjfx\cache\21-ea+null\amd64\vcruntime140_1.dll
0x00007ffde5500000 - 0x00007ffde558e000 	C:\Users\NickS\.openjfx\cache\21-ea+null\amd64\msvcp140.dll
0x00007ffe3d680000 - 0x00007ffe3d81a000 	C:\Windows\System32\ole32.dll
0x00007ffe13900000 - 0x00007ffe13909000 	C:\Users\NickS\.openjfx\cache\21-ea+null\amd64\msvcp140_1.dll
0x00007ffe0d050000 - 0x00007ffe0d07f000 	C:\Users\NickS\.openjfx\cache\21-ea+null\amd64\msvcp140_2.dll
0x00007ffe0a2b0000 - 0x00007ffe0a2df000 	C:\Users\NickS\.openjfx\cache\21-ea+null\amd64\prism_d3d.dll
0x00007ffdf26a0000 - 0x00007ffdf2846000 	C:\Windows\system32\d3d9.dll
0x00007ffe39bb0000 - 0x00007ffe39bdf000 	C:\Windows\SYSTEM32\dwmapi.dll
0x00007ffe39b30000 - 0x00007ffe39b68000 	C:\Windows\SYSTEM32\dxcore.dll
0x00007ffe39910000 - 0x00007ffe399bc000 	C:\Windows\system32\uxtheme.dll
0x00007ffdf2530000 - 0x00007ffdf2695000 	C:\Windows\System32\DriverStore\FileRepository\iigd_dch.inf_amd64_5dc1a2977f07512e\igdumdim64.dll
0x00007ffde84c0000 - 0x00007ffdec14b000 	C:\Windows\System32\DriverStore\FileRepository\iigd_dch.inf_amd64_5dc1a2977f07512e\igd9dxva64.dll
0x00007ffe3d900000 - 0x00007ffe3d9d6000 	C:\Windows\System32\OLEAUT32.dll
0x00007ffe3e140000 - 0x00007ffe3e5b2000 	C:\Windows\System32\SETUPAPI.dll
0x00007ffe3c850000 - 0x00007ffe3c89c000 	C:\Windows\SYSTEM32\cfgmgr32.dll
0x00007ffe33180000 - 0x00007ffe334b6000 	C:\Windows\System32\DriverStore\FileRepository\iigd_dch.inf_amd64_5dc1a2977f07512e\igdgmm64.dll
0x00007ffe37cf0000 - 0x00007ffe37d34000 	C:\Windows\SYSTEM32\directxdatabasehelper.dll
0x00007ffe3bcd0000 - 0x00007ffe3bd04000 	C:\Windows\SYSTEM32\ntmarta.dll
0x00007ffe05550000 - 0x00007ffe05592000 	C:\Users\NickS\.openjfx\cache\21-ea+null\amd64\glass.dll
0x00007ffe3d9e0000 - 0x00007ffe3dacc000 	C:\Windows\System32\COMDLG32.dll
0x00007ffe3e790000 - 0x00007ffe3e8ad000 	C:\Windows\System32\MSCTF.dll
0x00007ffdf15c0000 - 0x00007ffdf15e7000 	C:\Windows\System32\DriverStore\FileRepository\iigd_dch.inf_amd64_5dc1a2977f07512e\igdinfo64.dll
0x00007ffe2fea0000 - 0x00007ffe32c2f000 	C:\Windows\System32\DriverStore\FileRepository\iigd_dch.inf_amd64_5dc1a2977f07512e\igc64.dll
0x00007ffdfe570000 - 0x00007ffdfe59d000 	C:\Users\NickS\.openjfx\cache\21-ea+null\amd64\javafx_iio.dll
0x00007ffe05530000 - 0x00007ffe05544000 	C:\Users\NickS\.openjfx\cache\21-ea+null\amd64\javafx_font.dll
0x00007ffe354c0000 - 0x00007ffe3571f000 	C:\Windows\SYSTEM32\dwrite.dll
0x00007ffe3f310000 - 0x00007ffe3f3bf000 	C:\Windows\System32\clbcatq.dll
0x00007ffe365d0000 - 0x00007ffe3677e000 	C:\Windows\SYSTEM32\WindowsCodecs.dll
0x00007ffe2e5a0000 - 0x00007ffe2e5fd000 	C:\Windows\system32\dataexchange.dll
0x00007ffe360f0000 - 0x00007ffe36355000 	C:\Windows\system32\twinapi.appcore.dll
0x00007ffde1e00000 - 0x00007ffde1e32000 	C:\Program Files\Common Files\Microsoft Shared\Ink\rtscom.dll
0x00007ffe28290000 - 0x00007ffe283bc000 	C:\Windows\SYSTEM32\textinputframework.dll
0x00007ffe39240000 - 0x00007ffe39371000 	C:\Windows\SYSTEM32\CoreMessaging.dll
0x00007ffe37390000 - 0x00007ffe376fd000 	C:\Windows\SYSTEM32\CoreUIComponents.dll
0x00007ffe3c3c0000 - 0x00007ffe3c3cc000 	C:\Windows\SYSTEM32\CRYPTBASE.DLL

dbghelp: loaded successfully - version: 4.0.5 - missing functions: none
symbol engine: initialized successfully - sym options: 0x614 - pdb path: .;C:\Users\NickS\.jdks\corretto-21.0.1\bin;C:\Windows\SYSTEM32;C:\Windows\WinSxS\amd64_microsoft.windows.common-controls_6595b64144ccf1df_6.0.22000.120_none_9d947278b86cc467;C:\Users\NickS\.jdks\corretto-21.0.1\bin\server;C:\Program Files\JetBrains\IntelliJ IDEA Community Edition 2023.2.4\bin;C:\Users\NickS\.openjfx\cache\21-ea+null\amd64;C:\Windows\System32\DriverStore\FileRepository\iigd_dch.inf_amd64_5dc1a2977f07512e;C:\Program Files\Common Files\Microsoft Shared\Ink

VM Arguments:
jvm_args: -javaagent:C:\Program Files\JetBrains\IntelliJ IDEA Community Edition 2023.2.4\lib\idea_rt.jar=60163:C:\Program Files\JetBrains\IntelliJ IDEA Community Edition 2023.2.4\bin -Dfile.encoding=UTF-8 -Dsun.stdout.encoding=UTF-8 -Dsun.stderr.encoding=UTF-8 --module-path=C:\Users\NickS\.m2\repository\org\openjfx\javafx-controls\21-ea+24\javafx-controls-21-ea+24-win.jar;C:\Users\NickS\.m2\repository\org\openjfx\javafx-graphics\21-ea+24\javafx-graphics-21-ea+24-win.jar;C:\Users\NickS\.m2\repository\org\openjfx\javafx-base\21-ea+24\javafx-base-21-ea+24-win.jar;C:\Users\NickS\OneDrive\Рабочий стол\thrthehrhjyj\target\classes;C:\Users\NickS\.m2\repository\org\openjfx\javafx-fxml\21-ea+24\javafx-fxml-21-ea+24-win.jar -Djdk.module.main=com.example.thrthehrhjyj 
java_command: com.example.thrthehrhjyj/com.example.thrthehrhjyj.HelloApplication
java_class_path (initial): C:\Users\NickS\.m2\repository\org\openjfx\javafx-controls\21-ea+24\javafx-controls-21-ea+24.jar;C:\Users\NickS\.m2\repository\org\openjfx\javafx-graphics\21-ea+24\javafx-graphics-21-ea+24.jar;C:\Users\NickS\.m2\repository\org\openjfx\javafx-base\21-ea+24\javafx-base-21-ea+24.jar;C:\Users\NickS\.m2\repository\org\openjfx\javafx-fxml\21-ea+24\javafx-fxml-21-ea+24.jar;C:\Users\NickS\OneDrive\Рабочий стол\mysql-connector-j-8.3.0.jar
Launcher Type: SUN_STANDARD

[Global flags]
     intx CICompilerCount                          = 3                                         {product} {ergonomic}
     uint ConcGCThreads                            = 1                                         {product} {ergonomic}
     uint G1ConcRefinementThreads                  = 4                                         {product} {ergonomic}
   size_t G1HeapRegionSize                         = 1048576                                   {product} {ergonomic}
    uintx GCDrainStackTargetSize                   = 64                                        {product} {ergonomic}
   size_t InitialHeapSize                          = 132120576                                 {product} {ergonomic}
   size_t MarkStackSize                            = 4194304                                   {product} {ergonomic}
   size_t MaxHeapSize                              = 2095054848                                {product} {ergonomic}
   size_t MaxNewSize                               = 1256194048                                {product} {ergonomic}
   size_t MinHeapDeltaBytes                        = 1048576                                   {product} {ergonomic}
   size_t MinHeapSize                              = 8388608                                   {product} {ergonomic}
    uintx NonNMethodCodeHeapSize                   = 5832780                                {pd product} {ergonomic}
    uintx NonProfiledCodeHeapSize                  = 122912730                              {pd product} {ergonomic}
    uintx ProfiledCodeHeapSize                     = 122912730                              {pd product} {ergonomic}
    uintx ReservedCodeCacheSize                    = 251658240                              {pd product} {ergonomic}
     bool SegmentedCodeCache                       = true                                      {product} {ergonomic}
   size_t SoftMaxHeapSize                          = 2095054848                             {manageable} {ergonomic}
     bool UseCompressedOops                        = true                           {product lp64_product} {ergonomic}
     bool UseG1GC                                  = true                                      {product} {ergonomic}
     bool UseLargePagesIndividualAllocation        = false                                  {pd product} {ergonomic}

Logging:
Log output configuration:
 #0: stdout all=off uptime,level,tags foldmultilines=false
 #1: stderr all=off uptime,level,tags foldmultilines=false

Environment Variables:
PATH=C:\Program Files\Common Files\Oracle\Java\javapath;C:\Program Files (x86)\Common Files\Oracle\Java\javapath;C:\Windows\System32\HWAudioDriverLibs;C:\Windows\system32;C:\Windows;C:\Windows\System32\Wbem;C:\Windows\System32\WindowsPowerShell\v1.0\;C:\Windows\System32\OpenSSH\;C:\Users\Administrator\AppData\Local\Microsoft\WindowsApps;C:\Users\NickS\scoop\apps\composer\current\home\vendor\bin;C:\Users\NickS\scoop\shims;C:\Users\NickS\AppData\Local\Microsoft\WindowsApps
USERNAME=NickS
OS=Windows_NT
PROCESSOR_IDENTIFIER=Intel64 Family 6 Model 140 Stepping 1, GenuineIntel
TMP=C:\Users\NickS\AppData\Local\Temp
TEMP=C:\Users\NickS\AppData\Local\Temp




Periodic native trim disabled

---------------  S Y S T E M  ---------------

OS:
 Windows 11 , 64 bit Build 22000 (10.0.22000.2538)
OS uptime: 1 days 23:02 hours

CPU: total 4 (initial active 4) (2 cores per cpu, 2 threads per core) family 6 model 140 stepping 1 microcode 0x8a, cx8, cmov, fxsr, ht, mmx, 3dnowpref, sse, sse2, sse3, ssse3, sse4.1, sse4.2, popcnt, lzcnt, tsc, tscinvbit, avx, avx2, aes, erms, clmul, bmi1, bmi2, adx, avx512f, avx512dq, avx512cd, avx512bw, avx512vl, sha, fma, vzeroupper, avx512_vpopcntdq, avx512_vpclmulqdq, avx512_vaes, avx512_vnni, clflush, clflushopt, clwb, avx512_vbmi2, avx512_vbmi, rdtscp, rdpid, fsrm, gfni, avx512_bitalg, f16c, pku, cet_ibt, cet_ss, avx512_ifma
Processor Information for all 4 processors :
  Max Mhz: 2995, Current Mhz: 2995, Mhz Limit: 2995

Memory: 4k page, system-wide physical 7991M (1014M free)
TotalPageFile size 13623M (AvailPageFile size 1851M)
current process WorkingSet (physical memory assigned to process): 275M, peak: 306M
current process commit charge ("private bytes"): 347M, peak: 387M

vm_info: OpenJDK 64-Bit Server VM (21.0.1+12-LTS) for windows-amd64 JRE (21.0.1+12-LTS), built on 2023-10-12T03:52:47Z by "Administrator" with MS VC++ 16.10 / 16.11 (VS2019)

END.
