#
# A fatal error has been detected by the Java Runtime Environment:
#
#  EXCEPTION_ACCESS_VIOLATION (0xc0000005) at pc=0x00007ffddf756587, pid=1628, tid=4460
#
# JRE version: OpenJDK Runtime Environment Corretto-21.0.1.12.1 (21.0.1+12) (build 21.0.1+12-LTS)
# Java VM: OpenJDK 64-Bit Server VM Corretto-21.0.1.12.1 (21.0.1+12-LTS, mixed mode, sharing, tiered, compressed oops, compressed class ptrs, g1 gc, windows-amd64)
# Problematic frame:
# C  [glass.dll+0x26587]
#
# No core dump will be written. Minidumps are not enabled by default on client versions of Windows
#
# If you would like to submit a bug report, please visit:
#   https://github.com/corretto/corretto-21/issues/
#

---------------  S U M M A R Y ------------

Command Line: -javaagent:C:\Program Files\JetBrains\IntelliJ IDEA Community Edition 2023.2.4\lib\idea_rt.jar=64751:C:\Program Files\JetBrains\IntelliJ IDEA Community Edition 2023.2.4\bin -Dfile.encoding=UTF-8 -Dsun.stdout.encoding=UTF-8 -Dsun.stderr.encoding=UTF-8 --module-path=C:\Users\NickS\.m2\repository\org\openjfx\javafx-controls\21-ea+24\javafx-controls-21-ea+24-win.jar;C:\Users\NickS\OneDrive\Рабочий стол\thrthehrhjyj\target\classes;C:\Users\NickS\.m2\repository\org\openjfx\javafx-fxml\21-ea+24\javafx-fxml-21-ea+24-win.jar;C:\Users\NickS\.m2\repository\org\openjfx\javafx-base\21-ea+24\javafx-base-21-ea+24-win.jar;C:\Users\NickS\.m2\repository\org\openjfx\javafx-graphics\21-ea+24\javafx-graphics-21-ea+24-win.jar -Djdk.module.main=com.example.thrthehrhjyj com.example.thrthehrhjyj/com.example.thrthehrhjyj.HelloApplication

Host: 11th Gen Intel(R) Core(TM) i3-1115G4 @ 3.00GHz, 4 cores, 7G,  Windows 11 , 64 bit Build 22000 (10.0.22000.2538)
Time: Wed Mar 20 14:38:50 2024 RTZ 2 (s 11 , 64 bit Build 22000 (10.0.22000.2538) elapsed time: 116.815794 seconds (0d 0h 1m 56s)

---------------  T H R E A D  ---------------

Current thread (0x000002697f215ad0):  VMThread "VM Thread"          [id=4460, stack(0x000000edc9900000,0x000000edc9a00000) (1024K)]

Stack: [0x000000edc9900000,0x000000edc9a00000],  sp=0x000000edc99fef80,  free space=1019k
Native frames: (J=compiled Java code, j=interpreted, Vv=VM code, C=native code)
C  [glass.dll+0x26587]


siginfo: EXCEPTION_ACCESS_VIOLATION (0xc0000005), reading address 0x0000000000000000


Registers:
RAX=0x0000000000000000, RBX=0x000002697f220012, RCX=0x000002697f215ad0, RDX=0x000000edc99fef80
RSP=0x000000edc99fef80, RBP=0x000002697f222c98, RSI=0x000002697f222c70, RDI=0x0000a541c1c023db
R8 =0x0000000000010002, R9 =0x0000a541c1c023db, R10=0x85f13e9656da4870, R11=0x000000edc99fef10
R12=0x00007ffddf753ed0, R13=0x00007ffdbfee5410, R14=0x000000edc99ff088, R15=0x000002697f222c70
RIP=0x00007ffddf756587, EFLAGS=0x0000000000010206


Register to memory mapping:

RAX=0x0 is null
RBX=0x000002697f220012 is a global jni handle
RCX=0x000002697f215ad0 points into unknown readable memory: 0x00007ffdbfce66f0 | f0 66 ce bf fd 7f 00 00
RDX=0x000000edc99fef80 points into unknown readable memory: 0x0000000000000000 | 00 00 00 00 00 00 00 00
RSP=0x000000edc99fef80 points into unknown readable memory: 0x0000000000000000 | 00 00 00 00 00 00 00 00
RBP=0x000002697f222c98 points into unknown readable memory: 0x0000a541c1c023db | db 23 c0 c1 41 a5 00 00
RSI=0x000002697f222c70 points into unknown readable memory: 0xeefb0c8e81c02024 | 24 20 c0 81 8e 0c fb ee
RDI=0x0000a541c1c023db is an unknown value
R8 =0x0000000000010002 is an unknown value
R9 =0x0000a541c1c023db is an unknown value
R10=0x85f13e9656da4870 is an unknown value
R11=0x000000edc99fef10 points into unknown readable memory: 0x000002697f222c70 | 70 2c 22 7f 69 02 00 00
R12=0x00007ffddf753ed0 glass.dll
R13=0x00007ffdbfee5410 jvm.dll
R14=0x000000edc99ff088 points into unknown readable memory: 0x000000edc99ff070 | 70 f0 9f c9 ed 00 00 00
R15=0x000002697f222c70 points into unknown readable memory: 0xeefb0c8e81c02024 | 24 20 c0 81 8e 0c fb ee

Top of Stack: (sp=0x000000edc99fef80)
0x000000edc99fef80:   0000000000000000 000002697f222c70
0x000000edc99fef90:   00007ffdbfee5410 00007ffddf753ed0
0x000000edc99fefa0:   000002697f222c78 00007ffe3cc3bea0
0x000000edc99fefb0:   0000a541c1c023db 0000026900000000
0x000000edc99fefc0:   000002697f222c98 000002697f222c70
0x000000edc99fefd0:   fffffffffffffffe 0000000000000000
0x000000edc99fefe0:   0000000000000001 00007ffddf730000
0x000000edc99feff0:   000000edc99ff078 00007ffe3cc3bdb7
0x000000edc99ff000:   0000000000000000 000000edc99ff088
0x000000edc99ff010:   000000edc99ff370 00007ffe3cd212b0
0x000000edc99ff020:   0000000000000001 00007ffe3cc3bd6d
0x000000edc99ff030:   0000000000000000 0000000000000001
0x000000edc99ff040:   0000000000000000 000000edc99ff078
0x000000edc99ff050:   fffffffffffffffe 000000edc99ff300
0x000000edc99ff060:   0000000000000000 00007ffddf753d5d
0x000000edc99ff070:   00007ffddf76a008 00007ffe00000002
0x000000edc99ff080:   0000000000000002 000000edc99ff070
0x000000edc99ff090:   0000000000000000 00007ffe3f6ffec3
0x000000edc99ff0a0:   0000000000000000 00007ffddf753e82
0x000000edc99ff0b0:   0000000000000001 0000000000000001
0x000000edc99ff0c0:   0000000000000000 00007ffe3cd212b0
0x000000edc99ff0d0:   0000000000000001 00007ffe3c3c2223
0x000000edc99ff0e0:   00007ffe00000001 0000000000000000
0x000000edc99ff0f0:   00007ffddf730000 000000007ffe0384
0x000000edc99ff100:   0000000000000000 00007ffe3f6fff57
0x000000edc99ff110:   00007ffddf730000 0000000000000000
0x000000edc99ff120:   0000000000000001 000000007ffe0385
0x000000edc99ff130:   00007ffe3f7f0e20 00007ffe30e7b2f0
0x000000edc99ff140:   000084657d81a200 00007ffe2fea0000
0x000000edc99ff150:   00007ffddf753ed0 0000000000000000
0x000000edc99ff160:   0000000000000000 000000edc8c10000
0x000000edc99ff170:   000002697fc69550 00007ffe3f71458a 

Instructions: (pc=0x00007ffddf756587)
0x00007ffddf756487:   8b 4d 58 e8 8d cf ff ff 48 8b 4d 60 e8 84 cf ff
0x00007ffddf756497:   ff 48 8b 95 80 00 00 00 48 8b 8d 18 01 00 00 e8
0x00007ffddf7564a7:   76 c4 ff ff 33 d2 33 c9 e8 cc e1 ff ff 90 48 89
0x00007ffddf7564b7:   54 24 10 55 48 83 ec 20 48 8b ea 48 b8 00 00 00
0x00007ffddf7564c7:   00 00 00 00 00 48 83 c4 20 5d c3 cc 40 55 48 8b
0x00007ffddf7564d7:   ea 48 8b 01 33 c9 81 38 05 00 00 c0 0f 94 c1 8b
0x00007ffddf7564e7:   c1 5d c3 cc 40 55 48 83 ec 20 48 8b ea 8a 4d 40
0x00007ffddf7564f7:   48 83 c4 20 5d e9 73 d3 ff ff cc 40 55 48 83 ec
0x00007ffddf756507:   20 48 8b ea 8a 4d 20 e8 61 d3 ff ff 90 48 83 c4
0x00007ffddf756517:   20 5d c3 cc 40 55 48 83 ec 20 48 8b ea 48 83 c4
0x00007ffddf756527:   20 5d e9 c2 d1 ff ff cc 40 55 48 83 ec 30 48 8b
0x00007ffddf756537:   ea 48 8b 01 8b 10 48 89 4c 24 28 89 54 24 20 4c
0x00007ffddf756547:   8d 0d 63 d6 ff ff 4c 8b 45 70 8b 55 68 48 8b 4d
0x00007ffddf756557:   60 e8 03 d1 ff ff 90 48 83 c4 30 5d c3 cc cc cc
0x00007ffddf756567:   cc cc cc cc cc cc cc cc cc 40 53 48 83 ec 20 48
0x00007ffddf756577:   8b 1d 8b 34 01 00 48 85 db 74 16 e8 89 8f ff ff
0x00007ffddf756587:   4c 8b 00 48 8b d3 48 8b c8 41 ff 90 b0 00 00 00
0x00007ffddf756597:   90 48 83 c4 20 5b c3 cc cc 40 53 48 83 ec 20 48
0x00007ffddf7565a7:   8b 1d fb 35 01 00 48 85 db 74 57 b8 ff ff ff ff
0x00007ffddf7565b7:   f0 0f c1 43 10 83 f8 01 75 3d 48 85 db 74 38 48
0x00007ffddf7565c7:   8b 0b 48 85 c9 74 0d ff 15 d4 0c 00 00 48 c7 03
0x00007ffddf7565d7:   00 00 00 00 48 8b 4b 08 48 85 c9 74 0d e8 33 ce
0x00007ffddf7565e7:   ff ff 48 c7 43 08 00 00 00 00 ba 18 00 00 00 48
0x00007ffddf7565f7:   8b cb e8 1e ce ff ff 48 c7 05 9f 35 01 00 00 00
0x00007ffddf756607:   00 00 48 83 c4 20 5b c3 cc 40 53 48 83 ec 20 48
0x00007ffddf756617:   8b 1d 6b 35 01 00 48 85 db 74 57 b8 ff ff ff ff
0x00007ffddf756627:   f0 0f c1 43 10 83 f8 01 75 3d 48 85 db 74 38 48
0x00007ffddf756637:   8b 0b 48 85 c9 74 0d ff 15 64 0c 00 00 48 c7 03
0x00007ffddf756647:   00 00 00 00 48 8b 4b 08 48 85 c9 74 0d e8 c3 cd
0x00007ffddf756657:   ff ff 48 c7 43 08 00 00 00 00 ba 18 00 00 00 48
0x00007ffddf756667:   8b cb e8 ae cd ff ff 48 c7 05 0f 35 01 00 00 00
0x00007ffddf756677:   00 00 48 83 c4 20 5b c3 cc 40 53 48 83 ec 20 48 


Stack slot to memory mapping:

stack at sp + 0 slots: 0x0 is null
stack at sp + 1 slots: 0x000002697f222c70 points into unknown readable memory: 0xeefb0c8e81c02024 | 24 20 c0 81 8e 0c fb ee
stack at sp + 2 slots: 0x00007ffdbfee5410 jvm.dll
stack at sp + 3 slots: 0x00007ffddf753ed0 glass.dll
stack at sp + 4 slots: 0x000002697f222c78 points into unknown readable memory: 0x0000a541c1c023db | db 23 c0 c1 41 a5 00 00
stack at sp + 5 slots: 0x00007ffe3cc3bea0 ucrtbase.dll
stack at sp + 6 slots: 0x0000a541c1c023db is an unknown value
stack at sp + 7 slots: 0x0000026900000000 points into unknown readable memory: 0x0000000000000009 | 09 00 00 00 00 00 00 00

VM_Operation (0x000000edc8fff3d0): Exit, mode: safepoint, requested by thread 0x000002695a6ea340


---------------  P R O C E S S  ---------------

Threads class SMR info:
_java_thread_list=0x000002695abd2960, length=19, elements={
0x0000026971dc27e0, 0x000002697f2367e0, 0x000002697f23a0e0, 0x000002697f23e060,
0x000002697f23eac0, 0x000002697f242670, 0x000002697f245770, 0x000002697f259270,
0x000002697f1ff4a0, 0x000002697f610410, 0x000002697f610a80, 0x000002697fc554d0,
0x000002697fcdcfc0, 0x000002697fcc1d20, 0x000002695a583740, 0x000002695a572800,
0x000002695a6e8900, 0x000002695a6eb060, 0x000002695a6ea340
}

Java Threads: ( => current thread )
  0x0000026971dc27e0 JavaThread "main"                              [_thread_blocked, id=17316, stack(0x000000edc9200000,0x000000edc9300000) (1024K)]
  0x000002697f2367e0 JavaThread "Reference Handler"          daemon [_thread_blocked, id=12756, stack(0x000000edc9a00000,0x000000edc9b00000) (1024K)]
  0x000002697f23a0e0 JavaThread "Finalizer"                  daemon [_thread_blocked, id=7260, stack(0x000000edc9b00000,0x000000edc9c00000) (1024K)]
  0x000002697f23e060 JavaThread "Attach Listener"            daemon [_thread_blocked, id=11516, stack(0x000000edc9d00000,0x000000edc9e00000) (1024K)]
  0x000002697f23eac0 JavaThread "Service Thread"             daemon [_thread_blocked, id=576, stack(0x000000edc9e00000,0x000000edc9f00000) (1024K)]
  0x000002697f242670 JavaThread "Monitor Deflation Thread"   daemon [_thread_blocked, id=4812, stack(0x000000edc9f00000,0x000000edca000000) (1024K)]
  0x000002697f245770 JavaThread "C2 CompilerThread0"         daemon [_thread_blocked, id=15060, stack(0x000000edca000000,0x000000edca100000) (1024K)]
  0x000002697f259270 JavaThread "C1 CompilerThread0"         daemon [_thread_blocked, id=9840, stack(0x000000edca100000,0x000000edca200000) (1024K)]
  0x000002697f1ff4a0 JavaThread "Common-Cleaner"             daemon [_thread_blocked, id=15448, stack(0x000000edca200000,0x000000edca300000) (1024K)]
  0x000002697f610410 JavaThread "Monitor Ctrl-Break"         daemon [_thread_in_native, id=8964, stack(0x000000edca400000,0x000000edca500000) (1024K)]
  0x000002697f610a80 JavaThread "Notification Thread"        daemon [_thread_blocked, id=4508, stack(0x000000edca500000,0x000000edca600000) (1024K)]
  0x000002697fc554d0 JavaThread "QuantumRenderer-0"          daemon [_thread_blocked, id=13516, stack(0x000000edca900000,0x000000edcaa00000) (1024K)]
  0x000002697fcdcfc0 JavaThread "InvokeLaterDispatcher"      daemon [_thread_blocked, id=2584, stack(0x000000edcaa00000,0x000000edcab00000) (1024K)]
  0x000002697fcc1d20 JavaThread "JavaFX Application Thread"         [_thread_in_native, id=17356, stack(0x000000edcab00000,0x000000edcac00000) (1024K)]
  0x000002695a583740 JavaThread "Thread-1"                   daemon [_thread_in_native, id=13576, stack(0x000000edca300000,0x000000edca400000) (1024K)]
  0x000002695a572800 JavaThread "JavaFX-Launcher"                   [_thread_blocked, id=8064, stack(0x000000edcaf00000,0x000000edcb000000) (1024K)]
  0x000002695a6e8900 JavaThread "Prism Font Disposer"        daemon [_thread_blocked, id=11084, stack(0x000000edcb400000,0x000000edcb500000) (1024K)]
  0x000002695a6eb060 JavaThread "Cleaner-0"                  daemon [_thread_blocked, id=14052, stack(0x000000edcb500000,0x000000edcb600000) (1024K)]
  0x000002695a6ea340 JavaThread "SIGINT handler"             daemon [_thread_blocked, id=15716, stack(0x000000edc8f00000,0x000000edc9000000) (1024K)]
Total: 19

Other Threads:
=>0x000002697f215ad0 VMThread "VM Thread"                           [id=4460, stack(0x000000edc9900000,0x000000edc9a00000) (1024K)]
  0x0000026973fea1f0 WorkerThread "GC Thread#0"                     [id=5104, stack(0x000000edc9300000,0x000000edc9400000) (1024K)]
  0x000002697fb12a80 WorkerThread "GC Thread#1"                     [id=11108, stack(0x000000edca600000,0x000000edca700000) (1024K)]
  0x000002697ff7c910 WorkerThread "GC Thread#2"                     [id=14980, stack(0x000000edca700000,0x000000edca800000) (1024K)]
  0x000002697f88f840 WorkerThread "GC Thread#3"                     [id=16316, stack(0x000000edca800000,0x000000edca900000) (1024K)]
  0x0000026973ffbab0 ConcurrentGCThread "G1 Main Marker"            terminated
  0x0000026973ffce10 WorkerThread "G1 Conc#0"                       [id=1240, stack(0x000000edc9500000,0x000000edc9600000) (1024K)]
  0x000002697f0d10a0 ConcurrentGCThread "G1 Refine#0"               terminated
  0x000002697406b640 ConcurrentGCThread "G1 Service"                terminated
Total: 9

Threads with active compile tasks:
Total: 0

VM state: at safepoint (shutting down)

VM Mutex/Monitor currently owned by a thread:  ([mutex/lock_event])
[0x00007ffdbfebd9c8] Threads_lock - owner thread: 0x000002697f215ad0
[0x00007ffdbfebdac8] Heap_lock - owner thread: 0x000002695a6ea340

Heap address: 0x0000000083200000, size: 1998 MB, Compressed Oops mode: 32-bit

CDS archive(s) mapped at: [0x0000026911000000-0x0000026911c90000-0x0000026911c90000), size 13172736, SharedBaseAddress: 0x0000026911000000, ArchiveRelocationMode: 1.
Compressed class space mapped at: 0x0000026912000000-0x0000026952000000, reserved size: 1073741824
Narrow klass base: 0x0000026911000000, Narrow klass shift: 0, Narrow klass range: 0x100000000

GC Precious Log:
 CardTable entry size: 512
 Card Set container configuration: InlinePtr #cards 5 size 8 Array Of Cards #cards 12 size 40 Howl #buckets 4 coarsen threshold 1843 Howl Bitmap #cards 512 size 80 coarsen threshold 460 Card regions per heap region 1 cards per card region 2048
 CPUs: 4 total, 4 available
 Memory: 7991M
 Large Page Support: Disabled
 NUMA Support: Disabled
 Compressed Oops: Enabled (32-bit)
 Heap Region Size: 1M
 Heap Min Capacity: 8M
 Heap Initial Capacity: 126M
 Heap Max Capacity: 1998M
 Pre-touch: Disabled
 Parallel Workers: 4
 Concurrent Workers: 1
 Concurrent Refinement Workers: 4
 Periodic GC: Disabled

Heap:
 garbage-first heap   total 129024K, used 78688K [0x0000000083200000, 0x0000000100000000)
  region size 1024K, 45 young (46080K), 3 survivors (3072K)
 Metaspace       used 16314K, committed 16640K, reserved 1114112K
  class space    used 2353K, committed 2496K, reserved 1048576K

Heap Regions: E=young(eden), S=young(survivor), O=old, HS=humongous(starts), HC=humongous(continues), CS=collection set, F=free, TAMS=top-at-mark-start, PB=parsable bottom
|   0|0x0000000083200000, 0x0000000083300000, 0x0000000083300000|100%|HS|  |TAMS 0x0000000083200000| PB 0x0000000083200000| Complete 
|   1|0x0000000083300000, 0x0000000083400000, 0x0000000083400000|100%|HC|  |TAMS 0x0000000083300000| PB 0x0000000083300000| Complete 
|   2|0x0000000083400000, 0x0000000083500000, 0x0000000083500000|100%|HC|  |TAMS 0x0000000083400000| PB 0x0000000083400000| Complete 
|   3|0x0000000083500000, 0x0000000083600000, 0x0000000083600000|100%|HC|  |TAMS 0x0000000083500000| PB 0x0000000083500000| Complete 
|   4|0x0000000083600000, 0x0000000083700000, 0x0000000083700000|100%|HC|  |TAMS 0x0000000083600000| PB 0x0000000083600000| Complete 
|   5|0x0000000083700000, 0x0000000083800000, 0x0000000083800000|100%|HC|  |TAMS 0x0000000083700000| PB 0x0000000083700000| Complete 
|   6|0x0000000083800000, 0x0000000083900000, 0x0000000083900000|100%| O|  |TAMS 0x0000000083800000| PB 0x0000000083800000| Untracked 
|   7|0x0000000083900000, 0x00000000839dad78, 0x0000000083a00000| 85%| O|  |TAMS 0x0000000083900000| PB 0x0000000083900000| Untracked 
|   8|0x0000000083a00000, 0x0000000083b00000, 0x0000000083b00000|100%|HS|  |TAMS 0x0000000083a00000| PB 0x0000000083a00000| Complete 
|   9|0x0000000083b00000, 0x0000000083c00000, 0x0000000083c00000|100%|HC|  |TAMS 0x0000000083b00000| PB 0x0000000083b00000| Complete 
|  10|0x0000000083c00000, 0x0000000083d00000, 0x0000000083d00000|100%|HS|  |TAMS 0x0000000083c00000| PB 0x0000000083c00000| Complete 
|  11|0x0000000083d00000, 0x0000000083e00000, 0x0000000083e00000|100%|HC|  |TAMS 0x0000000083d00000| PB 0x0000000083d00000| Complete 
|  12|0x0000000083e00000, 0x0000000083f00000, 0x0000000083f00000|100%|HC|  |TAMS 0x0000000083e00000| PB 0x0000000083e00000| Complete 
|  13|0x0000000083f00000, 0x0000000084000000, 0x0000000084000000|100%|HC|  |TAMS 0x0000000083f00000| PB 0x0000000083f00000| Complete 
|  14|0x0000000084000000, 0x0000000084100000, 0x0000000084100000|100%|HC|  |TAMS 0x0000000084000000| PB 0x0000000084000000| Complete 
|  15|0x0000000084100000, 0x0000000084200000, 0x0000000084200000|100%|HC|  |TAMS 0x0000000084100000| PB 0x0000000084100000| Complete 
|  16|0x0000000084200000, 0x0000000084300000, 0x0000000084300000|100%|HS|  |TAMS 0x0000000084200000| PB 0x0000000084200000| Complete 
|  17|0x0000000084300000, 0x0000000084400000, 0x0000000084400000|100%|HC|  |TAMS 0x0000000084300000| PB 0x0000000084300000| Complete 
|  18|0x0000000084400000, 0x0000000084500000, 0x0000000084500000|100%|HC|  |TAMS 0x0000000084400000| PB 0x0000000084400000| Complete 
|  19|0x0000000084500000, 0x0000000084600000, 0x0000000084600000|100%|HC|  |TAMS 0x0000000084500000| PB 0x0000000084500000| Complete 
|  20|0x0000000084600000, 0x0000000084700000, 0x0000000084700000|100%|HC|  |TAMS 0x0000000084600000| PB 0x0000000084600000| Complete 
|  21|0x0000000084700000, 0x0000000084800000, 0x0000000084800000|100%|HC|  |TAMS 0x0000000084700000| PB 0x0000000084700000| Complete 
|  22|0x0000000084800000, 0x0000000084900000, 0x0000000084900000|100%|HS|  |TAMS 0x0000000084800000| PB 0x0000000084800000| Complete 
|  23|0x0000000084900000, 0x0000000084a00000, 0x0000000084a00000|100%|HC|  |TAMS 0x0000000084900000| PB 0x0000000084900000| Complete 
|  24|0x0000000084a00000, 0x0000000084b00000, 0x0000000084b00000|100%|HC|  |TAMS 0x0000000084a00000| PB 0x0000000084a00000| Complete 
|  25|0x0000000084b00000, 0x0000000084c00000, 0x0000000084c00000|100%|HC|  |TAMS 0x0000000084b00000| PB 0x0000000084b00000| Complete 
|  26|0x0000000084c00000, 0x0000000084d00000, 0x0000000084d00000|100%|HC|  |TAMS 0x0000000084c00000| PB 0x0000000084c00000| Complete 
|  27|0x0000000084d00000, 0x0000000084e00000, 0x0000000084e00000|100%|HC|  |TAMS 0x0000000084d00000| PB 0x0000000084d00000| Complete 
|  28|0x0000000084e00000, 0x0000000084f00000, 0x0000000084f00000|100%|HS|  |TAMS 0x0000000084e00000| PB 0x0000000084e00000| Complete 
|  29|0x0000000084f00000, 0x0000000085000000, 0x0000000085000000|100%|HC|  |TAMS 0x0000000084f00000| PB 0x0000000084f00000| Complete 
|  30|0x0000000085000000, 0x0000000085100000, 0x0000000085100000|100%|HC|  |TAMS 0x0000000085000000| PB 0x0000000085000000| Complete 
|  31|0x0000000085100000, 0x0000000085200000, 0x0000000085200000|100%|HC|  |TAMS 0x0000000085100000| PB 0x0000000085100000| Complete 
|  32|0x0000000085200000, 0x0000000085300000, 0x0000000085300000|100%|HC|  |TAMS 0x0000000085200000| PB 0x0000000085200000| Complete 
|  33|0x0000000085300000, 0x0000000085400000, 0x0000000085400000|100%|HC|  |TAMS 0x0000000085300000| PB 0x0000000085300000| Complete 
|  34|0x0000000085400000, 0x0000000085400000, 0x0000000085500000|  0%| F|  |TAMS 0x0000000085400000| PB 0x0000000085400000| Untracked 
|  35|0x0000000085500000, 0x0000000085500000, 0x0000000085600000|  0%| F|  |TAMS 0x0000000085500000| PB 0x0000000085500000| Untracked 
|  36|0x0000000085600000, 0x0000000085600000, 0x0000000085700000|  0%| F|  |TAMS 0x0000000085600000| PB 0x0000000085600000| Untracked 
|  37|0x0000000085700000, 0x0000000085700000, 0x0000000085800000|  0%| F|  |TAMS 0x0000000085700000| PB 0x0000000085700000| Untracked 
|  38|0x0000000085800000, 0x0000000085800000, 0x0000000085900000|  0%| F|  |TAMS 0x0000000085800000| PB 0x0000000085800000| Untracked 
|  39|0x0000000085900000, 0x0000000085900000, 0x0000000085a00000|  0%| F|  |TAMS 0x0000000085900000| PB 0x0000000085900000| Untracked 
|  40|0x0000000085a00000, 0x0000000085a00000, 0x0000000085b00000|  0%| F|  |TAMS 0x0000000085a00000| PB 0x0000000085a00000| Untracked 
|  41|0x0000000085b00000, 0x0000000085b00000, 0x0000000085c00000|  0%| F|  |TAMS 0x0000000085b00000| PB 0x0000000085b00000| Untracked 
|  42|0x0000000085c00000, 0x0000000085c00000, 0x0000000085d00000|  0%| F|  |TAMS 0x0000000085c00000| PB 0x0000000085c00000| Untracked 
|  43|0x0000000085d00000, 0x0000000085d00000, 0x0000000085e00000|  0%| F|  |TAMS 0x0000000085d00000| PB 0x0000000085d00000| Untracked 
|  44|0x0000000085e00000, 0x0000000085e00000, 0x0000000085f00000|  0%| F|  |TAMS 0x0000000085e00000| PB 0x0000000085e00000| Untracked 
|  45|0x0000000085f00000, 0x0000000085f00000, 0x0000000086000000|  0%| F|  |TAMS 0x0000000085f00000| PB 0x0000000085f00000| Untracked 
|  46|0x0000000086000000, 0x0000000086000000, 0x0000000086100000|  0%| F|  |TAMS 0x0000000086000000| PB 0x0000000086000000| Untracked 
|  47|0x0000000086100000, 0x0000000086100000, 0x0000000086200000|  0%| F|  |TAMS 0x0000000086100000| PB 0x0000000086100000| Untracked 
|  48|0x0000000086200000, 0x0000000086200000, 0x0000000086300000|  0%| F|  |TAMS 0x0000000086200000| PB 0x0000000086200000| Untracked 
|  49|0x0000000086300000, 0x0000000086300000, 0x0000000086400000|  0%| F|  |TAMS 0x0000000086300000| PB 0x0000000086300000| Untracked 
|  50|0x0000000086400000, 0x0000000086400000, 0x0000000086500000|  0%| F|  |TAMS 0x0000000086400000| PB 0x0000000086400000| Untracked 
|  51|0x0000000086500000, 0x0000000086500000, 0x0000000086600000|  0%| F|  |TAMS 0x0000000086500000| PB 0x0000000086500000| Untracked 
|  52|0x0000000086600000, 0x0000000086600000, 0x0000000086700000|  0%| F|  |TAMS 0x0000000086600000| PB 0x0000000086600000| Untracked 
|  53|0x0000000086700000, 0x0000000086700000, 0x0000000086800000|  0%| F|  |TAMS 0x0000000086700000| PB 0x0000000086700000| Untracked 
|  54|0x0000000086800000, 0x0000000086800000, 0x0000000086900000|  0%| F|  |TAMS 0x0000000086800000| PB 0x0000000086800000| Untracked 
|  55|0x0000000086900000, 0x0000000086900000, 0x0000000086a00000|  0%| F|  |TAMS 0x0000000086900000| PB 0x0000000086900000| Untracked 
|  56|0x0000000086a00000, 0x0000000086a00000, 0x0000000086b00000|  0%| F|  |TAMS 0x0000000086a00000| PB 0x0000000086a00000| Untracked 
|  57|0x0000000086b00000, 0x0000000086b00000, 0x0000000086c00000|  0%| F|  |TAMS 0x0000000086b00000| PB 0x0000000086b00000| Untracked 
|  58|0x0000000086c00000, 0x0000000086c00000, 0x0000000086d00000|  0%| F|  |TAMS 0x0000000086c00000| PB 0x0000000086c00000| Untracked 
|  59|0x0000000086d00000, 0x0000000086d00000, 0x0000000086e00000|  0%| F|  |TAMS 0x0000000086d00000| PB 0x0000000086d00000| Untracked 
|  60|0x0000000086e00000, 0x0000000086e00000, 0x0000000086f00000|  0%| F|  |TAMS 0x0000000086e00000| PB 0x0000000086e00000| Untracked 
|  61|0x0000000086f00000, 0x0000000086f00000, 0x0000000087000000|  0%| F|  |TAMS 0x0000000086f00000| PB 0x0000000086f00000| Untracked 
|  62|0x0000000087000000, 0x0000000087000000, 0x0000000087100000|  0%| F|  |TAMS 0x0000000087000000| PB 0x0000000087000000| Untracked 
|  63|0x0000000087100000, 0x0000000087100000, 0x0000000087200000|  0%| F|  |TAMS 0x0000000087100000| PB 0x0000000087100000| Untracked 
|  64|0x0000000087200000, 0x0000000087200000, 0x0000000087300000|  0%| F|  |TAMS 0x0000000087200000| PB 0x0000000087200000| Untracked 
|  65|0x0000000087300000, 0x0000000087300000, 0x0000000087400000|  0%| F|  |TAMS 0x0000000087300000| PB 0x0000000087300000| Untracked 
|  66|0x0000000087400000, 0x0000000087400000, 0x0000000087500000|  0%| F|  |TAMS 0x0000000087400000| PB 0x0000000087400000| Untracked 
|  67|0x0000000087500000, 0x0000000087500000, 0x0000000087600000|  0%| F|  |TAMS 0x0000000087500000| PB 0x0000000087500000| Untracked 
|  68|0x0000000087600000, 0x0000000087600000, 0x0000000087700000|  0%| F|  |TAMS 0x0000000087600000| PB 0x0000000087600000| Untracked 
|  69|0x0000000087700000, 0x0000000087700000, 0x0000000087800000|  0%| F|  |TAMS 0x0000000087700000| PB 0x0000000087700000| Untracked 
|  70|0x0000000087800000, 0x0000000087800000, 0x0000000087900000|  0%| F|  |TAMS 0x0000000087800000| PB 0x0000000087800000| Untracked 
|  71|0x0000000087900000, 0x0000000087900000, 0x0000000087a00000|  0%| F|  |TAMS 0x0000000087900000| PB 0x0000000087900000| Untracked 
|  72|0x0000000087a00000, 0x0000000087a00000, 0x0000000087b00000|  0%| F|  |TAMS 0x0000000087a00000| PB 0x0000000087a00000| Untracked 
|  73|0x0000000087b00000, 0x0000000087b00000, 0x0000000087c00000|  0%| F|  |TAMS 0x0000000087b00000| PB 0x0000000087b00000| Untracked 
|  74|0x0000000087c00000, 0x0000000087c00000, 0x0000000087d00000|  0%| F|  |TAMS 0x0000000087c00000| PB 0x0000000087c00000| Untracked 
|  75|0x0000000087d00000, 0x0000000087d00000, 0x0000000087e00000|  0%| F|  |TAMS 0x0000000087d00000| PB 0x0000000087d00000| Untracked 
|  76|0x0000000087e00000, 0x0000000087e00000, 0x0000000087f00000|  0%| F|  |TAMS 0x0000000087e00000| PB 0x0000000087e00000| Untracked 
|  77|0x0000000087f00000, 0x0000000087f00000, 0x0000000088000000|  0%| F|  |TAMS 0x0000000087f00000| PB 0x0000000087f00000| Untracked 
|  78|0x0000000088000000, 0x0000000088000000, 0x0000000088100000|  0%| F|  |TAMS 0x0000000088000000| PB 0x0000000088000000| Untracked 
|  79|0x0000000088100000, 0x0000000088100000, 0x0000000088200000|  0%| F|  |TAMS 0x0000000088100000| PB 0x0000000088100000| Untracked 
|  80|0x0000000088200000, 0x0000000088200000, 0x0000000088300000|  0%| F|  |TAMS 0x0000000088200000| PB 0x0000000088200000| Untracked 
|  81|0x0000000088300000, 0x00000000883b8d88, 0x0000000088400000| 72%| E|  |TAMS 0x0000000088300000| PB 0x0000000088300000| Complete 
|  82|0x0000000088400000, 0x0000000088500000, 0x0000000088500000|100%| E|CS|TAMS 0x0000000088400000| PB 0x0000000088400000| Complete 
|  83|0x0000000088500000, 0x0000000088600000, 0x0000000088600000|100%| E|CS|TAMS 0x0000000088500000| PB 0x0000000088500000| Complete 
|  84|0x0000000088600000, 0x0000000088700000, 0x0000000088700000|100%| E|CS|TAMS 0x0000000088600000| PB 0x0000000088600000| Complete 
|  85|0x0000000088700000, 0x0000000088800000, 0x0000000088800000|100%| E|CS|TAMS 0x0000000088700000| PB 0x0000000088700000| Complete 
|  86|0x0000000088800000, 0x0000000088900000, 0x0000000088900000|100%| E|CS|TAMS 0x0000000088800000| PB 0x0000000088800000| Complete 
|  87|0x0000000088900000, 0x0000000088a00000, 0x0000000088a00000|100%| E|  |TAMS 0x0000000088900000| PB 0x0000000088900000| Complete 
|  88|0x0000000088a00000, 0x0000000088b00000, 0x0000000088b00000|100%| E|CS|TAMS 0x0000000088a00000| PB 0x0000000088a00000| Complete 
|  89|0x0000000088b00000, 0x0000000088c00000, 0x0000000088c00000|100%| E|CS|TAMS 0x0000000088b00000| PB 0x0000000088b00000| Complete 
|  90|0x0000000088c00000, 0x0000000088d00000, 0x0000000088d00000|100%| E|CS|TAMS 0x0000000088c00000| PB 0x0000000088c00000| Complete 
|  91|0x0000000088d00000, 0x0000000088e00000, 0x0000000088e00000|100%| E|CS|TAMS 0x0000000088d00000| PB 0x0000000088d00000| Complete 
|  92|0x0000000088e00000, 0x0000000088f00000, 0x0000000088f00000|100%| E|CS|TAMS 0x0000000088e00000| PB 0x0000000088e00000| Complete 
|  93|0x0000000088f00000, 0x0000000089000000, 0x0000000089000000|100%| E|CS|TAMS 0x0000000088f00000| PB 0x0000000088f00000| Complete 
|  94|0x0000000089000000, 0x0000000089100000, 0x0000000089100000|100%| E|CS|TAMS 0x0000000089000000| PB 0x0000000089000000| Complete 
|  95|0x0000000089100000, 0x0000000089200000, 0x0000000089200000|100%| E|CS|TAMS 0x0000000089100000| PB 0x0000000089100000| Complete 
|  96|0x0000000089200000, 0x0000000089300000, 0x0000000089300000|100%| E|CS|TAMS 0x0000000089200000| PB 0x0000000089200000| Complete 
|  97|0x0000000089300000, 0x0000000089400000, 0x0000000089400000|100%| E|CS|TAMS 0x0000000089300000| PB 0x0000000089300000| Complete 
|  98|0x0000000089400000, 0x0000000089500000, 0x0000000089500000|100%| E|CS|TAMS 0x0000000089400000| PB 0x0000000089400000| Complete 
|  99|0x0000000089500000, 0x0000000089600000, 0x0000000089600000|100%| E|CS|TAMS 0x0000000089500000| PB 0x0000000089500000| Complete 
| 100|0x0000000089600000, 0x00000000896fd298, 0x0000000089700000| 98%| S|CS|TAMS 0x0000000089600000| PB 0x0000000089600000| Complete 
| 101|0x0000000089700000, 0x0000000089800000, 0x0000000089800000|100%| S|CS|TAMS 0x0000000089700000| PB 0x0000000089700000| Complete 
| 102|0x0000000089800000, 0x0000000089900000, 0x0000000089900000|100%| S|CS|TAMS 0x0000000089800000| PB 0x0000000089800000| Complete 
| 103|0x0000000089900000, 0x0000000089a00000, 0x0000000089a00000|100%| E|CS|TAMS 0x0000000089900000| PB 0x0000000089900000| Complete 
| 104|0x0000000089a00000, 0x0000000089b00000, 0x0000000089b00000|100%| E|CS|TAMS 0x0000000089a00000| PB 0x0000000089a00000| Complete 
| 105|0x0000000089b00000, 0x0000000089c00000, 0x0000000089c00000|100%| E|CS|TAMS 0x0000000089b00000| PB 0x0000000089b00000| Complete 
| 106|0x0000000089c00000, 0x0000000089d00000, 0x0000000089d00000|100%| E|CS|TAMS 0x0000000089c00000| PB 0x0000000089c00000| Complete 
| 107|0x0000000089d00000, 0x0000000089e00000, 0x0000000089e00000|100%| E|CS|TAMS 0x0000000089d00000| PB 0x0000000089d00000| Complete 
| 108|0x0000000089e00000, 0x0000000089f00000, 0x0000000089f00000|100%| E|CS|TAMS 0x0000000089e00000| PB 0x0000000089e00000| Complete 
| 109|0x0000000089f00000, 0x000000008a000000, 0x000000008a000000|100%| E|CS|TAMS 0x0000000089f00000| PB 0x0000000089f00000| Complete 
| 110|0x000000008a000000, 0x000000008a100000, 0x000000008a100000|100%| E|CS|TAMS 0x000000008a000000| PB 0x000000008a000000| Complete 
| 111|0x000000008a100000, 0x000000008a200000, 0x000000008a200000|100%| E|CS|TAMS 0x000000008a100000| PB 0x000000008a100000| Complete 
| 112|0x000000008a200000, 0x000000008a300000, 0x000000008a300000|100%| E|CS|TAMS 0x000000008a200000| PB 0x000000008a200000| Complete 
| 113|0x000000008a300000, 0x000000008a400000, 0x000000008a400000|100%| E|CS|TAMS 0x000000008a300000| PB 0x000000008a300000| Complete 
| 114|0x000000008a400000, 0x000000008a500000, 0x000000008a500000|100%| E|CS|TAMS 0x000000008a400000| PB 0x000000008a400000| Complete 
| 115|0x000000008a500000, 0x000000008a600000, 0x000000008a600000|100%| E|CS|TAMS 0x000000008a500000| PB 0x000000008a500000| Complete 
| 116|0x000000008a600000, 0x000000008a700000, 0x000000008a700000|100%| E|CS|TAMS 0x000000008a600000| PB 0x000000008a600000| Complete 
| 117|0x000000008a700000, 0x000000008a800000, 0x000000008a800000|100%| E|CS|TAMS 0x000000008a700000| PB 0x000000008a700000| Complete 
| 118|0x000000008a800000, 0x000000008a900000, 0x000000008a900000|100%| E|CS|TAMS 0x000000008a800000| PB 0x000000008a800000| Complete 
| 119|0x000000008a900000, 0x000000008aa00000, 0x000000008aa00000|100%| E|CS|TAMS 0x000000008a900000| PB 0x000000008a900000| Complete 
| 120|0x000000008aa00000, 0x000000008ab00000, 0x000000008ab00000|100%| E|CS|TAMS 0x000000008aa00000| PB 0x000000008aa00000| Complete 
| 121|0x000000008ab00000, 0x000000008ac00000, 0x000000008ac00000|100%| E|CS|TAMS 0x000000008ab00000| PB 0x000000008ab00000| Complete 
| 122|0x000000008ac00000, 0x000000008ad00000, 0x000000008ad00000|100%| E|CS|TAMS 0x000000008ac00000| PB 0x000000008ac00000| Complete 
| 123|0x000000008ad00000, 0x000000008ae00000, 0x000000008ae00000|100%| E|CS|TAMS 0x000000008ad00000| PB 0x000000008ad00000| Complete 
| 124|0x000000008ae00000, 0x000000008af00000, 0x000000008af00000|100%| E|CS|TAMS 0x000000008ae00000| PB 0x000000008ae00000| Complete 
| 125|0x000000008af00000, 0x000000008b000000, 0x000000008b000000|100%| E|CS|TAMS 0x000000008af00000| PB 0x000000008af00000| Complete 

Card table byte_map: [0x000002697ca60000,0x000002697ce50000] _byte_map_base: 0x000002697c647000

Marking Bits: (CMBitMap*) 0x0000026973fea800
 Bits: [0x000002697ce50000, 0x000002697ed88000)

Polling page: 0x0000026972100000

Metaspace:

Usage:
  Non-class:     13.63 MB used.
      Class:      2.30 MB used.
       Both:     15.93 MB used.

Virtual space:
  Non-class space:       64.00 MB reserved,      13.81 MB ( 22%) committed,  1 nodes.
      Class space:        1.00 GB reserved,       2.44 MB ( <1%) committed,  1 nodes.
             Both:        1.06 GB reserved,      16.25 MB (  1%) committed. 

Chunk freelists:
   Non-Class:  1.47 MB
       Class:  13.51 MB
        Both:  14.98 MB

MaxMetaspaceSize: unlimited
CompressedClassSpaceSize: 1.00 GB
Initial GC threshold: 21.00 MB
Current GC threshold: 21.00 MB
CDS: on
 - commit_granule_bytes: 65536.
 - commit_granule_words: 8192.
 - virtual_space_node_default_size: 8388608.
 - enlarge_chunks_in_place: 1.
 - use_allocation_guard: 0.


Internal statistics:

num_allocs_failed_limit: 0.
num_arena_births: 340.
num_arena_deaths: 0.
num_vsnodes_births: 2.
num_vsnodes_deaths: 0.
num_space_committed: 260.
num_space_uncommitted: 0.
num_chunks_returned_to_freelist: 0.
num_chunks_taken_from_freelist: 846.
num_chunk_merges: 0.
num_chunk_splits: 588.
num_chunks_enlarged: 447.
num_inconsistent_stats: 0.

CodeHeap 'non-profiled nmethods': size=120000Kb used=1238Kb max_used=1238Kb free=118761Kb
 bounds [0x0000026907ad0000, 0x0000026907d40000, 0x000002690f000000]
CodeHeap 'profiled nmethods': size=120000Kb used=5667Kb max_used=5667Kb free=114332Kb
 bounds [0x0000026900000000, 0x0000026900590000, 0x0000026907530000]
CodeHeap 'non-nmethods': size=5760Kb used=2040Kb max_used=2072Kb free=3719Kb
 bounds [0x0000026907530000, 0x00000269077a0000, 0x0000026907ad0000]
 total_blobs=3865 nmethods=3049 adapters=719
 compilation: enabled
              stopped_count=0, restarted_count=0
 full_count=0

Compilation events (20 events):
Event: 15.026 Thread 0x000002697f259270 3042       3       javafx.scene.Scene$ScenePeerListener::mouseEvent (54 bytes)
Event: 15.026 Thread 0x000002697f259270 nmethod 3042 0x0000026900588010 code [0x00000269005881e0, 0x0000026900588590]
Event: 15.040 Thread 0x000002697f245770 3043       4       javafx.scene.Node::getGeomBounds (141 bytes)
Event: 15.049 Thread 0x000002697f245770 nmethod 3043 0x0000026907bfde10 code [0x0000026907bfe020, 0x0000026907bfe4d8]
Event: 15.049 Thread 0x000002697f245770 3044       4       com.sun.javafx.event.EventHandlerManager::dispatchBubblingEvent (41 bytes)
Event: 15.059 Thread 0x000002697f245770 nmethod 3044 0x0000026907bfe890 code [0x0000026907bfea80, 0x0000026907bfeed8]
Event: 15.152 Thread 0x000002697f245770 3045       4       javafx.scene.Node::getLocalBounds (162 bytes)
Event: 15.169 Thread 0x000002697f245770 nmethod 3045 0x0000026907bff310 code [0x0000026907bff5a0, 0x0000026907bffcf8]
Event: 16.825 Thread 0x000002697f245770 3046   !   4       javafx.scene.Node::pickNode (130 bytes)
Event: 16.839 Thread 0x000002697f245770 nmethod 3046 0x0000026907c00310 code [0x0000026907c00560, 0x0000026907c00cd8]
Event: 16.840 Thread 0x000002697f245770 3047   !   4       javafx.scene.Node::intersectsBounds (1005 bytes)
Event: 16.872 Thread 0x000002697f245770 nmethod 3047 0x0000026907c01590 code [0x0000026907c01900, 0x0000026907c02cc0]
Event: 18.091 Thread 0x000002697f259270 3048       3       javafx.scene.Node::sceneToLocal (17 bytes)
Event: 18.091 Thread 0x000002697f259270 nmethod 3048 0x0000026900588790 code [0x0000026900588940, 0x0000026900588b60]
Event: 18.218 Thread 0x000002697f245770 3049       4       java.util.RegularEnumSet::contains (57 bytes)
Event: 18.220 Thread 0x000002697f245770 nmethod 3049 0x0000026907c04610 code [0x0000026907c047a0, 0x0000026907c048c0]
Event: 86.699 Thread 0x000002697f245770 3050       4       com.sun.javafx.tk.quantum.QuantumToolkit::postPulse (133 bytes)
Event: 86.705 Thread 0x000002697f245770 nmethod 3050 0x0000026907c04990 code [0x0000026907c04b60, 0x0000026907c04de8]
Event: 86.962 Thread 0x000002697f245770 3051       4       com.sun.javafx.tk.quantum.QuantumToolkit$$Lambda/0x000002691203e390::run (8 bytes)
Event: 86.969 Thread 0x000002697f245770 nmethod 3051 0x0000026907c05090 code [0x0000026907c05280, 0x0000026907c05578]

GC Heap History (4 events):
Event: 0.781 GC heap before
{Heap before GC invocations=0 (full 0):
 garbage-first heap   total 129024K, used 12288K [0x0000000083200000, 0x0000000100000000)
  region size 1024K, 13 young (13312K), 0 survivors (0K)
 Metaspace       used 2393K, committed 2560K, reserved 1114112K
  class space    used 249K, committed 320K, reserved 1048576K
}
Event: 0.785 GC heap after
{Heap after GC invocations=1 (full 0):
 garbage-first heap   total 129024K, used 2048K [0x0000000083200000, 0x0000000100000000)
  region size 1024K, 2 young (2048K), 2 survivors (2048K)
 Metaspace       used 2393K, committed 2560K, reserved 1114112K
  class space    used 249K, committed 320K, reserved 1048576K
}
Event: 1.175 GC heap before
{Heap before GC invocations=1 (full 0):
 garbage-first heap   total 129024K, used 28672K [0x0000000083200000, 0x0000000100000000)
  region size 1024K, 23 young (23552K), 2 survivors (2048K)
 Metaspace       used 8330K, committed 8640K, reserved 1114112K
  class space    used 1062K, committed 1216K, reserved 1048576K
}
Event: 1.179 GC heap after
{Heap after GC invocations=2 (full 0):
 garbage-first heap   total 129024K, used 11104K [0x0000000083200000, 0x0000000100000000)
  region size 1024K, 3 young (3072K), 3 survivors (3072K)
 Metaspace       used 8330K, committed 8640K, reserved 1114112K
  class space    used 1062K, committed 1216K, reserved 1048576K
}

Dll operation events (20 events):
Event: 0.709 Loaded shared library C:\Users\NickS\.openjfx\cache\21-ea+null\amd64\api-ms-win-crt-math-l1-1-0.dll
Event: 0.712 Loaded shared library C:\Users\NickS\.openjfx\cache\21-ea+null\amd64\api-ms-win-crt-multibyte-l1-1-0.dll
Event: 0.715 Loaded shared library C:\Users\NickS\.openjfx\cache\21-ea+null\amd64\api-ms-win-crt-private-l1-1-0.dll
Event: 0.718 Loaded shared library C:\Users\NickS\.openjfx\cache\21-ea+null\amd64\api-ms-win-crt-process-l1-1-0.dll
Event: 0.721 Loaded shared library C:\Users\NickS\.openjfx\cache\21-ea+null\amd64\api-ms-win-crt-runtime-l1-1-0.dll
Event: 0.723 Loaded shared library C:\Users\NickS\.openjfx\cache\21-ea+null\amd64\api-ms-win-crt-stdio-l1-1-0.dll
Event: 0.726 Loaded shared library C:\Users\NickS\.openjfx\cache\21-ea+null\amd64\api-ms-win-crt-string-l1-1-0.dll
Event: 0.729 Loaded shared library C:\Users\NickS\.openjfx\cache\21-ea+null\amd64\api-ms-win-crt-time-l1-1-0.dll
Event: 0.732 Loaded shared library C:\Users\NickS\.openjfx\cache\21-ea+null\amd64\api-ms-win-crt-utility-l1-1-0.dll
Event: 0.752 Loaded shared library C:\Users\NickS\.openjfx\cache\21-ea+null\amd64\ucrtbase.dll
Event: 0.758 Loaded shared library C:\Users\NickS\.openjfx\cache\21-ea+null\amd64\vcruntime140.dll
Event: 0.761 Loaded shared library C:\Users\NickS\.openjfx\cache\21-ea+null\amd64\vcruntime140_1.dll
Event: 0.771 Loaded shared library C:\Users\NickS\.openjfx\cache\21-ea+null\amd64\msvcp140.dll
Event: 0.775 Loaded shared library C:\Users\NickS\.openjfx\cache\21-ea+null\amd64\msvcp140_1.dll
Event: 0.781 Loaded shared library C:\Users\NickS\.openjfx\cache\21-ea+null\amd64\msvcp140_2.dll
Event: 0.836 Loaded shared library C:\Users\NickS\.openjfx\cache\21-ea+null\amd64\prism_d3d.dll
Event: 0.877 Loaded shared library C:\Users\NickS\.openjfx\cache\21-ea+null\amd64\glass.dll
Event: 0.984 Loaded shared library C:\Users\NickS\.jdks\corretto-21.0.1\bin\jimage.dll
Event: 1.143 Loaded shared library C:\Users\NickS\.openjfx\cache\21-ea+null\amd64\javafx_iio.dll
Event: 1.225 Loaded shared library C:\Users\NickS\.openjfx\cache\21-ea+null\amd64\javafx_font.dll

Deoptimization events (20 events):
Event: 9.771 Thread 0x000002697fcc1d20 DEOPT PACKING pc=0x0000026907be0dcc sp=0x000000edcabf77b0
Event: 9.771 Thread 0x000002697fcc1d20 DEOPT UNPACKING pc=0x0000026907587da2 sp=0x000000edcabf7728 mode 2
Event: 9.771 Thread 0x000002697fcc1d20 Uncommon trap: trap_request=0xffffffde fr.pc=0x0000026907be0dcc relative=0x000000000000012c
Event: 9.771 Thread 0x000002697fcc1d20 Uncommon trap: reason=class_check action=maybe_recompile pc=0x0000026907be0dcc method=jdk.internal.misc.Unsafe.allocateUninitializedArray(Ljava/lang/Class;I)Ljava/lang/Object; @ 51 c2
Event: 9.771 Thread 0x000002697fcc1d20 DEOPT PACKING pc=0x0000026907be0dcc sp=0x000000edcabf7620
Event: 9.771 Thread 0x000002697fcc1d20 DEOPT UNPACKING pc=0x0000026907587da2 sp=0x000000edcabf7598 mode 2
Event: 10.845 Thread 0x000002697fc554d0 DEOPT PACKING pc=0x0000026900461d58 sp=0x000000edca9fe340
Event: 10.845 Thread 0x000002697fc554d0 DEOPT UNPACKING pc=0x00000269075888e2 sp=0x000000edca9fd790 mode 0
Event: 10.848 Thread 0x000002697fc554d0 DEOPT PACKING pc=0x0000026900461f99 sp=0x000000edca9fe340
Event: 10.848 Thread 0x000002697fc554d0 DEOPT UNPACKING pc=0x00000269075888e2 sp=0x000000edca9fd790 mode 0
Event: 12.982 Thread 0x000002697fc554d0 DEOPT PACKING pc=0x0000026900461d58 sp=0x000000edca9fe2c0
Event: 12.982 Thread 0x000002697fc554d0 DEOPT UNPACKING pc=0x00000269075888e2 sp=0x000000edca9fd710 mode 0
Event: 12.986 Thread 0x000002697fc554d0 DEOPT PACKING pc=0x0000026900461d58 sp=0x000000edca9fe2c0
Event: 12.986 Thread 0x000002697fc554d0 DEOPT UNPACKING pc=0x00000269075888e2 sp=0x000000edca9fd710 mode 0
Event: 12.991 Thread 0x000002697fc554d0 DEOPT PACKING pc=0x0000026900461f99 sp=0x000000edca9fe2c0
Event: 12.991 Thread 0x000002697fc554d0 DEOPT UNPACKING pc=0x00000269075888e2 sp=0x000000edca9fd710 mode 0
Event: 12.993 Thread 0x000002697fc554d0 DEOPT PACKING pc=0x0000026900461d58 sp=0x000000edca9fe2c0
Event: 12.993 Thread 0x000002697fc554d0 DEOPT UNPACKING pc=0x00000269075888e2 sp=0x000000edca9fd710 mode 0
Event: 12.997 Thread 0x000002697fc554d0 DEOPT PACKING pc=0x0000026900461f99 sp=0x000000edca9fe2c0
Event: 12.997 Thread 0x000002697fc554d0 DEOPT UNPACKING pc=0x00000269075888e2 sp=0x000000edca9fd710 mode 0

Classes loaded (20 events):
Event: 1.749 Loading class java/nio/DirectFloatBufferU
Event: 1.750 Loading class java/nio/DirectFloatBufferU done
Event: 1.760 Loading class jdk/internal/ref/CleanerImpl$InnocuousThreadFactory
Event: 1.760 Loading class jdk/internal/ref/CleanerImpl$InnocuousThreadFactory done
Event: 1.766 Loading class sun/misc/Unsafe
Event: 1.766 Loading class sun/misc/Unsafe done
Event: 1.766 Loading class java/lang/invoke/DirectMethodHandle$StaticAccessor
Event: 1.766 Loading class java/lang/invoke/DirectMethodHandle$StaticAccessor done
Event: 1.799 Loading class java/lang/FdLibm$Atan2
Event: 1.799 Loading class java/lang/FdLibm$Atan2 done
Event: 1.799 Loading class jdk/internal/foreign/MemorySessionImpl
Event: 1.799 Loading class java/lang/foreign/MemorySegment$Scope
Event: 1.800 Loading class java/lang/foreign/MemorySegment$Scope done
Event: 1.800 Loading class jdk/internal/foreign/MemorySessionImpl done
Event: 5.821 Loading class java/io/UnsupportedEncodingException
Event: 5.821 Loading class java/io/UnsupportedEncodingException done
Event: 6.026 Loading class java/io/CharArrayReader
Event: 6.026 Loading class java/io/CharArrayReader done
Event: 116.254 Loading class jdk/internal/misc/Signal$1
Event: 116.254 Loading class jdk/internal/misc/Signal$1 done

Classes unloaded (0 events):
No events

Classes redefined (0 events):
No events

Internal exceptions (20 events):
Event: 1.202 Thread 0x000002697fcc1d20 Exception <a 'java/lang/ClassNotFoundException'{0x000000008ae48fd8}: com/sun/glass/ui/win/themes> (0x000000008ae48fd8) 
thrown [s\src\hotspot\share\prims\jni.cpp, line 539]
Event: 1.203 Thread 0x000002697fcc1d20 Exception <a 'java/lang/ClassNotFoundException'{0x000000008ae53b78}: com/sun/glass/ui/win/themes_ru> (0x000000008ae53b78) 
thrown [s\src\hotspot\share\prims\jni.cpp, line 539]
Event: 1.203 Thread 0x000002697fcc1d20 Exception <a 'java/lang/ClassNotFoundException'{0x000000008ae54998}: com/sun/glass/ui/win/themes_ru_RU> (0x000000008ae54998) 
thrown [s\src\hotspot\share\prims\jni.cpp, line 539]
Event: 1.293 Thread 0x000002697fcc1d20 Exception <a 'java/lang/NoSuchMethodError'{0x000000008a875af0}: 'void java.lang.invoke.DirectMethodHandle$Holder.invokeStaticInit(java.lang.Object, java.lang.Object)'> (0x000000008a875af0) 
thrown [s\src\hotspot\share\interpreter\linkResolver.cpp, line 773]
Event: 1.309 Thread 0x000002697fcc1d20 Exception <a 'sun/nio/fs/WindowsException'{0x000000008a76b0a8}> (0x000000008a76b0a8) 
thrown [s\src\hotspot\share\prims\jni.cpp, line 520]
Event: 1.406 Thread 0x000002697fcc1d20 Exception <a 'sun/nio/fs/WindowsException'{0x000000008a397898}> (0x000000008a397898) 
thrown [s\src\hotspot\share\prims\jni.cpp, line 520]
Event: 1.416 Thread 0x000002697fcc1d20 Implicit null exception at 0x0000026907b538f7 to 0x0000026907b53dd0
Event: 1.426 Thread 0x000002697fcc1d20 Implicit null exception at 0x0000026907b521fa to 0x0000026907b526f4
Event: 1.514 Thread 0x000002697fcc1d20 Exception <a 'java/lang/IncompatibleClassChangeError'{0x0000000089cec0e8}: Found class java.lang.Object, but interface was expected> (0x0000000089cec0e8) 
thrown [s\src\hotspot\share\interpreter\linkResolver.cpp, line 840]
Event: 1.548 Thread 0x000002697fcc1d20 Exception <a 'java/lang/ClassNotFoundException'{0x00000000899785d0}: com/sun/javafx/scene/control/skin/resources/controls> (0x00000000899785d0) 
thrown [s\src\hotspot\share\prims\jni.cpp, line 539]
Event: 1.549 Thread 0x000002697fcc1d20 Exception <a 'java/lang/ClassNotFoundException'{0x0000000089986a30}: com/sun/javafx/scene/control/skin/resources/controls_ru> (0x0000000089986a30) 
thrown [s\src\hotspot\share\prims\jni.cpp, line 539]
Event: 1.549 Thread 0x000002697fcc1d20 Exception <a 'java/lang/ClassNotFoundException'{0x00000000899879d8}: com/sun/javafx/scene/control/skin/resources/controls_ru_RU> (0x00000000899879d8) 
thrown [s\src\hotspot\share\prims\jni.cpp, line 539]
Event: 1.584 Thread 0x000002697fcc1d20 Exception <a 'java/lang/NoSuchMethodError'{0x0000000089466490}: 'void java.lang.invoke.DirectMethodHandle$Holder.invokeSpecial(java.lang.Object, java.lang.Object, java.lang.Object, java.lang.Object, java.lang.Object, java.lang.Object)'> (0x0000000089466490) 
thrown [s\src\hotspot\share\interpreter\linkResolver.cpp, line 773]
Event: 1.654 Thread 0x000002697fcc1d20 Exception <a 'java/lang/NoSuchMethodError'{0x0000000088f27588}: 'int java.lang.invoke.DirectMethodHandle$Holder.invokeSpecial(java.lang.Object, java.lang.Object, int)'> (0x0000000088f27588) 
thrown [s\src\hotspot\share\interpreter\linkResolver.cpp, line 773]
Event: 1.665 Thread 0x000002697fcc1d20 Exception <a 'java/lang/NoSuchMethodError'{0x0000000088f61af0}: 'java.lang.Object java.lang.invoke.DirectMethodHandle$Holder.newInvokeSpecial(java.lang.Object, java.lang.Object, int)'> (0x0000000088f61af0) 
thrown [s\src\hotspot\share\interpreter\linkResolver.cpp, line 773]
Event: 1.700 Thread 0x000002697fc554d0 Exception <a 'java/lang/NoSuchMethodError'{0x0000000088ff3010}: 'int java.lang.invoke.DirectMethodHandle$Holder.invokeStaticInit(java.lang.Object, java.lang.Object)'> (0x0000000088ff3010) 
thrown [s\src\hotspot\share\interpreter\linkResolver.cpp, line 773]
Event: 1.713 Thread 0x000002697fcc1d20 Exception <a 'java/lang/NoSuchMethodError'{0x0000000088e2b420}: 'long java.lang.invoke.DirectMethodHandle$Holder.invokeStatic(java.lang.Object, java.lang.Object, java.lang.Object)'> (0x0000000088e2b420) 
thrown [s\src\hotspot\share\interpreter\linkResolver.cpp, line 773]
Event: 1.713 Thread 0x000002697fcc1d20 Exception <a 'java/lang/NoSuchMethodError'{0x0000000088e2e7f0}: 'long java.lang.invoke.DirectMethodHandle$Holder.invokeStaticInit(java.lang.Object, java.lang.Object, java.lang.Object)'> (0x0000000088e2e7f0) 
thrown [s\src\hotspot\share\interpreter\linkResolver.cpp, line 773]
Event: 1.715 Thread 0x000002697fcc1d20 Exception <a 'java/lang/NoSuchMethodError'{0x0000000088e42de8}: 'java.lang.Object java.lang.invoke.DirectMethodHandle$Holder.newInvokeSpecial(java.lang.Object, java.lang.Object, long)'> (0x0000000088e42de8) 
thrown [s\src\hotspot\share\interpreter\linkResolver.cpp, line 773]
Event: 1.716 Thread 0x000002697fcc1d20 Exception <a 'java/lang/NoSuchMethodError'{0x0000000088ed1c00}: 'java.lang.Object java.lang.invoke.Invokers$Holder.linkToTargetMethod(java.lang.Object, long, java.lang.Object)'> (0x0000000088ed1c00) 
thrown [s\src\hotspot\share\interpreter\linkResolver.cpp, line 773]

ZGC Phase Switch (0 events):
No events

VM Operations (20 events):
Event: 6.618 Executing VM operation: Cleanup done
Event: 8.619 Executing VM operation: Cleanup
Event: 8.619 Executing VM operation: Cleanup done
Event: 10.619 Executing VM operation: Cleanup
Event: 10.620 Executing VM operation: Cleanup done
Event: 11.620 Executing VM operation: Cleanup
Event: 11.620 Executing VM operation: Cleanup done
Event: 12.620 Executing VM operation: Cleanup
Event: 12.620 Executing VM operation: Cleanup done
Event: 13.620 Executing VM operation: Cleanup
Event: 13.621 Executing VM operation: Cleanup done
Event: 14.621 Executing VM operation: Cleanup
Event: 14.621 Executing VM operation: Cleanup done
Event: 18.623 Executing VM operation: Cleanup
Event: 18.623 Executing VM operation: Cleanup done
Event: 60.069 Executing VM operation: HandshakeAllThreads (HandshakeForDeflation)
Event: 60.069 Executing VM operation: HandshakeAllThreads (HandshakeForDeflation) done
Event: 60.069 Executing VM operation: RendezvousGCThreads
Event: 60.069 Executing VM operation: RendezvousGCThreads done
Event: 116.259 Executing VM operation: Exit

Events (20 events):
Event: 0.076 Thread 0x000002697f1ff4a0 Thread added: 0x000002697f1ff4a0
Event: 0.114 Thread 0x000002697f5b6ab0 Thread added: 0x000002697f5b6ab0
Event: 0.429 Thread 0x000002697f610410 Thread added: 0x000002697f610410
Event: 0.429 Thread 0x000002697f610a80 Thread added: 0x000002697f610a80
Event: 0.824 Thread 0x000002697fc554d0 Thread added: 0x000002697fc554d0
Event: 0.879 Thread 0x000002697fcdcfc0 Thread added: 0x000002697fcdcfc0
Event: 0.881 Thread 0x000002697fcc1d20 Thread added: 0x000002697fcc1d20
Event: 0.923 Thread 0x000002697f5b6ab0 Thread exited: 0x000002697f5b6ab0
Event: 0.956 Thread 0x000002695a583740 Thread added: 0x000002695a583740
Event: 0.957 Thread 0x000002695a572800 Thread added: 0x000002695a572800
Event: 1.021 Thread 0x000002695a60e560 Thread added: 0x000002695a60e560
Event: 1.507 Thread 0x000002695a6e8900 Thread added: 0x000002695a6e8900
Event: 1.760 Thread 0x000002695a6eb060 Thread added: 0x000002695a6eb060
Event: 1.797 Thread 0x000002695a60e560 Thread exited: 0x000002695a60e560
Event: 116.254 Thread 0x000002695a6ea340 Thread added: 0x000002695a6ea340
Event: 116.255 Thread 0x000002695a6e8270 Thread added: 0x000002695a6e8270
Event: 116.255 Thread 0x000002695a6e8f90 Thread added: 0x000002695a6e8f90
Event: 116.256 Thread 0x000002695a6e8270 Thread exited: 0x000002695a6e8270
Event: 116.258 Thread 0x000002695a6e8f90 Thread exited: 0x000002695a6e8f90
Event: 116.259 Thread 0x000002697f23d600 Thread exited: 0x000002697f23d600


Dynamic libraries:
0x00007ff66be50000 - 0x00007ff66be5e000 	C:\Users\NickS\.jdks\corretto-21.0.1\bin\java.exe
0x00007ffe3f6c0000 - 0x00007ffe3f8c9000 	C:\Windows\SYSTEM32\ntdll.dll
0x00007ffe3de60000 - 0x00007ffe3df1d000 	C:\Windows\System32\KERNEL32.DLL
0x00007ffe3d0c0000 - 0x00007ffe3d444000 	C:\Windows\System32\KERNELBASE.dll
0x00007ffe3cc20000 - 0x00007ffe3cd31000 	C:\Windows\System32\ucrtbase.dll
0x00007ffe2c260000 - 0x00007ffe2c278000 	C:\Users\NickS\.jdks\corretto-21.0.1\bin\jli.dll
0x00007ffe27fa0000 - 0x00007ffe27fbb000 	C:\Users\NickS\.jdks\corretto-21.0.1\bin\VCRUNTIME140.dll
0x00007ffe3f3c0000 - 0x00007ffe3f56d000 	C:\Windows\System32\USER32.dll
0x00007ffe3cb50000 - 0x00007ffe3cb76000 	C:\Windows\System32\win32u.dll
0x00007ffe29d60000 - 0x00007ffe2a005000 	C:\Windows\WinSxS\amd64_microsoft.windows.common-controls_6595b64144ccf1df_6.0.22000.120_none_9d947278b86cc467\COMCTL32.dll
0x00007ffe3d830000 - 0x00007ffe3d8d3000 	C:\Windows\System32\msvcrt.dll
0x00007ffe3ea00000 - 0x00007ffe3ea2a000 	C:\Windows\System32\GDI32.dll
0x00007ffe3cdc0000 - 0x00007ffe3cede000 	C:\Windows\System32\gdi32full.dll
0x00007ffe3cb80000 - 0x00007ffe3cc1d000 	C:\Windows\System32\msvcp_win.dll
0x00007ffe3e080000 - 0x00007ffe3e0b1000 	C:\Windows\System32\IMM32.DLL
0x00007ffe380b0000 - 0x00007ffe380bc000 	C:\Users\NickS\.jdks\corretto-21.0.1\bin\vcruntime140_1.dll
0x00007ffdeb050000 - 0x00007ffdeb0dd000 	C:\Users\NickS\.jdks\corretto-21.0.1\bin\msvcp140.dll
0x00007ffdbf210000 - 0x00007ffdbff9d000 	C:\Users\NickS\.jdks\corretto-21.0.1\bin\server\jvm.dll
0x00007ffe3f260000 - 0x00007ffe3f30e000 	C:\Windows\System32\ADVAPI32.dll
0x00007ffe3f570000 - 0x00007ffe3f60e000 	C:\Windows\System32\sechost.dll
0x00007ffe3e8d0000 - 0x00007ffe3e9f1000 	C:\Windows\System32\RPCRT4.dll
0x00007ffe3f610000 - 0x00007ffe3f67f000 	C:\Windows\System32\WS2_32.dll
0x00007ffe3b4b0000 - 0x00007ffe3b4fd000 	C:\Windows\SYSTEM32\POWRPROF.dll
0x00007ffe35870000 - 0x00007ffe358a3000 	C:\Windows\SYSTEM32\WINMM.dll
0x00007ffe2f660000 - 0x00007ffe2f66a000 	C:\Windows\SYSTEM32\VERSION.dll
0x00007ffe3b5a0000 - 0x00007ffe3b5b3000 	C:\Windows\SYSTEM32\UMPDC.dll
0x00007ffe3bcb0000 - 0x00007ffe3bcc8000 	C:\Windows\SYSTEM32\kernel.appcore.dll
0x00007ffe2c500000 - 0x00007ffe2c50a000 	C:\Users\NickS\.jdks\corretto-21.0.1\bin\jimage.dll
0x00007ffe3a110000 - 0x00007ffe3a331000 	C:\Windows\SYSTEM32\DBGHELP.DLL
0x00007ffe291a0000 - 0x00007ffe291d1000 	C:\Windows\SYSTEM32\dbgcore.DLL
0x00007ffe3cd40000 - 0x00007ffe3cdbf000 	C:\Windows\System32\bcryptPrimitives.dll
0x00007ffe2c350000 - 0x00007ffe2c35e000 	C:\Users\NickS\.jdks\corretto-21.0.1\bin\instrument.dll
0x00007ffe27f50000 - 0x00007ffe27f6f000 	C:\Users\NickS\.jdks\corretto-21.0.1\bin\java.dll
0x00007ffe3ea90000 - 0x00007ffe3f255000 	C:\Windows\System32\SHELL32.dll
0x00007ffe3ac20000 - 0x00007ffe3b482000 	C:\Windows\SYSTEM32\windows.storage.dll
0x00007ffe3dae0000 - 0x00007ffe3de56000 	C:\Windows\System32\combase.dll
0x00007ffe3aab0000 - 0x00007ffe3ac17000 	C:\Windows\SYSTEM32\wintypes.dll
0x00007ffe3df20000 - 0x00007ffe3e00a000 	C:\Windows\System32\SHCORE.dll
0x00007ffe3e010000 - 0x00007ffe3e06d000 	C:\Windows\System32\shlwapi.dll
0x00007ffe3ca80000 - 0x00007ffe3caa5000 	C:\Windows\SYSTEM32\profapi.dll
0x00007ffde30c0000 - 0x00007ffde3197000 	C:\Users\NickS\.jdks\corretto-21.0.1\bin\jsvml.dll
0x00007ffe27f90000 - 0x00007ffe27fa0000 	C:\Users\NickS\.jdks\corretto-21.0.1\bin\net.dll
0x00007ffe352b0000 - 0x00007ffe353c4000 	C:\Windows\SYSTEM32\WINHTTP.dll
0x00007ffe3c160000 - 0x00007ffe3c1c7000 	C:\Windows\system32\mswsock.dll
0x00007ffe04d90000 - 0x00007ffe04da6000 	C:\Users\NickS\.jdks\corretto-21.0.1\bin\nio.dll
0x00007ffdf0000000 - 0x00007ffdf0018000 	C:\Users\NickS\.jdks\corretto-21.0.1\bin\zip.dll
0x00007ffde1060000 - 0x00007ffde107a000 	C:\Program Files\JetBrains\IntelliJ IDEA Community Edition 2023.2.4\bin\breakgen64.dll
0x0000026973ef0000 - 0x0000026973ef3000 	C:\Users\NickS\.openjfx\cache\21-ea+null\amd64\api-ms-win-core-console-l1-1-0.dll
0x0000026973f00000 - 0x0000026973f03000 	C:\Users\NickS\.openjfx\cache\21-ea+null\amd64\api-ms-win-core-console-l1-2-0.dll
0x0000026973f10000 - 0x0000026973f13000 	C:\Users\NickS\.openjfx\cache\21-ea+null\amd64\api-ms-win-core-datetime-l1-1-0.dll
0x0000026973f20000 - 0x0000026973f23000 	C:\Users\NickS\.openjfx\cache\21-ea+null\amd64\api-ms-win-core-debug-l1-1-0.dll
0x0000026973f30000 - 0x0000026973f33000 	C:\Users\NickS\.openjfx\cache\21-ea+null\amd64\api-ms-win-core-errorhandling-l1-1-0.dll
0x0000026973f40000 - 0x0000026973f44000 	C:\Users\NickS\.openjfx\cache\21-ea+null\amd64\api-ms-win-core-file-l1-1-0.dll
0x0000026973f50000 - 0x0000026973f53000 	C:\Users\NickS\.openjfx\cache\21-ea+null\amd64\api-ms-win-core-file-l1-2-0.dll
0x0000026973f60000 - 0x0000026973f63000 	C:\Users\NickS\.openjfx\cache\21-ea+null\amd64\api-ms-win-core-file-l2-1-0.dll
0x000002697ffd0000 - 0x000002697ffd3000 	C:\Users\NickS\.openjfx\cache\21-ea+null\amd64\api-ms-win-core-handle-l1-1-0.dll
0x000002697ffe0000 - 0x000002697ffe3000 	C:\Users\NickS\.openjfx\cache\21-ea+null\amd64\api-ms-win-core-heap-l1-1-0.dll
0x000002697fff0000 - 0x000002697fff3000 	C:\Users\NickS\.openjfx\cache\21-ea+null\amd64\api-ms-win-core-interlocked-l1-1-0.dll
0x0000026956000000 - 0x0000026956003000 	C:\Users\NickS\.openjfx\cache\21-ea+null\amd64\api-ms-win-core-libraryloader-l1-1-0.dll
0x0000026956010000 - 0x0000026956013000 	C:\Users\NickS\.openjfx\cache\21-ea+null\amd64\api-ms-win-core-localization-l1-2-0.dll
0x0000026956020000 - 0x0000026956023000 	C:\Users\NickS\.openjfx\cache\21-ea+null\amd64\api-ms-win-core-memory-l1-1-0.dll
0x0000026956030000 - 0x0000026956033000 	C:\Users\NickS\.openjfx\cache\21-ea+null\amd64\api-ms-win-core-namedpipe-l1-1-0.dll
0x0000026956040000 - 0x0000026956043000 	C:\Users\NickS\.openjfx\cache\21-ea+null\amd64\api-ms-win-core-processenvironment-l1-1-0.dll
0x0000026956050000 - 0x0000026956053000 	C:\Users\NickS\.openjfx\cache\21-ea+null\amd64\api-ms-win-core-processthreads-l1-1-0.dll
0x0000026956060000 - 0x0000026956063000 	C:\Users\NickS\.openjfx\cache\21-ea+null\amd64\api-ms-win-core-processthreads-l1-1-1.dll
0x0000026956070000 - 0x0000026956073000 	C:\Users\NickS\.openjfx\cache\21-ea+null\amd64\api-ms-win-core-profile-l1-1-0.dll
0x0000026956080000 - 0x0000026956083000 	C:\Users\NickS\.openjfx\cache\21-ea+null\amd64\api-ms-win-core-rtlsupport-l1-1-0.dll
0x0000026956090000 - 0x0000026956093000 	C:\Users\NickS\.openjfx\cache\21-ea+null\amd64\api-ms-win-core-string-l1-1-0.dll
0x00000269560a0000 - 0x00000269560a3000 	C:\Users\NickS\.openjfx\cache\21-ea+null\amd64\api-ms-win-core-synch-l1-1-0.dll
0x00000269560b0000 - 0x00000269560b3000 	C:\Users\NickS\.openjfx\cache\21-ea+null\amd64\api-ms-win-core-synch-l1-2-0.dll
0x00000269560c0000 - 0x00000269560c3000 	C:\Users\NickS\.openjfx\cache\21-ea+null\amd64\api-ms-win-core-sysinfo-l1-1-0.dll
0x00000269560d0000 - 0x00000269560d3000 	C:\Users\NickS\.openjfx\cache\21-ea+null\amd64\api-ms-win-core-timezone-l1-1-0.dll
0x00000269560e0000 - 0x00000269560e3000 	C:\Users\NickS\.openjfx\cache\21-ea+null\amd64\api-ms-win-core-util-l1-1-0.dll
0x00000269560f0000 - 0x00000269560f3000 	C:\Users\NickS\.openjfx\cache\21-ea+null\amd64\api-ms-win-crt-conio-l1-1-0.dll
0x0000026956100000 - 0x0000026956104000 	C:\Users\NickS\.openjfx\cache\21-ea+null\amd64\api-ms-win-crt-convert-l1-1-0.dll
0x0000026956110000 - 0x0000026956113000 	C:\Users\NickS\.openjfx\cache\21-ea+null\amd64\api-ms-win-crt-environment-l1-1-0.dll
0x0000026956120000 - 0x0000026956123000 	C:\Users\NickS\.openjfx\cache\21-ea+null\amd64\api-ms-win-crt-filesystem-l1-1-0.dll
0x0000026956130000 - 0x0000026956133000 	C:\Users\NickS\.openjfx\cache\21-ea+null\amd64\api-ms-win-crt-heap-l1-1-0.dll
0x0000026956140000 - 0x0000026956143000 	C:\Users\NickS\.openjfx\cache\21-ea+null\amd64\api-ms-win-crt-locale-l1-1-0.dll
0x0000026956150000 - 0x0000026956155000 	C:\Users\NickS\.openjfx\cache\21-ea+null\amd64\api-ms-win-crt-math-l1-1-0.dll
0x0000026956160000 - 0x0000026956165000 	C:\Users\NickS\.openjfx\cache\21-ea+null\amd64\api-ms-win-crt-multibyte-l1-1-0.dll
0x0000026956170000 - 0x0000026956180000 	C:\Users\NickS\.openjfx\cache\21-ea+null\amd64\api-ms-win-crt-private-l1-1-0.dll
0x0000026956180000 - 0x0000026956183000 	C:\Users\NickS\.openjfx\cache\21-ea+null\amd64\api-ms-win-crt-process-l1-1-0.dll
0x0000026956190000 - 0x0000026956194000 	C:\Users\NickS\.openjfx\cache\21-ea+null\amd64\api-ms-win-crt-runtime-l1-1-0.dll
0x00000269561a0000 - 0x00000269561a4000 	C:\Users\NickS\.openjfx\cache\21-ea+null\amd64\api-ms-win-crt-stdio-l1-1-0.dll
0x00000269561b0000 - 0x00000269561b4000 	C:\Users\NickS\.openjfx\cache\21-ea+null\amd64\api-ms-win-crt-string-l1-1-0.dll
0x00000269561c0000 - 0x00000269561c3000 	C:\Users\NickS\.openjfx\cache\21-ea+null\amd64\api-ms-win-crt-time-l1-1-0.dll
0x00000269561d0000 - 0x00000269561d3000 	C:\Users\NickS\.openjfx\cache\21-ea+null\amd64\api-ms-win-crt-utility-l1-1-0.dll
0x00007ffdd3c50000 - 0x00007ffdd3d4c000 	C:\Users\NickS\.openjfx\cache\21-ea+null\amd64\ucrtbase.dll
0x00007ffde0d60000 - 0x00007ffde0d7b000 	C:\Users\NickS\.openjfx\cache\21-ea+null\amd64\vcruntime140.dll
0x00007ffe16570000 - 0x00007ffe1657c000 	C:\Users\NickS\.openjfx\cache\21-ea+null\amd64\vcruntime140_1.dll
0x00007ffddc360000 - 0x00007ffddc3ee000 	C:\Users\NickS\.openjfx\cache\21-ea+null\amd64\msvcp140.dll
0x00007ffe3d680000 - 0x00007ffe3d81a000 	C:\Windows\System32\ole32.dll
0x00007ffe147d0000 - 0x00007ffe147d9000 	C:\Users\NickS\.openjfx\cache\21-ea+null\amd64\msvcp140_1.dll
0x00007ffde08c0000 - 0x00007ffde08ef000 	C:\Users\NickS\.openjfx\cache\21-ea+null\amd64\msvcp140_2.dll
0x00007ffde01c0000 - 0x00007ffde01ef000 	C:\Users\NickS\.openjfx\cache\21-ea+null\amd64\prism_d3d.dll
0x00007ffdf7c80000 - 0x00007ffdf7e26000 	C:\Windows\system32\d3d9.dll
0x00007ffe39bb0000 - 0x00007ffe39bdf000 	C:\Windows\SYSTEM32\dwmapi.dll
0x00007ffe39b30000 - 0x00007ffe39b68000 	C:\Windows\SYSTEM32\dxcore.dll
0x00007ffe39910000 - 0x00007ffe399bc000 	C:\Windows\system32\uxtheme.dll
0x00007ffdf7b10000 - 0x00007ffdf7c75000 	C:\Windows\System32\DriverStore\FileRepository\iigd_dch.inf_amd64_5dc1a2977f07512e\igdumdim64.dll
0x00007ffdf1830000 - 0x00007ffdf54bb000 	C:\Windows\System32\DriverStore\FileRepository\iigd_dch.inf_amd64_5dc1a2977f07512e\igd9dxva64.dll
0x00007ffe3d900000 - 0x00007ffe3d9d6000 	C:\Windows\System32\OLEAUT32.dll
0x00007ffe3e140000 - 0x00007ffe3e5b2000 	C:\Windows\System32\SETUPAPI.dll
0x00007ffe3c850000 - 0x00007ffe3c89c000 	C:\Windows\SYSTEM32\cfgmgr32.dll
0x00007ffe33180000 - 0x00007ffe334b6000 	C:\Windows\System32\DriverStore\FileRepository\iigd_dch.inf_amd64_5dc1a2977f07512e\igdgmm64.dll
0x00007ffe37cf0000 - 0x00007ffe37d34000 	C:\Windows\SYSTEM32\directxdatabasehelper.dll
0x00007ffe3bcd0000 - 0x00007ffe3bd04000 	C:\Windows\SYSTEM32\ntmarta.dll
0x00007ffddf730000 - 0x00007ffddf772000 	C:\Users\NickS\.openjfx\cache\21-ea+null\amd64\glass.dll
0x00007ffe3d9e0000 - 0x00007ffe3dacc000 	C:\Windows\System32\COMDLG32.dll
0x00007ffe3e790000 - 0x00007ffe3e8ad000 	C:\Windows\System32\MSCTF.dll
0x00007ffe2fde0000 - 0x00007ffe2fe07000 	C:\Windows\System32\DriverStore\FileRepository\iigd_dch.inf_amd64_5dc1a2977f07512e\igdinfo64.dll
0x00007ffe2fea0000 - 0x00007ffe32c2f000 	C:\Windows\System32\DriverStore\FileRepository\iigd_dch.inf_amd64_5dc1a2977f07512e\igc64.dll
0x00007ffddf700000 - 0x00007ffddf72d000 	C:\Users\NickS\.openjfx\cache\21-ea+null\amd64\javafx_iio.dll
0x00007ffde0410000 - 0x00007ffde0424000 	C:\Users\NickS\.openjfx\cache\21-ea+null\amd64\javafx_font.dll
0x00007ffe354c0000 - 0x00007ffe3571f000 	C:\Windows\SYSTEM32\dwrite.dll
0x00007ffe3f310000 - 0x00007ffe3f3bf000 	C:\Windows\System32\clbcatq.dll
0x00007ffe365d0000 - 0x00007ffe3677e000 	C:\Windows\SYSTEM32\WindowsCodecs.dll
0x00007ffe29630000 - 0x00007ffe2968d000 	C:\Windows\system32\dataexchange.dll
0x00007ffe360f0000 - 0x00007ffe36355000 	C:\Windows\system32\twinapi.appcore.dll
0x00007ffde2720000 - 0x00007ffde2752000 	C:\Program Files\Common Files\Microsoft Shared\Ink\rtscom.dll
0x00007ffe16430000 - 0x00007ffe1655c000 	C:\Windows\SYSTEM32\textinputframework.dll
0x00007ffe39240000 - 0x00007ffe39371000 	C:\Windows\SYSTEM32\CoreMessaging.dll
0x00007ffe37390000 - 0x00007ffe376fd000 	C:\Windows\SYSTEM32\CoreUIComponents.dll
0x00007ffe3c3c0000 - 0x00007ffe3c3cc000 	C:\Windows\SYSTEM32\CRYPTBASE.DLL

dbghelp: loaded successfully - version: 4.0.5 - missing functions: none
symbol engine: initialized successfully - sym options: 0x614 - pdb path: .;C:\Users\NickS\.jdks\corretto-21.0.1\bin;C:\Windows\SYSTEM32;C:\Windows\WinSxS\amd64_microsoft.windows.common-controls_6595b64144ccf1df_6.0.22000.120_none_9d947278b86cc467;C:\Users\NickS\.jdks\corretto-21.0.1\bin\server;C:\Program Files\JetBrains\IntelliJ IDEA Community Edition 2023.2.4\bin;C:\Users\NickS\.openjfx\cache\21-ea+null\amd64;C:\Windows\System32\DriverStore\FileRepository\iigd_dch.inf_amd64_5dc1a2977f07512e;C:\Program Files\Common Files\Microsoft Shared\Ink

VM Arguments:
jvm_args: -javaagent:C:\Program Files\JetBrains\IntelliJ IDEA Community Edition 2023.2.4\lib\idea_rt.jar=64751:C:\Program Files\JetBrains\IntelliJ IDEA Community Edition 2023.2.4\bin -Dfile.encoding=UTF-8 -Dsun.stdout.encoding=UTF-8 -Dsun.stderr.encoding=UTF-8 --module-path=C:\Users\NickS\.m2\repository\org\openjfx\javafx-controls\21-ea+24\javafx-controls-21-ea+24-win.jar;C:\Users\NickS\OneDrive\Рабочий стол\thrthehrhjyj\target\classes;C:\Users\NickS\.m2\repository\org\openjfx\javafx-fxml\21-ea+24\javafx-fxml-21-ea+24-win.jar;C:\Users\NickS\.m2\repository\org\openjfx\javafx-base\21-ea+24\javafx-base-21-ea+24-win.jar;C:\Users\NickS\.m2\repository\org\openjfx\javafx-graphics\21-ea+24\javafx-graphics-21-ea+24-win.jar -Djdk.module.main=com.example.thrthehrhjyj 
java_command: com.example.thrthehrhjyj/com.example.thrthehrhjyj.HelloApplication
java_class_path (initial): C:\Users\NickS\.m2\repository\org\openjfx\javafx-controls\21-ea+24\javafx-controls-21-ea+24.jar;C:\Users\NickS\.m2\repository\org\openjfx\javafx-graphics\21-ea+24\javafx-graphics-21-ea+24.jar;C:\Users\NickS\.m2\repository\org\openjfx\javafx-base\21-ea+24\javafx-base-21-ea+24.jar;C:\Users\NickS\.m2\repository\org\openjfx\javafx-fxml\21-ea+24\javafx-fxml-21-ea+24.jar;C:\Users\NickS\OneDrive\Рабочий стол\mysql-connector-j-8.3.0.jar
Launcher Type: SUN_STANDARD

[Global flags]
     intx CICompilerCount                          = 3                                         {product} {ergonomic}
     uint ConcGCThreads                            = 1                                         {product} {ergonomic}
     uint G1ConcRefinementThreads                  = 4                                         {product} {ergonomic}
   size_t G1HeapRegionSize                         = 1048576                                   {product} {ergonomic}
    uintx GCDrainStackTargetSize                   = 64                                        {product} {ergonomic}
   size_t InitialHeapSize                          = 132120576                                 {product} {ergonomic}
   size_t MarkStackSize                            = 4194304                                   {product} {ergonomic}
   size_t MaxHeapSize                              = 2095054848                                {product} {ergonomic}
   size_t MaxNewSize                               = 1256194048                                {product} {ergonomic}
   size_t MinHeapDeltaBytes                        = 1048576                                   {product} {ergonomic}
   size_t MinHeapSize                              = 8388608                                   {product} {ergonomic}
    uintx NonNMethodCodeHeapSize                   = 5832780                                {pd product} {ergonomic}
    uintx NonProfiledCodeHeapSize                  = 122912730                              {pd product} {ergonomic}
    uintx ProfiledCodeHeapSize                     = 122912730                              {pd product} {ergonomic}
    uintx ReservedCodeCacheSize                    = 251658240                              {pd product} {ergonomic}
     bool SegmentedCodeCache                       = true                                      {product} {ergonomic}
   size_t SoftMaxHeapSize                          = 2095054848                             {manageable} {ergonomic}
     bool UseCompressedOops                        = true                           {product lp64_product} {ergonomic}
     bool UseG1GC                                  = true                                      {product} {ergonomic}
     bool UseLargePagesIndividualAllocation        = false                                  {pd product} {ergonomic}

Logging:
Log output configuration:
 #0: stdout all=off uptime,level,tags foldmultilines=false
 #1: stderr all=off uptime,level,tags foldmultilines=false

Environment Variables:
PATH=C:\Program Files\Common Files\Oracle\Java\javapath;C:\Program Files (x86)\Common Files\Oracle\Java\javapath;C:\Windows\System32\HWAudioDriverLibs;C:\Windows\system32;C:\Windows;C:\Windows\System32\Wbem;C:\Windows\System32\WindowsPowerShell\v1.0\;C:\Windows\System32\OpenSSH\;C:\Users\Administrator\AppData\Local\Microsoft\WindowsApps;C:\Users\NickS\scoop\apps\composer\current\home\vendor\bin;C:\Users\NickS\scoop\shims;C:\Users\NickS\AppData\Local\Microsoft\WindowsApps
USERNAME=NickS
OS=Windows_NT
PROCESSOR_IDENTIFIER=Intel64 Family 6 Model 140 Stepping 1, GenuineIntel
TMP=C:\Users\NickS\AppData\Local\Temp
TEMP=C:\Users\NickS\AppData\Local\Temp




Periodic native trim disabled

---------------  S Y S T E M  ---------------

OS:
 Windows 11 , 64 bit Build 22000 (10.0.22000.2538)
OS uptime: 0 days 18:38 hours

CPU: total 4 (initial active 4) (2 cores per cpu, 2 threads per core) family 6 model 140 stepping 1 microcode 0x8a, cx8, cmov, fxsr, ht, mmx, 3dnowpref, sse, sse2, sse3, ssse3, sse4.1, sse4.2, popcnt, lzcnt, tsc, tscinvbit, avx, avx2, aes, erms, clmul, bmi1, bmi2, adx, avx512f, avx512dq, avx512cd, avx512bw, avx512vl, sha, fma, vzeroupper, avx512_vpopcntdq, avx512_vpclmulqdq, avx512_vaes, avx512_vnni, clflush, clflushopt, clwb, avx512_vbmi2, avx512_vbmi, rdtscp, rdpid, fsrm, gfni, avx512_bitalg, f16c, pku, cet_ibt, cet_ss, avx512_ifma
Processor Information for processor 0
  Max Mhz: 2995, Current Mhz: 2995, Mhz Limit: 2995
Processor Information for processor 1
  Max Mhz: 2995, Current Mhz: 2995, Mhz Limit: 2995
Processor Information for processor 2
  Max Mhz: 2995, Current Mhz: 998, Mhz Limit: 2995
Processor Information for processor 3
  Max Mhz: 2995, Current Mhz: 998, Mhz Limit: 2995

Memory: 4k page, system-wide physical 7991M (570M free)
TotalPageFile size 14666M (AvailPageFile size 1953M)
current process WorkingSet (physical memory assigned to process): 273M, peak: 315M
current process commit charge ("private bytes"): 346M, peak: 388M

vm_info: OpenJDK 64-Bit Server VM (21.0.1+12-LTS) for windows-amd64 JRE (21.0.1+12-LTS), built on 2023-10-12T03:52:47Z by "Administrator" with MS VC++ 16.10 / 16.11 (VS2019)

END.
