#
# A fatal error has been detected by the Java Runtime Environment:
#
#  EXCEPTION_ACCESS_VIOLATION (0xc0000005) at pc=0x00007ffb87f26587, pid=13256, tid=16136
#
# JRE version: OpenJDK Runtime Environment Corretto-21.0.1.12.1 (21.0.1+12) (build 21.0.1+12-LTS)
# Java VM: OpenJDK 64-Bit Server VM Corretto-21.0.1.12.1 (21.0.1+12-LTS, mixed mode, sharing, tiered, compressed oops, compressed class ptrs, g1 gc, windows-amd64)
# Problematic frame:
# C  [glass.dll+0x26587]
#
# No core dump will be written. Minidumps are not enabled by default on client versions of Windows
#
# If you would like to submit a bug report, please visit:
#   https://github.com/corretto/corretto-21/issues/
#

---------------  S U M M A R Y ------------

Command Line: -javaagent:C:\Program Files\JetBrains\IntelliJ IDEA Community Edition 2023.2.4\lib\idea_rt.jar=56807:C:\Program Files\JetBrains\IntelliJ IDEA Community Edition 2023.2.4\bin -Dfile.encoding=UTF-8 -Dsun.stdout.encoding=UTF-8 -Dsun.stderr.encoding=UTF-8 --module-path=C:\Users\NickS\.m2\repository\org\openjfx\javafx-graphics\21-ea+24\javafx-graphics-21-ea+24-win.jar;C:\Users\NickS\.m2\repository\org\openjfx\javafx-fxml\21-ea+24\javafx-fxml-21-ea+24-win.jar;C:\Users\NickS\.m2\repository\org\openjfx\javafx-base\21-ea+24\javafx-base-21-ea+24-win.jar;C:\Users\NickS\OneDrive\Рабочий стол\thrthehrhjyj\target\classes;C:\Users\NickS\.m2\repository\org\openjfx\javafx-controls\21-ea+24\javafx-controls-21-ea+24-win.jar -Djdk.module.main=com.example.thrthehrhjyj com.example.thrthehrhjyj/com.example.thrthehrhjyj.HelloApplication

Host: 11th Gen Intel(R) Core(TM) i3-1115G4 @ 3.00GHz, 4 cores, 7G,  Windows 11 , 64 bit Build 22000 (10.0.22000.2538)
Time: Tue Mar 19 10:09:14 2024 RTZ 2 (s 11 , 64 bit Build 22000 (10.0.22000.2538) elapsed time: 69.170427 seconds (0d 0h 1m 9s)

---------------  T H R E A D  ---------------

Current thread (0x000001e4c5e53850):  VMThread "VM Thread"          [id=16136, stack(0x000000b711f00000,0x000000b712000000) (1024K)]

Stack: [0x000000b711f00000,0x000000b712000000],  sp=0x000000b711ffef10,  free space=1019k
Native frames: (J=compiled Java code, j=interpreted, Vv=VM code, C=native code)
C  [glass.dll+0x26587]


siginfo: EXCEPTION_ACCESS_VIOLATION (0xc0000005), reading address 0x0000000000000000


Registers:
RAX=0x0000000000000000, RBX=0x000001e4c5e599d2, RCX=0x000001e4c5e53850, RDX=0x000000b711ffef10
RSP=0x000000b711ffef10, RBP=0x000001e4c5e625c8, RSI=0x000001e4c5e625a0, RDI=0x000086af5414824f
R8 =0x0000000000010002, R9 =0x000086af5414824f, R10=0x85f13e9656da4870, R11=0x000000b711ffeea0
R12=0x00007ffb87f23ed0, R13=0x00007ffb372f5410, R14=0x000000b711fff018, R15=0x000001e4c5e625a0
RIP=0x00007ffb87f26587, EFLAGS=0x0000000000010202


Register to memory mapping:

RAX=0x0 is null
RBX=0x000001e4c5e599d2 is a global jni handle
RCX=0x000001e4c5e53850 points into unknown readable memory: 0x00007ffb370f66f0 | f0 66 0f 37 fb 7f 00 00
RDX=0x000000b711ffef10 points into unknown readable memory: 0x0000000000000000 | 00 00 00 00 00 00 00 00
RSP=0x000000b711ffef10 points into unknown readable memory: 0x0000000000000000 | 00 00 00 00 00 00 00 00
RBP=0x000001e4c5e625c8 points into unknown readable memory: 0x000086af5414824f | 4f 82 14 54 af 86 00 00
RSI=0x000001e4c5e625a0 points into unknown readable memory: 0x3ffd455648e0824f | 4f 82 e0 48 56 45 fd 3f
RDI=0x000086af5414824f is an unknown value
R8 =0x0000000000010002 is an unknown value
R9 =0x000086af5414824f is an unknown value
R10=0x85f13e9656da4870 is an unknown value
R11=0x000000b711ffeea0 points into unknown readable memory: 0x000001e4c5e625a0 | a0 25 e6 c5 e4 01 00 00
R12=0x00007ffb87f23ed0 glass.dll
R13=0x00007ffb372f5410 jvm.dll
R14=0x000000b711fff018 points into unknown readable memory: 0x000000b711fff000 | 00 f0 ff 11 b7 00 00 00
R15=0x000001e4c5e625a0 points into unknown readable memory: 0x3ffd455648e0824f | 4f 82 e0 48 56 45 fd 3f

Top of Stack: (sp=0x000000b711ffef10)
0x000000b711ffef10:   0000000000000000 000001e4c5e625a0
0x000000b711ffef20:   00007ffb372f5410 00007ffb87f23ed0
0x000000b711ffef30:   000001e4c5e625a8 00007ffbce9fbea0
0x000000b711ffef40:   000086af5414824f 000001e400000000
0x000000b711ffef50:   000001e4c5e625c8 000001e4c5e625a0
0x000000b711ffef60:   fffffffffffffffe 0000000000000000
0x000000b711ffef70:   0000000000000001 00007ffb87f00000
0x000000b711ffef80:   000000b711fff008 00007ffbce9fbdb7
0x000000b711ffef90:   0000000000000000 000000b711fff018
0x000000b711ffefa0:   000000b711fff300 00007ffbceae12b0
0x000000b711ffefb0:   0000000000000001 00007ffbce9fbd6d
0x000000b711ffefc0:   0000000000000000 0000000000000001
0x000000b711ffefd0:   0000000000000000 000000b711fff008
0x000000b711ffefe0:   fffffffffffffffe 0000000000000000
0x000000b711ffeff0:   0000000000000001 00007ffb87f23d5d
0x000000b711fff000:   00007ffb87f3a008 00007ffb00000002
0x000000b711fff010:   0000000000000002 000000b711fff000
0x000000b711fff020:   0000000000000000 00007ffbd137fec3
0x000000b711fff030:   0000000000000000 00007ffb87f23e82
0x000000b711fff040:   0000000000000001 000000b711fff300
0x000000b711fff050:   0000000000000001 0000000000000001
0x000000b711fff060:   0000000000000001 00007ffbcdfc2223
0x000000b711fff070:   00007ffb00000001 0000000000000000
0x000000b711fff080:   00007ffb87f00000 000000007ffe0384
0x000000b711fff090:   0000000000000000 00007ffbd137ff57
0x000000b711fff0a0:   00007ffb87f00000 0000000000000000
0x000000b711fff0b0:   0000000000000001 000000007ffe0385
0x000000b711fff0c0:   00007ffbd1470e20 00007ffbc105b2f0
0x000000b711fff0d0:   00002d9d4b3ee300 00007ffbc0080000
0x000000b711fff0e0:   00007ffb87f23ed0 0000000000000000
0x000000b711fff0f0:   0000000000000000 000000b7112b6000
0x000000b711fff100:   000001e50bc23d00 00007ffbd139458a 

Instructions: (pc=0x00007ffb87f26587)
0x00007ffb87f26487:   8b 4d 58 e8 8d cf ff ff 48 8b 4d 60 e8 84 cf ff
0x00007ffb87f26497:   ff 48 8b 95 80 00 00 00 48 8b 8d 18 01 00 00 e8
0x00007ffb87f264a7:   76 c4 ff ff 33 d2 33 c9 e8 cc e1 ff ff 90 48 89
0x00007ffb87f264b7:   54 24 10 55 48 83 ec 20 48 8b ea 48 b8 00 00 00
0x00007ffb87f264c7:   00 00 00 00 00 48 83 c4 20 5d c3 cc 40 55 48 8b
0x00007ffb87f264d7:   ea 48 8b 01 33 c9 81 38 05 00 00 c0 0f 94 c1 8b
0x00007ffb87f264e7:   c1 5d c3 cc 40 55 48 83 ec 20 48 8b ea 8a 4d 40
0x00007ffb87f264f7:   48 83 c4 20 5d e9 73 d3 ff ff cc 40 55 48 83 ec
0x00007ffb87f26507:   20 48 8b ea 8a 4d 20 e8 61 d3 ff ff 90 48 83 c4
0x00007ffb87f26517:   20 5d c3 cc 40 55 48 83 ec 20 48 8b ea 48 83 c4
0x00007ffb87f26527:   20 5d e9 c2 d1 ff ff cc 40 55 48 83 ec 30 48 8b
0x00007ffb87f26537:   ea 48 8b 01 8b 10 48 89 4c 24 28 89 54 24 20 4c
0x00007ffb87f26547:   8d 0d 63 d6 ff ff 4c 8b 45 70 8b 55 68 48 8b 4d
0x00007ffb87f26557:   60 e8 03 d1 ff ff 90 48 83 c4 30 5d c3 cc cc cc
0x00007ffb87f26567:   cc cc cc cc cc cc cc cc cc 40 53 48 83 ec 20 48
0x00007ffb87f26577:   8b 1d 8b 34 01 00 48 85 db 74 16 e8 89 8f ff ff
0x00007ffb87f26587:   4c 8b 00 48 8b d3 48 8b c8 41 ff 90 b0 00 00 00
0x00007ffb87f26597:   90 48 83 c4 20 5b c3 cc cc 40 53 48 83 ec 20 48
0x00007ffb87f265a7:   8b 1d fb 35 01 00 48 85 db 74 57 b8 ff ff ff ff
0x00007ffb87f265b7:   f0 0f c1 43 10 83 f8 01 75 3d 48 85 db 74 38 48
0x00007ffb87f265c7:   8b 0b 48 85 c9 74 0d ff 15 d4 0c 00 00 48 c7 03
0x00007ffb87f265d7:   00 00 00 00 48 8b 4b 08 48 85 c9 74 0d e8 33 ce
0x00007ffb87f265e7:   ff ff 48 c7 43 08 00 00 00 00 ba 18 00 00 00 48
0x00007ffb87f265f7:   8b cb e8 1e ce ff ff 48 c7 05 9f 35 01 00 00 00
0x00007ffb87f26607:   00 00 48 83 c4 20 5b c3 cc 40 53 48 83 ec 20 48
0x00007ffb87f26617:   8b 1d 6b 35 01 00 48 85 db 74 57 b8 ff ff ff ff
0x00007ffb87f26627:   f0 0f c1 43 10 83 f8 01 75 3d 48 85 db 74 38 48
0x00007ffb87f26637:   8b 0b 48 85 c9 74 0d ff 15 64 0c 00 00 48 c7 03
0x00007ffb87f26647:   00 00 00 00 48 8b 4b 08 48 85 c9 74 0d e8 c3 cd
0x00007ffb87f26657:   ff ff 48 c7 43 08 00 00 00 00 ba 18 00 00 00 48
0x00007ffb87f26667:   8b cb e8 ae cd ff ff 48 c7 05 0f 35 01 00 00 00
0x00007ffb87f26677:   00 00 48 83 c4 20 5b c3 cc 40 53 48 83 ec 20 48 


Stack slot to memory mapping:

stack at sp + 0 slots: 0x0 is null
stack at sp + 1 slots: 0x000001e4c5e625a0 points into unknown readable memory: 0x3ffd455648e0824f | 4f 82 e0 48 56 45 fd 3f
stack at sp + 2 slots: 0x00007ffb372f5410 jvm.dll
stack at sp + 3 slots: 0x00007ffb87f23ed0 glass.dll
stack at sp + 4 slots: 0x000001e4c5e625a8 points into unknown readable memory: 0x000086af5414824f | 4f 82 14 54 af 86 00 00
stack at sp + 5 slots: 0x00007ffbce9fbea0 ucrtbase.dll
stack at sp + 6 slots: 0x000086af5414824f is an unknown value
stack at sp + 7 slots: 0x000001e400000000 is an unknown value

VM_Operation (0x000000b7115fefa0): Exit, mode: safepoint, requested by thread 0x000001e510ce8e80


---------------  P R O C E S S  ---------------

Threads class SMR info:
_java_thread_list=0x000001e510b4a000, length=20, elements={
0x000001e4a7ac1b00, 0x000001e4c5e76940, 0x000001e4c5e79920, 0x000001e4c5e7bc50,
0x000001e4c5e7cc70, 0x000001e4c5e85300, 0x000001e4c5e86240, 0x000001e4c5e88d20,
0x000001e4c5e3ce70, 0x000001e50b62ffa0, 0x000001e50b7842a0, 0x000001e50bbd6410,
0x000001e50bc548b0, 0x000001e50bc7b3e0, 0x000001e510243a20, 0x000001e5102f4300,
0x000001e510a2ebe0, 0x000001e510a2e550, 0x000001e510a2dec0, 0x000001e510ce8e80
}

Java Threads: ( => current thread )
  0x000001e4a7ac1b00 JavaThread "main"                              [_thread_blocked, id=18376, stack(0x000000b711800000,0x000000b711900000) (1024K)]
  0x000001e4c5e76940 JavaThread "Reference Handler"          daemon [_thread_blocked, id=19320, stack(0x000000b712000000,0x000000b712100000) (1024K)]
  0x000001e4c5e79920 JavaThread "Finalizer"                  daemon [_thread_blocked, id=14132, stack(0x000000b712100000,0x000000b712200000) (1024K)]
  0x000001e4c5e7bc50 JavaThread "Attach Listener"            daemon [_thread_blocked, id=4224, stack(0x000000b712300000,0x000000b712400000) (1024K)]
  0x000001e4c5e7cc70 JavaThread "Service Thread"             daemon [_thread_blocked, id=15808, stack(0x000000b712400000,0x000000b712500000) (1024K)]
  0x000001e4c5e85300 JavaThread "Monitor Deflation Thread"   daemon [_thread_blocked, id=16924, stack(0x000000b712500000,0x000000b712600000) (1024K)]
  0x000001e4c5e86240 JavaThread "C2 CompilerThread0"         daemon [_thread_blocked, id=7840, stack(0x000000b712600000,0x000000b712700000) (1024K)]
  0x000001e4c5e88d20 JavaThread "C1 CompilerThread0"         daemon [_thread_blocked, id=6964, stack(0x000000b712700000,0x000000b712800000) (1024K)]
  0x000001e4c5e3ce70 JavaThread "Common-Cleaner"             daemon [_thread_blocked, id=10020, stack(0x000000b712800000,0x000000b712900000) (1024K)]
  0x000001e50b62ffa0 JavaThread "Monitor Ctrl-Break"         daemon [_thread_in_native, id=15100, stack(0x000000b712a00000,0x000000b712b00000) (1024K)]
  0x000001e50b7842a0 JavaThread "Notification Thread"        daemon [_thread_blocked, id=2256, stack(0x000000b712b00000,0x000000b712c00000) (1024K)]
  0x000001e50bbd6410 JavaThread "QuantumRenderer-0"          daemon [_thread_blocked, id=8644, stack(0x000000b712f00000,0x000000b713000000) (1024K)]
  0x000001e50bc548b0 JavaThread "InvokeLaterDispatcher"      daemon [_thread_blocked, id=17528, stack(0x000000b713000000,0x000000b713100000) (1024K)]
  0x000001e50bc7b3e0 JavaThread "JavaFX Application Thread"         [_thread_in_native, id=9968, stack(0x000000b713100000,0x000000b713200000) (1024K)]
  0x000001e510243a20 JavaThread "Thread-1"                   daemon [_thread_in_native, id=3820, stack(0x000000b713500000,0x000000b713600000) (1024K)]
  0x000001e5102f4300 JavaThread "JavaFX-Launcher"                   [_thread_blocked, id=17784, stack(0x000000b713600000,0x000000b713700000) (1024K)]
  0x000001e510a2ebe0 JavaThread "Prism Font Disposer"        daemon [_thread_blocked, id=3756, stack(0x000000b713a00000,0x000000b713b00000) (1024K)]
  0x000001e510a2e550 JavaThread "Cleaner-0"                  daemon [_thread_blocked, id=7552, stack(0x000000b713c00000,0x000000b713d00000) (1024K)]
  0x000001e510a2dec0 JavaThread "mysql-cj-abandoned-connection-cleanup" daemon [_thread_blocked, id=16972, stack(0x000000b712900000,0x000000b712a00000) (1024K)]
  0x000001e510ce8e80 JavaThread "SIGINT handler"             daemon [_thread_blocked, id=15124, stack(0x000000b711500000,0x000000b711600000) (1024K)]
Total: 20

Other Threads:
=>0x000001e4c5e53850 VMThread "VM Thread"                           [id=16136, stack(0x000000b711f00000,0x000000b712000000) (1024K)]
  0x000001e4a7cbbfb0 WorkerThread "GC Thread#0"                     [id=3872, stack(0x000000b711900000,0x000000b711a00000) (1024K)]
  0x000001e50b9f2f00 WorkerThread "GC Thread#1"                     [id=3880, stack(0x000000b712c00000,0x000000b712d00000) (1024K)]
  0x000001e50b4ba600 WorkerThread "GC Thread#2"                     [id=7732, stack(0x000000b712d00000,0x000000b712e00000) (1024K)]
  0x000001e50bb4f910 WorkerThread "GC Thread#3"                     [id=17276, stack(0x000000b712e00000,0x000000b712f00000) (1024K)]
  0x000001e4a7ccc950 ConcurrentGCThread "G1 Main Marker"            terminated
  0x000001e4a7ccdda0 WorkerThread "G1 Conc#0"                       [id=13632, stack(0x000000b711b00000,0x000000b711c00000) (1024K)]
  0x000001e4c5d110a0 ConcurrentGCThread "G1 Refine#0"               terminated
  0x000001e4c5d11c10 ConcurrentGCThread "G1 Service"                terminated
Total: 9

Threads with active compile tasks:
C2 CompilerThread0    69530 3884       4       java.util.concurrent.ConcurrentHashMap$Traverser::advance (188 bytes)
Total: 1

VM state: at safepoint (shutting down)

VM Mutex/Monitor currently owned by a thread:  ([mutex/lock_event])
[0x00007ffb372cd9c8] Threads_lock - owner thread: 0x000001e4c5e53850
[0x00007ffb372cdac8] Heap_lock - owner thread: 0x000001e510ce8e80

Heap address: 0x0000000083200000, size: 1998 MB, Compressed Oops mode: 32-bit

CDS archive(s) mapped at: [0x000001e4c6000000-0x000001e4c6c90000-0x000001e4c6c90000), size 13172736, SharedBaseAddress: 0x000001e4c6000000, ArchiveRelocationMode: 1.
Compressed class space mapped at: 0x000001e4c7000000-0x000001e507000000, reserved size: 1073741824
Narrow klass base: 0x000001e4c6000000, Narrow klass shift: 0, Narrow klass range: 0x100000000

GC Precious Log:
 CardTable entry size: 512
 Card Set container configuration: InlinePtr #cards 5 size 8 Array Of Cards #cards 12 size 40 Howl #buckets 4 coarsen threshold 1843 Howl Bitmap #cards 512 size 80 coarsen threshold 460 Card regions per heap region 1 cards per card region 2048
 CPUs: 4 total, 4 available
 Memory: 7991M
 Large Page Support: Disabled
 NUMA Support: Disabled
 Compressed Oops: Enabled (32-bit)
 Heap Region Size: 1M
 Heap Min Capacity: 8M
 Heap Initial Capacity: 126M
 Heap Max Capacity: 1998M
 Pre-touch: Disabled
 Parallel Workers: 4
 Concurrent Workers: 1
 Concurrent Refinement Workers: 4
 Periodic GC: Disabled

Heap:
 garbage-first heap   total 68608K, used 48257K [0x0000000083200000, 0x0000000100000000)
  region size 1024K, 20 young (20480K), 8 survivors (8192K)
 Metaspace       used 24124K, committed 24448K, reserved 1114112K
  class space    used 3230K, committed 3392K, reserved 1048576K

Heap Regions: E=young(eden), S=young(survivor), O=old, HS=humongous(starts), HC=humongous(continues), CS=collection set, F=free, TAMS=top-at-mark-start, PB=parsable bottom
|   0|0x0000000083200000, 0x0000000083300000, 0x0000000083300000|100%|HS|  |TAMS 0x0000000083200000| PB 0x0000000083200000| Complete 
|   1|0x0000000083300000, 0x0000000083400000, 0x0000000083400000|100%|HC|  |TAMS 0x0000000083300000| PB 0x0000000083300000| Complete 
|   2|0x0000000083400000, 0x0000000083500000, 0x0000000083500000|100%|HC|  |TAMS 0x0000000083400000| PB 0x0000000083400000| Complete 
|   3|0x0000000083500000, 0x0000000083600000, 0x0000000083600000|100%|HC|  |TAMS 0x0000000083500000| PB 0x0000000083500000| Complete 
|   4|0x0000000083600000, 0x0000000083700000, 0x0000000083700000|100%|HC|  |TAMS 0x0000000083600000| PB 0x0000000083600000| Complete 
|   5|0x0000000083700000, 0x0000000083800000, 0x0000000083800000|100%|HC|  |TAMS 0x0000000083700000| PB 0x0000000083700000| Complete 
|   6|0x0000000083800000, 0x0000000083900000, 0x0000000083900000|100%| O|  |TAMS 0x0000000083800000| PB 0x0000000083800000| Untracked 
|   7|0x0000000083900000, 0x0000000083a00000, 0x0000000083a00000|100%| O|  |TAMS 0x0000000083900000| PB 0x0000000083900000| Untracked 
|   8|0x0000000083a00000, 0x0000000083a20400, 0x0000000083b00000| 12%| O|Cm|TAMS 0x0000000083a00000| PB 0x0000000083a00000| Complete 
|   9|0x0000000083b00000, 0x0000000083c00000, 0x0000000083c00000|100%|HS|  |TAMS 0x0000000083b00000| PB 0x0000000083b00000| Complete 
|  10|0x0000000083c00000, 0x0000000083d00000, 0x0000000083d00000|100%|HC|  |TAMS 0x0000000083c00000| PB 0x0000000083c00000| Complete 
|  11|0x0000000083d00000, 0x0000000083e00000, 0x0000000083e00000|100%|HS|  |TAMS 0x0000000083d00000| PB 0x0000000083d00000| Complete 
|  12|0x0000000083e00000, 0x0000000083f00000, 0x0000000083f00000|100%|HC|  |TAMS 0x0000000083e00000| PB 0x0000000083e00000| Complete 
|  13|0x0000000083f00000, 0x0000000084000000, 0x0000000084000000|100%|HC|  |TAMS 0x0000000083f00000| PB 0x0000000083f00000| Complete 
|  14|0x0000000084000000, 0x0000000084100000, 0x0000000084100000|100%|HC|  |TAMS 0x0000000084000000| PB 0x0000000084000000| Complete 
|  15|0x0000000084100000, 0x0000000084200000, 0x0000000084200000|100%|HC|  |TAMS 0x0000000084100000| PB 0x0000000084100000| Complete 
|  16|0x0000000084200000, 0x0000000084300000, 0x0000000084300000|100%|HC|  |TAMS 0x0000000084200000| PB 0x0000000084200000| Complete 
|  17|0x0000000084300000, 0x0000000084400000, 0x0000000084400000|100%|HS|  |TAMS 0x0000000084300000| PB 0x0000000084300000| Complete 
|  18|0x0000000084400000, 0x0000000084500000, 0x0000000084500000|100%|HC|  |TAMS 0x0000000084400000| PB 0x0000000084400000| Complete 
|  19|0x0000000084500000, 0x0000000084600000, 0x0000000084600000|100%|HC|  |TAMS 0x0000000084500000| PB 0x0000000084500000| Complete 
|  20|0x0000000084600000, 0x0000000084700000, 0x0000000084700000|100%|HC|  |TAMS 0x0000000084600000| PB 0x0000000084600000| Complete 
|  21|0x0000000084700000, 0x0000000084800000, 0x0000000084800000|100%|HC|  |TAMS 0x0000000084700000| PB 0x0000000084700000| Complete 
|  22|0x0000000084800000, 0x0000000084900000, 0x0000000084900000|100%|HC|  |TAMS 0x0000000084800000| PB 0x0000000084800000| Complete 
|  23|0x0000000084900000, 0x0000000084a00000, 0x0000000084a00000|100%|HS|  |TAMS 0x0000000084900000| PB 0x0000000084900000| Complete 
|  24|0x0000000084a00000, 0x0000000084b00000, 0x0000000084b00000|100%|HC|  |TAMS 0x0000000084a00000| PB 0x0000000084a00000| Complete 
|  25|0x0000000084b00000, 0x0000000084c00000, 0x0000000084c00000|100%|HC|  |TAMS 0x0000000084b00000| PB 0x0000000084b00000| Complete 
|  26|0x0000000084c00000, 0x0000000084d00000, 0x0000000084d00000|100%|HC|  |TAMS 0x0000000084c00000| PB 0x0000000084c00000| Complete 
|  27|0x0000000084d00000, 0x0000000084e00000, 0x0000000084e00000|100%|HC|  |TAMS 0x0000000084d00000| PB 0x0000000084d00000| Complete 
|  28|0x0000000084e00000, 0x0000000084f00000, 0x0000000084f00000|100%|HC|  |TAMS 0x0000000084e00000| PB 0x0000000084e00000| Complete 
|  29|0x0000000084f00000, 0x0000000084f00000, 0x0000000085000000|  0%| F|  |TAMS 0x0000000084f00000| PB 0x0000000084f00000| Untracked 
|  30|0x0000000085000000, 0x0000000085000000, 0x0000000085100000|  0%| F|  |TAMS 0x0000000085000000| PB 0x0000000085000000| Untracked 
|  31|0x0000000085100000, 0x0000000085100000, 0x0000000085200000|  0%| F|  |TAMS 0x0000000085100000| PB 0x0000000085100000| Untracked 
|  32|0x0000000085200000, 0x0000000085200000, 0x0000000085300000|  0%| F|  |TAMS 0x0000000085200000| PB 0x0000000085200000| Untracked 
|  33|0x0000000085300000, 0x0000000085300000, 0x0000000085400000|  0%| F|  |TAMS 0x0000000085300000| PB 0x0000000085300000| Untracked 
|  34|0x0000000085400000, 0x0000000085400000, 0x0000000085500000|  0%| F|  |TAMS 0x0000000085400000| PB 0x0000000085400000| Untracked 
|  35|0x0000000085500000, 0x0000000085500000, 0x0000000085600000|  0%| F|  |TAMS 0x0000000085500000| PB 0x0000000085500000| Untracked 
|  36|0x0000000085600000, 0x0000000085600000, 0x0000000085700000|  0%| F|  |TAMS 0x0000000085600000| PB 0x0000000085600000| Untracked 
|  37|0x0000000085700000, 0x0000000085700000, 0x0000000085800000|  0%| F|  |TAMS 0x0000000085700000| PB 0x0000000085700000| Untracked 
|  38|0x0000000085800000, 0x0000000085800000, 0x0000000085900000|  0%| F|  |TAMS 0x0000000085800000| PB 0x0000000085800000| Untracked 
|  39|0x0000000085900000, 0x0000000085900000, 0x0000000085a00000|  0%| F|  |TAMS 0x0000000085900000| PB 0x0000000085900000| Untracked 
|  40|0x0000000085a00000, 0x0000000085a00000, 0x0000000085b00000|  0%| F|  |TAMS 0x0000000085a00000| PB 0x0000000085a00000| Untracked 
|  41|0x0000000085b00000, 0x0000000085b00000, 0x0000000085c00000|  0%| F|  |TAMS 0x0000000085b00000| PB 0x0000000085b00000| Untracked 
|  42|0x0000000085c00000, 0x0000000085c00000, 0x0000000085d00000|  0%| F|  |TAMS 0x0000000085c00000| PB 0x0000000085c00000| Untracked 
|  43|0x0000000085d00000, 0x0000000085d00000, 0x0000000085e00000|  0%| F|  |TAMS 0x0000000085d00000| PB 0x0000000085d00000| Untracked 
|  44|0x0000000085e00000, 0x0000000085e00000, 0x0000000085f00000|  0%| F|  |TAMS 0x0000000085e00000| PB 0x0000000085e00000| Untracked 
|  45|0x0000000085f00000, 0x0000000085f00000, 0x0000000086000000|  0%| F|  |TAMS 0x0000000085f00000| PB 0x0000000085f00000| Untracked 
|  46|0x0000000086000000, 0x0000000086000000, 0x0000000086100000|  0%| F|  |TAMS 0x0000000086000000| PB 0x0000000086000000| Untracked 
|  47|0x0000000086100000, 0x00000000861812a0, 0x0000000086200000| 50%| E|  |TAMS 0x0000000086100000| PB 0x0000000086100000| Complete 
|  48|0x0000000086200000, 0x0000000086300000, 0x0000000086300000|100%| E|CS|TAMS 0x0000000086200000| PB 0x0000000086200000| Complete 
|  49|0x0000000086300000, 0x0000000086400000, 0x0000000086400000|100%| E|CS|TAMS 0x0000000086300000| PB 0x0000000086300000| Complete 
|  50|0x0000000086400000, 0x0000000086500000, 0x0000000086500000|100%| E|CS|TAMS 0x0000000086400000| PB 0x0000000086400000| Complete 
|  51|0x0000000086500000, 0x0000000086600000, 0x0000000086600000|100%| E|CS|TAMS 0x0000000086500000| PB 0x0000000086500000| Complete 
|  52|0x0000000086600000, 0x0000000086700000, 0x0000000086700000|100%| E|CS|TAMS 0x0000000086600000| PB 0x0000000086600000| Complete 
|  53|0x0000000086700000, 0x0000000086800000, 0x0000000086800000|100%| E|CS|TAMS 0x0000000086700000| PB 0x0000000086700000| Complete 
|  54|0x0000000086800000, 0x0000000086900000, 0x0000000086900000|100%| E|CS|TAMS 0x0000000086800000| PB 0x0000000086800000| Complete 
|  55|0x0000000086900000, 0x0000000086a00000, 0x0000000086a00000|100%| E|CS|TAMS 0x0000000086900000| PB 0x0000000086900000| Complete 
|  56|0x0000000086a00000, 0x0000000086b00000, 0x0000000086b00000|100%| E|CS|TAMS 0x0000000086a00000| PB 0x0000000086a00000| Complete 
|  57|0x0000000086b00000, 0x0000000086c00000, 0x0000000086c00000|100%| E|CS|TAMS 0x0000000086b00000| PB 0x0000000086b00000| Complete 
|  70|0x0000000087800000, 0x0000000087900000, 0x0000000087900000|100%| S|CS|TAMS 0x0000000087800000| PB 0x0000000087800000| Complete 
|  71|0x0000000087900000, 0x0000000087a00000, 0x0000000087a00000|100%| S|CS|TAMS 0x0000000087900000| PB 0x0000000087900000| Complete 
|  72|0x0000000087a00000, 0x0000000087b00000, 0x0000000087b00000|100%| S|CS|TAMS 0x0000000087a00000| PB 0x0000000087a00000| Complete 
|  73|0x0000000087b00000, 0x0000000087c00000, 0x0000000087c00000|100%| S|CS|TAMS 0x0000000087b00000| PB 0x0000000087b00000| Complete 
|  74|0x0000000087c00000, 0x0000000087d00000, 0x0000000087d00000|100%| S|CS|TAMS 0x0000000087c00000| PB 0x0000000087c00000| Complete 
|  75|0x0000000087d00000, 0x0000000087e00000, 0x0000000087e00000|100%| S|CS|TAMS 0x0000000087d00000| PB 0x0000000087d00000| Complete 
|  76|0x0000000087e00000, 0x0000000087f00000, 0x0000000087f00000|100%| S|CS|TAMS 0x0000000087e00000| PB 0x0000000087e00000| Complete 
|  77|0x0000000087f00000, 0x0000000088000000, 0x0000000088000000|100%| S|CS|TAMS 0x0000000087f00000| PB 0x0000000087f00000| Complete 
| 125|0x000000008af00000, 0x000000008b000000, 0x000000008b000000|100%| E|CS|TAMS 0x000000008af00000| PB 0x000000008af00000| Complete 

Card table byte_map: [0x000001e4c1530000,0x000001e4c1920000] _byte_map_base: 0x000001e4c1117000

Marking Bits: (CMBitMap*) 0x000001e4a7cbc6b0
 Bits: [0x000001e4c1920000, 0x000001e4c3858000)

Polling page: 0x000001e4a7d40000

Metaspace:

Usage:
  Non-class:     20.40 MB used.
      Class:      3.15 MB used.
       Both:     23.56 MB used.

Virtual space:
  Non-class space:       64.00 MB reserved,      20.56 MB ( 32%) committed,  1 nodes.
      Class space:        1.00 GB reserved,       3.31 MB ( <1%) committed,  1 nodes.
             Both:        1.06 GB reserved,      23.88 MB (  2%) committed. 

Chunk freelists:
   Non-Class:  11.27 MB
       Class:  12.62 MB
        Both:  23.89 MB

MaxMetaspaceSize: unlimited
CompressedClassSpaceSize: 1.00 GB
Initial GC threshold: 21.00 MB
Current GC threshold: 35.25 MB
CDS: on
 - commit_granule_bytes: 65536.
 - commit_granule_words: 8192.
 - virtual_space_node_default_size: 8388608.
 - enlarge_chunks_in_place: 1.
 - use_allocation_guard: 0.


Internal statistics:

num_allocs_failed_limit: 3.
num_arena_births: 346.
num_arena_deaths: 0.
num_vsnodes_births: 2.
num_vsnodes_deaths: 0.
num_space_committed: 382.
num_space_uncommitted: 0.
num_chunks_returned_to_freelist: 3.
num_chunks_taken_from_freelist: 998.
num_chunk_merges: 3.
num_chunk_splits: 694.
num_chunks_enlarged: 527.
num_inconsistent_stats: 0.

CodeHeap 'non-profiled nmethods': size=120000Kb used=1722Kb max_used=1722Kb free=118278Kb
 bounds [0x000001e4b95e0000, 0x000001e4b9850000, 0x000001e4c0b10000]
CodeHeap 'profiled nmethods': size=120000Kb used=7544Kb max_used=7544Kb free=112455Kb
 bounds [0x000001e4b1b10000, 0x000001e4b2270000, 0x000001e4b9040000]
CodeHeap 'non-nmethods': size=5760Kb used=2160Kb max_used=2194Kb free=3599Kb
 bounds [0x000001e4b9040000, 0x000001e4b92b0000, 0x000001e4b95e0000]
 total_blobs=4776 nmethods=3883 adapters=795
 compilation: enabled
              stopped_count=0, restarted_count=0
 full_count=0

Compilation events (20 events):
Event: 42.720 Thread 0x000001e4c5e86240 nmethod 3875 0x000001e4b978c390 code [0x000001e4b978c500, 0x000001e4b978c568]
Event: 43.081 Thread 0x000001e4c5e88d20 3876       3       com.sun.prism.impl.ps.PaintHelper::setMultiGradient (177 bytes)
Event: 43.082 Thread 0x000001e4c5e88d20 nmethod 3876 0x000001e4b226b110 code [0x000001e4b226b420, 0x000001e4b226c278]
Event: 43.082 Thread 0x000001e4c5e88d20 3877       3       com.sun.javafx.font.CompositeFontResource::isColorGlyph (28 bytes)
Event: 43.083 Thread 0x000001e4c5e88d20 nmethod 3877 0x000001e4b226c710 code [0x000001e4b226c8e0, 0x000001e4b226cb90]
Event: 43.083 Thread 0x000001e4c5e88d20 3878       3       com.sun.javafx.font.PrismFontFile::isColorGlyph (27 bytes)
Event: 43.083 Thread 0x000001e4c5e88d20 nmethod 3878 0x000001e4b226cc90 code [0x000001e4b226ce60, 0x000001e4b226d188]
Event: 43.083 Thread 0x000001e4c5e88d20 3879  s    3       com.sun.javafx.font.PrismFontFile::fontSupportsColorGlyphs (51 bytes)
Event: 43.083 Thread 0x000001e4c5e88d20 nmethod 3879 0x000001e4b226d290 code [0x000001e4b226d460, 0x000001e4b226d910]
Event: 43.580 Thread 0x000001e4c5e86240 3880   !   4       javafx.scene.Node::pickNode (130 bytes)
Event: 43.597 Thread 0x000001e4c5e86240 nmethod 3880 0x000001e4b978c690 code [0x000001e4b978c900, 0x000001e4b978d168]
Event: 43.754 Thread 0x000001e4c5e88d20 3881       3       javafx.scene.input.PickResult::<init> (50 bytes)
Event: 43.755 Thread 0x000001e4c5e88d20 nmethod 3881 0x000001e4b226da10 code [0x000001e4b226dbc0, 0x000001e4b226deb8]
Event: 44.000 Thread 0x000001e4c5e86240 3882       4       com.sun.javafx.event.EventHandlerManager::dispatchBubblingEvent (41 bytes)
Event: 44.010 Thread 0x000001e4c5e86240 nmethod 3882 0x000001e4b978da90 code [0x000001e4b978dc80, 0x000001e4b978e0e0]
Event: 68.617 Thread 0x000001e4c5e88d20 3883       1       java.util.logging.LogManager$LoggerContext::getOwner (5 bytes)
Event: 68.617 Thread 0x000001e4c5e88d20 nmethod 3883 0x000001e4b978e510 code [0x000001e4b978e6a0, 0x000001e4b978e768]
Event: 68.618 Thread 0x000001e4c5e86240 3884       4       java.util.concurrent.ConcurrentHashMap$Traverser::advance (188 bytes)
Event: 68.620 Thread 0x000001e4c5e88d20 3885       3       sun.invoke.util.Wrapper::isDoubleWord (15 bytes)
Event: 68.620 Thread 0x000001e4c5e88d20 nmethod 3885 0x000001e4b226df90 code [0x000001e4b226e120, 0x000001e4b226e290]

GC Heap History (6 events):
Event: 0.501 GC heap before
{Heap before GC invocations=0 (full 0):
 garbage-first heap   total 129024K, used 12288K [0x0000000083200000, 0x0000000100000000)
  region size 1024K, 13 young (13312K), 0 survivors (0K)
 Metaspace       used 2389K, committed 2560K, reserved 1114112K
  class space    used 249K, committed 320K, reserved 1048576K
}
Event: 0.504 GC heap after
{Heap after GC invocations=1 (full 0):
 garbage-first heap   total 129024K, used 2048K [0x0000000083200000, 0x0000000100000000)
  region size 1024K, 2 young (2048K), 2 survivors (2048K)
 Metaspace       used 2389K, committed 2560K, reserved 1114112K
  class space    used 249K, committed 320K, reserved 1048576K
}
Event: 0.964 GC heap before
{Heap before GC invocations=1 (full 0):
 garbage-first heap   total 129024K, used 28672K [0x0000000083200000, 0x0000000100000000)
  region size 1024K, 23 young (23552K), 2 survivors (2048K)
 Metaspace       used 8378K, committed 8704K, reserved 1114112K
  class space    used 1110K, committed 1280K, reserved 1048576K
}
Event: 0.967 GC heap after
{Heap after GC invocations=2 (full 0):
 garbage-first heap   total 129024K, used 10632K [0x0000000083200000, 0x0000000100000000)
  region size 1024K, 3 young (3072K), 3 survivors (3072K)
 Metaspace       used 8378K, committed 8704K, reserved 1114112K
  class space    used 1110K, committed 1280K, reserved 1048576K
}
Event: 3.155 GC heap before
{Heap before GC invocations=2 (full 0):
 garbage-first heap   total 129024K, used 56712K [0x0000000083200000, 0x0000000100000000)
  region size 1024K, 48 young (49152K), 3 survivors (3072K)
 Metaspace       used 21245K, committed 21504K, reserved 1114112K
  class space    used 2955K, committed 3072K, reserved 1048576K
}
Event: 3.163 GC heap after
{Heap after GC invocations=3 (full 0):
 garbage-first heap   total 129024K, used 18561K [0x0000000083200000, 0x0000000100000000)
  region size 1024K, 8 young (8192K), 8 survivors (8192K)
 Metaspace       used 21245K, committed 21504K, reserved 1114112K
  class space    used 2955K, committed 3072K, reserved 1048576K
}

Dll operation events (20 events):
Event: 0.444 Loaded shared library C:\Users\NickS\.openjfx\cache\21-ea+null\amd64\api-ms-win-crt-multibyte-l1-1-0.dll
Event: 0.446 Loaded shared library C:\Users\NickS\.openjfx\cache\21-ea+null\amd64\api-ms-win-crt-private-l1-1-0.dll
Event: 0.449 Loaded shared library C:\Users\NickS\.openjfx\cache\21-ea+null\amd64\api-ms-win-crt-process-l1-1-0.dll
Event: 0.451 Loaded shared library C:\Users\NickS\.openjfx\cache\21-ea+null\amd64\api-ms-win-crt-runtime-l1-1-0.dll
Event: 0.454 Loaded shared library C:\Users\NickS\.openjfx\cache\21-ea+null\amd64\api-ms-win-crt-stdio-l1-1-0.dll
Event: 0.457 Loaded shared library C:\Users\NickS\.openjfx\cache\21-ea+null\amd64\api-ms-win-crt-string-l1-1-0.dll
Event: 0.459 Loaded shared library C:\Users\NickS\.openjfx\cache\21-ea+null\amd64\api-ms-win-crt-time-l1-1-0.dll
Event: 0.462 Loaded shared library C:\Users\NickS\.openjfx\cache\21-ea+null\amd64\api-ms-win-crt-utility-l1-1-0.dll
Event: 0.477 Loaded shared library C:\Users\NickS\.openjfx\cache\21-ea+null\amd64\ucrtbase.dll
Event: 0.481 Loaded shared library C:\Users\NickS\.openjfx\cache\21-ea+null\amd64\vcruntime140.dll
Event: 0.484 Loaded shared library C:\Users\NickS\.openjfx\cache\21-ea+null\amd64\vcruntime140_1.dll
Event: 0.493 Loaded shared library C:\Users\NickS\.openjfx\cache\21-ea+null\amd64\msvcp140.dll
Event: 0.496 Loaded shared library C:\Users\NickS\.openjfx\cache\21-ea+null\amd64\msvcp140_1.dll
Event: 0.500 Loaded shared library C:\Users\NickS\.openjfx\cache\21-ea+null\amd64\msvcp140_2.dll
Event: 0.547 Loaded shared library C:\Users\NickS\.openjfx\cache\21-ea+null\amd64\prism_d3d.dll
Event: 0.588 Loaded shared library C:\Users\NickS\.openjfx\cache\21-ea+null\amd64\glass.dll
Event: 0.719 Loaded shared library C:\Users\NickS\.jdks\corretto-21.0.1\bin\jimage.dll
Event: 0.893 Loaded shared library C:\Users\NickS\.openjfx\cache\21-ea+null\amd64\javafx_iio.dll
Event: 0.994 Loaded shared library C:\Users\NickS\.openjfx\cache\21-ea+null\amd64\javafx_font.dll
Event: 2.948 Loaded shared library C:\Users\NickS\.jdks\corretto-21.0.1\bin\sunmscapi.dll

Deoptimization events (20 events):
Event: 17.297 Thread 0x000001e50bbd6410 DEOPT PACKING pc=0x000001e4b222184a sp=0x000000b712ffdd30
Event: 17.297 Thread 0x000001e50bbd6410 DEOPT UNPACKING pc=0x000001e4b90988e2 sp=0x000000b712ffd188 mode 0
Event: 17.297 Thread 0x000001e50bbd6410 DEOPT PACKING pc=0x000001e4b222184a sp=0x000000b712ffdd30
Event: 17.297 Thread 0x000001e50bbd6410 DEOPT UNPACKING pc=0x000001e4b90988e2 sp=0x000000b712ffd188 mode 0
Event: 17.297 Thread 0x000001e50bbd6410 DEOPT PACKING pc=0x000001e4b222184a sp=0x000000b712ffdd30
Event: 17.297 Thread 0x000001e50bbd6410 DEOPT UNPACKING pc=0x000001e4b90988e2 sp=0x000000b712ffd188 mode 0
Event: 17.297 Thread 0x000001e50bbd6410 DEOPT PACKING pc=0x000001e4b222186b sp=0x000000b712ffdd30
Event: 17.297 Thread 0x000001e50bbd6410 DEOPT UNPACKING pc=0x000001e4b90988e2 sp=0x000000b712ffd198 mode 0
Event: 17.298 Thread 0x000001e50bbd6410 DEOPT PACKING pc=0x000001e4b222186b sp=0x000000b712ffdd30
Event: 17.298 Thread 0x000001e50bbd6410 DEOPT UNPACKING pc=0x000001e4b90988e2 sp=0x000000b712ffd198 mode 0
Event: 17.298 Thread 0x000001e50bbd6410 DEOPT PACKING pc=0x000001e4b222184a sp=0x000000b712ffdd30
Event: 17.298 Thread 0x000001e50bbd6410 DEOPT UNPACKING pc=0x000001e4b90988e2 sp=0x000000b712ffd188 mode 0
Event: 17.298 Thread 0x000001e50bbd6410 DEOPT PACKING pc=0x000001e4b222184a sp=0x000000b712ffdd30
Event: 17.298 Thread 0x000001e50bbd6410 DEOPT UNPACKING pc=0x000001e4b90988e2 sp=0x000000b712ffd188 mode 0
Event: 17.934 Thread 0x000001e50bbd6410 DEOPT PACKING pc=0x000001e4b2197ed8 sp=0x000000b712ffde60
Event: 17.934 Thread 0x000001e50bbd6410 DEOPT UNPACKING pc=0x000001e4b90988e2 sp=0x000000b712ffd2b0 mode 0
Event: 42.499 Thread 0x000001e50bbd6410 DEOPT PACKING pc=0x000001e4b2198119 sp=0x000000b712ffde60
Event: 42.499 Thread 0x000001e50bbd6410 DEOPT UNPACKING pc=0x000001e4b90988e2 sp=0x000000b712ffd2b0 mode 0
Event: 42.501 Thread 0x000001e50bbd6410 DEOPT PACKING pc=0x000001e4b2197ed8 sp=0x000000b712ffde60
Event: 42.502 Thread 0x000001e50bbd6410 DEOPT UNPACKING pc=0x000001e4b90988e2 sp=0x000000b712ffd2b0 mode 0

Classes loaded (20 events):
Event: 3.382 Loading class java/io/InterruptedIOException
Event: 3.382 Loading class java/io/InterruptedIOException done
Event: 3.386 Loading class java/lang/StringIndexOutOfBoundsException
Event: 3.386 Loading class java/lang/StringIndexOutOfBoundsException done
Event: 3.388 Loading class java/util/concurrent/atomic/AtomicReferenceFieldUpdater
Event: 3.388 Loading class java/util/concurrent/atomic/AtomicReferenceFieldUpdater done
Event: 3.388 Loading class java/util/concurrent/atomic/AtomicReferenceFieldUpdater$AtomicReferenceFieldUpdaterImpl
Event: 3.388 Loading class java/util/concurrent/atomic/AtomicReferenceFieldUpdater$AtomicReferenceFieldUpdaterImpl done
Event: 3.388 Loading class java/util/concurrent/atomic/AtomicReferenceFieldUpdater$AtomicReferenceFieldUpdaterImpl$1
Event: 3.388 Loading class java/util/concurrent/atomic/AtomicReferenceFieldUpdater$AtomicReferenceFieldUpdaterImpl$1 done
Event: 3.389 Loading class sun/reflect/misc/ReflectUtil
Event: 3.389 Loading class sun/reflect/misc/ReflectUtil done
Event: 3.389 Loading class java/lang/Throwable$WrappedPrintStream
Event: 3.389 Loading class java/lang/Throwable$PrintStreamOrWriter
Event: 3.389 Loading class java/lang/Throwable$PrintStreamOrWriter done
Event: 3.389 Loading class java/lang/Throwable$WrappedPrintStream done
Event: 15.684 Loading class java/io/CharArrayReader
Event: 15.684 Loading class java/io/CharArrayReader done
Event: 68.616 Loading class jdk/internal/misc/Signal$1
Event: 68.616 Loading class jdk/internal/misc/Signal$1 done

Classes unloaded (0 events):
No events

Classes redefined (0 events):
No events

Internal exceptions (20 events):
Event: 1.490 Thread 0x000001e50bc7b3e0 Exception <a 'java/lang/NoSuchMethodError'{0x0000000088fa6988}: 'java.lang.Object java.lang.invoke.DirectMethodHandle$Holder.newInvokeSpecial(java.lang.Object, java.lang.Object, int)'> (0x0000000088fa6988) 
thrown [s\src\hotspot\share\interpreter\linkResolver.cpp, line 773]
Event: 1.545 Thread 0x000001e50bc7b3e0 Exception <a 'java/lang/NoSuchMethodError'{0x0000000088e6fe18}: 'long java.lang.invoke.DirectMethodHandle$Holder.invokeStatic(java.lang.Object, java.lang.Object, java.lang.Object)'> (0x0000000088e6fe18) 
thrown [s\src\hotspot\share\interpreter\linkResolver.cpp, line 773]
Event: 1.545 Thread 0x000001e50bbd6410 Exception <a 'java/lang/NoSuchMethodError'{0x0000000088e679c8}: 'int java.lang.invoke.DirectMethodHandle$Holder.invokeStaticInit(java.lang.Object, java.lang.Object)'> (0x0000000088e679c8) 
thrown [s\src\hotspot\share\interpreter\linkResolver.cpp, line 773]
Event: 1.545 Thread 0x000001e50bc7b3e0 Exception <a 'java/lang/NoSuchMethodError'{0x0000000088e731e8}: 'long java.lang.invoke.DirectMethodHandle$Holder.invokeStaticInit(java.lang.Object, java.lang.Object, java.lang.Object)'> (0x0000000088e731e8) 
thrown [s\src\hotspot\share\interpreter\linkResolver.cpp, line 773]
Event: 1.547 Thread 0x000001e50bc7b3e0 Exception <a 'java/lang/NoSuchMethodError'{0x0000000088e877e0}: 'java.lang.Object java.lang.invoke.DirectMethodHandle$Holder.newInvokeSpecial(java.lang.Object, java.lang.Object, long)'> (0x0000000088e877e0) 
thrown [s\src\hotspot\share\interpreter\linkResolver.cpp, line 773]
Event: 1.547 Thread 0x000001e50bc7b3e0 Exception <a 'java/lang/NoSuchMethodError'{0x0000000088e8b0d8}: 'java.lang.Object java.lang.invoke.Invokers$Holder.linkToTargetMethod(java.lang.Object, long, java.lang.Object)'> (0x0000000088e8b0d8) 
thrown [s\src\hotspot\share\interpreter\linkResolver.cpp, line 773]
Event: 2.689 Thread 0x000001e50bc7b3e0 Exception <a 'sun/nio/fs/WindowsException'{0x000000008897ae48}> (0x000000008897ae48) 
thrown [s\src\hotspot\share\prims\jni.cpp, line 520]
Event: 2.735 Thread 0x000001e50bc7b3e0 Exception <a 'java/lang/NoSuchMethodError'{0x000000008886b3c0}: 'java.lang.Object java.lang.invoke.DirectMethodHandle$Holder.invokeInterface(java.lang.Object, java.lang.Object)'> (0x000000008886b3c0) 
thrown [s\src\hotspot\share\interpreter\linkResolver.cpp, line 773]
Event: 2.738 Thread 0x000001e50bc7b3e0 Exception <a 'sun/nio/fs/WindowsException'{0x00000000888747b0}> (0x00000000888747b0) 
thrown [s\src\hotspot\share\prims\jni.cpp, line 520]
Event: 2.740 Thread 0x000001e50bc7b3e0 Exception <a 'sun/nio/fs/WindowsException'{0x00000000888765a0}> (0x00000000888765a0) 
thrown [s\src\hotspot\share\prims\jni.cpp, line 520]
Event: 2.757 Thread 0x000001e50bc7b3e0 Exception <a 'sun/nio/fs/WindowsException'{0x00000000888d39a8}> (0x00000000888d39a8) 
thrown [s\src\hotspot\share\prims\jni.cpp, line 520]
Event: 2.758 Thread 0x000001e50bc7b3e0 Exception <a 'sun/nio/fs/WindowsException'{0x00000000888d5918}> (0x00000000888d5918) 
thrown [s\src\hotspot\share\prims\jni.cpp, line 520]
Event: 2.766 Thread 0x000001e50bc7b3e0 Exception <a 'java/lang/NoSuchMethodError'{0x00000000888e3618}: 'java.lang.Object java.lang.invoke.DirectMethodHandle$Holder.invokeVirtual(java.lang.Object, java.lang.Object, java.lang.Object)'> (0x00000000888e3618) 
thrown [s\src\hotspot\share\interpreter\linkResolver.cpp, line 773]
Event: 2.851 Thread 0x000001e50bc7b3e0 Exception <a 'sun/nio/fs/WindowsException'{0x00000000885e11f0}> (0x00000000885e11f0) 
thrown [s\src\hotspot\share\prims\jni.cpp, line 520]
Event: 2.934 Thread 0x000001e50bc7b3e0 Exception <a 'sun/nio/fs/WindowsException'{0x00000000882572f8}> (0x00000000882572f8) 
thrown [s\src\hotspot\share\prims\jni.cpp, line 520]
Event: 2.989 Thread 0x000001e50bc7b3e0 Exception <a 'sun/nio/fs/WindowsException'{0x0000000088159ac8}> (0x0000000088159ac8) 
thrown [s\src\hotspot\share\prims\jni.cpp, line 520]
Event: 3.016 Thread 0x000001e50bc7b3e0 Exception <a 'sun/nio/fs/WindowsException'{0x000000008816a798}> (0x000000008816a798) 
thrown [s\src\hotspot\share\prims\jni.cpp, line 520]
Event: 3.059 Thread 0x000001e50bc7b3e0 Exception <a 'java/lang/NoSuchMethodError'{0x0000000088004808}: 'java.lang.Object java.lang.invoke.DirectMethodHandle$Holder.invokeStaticInit(java.lang.Object, int, int, int, int)'> (0x0000000088004808) 
thrown [s\src\hotspot\share\interpreter\linkResolver.cpp, line 773]
Event: 3.071 Thread 0x000001e50bc7b3e0 Exception <a 'java/lang/NoSuchMethodError'{0x000000008803f630}: 'java.lang.Object java.lang.invoke.DirectMethodHandle$Holder.invokeStaticInit(java.lang.Object, java.lang.Object, int, int, int, int)'> (0x000000008803f630) 
thrown [s\src\hotspot\share\interpreter\linkResolver.cpp, line 773]
Event: 3.382 Thread 0x000001e50bc7b3e0 Exception <a 'java/io/IOException'{0x0000000086a6dba8}> (0x0000000086a6dba8) 
thrown [s\src\hotspot\share\prims\jni.cpp, line 520]

ZGC Phase Switch (0 events):
No events

VM Operations (20 events):
Event: 14.301 Executing VM operation: Cleanup done
Event: 15.302 Executing VM operation: Cleanup
Event: 15.302 Executing VM operation: Cleanup done
Event: 16.302 Executing VM operation: Cleanup
Event: 16.302 Executing VM operation: Cleanup done
Event: 18.304 Executing VM operation: Cleanup
Event: 18.304 Executing VM operation: Cleanup done
Event: 41.422 Executing VM operation: Cleanup
Event: 41.422 Executing VM operation: Cleanup done
Event: 42.424 Executing VM operation: Cleanup
Event: 42.424 Executing VM operation: Cleanup done
Event: 43.428 Executing VM operation: Cleanup
Event: 43.428 Executing VM operation: Cleanup done
Event: 44.442 Executing VM operation: Cleanup
Event: 44.442 Executing VM operation: Cleanup done
Event: 60.111 Executing VM operation: HandshakeAllThreads (HandshakeForDeflation)
Event: 60.111 Executing VM operation: HandshakeAllThreads (HandshakeForDeflation) done
Event: 60.111 Executing VM operation: RendezvousGCThreads
Event: 60.111 Executing VM operation: RendezvousGCThreads done
Event: 68.620 Executing VM operation: Exit

Events (20 events):
Event: 0.590 Thread 0x000001e50bc548b0 Thread added: 0x000001e50bc548b0
Event: 0.594 Thread 0x000001e50bc7b3e0 Thread added: 0x000001e50bc7b3e0
Event: 0.675 Thread 0x000001e510243a20 Thread added: 0x000001e510243a20
Event: 0.683 Thread 0x000001e5102f4300 Thread added: 0x000001e5102f4300
Event: 1.328 Thread 0x000001e510a2ebe0 Thread added: 0x000001e510a2ebe0
Event: 1.597 Thread 0x000001e510a2e550 Thread added: 0x000001e510a2e550
Event: 1.804 Thread 0x000001e50b2bd6d0 Thread exited: 0x000001e50b2bd6d0
Event: 2.700 Thread 0x000001e510a2dec0 Thread added: 0x000001e510a2dec0
Event: 2.754 Thread 0x000001e510909f40 Thread added: 0x000001e510909f40
Event: 3.763 Thread 0x000001e510909f40 Thread exited: 0x000001e510909f40
Event: 15.145 Thread 0x000001e510ca0f30 Thread added: 0x000001e510ca0f30
Event: 15.305 Thread 0x000001e510ca0f30 Thread exited: 0x000001e510ca0f30
Event: 15.625 Thread 0x000001e510ca0f30 Thread added: 0x000001e510ca0f30
Event: 16.066 Thread 0x000001e510ca0f30 Thread exited: 0x000001e510ca0f30
Event: 68.616 Thread 0x000001e510ce8e80 Thread added: 0x000001e510ce8e80
Event: 68.617 Thread 0x000001e510ce9ba0 Thread added: 0x000001e510ce9ba0
Event: 68.617 Thread 0x000001e510ce9510 Thread added: 0x000001e510ce9510
Event: 68.618 Thread 0x000001e510ce9ba0 Thread exited: 0x000001e510ce9ba0
Event: 68.620 Thread 0x000001e510ce9510 Thread exited: 0x000001e510ce9510
Event: 68.620 Thread 0x000001e4c5e7b5e0 Thread exited: 0x000001e4c5e7b5e0


Dynamic libraries:
0x00007ff7a5790000 - 0x00007ff7a579e000 	C:\Users\NickS\.jdks\corretto-21.0.1\bin\java.exe
0x00007ffbd1340000 - 0x00007ffbd1549000 	C:\Windows\SYSTEM32\ntdll.dll
0x00007ffbcff40000 - 0x00007ffbcfffd000 	C:\Windows\System32\KERNEL32.DLL
0x00007ffbcece0000 - 0x00007ffbcf064000 	C:\Windows\System32\KERNELBASE.dll
0x00007ffbce9e0000 - 0x00007ffbceaf1000 	C:\Windows\System32\ucrtbase.dll
0x00007ffbbe9c0000 - 0x00007ffbbe9d8000 	C:\Users\NickS\.jdks\corretto-21.0.1\bin\jli.dll
0x00007ffbcf1f0000 - 0x00007ffbcf39d000 	C:\Windows\System32\USER32.dll
0x00007ffbce840000 - 0x00007ffbce866000 	C:\Windows\System32\win32u.dll
0x00007ffbcf450000 - 0x00007ffbcf47a000 	C:\Windows\System32\GDI32.dll
0x00007ffbcf070000 - 0x00007ffbcf18e000 	C:\Windows\System32\gdi32full.dll
0x00007ffbceb00000 - 0x00007ffbceb9d000 	C:\Windows\System32\msvcp_win.dll
0x00007ffbbee50000 - 0x00007ffbbf0f5000 	C:\Windows\WinSxS\amd64_microsoft.windows.common-controls_6595b64144ccf1df_6.0.22000.120_none_9d947278b86cc467\COMCTL32.dll
0x00007ffbcf640000 - 0x00007ffbcf6e3000 	C:\Windows\System32\msvcrt.dll
0x00007ffbbe9a0000 - 0x00007ffbbe9bb000 	C:\Users\NickS\.jdks\corretto-21.0.1\bin\VCRUNTIME140.dll
0x00007ffbcfb10000 - 0x00007ffbcfb41000 	C:\Windows\System32\IMM32.DLL
0x00007ffbc7890000 - 0x00007ffbc789c000 	C:\Users\NickS\.jdks\corretto-21.0.1\bin\vcruntime140_1.dll
0x00007ffb881c0000 - 0x00007ffb8824d000 	C:\Users\NickS\.jdks\corretto-21.0.1\bin\msvcp140.dll
0x00007ffb36620000 - 0x00007ffb373ad000 	C:\Users\NickS\.jdks\corretto-21.0.1\bin\server\jvm.dll
0x00007ffbcf3a0000 - 0x00007ffbcf44e000 	C:\Windows\System32\ADVAPI32.dll
0x00007ffbd08d0000 - 0x00007ffbd096e000 	C:\Windows\System32\sechost.dll
0x00007ffbcf510000 - 0x00007ffbcf631000 	C:\Windows\System32\RPCRT4.dll
0x00007ffbd00f0000 - 0x00007ffbd015f000 	C:\Windows\System32\WS2_32.dll
0x00007ffbce500000 - 0x00007ffbce54d000 	C:\Windows\SYSTEM32\POWRPROF.dll
0x00007ffbc73a0000 - 0x00007ffbc73d3000 	C:\Windows\SYSTEM32\WINMM.dll
0x00007ffbc2fc0000 - 0x00007ffbc2fca000 	C:\Windows\SYSTEM32\VERSION.dll
0x00007ffbce4e0000 - 0x00007ffbce4f3000 	C:\Windows\SYSTEM32\UMPDC.dll
0x00007ffbcd8b0000 - 0x00007ffbcd8c8000 	C:\Windows\SYSTEM32\kernel.appcore.dll
0x00007ffbbe990000 - 0x00007ffbbe99a000 	C:\Users\NickS\.jdks\corretto-21.0.1\bin\jimage.dll
0x00007ffbc65b0000 - 0x00007ffbc67d1000 	C:\Windows\SYSTEM32\DBGHELP.DLL
0x00007ffbc6570000 - 0x00007ffbc65a1000 	C:\Windows\SYSTEM32\dbgcore.DLL
0x00007ffbcec60000 - 0x00007ffbcecdf000 	C:\Windows\System32\bcryptPrimitives.dll
0x00007ffbba5e0000 - 0x00007ffbba5ee000 	C:\Users\NickS\.jdks\corretto-21.0.1\bin\instrument.dll
0x00007ffb8d660000 - 0x00007ffb8d67f000 	C:\Users\NickS\.jdks\corretto-21.0.1\bin\java.dll
0x00007ffbd0a20000 - 0x00007ffbd11e5000 	C:\Windows\System32\SHELL32.dll
0x00007ffbcc8a0000 - 0x00007ffbcd102000 	C:\Windows\SYSTEM32\windows.storage.dll
0x00007ffbcfb50000 - 0x00007ffbcfec6000 	C:\Windows\System32\combase.dll
0x00007ffbcc730000 - 0x00007ffbcc897000 	C:\Windows\SYSTEM32\wintypes.dll
0x00007ffbd0000000 - 0x00007ffbd00ea000 	C:\Windows\System32\SHCORE.dll
0x00007ffbcf190000 - 0x00007ffbcf1ed000 	C:\Windows\System32\shlwapi.dll
0x00007ffbce700000 - 0x00007ffbce725000 	C:\Windows\SYSTEM32\profapi.dll
0x00007ffb385a0000 - 0x00007ffb38677000 	C:\Users\NickS\.jdks\corretto-21.0.1\bin\jsvml.dll
0x00007ffbbe980000 - 0x00007ffbbe990000 	C:\Users\NickS\.jdks\corretto-21.0.1\bin\net.dll
0x00007ffbc96c0000 - 0x00007ffbc97d4000 	C:\Windows\SYSTEM32\WINHTTP.dll
0x00007ffbcdd60000 - 0x00007ffbcddc7000 	C:\Windows\system32\mswsock.dll
0x00007ffb881a0000 - 0x00007ffb881b6000 	C:\Users\NickS\.jdks\corretto-21.0.1\bin\nio.dll
0x00007ffb88180000 - 0x00007ffb88198000 	C:\Users\NickS\.jdks\corretto-21.0.1\bin\zip.dll
0x00007ffb8aaa0000 - 0x00007ffb8aaba000 	C:\Program Files\JetBrains\IntelliJ IDEA Community Edition 2023.2.4\bin\breakgen64.dll
0x000001e4c5f20000 - 0x000001e4c5f23000 	C:\Users\NickS\.openjfx\cache\21-ea+null\amd64\api-ms-win-core-console-l1-1-0.dll
0x000001e4c5f30000 - 0x000001e4c5f33000 	C:\Users\NickS\.openjfx\cache\21-ea+null\amd64\api-ms-win-core-console-l1-2-0.dll
0x000001e4c5f40000 - 0x000001e4c5f43000 	C:\Users\NickS\.openjfx\cache\21-ea+null\amd64\api-ms-win-core-datetime-l1-1-0.dll
0x000001e4c5f50000 - 0x000001e4c5f53000 	C:\Users\NickS\.openjfx\cache\21-ea+null\amd64\api-ms-win-core-debug-l1-1-0.dll
0x000001e4c5f60000 - 0x000001e4c5f63000 	C:\Users\NickS\.openjfx\cache\21-ea+null\amd64\api-ms-win-core-errorhandling-l1-1-0.dll
0x000001e4c5f70000 - 0x000001e4c5f74000 	C:\Users\NickS\.openjfx\cache\21-ea+null\amd64\api-ms-win-core-file-l1-1-0.dll
0x000001e4c5f80000 - 0x000001e4c5f83000 	C:\Users\NickS\.openjfx\cache\21-ea+null\amd64\api-ms-win-core-file-l1-2-0.dll
0x000001e4c5f90000 - 0x000001e4c5f93000 	C:\Users\NickS\.openjfx\cache\21-ea+null\amd64\api-ms-win-core-file-l2-1-0.dll
0x000001e4c5fa0000 - 0x000001e4c5fa3000 	C:\Users\NickS\.openjfx\cache\21-ea+null\amd64\api-ms-win-core-handle-l1-1-0.dll
0x000001e4c5fb0000 - 0x000001e4c5fb3000 	C:\Users\NickS\.openjfx\cache\21-ea+null\amd64\api-ms-win-core-heap-l1-1-0.dll
0x000001e4c5fc0000 - 0x000001e4c5fc3000 	C:\Users\NickS\.openjfx\cache\21-ea+null\amd64\api-ms-win-core-interlocked-l1-1-0.dll
0x000001e4c5fd0000 - 0x000001e4c5fd3000 	C:\Users\NickS\.openjfx\cache\21-ea+null\amd64\api-ms-win-core-libraryloader-l1-1-0.dll
0x000001e4c5fe0000 - 0x000001e4c5fe3000 	C:\Users\NickS\.openjfx\cache\21-ea+null\amd64\api-ms-win-core-localization-l1-2-0.dll
0x000001e4c5ff0000 - 0x000001e4c5ff3000 	C:\Users\NickS\.openjfx\cache\21-ea+null\amd64\api-ms-win-core-memory-l1-1-0.dll
0x000001e50bd10000 - 0x000001e50bd13000 	C:\Users\NickS\.openjfx\cache\21-ea+null\amd64\api-ms-win-core-namedpipe-l1-1-0.dll
0x000001e50bd20000 - 0x000001e50bd23000 	C:\Users\NickS\.openjfx\cache\21-ea+null\amd64\api-ms-win-core-processenvironment-l1-1-0.dll
0x000001e50bd30000 - 0x000001e50bd33000 	C:\Users\NickS\.openjfx\cache\21-ea+null\amd64\api-ms-win-core-processthreads-l1-1-0.dll
0x000001e50bd40000 - 0x000001e50bd43000 	C:\Users\NickS\.openjfx\cache\21-ea+null\amd64\api-ms-win-core-processthreads-l1-1-1.dll
0x000001e50bd50000 - 0x000001e50bd53000 	C:\Users\NickS\.openjfx\cache\21-ea+null\amd64\api-ms-win-core-profile-l1-1-0.dll
0x000001e50bd60000 - 0x000001e50bd63000 	C:\Users\NickS\.openjfx\cache\21-ea+null\amd64\api-ms-win-core-rtlsupport-l1-1-0.dll
0x000001e50bd70000 - 0x000001e50bd73000 	C:\Users\NickS\.openjfx\cache\21-ea+null\amd64\api-ms-win-core-string-l1-1-0.dll
0x000001e50bd80000 - 0x000001e50bd83000 	C:\Users\NickS\.openjfx\cache\21-ea+null\amd64\api-ms-win-core-synch-l1-1-0.dll
0x000001e50bd90000 - 0x000001e50bd93000 	C:\Users\NickS\.openjfx\cache\21-ea+null\amd64\api-ms-win-core-synch-l1-2-0.dll
0x000001e50bda0000 - 0x000001e50bda3000 	C:\Users\NickS\.openjfx\cache\21-ea+null\amd64\api-ms-win-core-sysinfo-l1-1-0.dll
0x000001e50bdb0000 - 0x000001e50bdb3000 	C:\Users\NickS\.openjfx\cache\21-ea+null\amd64\api-ms-win-core-timezone-l1-1-0.dll
0x000001e50bdc0000 - 0x000001e50bdc3000 	C:\Users\NickS\.openjfx\cache\21-ea+null\amd64\api-ms-win-core-util-l1-1-0.dll
0x000001e50bdd0000 - 0x000001e50bdd3000 	C:\Users\NickS\.openjfx\cache\21-ea+null\amd64\api-ms-win-crt-conio-l1-1-0.dll
0x000001e50bde0000 - 0x000001e50bde4000 	C:\Users\NickS\.openjfx\cache\21-ea+null\amd64\api-ms-win-crt-convert-l1-1-0.dll
0x000001e50bdf0000 - 0x000001e50bdf3000 	C:\Users\NickS\.openjfx\cache\21-ea+null\amd64\api-ms-win-crt-environment-l1-1-0.dll
0x000001e50be00000 - 0x000001e50be03000 	C:\Users\NickS\.openjfx\cache\21-ea+null\amd64\api-ms-win-crt-filesystem-l1-1-0.dll
0x000001e50be10000 - 0x000001e50be13000 	C:\Users\NickS\.openjfx\cache\21-ea+null\amd64\api-ms-win-crt-heap-l1-1-0.dll
0x000001e50be20000 - 0x000001e50be23000 	C:\Users\NickS\.openjfx\cache\21-ea+null\amd64\api-ms-win-crt-locale-l1-1-0.dll
0x000001e50be30000 - 0x000001e50be35000 	C:\Users\NickS\.openjfx\cache\21-ea+null\amd64\api-ms-win-crt-math-l1-1-0.dll
0x000001e50be40000 - 0x000001e50be45000 	C:\Users\NickS\.openjfx\cache\21-ea+null\amd64\api-ms-win-crt-multibyte-l1-1-0.dll
0x000001e50be50000 - 0x000001e50be60000 	C:\Users\NickS\.openjfx\cache\21-ea+null\amd64\api-ms-win-crt-private-l1-1-0.dll
0x000001e50be60000 - 0x000001e50be63000 	C:\Users\NickS\.openjfx\cache\21-ea+null\amd64\api-ms-win-crt-process-l1-1-0.dll
0x000001e50be70000 - 0x000001e50be74000 	C:\Users\NickS\.openjfx\cache\21-ea+null\amd64\api-ms-win-crt-runtime-l1-1-0.dll
0x000001e50be80000 - 0x000001e50be84000 	C:\Users\NickS\.openjfx\cache\21-ea+null\amd64\api-ms-win-crt-stdio-l1-1-0.dll
0x000001e50be90000 - 0x000001e50be94000 	C:\Users\NickS\.openjfx\cache\21-ea+null\amd64\api-ms-win-crt-string-l1-1-0.dll
0x000001e50bea0000 - 0x000001e50bea3000 	C:\Users\NickS\.openjfx\cache\21-ea+null\amd64\api-ms-win-crt-time-l1-1-0.dll
0x000001e50beb0000 - 0x000001e50beb3000 	C:\Users\NickS\.openjfx\cache\21-ea+null\amd64\api-ms-win-crt-utility-l1-1-0.dll
0x00007ffb84e90000 - 0x00007ffb84f8c000 	C:\Users\NickS\.openjfx\cache\21-ea+null\amd64\ucrtbase.dll
0x00007ffb8aa80000 - 0x00007ffb8aa9b000 	C:\Users\NickS\.openjfx\cache\21-ea+null\amd64\vcruntime140.dll
0x00007ffbba450000 - 0x00007ffbba45c000 	C:\Users\NickS\.openjfx\cache\21-ea+null\amd64\vcruntime140_1.dll
0x00007ffb87910000 - 0x00007ffb8799e000 	C:\Users\NickS\.openjfx\cache\21-ea+null\amd64\msvcp140.dll
0x00007ffbd05f0000 - 0x00007ffbd078a000 	C:\Windows\System32\ole32.dll
0x00007ffbba0e0000 - 0x00007ffbba0e9000 	C:\Users\NickS\.openjfx\cache\21-ea+null\amd64\msvcp140_1.dll
0x00007ffb8a610000 - 0x00007ffb8a63f000 	C:\Users\NickS\.openjfx\cache\21-ea+null\amd64\msvcp140_2.dll
0x00007ffb8a5e0000 - 0x00007ffb8a60f000 	C:\Users\NickS\.openjfx\cache\21-ea+null\amd64\prism_d3d.dll
0x00007ffb879f0000 - 0x00007ffb87b96000 	C:\Windows\system32\d3d9.dll
0x00007ffbcc100000 - 0x00007ffbcc12f000 	C:\Windows\SYSTEM32\dwmapi.dll
0x00007ffbcbf80000 - 0x00007ffbcbfb8000 	C:\Windows\SYSTEM32\dxcore.dll
0x00007ffbcbe60000 - 0x00007ffbcbf0c000 	C:\Windows\system32\uxtheme.dll
0x00007ffb86d00000 - 0x00007ffb86e65000 	C:\Windows\System32\DriverStore\FileRepository\iigd_dch.inf_amd64_5dc1a2977f07512e\igdumdim64.dll
0x00007ffb7c810000 - 0x00007ffb8049b000 	C:\Windows\System32\DriverStore\FileRepository\iigd_dch.inf_amd64_5dc1a2977f07512e\igd9dxva64.dll
0x00007ffbcf9b0000 - 0x00007ffbcfa86000 	C:\Windows\System32\OLEAUT32.dll
0x00007ffbd0170000 - 0x00007ffbd05e2000 	C:\Windows\System32\SETUPAPI.dll
0x00007ffbce450000 - 0x00007ffbce49c000 	C:\Windows\SYSTEM32\cfgmgr32.dll
0x00007ffbc6f20000 - 0x00007ffbc7256000 	C:\Windows\System32\DriverStore\FileRepository\iigd_dch.inf_amd64_5dc1a2977f07512e\igdgmm64.dll
0x00007ffbca5f0000 - 0x00007ffbca634000 	C:\Windows\SYSTEM32\directxdatabasehelper.dll
0x00007ffbcd8d0000 - 0x00007ffbcd904000 	C:\Windows\SYSTEM32\ntmarta.dll
0x00007ffb87f00000 - 0x00007ffb87f42000 	C:\Users\NickS\.openjfx\cache\21-ea+null\amd64\glass.dll
0x00007ffbd1210000 - 0x00007ffbd12fc000 	C:\Windows\System32\COMDLG32.dll
0x00007ffb5e590000 - 0x00007ffb5e5ee000 	C:\Program Files\Huawei\PCManager\plugins\PerfWndMonModule.dll
0x00007ffbd0790000 - 0x00007ffbd08ad000 	C:\Windows\System32\MSCTF.dll
0x00007ffb8a8b0000 - 0x00007ffb8a8d7000 	C:\Windows\System32\DriverStore\FileRepository\iigd_dch.inf_amd64_5dc1a2977f07512e\igdinfo64.dll
0x00007ffbc0080000 - 0x00007ffbc2e0f000 	C:\Windows\System32\DriverStore\FileRepository\iigd_dch.inf_amd64_5dc1a2977f07512e\igc64.dll
0x00007ffb87680000 - 0x00007ffb876ad000 	C:\Users\NickS\.openjfx\cache\21-ea+null\amd64\javafx_iio.dll
0x00007ffb8a5c0000 - 0x00007ffb8a5d4000 	C:\Users\NickS\.openjfx\cache\21-ea+null\amd64\javafx_font.dll
0x00007ffbb82b0000 - 0x00007ffbb850f000 	C:\Windows\SYSTEM32\dwrite.dll
0x00007ffbd0970000 - 0x00007ffbd0a1f000 	C:\Windows\System32\clbcatq.dll
0x00007ffbc8b60000 - 0x00007ffbc8d0e000 	C:\Windows\SYSTEM32\WindowsCodecs.dll
0x00007ffbc4420000 - 0x00007ffbc447d000 	C:\Windows\system32\dataexchange.dll
0x00007ffbc8450000 - 0x00007ffbc86b5000 	C:\Windows\system32\twinapi.appcore.dll
0x00007ffb74620000 - 0x00007ffb74652000 	C:\Program Files\Common Files\Microsoft Shared\Ink\rtscom.dll
0x00007ffbb97a0000 - 0x00007ffbb98cc000 	C:\Windows\SYSTEM32\textinputframework.dll
0x00007ffbcb9f0000 - 0x00007ffbcbb21000 	C:\Windows\SYSTEM32\CoreMessaging.dll
0x00007ffbc9cd0000 - 0x00007ffbca03d000 	C:\Windows\SYSTEM32\CoreUIComponents.dll
0x00007ffbcdfc0000 - 0x00007ffbcdfcc000 	C:\Windows\SYSTEM32\CRYPTBASE.DLL
0x00007ffbcd440000 - 0x00007ffbcd527000 	C:\Windows\SYSTEM32\DNSAPI.dll
0x00007ffbcd3a0000 - 0x00007ffbcd3cd000 	C:\Windows\SYSTEM32\IPHLPAPI.DLL

dbghelp: loaded successfully - version: 4.0.5 - missing functions: none
symbol engine: initialized successfully - sym options: 0x614 - pdb path: .;C:\Users\NickS\.jdks\corretto-21.0.1\bin;C:\Windows\SYSTEM32;C:\Windows\WinSxS\amd64_microsoft.windows.common-controls_6595b64144ccf1df_6.0.22000.120_none_9d947278b86cc467;C:\Users\NickS\.jdks\corretto-21.0.1\bin\server;C:\Program Files\JetBrains\IntelliJ IDEA Community Edition 2023.2.4\bin;C:\Users\NickS\.openjfx\cache\21-ea+null\amd64;C:\Windows\System32\DriverStore\FileRepository\iigd_dch.inf_amd64_5dc1a2977f07512e;C:\Program Files\Huawei\PCManager\plugins;C:\Program Files\Common Files\Microsoft Shared\Ink

VM Arguments:
jvm_args: -javaagent:C:\Program Files\JetBrains\IntelliJ IDEA Community Edition 2023.2.4\lib\idea_rt.jar=56807:C:\Program Files\JetBrains\IntelliJ IDEA Community Edition 2023.2.4\bin -Dfile.encoding=UTF-8 -Dsun.stdout.encoding=UTF-8 -Dsun.stderr.encoding=UTF-8 --module-path=C:\Users\NickS\.m2\repository\org\openjfx\javafx-graphics\21-ea+24\javafx-graphics-21-ea+24-win.jar;C:\Users\NickS\.m2\repository\org\openjfx\javafx-fxml\21-ea+24\javafx-fxml-21-ea+24-win.jar;C:\Users\NickS\.m2\repository\org\openjfx\javafx-base\21-ea+24\javafx-base-21-ea+24-win.jar;C:\Users\NickS\OneDrive\Рабочий стол\thrthehrhjyj\target\classes;C:\Users\NickS\.m2\repository\org\openjfx\javafx-controls\21-ea+24\javafx-controls-21-ea+24-win.jar -Djdk.module.main=com.example.thrthehrhjyj 
java_command: com.example.thrthehrhjyj/com.example.thrthehrhjyj.HelloApplication
java_class_path (initial): C:\Users\NickS\.m2\repository\org\openjfx\javafx-controls\21-ea+24\javafx-controls-21-ea+24.jar;C:\Users\NickS\.m2\repository\org\openjfx\javafx-graphics\21-ea+24\javafx-graphics-21-ea+24.jar;C:\Users\NickS\.m2\repository\org\openjfx\javafx-base\21-ea+24\javafx-base-21-ea+24.jar;C:\Users\NickS\.m2\repository\org\openjfx\javafx-fxml\21-ea+24\javafx-fxml-21-ea+24.jar;C:\Users\NickS\OneDrive\Рабочий стол\bbbb\mysql-connector-j-8.3.0\mysql-connector-j-8.3.0.jar
Launcher Type: SUN_STANDARD

[Global flags]
     intx CICompilerCount                          = 3                                         {product} {ergonomic}
     uint ConcGCThreads                            = 1                                         {product} {ergonomic}
     uint G1ConcRefinementThreads                  = 4                                         {product} {ergonomic}
   size_t G1HeapRegionSize                         = 1048576                                   {product} {ergonomic}
    uintx GCDrainStackTargetSize                   = 64                                        {product} {ergonomic}
   size_t InitialHeapSize                          = 132120576                                 {product} {ergonomic}
   size_t MarkStackSize                            = 4194304                                   {product} {ergonomic}
   size_t MaxHeapSize                              = 2095054848                                {product} {ergonomic}
   size_t MaxNewSize                               = 1256194048                                {product} {ergonomic}
   size_t MinHeapDeltaBytes                        = 1048576                                   {product} {ergonomic}
   size_t MinHeapSize                              = 8388608                                   {product} {ergonomic}
    uintx NonNMethodCodeHeapSize                   = 5832780                                {pd product} {ergonomic}
    uintx NonProfiledCodeHeapSize                  = 122912730                              {pd product} {ergonomic}
    uintx ProfiledCodeHeapSize                     = 122912730                              {pd product} {ergonomic}
    uintx ReservedCodeCacheSize                    = 251658240                              {pd product} {ergonomic}
     bool SegmentedCodeCache                       = true                                      {product} {ergonomic}
   size_t SoftMaxHeapSize                          = 2095054848                             {manageable} {ergonomic}
     bool UseCompressedOops                        = true                           {product lp64_product} {ergonomic}
     bool UseG1GC                                  = true                                      {product} {ergonomic}
     bool UseLargePagesIndividualAllocation        = false                                  {pd product} {ergonomic}

Logging:
Log output configuration:
 #0: stdout all=off uptime,level,tags foldmultilines=false
 #1: stderr all=off uptime,level,tags foldmultilines=false

Environment Variables:
PATH=C:\Program Files\Common Files\Oracle\Java\javapath;C:\Program Files (x86)\Common Files\Oracle\Java\javapath;C:\Windows\System32\HWAudioDriverLibs;C:\Windows\system32;C:\Windows;C:\Windows\System32\Wbem;C:\Windows\System32\WindowsPowerShell\v1.0\;C:\Windows\System32\OpenSSH\;C:\Users\Administrator\AppData\Local\Microsoft\WindowsApps;C:\Users\NickS\scoop\apps\composer\current\home\vendor\bin;C:\Users\NickS\scoop\shims;C:\Users\NickS\AppData\Local\Microsoft\WindowsApps
USERNAME=NickS
OS=Windows_NT
PROCESSOR_IDENTIFIER=Intel64 Family 6 Model 140 Stepping 1, GenuineIntel
TMP=C:\Users\NickS\AppData\Local\Temp
TEMP=C:\Users\NickS\AppData\Local\Temp




Periodic native trim disabled

---------------  S Y S T E M  ---------------

OS:
 Windows 11 , 64 bit Build 22000 (10.0.22000.2538)
OS uptime: 4 days 14:30 hours

CPU: total 4 (initial active 4) (2 cores per cpu, 2 threads per core) family 6 model 140 stepping 1 microcode 0x8a, cx8, cmov, fxsr, ht, mmx, 3dnowpref, sse, sse2, sse3, ssse3, sse4.1, sse4.2, popcnt, lzcnt, tsc, tscinvbit, avx, avx2, aes, erms, clmul, bmi1, bmi2, adx, avx512f, avx512dq, avx512cd, avx512bw, avx512vl, sha, fma, vzeroupper, avx512_vpopcntdq, avx512_vpclmulqdq, avx512_vaes, avx512_vnni, clflush, clflushopt, clwb, avx512_vbmi2, avx512_vbmi, rdtscp, rdpid, fsrm, gfni, avx512_bitalg, f16c, pku, cet_ibt, cet_ss, avx512_ifma
Processor Information for processor 0
  Max Mhz: 2995, Current Mhz: 2995, Mhz Limit: 2995
Processor Information for processor 1
  Max Mhz: 2995, Current Mhz: 2995, Mhz Limit: 2995
Processor Information for processor 2
  Max Mhz: 2995, Current Mhz: 2995, Mhz Limit: 2995
Processor Information for processor 3
  Max Mhz: 2995, Current Mhz: 998, Mhz Limit: 2995

Memory: 4k page, system-wide physical 7991M (628M free)
TotalPageFile size 13367M (AvailPageFile size 3026M)
current process WorkingSet (physical memory assigned to process): 255M, peak: 279M
current process commit charge ("private bytes"): 294M, peak: 332M

vm_info: OpenJDK 64-Bit Server VM (21.0.1+12-LTS) for windows-amd64 JRE (21.0.1+12-LTS), built on 2023-10-12T03:52:47Z by "Administrator" with MS VC++ 16.10 / 16.11 (VS2019)

END.
