#
# A fatal error has been detected by the Java Runtime Environment:
#
#  EXCEPTION_ACCESS_VIOLATION (0xc0000005) at pc=0x00007ffb87f26587, pid=14200, tid=15172
#
# JRE version: OpenJDK Runtime Environment Corretto-21.0.1.12.1 (21.0.1+12) (build 21.0.1+12-LTS)
# Java VM: OpenJDK 64-Bit Server VM Corretto-21.0.1.12.1 (21.0.1+12-LTS, mixed mode, sharing, tiered, compressed oops, compressed class ptrs, g1 gc, windows-amd64)
# Problematic frame:
# C  [glass.dll+0x26587]
#
# No core dump will be written. Minidumps are not enabled by default on client versions of Windows
#
# If you would like to submit a bug report, please visit:
#   https://github.com/corretto/corretto-21/issues/
#

---------------  S U M M A R Y ------------

Command Line: -javaagent:C:\Program Files\JetBrains\IntelliJ IDEA Community Edition 2023.2.4\lib\idea_rt.jar=57008:C:\Program Files\JetBrains\IntelliJ IDEA Community Edition 2023.2.4\bin -Dfile.encoding=UTF-8 -Dsun.stdout.encoding=UTF-8 -Dsun.stderr.encoding=UTF-8 --module-path=C:\Users\NickS\.m2\repository\org\openjfx\javafx-graphics\21-ea+24\javafx-graphics-21-ea+24-win.jar;C:\Users\NickS\.m2\repository\org\openjfx\javafx-base\21-ea+24\javafx-base-21-ea+24-win.jar;C:\Users\NickS\OneDrive\Рабочий стол\thrthehrhjyj\target\classes;C:\Users\NickS\.m2\repository\org\openjfx\javafx-controls\21-ea+24\javafx-controls-21-ea+24-win.jar;C:\Users\NickS\.m2\repository\org\openjfx\javafx-fxml\21-ea+24\javafx-fxml-21-ea+24-win.jar -Djdk.module.main=com.example.thrthehrhjyj com.example.thrthehrhjyj/com.example.thrthehrhjyj.HelloApplication

Host: 11th Gen Intel(R) Core(TM) i3-1115G4 @ 3.00GHz, 4 cores, 7G,  Windows 11 , 64 bit Build 22000 (10.0.22000.2538)
Time: Tue Mar 19 10:22:07 2024 RTZ 2 (s 11 , 64 bit Build 22000 (10.0.22000.2538) elapsed time: 46.792315 seconds (0d 0h 0m 46s)

---------------  T H R E A D  ---------------

Current thread (0x0000014ff8ab1e00):  VMThread "VM Thread"          [id=15172, stack(0x0000004a40800000,0x0000004a40900000) (1024K)]

Stack: [0x0000004a40800000,0x0000004a40900000],  sp=0x0000004a408ff260,  free space=1020k
Native frames: (J=compiled Java code, j=interpreted, Vv=VM code, C=native code)
C  [glass.dll+0x26587]


siginfo: EXCEPTION_ACCESS_VIOLATION (0xc0000005), reading address 0x0000000000000000


Registers:
RAX=0x0000000000000000, RBX=0x0000014ff8abaa22, RCX=0x0000014ff8ab1e00, RDX=0x0000004a408ff260
RSP=0x0000004a408ff260, RBP=0x0000014ff8abf998, RSI=0x0000014ff8abf970, RDI=0x0000b2b8bb191981
R8 =0x0000000000010002, R9 =0x0000b2b8bb191981, R10=0x85f13e9656da4870, R11=0x0000004a408ff1f0
R12=0x00007ffb87f23ed0, R13=0x00007ffb372f5410, R14=0x0000004a408ff368, R15=0x0000014ff8abf970
RIP=0x00007ffb87f26587, EFLAGS=0x0000000000010202


Register to memory mapping:

RAX=0x0 is null
RBX=0x0000014ff8abaa22 is a global jni handle
RCX=0x0000014ff8ab1e00 points into unknown readable memory: 0x00007ffb370f66f0 | f0 66 0f 37 fb 7f 00 00
RDX=0x0000004a408ff260 points into unknown readable memory: 0x0000000000000000 | 00 00 00 00 00 00 00 00
RSP=0x0000004a408ff260 points into unknown readable memory: 0x0000000000000000 | 00 00 00 00 00 00 00 00
RBP=0x0000014ff8abf998 points into unknown readable memory: 0x0000b2b8bb191981 | 81 19 19 bb b8 b2 00 00
RSI=0x0000014ff8abf970 points into unknown readable memory: 0x00004d4fb4fd6a51 | 51 6a fd b4 4f 4d 00 00
RDI=0x0000b2b8bb191981 is an unknown value
R8 =0x0000000000010002 is an unknown value
R9 =0x0000b2b8bb191981 is an unknown value
R10=0x85f13e9656da4870 is an unknown value
R11=0x0000004a408ff1f0 points into unknown readable memory: 0x0000014ff8abf970 | 70 f9 ab f8 4f 01 00 00
R12=0x00007ffb87f23ed0 glass.dll
R13=0x00007ffb372f5410 jvm.dll
R14=0x0000004a408ff368 points into unknown readable memory: 0x0000004a408ff350 | 50 f3 8f 40 4a 00 00 00
R15=0x0000014ff8abf970 points into unknown readable memory: 0x00004d4fb4fd6a51 | 51 6a fd b4 4f 4d 00 00

Top of Stack: (sp=0x0000004a408ff260)
0x0000004a408ff260:   0000000000000000 0000014ff8abf970
0x0000004a408ff270:   00007ffb372f5410 00007ffb87f23ed0
0x0000004a408ff280:   0000014ff8abf978 00007ffbce9fbea0
0x0000004a408ff290:   0000b2b8bb191981 0000014f00000000
0x0000004a408ff2a0:   0000014ff8abf998 0000014ff8abf970
0x0000004a408ff2b0:   fffffffffffffffe 0000000000000000
0x0000004a408ff2c0:   0000000000000001 00007ffb87f00000
0x0000004a408ff2d0:   0000004a408ff358 00007ffbce9fbdb7
0x0000004a408ff2e0:   0000000000000000 0000004a408ff368
0x0000004a408ff2f0:   0000004a408ff650 00007ffbceae12b0
0x0000004a408ff300:   0000000000000001 00007ffbce9fbd6d
0x0000004a408ff310:   0000000000000000 0000000000000001
0x0000004a408ff320:   0000000000000000 0000004a408ff358
0x0000004a408ff330:   fffffffffffffffe 0000000000000000
0x0000004a408ff340:   0000000000000001 00007ffb87f23d5d
0x0000004a408ff350:   00007ffb87f3a008 00007ffb00000002
0x0000004a408ff360:   0000000000000002 0000004a408ff350
0x0000004a408ff370:   0000000000000000 00007ffbd137fec3
0x0000004a408ff380:   0000000000000000 00007ffb87f23e82
0x0000004a408ff390:   0000000000000001 0000004a408ff600
0x0000004a408ff3a0:   0000000000000001 0000000000000001
0x0000004a408ff3b0:   0000000000000001 00007ffbcdfc2223
0x0000004a408ff3c0:   00007ffb00000001 0000000000000000
0x0000004a408ff3d0:   00007ffb87f00000 000000007ffe0384
0x0000004a408ff3e0:   0000000000000000 00007ffbd137ff57
0x0000004a408ff3f0:   00007ffb87f00000 0000000000000000
0x0000004a408ff400:   0000000000000001 000000007ffe0385
0x0000004a408ff410:   00007ffbd1470e20 00007ffbc105b2f0
0x0000004a408ff420:   0000c16472ac4500 00007ffbc0080000
0x0000004a408ff430:   00007ffb87f23ed0 0000000000000000
0x0000004a408ff440:   0000000000000000 0000004a3fc19000
0x0000004a408ff450:   0000014ffddee020 00007ffbd139458a 

Instructions: (pc=0x00007ffb87f26587)
0x00007ffb87f26487:   8b 4d 58 e8 8d cf ff ff 48 8b 4d 60 e8 84 cf ff
0x00007ffb87f26497:   ff 48 8b 95 80 00 00 00 48 8b 8d 18 01 00 00 e8
0x00007ffb87f264a7:   76 c4 ff ff 33 d2 33 c9 e8 cc e1 ff ff 90 48 89
0x00007ffb87f264b7:   54 24 10 55 48 83 ec 20 48 8b ea 48 b8 00 00 00
0x00007ffb87f264c7:   00 00 00 00 00 48 83 c4 20 5d c3 cc 40 55 48 8b
0x00007ffb87f264d7:   ea 48 8b 01 33 c9 81 38 05 00 00 c0 0f 94 c1 8b
0x00007ffb87f264e7:   c1 5d c3 cc 40 55 48 83 ec 20 48 8b ea 8a 4d 40
0x00007ffb87f264f7:   48 83 c4 20 5d e9 73 d3 ff ff cc 40 55 48 83 ec
0x00007ffb87f26507:   20 48 8b ea 8a 4d 20 e8 61 d3 ff ff 90 48 83 c4
0x00007ffb87f26517:   20 5d c3 cc 40 55 48 83 ec 20 48 8b ea 48 83 c4
0x00007ffb87f26527:   20 5d e9 c2 d1 ff ff cc 40 55 48 83 ec 30 48 8b
0x00007ffb87f26537:   ea 48 8b 01 8b 10 48 89 4c 24 28 89 54 24 20 4c
0x00007ffb87f26547:   8d 0d 63 d6 ff ff 4c 8b 45 70 8b 55 68 48 8b 4d
0x00007ffb87f26557:   60 e8 03 d1 ff ff 90 48 83 c4 30 5d c3 cc cc cc
0x00007ffb87f26567:   cc cc cc cc cc cc cc cc cc 40 53 48 83 ec 20 48
0x00007ffb87f26577:   8b 1d 8b 34 01 00 48 85 db 74 16 e8 89 8f ff ff
0x00007ffb87f26587:   4c 8b 00 48 8b d3 48 8b c8 41 ff 90 b0 00 00 00
0x00007ffb87f26597:   90 48 83 c4 20 5b c3 cc cc 40 53 48 83 ec 20 48
0x00007ffb87f265a7:   8b 1d fb 35 01 00 48 85 db 74 57 b8 ff ff ff ff
0x00007ffb87f265b7:   f0 0f c1 43 10 83 f8 01 75 3d 48 85 db 74 38 48
0x00007ffb87f265c7:   8b 0b 48 85 c9 74 0d ff 15 d4 0c 00 00 48 c7 03
0x00007ffb87f265d7:   00 00 00 00 48 8b 4b 08 48 85 c9 74 0d e8 33 ce
0x00007ffb87f265e7:   ff ff 48 c7 43 08 00 00 00 00 ba 18 00 00 00 48
0x00007ffb87f265f7:   8b cb e8 1e ce ff ff 48 c7 05 9f 35 01 00 00 00
0x00007ffb87f26607:   00 00 48 83 c4 20 5b c3 cc 40 53 48 83 ec 20 48
0x00007ffb87f26617:   8b 1d 6b 35 01 00 48 85 db 74 57 b8 ff ff ff ff
0x00007ffb87f26627:   f0 0f c1 43 10 83 f8 01 75 3d 48 85 db 74 38 48
0x00007ffb87f26637:   8b 0b 48 85 c9 74 0d ff 15 64 0c 00 00 48 c7 03
0x00007ffb87f26647:   00 00 00 00 48 8b 4b 08 48 85 c9 74 0d e8 c3 cd
0x00007ffb87f26657:   ff ff 48 c7 43 08 00 00 00 00 ba 18 00 00 00 48
0x00007ffb87f26667:   8b cb e8 ae cd ff ff 48 c7 05 0f 35 01 00 00 00
0x00007ffb87f26677:   00 00 48 83 c4 20 5b c3 cc 40 53 48 83 ec 20 48 


Stack slot to memory mapping:

stack at sp + 0 slots: 0x0 is null
stack at sp + 1 slots: 0x0000014ff8abf970 points into unknown readable memory: 0x00004d4fb4fd6a51 | 51 6a fd b4 4f 4d 00 00
stack at sp + 2 slots: 0x00007ffb372f5410 jvm.dll
stack at sp + 3 slots: 0x00007ffb87f23ed0 glass.dll
stack at sp + 4 slots: 0x0000014ff8abf978 points into unknown readable memory: 0x0000b2b8bb191981 | 81 19 19 bb b8 b2 00 00
stack at sp + 5 slots: 0x00007ffbce9fbea0 ucrtbase.dll
stack at sp + 6 slots: 0x0000b2b8bb191981 is an unknown value
stack at sp + 7 slots: 0x0000014f00000000 is an unknown value

VM_Operation (0x0000004a426fed20): Exit, mode: safepoint, requested by thread 0x0000014ffe8ba420


---------------  P R O C E S S  ---------------

Threads class SMR info:
_java_thread_list=0x0000014fd539caf0, length=21, elements={
0x0000014feb83a490, 0x0000014ff8ad4820, 0x0000014ff8ad6310, 0x0000014ff8adacd0,
0x0000014ff8adb9d0, 0x0000014ff8ade530, 0x0000014ff8ae4af0, 0x0000014ff8aec220,
0x0000014ff8a9c7e0, 0x0000014ffdbfe860, 0x0000014ffda3b4d0, 0x0000014ffdaf8c60,
0x0000014ffdc10360, 0x0000014ffd4b7ce0, 0x0000014ffe5327f0, 0x0000014ffe514f30,
0x0000014ffe8b7630, 0x0000014ffe8b89e0, 0x0000014ffe8b9070, 0x0000014ffe8ba420,
0x0000014ffe8b9700
}

Java Threads: ( => current thread )
  0x0000014feb83a490 JavaThread "main"                              [_thread_blocked, id=6176, stack(0x0000004a40100000,0x0000004a40200000) (1024K)]
  0x0000014ff8ad4820 JavaThread "Reference Handler"          daemon [_thread_blocked, id=18472, stack(0x0000004a40900000,0x0000004a40a00000) (1024K)]
  0x0000014ff8ad6310 JavaThread "Finalizer"                  daemon [_thread_blocked, id=92, stack(0x0000004a40a00000,0x0000004a40b00000) (1024K)]
  0x0000014ff8adacd0 JavaThread "Attach Listener"            daemon [_thread_blocked, id=18348, stack(0x0000004a40c00000,0x0000004a40d00000) (1024K)]
  0x0000014ff8adb9d0 JavaThread "Service Thread"             daemon [_thread_blocked, id=3952, stack(0x0000004a40d00000,0x0000004a40e00000) (1024K)]
  0x0000014ff8ade530 JavaThread "Monitor Deflation Thread"   daemon [_thread_blocked, id=17532, stack(0x0000004a40e00000,0x0000004a40f00000) (1024K)]
  0x0000014ff8ae4af0 JavaThread "C2 CompilerThread0"         daemon [_thread_blocked, id=16572, stack(0x0000004a40f00000,0x0000004a41000000) (1024K)]
  0x0000014ff8aec220 JavaThread "C1 CompilerThread0"         daemon [_thread_blocked, id=13500, stack(0x0000004a41000000,0x0000004a41100000) (1024K)]
  0x0000014ff8a9c7e0 JavaThread "Common-Cleaner"             daemon [_thread_blocked, id=11916, stack(0x0000004a41100000,0x0000004a41200000) (1024K)]
  0x0000014ffdbfe860 JavaThread "Monitor Ctrl-Break"         daemon [_thread_in_native, id=5580, stack(0x0000004a41400000,0x0000004a41500000) (1024K)]
  0x0000014ffda3b4d0 JavaThread "Notification Thread"        daemon [_thread_blocked, id=12592, stack(0x0000004a41500000,0x0000004a41600000) (1024K)]
  0x0000014ffdaf8c60 JavaThread "QuantumRenderer-0"          daemon [_thread_blocked, id=17716, stack(0x0000004a41800000,0x0000004a41900000) (1024K)]
  0x0000014ffdc10360 JavaThread "InvokeLaterDispatcher"      daemon [_thread_blocked, id=7868, stack(0x0000004a41900000,0x0000004a41a00000) (1024K)]
  0x0000014ffd4b7ce0 JavaThread "JavaFX Application Thread"         [_thread_in_native, id=15472, stack(0x0000004a41a00000,0x0000004a41b00000) (1024K)]
  0x0000014ffe5327f0 JavaThread "Thread-1"                   daemon [_thread_in_native, id=10512, stack(0x0000004a41e00000,0x0000004a41f00000) (1024K)]
  0x0000014ffe514f30 JavaThread "JavaFX-Launcher"                   [_thread_blocked, id=5984, stack(0x0000004a41f00000,0x0000004a42000000) (1024K)]
  0x0000014ffe8b7630 JavaThread "Prism Font Disposer"        daemon [_thread_blocked, id=17044, stack(0x0000004a42400000,0x0000004a42500000) (1024K)]
  0x0000014ffe8b89e0 JavaThread "Cleaner-0"                  daemon [_thread_blocked, id=12864, stack(0x0000004a42500000,0x0000004a42600000) (1024K)]
  0x0000014ffe8b9070 JavaThread "mysql-cj-abandoned-connection-cleanup" daemon [_thread_blocked, id=9680, stack(0x0000004a42000000,0x0000004a42100000) (1024K)]
  0x0000014ffe8ba420 JavaThread "SIGINT handler"             daemon [_thread_blocked, id=9504, stack(0x0000004a42600000,0x0000004a42700000) (1024K)]
  0x0000014ffe8b9700 JavaThread "Glass/Prism Shutdown Hook"         [_thread_blocked, id=2092, stack(0x0000004a42800000,0x0000004a42900000) (1024K)]
Total: 21

Other Threads:
=>0x0000014ff8ab1e00 VMThread "VM Thread"                           [id=15172, stack(0x0000004a40800000,0x0000004a40900000) (1024K)]
  0x0000014feb88f8e0 WorkerThread "GC Thread#0"                     [id=14032, stack(0x0000004a40200000,0x0000004a40300000) (1024K)]
  0x0000014ffe256420 WorkerThread "GC Thread#1"                     [id=7680, stack(0x0000004a41300000,0x0000004a41400000) (1024K)]
  0x0000014ffe2567c0 WorkerThread "GC Thread#2"                     [id=11848, stack(0x0000004a41600000,0x0000004a41700000) (1024K)]
  0x0000014ffde976a0 WorkerThread "GC Thread#3"                     [id=8652, stack(0x0000004a41700000,0x0000004a41800000) (1024K)]
  0x0000014fe97fde30 ConcurrentGCThread "G1 Main Marker"            terminated
  0x0000014fe97feae0 WorkerThread "G1 Conc#0"                       [id=11276, stack(0x0000004a40400000,0x0000004a40500000) (1024K)]
  0x0000014ff89710a0 ConcurrentGCThread "G1 Refine#0"               terminated
  0x0000014feb90c7e0 ConcurrentGCThread "G1 Service"                terminated
Total: 9

Threads with active compile tasks:
C2 CompilerThread0    47169 3448       4       java.util.concurrent.ConcurrentHashMap$Traverser::advance (188 bytes)
C1 CompilerThread0    47169 3449       3       java.lang.invoke.MemberName$Factory::resolveOrNull (54 bytes)
Total: 2

VM state: at safepoint (shutting down)

VM Mutex/Monitor currently owned by a thread:  ([mutex/lock_event])
[0x00007ffb372cd9c8] Threads_lock - owner thread: 0x0000014ff8ab1e00
[0x00007ffb372cdac8] Heap_lock - owner thread: 0x0000014ffe8ba420

Heap address: 0x0000000083200000, size: 1998 MB, Compressed Oops mode: 32-bit

CDS archive(s) mapped at: [0x0000014f8f000000-0x0000014f8fc90000-0x0000014f8fc90000), size 13172736, SharedBaseAddress: 0x0000014f8f000000, ArchiveRelocationMode: 1.
Compressed class space mapped at: 0x0000014f90000000-0x0000014fd0000000, reserved size: 1073741824
Narrow klass base: 0x0000014f8f000000, Narrow klass shift: 0, Narrow klass range: 0x100000000

GC Precious Log:
 CardTable entry size: 512
 Card Set container configuration: InlinePtr #cards 5 size 8 Array Of Cards #cards 12 size 40 Howl #buckets 4 coarsen threshold 1843 Howl Bitmap #cards 512 size 80 coarsen threshold 460 Card regions per heap region 1 cards per card region 2048
 CPUs: 4 total, 4 available
 Memory: 7991M
 Large Page Support: Disabled
 NUMA Support: Disabled
 Compressed Oops: Enabled (32-bit)
 Heap Region Size: 1M
 Heap Min Capacity: 8M
 Heap Initial Capacity: 126M
 Heap Max Capacity: 1998M
 Pre-touch: Disabled
 Parallel Workers: 4
 Concurrent Workers: 1
 Concurrent Refinement Workers: 4
 Periodic GC: Disabled

Heap:
 garbage-first heap   total 65536K, used 39824K [0x0000000083200000, 0x0000000100000000)
  region size 1024K, 18 young (18432K), 8 survivors (8192K)
 Metaspace       used 24124K, committed 24512K, reserved 1114112K
  class space    used 3264K, committed 3456K, reserved 1048576K

Heap Regions: E=young(eden), S=young(survivor), O=old, HS=humongous(starts), HC=humongous(continues), CS=collection set, F=free, TAMS=top-at-mark-start, PB=parsable bottom
|   0|0x0000000083200000, 0x0000000083300000, 0x0000000083300000|100%|HS|  |TAMS 0x0000000083200000| PB 0x0000000083200000| Complete 
|   1|0x0000000083300000, 0x0000000083400000, 0x0000000083400000|100%|HC|  |TAMS 0x0000000083300000| PB 0x0000000083300000| Complete 
|   2|0x0000000083400000, 0x0000000083500000, 0x0000000083500000|100%|HC|  |TAMS 0x0000000083400000| PB 0x0000000083400000| Complete 
|   3|0x0000000083500000, 0x0000000083600000, 0x0000000083600000|100%|HC|  |TAMS 0x0000000083500000| PB 0x0000000083500000| Complete 
|   4|0x0000000083600000, 0x0000000083700000, 0x0000000083700000|100%|HC|  |TAMS 0x0000000083600000| PB 0x0000000083600000| Complete 
|   5|0x0000000083700000, 0x0000000083800000, 0x0000000083800000|100%|HC|  |TAMS 0x0000000083700000| PB 0x0000000083700000| Complete 
|   6|0x0000000083800000, 0x0000000083900000, 0x0000000083900000|100%| O|  |TAMS 0x0000000083800000| PB 0x0000000083800000| Untracked 
|   7|0x0000000083900000, 0x00000000839e4098, 0x0000000083a00000| 89%| O|Cm|TAMS 0x0000000083900000| PB 0x0000000083900000| Complete 
|   8|0x0000000083a00000, 0x0000000083b00000, 0x0000000083b00000|100%|HS|  |TAMS 0x0000000083a00000| PB 0x0000000083a00000| Complete 
|   9|0x0000000083b00000, 0x0000000083c00000, 0x0000000083c00000|100%|HC|  |TAMS 0x0000000083b00000| PB 0x0000000083b00000| Complete 
|  10|0x0000000083c00000, 0x0000000083d00000, 0x0000000083d00000|100%|HS|  |TAMS 0x0000000083c00000| PB 0x0000000083c00000| Complete 
|  11|0x0000000083d00000, 0x0000000083e00000, 0x0000000083e00000|100%|HC|  |TAMS 0x0000000083d00000| PB 0x0000000083d00000| Complete 
|  12|0x0000000083e00000, 0x0000000083f00000, 0x0000000083f00000|100%|HC|  |TAMS 0x0000000083e00000| PB 0x0000000083e00000| Complete 
|  13|0x0000000083f00000, 0x0000000084000000, 0x0000000084000000|100%|HC|  |TAMS 0x0000000083f00000| PB 0x0000000083f00000| Complete 
|  14|0x0000000084000000, 0x0000000084100000, 0x0000000084100000|100%|HC|  |TAMS 0x0000000084000000| PB 0x0000000084000000| Complete 
|  15|0x0000000084100000, 0x0000000084200000, 0x0000000084200000|100%|HC|  |TAMS 0x0000000084100000| PB 0x0000000084100000| Complete 
|  16|0x0000000084200000, 0x0000000084300000, 0x0000000084300000|100%|HS|  |TAMS 0x0000000084200000| PB 0x0000000084200000| Complete 
|  17|0x0000000084300000, 0x0000000084400000, 0x0000000084400000|100%|HC|  |TAMS 0x0000000084300000| PB 0x0000000084300000| Complete 
|  18|0x0000000084400000, 0x0000000084500000, 0x0000000084500000|100%|HC|  |TAMS 0x0000000084400000| PB 0x0000000084400000| Complete 
|  19|0x0000000084500000, 0x0000000084600000, 0x0000000084600000|100%|HC|  |TAMS 0x0000000084500000| PB 0x0000000084500000| Complete 
|  20|0x0000000084600000, 0x0000000084700000, 0x0000000084700000|100%|HC|  |TAMS 0x0000000084600000| PB 0x0000000084600000| Complete 
|  21|0x0000000084700000, 0x0000000084800000, 0x0000000084800000|100%|HC|  |TAMS 0x0000000084700000| PB 0x0000000084700000| Complete 
|  22|0x0000000084800000, 0x0000000084800000, 0x0000000084900000|  0%| F|  |TAMS 0x0000000084800000| PB 0x0000000084800000| Untracked 
|  23|0x0000000084900000, 0x0000000084900000, 0x0000000084a00000|  0%| F|  |TAMS 0x0000000084900000| PB 0x0000000084900000| Untracked 
|  24|0x0000000084a00000, 0x0000000084a00000, 0x0000000084b00000|  0%| F|  |TAMS 0x0000000084a00000| PB 0x0000000084a00000| Untracked 
|  25|0x0000000084b00000, 0x0000000084b00000, 0x0000000084c00000|  0%| F|  |TAMS 0x0000000084b00000| PB 0x0000000084b00000| Untracked 
|  26|0x0000000084c00000, 0x0000000084c00000, 0x0000000084d00000|  0%| F|  |TAMS 0x0000000084c00000| PB 0x0000000084c00000| Untracked 
|  27|0x0000000084d00000, 0x0000000084d00000, 0x0000000084e00000|  0%| F|  |TAMS 0x0000000084d00000| PB 0x0000000084d00000| Untracked 
|  28|0x0000000084e00000, 0x0000000084e00000, 0x0000000084f00000|  0%| F|  |TAMS 0x0000000084e00000| PB 0x0000000084e00000| Untracked 
|  29|0x0000000084f00000, 0x0000000084f00000, 0x0000000085000000|  0%| F|  |TAMS 0x0000000084f00000| PB 0x0000000084f00000| Untracked 
|  30|0x0000000085000000, 0x0000000085000000, 0x0000000085100000|  0%| F|  |TAMS 0x0000000085000000| PB 0x0000000085000000| Untracked 
|  31|0x0000000085100000, 0x0000000085100000, 0x0000000085200000|  0%| F|  |TAMS 0x0000000085100000| PB 0x0000000085100000| Untracked 
|  32|0x0000000085200000, 0x0000000085200000, 0x0000000085300000|  0%| F|  |TAMS 0x0000000085200000| PB 0x0000000085200000| Untracked 
|  33|0x0000000085300000, 0x0000000085300000, 0x0000000085400000|  0%| F|  |TAMS 0x0000000085300000| PB 0x0000000085300000| Untracked 
|  34|0x0000000085400000, 0x0000000085400000, 0x0000000085500000|  0%| F|  |TAMS 0x0000000085400000| PB 0x0000000085400000| Untracked 
|  35|0x0000000085500000, 0x0000000085500000, 0x0000000085600000|  0%| F|  |TAMS 0x0000000085500000| PB 0x0000000085500000| Untracked 
|  36|0x0000000085600000, 0x0000000085600000, 0x0000000085700000|  0%| F|  |TAMS 0x0000000085600000| PB 0x0000000085600000| Untracked 
|  37|0x0000000085700000, 0x0000000085700000, 0x0000000085800000|  0%| F|  |TAMS 0x0000000085700000| PB 0x0000000085700000| Untracked 
|  38|0x0000000085800000, 0x0000000085800000, 0x0000000085900000|  0%| F|  |TAMS 0x0000000085800000| PB 0x0000000085800000| Untracked 
|  39|0x0000000085900000, 0x0000000085900000, 0x0000000085a00000|  0%| F|  |TAMS 0x0000000085900000| PB 0x0000000085900000| Untracked 
|  40|0x0000000085a00000, 0x0000000085a00000, 0x0000000085b00000|  0%| F|  |TAMS 0x0000000085a00000| PB 0x0000000085a00000| Untracked 
|  41|0x0000000085b00000, 0x0000000085b00000, 0x0000000085c00000|  0%| F|  |TAMS 0x0000000085b00000| PB 0x0000000085b00000| Untracked 
|  42|0x0000000085c00000, 0x0000000085c00000, 0x0000000085d00000|  0%| F|  |TAMS 0x0000000085c00000| PB 0x0000000085c00000| Untracked 
|  43|0x0000000085d00000, 0x0000000085d00000, 0x0000000085e00000|  0%| F|  |TAMS 0x0000000085d00000| PB 0x0000000085d00000| Untracked 
|  44|0x0000000085e00000, 0x0000000085e00000, 0x0000000085f00000|  0%| F|  |TAMS 0x0000000085e00000| PB 0x0000000085e00000| Untracked 
|  45|0x0000000085f00000, 0x0000000085f00000, 0x0000000086000000|  0%| F|  |TAMS 0x0000000085f00000| PB 0x0000000085f00000| Untracked 
|  46|0x0000000086000000, 0x0000000086081298, 0x0000000086100000| 50%| E|  |TAMS 0x0000000086000000| PB 0x0000000086000000| Complete 
|  47|0x0000000086100000, 0x0000000086200000, 0x0000000086200000|100%| E|CS|TAMS 0x0000000086100000| PB 0x0000000086100000| Complete 
|  48|0x0000000086200000, 0x0000000086300000, 0x0000000086300000|100%| E|CS|TAMS 0x0000000086200000| PB 0x0000000086200000| Complete 
|  49|0x0000000086300000, 0x0000000086400000, 0x0000000086400000|100%| E|CS|TAMS 0x0000000086300000| PB 0x0000000086300000| Complete 
|  50|0x0000000086400000, 0x0000000086500000, 0x0000000086500000|100%| E|CS|TAMS 0x0000000086400000| PB 0x0000000086400000| Complete 
|  51|0x0000000086500000, 0x0000000086600000, 0x0000000086600000|100%| E|CS|TAMS 0x0000000086500000| PB 0x0000000086500000| Complete 
|  52|0x0000000086600000, 0x0000000086700000, 0x0000000086700000|100%| E|CS|TAMS 0x0000000086600000| PB 0x0000000086600000| Complete 
|  53|0x0000000086700000, 0x0000000086800000, 0x0000000086800000|100%| E|CS|TAMS 0x0000000086700000| PB 0x0000000086700000| Complete 
|  54|0x0000000086800000, 0x0000000086900000, 0x0000000086900000|100%| E|CS|TAMS 0x0000000086800000| PB 0x0000000086800000| Complete 
|  70|0x0000000087800000, 0x0000000087900000, 0x0000000087900000|100%| S|CS|TAMS 0x0000000087800000| PB 0x0000000087800000| Complete 
|  71|0x0000000087900000, 0x0000000087a00000, 0x0000000087a00000|100%| S|CS|TAMS 0x0000000087900000| PB 0x0000000087900000| Complete 
|  72|0x0000000087a00000, 0x0000000087b00000, 0x0000000087b00000|100%| S|CS|TAMS 0x0000000087a00000| PB 0x0000000087a00000| Complete 
|  73|0x0000000087b00000, 0x0000000087c00000, 0x0000000087c00000|100%| S|CS|TAMS 0x0000000087b00000| PB 0x0000000087b00000| Complete 
|  74|0x0000000087c00000, 0x0000000087d00000, 0x0000000087d00000|100%| S|CS|TAMS 0x0000000087c00000| PB 0x0000000087c00000| Complete 
|  75|0x0000000087d00000, 0x0000000087e00000, 0x0000000087e00000|100%| S|CS|TAMS 0x0000000087d00000| PB 0x0000000087d00000| Complete 
|  76|0x0000000087e00000, 0x0000000087f00000, 0x0000000087f00000|100%| S|CS|TAMS 0x0000000087e00000| PB 0x0000000087e00000| Complete 
|  77|0x0000000087f00000, 0x0000000088000000, 0x0000000088000000|100%| S|CS|TAMS 0x0000000087f00000| PB 0x0000000087f00000| Complete 
| 125|0x000000008af00000, 0x000000008b000000, 0x000000008b000000|100%| E|CS|TAMS 0x000000008af00000| PB 0x000000008af00000| Complete 

Card table byte_map: [0x0000014ff4300000,0x0000014ff46f0000] _byte_map_base: 0x0000014ff3ee7000

Marking Bits: (CMBitMap*) 0x0000014feb88ffe0
 Bits: [0x0000014ff46f0000, 0x0000014ff6628000)

Polling page: 0x0000014fe9840000

Metaspace:

Usage:
  Non-class:     20.37 MB used.
      Class:      3.19 MB used.
       Both:     23.56 MB used.

Virtual space:
  Non-class space:       64.00 MB reserved,      20.56 MB ( 32%) committed,  1 nodes.
      Class space:        1.00 GB reserved,       3.38 MB ( <1%) committed,  1 nodes.
             Both:        1.06 GB reserved,      23.94 MB (  2%) committed. 

Chunk freelists:
   Non-Class:  11.22 MB
       Class:  12.58 MB
        Both:  23.80 MB

MaxMetaspaceSize: unlimited
CompressedClassSpaceSize: 1.00 GB
Initial GC threshold: 21.00 MB
Current GC threshold: 35.31 MB
CDS: on
 - commit_granule_bytes: 65536.
 - commit_granule_words: 8192.
 - virtual_space_node_default_size: 8388608.
 - enlarge_chunks_in_place: 1.
 - use_allocation_guard: 0.


Internal statistics:

num_allocs_failed_limit: 3.
num_arena_births: 350.
num_arena_deaths: 0.
num_vsnodes_births: 2.
num_vsnodes_deaths: 0.
num_space_committed: 383.
num_space_uncommitted: 0.
num_chunks_returned_to_freelist: 3.
num_chunks_taken_from_freelist: 1006.
num_chunk_merges: 3.
num_chunk_splits: 702.
num_chunks_enlarged: 534.
num_inconsistent_stats: 0.

CodeHeap 'non-profiled nmethods': size=120000Kb used=1462Kb max_used=1462Kb free=118538Kb
 bounds [0x0000014f87ad0000, 0x0000014f87d40000, 0x0000014f8f000000]
CodeHeap 'profiled nmethods': size=120000Kb used=6495Kb max_used=6495Kb free=113504Kb
 bounds [0x0000014f80000000, 0x0000014f80660000, 0x0000014f87530000]
CodeHeap 'non-nmethods': size=5760Kb used=2169Kb max_used=2208Kb free=3590Kb
 bounds [0x0000014f87530000, 0x0000014f877a0000, 0x0000014f87ad0000]
 total_blobs=4342 nmethods=3446 adapters=800
 compilation: enabled
              stopped_count=0, restarted_count=0
 full_count=0

Compilation events (20 events):
Event: 14.271 Thread 0x0000014ff8aec220 3439       3       com.sun.javafx.geom.transform.Affine3D::deltaTransform (126 bytes)
Event: 14.271 Thread 0x0000014ff8aec220 nmethod 3439 0x0000014f8064fe90 code [0x0000014f80650060, 0x0000014f80650428]
Event: 14.271 Thread 0x0000014ff8aec220 3440       3       com.sun.javafx.scene.input.PickResultChooser::toPickResult (41 bytes)
Event: 14.271 Thread 0x0000014ff8aec220 nmethod 3440 0x0000014f80650610 code [0x0000014f806507c0, 0x0000014f80650a08]
Event: 14.271 Thread 0x0000014ff8aec220 3441       3       javafx.scene.input.PickResult::<init> (50 bytes)
Event: 14.271 Thread 0x0000014ff8aec220 nmethod 3441 0x0000014f80650b10 code [0x0000014f80650cc0, 0x0000014f80650fb8]
Event: 14.277 Thread 0x0000014ff8aec220 3442       3       javafx.scene.Scene$MouseHandler::handleEnterExit (369 bytes)
Event: 14.279 Thread 0x0000014ff8aec220 nmethod 3442 0x0000014f80651090 code [0x0000014f80651460, 0x0000014f80653248]
Event: 14.572 Thread 0x0000014ff8aec220 3443       3       javafx.scene.Scene$TargetWrapper::getCursor (61 bytes)
Event: 14.573 Thread 0x0000014ff8aec220 nmethod 3443 0x0000014f80653a90 code [0x0000014f80653d40, 0x0000014f80654e48]
Event: 14.600 Thread 0x0000014ff8aec220 3444       3       javafx.scene.input.PickResult::<init> (47 bytes)
Event: 14.600 Thread 0x0000014ff8aec220 nmethod 3444 0x0000014f80655290 code [0x0000014f80655440, 0x0000014f806556e8]
Event: 14.620 Thread 0x0000014ff8aec220 3445       3       javafx.scene.Scene$ClickGenerator::postProcess (266 bytes)
Event: 14.621 Thread 0x0000014ff8aec220 nmethod 3445 0x0000014f80655790 code [0x0000014f80655aa0, 0x0000014f80656ee0]
Event: 46.410 Thread 0x0000014ff8aec220 3446  s    3       java.util.Hashtable::get (69 bytes)
Event: 46.411 Thread 0x0000014ff8aec220 nmethod 3446 0x0000014f80657490 code [0x0000014f80657680, 0x0000014f80657be8]
Event: 46.412 Thread 0x0000014ff8aec220 3447       1       java.util.logging.LogManager$LoggerContext::getOwner (5 bytes)
Event: 46.412 Thread 0x0000014ff8aec220 nmethod 3447 0x0000014f87c3d510 code [0x0000014f87c3d6a0, 0x0000014f87c3d768]
Event: 46.414 Thread 0x0000014ff8ae4af0 3448       4       java.util.concurrent.ConcurrentHashMap$Traverser::advance (188 bytes)
Event: 46.416 Thread 0x0000014ff8aec220 3449       3       java.lang.invoke.MemberName$Factory::resolveOrNull (54 bytes)

GC Heap History (6 events):
Event: 0.635 GC heap before
{Heap before GC invocations=0 (full 0):
 garbage-first heap   total 129024K, used 12288K [0x0000000083200000, 0x0000000100000000)
  region size 1024K, 13 young (13312K), 0 survivors (0K)
 Metaspace       used 2389K, committed 2560K, reserved 1114112K
  class space    used 249K, committed 320K, reserved 1048576K
}
Event: 0.639 GC heap after
{Heap after GC invocations=1 (full 0):
 garbage-first heap   total 129024K, used 2023K [0x0000000083200000, 0x0000000100000000)
  region size 1024K, 2 young (2048K), 2 survivors (2048K)
 Metaspace       used 2389K, committed 2560K, reserved 1114112K
  class space    used 249K, committed 320K, reserved 1048576K
}
Event: 1.065 GC heap before
{Heap before GC invocations=1 (full 0):
 garbage-first heap   total 129024K, used 28647K [0x0000000083200000, 0x0000000100000000)
  region size 1024K, 23 young (23552K), 2 survivors (2048K)
 Metaspace       used 8360K, committed 8704K, reserved 1114112K
  class space    used 1067K, committed 1216K, reserved 1048576K
}
Event: 1.069 GC heap after
{Heap after GC invocations=2 (full 0):
 garbage-first heap   total 129024K, used 10669K [0x0000000083200000, 0x0000000100000000)
  region size 1024K, 3 young (3072K), 3 survivors (3072K)
 Metaspace       used 8360K, committed 8704K, reserved 1114112K
  class space    used 1067K, committed 1216K, reserved 1048576K
}
Event: 3.258 GC heap before
{Heap before GC invocations=2 (full 0):
 garbage-first heap   total 129024K, used 56749K [0x0000000083200000, 0x0000000100000000)
  region size 1024K, 48 young (49152K), 3 survivors (3072K)
 Metaspace       used 21259K, committed 21504K, reserved 1114112K
  class space    used 2961K, committed 3072K, reserved 1048576K
}
Event: 3.265 GC heap after
{Heap after GC invocations=3 (full 0):
 garbage-first heap   total 129024K, used 18320K [0x0000000083200000, 0x0000000100000000)
  region size 1024K, 8 young (8192K), 8 survivors (8192K)
 Metaspace       used 21259K, committed 21504K, reserved 1114112K
  class space    used 2961K, committed 3072K, reserved 1048576K
}

Dll operation events (20 events):
Event: 0.567 Loaded shared library C:\Users\NickS\.openjfx\cache\21-ea+null\amd64\api-ms-win-crt-multibyte-l1-1-0.dll
Event: 0.571 Loaded shared library C:\Users\NickS\.openjfx\cache\21-ea+null\amd64\api-ms-win-crt-private-l1-1-0.dll
Event: 0.574 Loaded shared library C:\Users\NickS\.openjfx\cache\21-ea+null\amd64\api-ms-win-crt-process-l1-1-0.dll
Event: 0.577 Loaded shared library C:\Users\NickS\.openjfx\cache\21-ea+null\amd64\api-ms-win-crt-runtime-l1-1-0.dll
Event: 0.580 Loaded shared library C:\Users\NickS\.openjfx\cache\21-ea+null\amd64\api-ms-win-crt-stdio-l1-1-0.dll
Event: 0.583 Loaded shared library C:\Users\NickS\.openjfx\cache\21-ea+null\amd64\api-ms-win-crt-string-l1-1-0.dll
Event: 0.586 Loaded shared library C:\Users\NickS\.openjfx\cache\21-ea+null\amd64\api-ms-win-crt-time-l1-1-0.dll
Event: 0.589 Loaded shared library C:\Users\NickS\.openjfx\cache\21-ea+null\amd64\api-ms-win-crt-utility-l1-1-0.dll
Event: 0.606 Loaded shared library C:\Users\NickS\.openjfx\cache\21-ea+null\amd64\ucrtbase.dll
Event: 0.612 Loaded shared library C:\Users\NickS\.openjfx\cache\21-ea+null\amd64\vcruntime140.dll
Event: 0.616 Loaded shared library C:\Users\NickS\.openjfx\cache\21-ea+null\amd64\vcruntime140_1.dll
Event: 0.626 Loaded shared library C:\Users\NickS\.openjfx\cache\21-ea+null\amd64\msvcp140.dll
Event: 0.629 Loaded shared library C:\Users\NickS\.openjfx\cache\21-ea+null\amd64\msvcp140_1.dll
Event: 0.634 Loaded shared library C:\Users\NickS\.openjfx\cache\21-ea+null\amd64\msvcp140_2.dll
Event: 0.691 Loaded shared library C:\Users\NickS\.openjfx\cache\21-ea+null\amd64\prism_d3d.dll
Event: 0.732 Loaded shared library C:\Users\NickS\.openjfx\cache\21-ea+null\amd64\glass.dll
Event: 0.842 Loaded shared library C:\Users\NickS\.jdks\corretto-21.0.1\bin\jimage.dll
Event: 1.009 Loaded shared library C:\Users\NickS\.openjfx\cache\21-ea+null\amd64\javafx_iio.dll
Event: 1.149 Loaded shared library C:\Users\NickS\.openjfx\cache\21-ea+null\amd64\javafx_font.dll
Event: 3.208 Loaded shared library C:\Users\NickS\.jdks\corretto-21.0.1\bin\sunmscapi.dll

Deoptimization events (20 events):
Event: 3.370 Thread 0x0000014ffd4b7ce0 DEOPT PACKING pc=0x0000014f87bd3f38 sp=0x0000004a41afb7e0
Event: 3.370 Thread 0x0000014ffd4b7ce0 DEOPT UNPACKING pc=0x0000014f87587da2 sp=0x0000004a41afb748 mode 2
Event: 3.370 Thread 0x0000014ffd4b7ce0 Uncommon trap: trap_request=0xffffffbe fr.pc=0x0000014f87bd3f38 relative=0x00000000000003f8
Event: 3.370 Thread 0x0000014ffd4b7ce0 Uncommon trap: reason=profile_predicate action=maybe_recompile pc=0x0000014f87bd3f38 method=java.util.regex.Pattern$SliceI.match(Ljava/util/regex/Matcher;ILjava/lang/CharSequence;)Z @ 18 c2
Event: 3.370 Thread 0x0000014ffd4b7ce0 DEOPT PACKING pc=0x0000014f87bd3f38 sp=0x0000004a41afb7e0
Event: 3.370 Thread 0x0000014ffd4b7ce0 DEOPT UNPACKING pc=0x0000014f87587da2 sp=0x0000004a41afb748 mode 2
Event: 3.370 Thread 0x0000014ffd4b7ce0 Uncommon trap: trap_request=0xffffffbe fr.pc=0x0000014f87bd3f38 relative=0x00000000000003f8
Event: 3.370 Thread 0x0000014ffd4b7ce0 Uncommon trap: reason=profile_predicate action=maybe_recompile pc=0x0000014f87bd3f38 method=java.util.regex.Pattern$SliceI.match(Ljava/util/regex/Matcher;ILjava/lang/CharSequence;)Z @ 18 c2
Event: 3.370 Thread 0x0000014ffd4b7ce0 DEOPT PACKING pc=0x0000014f87bd3f38 sp=0x0000004a41afb7e0
Event: 3.370 Thread 0x0000014ffd4b7ce0 DEOPT UNPACKING pc=0x0000014f87587da2 sp=0x0000004a41afb748 mode 2
Event: 3.370 Thread 0x0000014ffd4b7ce0 Uncommon trap: trap_request=0xffffffbe fr.pc=0x0000014f87bd3f38 relative=0x00000000000003f8
Event: 3.370 Thread 0x0000014ffd4b7ce0 Uncommon trap: reason=profile_predicate action=maybe_recompile pc=0x0000014f87bd3f38 method=java.util.regex.Pattern$SliceI.match(Ljava/util/regex/Matcher;ILjava/lang/CharSequence;)Z @ 18 c2
Event: 3.370 Thread 0x0000014ffd4b7ce0 DEOPT PACKING pc=0x0000014f87bd3f38 sp=0x0000004a41afb7e0
Event: 3.370 Thread 0x0000014ffd4b7ce0 DEOPT UNPACKING pc=0x0000014f87587da2 sp=0x0000004a41afb748 mode 2
Event: 7.586 Thread 0x0000014ffd4b7ce0 Uncommon trap: trap_request=0xffffff45 fr.pc=0x0000014f87b540c8 relative=0x0000000000000388
Event: 7.586 Thread 0x0000014ffd4b7ce0 Uncommon trap: reason=unstable_if action=reinterpret pc=0x0000014f87b540c8 method=java.io.ByteArrayInputStream.read([BII)I @ 35 c2
Event: 7.586 Thread 0x0000014ffd4b7ce0 DEOPT PACKING pc=0x0000014f87b540c8 sp=0x0000004a41afb450
Event: 7.586 Thread 0x0000014ffd4b7ce0 DEOPT UNPACKING pc=0x0000014f87587da2 sp=0x0000004a41afb410 mode 2
Event: 13.014 Thread 0x0000014ffd4b7ce0 DEOPT PACKING pc=0x0000014f8010854e sp=0x0000004a41af9f80
Event: 13.014 Thread 0x0000014ffd4b7ce0 DEOPT UNPACKING pc=0x0000014f875888e2 sp=0x0000004a41af9420 mode 0

Classes loaded (20 events):
Event: 3.458 Loading class java/util/RegularEnumSet$EnumSetIterator
Event: 3.458 Loading class java/util/RegularEnumSet$EnumSetIterator done
Event: 3.497 Loading class java/lang/StringIndexOutOfBoundsException
Event: 3.497 Loading class java/lang/StringIndexOutOfBoundsException done
Event: 3.499 Loading class java/util/concurrent/atomic/AtomicReferenceFieldUpdater
Event: 3.499 Loading class java/util/concurrent/atomic/AtomicReferenceFieldUpdater done
Event: 3.499 Loading class java/util/concurrent/atomic/AtomicReferenceFieldUpdater$AtomicReferenceFieldUpdaterImpl
Event: 3.499 Loading class java/util/concurrent/atomic/AtomicReferenceFieldUpdater$AtomicReferenceFieldUpdaterImpl done
Event: 3.499 Loading class java/util/concurrent/atomic/AtomicReferenceFieldUpdater$AtomicReferenceFieldUpdaterImpl$1
Event: 3.499 Loading class java/util/concurrent/atomic/AtomicReferenceFieldUpdater$AtomicReferenceFieldUpdaterImpl$1 done
Event: 3.499 Loading class sun/reflect/misc/ReflectUtil
Event: 3.499 Loading class sun/reflect/misc/ReflectUtil done
Event: 3.499 Loading class java/lang/Throwable$WrappedPrintStream
Event: 3.499 Loading class java/lang/Throwable$PrintStreamOrWriter
Event: 3.499 Loading class java/lang/Throwable$PrintStreamOrWriter done
Event: 3.499 Loading class java/lang/Throwable$WrappedPrintStream done
Event: 13.083 Loading class java/io/CharArrayReader
Event: 13.083 Loading class java/io/CharArrayReader done
Event: 46.410 Loading class jdk/internal/misc/Signal$1
Event: 46.410 Loading class jdk/internal/misc/Signal$1 done

Classes unloaded (0 events):
No events

Classes redefined (0 events):
No events

Internal exceptions (20 events):
Event: 1.817 Thread 0x0000014ffd4b7ce0 Exception <a 'java/lang/NoSuchMethodError'{0x0000000088f2a168}: 'int java.lang.invoke.DirectMethodHandle$Holder.invokeSpecial(java.lang.Object, java.lang.Object, int)'> (0x0000000088f2a168) 
thrown [s\src\hotspot\share\interpreter\linkResolver.cpp, line 773]
Event: 1.827 Thread 0x0000014ffd4b7ce0 Exception <a 'java/lang/NoSuchMethodError'{0x0000000088f647b8}: 'java.lang.Object java.lang.invoke.DirectMethodHandle$Holder.newInvokeSpecial(java.lang.Object, java.lang.Object, int)'> (0x0000000088f647b8) 
thrown [s\src\hotspot\share\interpreter\linkResolver.cpp, line 773]
Event: 1.872 Thread 0x0000014ffdaf8c60 Exception <a 'java/lang/NoSuchMethodError'{0x0000000088e0eac0}: 'int java.lang.invoke.DirectMethodHandle$Holder.invokeStaticInit(java.lang.Object, java.lang.Object)'> (0x0000000088e0eac0) 
thrown [s\src\hotspot\share\interpreter\linkResolver.cpp, line 773]
Event: 1.889 Thread 0x0000014ffd4b7ce0 Exception <a 'java/lang/NoSuchMethodError'{0x0000000088eca430}: 'long java.lang.invoke.DirectMethodHandle$Holder.invokeStatic(java.lang.Object, java.lang.Object, java.lang.Object)'> (0x0000000088eca430) 
thrown [s\src\hotspot\share\interpreter\linkResolver.cpp, line 773]
Event: 1.889 Thread 0x0000014ffd4b7ce0 Exception <a 'java/lang/NoSuchMethodError'{0x0000000088ecd800}: 'long java.lang.invoke.DirectMethodHandle$Holder.invokeStaticInit(java.lang.Object, java.lang.Object, java.lang.Object)'> (0x0000000088ecd800) 
thrown [s\src\hotspot\share\interpreter\linkResolver.cpp, line 773]
Event: 1.891 Thread 0x0000014ffd4b7ce0 Exception <a 'java/lang/NoSuchMethodError'{0x0000000088ee1df8}: 'java.lang.Object java.lang.invoke.DirectMethodHandle$Holder.newInvokeSpecial(java.lang.Object, java.lang.Object, long)'> (0x0000000088ee1df8) 
thrown [s\src\hotspot\share\interpreter\linkResolver.cpp, line 773]
Event: 1.891 Thread 0x0000014ffd4b7ce0 Exception <a 'java/lang/NoSuchMethodError'{0x0000000088ee56f0}: 'java.lang.Object java.lang.invoke.Invokers$Holder.linkToTargetMethod(java.lang.Object, long, java.lang.Object)'> (0x0000000088ee56f0) 
thrown [s\src\hotspot\share\interpreter\linkResolver.cpp, line 773]
Event: 2.877 Thread 0x0000014ffd4b7ce0 Exception <a 'sun/nio/fs/WindowsException'{0x0000000088911420}> (0x0000000088911420) 
thrown [s\src\hotspot\share\prims\jni.cpp, line 520]
Event: 2.903 Thread 0x0000014ffd4b7ce0 Exception <a 'java/lang/NoSuchMethodError'{0x0000000088812b20}: 'java.lang.Object java.lang.invoke.DirectMethodHandle$Holder.invokeInterface(java.lang.Object, java.lang.Object)'> (0x0000000088812b20) 
thrown [s\src\hotspot\share\interpreter\linkResolver.cpp, line 773]
Event: 2.906 Thread 0x0000014ffd4b7ce0 Exception <a 'sun/nio/fs/WindowsException'{0x000000008881bf50}> (0x000000008881bf50) 
thrown [s\src\hotspot\share\prims\jni.cpp, line 520]
Event: 2.909 Thread 0x0000014ffd4b7ce0 Exception <a 'sun/nio/fs/WindowsException'{0x000000008881dd40}> (0x000000008881dd40) 
thrown [s\src\hotspot\share\prims\jni.cpp, line 520]
Event: 2.916 Thread 0x0000014ffd4b7ce0 Exception <a 'sun/nio/fs/WindowsException'{0x000000008887af18}> (0x000000008887af18) 
thrown [s\src\hotspot\share\prims\jni.cpp, line 520]
Event: 2.916 Thread 0x0000014ffd4b7ce0 Exception <a 'sun/nio/fs/WindowsException'{0x000000008887ce88}> (0x000000008887ce88) 
thrown [s\src\hotspot\share\prims\jni.cpp, line 520]
Event: 2.922 Thread 0x0000014ffd4b7ce0 Exception <a 'java/lang/NoSuchMethodError'{0x000000008888add0}: 'java.lang.Object java.lang.invoke.DirectMethodHandle$Holder.invokeVirtual(java.lang.Object, java.lang.Object, java.lang.Object)'> (0x000000008888add0) 
thrown [s\src\hotspot\share\interpreter\linkResolver.cpp, line 773]
Event: 2.981 Thread 0x0000014ffd4b7ce0 Exception <a 'sun/nio/fs/WindowsException'{0x0000000088589f10}> (0x0000000088589f10) 
thrown [s\src\hotspot\share\prims\jni.cpp, line 520]
Event: 3.063 Thread 0x0000014ffd4b7ce0 Exception <a 'sun/nio/fs/WindowsException'{0x0000000088264b40}> (0x0000000088264b40) 
thrown [s\src\hotspot\share\prims\jni.cpp, line 520]
Event: 3.114 Thread 0x0000014ffd4b7ce0 Exception <a 'sun/nio/fs/WindowsException'{0x0000000088157ff8}> (0x0000000088157ff8) 
thrown [s\src\hotspot\share\prims\jni.cpp, line 520]
Event: 3.121 Thread 0x0000014ffd4b7ce0 Exception <a 'sun/nio/fs/WindowsException'{0x0000000088168cc8}> (0x0000000088168cc8) 
thrown [s\src\hotspot\share\prims\jni.cpp, line 520]
Event: 3.164 Thread 0x0000014ffd4b7ce0 Exception <a 'java/lang/NoSuchMethodError'{0x00000000880031c0}: 'java.lang.Object java.lang.invoke.DirectMethodHandle$Holder.invokeStaticInit(java.lang.Object, int, int, int, int)'> (0x00000000880031c0) 
thrown [s\src\hotspot\share\interpreter\linkResolver.cpp, line 773]
Event: 3.176 Thread 0x0000014ffd4b7ce0 Exception <a 'java/lang/NoSuchMethodError'{0x000000008803dcd8}: 'java.lang.Object java.lang.invoke.DirectMethodHandle$Holder.invokeStaticInit(java.lang.Object, java.lang.Object, int, int, int, int)'> (0x000000008803dcd8) 
thrown [s\src\hotspot\share\interpreter\linkResolver.cpp, line 773]

ZGC Phase Switch (0 events):
No events

VM Operations (20 events):
Event: 3.389 Executing VM operation: HandshakeAllThreads (Deoptimize) done
Event: 4.389 Executing VM operation: Cleanup
Event: 4.389 Executing VM operation: Cleanup done
Event: 7.391 Executing VM operation: Cleanup
Event: 7.391 Executing VM operation: Cleanup done
Event: 8.391 Executing VM operation: Cleanup
Event: 8.391 Executing VM operation: Cleanup done
Event: 9.392 Executing VM operation: Cleanup
Event: 9.392 Executing VM operation: Cleanup done
Event: 10.393 Executing VM operation: Cleanup
Event: 10.393 Executing VM operation: Cleanup done
Event: 11.393 Executing VM operation: Cleanup
Event: 11.394 Executing VM operation: Cleanup done
Event: 12.394 Executing VM operation: Cleanup
Event: 12.394 Executing VM operation: Cleanup done
Event: 13.394 Executing VM operation: Cleanup
Event: 13.394 Executing VM operation: Cleanup done
Event: 15.395 Executing VM operation: Cleanup
Event: 15.395 Executing VM operation: Cleanup done
Event: 46.416 Executing VM operation: Exit

Events (20 events):
Event: 0.304 Thread 0x0000014ffdbfe860 Thread added: 0x0000014ffdbfe860
Event: 0.304 Thread 0x0000014ffda3b4d0 Thread added: 0x0000014ffda3b4d0
Event: 0.586 Thread 0x0000014ffd158810 Thread exited: 0x0000014ffd158810
Event: 0.680 Thread 0x0000014ffdaf8c60 Thread added: 0x0000014ffdaf8c60
Event: 0.735 Thread 0x0000014ffdc10360 Thread added: 0x0000014ffdc10360
Event: 0.738 Thread 0x0000014ffd4b7ce0 Thread added: 0x0000014ffd4b7ce0
Event: 0.814 Thread 0x0000014ffe5327f0 Thread added: 0x0000014ffe5327f0
Event: 0.815 Thread 0x0000014ffe514f30 Thread added: 0x0000014ffe514f30
Event: 1.041 Thread 0x0000014ffe67af70 Thread added: 0x0000014ffe67af70
Event: 1.600 Thread 0x0000014ffe8b7630 Thread added: 0x0000014ffe8b7630
Event: 1.923 Thread 0x0000014ffe8b89e0 Thread added: 0x0000014ffe8b89e0
Event: 2.189 Thread 0x0000014ffe67af70 Thread exited: 0x0000014ffe67af70
Event: 2.883 Thread 0x0000014ffe8b9070 Thread added: 0x0000014ffe8b9070
Event: 2.914 Thread 0x0000014ffe97a020 Thread added: 0x0000014ffe97a020
Event: 3.869 Thread 0x0000014ffe97a020 Thread exited: 0x0000014ffe97a020
Event: 46.411 Thread 0x0000014ffe8ba420 Thread added: 0x0000014ffe8ba420
Event: 46.412 Thread 0x0000014ffe8b6fa0 Thread added: 0x0000014ffe8b6fa0
Event: 46.412 Thread 0x0000014ffe8b9700 Thread added: 0x0000014ffe8b9700
Event: 46.415 Thread 0x0000014ffe8b6fa0 Thread exited: 0x0000014ffe8b6fa0
Event: 46.416 Thread 0x0000014ff8ad9170 Thread exited: 0x0000014ff8ad9170


Dynamic libraries:
0x00007ff7a5790000 - 0x00007ff7a579e000 	C:\Users\NickS\.jdks\corretto-21.0.1\bin\java.exe
0x00007ffbd1340000 - 0x00007ffbd1549000 	C:\Windows\SYSTEM32\ntdll.dll
0x00007ffbcff40000 - 0x00007ffbcfffd000 	C:\Windows\System32\KERNEL32.DLL
0x00007ffbcece0000 - 0x00007ffbcf064000 	C:\Windows\System32\KERNELBASE.dll
0x00007ffbce9e0000 - 0x00007ffbceaf1000 	C:\Windows\System32\ucrtbase.dll
0x00007ffbbe9c0000 - 0x00007ffbbe9d8000 	C:\Users\NickS\.jdks\corretto-21.0.1\bin\jli.dll
0x00007ffbbe9a0000 - 0x00007ffbbe9bb000 	C:\Users\NickS\.jdks\corretto-21.0.1\bin\VCRUNTIME140.dll
0x00007ffbcf1f0000 - 0x00007ffbcf39d000 	C:\Windows\System32\USER32.dll
0x00007ffbce840000 - 0x00007ffbce866000 	C:\Windows\System32\win32u.dll
0x00007ffbcf450000 - 0x00007ffbcf47a000 	C:\Windows\System32\GDI32.dll
0x00007ffbbee50000 - 0x00007ffbbf0f5000 	C:\Windows\WinSxS\amd64_microsoft.windows.common-controls_6595b64144ccf1df_6.0.22000.120_none_9d947278b86cc467\COMCTL32.dll
0x00007ffbcf070000 - 0x00007ffbcf18e000 	C:\Windows\System32\gdi32full.dll
0x00007ffbcf640000 - 0x00007ffbcf6e3000 	C:\Windows\System32\msvcrt.dll
0x00007ffbceb00000 - 0x00007ffbceb9d000 	C:\Windows\System32\msvcp_win.dll
0x00007ffbcfb10000 - 0x00007ffbcfb41000 	C:\Windows\System32\IMM32.DLL
0x00007ffbc7890000 - 0x00007ffbc789c000 	C:\Users\NickS\.jdks\corretto-21.0.1\bin\vcruntime140_1.dll
0x00007ffb881c0000 - 0x00007ffb8824d000 	C:\Users\NickS\.jdks\corretto-21.0.1\bin\msvcp140.dll
0x00007ffb36620000 - 0x00007ffb373ad000 	C:\Users\NickS\.jdks\corretto-21.0.1\bin\server\jvm.dll
0x00007ffbcf3a0000 - 0x00007ffbcf44e000 	C:\Windows\System32\ADVAPI32.dll
0x00007ffbd08d0000 - 0x00007ffbd096e000 	C:\Windows\System32\sechost.dll
0x00007ffbcf510000 - 0x00007ffbcf631000 	C:\Windows\System32\RPCRT4.dll
0x00007ffbd00f0000 - 0x00007ffbd015f000 	C:\Windows\System32\WS2_32.dll
0x00007ffbce500000 - 0x00007ffbce54d000 	C:\Windows\SYSTEM32\POWRPROF.dll
0x00007ffbc73a0000 - 0x00007ffbc73d3000 	C:\Windows\SYSTEM32\WINMM.dll
0x00007ffbc2fc0000 - 0x00007ffbc2fca000 	C:\Windows\SYSTEM32\VERSION.dll
0x00007ffbce4e0000 - 0x00007ffbce4f3000 	C:\Windows\SYSTEM32\UMPDC.dll
0x00007ffbcd8b0000 - 0x00007ffbcd8c8000 	C:\Windows\SYSTEM32\kernel.appcore.dll
0x00007ffbbe990000 - 0x00007ffbbe99a000 	C:\Users\NickS\.jdks\corretto-21.0.1\bin\jimage.dll
0x00007ffbc65b0000 - 0x00007ffbc67d1000 	C:\Windows\SYSTEM32\DBGHELP.DLL
0x00007ffbc6570000 - 0x00007ffbc65a1000 	C:\Windows\SYSTEM32\dbgcore.DLL
0x00007ffbcec60000 - 0x00007ffbcecdf000 	C:\Windows\System32\bcryptPrimitives.dll
0x00007ffbcb5d0000 - 0x00007ffbcb5de000 	C:\Users\NickS\.jdks\corretto-21.0.1\bin\instrument.dll
0x00007ffb8d660000 - 0x00007ffb8d67f000 	C:\Users\NickS\.jdks\corretto-21.0.1\bin\java.dll
0x00007ffbd0a20000 - 0x00007ffbd11e5000 	C:\Windows\System32\SHELL32.dll
0x00007ffbcc8a0000 - 0x00007ffbcd102000 	C:\Windows\SYSTEM32\windows.storage.dll
0x00007ffbcfb50000 - 0x00007ffbcfec6000 	C:\Windows\System32\combase.dll
0x00007ffbcc730000 - 0x00007ffbcc897000 	C:\Windows\SYSTEM32\wintypes.dll
0x00007ffbd0000000 - 0x00007ffbd00ea000 	C:\Windows\System32\SHCORE.dll
0x00007ffbcf190000 - 0x00007ffbcf1ed000 	C:\Windows\System32\shlwapi.dll
0x00007ffbce700000 - 0x00007ffbce725000 	C:\Windows\SYSTEM32\profapi.dll
0x00007ffb385a0000 - 0x00007ffb38677000 	C:\Users\NickS\.jdks\corretto-21.0.1\bin\jsvml.dll
0x00007ffbbe980000 - 0x00007ffbbe990000 	C:\Users\NickS\.jdks\corretto-21.0.1\bin\net.dll
0x00007ffbc96c0000 - 0x00007ffbc97d4000 	C:\Windows\SYSTEM32\WINHTTP.dll
0x00007ffbcdd60000 - 0x00007ffbcddc7000 	C:\Windows\system32\mswsock.dll
0x00007ffb881a0000 - 0x00007ffb881b6000 	C:\Users\NickS\.jdks\corretto-21.0.1\bin\nio.dll
0x00007ffb88180000 - 0x00007ffb88198000 	C:\Users\NickS\.jdks\corretto-21.0.1\bin\zip.dll
0x00007ffbbe4d0000 - 0x00007ffbbe4ea000 	C:\Program Files\JetBrains\IntelliJ IDEA Community Edition 2023.2.4\bin\breakgen64.dll
0x0000014feb7c0000 - 0x0000014feb7c3000 	C:\Users\NickS\.openjfx\cache\21-ea+null\amd64\api-ms-win-core-console-l1-1-0.dll
0x0000014feb7d0000 - 0x0000014feb7d3000 	C:\Users\NickS\.openjfx\cache\21-ea+null\amd64\api-ms-win-core-console-l1-2-0.dll
0x0000014feb7e0000 - 0x0000014feb7e3000 	C:\Users\NickS\.openjfx\cache\21-ea+null\amd64\api-ms-win-core-datetime-l1-1-0.dll
0x0000014feb7f0000 - 0x0000014feb7f3000 	C:\Users\NickS\.openjfx\cache\21-ea+null\amd64\api-ms-win-core-debug-l1-1-0.dll
0x0000014feb800000 - 0x0000014feb803000 	C:\Users\NickS\.openjfx\cache\21-ea+null\amd64\api-ms-win-core-errorhandling-l1-1-0.dll
0x0000014ff8c70000 - 0x0000014ff8c74000 	C:\Users\NickS\.openjfx\cache\21-ea+null\amd64\api-ms-win-core-file-l1-1-0.dll
0x0000014ff8c80000 - 0x0000014ff8c83000 	C:\Users\NickS\.openjfx\cache\21-ea+null\amd64\api-ms-win-core-file-l1-2-0.dll
0x0000014ff8c90000 - 0x0000014ff8c93000 	C:\Users\NickS\.openjfx\cache\21-ea+null\amd64\api-ms-win-core-file-l2-1-0.dll
0x0000014ff8ca0000 - 0x0000014ff8ca3000 	C:\Users\NickS\.openjfx\cache\21-ea+null\amd64\api-ms-win-core-handle-l1-1-0.dll
0x0000014ff8cb0000 - 0x0000014ff8cb3000 	C:\Users\NickS\.openjfx\cache\21-ea+null\amd64\api-ms-win-core-heap-l1-1-0.dll
0x0000014ff8cc0000 - 0x0000014ff8cc3000 	C:\Users\NickS\.openjfx\cache\21-ea+null\amd64\api-ms-win-core-interlocked-l1-1-0.dll
0x0000014ff8cd0000 - 0x0000014ff8cd3000 	C:\Users\NickS\.openjfx\cache\21-ea+null\amd64\api-ms-win-core-libraryloader-l1-1-0.dll
0x0000014ff8ce0000 - 0x0000014ff8ce3000 	C:\Users\NickS\.openjfx\cache\21-ea+null\amd64\api-ms-win-core-localization-l1-2-0.dll
0x0000014ff8cf0000 - 0x0000014ff8cf3000 	C:\Users\NickS\.openjfx\cache\21-ea+null\amd64\api-ms-win-core-memory-l1-1-0.dll
0x0000014ff8d00000 - 0x0000014ff8d03000 	C:\Users\NickS\.openjfx\cache\21-ea+null\amd64\api-ms-win-core-namedpipe-l1-1-0.dll
0x0000014ff8d10000 - 0x0000014ff8d13000 	C:\Users\NickS\.openjfx\cache\21-ea+null\amd64\api-ms-win-core-processenvironment-l1-1-0.dll
0x0000014ff8d20000 - 0x0000014ff8d23000 	C:\Users\NickS\.openjfx\cache\21-ea+null\amd64\api-ms-win-core-processthreads-l1-1-0.dll
0x0000014ff8d30000 - 0x0000014ff8d33000 	C:\Users\NickS\.openjfx\cache\21-ea+null\amd64\api-ms-win-core-processthreads-l1-1-1.dll
0x0000014ff8d40000 - 0x0000014ff8d43000 	C:\Users\NickS\.openjfx\cache\21-ea+null\amd64\api-ms-win-core-profile-l1-1-0.dll
0x0000014ff8d50000 - 0x0000014ff8d53000 	C:\Users\NickS\.openjfx\cache\21-ea+null\amd64\api-ms-win-core-rtlsupport-l1-1-0.dll
0x0000014ff8d60000 - 0x0000014ff8d63000 	C:\Users\NickS\.openjfx\cache\21-ea+null\amd64\api-ms-win-core-string-l1-1-0.dll
0x0000014ff8d70000 - 0x0000014ff8d73000 	C:\Users\NickS\.openjfx\cache\21-ea+null\amd64\api-ms-win-core-synch-l1-1-0.dll
0x0000014ff8d80000 - 0x0000014ff8d83000 	C:\Users\NickS\.openjfx\cache\21-ea+null\amd64\api-ms-win-core-synch-l1-2-0.dll
0x0000014ff8d90000 - 0x0000014ff8d93000 	C:\Users\NickS\.openjfx\cache\21-ea+null\amd64\api-ms-win-core-sysinfo-l1-1-0.dll
0x0000014ff8da0000 - 0x0000014ff8da3000 	C:\Users\NickS\.openjfx\cache\21-ea+null\amd64\api-ms-win-core-timezone-l1-1-0.dll
0x0000014ff8db0000 - 0x0000014ff8db3000 	C:\Users\NickS\.openjfx\cache\21-ea+null\amd64\api-ms-win-core-util-l1-1-0.dll
0x0000014ff8dc0000 - 0x0000014ff8dc3000 	C:\Users\NickS\.openjfx\cache\21-ea+null\amd64\api-ms-win-crt-conio-l1-1-0.dll
0x0000014ff8dd0000 - 0x0000014ff8dd4000 	C:\Users\NickS\.openjfx\cache\21-ea+null\amd64\api-ms-win-crt-convert-l1-1-0.dll
0x0000014ff8de0000 - 0x0000014ff8de3000 	C:\Users\NickS\.openjfx\cache\21-ea+null\amd64\api-ms-win-crt-environment-l1-1-0.dll
0x0000014ff8df0000 - 0x0000014ff8df3000 	C:\Users\NickS\.openjfx\cache\21-ea+null\amd64\api-ms-win-crt-filesystem-l1-1-0.dll
0x0000014ff8e00000 - 0x0000014ff8e03000 	C:\Users\NickS\.openjfx\cache\21-ea+null\amd64\api-ms-win-crt-heap-l1-1-0.dll
0x0000014ff8e10000 - 0x0000014ff8e13000 	C:\Users\NickS\.openjfx\cache\21-ea+null\amd64\api-ms-win-crt-locale-l1-1-0.dll
0x0000014ff8e20000 - 0x0000014ff8e25000 	C:\Users\NickS\.openjfx\cache\21-ea+null\amd64\api-ms-win-crt-math-l1-1-0.dll
0x0000014ff8e30000 - 0x0000014ff8e35000 	C:\Users\NickS\.openjfx\cache\21-ea+null\amd64\api-ms-win-crt-multibyte-l1-1-0.dll
0x0000014ff8e40000 - 0x0000014ff8e50000 	C:\Users\NickS\.openjfx\cache\21-ea+null\amd64\api-ms-win-crt-private-l1-1-0.dll
0x0000014ff8e50000 - 0x0000014ff8e53000 	C:\Users\NickS\.openjfx\cache\21-ea+null\amd64\api-ms-win-crt-process-l1-1-0.dll
0x0000014ff8e60000 - 0x0000014ff8e64000 	C:\Users\NickS\.openjfx\cache\21-ea+null\amd64\api-ms-win-crt-runtime-l1-1-0.dll
0x0000014ff8e70000 - 0x0000014ff8e74000 	C:\Users\NickS\.openjfx\cache\21-ea+null\amd64\api-ms-win-crt-stdio-l1-1-0.dll
0x0000014ff8e80000 - 0x0000014ff8e84000 	C:\Users\NickS\.openjfx\cache\21-ea+null\amd64\api-ms-win-crt-string-l1-1-0.dll
0x0000014ff8e90000 - 0x0000014ff8e93000 	C:\Users\NickS\.openjfx\cache\21-ea+null\amd64\api-ms-win-crt-time-l1-1-0.dll
0x0000014ff8ea0000 - 0x0000014ff8ea3000 	C:\Users\NickS\.openjfx\cache\21-ea+null\amd64\api-ms-win-crt-utility-l1-1-0.dll
0x00007ffb84f00000 - 0x00007ffb84ffc000 	C:\Users\NickS\.openjfx\cache\21-ea+null\amd64\ucrtbase.dll
0x00007ffbb9df0000 - 0x00007ffbb9e0b000 	C:\Users\NickS\.openjfx\cache\21-ea+null\amd64\vcruntime140.dll
0x00007ffbc7760000 - 0x00007ffbc776c000 	C:\Users\NickS\.openjfx\cache\21-ea+null\amd64\vcruntime140_1.dll
0x00007ffb87910000 - 0x00007ffb8799e000 	C:\Users\NickS\.openjfx\cache\21-ea+null\amd64\msvcp140.dll
0x00007ffbd05f0000 - 0x00007ffbd078a000 	C:\Windows\System32\ole32.dll
0x00007ffbba5e0000 - 0x00007ffbba5e9000 	C:\Users\NickS\.openjfx\cache\21-ea+null\amd64\msvcp140_1.dll
0x00007ffb8aa90000 - 0x00007ffb8aabf000 	C:\Users\NickS\.openjfx\cache\21-ea+null\amd64\msvcp140_2.dll
0x00007ffb8a610000 - 0x00007ffb8a63f000 	C:\Users\NickS\.openjfx\cache\21-ea+null\amd64\prism_d3d.dll
0x00007ffb879f0000 - 0x00007ffb87b96000 	C:\Windows\system32\d3d9.dll
0x00007ffbcc100000 - 0x00007ffbcc12f000 	C:\Windows\SYSTEM32\dwmapi.dll
0x00007ffbcbf80000 - 0x00007ffbcbfb8000 	C:\Windows\SYSTEM32\dxcore.dll
0x00007ffbcbe60000 - 0x00007ffbcbf0c000 	C:\Windows\system32\uxtheme.dll
0x00007ffb86d00000 - 0x00007ffb86e65000 	C:\Windows\System32\DriverStore\FileRepository\iigd_dch.inf_amd64_5dc1a2977f07512e\igdumdim64.dll
0x00007ffb7c810000 - 0x00007ffb8049b000 	C:\Windows\System32\DriverStore\FileRepository\iigd_dch.inf_amd64_5dc1a2977f07512e\igd9dxva64.dll
0x00007ffbcf9b0000 - 0x00007ffbcfa86000 	C:\Windows\System32\OLEAUT32.dll
0x00007ffbd0170000 - 0x00007ffbd05e2000 	C:\Windows\System32\SETUPAPI.dll
0x00007ffbce450000 - 0x00007ffbce49c000 	C:\Windows\SYSTEM32\cfgmgr32.dll
0x00007ffbc6f20000 - 0x00007ffbc7256000 	C:\Windows\System32\DriverStore\FileRepository\iigd_dch.inf_amd64_5dc1a2977f07512e\igdgmm64.dll
0x00007ffbca5f0000 - 0x00007ffbca634000 	C:\Windows\SYSTEM32\directxdatabasehelper.dll
0x00007ffbcd8d0000 - 0x00007ffbcd904000 	C:\Windows\SYSTEM32\ntmarta.dll
0x00007ffb87f00000 - 0x00007ffb87f42000 	C:\Users\NickS\.openjfx\cache\21-ea+null\amd64\glass.dll
0x00007ffbd1210000 - 0x00007ffbd12fc000 	C:\Windows\System32\COMDLG32.dll
0x00007ffb5e590000 - 0x00007ffb5e5ee000 	C:\Program Files\Huawei\PCManager\plugins\PerfWndMonModule.dll
0x00007ffbd0790000 - 0x00007ffbd08ad000 	C:\Windows\System32\MSCTF.dll
0x00007ffb8a8b0000 - 0x00007ffb8a8d7000 	C:\Windows\System32\DriverStore\FileRepository\iigd_dch.inf_amd64_5dc1a2977f07512e\igdinfo64.dll
0x00007ffbc0080000 - 0x00007ffbc2e0f000 	C:\Windows\System32\DriverStore\FileRepository\iigd_dch.inf_amd64_5dc1a2977f07512e\igc64.dll
0x00007ffb8a5e0000 - 0x00007ffb8a60d000 	C:\Users\NickS\.openjfx\cache\21-ea+null\amd64\javafx_iio.dll
0x00007ffbb9dd0000 - 0x00007ffbb9de4000 	C:\Users\NickS\.openjfx\cache\21-ea+null\amd64\javafx_font.dll
0x00007ffbb82b0000 - 0x00007ffbb850f000 	C:\Windows\SYSTEM32\dwrite.dll
0x00007ffbd0970000 - 0x00007ffbd0a1f000 	C:\Windows\System32\clbcatq.dll
0x00007ffbc8b60000 - 0x00007ffbc8d0e000 	C:\Windows\SYSTEM32\WindowsCodecs.dll
0x00007ffbc4420000 - 0x00007ffbc447d000 	C:\Windows\system32\dataexchange.dll
0x00007ffbc8450000 - 0x00007ffbc86b5000 	C:\Windows\system32\twinapi.appcore.dll
0x00007ffb74620000 - 0x00007ffb74652000 	C:\Program Files\Common Files\Microsoft Shared\Ink\rtscom.dll
0x00007ffbb97a0000 - 0x00007ffbb98cc000 	C:\Windows\SYSTEM32\textinputframework.dll
0x00007ffbcb9f0000 - 0x00007ffbcbb21000 	C:\Windows\SYSTEM32\CoreMessaging.dll
0x00007ffbc9cd0000 - 0x00007ffbca03d000 	C:\Windows\SYSTEM32\CoreUIComponents.dll
0x00007ffbcdfc0000 - 0x00007ffbcdfcc000 	C:\Windows\SYSTEM32\CRYPTBASE.DLL
0x00007ffbcd440000 - 0x00007ffbcd527000 	C:\Windows\SYSTEM32\DNSAPI.dll
0x00007ffbcd3a0000 - 0x00007ffbcd3cd000 	C:\Windows\SYSTEM32\IPHLPAPI.DLL

dbghelp: loaded successfully - version: 4.0.5 - missing functions: none
symbol engine: initialized successfully - sym options: 0x614 - pdb path: .;C:\Users\NickS\.jdks\corretto-21.0.1\bin;C:\Windows\SYSTEM32;C:\Windows\WinSxS\amd64_microsoft.windows.common-controls_6595b64144ccf1df_6.0.22000.120_none_9d947278b86cc467;C:\Users\NickS\.jdks\corretto-21.0.1\bin\server;C:\Program Files\JetBrains\IntelliJ IDEA Community Edition 2023.2.4\bin;C:\Users\NickS\.openjfx\cache\21-ea+null\amd64;C:\Windows\System32\DriverStore\FileRepository\iigd_dch.inf_amd64_5dc1a2977f07512e;C:\Program Files\Huawei\PCManager\plugins;C:\Program Files\Common Files\Microsoft Shared\Ink

VM Arguments:
jvm_args: -javaagent:C:\Program Files\JetBrains\IntelliJ IDEA Community Edition 2023.2.4\lib\idea_rt.jar=57008:C:\Program Files\JetBrains\IntelliJ IDEA Community Edition 2023.2.4\bin -Dfile.encoding=UTF-8 -Dsun.stdout.encoding=UTF-8 -Dsun.stderr.encoding=UTF-8 --module-path=C:\Users\NickS\.m2\repository\org\openjfx\javafx-graphics\21-ea+24\javafx-graphics-21-ea+24-win.jar;C:\Users\NickS\.m2\repository\org\openjfx\javafx-base\21-ea+24\javafx-base-21-ea+24-win.jar;C:\Users\NickS\OneDrive\Рабочий стол\thrthehrhjyj\target\classes;C:\Users\NickS\.m2\repository\org\openjfx\javafx-controls\21-ea+24\javafx-controls-21-ea+24-win.jar;C:\Users\NickS\.m2\repository\org\openjfx\javafx-fxml\21-ea+24\javafx-fxml-21-ea+24-win.jar -Djdk.module.main=com.example.thrthehrhjyj 
java_command: com.example.thrthehrhjyj/com.example.thrthehrhjyj.HelloApplication
java_class_path (initial): C:\Users\NickS\.m2\repository\org\openjfx\javafx-controls\21-ea+24\javafx-controls-21-ea+24.jar;C:\Users\NickS\.m2\repository\org\openjfx\javafx-graphics\21-ea+24\javafx-graphics-21-ea+24.jar;C:\Users\NickS\.m2\repository\org\openjfx\javafx-base\21-ea+24\javafx-base-21-ea+24.jar;C:\Users\NickS\.m2\repository\org\openjfx\javafx-fxml\21-ea+24\javafx-fxml-21-ea+24.jar;C:\Users\NickS\OneDrive\Рабочий стол\bbbb\mysql-connector-j-8.3.0\mysql-connector-j-8.3.0.jar
Launcher Type: SUN_STANDARD

[Global flags]
     intx CICompilerCount                          = 3                                         {product} {ergonomic}
     uint ConcGCThreads                            = 1                                         {product} {ergonomic}
     uint G1ConcRefinementThreads                  = 4                                         {product} {ergonomic}
   size_t G1HeapRegionSize                         = 1048576                                   {product} {ergonomic}
    uintx GCDrainStackTargetSize                   = 64                                        {product} {ergonomic}
   size_t InitialHeapSize                          = 132120576                                 {product} {ergonomic}
   size_t MarkStackSize                            = 4194304                                   {product} {ergonomic}
   size_t MaxHeapSize                              = 2095054848                                {product} {ergonomic}
   size_t MaxNewSize                               = 1256194048                                {product} {ergonomic}
   size_t MinHeapDeltaBytes                        = 1048576                                   {product} {ergonomic}
   size_t MinHeapSize                              = 8388608                                   {product} {ergonomic}
    uintx NonNMethodCodeHeapSize                   = 5832780                                {pd product} {ergonomic}
    uintx NonProfiledCodeHeapSize                  = 122912730                              {pd product} {ergonomic}
    uintx ProfiledCodeHeapSize                     = 122912730                              {pd product} {ergonomic}
    uintx ReservedCodeCacheSize                    = 251658240                              {pd product} {ergonomic}
     bool SegmentedCodeCache                       = true                                      {product} {ergonomic}
   size_t SoftMaxHeapSize                          = 2095054848                             {manageable} {ergonomic}
     bool UseCompressedOops                        = true                           {product lp64_product} {ergonomic}
     bool UseG1GC                                  = true                                      {product} {ergonomic}
     bool UseLargePagesIndividualAllocation        = false                                  {pd product} {ergonomic}

Logging:
Log output configuration:
 #0: stdout all=off uptime,level,tags foldmultilines=false
 #1: stderr all=off uptime,level,tags foldmultilines=false

Environment Variables:
PATH=C:\Program Files\Common Files\Oracle\Java\javapath;C:\Program Files (x86)\Common Files\Oracle\Java\javapath;C:\Windows\System32\HWAudioDriverLibs;C:\Windows\system32;C:\Windows;C:\Windows\System32\Wbem;C:\Windows\System32\WindowsPowerShell\v1.0\;C:\Windows\System32\OpenSSH\;C:\Users\Administrator\AppData\Local\Microsoft\WindowsApps;C:\Users\NickS\scoop\apps\composer\current\home\vendor\bin;C:\Users\NickS\scoop\shims;C:\Users\NickS\AppData\Local\Microsoft\WindowsApps
USERNAME=NickS
OS=Windows_NT
PROCESSOR_IDENTIFIER=Intel64 Family 6 Model 140 Stepping 1, GenuineIntel
TMP=C:\Users\NickS\AppData\Local\Temp
TEMP=C:\Users\NickS\AppData\Local\Temp




Periodic native trim disabled

---------------  S Y S T E M  ---------------

OS:
 Windows 11 , 64 bit Build 22000 (10.0.22000.2538)
OS uptime: 4 days 14:42 hours

CPU: total 4 (initial active 4) (2 cores per cpu, 2 threads per core) family 6 model 140 stepping 1 microcode 0x8a, cx8, cmov, fxsr, ht, mmx, 3dnowpref, sse, sse2, sse3, ssse3, sse4.1, sse4.2, popcnt, lzcnt, tsc, tscinvbit, avx, avx2, aes, erms, clmul, bmi1, bmi2, adx, avx512f, avx512dq, avx512cd, avx512bw, avx512vl, sha, fma, vzeroupper, avx512_vpopcntdq, avx512_vpclmulqdq, avx512_vaes, avx512_vnni, clflush, clflushopt, clwb, avx512_vbmi2, avx512_vbmi, rdtscp, rdpid, fsrm, gfni, avx512_bitalg, f16c, pku, cet_ibt, cet_ss, avx512_ifma
Processor Information for processor 0
  Max Mhz: 2995, Current Mhz: 2995, Mhz Limit: 2995
Processor Information for processor 1
  Max Mhz: 2995, Current Mhz: 2995, Mhz Limit: 2995
Processor Information for processor 2
  Max Mhz: 2995, Current Mhz: 2995, Mhz Limit: 2995
Processor Information for processor 3
  Max Mhz: 2995, Current Mhz: 998, Mhz Limit: 2995

Memory: 4k page, system-wide physical 7991M (740M free)
TotalPageFile size 13367M (AvailPageFile size 2849M)
current process WorkingSet (physical memory assigned to process): 226M, peak: 248M
current process commit charge ("private bytes"): 272M, peak: 334M

vm_info: OpenJDK 64-Bit Server VM (21.0.1+12-LTS) for windows-amd64 JRE (21.0.1+12-LTS), built on 2023-10-12T03:52:47Z by "Administrator" with MS VC++ 16.10 / 16.11 (VS2019)

END.
