#
# A fatal error has been detected by the Java Runtime Environment:
#
#  EXCEPTION_ACCESS_VIOLATION (0xc0000005) at pc=0x00007ff8c57c6587, pid=14656, tid=1460
#
# JRE version: OpenJDK Runtime Environment (21.0.2+13) (build 21.0.2+13-58)
# Java VM: OpenJDK 64-Bit Server VM (21.0.2+13-58, mixed mode, sharing, tiered, compressed oops, compressed class ptrs, g1 gc, windows-amd64)
# Problematic frame:
# C  [glass.dll+0x26587]
#
# No core dump will be written. Minidumps are not enabled by default on client versions of Windows
#
# If you would like to submit a bug report, please visit:
#   https://bugreport.java.com/bugreport/crash.jsp
#

---------------  S U M M A R Y ------------

Command Line: -javaagent:F:\IntelliJ IDEA Community Edition 2023.2.1\lib\idea_rt.jar=51199:F:\IntelliJ IDEA Community Edition 2023.2.1\bin -Dfile.encoding=UTF-8 -Dsun.stdout.encoding=UTF-8 -Dsun.stderr.encoding=UTF-8 --module-path=C:\Users\Student\.m2\repository\org\openjfx\javafx-base\21-ea+24\javafx-base-21-ea+24-win.jar;C:\Users\Student\Desktop\thrthehrhjyj\target\classes;C:\Users\Student\.m2\repository\org\openjfx\javafx-controls\21-ea+24\javafx-controls-21-ea+24-win.jar;C:\Users\Student\.m2\repository\org\openjfx\javafx-graphics\21-ea+24\javafx-graphics-21-ea+24-win.jar;C:\Users\Student\.m2\repository\org\openjfx\javafx-fxml\21-ea+24\javafx-fxml-21-ea+24-win.jar -Djdk.module.main=com.example.thrthehrhjyj com.example.thrthehrhjyj/com.example.thrthehrhjyj.HelloApplication

Host: Intel(R) Core(TM) i7-8700 CPU @ 3.20GHz, 12 cores, 15G,  Windows 11 , 64 bit Build 22621 (10.0.22621.3085)
Time: Sat Mar 16 08:46:07 2024 RTZ 2 (s 11 , 64 bit Build 22621 (10.0.22621.3085) elapsed time: 71.852980 seconds (0d 0h 1m 11s)

---------------  T H R E A D  ---------------

Current thread (0x00000178f9357ee0):  VMThread "VM Thread"          [id=1460, stack(0x00000054cec00000,0x00000054ced00000) (1024K)]

Stack: [0x00000054cec00000,0x00000054ced00000],  sp=0x00000054cecff390,  free space=1020k
Native frames: (J=compiled Java code, j=interpreted, Vv=VM code, C=native code)
C  [glass.dll+0x26587]


siginfo: EXCEPTION_ACCESS_VIOLATION (0xc0000005), reading address 0x0000000000000000


Registers:
RAX=0x0000000000000000, RBX=0x00000178f9366822, RCX=0x00000178f9357ee0, RDX=0x00000054cecff390
RSP=0x00000054cecff390, RBP=0x00000178fec5d448, RSI=0x00000054cecff498, RDI=0x00000178fec5d420
R8 =0x0000000000010002, R9 =0x00000178fec5d420, R10=0x85f13e9656da4870, R11=0x00000054cecff320
R12=0x00007ff8c57c3ed0, R13=0x00007ff873ac4720, R14=0x0000ab3f0d9155d9, R15=0x00000178fec5d420
RIP=0x00007ff8c57c6587, EFLAGS=0x0000000000010206


Register to memory mapping:

RAX=0x0 is null
RBX=0x00000178f9366822 is a global jni handle
RCX=0x00000178f9357ee0 points into unknown readable memory: 0x00007ff8738d6038 | 38 60 8d 73 f8 7f 00 00
RDX=0x00000054cecff390 points into unknown readable memory: 0x0000000000000000 | 00 00 00 00 00 00 00 00
RSP=0x00000054cecff390 points into unknown readable memory: 0x0000000000000000 | 00 00 00 00 00 00 00 00
RBP=0x00000178fec5d448 points into unknown readable memory: 0x0000ab3f0d9155d9 | d9 55 91 0d 3f ab 00 00
RSI=0x00000054cecff498 points into unknown readable memory: 0x00000054cecff480 | 80 f4 cf ce 54 00 00 00
RDI=0x00000178fec5d420 points into unknown readable memory: 0xf18a534cdd915526 | 26 55 91 dd 4c 53 8a f1
R8 =0x0000000000010002 is an unknown value
R9 =0x00000178fec5d420 points into unknown readable memory: 0xf18a534cdd915526 | 26 55 91 dd 4c 53 8a f1
R10=0x85f13e9656da4870 is an unknown value
R11=0x00000054cecff320 points into unknown readable memory: 0x00000178fec5d420 | 20 d4 c5 fe 78 01 00 00
R12=0x00007ff8c57c3ed0 glass.dll
R13=0x00007ff873ac4720 jvm.dll
R14=0x0000ab3f0d9155d9 is an unknown value
R15=0x00000178fec5d420 points into unknown readable memory: 0xf18a534cdd915526 | 26 55 91 dd 4c 53 8a f1

Top of Stack: (sp=0x00000054cecff390)
0x00000054cecff390:   0000000000000000 00000054cecff498
0x00000054cecff3a0:   00007ff873ac4720 00007ff8c57c3ed0
0x00000054cecff3b0:   00000178fec5d428 00007ff8d3ac3a83
0x00000054cecff3c0:   00000178fec5d420 0000017800000000
0x00000054cecff3d0:   00000178fec5d448 00000054cecff498
0x00000054cecff3e0:   fffffffffffffffe 0000000000000000
0x00000054cecff3f0:   0000000000000001 00007ff8c57a0000
0x00000054cecff400:   00000054cecff488 00007ff8d3a9006e
0x00000054cecff410:   0000000000000000 00000054cecff498
0x00000054cecff420:   00000054cecff780 0000000000000001
0x00000054cecff430:   0000000000000001 00007ff8d3a8da1d
0x00000054cecff440:   0000000000000000 00007ff8c57c36c9
0x00000054cecff450:   0000000000000000 00000054cecff488
0x00000054cecff460:   fffffffffffffffe 00000054cecff400
0x00000054cecff470:   0000000000000000 00007ff8c57c3d5d
0x00000054cecff480:   00007ff8c57da008 0000000000000002
0x00000054cecff490:   0000421c00000002 00000054cecff480
0x00000054cecff4a0:   0000000000000000 00007ff8d6758603
0x00000054cecff4b0:   0000000000000000 00007ff8c57c3e82
0x00000054cecff4c0:   0000000000000001 0000000000000001
0x00000054cecff4d0:   0000000000000000 0000000000000001
0x00000054cecff4e0:   0000017800000001 00007ff8d3262223
0x00000054cecff4f0:   0000000000000001 00007ff8c6a20000
0x00000054cecff500:   00007ff8c57a0000 000000007ffe0384
0x00000054cecff510:   0000000000000000 00007ff8d675869f
0x00000054cecff520:   00007ff8c57a0000 0000000000000000
0x00000054cecff530:   0000000000000001 000000007ffe0385
0x00000054cecff540:   0000000000000000 00007ff8d67812e9
0x00000054cecff550:   00007ccb38ea4500 0000000000000014
0x00000054cecff560:   00007ff8c57c3ed0 0000000000000000
0x00000054cecff570:   0000000000000000 00000054ce167000
0x00000054cecff580:   00000178feb5ee40 00007ff8d67810a6 

Instructions: (pc=0x00007ff8c57c6587)
0x00007ff8c57c6487:   8b 4d 58 e8 8d cf ff ff 48 8b 4d 60 e8 84 cf ff
0x00007ff8c57c6497:   ff 48 8b 95 80 00 00 00 48 8b 8d 18 01 00 00 e8
0x00007ff8c57c64a7:   76 c4 ff ff 33 d2 33 c9 e8 cc e1 ff ff 90 48 89
0x00007ff8c57c64b7:   54 24 10 55 48 83 ec 20 48 8b ea 48 b8 00 00 00
0x00007ff8c57c64c7:   00 00 00 00 00 48 83 c4 20 5d c3 cc 40 55 48 8b
0x00007ff8c57c64d7:   ea 48 8b 01 33 c9 81 38 05 00 00 c0 0f 94 c1 8b
0x00007ff8c57c64e7:   c1 5d c3 cc 40 55 48 83 ec 20 48 8b ea 8a 4d 40
0x00007ff8c57c64f7:   48 83 c4 20 5d e9 73 d3 ff ff cc 40 55 48 83 ec
0x00007ff8c57c6507:   20 48 8b ea 8a 4d 20 e8 61 d3 ff ff 90 48 83 c4
0x00007ff8c57c6517:   20 5d c3 cc 40 55 48 83 ec 20 48 8b ea 48 83 c4
0x00007ff8c57c6527:   20 5d e9 c2 d1 ff ff cc 40 55 48 83 ec 30 48 8b
0x00007ff8c57c6537:   ea 48 8b 01 8b 10 48 89 4c 24 28 89 54 24 20 4c
0x00007ff8c57c6547:   8d 0d 63 d6 ff ff 4c 8b 45 70 8b 55 68 48 8b 4d
0x00007ff8c57c6557:   60 e8 03 d1 ff ff 90 48 83 c4 30 5d c3 cc cc cc
0x00007ff8c57c6567:   cc cc cc cc cc cc cc cc cc 40 53 48 83 ec 20 48
0x00007ff8c57c6577:   8b 1d 8b 34 01 00 48 85 db 74 16 e8 89 8f ff ff
0x00007ff8c57c6587:   4c 8b 00 48 8b d3 48 8b c8 41 ff 90 b0 00 00 00
0x00007ff8c57c6597:   90 48 83 c4 20 5b c3 cc cc 40 53 48 83 ec 20 48
0x00007ff8c57c65a7:   8b 1d fb 35 01 00 48 85 db 74 57 b8 ff ff ff ff
0x00007ff8c57c65b7:   f0 0f c1 43 10 83 f8 01 75 3d 48 85 db 74 38 48
0x00007ff8c57c65c7:   8b 0b 48 85 c9 74 0d ff 15 d4 0c 00 00 48 c7 03
0x00007ff8c57c65d7:   00 00 00 00 48 8b 4b 08 48 85 c9 74 0d e8 33 ce
0x00007ff8c57c65e7:   ff ff 48 c7 43 08 00 00 00 00 ba 18 00 00 00 48
0x00007ff8c57c65f7:   8b cb e8 1e ce ff ff 48 c7 05 9f 35 01 00 00 00
0x00007ff8c57c6607:   00 00 48 83 c4 20 5b c3 cc 40 53 48 83 ec 20 48
0x00007ff8c57c6617:   8b 1d 6b 35 01 00 48 85 db 74 57 b8 ff ff ff ff
0x00007ff8c57c6627:   f0 0f c1 43 10 83 f8 01 75 3d 48 85 db 74 38 48
0x00007ff8c57c6637:   8b 0b 48 85 c9 74 0d ff 15 64 0c 00 00 48 c7 03
0x00007ff8c57c6647:   00 00 00 00 48 8b 4b 08 48 85 c9 74 0d e8 c3 cd
0x00007ff8c57c6657:   ff ff 48 c7 43 08 00 00 00 00 ba 18 00 00 00 48
0x00007ff8c57c6667:   8b cb e8 ae cd ff ff 48 c7 05 0f 35 01 00 00 00
0x00007ff8c57c6677:   00 00 48 83 c4 20 5b c3 cc 40 53 48 83 ec 20 48 


Stack slot to memory mapping:

stack at sp + 0 slots: 0x0 is null
stack at sp + 1 slots: 0x00000054cecff498 points into unknown readable memory: 0x00000054cecff480 | 80 f4 cf ce 54 00 00 00
stack at sp + 2 slots: 0x00007ff873ac4720 jvm.dll
stack at sp + 3 slots: 0x00007ff8c57c3ed0 glass.dll
stack at sp + 4 slots: 0x00000178fec5d428 points into unknown readable memory: 0x0000ab3f0d9155d9 | d9 55 91 0d 3f ab 00 00
stack at sp + 5 slots: 0x00007ff8d3ac3a83 ucrtbase.dll
stack at sp + 6 slots: 0x00000178fec5d420 points into unknown readable memory: 0xf18a534cdd915526 | 26 55 91 dd 4c 53 8a f1
stack at sp + 7 slots: 0x0000017800000000 is an unknown value

VM_Operation (0x00000054ce2ff150): Exit, mode: safepoint, requested by thread 0x00000178ff502c10


---------------  P R O C E S S  ---------------

Threads class SMR info:
_java_thread_list=0x00000178ff148050, length=20, elements={
0x00000178da5c7820, 0x00000178f9377b20, 0x00000178f9378800, 0x00000178f937cb30,
0x00000178f937e640, 0x00000178f937f7b0, 0x00000178f9388ef0, 0x00000178f938c360,
0x00000178f938eb90, 0x00000178fe0e9020, 0x00000178fe5b77f0, 0x00000178fe5b7e60,
0x00000178fe9e2980, 0x00000178fea03b50, 0x00000178fea6fbb0, 0x00000178feb18250,
0x00000178feca1550, 0x00000178feb069c0, 0x00000178ff506720, 0x00000178ff502c10
}

Java Threads: ( => current thread )
  0x00000178da5c7820 JavaThread "main"                              [_thread_blocked, id=4916, stack(0x00000054ce500000,0x00000054ce600000) (1024K)]
  0x00000178f9377b20 JavaThread "Reference Handler"          daemon [_thread_blocked, id=13356, stack(0x00000054ced00000,0x00000054cee00000) (1024K)]
  0x00000178f9378800 JavaThread "Finalizer"                  daemon [_thread_blocked, id=12368, stack(0x00000054cee00000,0x00000054cef00000) (1024K)]
  0x00000178f937cb30 JavaThread "Signal Dispatcher"          daemon [_thread_blocked, id=19256, stack(0x00000054cef00000,0x00000054cf000000) (1024K)]
  0x00000178f937e640 JavaThread "Attach Listener"            daemon [_thread_blocked, id=16048, stack(0x00000054cf000000,0x00000054cf100000) (1024K)]
  0x00000178f937f7b0 JavaThread "Service Thread"             daemon [_thread_blocked, id=1820, stack(0x00000054cf100000,0x00000054cf200000) (1024K)]
  0x00000178f9388ef0 JavaThread "Monitor Deflation Thread"   daemon [_thread_blocked, id=440, stack(0x00000054cf200000,0x00000054cf300000) (1024K)]
  0x00000178f938c360 JavaThread "C2 CompilerThread0"         daemon [_thread_blocked, id=16056, stack(0x00000054cf300000,0x00000054cf400000) (1024K)]
  0x00000178f938eb90 JavaThread "C1 CompilerThread0"         daemon [_thread_blocked, id=15296, stack(0x00000054cf400000,0x00000054cf500000) (1024K)]
  0x00000178fe0e9020 JavaThread "Common-Cleaner"             daemon [_thread_blocked, id=17924, stack(0x00000054cf500000,0x00000054cf600000) (1024K)]
  0x00000178fe5b77f0 JavaThread "Monitor Ctrl-Break"         daemon [_thread_in_native, id=12012, stack(0x00000054cf800000,0x00000054cf900000) (1024K)]
  0x00000178fe5b7e60 JavaThread "Notification Thread"        daemon [_thread_blocked, id=16004, stack(0x00000054cf900000,0x00000054cfa00000) (1024K)]
  0x00000178fe9e2980 JavaThread "QuantumRenderer-0"          daemon [_thread_blocked, id=16228, stack(0x00000054cfa00000,0x00000054cfb00000) (1024K)]
  0x00000178fea03b50 JavaThread "InvokeLaterDispatcher"      daemon [_thread_blocked, id=14412, stack(0x00000054cfb00000,0x00000054cfc00000) (1024K)]
  0x00000178fea6fbb0 JavaThread "JavaFX Application Thread"         [_thread_in_native, id=17428, stack(0x00000054cfc00000,0x00000054cfd00000) (1024K)]
  0x00000178feb18250 JavaThread "JavaFX-Launcher"                   [_thread_blocked, id=17392, stack(0x00000054d0100000,0x00000054d0200000) (1024K)]
  0x00000178feca1550 JavaThread "Thread-2"                   daemon [_thread_in_native, id=11116, stack(0x00000054d0000000,0x00000054d0100000) (1024K)]
  0x00000178feb069c0 JavaThread "Prism Font Disposer"        daemon [_thread_blocked, id=17544, stack(0x00000054d0a00000,0x00000054d0b00000) (1024K)]
  0x00000178ff506720 JavaThread "Cleaner-0"                  daemon [_thread_blocked, id=9036, stack(0x00000054d0f00000,0x00000054d1000000) (1024K)]
  0x00000178ff502c10 JavaThread "SIGINT handler"             daemon [_thread_blocked, id=9976, stack(0x00000054ce200000,0x00000054ce300000) (1024K)]
Total: 20

Other Threads:
=>0x00000178f9357ee0 VMThread "VM Thread"                           [id=1460, stack(0x00000054cec00000,0x00000054ced00000) (1024K)]
  0x00000178da630700 WorkerThread "GC Thread#0"                     [id=18916, stack(0x00000054ce600000,0x00000054ce700000) (1024K)]
  0x00000178f93594a0 WorkerThread "GC Thread#1"                     [id=16788, stack(0x00000054d0200000,0x00000054d0300000) (1024K)]
  0x00000178f93589c0 WorkerThread "GC Thread#2"                     [id=3100, stack(0x00000054d0300000,0x00000054d0400000) (1024K)]
  0x00000178f9358d60 WorkerThread "GC Thread#3"                     [id=5700, stack(0x00000054d0400000,0x00000054d0500000) (1024K)]
  0x00000178f9359100 WorkerThread "GC Thread#4"                     [id=8952, stack(0x00000054d0500000,0x00000054d0600000) (1024K)]
  0x00000178f9359840 WorkerThread "GC Thread#5"                     [id=16992, stack(0x00000054d0600000,0x00000054d0700000) (1024K)]
  0x00000178ff5e0870 WorkerThread "GC Thread#6"                     [id=17284, stack(0x00000054d0b00000,0x00000054d0c00000) (1024K)]
  0x00000178ff5de430 WorkerThread "GC Thread#7"                     [id=13104, stack(0x00000054d0c00000,0x00000054d0d00000) (1024K)]
  0x00000178ff5deb70 WorkerThread "GC Thread#8"                     [id=2652, stack(0x00000054d0d00000,0x00000054d0e00000) (1024K)]
  0x00000178ff5dfd90 WorkerThread "GC Thread#9"                     [id=15564, stack(0x00000054d0e00000,0x00000054d0f00000) (1024K)]
  0x00000178da641420 ConcurrentGCThread "G1 Main Marker"            terminated
  0x00000178da6425d0 WorkerThread "G1 Conc#0"                       [id=12328, stack(0x00000054ce800000,0x00000054ce900000) (1024K)]
  0x00000178da688090 ConcurrentGCThread "G1 Refine#0"               terminated
  0x00000178da68a4d0 ConcurrentGCThread "G1 Service"                terminated
Total: 15

Threads with active compile tasks:
C1 CompilerThread0    72133 3413       1       com.sun.prism.d3d.D3DContext::getResourceFactory (5 bytes)
Total: 1

VM state: at safepoint (shutting down)

VM Mutex/Monitor currently owned by a thread:  ([mutex/lock_event])
[0x00007ff873a9cd68] Threads_lock - owner thread: 0x00000178f9357ee0
[0x00007ff873a9ce68] Heap_lock - owner thread: 0x00000178ff502c10

Heap address: 0x0000000703800000, size: 4040 MB, Compressed Oops mode: Zero based, Oop shift amount: 3

CDS archive(s) mapped at: [0x0000017880000000-0x0000017880c90000-0x0000017880c90000), size 13172736, SharedBaseAddress: 0x0000017880000000, ArchiveRelocationMode: 1.
Compressed class space mapped at: 0x0000017881000000-0x00000178c1000000, reserved size: 1073741824
Narrow klass base: 0x0000017880000000, Narrow klass shift: 0, Narrow klass range: 0x100000000

GC Precious Log:
 CardTable entry size: 512
 Card Set container configuration: InlinePtr #cards 4 size 8 Array Of Cards #cards 16 size 48 Howl #buckets 8 coarsen threshold 3686 Howl Bitmap #cards 512 size 80 coarsen threshold 460 Card regions per heap region 1 cards per card region 4096
 CPUs: 12 total, 12 available
 Memory: 16158M
 Large Page Support: Disabled
 NUMA Support: Disabled
 Compressed Oops: Enabled (Zero based)
 Heap Region Size: 2M
 Heap Min Capacity: 8M
 Heap Initial Capacity: 254M
 Heap Max Capacity: 4040M
 Pre-touch: Disabled
 Parallel Workers: 10
 Concurrent Workers: 3
 Concurrent Refinement Workers: 10
 Periodic GC: Disabled

Heap:
 garbage-first heap   total 260096K, used 70082K [0x0000000703800000, 0x0000000800000000)
  region size 2048K, 16 young (32768K), 3 survivors (6144K)
 Metaspace       used 16760K, committed 17152K, reserved 1114112K
  class space    used 2389K, committed 2560K, reserved 1048576K

Heap Regions: E=young(eden), S=young(survivor), O=old, HS=humongous(starts), HC=humongous(continues), CS=collection set, F=free, TAMS=top-at-mark-start, PB=parsable bottom
|   0|0x0000000703800000, 0x0000000703a00000, 0x0000000703a00000|100%|HS|  |TAMS 0x0000000703800000| PB 0x0000000703800000| Complete 
|   1|0x0000000703a00000, 0x0000000703c00000, 0x0000000703c00000|100%|HC|  |TAMS 0x0000000703a00000| PB 0x0000000703a00000| Complete 
|   2|0x0000000703c00000, 0x0000000703e00000, 0x0000000703e00000|100%|HC|  |TAMS 0x0000000703c00000| PB 0x0000000703c00000| Complete 
|   3|0x0000000703e00000, 0x0000000703e70af0, 0x0000000704000000| 22%| O|  |TAMS 0x0000000703e00000| PB 0x0000000703e00000| Untracked 
|   4|0x0000000704000000, 0x0000000704200000, 0x0000000704200000|100%|HS|  |TAMS 0x0000000704000000| PB 0x0000000704000000| Complete 
|   5|0x0000000704200000, 0x0000000704400000, 0x0000000704400000|100%|HS|  |TAMS 0x0000000704200000| PB 0x0000000704200000| Complete 
|   6|0x0000000704400000, 0x0000000704600000, 0x0000000704600000|100%|HC|  |TAMS 0x0000000704400000| PB 0x0000000704400000| Complete 
|   7|0x0000000704600000, 0x0000000704800000, 0x0000000704800000|100%|HC|  |TAMS 0x0000000704600000| PB 0x0000000704600000| Complete 
|   8|0x0000000704800000, 0x0000000704a00000, 0x0000000704a00000|100%|HS|  |TAMS 0x0000000704800000| PB 0x0000000704800000| Complete 
|   9|0x0000000704a00000, 0x0000000704c00000, 0x0000000704c00000|100%|HC|  |TAMS 0x0000000704a00000| PB 0x0000000704a00000| Complete 
|  10|0x0000000704c00000, 0x0000000704e00000, 0x0000000704e00000|100%|HC|  |TAMS 0x0000000704c00000| PB 0x0000000704c00000| Complete 
|  11|0x0000000704e00000, 0x0000000705000000, 0x0000000705000000|100%|HS|  |TAMS 0x0000000704e00000| PB 0x0000000704e00000| Complete 
|  12|0x0000000705000000, 0x0000000705200000, 0x0000000705200000|100%|HC|  |TAMS 0x0000000705000000| PB 0x0000000705000000| Complete 
|  13|0x0000000705200000, 0x0000000705400000, 0x0000000705400000|100%|HC|  |TAMS 0x0000000705200000| PB 0x0000000705200000| Complete 
|  14|0x0000000705400000, 0x0000000705600000, 0x0000000705600000|100%|HS|  |TAMS 0x0000000705400000| PB 0x0000000705400000| Complete 
|  15|0x0000000705600000, 0x0000000705800000, 0x0000000705800000|100%|HC|  |TAMS 0x0000000705600000| PB 0x0000000705600000| Complete 
|  16|0x0000000705800000, 0x0000000705a00000, 0x0000000705a00000|100%|HC|  |TAMS 0x0000000705800000| PB 0x0000000705800000| Complete 
|  17|0x0000000705a00000, 0x0000000705c00000, 0x0000000705c00000|100%|HS|  |TAMS 0x0000000705a00000| PB 0x0000000705a00000| Complete 
|  18|0x0000000705c00000, 0x0000000705e00000, 0x0000000705e00000|100%|HC|  |TAMS 0x0000000705c00000| PB 0x0000000705c00000| Complete 
|  19|0x0000000705e00000, 0x0000000706000000, 0x0000000706000000|100%|HC|  |TAMS 0x0000000705e00000| PB 0x0000000705e00000| Complete 
|  20|0x0000000706000000, 0x0000000706000000, 0x0000000706200000|  0%| F|  |TAMS 0x0000000706000000| PB 0x0000000706000000| Untracked 
|  21|0x0000000706200000, 0x0000000706200000, 0x0000000706400000|  0%| F|  |TAMS 0x0000000706200000| PB 0x0000000706200000| Untracked 
|  22|0x0000000706400000, 0x0000000706400000, 0x0000000706600000|  0%| F|  |TAMS 0x0000000706400000| PB 0x0000000706400000| Untracked 
|  23|0x0000000706600000, 0x0000000706600000, 0x0000000706800000|  0%| F|  |TAMS 0x0000000706600000| PB 0x0000000706600000| Untracked 
|  24|0x0000000706800000, 0x0000000706800000, 0x0000000706a00000|  0%| F|  |TAMS 0x0000000706800000| PB 0x0000000706800000| Untracked 
|  25|0x0000000706a00000, 0x0000000706a00000, 0x0000000706c00000|  0%| F|  |TAMS 0x0000000706a00000| PB 0x0000000706a00000| Untracked 
|  26|0x0000000706c00000, 0x0000000706c00000, 0x0000000706e00000|  0%| F|  |TAMS 0x0000000706c00000| PB 0x0000000706c00000| Untracked 
|  27|0x0000000706e00000, 0x0000000706e00000, 0x0000000707000000|  0%| F|  |TAMS 0x0000000706e00000| PB 0x0000000706e00000| Untracked 
|  28|0x0000000707000000, 0x0000000707000000, 0x0000000707200000|  0%| F|  |TAMS 0x0000000707000000| PB 0x0000000707000000| Untracked 
|  29|0x0000000707200000, 0x0000000707200000, 0x0000000707400000|  0%| F|  |TAMS 0x0000000707200000| PB 0x0000000707200000| Untracked 
|  30|0x0000000707400000, 0x0000000707400000, 0x0000000707600000|  0%| F|  |TAMS 0x0000000707400000| PB 0x0000000707400000| Untracked 
|  31|0x0000000707600000, 0x0000000707600000, 0x0000000707800000|  0%| F|  |TAMS 0x0000000707600000| PB 0x0000000707600000| Untracked 
|  32|0x0000000707800000, 0x0000000707800000, 0x0000000707a00000|  0%| F|  |TAMS 0x0000000707800000| PB 0x0000000707800000| Untracked 
|  33|0x0000000707a00000, 0x0000000707a00000, 0x0000000707c00000|  0%| F|  |TAMS 0x0000000707a00000| PB 0x0000000707a00000| Untracked 
|  34|0x0000000707c00000, 0x0000000707c00000, 0x0000000707e00000|  0%| F|  |TAMS 0x0000000707c00000| PB 0x0000000707c00000| Untracked 
|  35|0x0000000707e00000, 0x0000000707e00000, 0x0000000708000000|  0%| F|  |TAMS 0x0000000707e00000| PB 0x0000000707e00000| Untracked 
|  36|0x0000000708000000, 0x0000000708000000, 0x0000000708200000|  0%| F|  |TAMS 0x0000000708000000| PB 0x0000000708000000| Untracked 
|  37|0x0000000708200000, 0x0000000708200000, 0x0000000708400000|  0%| F|  |TAMS 0x0000000708200000| PB 0x0000000708200000| Untracked 
|  38|0x0000000708400000, 0x0000000708400000, 0x0000000708600000|  0%| F|  |TAMS 0x0000000708400000| PB 0x0000000708400000| Untracked 
|  39|0x0000000708600000, 0x0000000708600000, 0x0000000708800000|  0%| F|  |TAMS 0x0000000708600000| PB 0x0000000708600000| Untracked 
|  40|0x0000000708800000, 0x0000000708800000, 0x0000000708a00000|  0%| F|  |TAMS 0x0000000708800000| PB 0x0000000708800000| Untracked 
|  41|0x0000000708a00000, 0x0000000708a00000, 0x0000000708c00000|  0%| F|  |TAMS 0x0000000708a00000| PB 0x0000000708a00000| Untracked 
|  42|0x0000000708c00000, 0x0000000708c00000, 0x0000000708e00000|  0%| F|  |TAMS 0x0000000708c00000| PB 0x0000000708c00000| Untracked 
|  43|0x0000000708e00000, 0x0000000708e00000, 0x0000000709000000|  0%| F|  |TAMS 0x0000000708e00000| PB 0x0000000708e00000| Untracked 
|  44|0x0000000709000000, 0x0000000709000000, 0x0000000709200000|  0%| F|  |TAMS 0x0000000709000000| PB 0x0000000709000000| Untracked 
|  45|0x0000000709200000, 0x0000000709200000, 0x0000000709400000|  0%| F|  |TAMS 0x0000000709200000| PB 0x0000000709200000| Untracked 
|  46|0x0000000709400000, 0x0000000709400000, 0x0000000709600000|  0%| F|  |TAMS 0x0000000709400000| PB 0x0000000709400000| Untracked 
|  47|0x0000000709600000, 0x0000000709600000, 0x0000000709800000|  0%| F|  |TAMS 0x0000000709600000| PB 0x0000000709600000| Untracked 
|  48|0x0000000709800000, 0x0000000709800000, 0x0000000709a00000|  0%| F|  |TAMS 0x0000000709800000| PB 0x0000000709800000| Untracked 
|  49|0x0000000709a00000, 0x0000000709a00000, 0x0000000709c00000|  0%| F|  |TAMS 0x0000000709a00000| PB 0x0000000709a00000| Untracked 
|  50|0x0000000709c00000, 0x0000000709c00000, 0x0000000709e00000|  0%| F|  |TAMS 0x0000000709c00000| PB 0x0000000709c00000| Untracked 
|  51|0x0000000709e00000, 0x0000000709e00000, 0x000000070a000000|  0%| F|  |TAMS 0x0000000709e00000| PB 0x0000000709e00000| Untracked 
|  52|0x000000070a000000, 0x000000070a000000, 0x000000070a200000|  0%| F|  |TAMS 0x000000070a000000| PB 0x000000070a000000| Untracked 
|  53|0x000000070a200000, 0x000000070a200000, 0x000000070a400000|  0%| F|  |TAMS 0x000000070a200000| PB 0x000000070a200000| Untracked 
|  54|0x000000070a400000, 0x000000070a400000, 0x000000070a600000|  0%| F|  |TAMS 0x000000070a400000| PB 0x000000070a400000| Untracked 
|  55|0x000000070a600000, 0x000000070a600000, 0x000000070a800000|  0%| F|  |TAMS 0x000000070a600000| PB 0x000000070a600000| Untracked 
|  56|0x000000070a800000, 0x000000070a800000, 0x000000070aa00000|  0%| F|  |TAMS 0x000000070a800000| PB 0x000000070a800000| Untracked 
|  57|0x000000070aa00000, 0x000000070aa00000, 0x000000070ac00000|  0%| F|  |TAMS 0x000000070aa00000| PB 0x000000070aa00000| Untracked 
|  58|0x000000070ac00000, 0x000000070ac00000, 0x000000070ae00000|  0%| F|  |TAMS 0x000000070ac00000| PB 0x000000070ac00000| Untracked 
|  59|0x000000070ae00000, 0x000000070ae00000, 0x000000070b000000|  0%| F|  |TAMS 0x000000070ae00000| PB 0x000000070ae00000| Untracked 
|  60|0x000000070b000000, 0x000000070b000000, 0x000000070b200000|  0%| F|  |TAMS 0x000000070b000000| PB 0x000000070b000000| Untracked 
|  61|0x000000070b200000, 0x000000070b200000, 0x000000070b400000|  0%| F|  |TAMS 0x000000070b200000| PB 0x000000070b200000| Untracked 
|  62|0x000000070b400000, 0x000000070b400000, 0x000000070b600000|  0%| F|  |TAMS 0x000000070b400000| PB 0x000000070b400000| Untracked 
|  63|0x000000070b600000, 0x000000070b600000, 0x000000070b800000|  0%| F|  |TAMS 0x000000070b600000| PB 0x000000070b600000| Untracked 
|  64|0x000000070b800000, 0x000000070b800000, 0x000000070ba00000|  0%| F|  |TAMS 0x000000070b800000| PB 0x000000070b800000| Untracked 
|  65|0x000000070ba00000, 0x000000070ba00000, 0x000000070bc00000|  0%| F|  |TAMS 0x000000070ba00000| PB 0x000000070ba00000| Untracked 
|  66|0x000000070bc00000, 0x000000070bc00000, 0x000000070be00000|  0%| F|  |TAMS 0x000000070bc00000| PB 0x000000070bc00000| Untracked 
|  67|0x000000070be00000, 0x000000070be00000, 0x000000070c000000|  0%| F|  |TAMS 0x000000070be00000| PB 0x000000070be00000| Untracked 
|  68|0x000000070c000000, 0x000000070c000000, 0x000000070c200000|  0%| F|  |TAMS 0x000000070c000000| PB 0x000000070c000000| Untracked 
|  69|0x000000070c200000, 0x000000070c200000, 0x000000070c400000|  0%| F|  |TAMS 0x000000070c200000| PB 0x000000070c200000| Untracked 
|  70|0x000000070c400000, 0x000000070c400000, 0x000000070c600000|  0%| F|  |TAMS 0x000000070c400000| PB 0x000000070c400000| Untracked 
|  71|0x000000070c600000, 0x000000070c600000, 0x000000070c800000|  0%| F|  |TAMS 0x000000070c600000| PB 0x000000070c600000| Untracked 
|  72|0x000000070c800000, 0x000000070c800000, 0x000000070ca00000|  0%| F|  |TAMS 0x000000070c800000| PB 0x000000070c800000| Untracked 
|  73|0x000000070ca00000, 0x000000070ca00000, 0x000000070cc00000|  0%| F|  |TAMS 0x000000070ca00000| PB 0x000000070ca00000| Untracked 
|  74|0x000000070cc00000, 0x000000070cc00000, 0x000000070ce00000|  0%| F|  |TAMS 0x000000070cc00000| PB 0x000000070cc00000| Untracked 
|  75|0x000000070ce00000, 0x000000070ce00000, 0x000000070d000000|  0%| F|  |TAMS 0x000000070ce00000| PB 0x000000070ce00000| Untracked 
|  76|0x000000070d000000, 0x000000070d000000, 0x000000070d200000|  0%| F|  |TAMS 0x000000070d000000| PB 0x000000070d000000| Untracked 
|  77|0x000000070d200000, 0x000000070d200000, 0x000000070d400000|  0%| F|  |TAMS 0x000000070d200000| PB 0x000000070d200000| Untracked 
|  78|0x000000070d400000, 0x000000070d400000, 0x000000070d600000|  0%| F|  |TAMS 0x000000070d400000| PB 0x000000070d400000| Untracked 
|  79|0x000000070d600000, 0x000000070d600000, 0x000000070d800000|  0%| F|  |TAMS 0x000000070d600000| PB 0x000000070d600000| Untracked 
|  80|0x000000070d800000, 0x000000070d800000, 0x000000070da00000|  0%| F|  |TAMS 0x000000070d800000| PB 0x000000070d800000| Untracked 
|  81|0x000000070da00000, 0x000000070da00000, 0x000000070dc00000|  0%| F|  |TAMS 0x000000070da00000| PB 0x000000070da00000| Untracked 
|  82|0x000000070dc00000, 0x000000070dc00000, 0x000000070de00000|  0%| F|  |TAMS 0x000000070dc00000| PB 0x000000070dc00000| Untracked 
|  83|0x000000070de00000, 0x000000070de00000, 0x000000070e000000|  0%| F|  |TAMS 0x000000070de00000| PB 0x000000070de00000| Untracked 
|  84|0x000000070e000000, 0x000000070e000000, 0x000000070e200000|  0%| F|  |TAMS 0x000000070e000000| PB 0x000000070e000000| Untracked 
|  85|0x000000070e200000, 0x000000070e200000, 0x000000070e400000|  0%| F|  |TAMS 0x000000070e200000| PB 0x000000070e200000| Untracked 
|  86|0x000000070e400000, 0x000000070e400000, 0x000000070e600000|  0%| F|  |TAMS 0x000000070e400000| PB 0x000000070e400000| Untracked 
|  87|0x000000070e600000, 0x000000070e600000, 0x000000070e800000|  0%| F|  |TAMS 0x000000070e600000| PB 0x000000070e600000| Untracked 
|  88|0x000000070e800000, 0x000000070e800000, 0x000000070ea00000|  0%| F|  |TAMS 0x000000070e800000| PB 0x000000070e800000| Untracked 
|  89|0x000000070ea00000, 0x000000070ea00000, 0x000000070ec00000|  0%| F|  |TAMS 0x000000070ea00000| PB 0x000000070ea00000| Untracked 
|  90|0x000000070ec00000, 0x000000070ec00000, 0x000000070ee00000|  0%| F|  |TAMS 0x000000070ec00000| PB 0x000000070ec00000| Untracked 
|  91|0x000000070ee00000, 0x000000070ee00000, 0x000000070f000000|  0%| F|  |TAMS 0x000000070ee00000| PB 0x000000070ee00000| Untracked 
|  92|0x000000070f000000, 0x000000070f000000, 0x000000070f200000|  0%| F|  |TAMS 0x000000070f000000| PB 0x000000070f000000| Untracked 
|  93|0x000000070f200000, 0x000000070f200000, 0x000000070f400000|  0%| F|  |TAMS 0x000000070f200000| PB 0x000000070f200000| Untracked 
|  94|0x000000070f400000, 0x000000070f400000, 0x000000070f600000|  0%| F|  |TAMS 0x000000070f400000| PB 0x000000070f400000| Untracked 
|  95|0x000000070f600000, 0x000000070f600000, 0x000000070f800000|  0%| F|  |TAMS 0x000000070f600000| PB 0x000000070f600000| Untracked 
|  96|0x000000070f800000, 0x000000070f800000, 0x000000070fa00000|  0%| F|  |TAMS 0x000000070f800000| PB 0x000000070f800000| Untracked 
|  97|0x000000070fa00000, 0x000000070fa00000, 0x000000070fc00000|  0%| F|  |TAMS 0x000000070fa00000| PB 0x000000070fa00000| Untracked 
|  98|0x000000070fc00000, 0x000000070fc00000, 0x000000070fe00000|  0%| F|  |TAMS 0x000000070fc00000| PB 0x000000070fc00000| Untracked 
|  99|0x000000070fe00000, 0x000000070fe00000, 0x0000000710000000|  0%| F|  |TAMS 0x000000070fe00000| PB 0x000000070fe00000| Untracked 
| 100|0x0000000710000000, 0x0000000710000000, 0x0000000710200000|  0%| F|  |TAMS 0x0000000710000000| PB 0x0000000710000000| Untracked 
| 101|0x0000000710200000, 0x0000000710200000, 0x0000000710400000|  0%| F|  |TAMS 0x0000000710200000| PB 0x0000000710200000| Untracked 
| 102|0x0000000710400000, 0x0000000710400000, 0x0000000710600000|  0%| F|  |TAMS 0x0000000710400000| PB 0x0000000710400000| Untracked 
| 103|0x0000000710600000, 0x0000000710800000, 0x0000000710800000|100%| S|CS|TAMS 0x0000000710600000| PB 0x0000000710600000| Complete 
| 104|0x0000000710800000, 0x0000000710a00000, 0x0000000710a00000|100%| S|CS|TAMS 0x0000000710800000| PB 0x0000000710800000| Complete 
| 105|0x0000000710a00000, 0x0000000710c00000, 0x0000000710c00000|100%| S|CS|TAMS 0x0000000710a00000| PB 0x0000000710a00000| Complete 
| 106|0x0000000710c00000, 0x0000000710c00000, 0x0000000710e00000|  0%| F|  |TAMS 0x0000000710c00000| PB 0x0000000710c00000| Untracked 
| 107|0x0000000710e00000, 0x0000000710e00000, 0x0000000711000000|  0%| F|  |TAMS 0x0000000710e00000| PB 0x0000000710e00000| Untracked 
| 108|0x0000000711000000, 0x0000000711000000, 0x0000000711200000|  0%| F|  |TAMS 0x0000000711000000| PB 0x0000000711000000| Untracked 
| 109|0x0000000711200000, 0x0000000711200000, 0x0000000711400000|  0%| F|  |TAMS 0x0000000711200000| PB 0x0000000711200000| Untracked 
| 110|0x0000000711400000, 0x0000000711400000, 0x0000000711600000|  0%| F|  |TAMS 0x0000000711400000| PB 0x0000000711400000| Untracked 
| 111|0x0000000711600000, 0x0000000711600000, 0x0000000711800000|  0%| F|  |TAMS 0x0000000711600000| PB 0x0000000711600000| Untracked 
| 112|0x0000000711800000, 0x0000000711800000, 0x0000000711a00000|  0%| F|  |TAMS 0x0000000711800000| PB 0x0000000711800000| Untracked 
| 113|0x0000000711a00000, 0x0000000711a00000, 0x0000000711c00000|  0%| F|  |TAMS 0x0000000711a00000| PB 0x0000000711a00000| Untracked 
| 114|0x0000000711c00000, 0x0000000711cf9b18, 0x0000000711e00000| 48%| E|  |TAMS 0x0000000711c00000| PB 0x0000000711c00000| Complete 
| 115|0x0000000711e00000, 0x0000000712000000, 0x0000000712000000|100%| E|CS|TAMS 0x0000000711e00000| PB 0x0000000711e00000| Complete 
| 116|0x0000000712000000, 0x0000000712200000, 0x0000000712200000|100%| E|CS|TAMS 0x0000000712000000| PB 0x0000000712000000| Complete 
| 117|0x0000000712200000, 0x0000000712400000, 0x0000000712400000|100%| E|CS|TAMS 0x0000000712200000| PB 0x0000000712200000| Complete 
| 118|0x0000000712400000, 0x0000000712600000, 0x0000000712600000|100%| E|CS|TAMS 0x0000000712400000| PB 0x0000000712400000| Complete 
| 119|0x0000000712600000, 0x0000000712800000, 0x0000000712800000|100%| E|CS|TAMS 0x0000000712600000| PB 0x0000000712600000| Complete 
| 120|0x0000000712800000, 0x0000000712a00000, 0x0000000712a00000|100%| E|CS|TAMS 0x0000000712800000| PB 0x0000000712800000| Complete 
| 121|0x0000000712a00000, 0x0000000712c00000, 0x0000000712c00000|100%| E|CS|TAMS 0x0000000712a00000| PB 0x0000000712a00000| Complete 
| 122|0x0000000712c00000, 0x0000000712e00000, 0x0000000712e00000|100%| E|CS|TAMS 0x0000000712c00000| PB 0x0000000712c00000| Complete 
| 123|0x0000000712e00000, 0x0000000713000000, 0x0000000713000000|100%| E|CS|TAMS 0x0000000712e00000| PB 0x0000000712e00000| Complete 
| 124|0x0000000713000000, 0x0000000713200000, 0x0000000713200000|100%| E|CS|TAMS 0x0000000713000000| PB 0x0000000713000000| Complete 
| 125|0x0000000713200000, 0x0000000713400000, 0x0000000713400000|100%| E|CS|TAMS 0x0000000713200000| PB 0x0000000713200000| Complete 
| 126|0x0000000713400000, 0x0000000713600000, 0x0000000713600000|100%| E|CS|TAMS 0x0000000713400000| PB 0x0000000713400000| Complete 

Card table byte_map: [0x00000178f2760000,0x00000178f2f50000] _byte_map_base: 0x00000178eef44000

Marking Bits: (CMBitMap*) 0x00000178da630d10
 Bits: [0x00000178f2f50000, 0x00000178f6e70000)

Polling page: 0x00000178d8580000

Metaspace:

Usage:
  Non-class:     14.03 MB used.
      Class:      2.33 MB used.
       Both:     16.37 MB used.

Virtual space:
  Non-class space:       64.00 MB reserved,      14.25 MB ( 22%) committed,  1 nodes.
      Class space:        1.00 GB reserved,       2.50 MB ( <1%) committed,  1 nodes.
             Both:        1.06 GB reserved,      16.75 MB (  2%) committed. 

Chunk freelists:
   Non-Class:  1.05 MB
       Class:  13.47 MB
        Both:  14.52 MB

MaxMetaspaceSize: unlimited
CompressedClassSpaceSize: 1.00 GB
Initial GC threshold: 21.00 MB
Current GC threshold: 21.00 MB
CDS: on
 - commit_granule_bytes: 65536.
 - commit_granule_words: 8192.
 - virtual_space_node_default_size: 8388608.
 - enlarge_chunks_in_place: 1.
 - use_allocation_guard: 0.


Internal statistics:

num_allocs_failed_limit: 0.
num_arena_births: 364.
num_arena_deaths: 0.
num_vsnodes_births: 2.
num_vsnodes_deaths: 0.
num_space_committed: 268.
num_space_uncommitted: 0.
num_chunks_returned_to_freelist: 0.
num_chunks_taken_from_freelist: 902.
num_chunk_merges: 0.
num_chunk_splits: 624.
num_chunks_enlarged: 466.
num_inconsistent_stats: 0.

CodeHeap 'non-profiled nmethods': size=120000Kb used=1411Kb max_used=1411Kb free=118588Kb
 bounds [0x00000178ea4f0000, 0x00000178ea760000, 0x00000178f1a20000]
CodeHeap 'profiled nmethods': size=120000Kb used=6432Kb max_used=6432Kb free=113567Kb
 bounds [0x00000178e2a20000, 0x00000178e3070000, 0x00000178e9f50000]
CodeHeap 'non-nmethods': size=5760Kb used=1825Kb max_used=1870Kb free=3935Kb
 bounds [0x00000178e9f50000, 0x00000178ea1c0000, 0x00000178ea4f0000]
 total_blobs=4242 nmethods=3411 adapters=734
 compilation: enabled
              stopped_count=0, restarted_count=0
 full_count=0

Compilation events (20 events):
Event: 56.726 Thread 0x00000178f938eb90 nmethod 3399 0x00000178ea64dc10 code [0x00000178ea64dda0, 0x00000178ea64de68]
Event: 57.283 Thread 0x00000178f938eb90 3404       3       javafx.scene.layout.AnchorPane::getSnappedTopAnchor (23 bytes)
Event: 57.287 Thread 0x00000178f938eb90 nmethod 3404 0x00000178e3060190 code [0x00000178e30604c0, 0x00000178e3061930]
Event: 57.287 Thread 0x00000178f938eb90 3405       3       javafx.scene.layout.AnchorPane::getTopAnchor (10 bytes)
Event: 57.287 Thread 0x00000178f938eb90 nmethod 3405 0x00000178e3061f90 code [0x00000178e30621c0, 0x00000178e3062c28]
Event: 57.287 Thread 0x00000178f938eb90 3406       3       javafx.scene.layout.AnchorPane::getSnappedBottomAnchor (23 bytes)
Event: 57.288 Thread 0x00000178f938eb90 nmethod 3406 0x00000178e3062f10 code [0x00000178e3063240, 0x00000178e30646b0]
Event: 57.288 Thread 0x00000178f938eb90 3410       3       com.sun.prism.d3d.D3DContext::adjustClipSpace (84 bytes)
Event: 57.288 Thread 0x00000178f938eb90 nmethod 3410 0x00000178e3064d10 code [0x00000178e3064f20, 0x00000178e30651d0]
Event: 57.288 Thread 0x00000178f938eb90 3407       3       javafx.scene.layout.AnchorPane::getBottomAnchor (10 bytes)
Event: 57.289 Thread 0x00000178f938eb90 nmethod 3407 0x00000178e3065390 code [0x00000178e30655c0, 0x00000178e3066028]
Event: 57.289 Thread 0x00000178f938eb90 3408       3       javafx.scene.layout.AnchorPane::getSnappedLeftAnchor (23 bytes)
Event: 57.290 Thread 0x00000178f938eb90 nmethod 3408 0x00000178e3066310 code [0x00000178e3066640, 0x00000178e3067ab0]
Event: 57.290 Thread 0x00000178f938eb90 3409       1       com.sun.javafx.sg.prism.NGShape::getMode (5 bytes)
Event: 57.290 Thread 0x00000178f938eb90 nmethod 3409 0x00000178ea64df10 code [0x00000178ea64e0a0, 0x00000178ea64e170]
Event: 57.781 Thread 0x00000178f938c360 3411       4       javafx.scene.input.MouseEvent::<init> (208 bytes)
Event: 57.809 Thread 0x00000178f938c360 nmethod 3411 0x00000178ea64e210 code [0x00000178ea64e500, 0x00000178ea64fd48]
Event: 57.809 Thread 0x00000178f938c360 3412       4       javafx.scene.input.MouseEvent::<init> (45 bytes)
Event: 57.810 Thread 0x00000178f938c360 nmethod 3412 0x00000178ea650990 code [0x00000178ea650b20, 0x00000178ea650cd8]
Event: 71.318 Thread 0x00000178f938eb90 3413       1       com.sun.prism.d3d.D3DContext::getResourceFactory (5 bytes)

GC Heap History (4 events):
Event: 0.522 GC heap before
{Heap before GC invocations=0 (full 0):
 garbage-first heap   total 260096K, used 22528K [0x0000000703800000, 0x0000000800000000)
  region size 2048K, 11 young (22528K), 0 survivors (0K)
 Metaspace       used 4580K, committed 4800K, reserved 1114112K
  class space    used 504K, committed 640K, reserved 1048576K
}
Event: 0.525 GC heap after
{Heap after GC invocations=1 (full 0):
 garbage-first heap   total 260096K, used 2687K [0x0000000703800000, 0x0000000800000000)
  region size 2048K, 2 young (4096K), 2 survivors (4096K)
 Metaspace       used 4580K, committed 4800K, reserved 1114112K
  class space    used 504K, committed 640K, reserved 1048576K
}
Event: 1.118 GC heap before
{Heap before GC invocations=1 (full 0):
 garbage-first heap   total 260096K, used 47743K [0x0000000703800000, 0x0000000800000000)
  region size 2048K, 21 young (43008K), 2 survivors (4096K)
 Metaspace       used 12988K, committed 13248K, reserved 1114112K
  class space    used 1889K, committed 1984K, reserved 1048576K
}
Event: 1.123 GC heap after
{Heap after GC invocations=2 (full 0):
 garbage-first heap   total 260096K, used 12738K [0x0000000703800000, 0x0000000800000000)
  region size 2048K, 3 young (6144K), 3 survivors (6144K)
 Metaspace       used 12988K, committed 13248K, reserved 1114112K
  class space    used 1889K, committed 1984K, reserved 1048576K
}

Dll operation events (20 events):
Event: 0.337 Loaded shared library C:\Users\Student\.openjfx\cache\21-ea+null\amd64\api-ms-win-crt-math-l1-1-0.dll
Event: 0.339 Loaded shared library C:\Users\Student\.openjfx\cache\21-ea+null\amd64\api-ms-win-crt-multibyte-l1-1-0.dll
Event: 0.342 Loaded shared library C:\Users\Student\.openjfx\cache\21-ea+null\amd64\api-ms-win-crt-private-l1-1-0.dll
Event: 0.345 Loaded shared library C:\Users\Student\.openjfx\cache\21-ea+null\amd64\api-ms-win-crt-process-l1-1-0.dll
Event: 0.348 Loaded shared library C:\Users\Student\.openjfx\cache\21-ea+null\amd64\api-ms-win-crt-runtime-l1-1-0.dll
Event: 0.351 Loaded shared library C:\Users\Student\.openjfx\cache\21-ea+null\amd64\api-ms-win-crt-stdio-l1-1-0.dll
Event: 0.353 Loaded shared library C:\Users\Student\.openjfx\cache\21-ea+null\amd64\api-ms-win-crt-string-l1-1-0.dll
Event: 0.356 Loaded shared library C:\Users\Student\.openjfx\cache\21-ea+null\amd64\api-ms-win-crt-time-l1-1-0.dll
Event: 0.358 Loaded shared library C:\Users\Student\.openjfx\cache\21-ea+null\amd64\api-ms-win-crt-utility-l1-1-0.dll
Event: 0.371 Loaded shared library C:\Users\Student\.openjfx\cache\21-ea+null\amd64\ucrtbase.dll
Event: 0.375 Loaded shared library C:\Users\Student\.openjfx\cache\21-ea+null\amd64\vcruntime140.dll
Event: 0.378 Loaded shared library C:\Users\Student\.openjfx\cache\21-ea+null\amd64\vcruntime140_1.dll
Event: 0.386 Loaded shared library C:\Users\Student\.openjfx\cache\21-ea+null\amd64\msvcp140.dll
Event: 0.388 Loaded shared library C:\Users\Student\.openjfx\cache\21-ea+null\amd64\msvcp140_1.dll
Event: 0.392 Loaded shared library C:\Users\Student\.openjfx\cache\21-ea+null\amd64\msvcp140_2.dll
Event: 0.425 Loaded shared library C:\Users\Student\.openjfx\cache\21-ea+null\amd64\prism_d3d.dll
Event: 0.452 Loaded shared library C:\Users\Student\.openjfx\cache\21-ea+null\amd64\glass.dll
Event: 0.547 Loaded shared library C:\Users\Student\.jdks\openjdk-21.0.2\bin\jimage.dll
Event: 0.659 Loaded shared library C:\Users\Student\.openjfx\cache\21-ea+null\amd64\javafx_iio.dll
Event: 0.728 Loaded shared library C:\Users\Student\.openjfx\cache\21-ea+null\amd64\javafx_font.dll

Deoptimization events (20 events):
Event: 42.652 Thread 0x00000178fea6fbb0 DEOPT PACKING pc=0x00000178ea635424 sp=0x00000054cfcf9440
Event: 42.652 Thread 0x00000178fea6fbb0 DEOPT UNPACKING pc=0x00000178e9fa46a2 sp=0x00000054cfcf9398 mode 2
Event: 42.652 Thread 0x00000178fea6fbb0 Uncommon trap: trap_request=0xffffffd6 fr.pc=0x00000178ea635390 relative=0x00000000000007b0
Event: 42.652 Thread 0x00000178fea6fbb0 Uncommon trap: reason=array_check action=maybe_recompile pc=0x00000178ea635390 method=com.sun.javafx.event.EventDispatchChainImpl.prepend(Ljavafx/event/EventDispatcher;)Ljavafx/event/EventDispatchChain; @ 33 c2
Event: 42.652 Thread 0x00000178fea6fbb0 DEOPT PACKING pc=0x00000178ea635390 sp=0x00000054cfcf93c0
Event: 42.652 Thread 0x00000178fea6fbb0 DEOPT UNPACKING pc=0x00000178e9fa46a2 sp=0x00000054cfcf9380 mode 2
Event: 42.652 Thread 0x00000178fea6fbb0 Uncommon trap: trap_request=0xffffffd6 fr.pc=0x00000178ea635390 relative=0x00000000000007b0
Event: 42.652 Thread 0x00000178fea6fbb0 Uncommon trap: reason=array_check action=maybe_recompile pc=0x00000178ea635390 method=com.sun.javafx.event.EventDispatchChainImpl.prepend(Ljavafx/event/EventDispatcher;)Ljavafx/event/EventDispatchChain; @ 33 c2
Event: 42.652 Thread 0x00000178fea6fbb0 DEOPT PACKING pc=0x00000178ea635390 sp=0x00000054cfcf93c0
Event: 42.652 Thread 0x00000178fea6fbb0 DEOPT UNPACKING pc=0x00000178e9fa46a2 sp=0x00000054cfcf9380 mode 2
Event: 48.531 Thread 0x00000178fea6fbb0 Uncommon trap: trap_request=0xffffff45 fr.pc=0x00000178ea62f2c8 relative=0x0000000000000a08
Event: 48.531 Thread 0x00000178fea6fbb0 Uncommon trap: reason=unstable_if action=reinterpret pc=0x00000178ea62f2c8 method=javafx.scene.Parent.getOrderedChildren()Ljava/util/List; @ 7 c2
Event: 48.531 Thread 0x00000178fea6fbb0 DEOPT PACKING pc=0x00000178ea62f2c8 sp=0x00000054cfcf7180
Event: 48.531 Thread 0x00000178fea6fbb0 DEOPT UNPACKING pc=0x00000178e9fa46a2 sp=0x00000054cfcf6ed0 mode 2
Event: 49.583 Thread 0x00000178fea6fbb0 Uncommon trap: trap_request=0xffffff6e fr.pc=0x00000178ea63b6a8 relative=0x0000000000000468
Event: 49.583 Thread 0x00000178fea6fbb0 Uncommon trap: reason=loop_limit_check action=maybe_recompile pc=0x00000178ea63b6a8 method=java.lang.StringLatin1.indexOf([BI[BII)I @ 37 c2
Event: 49.583 Thread 0x00000178fea6fbb0 DEOPT PACKING pc=0x00000178ea63b6a8 sp=0x00000054cfcf52b0
Event: 49.583 Thread 0x00000178fea6fbb0 DEOPT UNPACKING pc=0x00000178e9fa46a2 sp=0x00000054cfcf5210 mode 2
Event: 49.592 Thread 0x00000178fe9e2980 DEOPT PACKING pc=0x00000178e2d6704d sp=0x00000054cfafe310
Event: 49.592 Thread 0x00000178fe9e2980 DEOPT UNPACKING pc=0x00000178e9fa4e42 sp=0x00000054cfafd7a0 mode 0

Classes loaded (20 events):
Event: 1.243 Loading class java/nio/ShortBuffer
Event: 1.243 Loading class java/nio/ShortBuffer done
Event: 1.243 Loading class java/nio/DoubleBuffer
Event: 1.243 Loading class java/nio/DoubleBuffer done
Event: 1.244 Loading class java/nio/DirectFloatBufferU
Event: 1.244 Loading class java/nio/DirectFloatBufferU done
Event: 1.257 Loading class jdk/internal/ref/CleanerImpl$InnocuousThreadFactory
Event: 1.257 Loading class jdk/internal/ref/CleanerImpl$InnocuousThreadFactory done
Event: 1.262 Loading class sun/misc/Unsafe
Event: 1.262 Loading class sun/misc/Unsafe done
Event: 1.262 Loading class java/lang/invoke/DirectMethodHandle$StaticAccessor
Event: 1.262 Loading class java/lang/invoke/DirectMethodHandle$StaticAccessor done
Event: 1.279 Loading class java/lang/FdLibm$Atan2
Event: 1.279 Loading class java/lang/FdLibm$Atan2 done
Event: 5.296 Loading class java/io/UnsupportedEncodingException
Event: 5.296 Loading class java/io/UnsupportedEncodingException done
Event: 15.291 Loading class java/io/CharArrayReader
Event: 15.291 Loading class java/io/CharArrayReader done
Event: 71.316 Loading class jdk/internal/misc/Signal$1
Event: 71.316 Loading class jdk/internal/misc/Signal$1 done

Classes unloaded (0 events):
No events

Classes redefined (0 events):
No events

Internal exceptions (20 events):
Event: 0.911 Thread 0x00000178fea6fbb0 Exception <a 'sun/nio/fs/WindowsException'{0x00000007118c58a0}> (0x00000007118c58a0) 
thrown [s\open\src\hotspot\share\prims\jni.cpp, line 520]
Event: 0.923 Thread 0x00000178fea6fbb0 Implicit null exception at 0x00000178ea569b00 to 0x00000178ea569fec
Event: 0.933 Thread 0x00000178fea6fbb0 Implicit null exception at 0x00000178ea563d82 to 0x00000178ea564284
Event: 1.028 Thread 0x00000178f937e640 Exception <a 'sun/nio/fs/WindowsException'{0x0000000711312308}> (0x0000000711312308) 
thrown [s\open\src\hotspot\share\prims\jni.cpp, line 520]
Event: 1.048 Thread 0x00000178fea6fbb0 Exception <a 'java/lang/IncompatibleClassChangeError'{0x0000000711128f00}: Found class java.lang.Object, but interface was expected> (0x0000000711128f00) 
thrown [s\open\src\hotspot\share\interpreter\linkResolver.cpp, line 840]
Event: 1.079 Thread 0x00000178fea6fbb0 Exception <a 'java/lang/ClassNotFoundException'{0x0000000710fb4940}: com/sun/javafx/scene/control/skin/resources/controls> (0x0000000710fb4940) 
thrown [s\open\src\hotspot\share\prims\jni.cpp, line 539]
Event: 1.079 Thread 0x00000178fea6fbb0 Exception <a 'java/lang/ClassNotFoundException'{0x0000000710fc32e0}: com/sun/javafx/scene/control/skin/resources/controls_ru> (0x0000000710fc32e0) 
thrown [s\open\src\hotspot\share\prims\jni.cpp, line 539]
Event: 1.079 Thread 0x00000178fea6fbb0 Exception <a 'java/lang/ClassNotFoundException'{0x0000000710fc4288}: com/sun/javafx/scene/control/skin/resources/controls_ru_RU> (0x0000000710fc4288) 
thrown [s\open\src\hotspot\share\prims\jni.cpp, line 539]
Event: 1.112 Thread 0x00000178fea6fbb0 Exception <a 'java/lang/NoSuchMethodError'{0x0000000710da34f0}: 'void java.lang.invoke.DirectMethodHandle$Holder.invokeSpecial(java.lang.Object, java.lang.Object, java.lang.Object, java.lang.Object, java.lang.Object, java.lang.Object)'> (0x0000000710da34f0) 
thrown [s\open\src\hotspot\share\interpreter\linkResolver.cpp, line 773]
Event: 1.175 Thread 0x00000178fea6fbb0 Exception <a 'java/lang/NoSuchMethodError'{0x00000007130e2ba0}: 'int java.lang.invoke.DirectMethodHandle$Holder.invokeSpecial(java.lang.Object, java.lang.Object, int)'> (0x00000007130e2ba0) 
thrown [s\open\src\hotspot\share\interpreter\linkResolver.cpp, line 773]
Event: 1.185 Thread 0x00000178fea6fbb0 Exception <a 'java/lang/NoSuchMethodError'{0x000000071311c450}: 'java.lang.Object java.lang.invoke.DirectMethodHandle$Holder.newInvokeSpecial(java.lang.Object, java.lang.Object, int)'> (0x000000071311c450) 
thrown [s\open\src\hotspot\share\interpreter\linkResolver.cpp, line 773]
Event: 1.214 Thread 0x00000178fe9e2980 Exception <a 'java/lang/NoSuchMethodError'{0x0000000712e20b50}: 'int java.lang.invoke.DirectMethodHandle$Holder.invokeStaticInit(java.lang.Object, java.lang.Object)'> (0x0000000712e20b50) 
thrown [s\open\src\hotspot\share\interpreter\linkResolver.cpp, line 773]
Event: 1.223 Thread 0x00000178fea6fbb0 Exception <a 'java/lang/NoSuchMethodError'{0x0000000712f2a7e0}: 'long java.lang.invoke.DirectMethodHandle$Holder.invokeStatic(java.lang.Object, java.lang.Object, java.lang.Object)'> (0x0000000712f2a7e0) 
thrown [s\open\src\hotspot\share\interpreter\linkResolver.cpp, line 773]
Event: 1.223 Thread 0x00000178fea6fbb0 Exception <a 'java/lang/NoSuchMethodError'{0x0000000712f2dbb0}: 'long java.lang.invoke.DirectMethodHandle$Holder.invokeStaticInit(java.lang.Object, java.lang.Object, java.lang.Object)'> (0x0000000712f2dbb0) 
thrown [s\open\src\hotspot\share\interpreter\linkResolver.cpp, line 773]
Event: 1.225 Thread 0x00000178fea6fbb0 Exception <a 'java/lang/NoSuchMethodError'{0x0000000712f421a8}: 'java.lang.Object java.lang.invoke.DirectMethodHandle$Holder.newInvokeSpecial(java.lang.Object, java.lang.Object, long)'> (0x0000000712f421a8) 
thrown [s\open\src\hotspot\share\interpreter\linkResolver.cpp, line 773]
Event: 1.225 Thread 0x00000178fea6fbb0 Exception <a 'java/lang/NoSuchMethodError'{0x0000000712f45aa0}: 'java.lang.Object java.lang.invoke.Invokers$Holder.linkToTargetMethod(java.lang.Object, long, java.lang.Object)'> (0x0000000712f45aa0) 
thrown [s\open\src\hotspot\share\interpreter\linkResolver.cpp, line 773]
Event: 14.837 Thread 0x00000178fea6fbb0 Exception <a 'java/lang/NoSuchMethodError'{0x0000000712776868}: 'java.lang.Object java.lang.invoke.DirectMethodHandle$Holder.newInvokeSpecial(java.lang.Object, java.lang.Object, int, int, int, int, int, java.lang.Object)'> (0x0000000712776868) 
thrown [s\open\src\hotspot\share\interpreter\linkResolver.cpp, line 773]
Event: 14.839 Thread 0x00000178fea6fbb0 Exception <a 'java/lang/NoSuchMethodError'{0x0000000712788c40}: 'java.lang.Object java.lang.invoke.DirectMethodHandle$Holder.newInvokeSpecial(java.lang.Object, java.lang.Object, java.lang.Object, int, int, int, int, int)'> (0x0000000712788c40) 
thrown [s\open\src\hotspot\share\interpreter\linkResolver.cpp, line 773]
Event: 14.839 Thread 0x00000178fea6fbb0 Exception <a 'java/lang/NoSuchMethodError'{0x00000007127904e0}: 'java.lang.Object java.lang.invoke.Invokers$Holder.linkToTargetMethod(java.lang.Object, java.lang.Object, int, int, int, int, int, java.lang.Object)'> (0x00000007127904e0) 
thrown [s\open\src\hotspot\share\interpreter\linkResolver.cpp, line 773]
Event: 28.366 Thread 0x00000178fea6fbb0 Exception <a 'java/lang/NoSuchMethodError'{0x0000000712311ac0}: 'java.lang.Object java.lang.invoke.DirectMethodHandle$Holder.newInvokeSpecial(java.lang.Object, java.lang.Object, java.lang.Object, double, double, double, double, int, int, int, int, int, int, int, int, int)'> (0x0000000712311ac0) 
thrown [s\open\src\hotspot\share\interpreter\linkResolver.cpp, line 773]

ZGC Phase Switch (0 events):
No events

VM Operations (20 events):
Event: 49.163 Executing VM operation: Cleanup done
Event: 50.163 Executing VM operation: Cleanup
Event: 50.164 Executing VM operation: Cleanup done
Event: 53.165 Executing VM operation: Cleanup
Event: 53.165 Executing VM operation: Cleanup done
Event: 54.165 Executing VM operation: Cleanup
Event: 54.165 Executing VM operation: Cleanup done
Event: 56.166 Executing VM operation: Cleanup
Event: 56.166 Executing VM operation: Cleanup done
Event: 57.166 Executing VM operation: Cleanup
Event: 57.166 Executing VM operation: Cleanup done
Event: 58.166 Executing VM operation: Cleanup
Event: 58.167 Executing VM operation: Cleanup done
Event: 60.163 Executing VM operation: HandshakeAllThreads (HandshakeForDeflation)
Event: 60.163 Executing VM operation: HandshakeAllThreads (HandshakeForDeflation) done
Event: 60.163 Executing VM operation: RendezvousGCThreads
Event: 60.163 Executing VM operation: RendezvousGCThreads done
Event: 61.163 Executing VM operation: Cleanup
Event: 61.163 Executing VM operation: Cleanup done
Event: 71.318 Executing VM operation: Exit

Events (20 events):
Event: 0.038 Thread 0x00000178f938eb90 Thread added: 0x00000178f938eb90
Event: 0.064 Thread 0x00000178fe0e9020 Thread added: 0x00000178fe0e9020
Event: 0.117 Thread 0x00000178fe0f1100 Thread added: 0x00000178fe0f1100
Event: 0.120 Thread 0x00000178fe25c290 Thread added: 0x00000178fe25c290
Event: 0.170 Thread 0x00000178fe5b77f0 Thread added: 0x00000178fe5b77f0
Event: 0.171 Thread 0x00000178fe5b7e60 Thread added: 0x00000178fe5b7e60
Event: 0.417 Thread 0x00000178fe9e2980 Thread added: 0x00000178fe9e2980
Event: 0.454 Thread 0x00000178fea03b50 Thread added: 0x00000178fea03b50
Event: 0.457 Thread 0x00000178fea6fbb0 Thread added: 0x00000178fea6fbb0
Event: 0.517 Thread 0x00000178feb18250 Thread added: 0x00000178feb18250
Event: 0.518 Thread 0x00000178feca1550 Thread added: 0x00000178feca1550
Event: 1.042 Thread 0x00000178feb069c0 Thread added: 0x00000178feb069c0
Event: 1.258 Thread 0x00000178ff506720 Thread added: 0x00000178ff506720
Event: 1.332 Thread 0x00000178fe25c290 Thread exited: 0x00000178fe25c290
Event: 1.494 Thread 0x00000178fe0f1100 Thread exited: 0x00000178fe0f1100
Event: 71.316 Thread 0x00000178ff502c10 Thread added: 0x00000178ff502c10
Event: 71.317 Thread 0x00000178ff505370 Thread added: 0x00000178ff505370
Event: 71.317 Thread 0x00000178ff504650 Thread added: 0x00000178ff504650
Event: 71.317 Thread 0x00000178ff504650 Thread exited: 0x00000178ff504650
Event: 71.318 Thread 0x00000178ff505370 Thread exited: 0x00000178ff505370


Dynamic libraries:
0x00007ff726aa0000 - 0x00007ff726aae000 	C:\Users\Student\.jdks\openjdk-21.0.2\bin\java.exe
0x00007ff8d6730000 - 0x00007ff8d6947000 	C:\WINDOWS\SYSTEM32\ntdll.dll
0x00007ff8d58e0000 - 0x00007ff8d59a4000 	C:\WINDOWS\System32\KERNEL32.DLL
0x00007ff8d40a0000 - 0x00007ff8d4446000 	C:\WINDOWS\System32\KERNELBASE.dll
0x00007ff8d3a70000 - 0x00007ff8d3b81000 	C:\WINDOWS\System32\ucrtbase.dll
0x00007ff8ac230000 - 0x00007ff8ac248000 	C:\Users\Student\.jdks\openjdk-21.0.2\bin\jli.dll
0x00007ff8ac210000 - 0x00007ff8ac22b000 	C:\Users\Student\.jdks\openjdk-21.0.2\bin\VCRUNTIME140.dll
0x00007ff8d4700000 - 0x00007ff8d48ae000 	C:\WINDOWS\System32\USER32.dll
0x00007ff8d3a40000 - 0x00007ff8d3a66000 	C:\WINDOWS\System32\win32u.dll
0x00007ff8b5330000 - 0x00007ff8b55c3000 	C:\WINDOWS\WinSxS\amd64_microsoft.windows.common-controls_6595b64144ccf1df_6.0.22621.2506_none_270c5ae97388e100\COMCTL32.dll
0x00007ff8d6240000 - 0x00007ff8d6269000 	C:\WINDOWS\System32\GDI32.dll
0x00007ff8d57a0000 - 0x00007ff8d5847000 	C:\WINDOWS\System32\msvcrt.dll
0x00007ff8d3b90000 - 0x00007ff8d3ca8000 	C:\WINDOWS\System32\gdi32full.dll
0x00007ff8d3d30000 - 0x00007ff8d3dca000 	C:\WINDOWS\System32\msvcp_win.dll
0x00007ff8d5bc0000 - 0x00007ff8d5bf1000 	C:\WINDOWS\System32\IMM32.DLL
0x00007ff8bea20000 - 0x00007ff8bea2c000 	C:\Users\Student\.jdks\openjdk-21.0.2\bin\vcruntime140_1.dll
0x00007ff89ce00000 - 0x00007ff89ce8e000 	C:\Users\Student\.jdks\openjdk-21.0.2\bin\msvcp140.dll
0x00007ff872e60000 - 0x00007ff873b77000 	C:\Users\Student\.jdks\openjdk-21.0.2\bin\server\jvm.dll
0x00007ff8d5120000 - 0x00007ff8d51d3000 	C:\WINDOWS\System32\ADVAPI32.dll
0x00007ff8d5b10000 - 0x00007ff8d5bb8000 	C:\WINDOWS\System32\sechost.dll
0x00007ff8d3f00000 - 0x00007ff8d3f28000 	C:\WINDOWS\System32\bcrypt.dll
0x00007ff8d60a0000 - 0x00007ff8d61b7000 	C:\WINDOWS\System32\RPCRT4.dll
0x00007ff8d51e0000 - 0x00007ff8d5251000 	C:\WINDOWS\System32\WS2_32.dll
0x00007ff8d28d0000 - 0x00007ff8d291d000 	C:\WINDOWS\SYSTEM32\POWRPROF.dll
0x00007ff8ca9d0000 - 0x00007ff8caa04000 	C:\WINDOWS\SYSTEM32\WINMM.dll
0x00007ff8c5730000 - 0x00007ff8c573a000 	C:\WINDOWS\SYSTEM32\VERSION.dll
0x00007ff8d28b0000 - 0x00007ff8d28c3000 	C:\WINDOWS\SYSTEM32\UMPDC.dll
0x00007ff8d2b70000 - 0x00007ff8d2b88000 	C:\WINDOWS\SYSTEM32\kernel.appcore.dll
0x00007ff8be290000 - 0x00007ff8be29a000 	C:\Users\Student\.jdks\openjdk-21.0.2\bin\jimage.dll
0x00007ff8bccd0000 - 0x00007ff8bcf03000 	C:\WINDOWS\SYSTEM32\DBGHELP.DLL
0x00007ff8d5410000 - 0x00007ff8d5799000 	C:\WINDOWS\System32\combase.dll
0x00007ff8d6290000 - 0x00007ff8d6367000 	C:\WINDOWS\System32\OLEAUT32.dll
0x00007ff8bc670000 - 0x00007ff8bc6a2000 	C:\WINDOWS\SYSTEM32\dbgcore.DLL
0x00007ff8d3cb0000 - 0x00007ff8d3d2a000 	C:\WINDOWS\System32\bcryptPrimitives.dll
0x00007ff8cf410000 - 0x00007ff8cf41f000 	C:\Users\Student\.jdks\openjdk-21.0.2\bin\instrument.dll
0x00007ff8ac1f0000 - 0x00007ff8ac20f000 	C:\Users\Student\.jdks\openjdk-21.0.2\bin\java.dll
0x00007ff8d48b0000 - 0x00007ff8d510b000 	C:\WINDOWS\System32\SHELL32.dll
0x00007ff8d19b0000 - 0x00007ff8d22a6000 	C:\WINDOWS\SYSTEM32\windows.storage.dll
0x00007ff8d1870000 - 0x00007ff8d19ae000 	C:\WINDOWS\SYSTEM32\wintypes.dll
0x00007ff8d5310000 - 0x00007ff8d5403000 	C:\WINDOWS\System32\SHCORE.dll
0x00007ff8d4620000 - 0x00007ff8d467e000 	C:\WINDOWS\System32\shlwapi.dll
0x00007ff8d3970000 - 0x00007ff8d3996000 	C:\WINDOWS\SYSTEM32\profapi.dll
0x00007ff89cd20000 - 0x00007ff89cdf7000 	C:\Users\Student\.jdks\openjdk-21.0.2\bin\jsvml.dll
0x00007ff8baed0000 - 0x00007ff8baee0000 	C:\Users\Student\.jdks\openjdk-21.0.2\bin\net.dll
0x00007ff8cb5c0000 - 0x00007ff8cb6f7000 	C:\WINDOWS\SYSTEM32\WINHTTP.dll
0x00007ff8d2ff0000 - 0x00007ff8d3059000 	C:\WINDOWS\system32\mswsock.dll
0x00007ff8a0550000 - 0x00007ff8a0566000 	C:\Users\Student\.jdks\openjdk-21.0.2\bin\nio.dll
0x00007ff8a0530000 - 0x00007ff8a0548000 	C:\Users\Student\.jdks\openjdk-21.0.2\bin\zip.dll
0x00007ff8cee50000 - 0x00007ff8cee6a000 	F:\IntelliJ IDEA Community Edition 2023.2.1\bin\breakgen64.dll
0x00000178da580000 - 0x00000178da583000 	C:\Users\Student\.openjfx\cache\21-ea+null\amd64\api-ms-win-core-console-l1-1-0.dll
0x00000178f9c20000 - 0x00000178f9c23000 	C:\Users\Student\.openjfx\cache\21-ea+null\amd64\api-ms-win-core-console-l1-2-0.dll
0x00000178f9c30000 - 0x00000178f9c33000 	C:\Users\Student\.openjfx\cache\21-ea+null\amd64\api-ms-win-core-datetime-l1-1-0.dll
0x00000178f9c40000 - 0x00000178f9c43000 	C:\Users\Student\.openjfx\cache\21-ea+null\amd64\api-ms-win-core-debug-l1-1-0.dll
0x00000178f9c50000 - 0x00000178f9c53000 	C:\Users\Student\.openjfx\cache\21-ea+null\amd64\api-ms-win-core-errorhandling-l1-1-0.dll
0x00000178f9c60000 - 0x00000178f9c64000 	C:\Users\Student\.openjfx\cache\21-ea+null\amd64\api-ms-win-core-file-l1-1-0.dll
0x00000178f9c70000 - 0x00000178f9c73000 	C:\Users\Student\.openjfx\cache\21-ea+null\amd64\api-ms-win-core-file-l1-2-0.dll
0x00000178f9c80000 - 0x00000178f9c83000 	C:\Users\Student\.openjfx\cache\21-ea+null\amd64\api-ms-win-core-file-l2-1-0.dll
0x00000178f9c90000 - 0x00000178f9c93000 	C:\Users\Student\.openjfx\cache\21-ea+null\amd64\api-ms-win-core-handle-l1-1-0.dll
0x00000178f9ca0000 - 0x00000178f9ca3000 	C:\Users\Student\.openjfx\cache\21-ea+null\amd64\api-ms-win-core-heap-l1-1-0.dll
0x00000178f9cb0000 - 0x00000178f9cb3000 	C:\Users\Student\.openjfx\cache\21-ea+null\amd64\api-ms-win-core-interlocked-l1-1-0.dll
0x00000178f9cc0000 - 0x00000178f9cc3000 	C:\Users\Student\.openjfx\cache\21-ea+null\amd64\api-ms-win-core-libraryloader-l1-1-0.dll
0x00000178f9cd0000 - 0x00000178f9cd3000 	C:\Users\Student\.openjfx\cache\21-ea+null\amd64\api-ms-win-core-localization-l1-2-0.dll
0x00000178f9ce0000 - 0x00000178f9ce3000 	C:\Users\Student\.openjfx\cache\21-ea+null\amd64\api-ms-win-core-memory-l1-1-0.dll
0x00000178f9cf0000 - 0x00000178f9cf3000 	C:\Users\Student\.openjfx\cache\21-ea+null\amd64\api-ms-win-core-namedpipe-l1-1-0.dll
0x00000178f9d00000 - 0x00000178f9d03000 	C:\Users\Student\.openjfx\cache\21-ea+null\amd64\api-ms-win-core-processenvironment-l1-1-0.dll
0x00000178f9d10000 - 0x00000178f9d13000 	C:\Users\Student\.openjfx\cache\21-ea+null\amd64\api-ms-win-core-processthreads-l1-1-0.dll
0x00000178f9d20000 - 0x00000178f9d23000 	C:\Users\Student\.openjfx\cache\21-ea+null\amd64\api-ms-win-core-processthreads-l1-1-1.dll
0x00000178f9d30000 - 0x00000178f9d33000 	C:\Users\Student\.openjfx\cache\21-ea+null\amd64\api-ms-win-core-profile-l1-1-0.dll
0x00000178f9d40000 - 0x00000178f9d43000 	C:\Users\Student\.openjfx\cache\21-ea+null\amd64\api-ms-win-core-rtlsupport-l1-1-0.dll
0x00000178f9d50000 - 0x00000178f9d53000 	C:\Users\Student\.openjfx\cache\21-ea+null\amd64\api-ms-win-core-string-l1-1-0.dll
0x00000178f9d60000 - 0x00000178f9d63000 	C:\Users\Student\.openjfx\cache\21-ea+null\amd64\api-ms-win-core-synch-l1-1-0.dll
0x00000178f9d70000 - 0x00000178f9d73000 	C:\Users\Student\.openjfx\cache\21-ea+null\amd64\api-ms-win-core-synch-l1-2-0.dll
0x00000178f9d80000 - 0x00000178f9d83000 	C:\Users\Student\.openjfx\cache\21-ea+null\amd64\api-ms-win-core-sysinfo-l1-1-0.dll
0x00000178f9d90000 - 0x00000178f9d93000 	C:\Users\Student\.openjfx\cache\21-ea+null\amd64\api-ms-win-core-timezone-l1-1-0.dll
0x00000178f9da0000 - 0x00000178f9da3000 	C:\Users\Student\.openjfx\cache\21-ea+null\amd64\api-ms-win-core-util-l1-1-0.dll
0x00000178f9db0000 - 0x00000178f9db3000 	C:\Users\Student\.openjfx\cache\21-ea+null\amd64\api-ms-win-crt-conio-l1-1-0.dll
0x00000178f9dc0000 - 0x00000178f9dc4000 	C:\Users\Student\.openjfx\cache\21-ea+null\amd64\api-ms-win-crt-convert-l1-1-0.dll
0x00000178f9dd0000 - 0x00000178f9dd3000 	C:\Users\Student\.openjfx\cache\21-ea+null\amd64\api-ms-win-crt-environment-l1-1-0.dll
0x00000178f9de0000 - 0x00000178f9de3000 	C:\Users\Student\.openjfx\cache\21-ea+null\amd64\api-ms-win-crt-filesystem-l1-1-0.dll
0x00000178f9df0000 - 0x00000178f9df3000 	C:\Users\Student\.openjfx\cache\21-ea+null\amd64\api-ms-win-crt-heap-l1-1-0.dll
0x00000178f9e00000 - 0x00000178f9e03000 	C:\Users\Student\.openjfx\cache\21-ea+null\amd64\api-ms-win-crt-locale-l1-1-0.dll
0x00000178f9e10000 - 0x00000178f9e15000 	C:\Users\Student\.openjfx\cache\21-ea+null\amd64\api-ms-win-crt-math-l1-1-0.dll
0x00000178f9e20000 - 0x00000178f9e25000 	C:\Users\Student\.openjfx\cache\21-ea+null\amd64\api-ms-win-crt-multibyte-l1-1-0.dll
0x00000178f9e30000 - 0x00000178f9e40000 	C:\Users\Student\.openjfx\cache\21-ea+null\amd64\api-ms-win-crt-private-l1-1-0.dll
0x00000178f9e40000 - 0x00000178f9e43000 	C:\Users\Student\.openjfx\cache\21-ea+null\amd64\api-ms-win-crt-process-l1-1-0.dll
0x00000178f9e50000 - 0x00000178f9e54000 	C:\Users\Student\.openjfx\cache\21-ea+null\amd64\api-ms-win-crt-runtime-l1-1-0.dll
0x00000178f9e60000 - 0x00000178f9e64000 	C:\Users\Student\.openjfx\cache\21-ea+null\amd64\api-ms-win-crt-stdio-l1-1-0.dll
0x00000178f9e70000 - 0x00000178f9e74000 	C:\Users\Student\.openjfx\cache\21-ea+null\amd64\api-ms-win-crt-string-l1-1-0.dll
0x00000178f9e80000 - 0x00000178f9e83000 	C:\Users\Student\.openjfx\cache\21-ea+null\amd64\api-ms-win-crt-time-l1-1-0.dll
0x00000178f9e90000 - 0x00000178f9e93000 	C:\Users\Student\.openjfx\cache\21-ea+null\amd64\api-ms-win-crt-utility-l1-1-0.dll
0x00007ff8bf940000 - 0x00007ff8bfa3c000 	C:\Users\Student\.openjfx\cache\21-ea+null\amd64\ucrtbase.dll
0x00007ff8cbda0000 - 0x00007ff8cbdbb000 	C:\Users\Student\.openjfx\cache\21-ea+null\amd64\vcruntime140.dll
0x00007ff8cbd90000 - 0x00007ff8cbd9c000 	C:\Users\Student\.openjfx\cache\21-ea+null\amd64\vcruntime140_1.dll
0x00007ff8b0430000 - 0x00007ff8b04be000 	C:\Users\Student\.openjfx\cache\21-ea+null\amd64\msvcp140.dll
0x00007ff8d6520000 - 0x00007ff8d66c0000 	C:\WINDOWS\System32\ole32.dll
0x00007ff8cba90000 - 0x00007ff8cba99000 	C:\Users\Student\.openjfx\cache\21-ea+null\amd64\msvcp140_1.dll
0x00007ff8cba60000 - 0x00007ff8cba8f000 	C:\Users\Student\.openjfx\cache\21-ea+null\amd64\msvcp140_2.dll
0x00007ff8c5860000 - 0x00007ff8c588f000 	C:\Users\Student\.openjfx\cache\21-ea+null\amd64\prism_d3d.dll
0x00007ff8c3e50000 - 0x00007ff8c3ff9000 	C:\WINDOWS\system32\d3d9.dll
0x00007ff8d1170000 - 0x00007ff8d119b000 	C:\WINDOWS\SYSTEM32\dwmapi.dll
0x00007ff8d11e0000 - 0x00007ff8d1219000 	C:\WINDOWS\SYSTEM32\dxcore.dll
0x00007ff8d0ef0000 - 0x00007ff8d0f9b000 	C:\WINDOWS\system32\uxtheme.dll
0x00007ff87df30000 - 0x00007ff87e117000 	C:\WINDOWS\System32\DriverStore\FileRepository\iigd_base.inf_amd64_ce27a578fcb56b3a\igdumdim64.dll
0x00007ff88db80000 - 0x00007ff891138000 	C:\WINDOWS\System32\DriverStore\FileRepository\iigd_base.inf_amd64_ce27a578fcb56b3a\igd9dxva64.dll
0x00007ff8ce760000 - 0x00007ff8ce7aa000 	C:\WINDOWS\SYSTEM32\directxdatabasehelper.dll
0x00007ff8c57a0000 - 0x00007ff8c57e2000 	C:\Users\Student\.openjfx\cache\21-ea+null\amd64\glass.dll
0x00007ff8d6370000 - 0x00007ff8d6469000 	C:\WINDOWS\System32\COMDLG32.dll
0x00007ff8d59b0000 - 0x00007ff8d5b01000 	C:\WINDOWS\System32\MSCTF.dll
0x00007ff8c6a20000 - 0x00007ff8c8899000 	C:\WINDOWS\System32\DriverStore\FileRepository\iigd_base.inf_amd64_ce27a578fcb56b3a\igc64.dll
0x00007ff8c5830000 - 0x00007ff8c585d000 	C:\Users\Student\.openjfx\cache\21-ea+null\amd64\javafx_iio.dll
0x00007ff8cba40000 - 0x00007ff8cba54000 	C:\Users\Student\.openjfx\cache\21-ea+null\amd64\javafx_font.dll
0x00007ff8cfc30000 - 0x00007ff8cfea4000 	C:\WINDOWS\SYSTEM32\dwrite.dll
0x00007ff8d5260000 - 0x00007ff8d5310000 	C:\WINDOWS\System32\clbcatq.dll
0x00007ff8cf820000 - 0x00007ff8cf9d0000 	C:\WINDOWS\SYSTEM32\WindowsCodecs.dll
0x00007ff8cbb60000 - 0x00007ff8cbbbe000 	C:\WINDOWS\system32\dataexchange.dll
0x00007ff8c6430000 - 0x00007ff8c66b7000 	C:\WINDOWS\system32\twinapi.appcore.dll
0x00007ff8b3660000 - 0x00007ff8b3692000 	C:\Program Files\Common Files\Microsoft Shared\Ink\rtscom.dll
0x00007ff8cacf0000 - 0x00007ff8cae3a000 	C:\WINDOWS\SYSTEM32\textinputframework.dll
0x00007ff8d0b10000 - 0x00007ff8d0c44000 	C:\WINDOWS\SYSTEM32\CoreMessaging.dll
0x00007ff8cd400000 - 0x00007ff8cd76c000 	C:\WINDOWS\SYSTEM32\CoreUIComponents.dll
0x00007ff8d3260000 - 0x00007ff8d326c000 	C:\WINDOWS\SYSTEM32\CRYPTBASE.DLL
0x00007ff8c06b0000 - 0x00007ff8c0719000 	C:\WINDOWS\system32\Oleacc.dll

dbghelp: loaded successfully - version: 4.0.5 - missing functions: none
symbol engine: initialized successfully - sym options: 0x614 - pdb path: .;C:\Users\Student\.jdks\openjdk-21.0.2\bin;C:\WINDOWS\SYSTEM32;C:\WINDOWS\WinSxS\amd64_microsoft.windows.common-controls_6595b64144ccf1df_6.0.22621.2506_none_270c5ae97388e100;C:\Users\Student\.jdks\openjdk-21.0.2\bin\server;F:\IntelliJ IDEA Community Edition 2023.2.1\bin;C:\Users\Student\.openjfx\cache\21-ea+null\amd64;C:\WINDOWS\System32\DriverStore\FileRepository\iigd_base.inf_amd64_ce27a578fcb56b3a;C:\Program Files\Common Files\Microsoft Shared\Ink

VM Arguments:
jvm_args: -javaagent:F:\IntelliJ IDEA Community Edition 2023.2.1\lib\idea_rt.jar=51199:F:\IntelliJ IDEA Community Edition 2023.2.1\bin -Dfile.encoding=UTF-8 -Dsun.stdout.encoding=UTF-8 -Dsun.stderr.encoding=UTF-8 --module-path=C:\Users\Student\.m2\repository\org\openjfx\javafx-base\21-ea+24\javafx-base-21-ea+24-win.jar;C:\Users\Student\Desktop\thrthehrhjyj\target\classes;C:\Users\Student\.m2\repository\org\openjfx\javafx-controls\21-ea+24\javafx-controls-21-ea+24-win.jar;C:\Users\Student\.m2\repository\org\openjfx\javafx-graphics\21-ea+24\javafx-graphics-21-ea+24-win.jar;C:\Users\Student\.m2\repository\org\openjfx\javafx-fxml\21-ea+24\javafx-fxml-21-ea+24-win.jar -Djdk.module.main=com.example.thrthehrhjyj 
java_command: com.example.thrthehrhjyj/com.example.thrthehrhjyj.HelloApplication
java_class_path (initial): C:\Users\Student\.m2\repository\org\openjfx\javafx-controls\21-ea+24\javafx-controls-21-ea+24.jar;C:\Users\Student\.m2\repository\org\openjfx\javafx-graphics\21-ea+24\javafx-graphics-21-ea+24.jar;C:\Users\Student\.m2\repository\org\openjfx\javafx-base\21-ea+24\javafx-base-21-ea+24.jar;C:\Users\Student\.m2\repository\org\openjfx\javafx-fxml\21-ea+24\javafx-fxml-21-ea+24.jar
Launcher Type: SUN_STANDARD

[Global flags]
     intx CICompilerCount                          = 4                                         {product} {ergonomic}
     uint ConcGCThreads                            = 3                                         {product} {ergonomic}
     uint G1ConcRefinementThreads                  = 10                                        {product} {ergonomic}
   size_t G1HeapRegionSize                         = 2097152                                   {product} {ergonomic}
    uintx GCDrainStackTargetSize                   = 64                                        {product} {ergonomic}
   size_t InitialHeapSize                          = 266338304                                 {product} {ergonomic}
   size_t MarkStackSize                            = 4194304                                   {product} {ergonomic}
   size_t MaxHeapSize                              = 4236247040                                {product} {ergonomic}
   size_t MaxNewSize                               = 2541748224                                {product} {ergonomic}
   size_t MinHeapDeltaBytes                        = 2097152                                   {product} {ergonomic}
   size_t MinHeapSize                              = 8388608                                   {product} {ergonomic}
    uintx NonNMethodCodeHeapSize                   = 5839372                                {pd product} {ergonomic}
    uintx NonProfiledCodeHeapSize                  = 122909434                              {pd product} {ergonomic}
    uintx ProfiledCodeHeapSize                     = 122909434                              {pd product} {ergonomic}
    uintx ReservedCodeCacheSize                    = 251658240                              {pd product} {ergonomic}
     bool SegmentedCodeCache                       = true                                      {product} {ergonomic}
   size_t SoftMaxHeapSize                          = 4236247040                             {manageable} {ergonomic}
     bool UseCompressedOops                        = true                           {product lp64_product} {ergonomic}
     bool UseG1GC                                  = true                                      {product} {ergonomic}
     bool UseLargePagesIndividualAllocation        = false                                  {pd product} {ergonomic}

Logging:
Log output configuration:
 #0: stdout all=off uptime,level,tags foldmultilines=false
 #1: stderr all=off uptime,level,tags foldmultilines=false

Environment Variables:
PATH=C:\Program Files (x86)\Common Files\Oracle\Java\javapath;C:\WINDOWS\system32;C:\WINDOWS;C:\WINDOWS\System32\Wbem;C:\WINDOWS\System32\WindowsPowerShell\v1.0\;C:\WINDOWS\System32\OpenSSH\;C:\Program Files\Git\cmd;C:\Program Files\Microsoft SQL Server\130\Tools\Binn\;C:\Program Files\dotnet\;C:\Program Files\nodejs\;C:\Program Files (x86)\Windows Kits\10\Windows Performance Toolkit\;C:\Users\Student\AppData\Local\Programs\Python\Python311\Scripts\;C:\Users\Student\AppData\Local\Programs\Python\Python311\;C:\Users\Student\AppData\Local\Microsoft\WindowsApps;;C:\Users\Student\AppData\Local\Programs\Microsoft VS Code\bin;C:\Users\Student\AppData\Local\JetBrains\IntelliJ IDEA Community Edition 2021.1\bin;;C:\Users\Student\AppData\Roaming\npm;C:\Program Files\JetBrains\PyCharm Community Edition 2022.3.2\bin;
USERNAME=Student
OS=Windows_NT
PROCESSOR_IDENTIFIER=Intel64 Family 6 Model 158 Stepping 10, GenuineIntel
TMP=C:\Users\Student\AppData\Local\Temp
TEMP=C:\Users\Student\AppData\Local\Temp




Periodic native trim disabled

---------------  S Y S T E M  ---------------

OS:
 Windows 11 , 64 bit Build 22621 (10.0.22621.3085)
OS uptime: 14 days 0:48 hours

CPU: total 12 (initial active 12) (6 cores per cpu, 2 threads per core) family 6 model 158 stepping 10 microcode 0xec, cx8, cmov, fxsr, ht, mmx, 3dnowpref, sse, sse2, sse3, ssse3, sse4.1, sse4.2, popcnt, lzcnt, tsc, tscinvbit, avx, avx2, aes, erms, clmul, bmi1, bmi2, rtm, adx, fma, vzeroupper, clflush, clflushopt, rdtscp, f16c
Processor Information for all 12 processors :
  Max Mhz: 3192, Current Mhz: 3192, Mhz Limit: 3192

Memory: 4k page, system-wide physical 16158M (7363M free)
TotalPageFile size 17182M (AvailPageFile size 5750M)
current process WorkingSet (physical memory assigned to process): 285M, peak: 304M
current process commit charge ("private bytes"): 498M, peak: 518M

vm_info: OpenJDK 64-Bit Server VM (21.0.2+13-58) for windows-amd64 JRE (21.0.2+13-58), built on 2024-01-05T18:32:24Z by "mach5one" with MS VC++ 17.1 (VS2022)

END.
