#
# A fatal error has been detected by the Java Runtime Environment:
#
#  EXCEPTION_ACCESS_VIOLATION (0xc0000005) at pc=0x00007ffb725d6587, pid=12040, tid=14732
#
# JRE version: OpenJDK Runtime Environment Corretto-21.0.1.12.1 (21.0.1+12) (build 21.0.1+12-LTS)
# Java VM: OpenJDK 64-Bit Server VM Corretto-21.0.1.12.1 (21.0.1+12-LTS, mixed mode, sharing, tiered, compressed oops, compressed class ptrs, g1 gc, windows-amd64)
# Problematic frame:
# C  [glass.dll+0x26587]
#
# No core dump will be written. Minidumps are not enabled by default on client versions of Windows
#
# If you would like to submit a bug report, please visit:
#   https://github.com/corretto/corretto-21/issues/
#

---------------  S U M M A R Y ------------

Command Line: -javaagent:C:\Program Files\JetBrains\IntelliJ IDEA Community Edition 2023.2.4\lib\idea_rt.jar=56165:C:\Program Files\JetBrains\IntelliJ IDEA Community Edition 2023.2.4\bin -Dfile.encoding=UTF-8 -Dsun.stdout.encoding=UTF-8 -Dsun.stderr.encoding=UTF-8 --module-path=C:\Users\NickS\OneDrive\Рабочий стол\thrthehrhjyj\target\classes;C:\Users\NickS\.m2\repository\org\openjfx\javafx-graphics\21-ea+24\javafx-graphics-21-ea+24-win.jar;C:\Users\NickS\.m2\repository\org\openjfx\javafx-controls\21-ea+24\javafx-controls-21-ea+24-win.jar;C:\Users\NickS\.m2\repository\org\openjfx\javafx-base\21-ea+24\javafx-base-21-ea+24-win.jar;C:\Users\NickS\.m2\repository\org\openjfx\javafx-fxml\21-ea+24\javafx-fxml-21-ea+24-win.jar -Djdk.module.main=com.example.thrthehrhjyj com.example.thrthehrhjyj/com.example.thrthehrhjyj.HelloApplication

Host: 11th Gen Intel(R) Core(TM) i3-1115G4 @ 3.00GHz, 4 cores, 7G,  Windows 11 , 64 bit Build 22000 (10.0.22000.2538)
Time: Tue Mar 19 00:20:15 2024 RTZ 2 (s 11 , 64 bit Build 22000 (10.0.22000.2538) elapsed time: 50.063859 seconds (0d 0h 0m 50s)

---------------  T H R E A D  ---------------

Current thread (0x00000221bd303ad0):  VMThread "VM Thread"          [id=14732, stack(0x0000007b5f600000,0x0000007b5f700000) (1024K)]

Stack: [0x0000007b5f600000,0x0000007b5f700000],  sp=0x0000007b5f6fee90,  free space=1019k
Native frames: (J=compiled Java code, j=interpreted, Vv=VM code, C=native code)
C  [glass.dll+0x26587]


siginfo: EXCEPTION_ACCESS_VIOLATION (0xc0000005), reading address 0x0000000000000000


Registers:
RAX=0x0000000000000000, RBX=0x00000221bd30a99a, RCX=0x00000221bd303ad0, RDX=0x0000007b5f6fee90
RSP=0x0000007b5f6fee90, RBP=0x00000221bd312b38, RSI=0x00000221bd312b10, RDI=0x0000d65f55a92641
R8 =0x0000000000010002, R9 =0x0000d65f55a92641, R10=0x85f13e9656da4870, R11=0x0000007b5f6fee20
R12=0x00007ffb725d3ed0, R13=0x00007ffb37c15410, R14=0x0000007b5f6fef98, R15=0x00000221bd312b10
RIP=0x00007ffb725d6587, EFLAGS=0x0000000000010206


Register to memory mapping:

RAX=0x0 is null
RBX=0x00000221bd30a99a is a global jni handle
RCX=0x00000221bd303ad0 points into unknown readable memory: 0x00007ffb37a166f0 | f0 66 a1 37 fb 7f 00 00
RDX=0x0000007b5f6fee90 points into unknown readable memory: 0x0000000000000000 | 00 00 00 00 00 00 00 00
RSP=0x0000007b5f6fee90 points into unknown readable memory: 0x0000000000000000 | 00 00 00 00 00 00 00 00
RBP=0x00000221bd312b38 points into unknown readable memory: 0x0000d65f55a92641 | 41 26 a9 55 5f d6 00 00
RSI=0x00000221bd312b10 points into unknown readable memory: 0x000029a9b1135591 | 91 55 13 b1 a9 29 00 00
RDI=0x0000d65f55a92641 is an unknown value
R8 =0x0000000000010002 is an unknown value
R9 =0x0000d65f55a92641 is an unknown value
R10=0x85f13e9656da4870 is an unknown value
R11=0x0000007b5f6fee20 points into unknown readable memory: 0x00000221bd312b10 | 10 2b 31 bd 21 02 00 00
R12=0x00007ffb725d3ed0 glass.dll
R13=0x00007ffb37c15410 jvm.dll
R14=0x0000007b5f6fef98 points into unknown readable memory: 0x0000007b5f6fef80 | 80 ef 6f 5f 7b 00 00 00
R15=0x00000221bd312b10 points into unknown readable memory: 0x000029a9b1135591 | 91 55 13 b1 a9 29 00 00

Top of Stack: (sp=0x0000007b5f6fee90)
0x0000007b5f6fee90:   0000000000000000 00000221bd312b10
0x0000007b5f6feea0:   00007ffb37c15410 00007ffb725d3ed0
0x0000007b5f6feeb0:   00000221bd312b18 00007ffbce9fbea0
0x0000007b5f6feec0:   0000d65f55a92641 0000022100000000
0x0000007b5f6feed0:   00000221bd312b38 00000221bd312b10
0x0000007b5f6feee0:   fffffffffffffffe 0000000000000000
0x0000007b5f6feef0:   0000000000000001 00007ffb725b0000
0x0000007b5f6fef00:   0000007b5f6fef88 00007ffbce9fbdb7
0x0000007b5f6fef10:   0000000000000000 0000007b5f6fef98
0x0000007b5f6fef20:   0000007b5f6ff280 00007ffbceae12b0
0x0000007b5f6fef30:   0000000000000001 00007ffbce9fbd6d
0x0000007b5f6fef40:   0000000000000000 0000000000000001
0x0000007b5f6fef50:   0000000000000000 0000007b5f6fef88
0x0000007b5f6fef60:   fffffffffffffffe 0000000000000000
0x0000007b5f6fef70:   0000000000000001 00007ffb725d3d5d
0x0000007b5f6fef80:   00007ffb725ea008 00007ffb00000002
0x0000007b5f6fef90:   0000000000000002 0000007b5f6fef80
0x0000007b5f6fefa0:   0000000000000000 00007ffbd137fec3
0x0000007b5f6fefb0:   0000000000000000 00007ffb725d3e82
0x0000007b5f6fefc0:   0000000000000001 0000007b5f6ff200
0x0000007b5f6fefd0:   0000000000000001 00007ffbceae12b0
0x0000007b5f6fefe0:   0000000000000001 00007ffbcdfc2223
0x0000007b5f6feff0:   00007ffb00000001 0000000000000000
0x0000007b5f6ff000:   00007ffb725b0000 000000007ffe0384
0x0000007b5f6ff010:   0000000000000000 00007ffbd137ff57
0x0000007b5f6ff020:   00007ffb725b0000 0000000000000000
0x0000007b5f6ff030:   0000000000000001 000000007ffe0385
0x0000007b5f6ff040:   00007ffbd1470e20 00007ffbc105b2f0
0x0000007b5f6ff050:   000069ecdf9ce700 00007ffbc0080000
0x0000007b5f6ff060:   00007ffb725d3ed0 0000000000000000
0x0000007b5f6ff070:   0000000000000000 0000007b5ebe5000
0x0000007b5f6ff080:   00000221ff5815f0 00007ffbd139458a 

Instructions: (pc=0x00007ffb725d6587)
0x00007ffb725d6487:   8b 4d 58 e8 8d cf ff ff 48 8b 4d 60 e8 84 cf ff
0x00007ffb725d6497:   ff 48 8b 95 80 00 00 00 48 8b 8d 18 01 00 00 e8
0x00007ffb725d64a7:   76 c4 ff ff 33 d2 33 c9 e8 cc e1 ff ff 90 48 89
0x00007ffb725d64b7:   54 24 10 55 48 83 ec 20 48 8b ea 48 b8 00 00 00
0x00007ffb725d64c7:   00 00 00 00 00 48 83 c4 20 5d c3 cc 40 55 48 8b
0x00007ffb725d64d7:   ea 48 8b 01 33 c9 81 38 05 00 00 c0 0f 94 c1 8b
0x00007ffb725d64e7:   c1 5d c3 cc 40 55 48 83 ec 20 48 8b ea 8a 4d 40
0x00007ffb725d64f7:   48 83 c4 20 5d e9 73 d3 ff ff cc 40 55 48 83 ec
0x00007ffb725d6507:   20 48 8b ea 8a 4d 20 e8 61 d3 ff ff 90 48 83 c4
0x00007ffb725d6517:   20 5d c3 cc 40 55 48 83 ec 20 48 8b ea 48 83 c4
0x00007ffb725d6527:   20 5d e9 c2 d1 ff ff cc 40 55 48 83 ec 30 48 8b
0x00007ffb725d6537:   ea 48 8b 01 8b 10 48 89 4c 24 28 89 54 24 20 4c
0x00007ffb725d6547:   8d 0d 63 d6 ff ff 4c 8b 45 70 8b 55 68 48 8b 4d
0x00007ffb725d6557:   60 e8 03 d1 ff ff 90 48 83 c4 30 5d c3 cc cc cc
0x00007ffb725d6567:   cc cc cc cc cc cc cc cc cc 40 53 48 83 ec 20 48
0x00007ffb725d6577:   8b 1d 8b 34 01 00 48 85 db 74 16 e8 89 8f ff ff
0x00007ffb725d6587:   4c 8b 00 48 8b d3 48 8b c8 41 ff 90 b0 00 00 00
0x00007ffb725d6597:   90 48 83 c4 20 5b c3 cc cc 40 53 48 83 ec 20 48
0x00007ffb725d65a7:   8b 1d fb 35 01 00 48 85 db 74 57 b8 ff ff ff ff
0x00007ffb725d65b7:   f0 0f c1 43 10 83 f8 01 75 3d 48 85 db 74 38 48
0x00007ffb725d65c7:   8b 0b 48 85 c9 74 0d ff 15 d4 0c 00 00 48 c7 03
0x00007ffb725d65d7:   00 00 00 00 48 8b 4b 08 48 85 c9 74 0d e8 33 ce
0x00007ffb725d65e7:   ff ff 48 c7 43 08 00 00 00 00 ba 18 00 00 00 48
0x00007ffb725d65f7:   8b cb e8 1e ce ff ff 48 c7 05 9f 35 01 00 00 00
0x00007ffb725d6607:   00 00 48 83 c4 20 5b c3 cc 40 53 48 83 ec 20 48
0x00007ffb725d6617:   8b 1d 6b 35 01 00 48 85 db 74 57 b8 ff ff ff ff
0x00007ffb725d6627:   f0 0f c1 43 10 83 f8 01 75 3d 48 85 db 74 38 48
0x00007ffb725d6637:   8b 0b 48 85 c9 74 0d ff 15 64 0c 00 00 48 c7 03
0x00007ffb725d6647:   00 00 00 00 48 8b 4b 08 48 85 c9 74 0d e8 c3 cd
0x00007ffb725d6657:   ff ff 48 c7 43 08 00 00 00 00 ba 18 00 00 00 48
0x00007ffb725d6667:   8b cb e8 ae cd ff ff 48 c7 05 0f 35 01 00 00 00
0x00007ffb725d6677:   00 00 48 83 c4 20 5b c3 cc 40 53 48 83 ec 20 48 


Stack slot to memory mapping:

stack at sp + 0 slots: 0x0 is null
stack at sp + 1 slots: 0x00000221bd312b10 points into unknown readable memory: 0x000029a9b1135591 | 91 55 13 b1 a9 29 00 00
stack at sp + 2 slots: 0x00007ffb37c15410 jvm.dll
stack at sp + 3 slots: 0x00007ffb725d3ed0 glass.dll
stack at sp + 4 slots: 0x00000221bd312b18 points into unknown readable memory: 0x0000d65f55a92641 | 41 26 a9 55 5f d6 00 00
stack at sp + 5 slots: 0x00007ffbce9fbea0 ucrtbase.dll
stack at sp + 6 slots: 0x0000d65f55a92641 is an unknown value
stack at sp + 7 slots: 0x0000022100000000 is an unknown value

VM_Operation (0x0000007b600ff310): Exit, mode: safepoint, requested by thread 0x00000221881331a0


---------------  P R O C E S S  ---------------

Threads class SMR info:
_java_thread_list=0x000002218894b200, length=19, elements={
0x00000221a1075a40, 0x00000221bd326dc0, 0x00000221bd329be0, 0x00000221bd330ba0,
0x00000221bd334a40, 0x00000221bd3343b0, 0x00000221bd3447a0, 0x00000221bd34aa20,
0x00000221bd3350d0, 0x00000221bd333690, 0x00000221bd333d20, 0x00000221bd332970,
0x00000221bd333000, 0x00000221bd335760, 0x00000221bd3322e0, 0x0000022188133ec0,
0x00000221881310d0, 0x00000221881303b0, 0x00000221881331a0
}

Java Threads: ( => current thread )
  0x00000221a1075a40 JavaThread "main"                              [_thread_blocked, id=19348, stack(0x0000007b5ef00000,0x0000007b5f000000) (1024K)]
  0x00000221bd326dc0 JavaThread "Reference Handler"          daemon [_thread_blocked, id=14320, stack(0x0000007b5f700000,0x0000007b5f800000) (1024K)]
  0x00000221bd329be0 JavaThread "Finalizer"                  daemon [_thread_blocked, id=13696, stack(0x0000007b5f800000,0x0000007b5f900000) (1024K)]
  0x00000221bd330ba0 JavaThread "Attach Listener"            daemon [_thread_blocked, id=16760, stack(0x0000007b5fa00000,0x0000007b5fb00000) (1024K)]
  0x00000221bd334a40 JavaThread "Service Thread"             daemon [_thread_blocked, id=14556, stack(0x0000007b5fb00000,0x0000007b5fc00000) (1024K)]
  0x00000221bd3343b0 JavaThread "Monitor Deflation Thread"   daemon [_thread_blocked, id=7736, stack(0x0000007b5fc00000,0x0000007b5fd00000) (1024K)]
  0x00000221bd3447a0 JavaThread "C2 CompilerThread0"         daemon [_thread_blocked, id=17112, stack(0x0000007b5fd00000,0x0000007b5fe00000) (1024K)]
  0x00000221bd34aa20 JavaThread "C1 CompilerThread0"         daemon [_thread_blocked, id=6020, stack(0x0000007b5fe00000,0x0000007b5ff00000) (1024K)]
  0x00000221bd3350d0 JavaThread "Common-Cleaner"             daemon [_thread_blocked, id=1956, stack(0x0000007b5ff00000,0x0000007b60000000) (1024K)]
  0x00000221bd333690 JavaThread "Monitor Ctrl-Break"         daemon [_thread_in_native, id=828, stack(0x0000007b60100000,0x0000007b60200000) (1024K)]
  0x00000221bd333d20 JavaThread "Notification Thread"        daemon [_thread_blocked, id=19160, stack(0x0000007b60200000,0x0000007b60300000) (1024K)]
  0x00000221bd332970 JavaThread "QuantumRenderer-0"          daemon [_thread_blocked, id=7372, stack(0x0000007b60600000,0x0000007b60700000) (1024K)]
  0x00000221bd333000 JavaThread "InvokeLaterDispatcher"      daemon [_thread_blocked, id=18368, stack(0x0000007b60700000,0x0000007b60800000) (1024K)]
  0x00000221bd335760 JavaThread "JavaFX Application Thread"         [_thread_in_native, id=600, stack(0x0000007b60800000,0x0000007b60900000) (1024K)]
  0x00000221bd3322e0 JavaThread "Thread-1"                   daemon [_thread_in_native, id=4880, stack(0x0000007b60c00000,0x0000007b60d00000) (1024K)]
  0x0000022188133ec0 JavaThread "JavaFX-Launcher"                   [_thread_blocked, id=18588, stack(0x0000007b60d00000,0x0000007b60e00000) (1024K)]
  0x00000221881310d0 JavaThread "Prism Font Disposer"        daemon [_thread_blocked, id=10268, stack(0x0000007b61100000,0x0000007b61200000) (1024K)]
  0x00000221881303b0 JavaThread "Cleaner-0"                  daemon [_thread_blocked, id=15952, stack(0x0000007b61200000,0x0000007b61300000) (1024K)]
  0x00000221881331a0 JavaThread "SIGINT handler"             daemon [_thread_blocked, id=6640, stack(0x0000007b60000000,0x0000007b60100000) (1024K)]
Total: 19

Other Threads:
=>0x00000221bd303ad0 VMThread "VM Thread"                           [id=14732, stack(0x0000007b5f600000,0x0000007b5f700000) (1024K)]
  0x00000221a10c9d80 WorkerThread "GC Thread#0"                     [id=11628, stack(0x0000007b5f000000,0x0000007b5f100000) (1024K)]
  0x00000221ff1f72c0 WorkerThread "GC Thread#1"                     [id=11132, stack(0x0000007b60300000,0x0000007b60400000) (1024K)]
  0x00000221ff0b4ac0 WorkerThread "GC Thread#2"                     [id=5704, stack(0x0000007b60400000,0x0000007b60500000) (1024K)]
  0x00000221ff0b37b0 WorkerThread "GC Thread#3"                     [id=13808, stack(0x0000007b60500000,0x0000007b60600000) (1024K)]
  0x00000221a10dd740 ConcurrentGCThread "G1 Main Marker"            terminated
  0x00000221a10de3f0 WorkerThread "G1 Conc#0"                       [id=6508, stack(0x0000007b5f200000,0x0000007b5f300000) (1024K)]
  0x00000221bd1c10a0 ConcurrentGCThread "G1 Refine#0"               terminated
  0x00000221bd1c1b20 ConcurrentGCThread "G1 Service"                terminated
Total: 9

Threads with active compile tasks:
Total: 0

VM state: at safepoint (shutting down)

VM Mutex/Monitor currently owned by a thread:  ([mutex/lock_event])
[0x00007ffb37bed9c8] Threads_lock - owner thread: 0x00000221bd303ad0
[0x00007ffb37bedac8] Heap_lock - owner thread: 0x00000221881331a0

Heap address: 0x0000000083200000, size: 1998 MB, Compressed Oops mode: 32-bit

CDS archive(s) mapped at: [0x00000221be000000-0x00000221bec90000-0x00000221bec90000), size 13172736, SharedBaseAddress: 0x00000221be000000, ArchiveRelocationMode: 1.
Compressed class space mapped at: 0x00000221bf000000-0x00000221ff000000, reserved size: 1073741824
Narrow klass base: 0x00000221be000000, Narrow klass shift: 0, Narrow klass range: 0x100000000

GC Precious Log:
 CardTable entry size: 512
 Card Set container configuration: InlinePtr #cards 5 size 8 Array Of Cards #cards 12 size 40 Howl #buckets 4 coarsen threshold 1843 Howl Bitmap #cards 512 size 80 coarsen threshold 460 Card regions per heap region 1 cards per card region 2048
 CPUs: 4 total, 4 available
 Memory: 7991M
 Large Page Support: Disabled
 NUMA Support: Disabled
 Compressed Oops: Enabled (32-bit)
 Heap Region Size: 1M
 Heap Min Capacity: 8M
 Heap Initial Capacity: 126M
 Heap Max Capacity: 1998M
 Pre-touch: Disabled
 Parallel Workers: 4
 Concurrent Workers: 1
 Concurrent Refinement Workers: 4
 Periodic GC: Disabled

Heap:
 garbage-first heap   total 129024K, used 94673K [0x0000000083200000, 0x0000000100000000)
  region size 1024K, 49 young (50176K), 3 survivors (3072K)
 Metaspace       used 16616K, committed 16960K, reserved 1114112K
  class space    used 2360K, committed 2496K, reserved 1048576K

Heap Regions: E=young(eden), S=young(survivor), O=old, HS=humongous(starts), HC=humongous(continues), CS=collection set, F=free, TAMS=top-at-mark-start, PB=parsable bottom
|   0|0x0000000083200000, 0x0000000083300000, 0x0000000083300000|100%|HS|  |TAMS 0x0000000083200000| PB 0x0000000083200000| Complete 
|   1|0x0000000083300000, 0x0000000083400000, 0x0000000083400000|100%|HC|  |TAMS 0x0000000083300000| PB 0x0000000083300000| Complete 
|   2|0x0000000083400000, 0x0000000083500000, 0x0000000083500000|100%|HC|  |TAMS 0x0000000083400000| PB 0x0000000083400000| Complete 
|   3|0x0000000083500000, 0x0000000083600000, 0x0000000083600000|100%|HC|  |TAMS 0x0000000083500000| PB 0x0000000083500000| Complete 
|   4|0x0000000083600000, 0x0000000083700000, 0x0000000083700000|100%|HC|  |TAMS 0x0000000083600000| PB 0x0000000083600000| Complete 
|   5|0x0000000083700000, 0x0000000083800000, 0x0000000083800000|100%|HC|  |TAMS 0x0000000083700000| PB 0x0000000083700000| Complete 
|   6|0x0000000083800000, 0x0000000083900000, 0x0000000083900000|100%| O|  |TAMS 0x0000000083800000| PB 0x0000000083800000| Untracked 
|   7|0x0000000083900000, 0x0000000083a00000, 0x0000000083a00000|100%| O|  |TAMS 0x0000000083900000| PB 0x0000000083900000| Untracked 
|   8|0x0000000083a00000, 0x0000000083a20400, 0x0000000083b00000| 12%| O|  |TAMS 0x0000000083a00000| PB 0x0000000083a00000| Untracked 
|   9|0x0000000083b00000, 0x0000000083c00000, 0x0000000083c00000|100%|HS|  |TAMS 0x0000000083b00000| PB 0x0000000083b00000| Complete 
|  10|0x0000000083c00000, 0x0000000083d00000, 0x0000000083d00000|100%|HC|  |TAMS 0x0000000083c00000| PB 0x0000000083c00000| Complete 
|  11|0x0000000083d00000, 0x0000000083e00000, 0x0000000083e00000|100%|HS|  |TAMS 0x0000000083d00000| PB 0x0000000083d00000| Complete 
|  12|0x0000000083e00000, 0x0000000083f00000, 0x0000000083f00000|100%|HC|  |TAMS 0x0000000083e00000| PB 0x0000000083e00000| Complete 
|  13|0x0000000083f00000, 0x0000000084000000, 0x0000000084000000|100%|HC|  |TAMS 0x0000000083f00000| PB 0x0000000083f00000| Complete 
|  14|0x0000000084000000, 0x0000000084100000, 0x0000000084100000|100%|HC|  |TAMS 0x0000000084000000| PB 0x0000000084000000| Complete 
|  15|0x0000000084100000, 0x0000000084200000, 0x0000000084200000|100%|HC|  |TAMS 0x0000000084100000| PB 0x0000000084100000| Complete 
|  16|0x0000000084200000, 0x0000000084300000, 0x0000000084300000|100%|HC|  |TAMS 0x0000000084200000| PB 0x0000000084200000| Complete 
|  17|0x0000000084300000, 0x0000000084400000, 0x0000000084400000|100%|HS|  |TAMS 0x0000000084300000| PB 0x0000000084300000| Complete 
|  18|0x0000000084400000, 0x0000000084500000, 0x0000000084500000|100%|HC|  |TAMS 0x0000000084400000| PB 0x0000000084400000| Complete 
|  19|0x0000000084500000, 0x0000000084600000, 0x0000000084600000|100%|HC|  |TAMS 0x0000000084500000| PB 0x0000000084500000| Complete 
|  20|0x0000000084600000, 0x0000000084700000, 0x0000000084700000|100%|HC|  |TAMS 0x0000000084600000| PB 0x0000000084600000| Complete 
|  21|0x0000000084700000, 0x0000000084800000, 0x0000000084800000|100%|HC|  |TAMS 0x0000000084700000| PB 0x0000000084700000| Complete 
|  22|0x0000000084800000, 0x0000000084900000, 0x0000000084900000|100%|HC|  |TAMS 0x0000000084800000| PB 0x0000000084800000| Complete 
|  23|0x0000000084900000, 0x0000000084a00000, 0x0000000084a00000|100%|HS|  |TAMS 0x0000000084900000| PB 0x0000000084900000| Complete 
|  24|0x0000000084a00000, 0x0000000084b00000, 0x0000000084b00000|100%|HC|  |TAMS 0x0000000084a00000| PB 0x0000000084a00000| Complete 
|  25|0x0000000084b00000, 0x0000000084c00000, 0x0000000084c00000|100%|HC|  |TAMS 0x0000000084b00000| PB 0x0000000084b00000| Complete 
|  26|0x0000000084c00000, 0x0000000084d00000, 0x0000000084d00000|100%|HC|  |TAMS 0x0000000084c00000| PB 0x0000000084c00000| Complete 
|  27|0x0000000084d00000, 0x0000000084e00000, 0x0000000084e00000|100%|HC|  |TAMS 0x0000000084d00000| PB 0x0000000084d00000| Complete 
|  28|0x0000000084e00000, 0x0000000084f00000, 0x0000000084f00000|100%|HC|  |TAMS 0x0000000084e00000| PB 0x0000000084e00000| Complete 
|  29|0x0000000084f00000, 0x0000000085000000, 0x0000000085000000|100%|HS|  |TAMS 0x0000000084f00000| PB 0x0000000084f00000| Complete 
|  30|0x0000000085000000, 0x0000000085100000, 0x0000000085100000|100%|HC|  |TAMS 0x0000000085000000| PB 0x0000000085000000| Complete 
|  31|0x0000000085100000, 0x0000000085200000, 0x0000000085200000|100%|HC|  |TAMS 0x0000000085100000| PB 0x0000000085100000| Complete 
|  32|0x0000000085200000, 0x0000000085300000, 0x0000000085300000|100%|HC|  |TAMS 0x0000000085200000| PB 0x0000000085200000| Complete 
|  33|0x0000000085300000, 0x0000000085400000, 0x0000000085400000|100%|HC|  |TAMS 0x0000000085300000| PB 0x0000000085300000| Complete 
|  34|0x0000000085400000, 0x0000000085500000, 0x0000000085500000|100%|HC|  |TAMS 0x0000000085400000| PB 0x0000000085400000| Complete 
|  35|0x0000000085500000, 0x0000000085600000, 0x0000000085600000|100%|HS|  |TAMS 0x0000000085500000| PB 0x0000000085500000| Complete 
|  36|0x0000000085600000, 0x0000000085700000, 0x0000000085700000|100%|HC|  |TAMS 0x0000000085600000| PB 0x0000000085600000| Complete 
|  37|0x0000000085700000, 0x0000000085800000, 0x0000000085800000|100%|HC|  |TAMS 0x0000000085700000| PB 0x0000000085700000| Complete 
|  38|0x0000000085800000, 0x0000000085900000, 0x0000000085900000|100%|HC|  |TAMS 0x0000000085800000| PB 0x0000000085800000| Complete 
|  39|0x0000000085900000, 0x0000000085a00000, 0x0000000085a00000|100%|HC|  |TAMS 0x0000000085900000| PB 0x0000000085900000| Complete 
|  40|0x0000000085a00000, 0x0000000085b00000, 0x0000000085b00000|100%|HC|  |TAMS 0x0000000085a00000| PB 0x0000000085a00000| Complete 
|  41|0x0000000085b00000, 0x0000000085c00000, 0x0000000085c00000|100%|HS|  |TAMS 0x0000000085b00000| PB 0x0000000085b00000| Complete 
|  42|0x0000000085c00000, 0x0000000085d00000, 0x0000000085d00000|100%|HC|  |TAMS 0x0000000085c00000| PB 0x0000000085c00000| Complete 
|  43|0x0000000085d00000, 0x0000000085e00000, 0x0000000085e00000|100%|HC|  |TAMS 0x0000000085d00000| PB 0x0000000085d00000| Complete 
|  44|0x0000000085e00000, 0x0000000085f00000, 0x0000000085f00000|100%|HC|  |TAMS 0x0000000085e00000| PB 0x0000000085e00000| Complete 
|  45|0x0000000085f00000, 0x0000000086000000, 0x0000000086000000|100%|HC|  |TAMS 0x0000000085f00000| PB 0x0000000085f00000| Complete 
|  46|0x0000000086000000, 0x0000000086100000, 0x0000000086100000|100%|HC|  |TAMS 0x0000000086000000| PB 0x0000000086000000| Complete 
|  47|0x0000000086100000, 0x0000000086100000, 0x0000000086200000|  0%| F|  |TAMS 0x0000000086100000| PB 0x0000000086100000| Untracked 
|  48|0x0000000086200000, 0x0000000086200000, 0x0000000086300000|  0%| F|  |TAMS 0x0000000086200000| PB 0x0000000086200000| Untracked 
|  49|0x0000000086300000, 0x0000000086300000, 0x0000000086400000|  0%| F|  |TAMS 0x0000000086300000| PB 0x0000000086300000| Untracked 
|  50|0x0000000086400000, 0x0000000086400000, 0x0000000086500000|  0%| F|  |TAMS 0x0000000086400000| PB 0x0000000086400000| Untracked 
|  51|0x0000000086500000, 0x0000000086500000, 0x0000000086600000|  0%| F|  |TAMS 0x0000000086500000| PB 0x0000000086500000| Untracked 
|  52|0x0000000086600000, 0x0000000086600000, 0x0000000086700000|  0%| F|  |TAMS 0x0000000086600000| PB 0x0000000086600000| Untracked 
|  53|0x0000000086700000, 0x0000000086700000, 0x0000000086800000|  0%| F|  |TAMS 0x0000000086700000| PB 0x0000000086700000| Untracked 
|  54|0x0000000086800000, 0x0000000086800000, 0x0000000086900000|  0%| F|  |TAMS 0x0000000086800000| PB 0x0000000086800000| Untracked 
|  55|0x0000000086900000, 0x0000000086900000, 0x0000000086a00000|  0%| F|  |TAMS 0x0000000086900000| PB 0x0000000086900000| Untracked 
|  56|0x0000000086a00000, 0x0000000086a00000, 0x0000000086b00000|  0%| F|  |TAMS 0x0000000086a00000| PB 0x0000000086a00000| Untracked 
|  57|0x0000000086b00000, 0x0000000086b00000, 0x0000000086c00000|  0%| F|  |TAMS 0x0000000086b00000| PB 0x0000000086b00000| Untracked 
|  58|0x0000000086c00000, 0x0000000086c00000, 0x0000000086d00000|  0%| F|  |TAMS 0x0000000086c00000| PB 0x0000000086c00000| Untracked 
|  59|0x0000000086d00000, 0x0000000086d00000, 0x0000000086e00000|  0%| F|  |TAMS 0x0000000086d00000| PB 0x0000000086d00000| Untracked 
|  60|0x0000000086e00000, 0x0000000086e00000, 0x0000000086f00000|  0%| F|  |TAMS 0x0000000086e00000| PB 0x0000000086e00000| Untracked 
|  61|0x0000000086f00000, 0x0000000086f00000, 0x0000000087000000|  0%| F|  |TAMS 0x0000000086f00000| PB 0x0000000086f00000| Untracked 
|  62|0x0000000087000000, 0x0000000087000000, 0x0000000087100000|  0%| F|  |TAMS 0x0000000087000000| PB 0x0000000087000000| Untracked 
|  63|0x0000000087100000, 0x0000000087100000, 0x0000000087200000|  0%| F|  |TAMS 0x0000000087100000| PB 0x0000000087100000| Untracked 
|  64|0x0000000087200000, 0x0000000087200000, 0x0000000087300000|  0%| F|  |TAMS 0x0000000087200000| PB 0x0000000087200000| Untracked 
|  65|0x0000000087300000, 0x0000000087300000, 0x0000000087400000|  0%| F|  |TAMS 0x0000000087300000| PB 0x0000000087300000| Untracked 
|  66|0x0000000087400000, 0x0000000087400000, 0x0000000087500000|  0%| F|  |TAMS 0x0000000087400000| PB 0x0000000087400000| Untracked 
|  67|0x0000000087500000, 0x0000000087500000, 0x0000000087600000|  0%| F|  |TAMS 0x0000000087500000| PB 0x0000000087500000| Untracked 
|  68|0x0000000087600000, 0x0000000087600000, 0x0000000087700000|  0%| F|  |TAMS 0x0000000087600000| PB 0x0000000087600000| Untracked 
|  69|0x0000000087700000, 0x0000000087700000, 0x0000000087800000|  0%| F|  |TAMS 0x0000000087700000| PB 0x0000000087700000| Untracked 
|  70|0x0000000087800000, 0x0000000087800000, 0x0000000087900000|  0%| F|  |TAMS 0x0000000087800000| PB 0x0000000087800000| Untracked 
|  71|0x0000000087900000, 0x0000000087900000, 0x0000000087a00000|  0%| F|  |TAMS 0x0000000087900000| PB 0x0000000087900000| Untracked 
|  72|0x0000000087a00000, 0x0000000087a00000, 0x0000000087b00000|  0%| F|  |TAMS 0x0000000087a00000| PB 0x0000000087a00000| Untracked 
|  73|0x0000000087b00000, 0x0000000087b00000, 0x0000000087c00000|  0%| F|  |TAMS 0x0000000087b00000| PB 0x0000000087b00000| Untracked 
|  74|0x0000000087c00000, 0x0000000087c00000, 0x0000000087d00000|  0%| F|  |TAMS 0x0000000087c00000| PB 0x0000000087c00000| Untracked 
|  75|0x0000000087d00000, 0x0000000087d00000, 0x0000000087e00000|  0%| F|  |TAMS 0x0000000087d00000| PB 0x0000000087d00000| Untracked 
|  76|0x0000000087e00000, 0x0000000087e00000, 0x0000000087f00000|  0%| F|  |TAMS 0x0000000087e00000| PB 0x0000000087e00000| Untracked 
|  77|0x0000000087f00000, 0x0000000087fddb50, 0x0000000088000000| 86%| E|  |TAMS 0x0000000087f00000| PB 0x0000000087f00000| Complete 
|  78|0x0000000088000000, 0x0000000088100000, 0x0000000088100000|100%| E|CS|TAMS 0x0000000088000000| PB 0x0000000088000000| Complete 
|  79|0x0000000088100000, 0x0000000088200000, 0x0000000088200000|100%| E|CS|TAMS 0x0000000088100000| PB 0x0000000088100000| Complete 
|  80|0x0000000088200000, 0x0000000088300000, 0x0000000088300000|100%| E|CS|TAMS 0x0000000088200000| PB 0x0000000088200000| Complete 
|  81|0x0000000088300000, 0x0000000088400000, 0x0000000088400000|100%| E|CS|TAMS 0x0000000088300000| PB 0x0000000088300000| Complete 
|  82|0x0000000088400000, 0x0000000088500000, 0x0000000088500000|100%| E|CS|TAMS 0x0000000088400000| PB 0x0000000088400000| Complete 
|  83|0x0000000088500000, 0x0000000088600000, 0x0000000088600000|100%| E|CS|TAMS 0x0000000088500000| PB 0x0000000088500000| Complete 
|  84|0x0000000088600000, 0x0000000088700000, 0x0000000088700000|100%| E|CS|TAMS 0x0000000088600000| PB 0x0000000088600000| Complete 
|  85|0x0000000088700000, 0x0000000088800000, 0x0000000088800000|100%| E|CS|TAMS 0x0000000088700000| PB 0x0000000088700000| Complete 
|  86|0x0000000088800000, 0x0000000088900000, 0x0000000088900000|100%| E|CS|TAMS 0x0000000088800000| PB 0x0000000088800000| Complete 
|  87|0x0000000088900000, 0x0000000088a00000, 0x0000000088a00000|100%| E|CS|TAMS 0x0000000088900000| PB 0x0000000088900000| Complete 
|  88|0x0000000088a00000, 0x0000000088b00000, 0x0000000088b00000|100%| E|CS|TAMS 0x0000000088a00000| PB 0x0000000088a00000| Complete 
|  89|0x0000000088b00000, 0x0000000088c00000, 0x0000000088c00000|100%| E|CS|TAMS 0x0000000088b00000| PB 0x0000000088b00000| Complete 
|  90|0x0000000088c00000, 0x0000000088d00000, 0x0000000088d00000|100%| E|CS|TAMS 0x0000000088c00000| PB 0x0000000088c00000| Complete 
|  91|0x0000000088d00000, 0x0000000088e00000, 0x0000000088e00000|100%| E|  |TAMS 0x0000000088d00000| PB 0x0000000088d00000| Complete 
|  92|0x0000000088e00000, 0x0000000088f00000, 0x0000000088f00000|100%| E|CS|TAMS 0x0000000088e00000| PB 0x0000000088e00000| Complete 
|  93|0x0000000088f00000, 0x0000000089000000, 0x0000000089000000|100%| E|CS|TAMS 0x0000000088f00000| PB 0x0000000088f00000| Complete 
|  94|0x0000000089000000, 0x0000000089100000, 0x0000000089100000|100%| E|CS|TAMS 0x0000000089000000| PB 0x0000000089000000| Complete 
|  95|0x0000000089100000, 0x0000000089200000, 0x0000000089200000|100%| E|CS|TAMS 0x0000000089100000| PB 0x0000000089100000| Complete 
|  96|0x0000000089200000, 0x0000000089300000, 0x0000000089300000|100%| E|CS|TAMS 0x0000000089200000| PB 0x0000000089200000| Complete 
|  97|0x0000000089300000, 0x0000000089400000, 0x0000000089400000|100%| E|CS|TAMS 0x0000000089300000| PB 0x0000000089300000| Complete 
|  98|0x0000000089400000, 0x0000000089500000, 0x0000000089500000|100%| E|CS|TAMS 0x0000000089400000| PB 0x0000000089400000| Complete 
|  99|0x0000000089500000, 0x0000000089600000, 0x0000000089600000|100%| E|CS|TAMS 0x0000000089500000| PB 0x0000000089500000| Complete 
| 100|0x0000000089600000, 0x0000000089654130, 0x0000000089700000| 32%| S|CS|TAMS 0x0000000089600000| PB 0x0000000089600000| Complete 
| 101|0x0000000089700000, 0x0000000089800000, 0x0000000089800000|100%| S|CS|TAMS 0x0000000089700000| PB 0x0000000089700000| Complete 
| 102|0x0000000089800000, 0x0000000089900000, 0x0000000089900000|100%| S|CS|TAMS 0x0000000089800000| PB 0x0000000089800000| Complete 
| 103|0x0000000089900000, 0x0000000089a00000, 0x0000000089a00000|100%| E|CS|TAMS 0x0000000089900000| PB 0x0000000089900000| Complete 
| 104|0x0000000089a00000, 0x0000000089b00000, 0x0000000089b00000|100%| E|CS|TAMS 0x0000000089a00000| PB 0x0000000089a00000| Complete 
| 105|0x0000000089b00000, 0x0000000089c00000, 0x0000000089c00000|100%| E|CS|TAMS 0x0000000089b00000| PB 0x0000000089b00000| Complete 
| 106|0x0000000089c00000, 0x0000000089d00000, 0x0000000089d00000|100%| E|CS|TAMS 0x0000000089c00000| PB 0x0000000089c00000| Complete 
| 107|0x0000000089d00000, 0x0000000089e00000, 0x0000000089e00000|100%| E|CS|TAMS 0x0000000089d00000| PB 0x0000000089d00000| Complete 
| 108|0x0000000089e00000, 0x0000000089f00000, 0x0000000089f00000|100%| E|CS|TAMS 0x0000000089e00000| PB 0x0000000089e00000| Complete 
| 109|0x0000000089f00000, 0x000000008a000000, 0x000000008a000000|100%| E|CS|TAMS 0x0000000089f00000| PB 0x0000000089f00000| Complete 
| 110|0x000000008a000000, 0x000000008a100000, 0x000000008a100000|100%| E|CS|TAMS 0x000000008a000000| PB 0x000000008a000000| Complete 
| 111|0x000000008a100000, 0x000000008a200000, 0x000000008a200000|100%| E|CS|TAMS 0x000000008a100000| PB 0x000000008a100000| Complete 
| 112|0x000000008a200000, 0x000000008a300000, 0x000000008a300000|100%| E|CS|TAMS 0x000000008a200000| PB 0x000000008a200000| Complete 
| 113|0x000000008a300000, 0x000000008a400000, 0x000000008a400000|100%| E|CS|TAMS 0x000000008a300000| PB 0x000000008a300000| Complete 
| 114|0x000000008a400000, 0x000000008a500000, 0x000000008a500000|100%| E|CS|TAMS 0x000000008a400000| PB 0x000000008a400000| Complete 
| 115|0x000000008a500000, 0x000000008a600000, 0x000000008a600000|100%| E|CS|TAMS 0x000000008a500000| PB 0x000000008a500000| Complete 
| 116|0x000000008a600000, 0x000000008a700000, 0x000000008a700000|100%| E|CS|TAMS 0x000000008a600000| PB 0x000000008a600000| Complete 
| 117|0x000000008a700000, 0x000000008a800000, 0x000000008a800000|100%| E|CS|TAMS 0x000000008a700000| PB 0x000000008a700000| Complete 
| 118|0x000000008a800000, 0x000000008a900000, 0x000000008a900000|100%| E|CS|TAMS 0x000000008a800000| PB 0x000000008a800000| Complete 
| 119|0x000000008a900000, 0x000000008aa00000, 0x000000008aa00000|100%| E|CS|TAMS 0x000000008a900000| PB 0x000000008a900000| Complete 
| 120|0x000000008aa00000, 0x000000008ab00000, 0x000000008ab00000|100%| E|CS|TAMS 0x000000008aa00000| PB 0x000000008aa00000| Complete 
| 121|0x000000008ab00000, 0x000000008ac00000, 0x000000008ac00000|100%| E|CS|TAMS 0x000000008ab00000| PB 0x000000008ab00000| Complete 
| 122|0x000000008ac00000, 0x000000008ad00000, 0x000000008ad00000|100%| E|CS|TAMS 0x000000008ac00000| PB 0x000000008ac00000| Complete 
| 123|0x000000008ad00000, 0x000000008ae00000, 0x000000008ae00000|100%| E|CS|TAMS 0x000000008ad00000| PB 0x000000008ad00000| Complete 
| 124|0x000000008ae00000, 0x000000008af00000, 0x000000008af00000|100%| E|CS|TAMS 0x000000008ae00000| PB 0x000000008ae00000| Complete 
| 125|0x000000008af00000, 0x000000008b000000, 0x000000008b000000|100%| E|CS|TAMS 0x000000008af00000| PB 0x000000008af00000| Complete 

Card table byte_map: [0x00000221b8b40000,0x00000221b8f30000] _byte_map_base: 0x00000221b8727000

Marking Bits: (CMBitMap*) 0x00000221a10ca480
 Bits: [0x00000221b8f30000, 0x00000221bae68000)

Polling page: 0x000002219f040000

Metaspace:

Usage:
  Non-class:     13.92 MB used.
      Class:      2.31 MB used.
       Both:     16.23 MB used.

Virtual space:
  Non-class space:       64.00 MB reserved,      14.12 MB ( 22%) committed,  1 nodes.
      Class space:        1.00 GB reserved,       2.44 MB ( <1%) committed,  1 nodes.
             Both:        1.06 GB reserved,      16.56 MB (  2%) committed. 

Chunk freelists:
   Non-Class:  1.20 MB
       Class:  13.51 MB
        Both:  14.71 MB

MaxMetaspaceSize: unlimited
CompressedClassSpaceSize: 1.00 GB
Initial GC threshold: 21.00 MB
Current GC threshold: 21.00 MB
CDS: on
 - commit_granule_bytes: 65536.
 - commit_granule_words: 8192.
 - virtual_space_node_default_size: 8388608.
 - enlarge_chunks_in_place: 1.
 - use_allocation_guard: 0.


Internal statistics:

num_allocs_failed_limit: 0.
num_arena_births: 352.
num_arena_deaths: 0.
num_vsnodes_births: 2.
num_vsnodes_deaths: 0.
num_space_committed: 265.
num_space_uncommitted: 0.
num_chunks_returned_to_freelist: 0.
num_chunks_taken_from_freelist: 891.
num_chunk_merges: 0.
num_chunk_splits: 606.
num_chunks_enlarged: 455.
num_inconsistent_stats: 0.

CodeHeap 'non-profiled nmethods': size=120000Kb used=1528Kb max_used=1528Kb free=118471Kb
 bounds [0x00000221b1220000, 0x00000221b1490000, 0x00000221b8750000]
CodeHeap 'profiled nmethods': size=120000Kb used=6560Kb max_used=6560Kb free=113439Kb
 bounds [0x00000221a9750000, 0x00000221a9dc0000, 0x00000221b0c80000]
CodeHeap 'non-nmethods': size=5760Kb used=2042Kb max_used=2079Kb free=3717Kb
 bounds [0x00000221b0c80000, 0x00000221b0ef0000, 0x00000221b1220000]
 total_blobs=4240 nmethods=3421 adapters=722
 compilation: enabled
              stopped_count=0, restarted_count=0
 full_count=0

Compilation events (20 events):
Event: 27.243 Thread 0x00000221bd34aa20 3414       3       com.sun.prism.impl.VertexBuffer::addQuad (132 bytes)
Event: 27.243 Thread 0x00000221bd34aa20 nmethod 3414 0x00000221a9db1c90 code [0x00000221a9db1e80, 0x00000221a9db23b8]
Event: 27.243 Thread 0x00000221bd34aa20 3415   !   3       com.sun.prism.impl.shape.DMarlinRasterizer::getMaskData (367 bytes)
Event: 27.246 Thread 0x00000221bd34aa20 nmethod 3415 0x00000221a9db2590 code [0x00000221a9db29e0, 0x00000221a9db45d0]
Event: 27.246 Thread 0x00000221bd34aa20 3416       3       com.sun.marlin.DMarlinRenderingEngine::getRendererContext (12 bytes)
Event: 27.246 Thread 0x00000221bd34aa20 nmethod 3416 0x00000221a9db5590 code [0x00000221a9db5740, 0x00000221a9db5958]
Event: 28.989 Thread 0x00000221bd34aa20 3417       3       javafx.scene.Node$15::invalidated (46 bytes)
Event: 28.990 Thread 0x00000221bd34aa20 nmethod 3417 0x00000221a9db5a10 code [0x00000221a9db5ca0, 0x00000221a9db68a8]
Event: 29.017 Thread 0x00000221bd3447a0 3418       4       com.sun.javafx.scene.input.InputEventUtils::recomputeCoordinates (220 bytes)
Event: 29.028 Thread 0x00000221bd3447a0 nmethod 3418 0x00000221b139c590 code [0x00000221b139c820, 0x00000221b139d1f0]
Event: 30.523 Thread 0x00000221bd34aa20 3419       1       javafx.scene.Node$FocusPropertyBase::set (6 bytes)
Event: 30.523 Thread 0x00000221bd3447a0 3420       4       java.util.AbstractCollection::isEmpty (13 bytes)
Event: 30.523 Thread 0x00000221bd34aa20 nmethod 3419 0x00000221b139dc90 code [0x00000221b139de20, 0x00000221b139def0]
Event: 30.524 Thread 0x00000221bd3447a0 nmethod 3420 0x00000221b139df90 code [0x00000221b139e120, 0x00000221b139e1d8]
Event: 30.936 Thread 0x00000221bd34aa20 3421       3       java.util.HashMap::getOrDefault (19 bytes)
Event: 30.936 Thread 0x00000221bd34aa20 nmethod 3421 0x00000221a9db6c10 code [0x00000221a9db6dc0, 0x00000221a9db6f60]
Event: 30.949 Thread 0x00000221bd34aa20 3423       3       com.sun.javafx.css.BitSet::remove (171 bytes)
Event: 30.950 Thread 0x00000221bd34aa20 nmethod 3423 0x00000221a9db7090 code [0x00000221a9db72c0, 0x00000221a9db7bb8]
Event: 30.950 Thread 0x00000221bd34aa20 3422       3       com.sun.javafx.css.PseudoClassState::remove (6 bytes)
Event: 30.950 Thread 0x00000221bd34aa20 nmethod 3422 0x00000221a9db7e90 code [0x00000221a9db8040, 0x00000221a9db8188]

GC Heap History (4 events):
Event: 0.437 GC heap before
{Heap before GC invocations=0 (full 0):
 garbage-first heap   total 129024K, used 12288K [0x0000000083200000, 0x0000000100000000)
  region size 1024K, 13 young (13312K), 0 survivors (0K)
 Metaspace       used 2387K, committed 2560K, reserved 1114112K
  class space    used 249K, committed 320K, reserved 1048576K
}
Event: 0.439 GC heap after
{Heap after GC invocations=1 (full 0):
 garbage-first heap   total 129024K, used 2041K [0x0000000083200000, 0x0000000100000000)
  region size 1024K, 2 young (2048K), 2 survivors (2048K)
 Metaspace       used 2387K, committed 2560K, reserved 1114112K
  class space    used 249K, committed 320K, reserved 1048576K
}
Event: 0.805 GC heap before
{Heap before GC invocations=1 (full 0):
 garbage-first heap   total 129024K, used 28665K [0x0000000083200000, 0x0000000100000000)
  region size 1024K, 23 young (23552K), 2 survivors (2048K)
 Metaspace       used 8306K, committed 8640K, reserved 1114112K
  class space    used 1101K, committed 1280K, reserved 1048576K
}
Event: 0.809 GC heap after
{Heap after GC invocations=2 (full 0):
 garbage-first heap   total 129024K, used 10705K [0x0000000083200000, 0x0000000100000000)
  region size 1024K, 3 young (3072K), 3 survivors (3072K)
 Metaspace       used 8306K, committed 8640K, reserved 1114112K
  class space    used 1101K, committed 1280K, reserved 1048576K
}

Dll operation events (20 events):
Event: 0.386 Loaded shared library C:\Users\NickS\.openjfx\cache\21-ea+null\amd64\api-ms-win-crt-math-l1-1-0.dll
Event: 0.389 Loaded shared library C:\Users\NickS\.openjfx\cache\21-ea+null\amd64\api-ms-win-crt-multibyte-l1-1-0.dll
Event: 0.392 Loaded shared library C:\Users\NickS\.openjfx\cache\21-ea+null\amd64\api-ms-win-crt-private-l1-1-0.dll
Event: 0.394 Loaded shared library C:\Users\NickS\.openjfx\cache\21-ea+null\amd64\api-ms-win-crt-process-l1-1-0.dll
Event: 0.396 Loaded shared library C:\Users\NickS\.openjfx\cache\21-ea+null\amd64\api-ms-win-crt-runtime-l1-1-0.dll
Event: 0.398 Loaded shared library C:\Users\NickS\.openjfx\cache\21-ea+null\amd64\api-ms-win-crt-stdio-l1-1-0.dll
Event: 0.400 Loaded shared library C:\Users\NickS\.openjfx\cache\21-ea+null\amd64\api-ms-win-crt-string-l1-1-0.dll
Event: 0.402 Loaded shared library C:\Users\NickS\.openjfx\cache\21-ea+null\amd64\api-ms-win-crt-time-l1-1-0.dll
Event: 0.404 Loaded shared library C:\Users\NickS\.openjfx\cache\21-ea+null\amd64\api-ms-win-crt-utility-l1-1-0.dll
Event: 0.416 Loaded shared library C:\Users\NickS\.openjfx\cache\21-ea+null\amd64\ucrtbase.dll
Event: 0.419 Loaded shared library C:\Users\NickS\.openjfx\cache\21-ea+null\amd64\vcruntime140.dll
Event: 0.422 Loaded shared library C:\Users\NickS\.openjfx\cache\21-ea+null\amd64\vcruntime140_1.dll
Event: 0.430 Loaded shared library C:\Users\NickS\.openjfx\cache\21-ea+null\amd64\msvcp140.dll
Event: 0.432 Loaded shared library C:\Users\NickS\.openjfx\cache\21-ea+null\amd64\msvcp140_1.dll
Event: 0.436 Loaded shared library C:\Users\NickS\.openjfx\cache\21-ea+null\amd64\msvcp140_2.dll
Event: 0.475 Loaded shared library C:\Users\NickS\.openjfx\cache\21-ea+null\amd64\prism_d3d.dll
Event: 0.510 Loaded shared library C:\Users\NickS\.openjfx\cache\21-ea+null\amd64\glass.dll
Event: 0.611 Loaded shared library C:\Users\NickS\.jdks\corretto-21.0.1\bin\jimage.dll
Event: 0.747 Loaded shared library C:\Users\NickS\.openjfx\cache\21-ea+null\amd64\javafx_iio.dll
Event: 0.829 Loaded shared library C:\Users\NickS\.openjfx\cache\21-ea+null\amd64\javafx_font.dll

Deoptimization events (20 events):
Event: 8.962 Thread 0x00000221bd332970 DEOPT PACKING pc=0x00000221a9c4924a sp=0x0000007b606fdda0
Event: 8.962 Thread 0x00000221bd332970 DEOPT UNPACKING pc=0x00000221b0cd88e2 sp=0x0000007b606fd1f8 mode 0
Event: 8.963 Thread 0x00000221bd332970 DEOPT PACKING pc=0x00000221a9c4924a sp=0x0000007b606fdda0
Event: 8.963 Thread 0x00000221bd332970 DEOPT UNPACKING pc=0x00000221b0cd88e2 sp=0x0000007b606fd1f8 mode 0
Event: 8.963 Thread 0x00000221bd332970 DEOPT PACKING pc=0x00000221a9c4924a sp=0x0000007b606fdda0
Event: 8.963 Thread 0x00000221bd332970 DEOPT UNPACKING pc=0x00000221b0cd88e2 sp=0x0000007b606fd1f8 mode 0
Event: 8.963 Thread 0x00000221bd332970 DEOPT PACKING pc=0x00000221a9c4924a sp=0x0000007b606fdda0
Event: 8.964 Thread 0x00000221bd332970 DEOPT UNPACKING pc=0x00000221b0cd88e2 sp=0x0000007b606fd1f8 mode 0
Event: 13.237 Thread 0x00000221bd332970 DEOPT PACKING pc=0x00000221a9bec658 sp=0x0000007b606fded0
Event: 13.237 Thread 0x00000221bd332970 DEOPT UNPACKING pc=0x00000221b0cd88e2 sp=0x0000007b606fd320 mode 0
Event: 13.238 Thread 0x00000221bd332970 DEOPT PACKING pc=0x00000221a9b7bc8b sp=0x0000007b606fddc0
Event: 13.238 Thread 0x00000221bd332970 DEOPT UNPACKING pc=0x00000221b0cd88e2 sp=0x0000007b606fd270 mode 0
Event: 13.242 Thread 0x00000221bd332970 DEOPT PACKING pc=0x00000221a9bec658 sp=0x0000007b606fded0
Event: 13.242 Thread 0x00000221bd332970 DEOPT UNPACKING pc=0x00000221b0cd88e2 sp=0x0000007b606fd320 mode 0
Event: 13.245 Thread 0x00000221bd332970 DEOPT PACKING pc=0x00000221a9bec658 sp=0x0000007b606fdf20
Event: 13.245 Thread 0x00000221bd332970 DEOPT UNPACKING pc=0x00000221b0cd88e2 sp=0x0000007b606fd370 mode 0
Event: 13.248 Thread 0x00000221bd332970 DEOPT PACKING pc=0x00000221a9bec899 sp=0x0000007b606fdf20
Event: 13.249 Thread 0x00000221bd332970 DEOPT UNPACKING pc=0x00000221b0cd88e2 sp=0x0000007b606fd370 mode 0
Event: 13.251 Thread 0x00000221bd332970 DEOPT PACKING pc=0x00000221a9bec658 sp=0x0000007b606fdf20
Event: 13.251 Thread 0x00000221bd332970 DEOPT UNPACKING pc=0x00000221b0cd88e2 sp=0x0000007b606fd370 mode 0

Classes loaded (20 events):
Event: 1.382 Loading class java/nio/DirectFloatBufferU
Event: 1.382 Loading class java/nio/DirectFloatBufferU done
Event: 1.390 Loading class jdk/internal/ref/CleanerImpl$InnocuousThreadFactory
Event: 1.390 Loading class jdk/internal/ref/CleanerImpl$InnocuousThreadFactory done
Event: 1.397 Loading class sun/misc/Unsafe
Event: 1.397 Loading class sun/misc/Unsafe done
Event: 1.398 Loading class java/lang/invoke/DirectMethodHandle$StaticAccessor
Event: 1.398 Loading class java/lang/invoke/DirectMethodHandle$StaticAccessor done
Event: 1.413 Loading class jdk/internal/foreign/MemorySessionImpl
Event: 1.413 Loading class java/lang/foreign/MemorySegment$Scope
Event: 1.413 Loading class java/lang/foreign/MemorySegment$Scope done
Event: 1.413 Loading class jdk/internal/foreign/MemorySessionImpl done
Event: 1.424 Loading class java/lang/FdLibm$Atan2
Event: 1.424 Loading class java/lang/FdLibm$Atan2 done
Event: 2.253 Loading class java/io/UnsupportedEncodingException
Event: 2.253 Loading class java/io/UnsupportedEncodingException done
Event: 8.854 Loading class java/io/CharArrayReader
Event: 8.854 Loading class java/io/CharArrayReader done
Event: 49.505 Loading class jdk/internal/misc/Signal$1
Event: 49.505 Loading class jdk/internal/misc/Signal$1 done

Classes unloaded (0 events):
No events

Classes redefined (0 events):
No events

Internal exceptions (20 events):
Event: 1.019 Thread 0x00000221bd335760 Exception <a 'sun/nio/fs/WindowsException'{0x000000008a492ed8}> (0x000000008a492ed8) 
thrown [s\src\hotspot\share\prims\jni.cpp, line 520]
Event: 1.029 Thread 0x00000221bd335760 Implicit null exception at 0x00000221b12567e6 to 0x00000221b125688a
Event: 1.045 Thread 0x00000221bd330ba0 Exception <a 'sun/nio/fs/WindowsException'{0x000000008a3d8198}> (0x000000008a3d8198) 
thrown [s\src\hotspot\share\prims\jni.cpp, line 520]
Event: 1.049 Thread 0x00000221bd335760 Implicit null exception at 0x00000221b1295f3a to 0x00000221b129617c
Event: 1.063 Thread 0x00000221bd335760 Implicit null exception at 0x00000221b1290f3a to 0x00000221b1291178
Event: 1.154 Thread 0x00000221bd335760 Exception <a 'java/lang/IncompatibleClassChangeError'{0x0000000089b393e8}: Found class java.lang.Object, but interface was expected> (0x0000000089b393e8) 
thrown [s\src\hotspot\share\interpreter\linkResolver.cpp, line 840]
Event: 1.184 Thread 0x00000221bd335760 Exception <a 'java/lang/ClassNotFoundException'{0x00000000899c4200}: com/sun/javafx/scene/control/skin/resources/controls> (0x00000000899c4200) 
thrown [s\src\hotspot\share\prims\jni.cpp, line 539]
Event: 1.185 Thread 0x00000221bd335760 Exception <a 'java/lang/ClassNotFoundException'{0x00000000899d2640}: com/sun/javafx/scene/control/skin/resources/controls_ru> (0x00000000899d2640) 
thrown [s\src\hotspot\share\prims\jni.cpp, line 539]
Event: 1.185 Thread 0x00000221bd335760 Exception <a 'java/lang/ClassNotFoundException'{0x00000000899d35e8}: com/sun/javafx/scene/control/skin/resources/controls_ru_RU> (0x00000000899d35e8) 
thrown [s\src\hotspot\share\prims\jni.cpp, line 539]
Event: 1.220 Thread 0x00000221bd335760 Exception <a 'java/lang/NoSuchMethodError'{0x00000000894b1ab8}: 'void java.lang.invoke.DirectMethodHandle$Holder.invokeSpecial(java.lang.Object, java.lang.Object, java.lang.Object, java.lang.Object, java.lang.Object, java.lang.Object)'> (0x00000000894b1ab8) 
thrown [s\src\hotspot\share\interpreter\linkResolver.cpp, line 773]
Event: 1.287 Thread 0x00000221bd335760 Exception <a 'java/lang/NoSuchMethodError'{0x0000000088f73748}: 'int java.lang.invoke.DirectMethodHandle$Holder.invokeSpecial(java.lang.Object, java.lang.Object, int)'> (0x0000000088f73748) 
thrown [s\src\hotspot\share\interpreter\linkResolver.cpp, line 773]
Event: 1.297 Thread 0x00000221bd335760 Exception <a 'java/lang/NoSuchMethodError'{0x0000000088fadd68}: 'java.lang.Object java.lang.invoke.DirectMethodHandle$Holder.newInvokeSpecial(java.lang.Object, java.lang.Object, int)'> (0x0000000088fadd68) 
thrown [s\src\hotspot\share\interpreter\linkResolver.cpp, line 773]
Event: 1.331 Thread 0x00000221bd332970 Exception <a 'java/lang/NoSuchMethodError'{0x0000000088e64210}: 'int java.lang.invoke.DirectMethodHandle$Holder.invokeStaticInit(java.lang.Object, java.lang.Object)'> (0x0000000088e64210) 
thrown [s\src\hotspot\share\interpreter\linkResolver.cpp, line 773]
Event: 1.343 Thread 0x00000221bd335760 Exception <a 'java/lang/NoSuchMethodError'{0x0000000088e9fd30}: 'long java.lang.invoke.DirectMethodHandle$Holder.invokeStatic(java.lang.Object, java.lang.Object, java.lang.Object)'> (0x0000000088e9fd30) 
thrown [s\src\hotspot\share\interpreter\linkResolver.cpp, line 773]
Event: 1.343 Thread 0x00000221bd335760 Exception <a 'java/lang/NoSuchMethodError'{0x0000000088ea3100}: 'long java.lang.invoke.DirectMethodHandle$Holder.invokeStaticInit(java.lang.Object, java.lang.Object, java.lang.Object)'> (0x0000000088ea3100) 
thrown [s\src\hotspot\share\interpreter\linkResolver.cpp, line 773]
Event: 1.345 Thread 0x00000221bd335760 Exception <a 'java/lang/NoSuchMethodError'{0x0000000088eb76f8}: 'java.lang.Object java.lang.invoke.DirectMethodHandle$Holder.newInvokeSpecial(java.lang.Object, java.lang.Object, long)'> (0x0000000088eb76f8) 
thrown [s\src\hotspot\share\interpreter\linkResolver.cpp, line 773]
Event: 1.345 Thread 0x00000221bd335760 Exception <a 'java/lang/NoSuchMethodError'{0x0000000088ebaff0}: 'java.lang.Object java.lang.invoke.Invokers$Holder.linkToTargetMethod(java.lang.Object, long, java.lang.Object)'> (0x0000000088ebaff0) 
thrown [s\src\hotspot\share\interpreter\linkResolver.cpp, line 773]
Event: 17.501 Thread 0x00000221bd335760 Exception <a 'java/lang/NoSuchMethodError'{0x0000000088206410}: 'java.lang.Object java.lang.invoke.DirectMethodHandle$Holder.newInvokeSpecial(java.lang.Object, java.lang.Object, int, int, int, int, int, java.lang.Object)'> (0x0000000088206410) 
thrown [s\src\hotspot\share\interpreter\linkResolver.cpp, line 773]
Event: 17.504 Thread 0x00000221bd335760 Exception <a 'java/lang/NoSuchMethodError'{0x00000000882192f0}: 'java.lang.Object java.lang.invoke.DirectMethodHandle$Holder.newInvokeSpecial(java.lang.Object, java.lang.Object, java.lang.Object, int, int, int, int, int)'> (0x00000000882192f0) 
thrown [s\src\hotspot\share\interpreter\linkResolver.cpp, line 773]
Event: 17.505 Thread 0x00000221bd335760 Exception <a 'java/lang/NoSuchMethodError'{0x0000000088221900}: 'java.lang.Object java.lang.invoke.Invokers$Holder.linkToTargetMethod(java.lang.Object, java.lang.Object, int, int, int, int, int, java.lang.Object)'> (0x0000000088221900) 
thrown [s\src\hotspot\share\interpreter\linkResolver.cpp, line 773]

ZGC Phase Switch (0 events):
No events

VM Operations (20 events):
Event: 16.901 Executing VM operation: Cleanup done
Event: 17.901 Executing VM operation: Cleanup
Event: 17.901 Executing VM operation: Cleanup done
Event: 18.902 Executing VM operation: Cleanup
Event: 18.902 Executing VM operation: Cleanup done
Event: 20.903 Executing VM operation: Cleanup
Event: 20.903 Executing VM operation: Cleanup done
Event: 21.904 Executing VM operation: Cleanup
Event: 21.904 Executing VM operation: Cleanup done
Event: 22.904 Executing VM operation: Cleanup
Event: 22.905 Executing VM operation: Cleanup done
Event: 23.905 Executing VM operation: Cleanup
Event: 23.905 Executing VM operation: Cleanup done
Event: 24.905 Executing VM operation: Cleanup
Event: 24.905 Executing VM operation: Cleanup done
Event: 26.905 Executing VM operation: Cleanup
Event: 26.905 Executing VM operation: Cleanup done
Event: 31.907 Executing VM operation: Cleanup
Event: 31.907 Executing VM operation: Cleanup done
Event: 49.509 Executing VM operation: Exit

Events (20 events):
Event: 0.072 Thread 0x00000221bd3350d0 Thread added: 0x00000221bd3350d0
Event: 0.135 Thread 0x00000221bd616a50 Thread added: 0x00000221bd616a50
Event: 0.197 Thread 0x00000221bd333690 Thread added: 0x00000221bd333690
Event: 0.197 Thread 0x00000221bd333d20 Thread added: 0x00000221bd333d20
Event: 0.468 Thread 0x00000221bd332970 Thread added: 0x00000221bd332970
Event: 0.512 Thread 0x00000221bd333000 Thread added: 0x00000221bd333000
Event: 0.515 Thread 0x00000221bd335760 Thread added: 0x00000221bd335760
Event: 0.584 Thread 0x00000221bd3322e0 Thread added: 0x00000221bd3322e0
Event: 0.584 Thread 0x0000022188133ec0 Thread added: 0x0000022188133ec0
Event: 0.728 Thread 0x00000221bd616a50 Thread exited: 0x00000221bd616a50
Event: 0.852 Thread 0x00000221880a38f0 Thread added: 0x00000221880a38f0
Event: 1.147 Thread 0x00000221881310d0 Thread added: 0x00000221881310d0
Event: 1.390 Thread 0x00000221881303b0 Thread added: 0x00000221881303b0
Event: 1.587 Thread 0x00000221880a38f0 Thread exited: 0x00000221880a38f0
Event: 49.505 Thread 0x00000221881331a0 Thread added: 0x00000221881331a0
Event: 49.506 Thread 0x000002218812f690 Thread added: 0x000002218812f690
Event: 49.506 Thread 0x000002218812fd20 Thread added: 0x000002218812fd20
Event: 49.506 Thread 0x000002218812fd20 Thread exited: 0x000002218812fd20
Event: 49.509 Thread 0x000002218812f690 Thread exited: 0x000002218812f690
Event: 49.509 Thread 0x00000221bd32f420 Thread exited: 0x00000221bd32f420


Dynamic libraries:
0x00007ff677840000 - 0x00007ff67784e000 	C:\Users\NickS\.jdks\corretto-21.0.1\bin\java.exe
0x00007ffbd1340000 - 0x00007ffbd1549000 	C:\Windows\SYSTEM32\ntdll.dll
0x00007ffbcff40000 - 0x00007ffbcfffd000 	C:\Windows\System32\KERNEL32.DLL
0x00007ffbcece0000 - 0x00007ffbcf064000 	C:\Windows\System32\KERNELBASE.dll
0x00007ffbce9e0000 - 0x00007ffbceaf1000 	C:\Windows\System32\ucrtbase.dll
0x00007ffb8c490000 - 0x00007ffb8c4ab000 	C:\Users\NickS\.jdks\corretto-21.0.1\bin\VCRUNTIME140.dll
0x00007ffbb9590000 - 0x00007ffbb95a8000 	C:\Users\NickS\.jdks\corretto-21.0.1\bin\jli.dll
0x00007ffbcf1f0000 - 0x00007ffbcf39d000 	C:\Windows\System32\USER32.dll
0x00007ffbce840000 - 0x00007ffbce866000 	C:\Windows\System32\win32u.dll
0x00007ffbbee50000 - 0x00007ffbbf0f5000 	C:\Windows\WinSxS\amd64_microsoft.windows.common-controls_6595b64144ccf1df_6.0.22000.120_none_9d947278b86cc467\COMCTL32.dll
0x00007ffbcf640000 - 0x00007ffbcf6e3000 	C:\Windows\System32\msvcrt.dll
0x00007ffbcf450000 - 0x00007ffbcf47a000 	C:\Windows\System32\GDI32.dll
0x00007ffbcf070000 - 0x00007ffbcf18e000 	C:\Windows\System32\gdi32full.dll
0x00007ffbceb00000 - 0x00007ffbceb9d000 	C:\Windows\System32\msvcp_win.dll
0x00007ffbcfb10000 - 0x00007ffbcfb41000 	C:\Windows\System32\IMM32.DLL
0x00007ffbb9580000 - 0x00007ffbb958c000 	C:\Users\NickS\.jdks\corretto-21.0.1\bin\vcruntime140_1.dll
0x00007ffb75590000 - 0x00007ffb7561d000 	C:\Users\NickS\.jdks\corretto-21.0.1\bin\msvcp140.dll
0x00007ffb36f40000 - 0x00007ffb37ccd000 	C:\Users\NickS\.jdks\corretto-21.0.1\bin\server\jvm.dll
0x00007ffbcf3a0000 - 0x00007ffbcf44e000 	C:\Windows\System32\ADVAPI32.dll
0x00007ffbd08d0000 - 0x00007ffbd096e000 	C:\Windows\System32\sechost.dll
0x00007ffbcf510000 - 0x00007ffbcf631000 	C:\Windows\System32\RPCRT4.dll
0x00007ffbd00f0000 - 0x00007ffbd015f000 	C:\Windows\System32\WS2_32.dll
0x00007ffbce500000 - 0x00007ffbce54d000 	C:\Windows\SYSTEM32\POWRPROF.dll
0x00007ffbc73a0000 - 0x00007ffbc73d3000 	C:\Windows\SYSTEM32\WINMM.dll
0x00007ffbc2fc0000 - 0x00007ffbc2fca000 	C:\Windows\SYSTEM32\VERSION.dll
0x00007ffbce4e0000 - 0x00007ffbce4f3000 	C:\Windows\SYSTEM32\UMPDC.dll
0x00007ffbcd8b0000 - 0x00007ffbcd8c8000 	C:\Windows\SYSTEM32\kernel.appcore.dll
0x00007ffbb8580000 - 0x00007ffbb858a000 	C:\Users\NickS\.jdks\corretto-21.0.1\bin\jimage.dll
0x00007ffbc65b0000 - 0x00007ffbc67d1000 	C:\Windows\SYSTEM32\DBGHELP.DLL
0x00007ffbc6570000 - 0x00007ffbc65a1000 	C:\Windows\SYSTEM32\dbgcore.DLL
0x00007ffbcec60000 - 0x00007ffbcecdf000 	C:\Windows\System32\bcryptPrimitives.dll
0x00007ffbcb5c0000 - 0x00007ffbcb5ce000 	C:\Users\NickS\.jdks\corretto-21.0.1\bin\instrument.dll
0x00007ffb8c470000 - 0x00007ffb8c48f000 	C:\Users\NickS\.jdks\corretto-21.0.1\bin\java.dll
0x00007ffbd0a20000 - 0x00007ffbd11e5000 	C:\Windows\System32\SHELL32.dll
0x00007ffbcc8a0000 - 0x00007ffbcd102000 	C:\Windows\SYSTEM32\windows.storage.dll
0x00007ffbcfb50000 - 0x00007ffbcfec6000 	C:\Windows\System32\combase.dll
0x00007ffbcc730000 - 0x00007ffbcc897000 	C:\Windows\SYSTEM32\wintypes.dll
0x00007ffbd0000000 - 0x00007ffbd00ea000 	C:\Windows\System32\SHCORE.dll
0x00007ffbcf190000 - 0x00007ffbcf1ed000 	C:\Windows\System32\shlwapi.dll
0x00007ffbce700000 - 0x00007ffbce725000 	C:\Windows\SYSTEM32\profapi.dll
0x00007ffb73e50000 - 0x00007ffb73f27000 	C:\Users\NickS\.jdks\corretto-21.0.1\bin\jsvml.dll
0x00007ffbb4420000 - 0x00007ffbb4430000 	C:\Users\NickS\.jdks\corretto-21.0.1\bin\net.dll
0x00007ffbc96c0000 - 0x00007ffbc97d4000 	C:\Windows\SYSTEM32\WINHTTP.dll
0x00007ffbcdd60000 - 0x00007ffbcddc7000 	C:\Windows\system32\mswsock.dll
0x00007ffb8c450000 - 0x00007ffb8c466000 	C:\Users\NickS\.jdks\corretto-21.0.1\bin\nio.dll
0x00007ffb878f0000 - 0x00007ffb87908000 	C:\Users\NickS\.jdks\corretto-21.0.1\bin\zip.dll
0x00007ffbbe6c0000 - 0x00007ffbbe6da000 	C:\Program Files\JetBrains\IntelliJ IDEA Community Edition 2023.2.4\bin\breakgen64.dll
0x000002219f090000 - 0x000002219f093000 	C:\Users\NickS\.openjfx\cache\21-ea+null\amd64\api-ms-win-core-console-l1-1-0.dll
0x00000221a0fe0000 - 0x00000221a0fe3000 	C:\Users\NickS\.openjfx\cache\21-ea+null\amd64\api-ms-win-core-console-l1-2-0.dll
0x00000221a0ff0000 - 0x00000221a0ff3000 	C:\Users\NickS\.openjfx\cache\21-ea+null\amd64\api-ms-win-core-datetime-l1-1-0.dll
0x00000221a1000000 - 0x00000221a1003000 	C:\Users\NickS\.openjfx\cache\21-ea+null\amd64\api-ms-win-core-debug-l1-1-0.dll
0x00000221a1010000 - 0x00000221a1013000 	C:\Users\NickS\.openjfx\cache\21-ea+null\amd64\api-ms-win-core-errorhandling-l1-1-0.dll
0x00000221a1020000 - 0x00000221a1024000 	C:\Users\NickS\.openjfx\cache\21-ea+null\amd64\api-ms-win-core-file-l1-1-0.dll
0x00000221a1030000 - 0x00000221a1033000 	C:\Users\NickS\.openjfx\cache\21-ea+null\amd64\api-ms-win-core-file-l1-2-0.dll
0x00000221a1040000 - 0x00000221a1043000 	C:\Users\NickS\.openjfx\cache\21-ea+null\amd64\api-ms-win-core-file-l2-1-0.dll
0x00000221bd8c0000 - 0x00000221bd8c3000 	C:\Users\NickS\.openjfx\cache\21-ea+null\amd64\api-ms-win-core-handle-l1-1-0.dll
0x00000221bd8d0000 - 0x00000221bd8d3000 	C:\Users\NickS\.openjfx\cache\21-ea+null\amd64\api-ms-win-core-heap-l1-1-0.dll
0x00000221bd8e0000 - 0x00000221bd8e3000 	C:\Users\NickS\.openjfx\cache\21-ea+null\amd64\api-ms-win-core-interlocked-l1-1-0.dll
0x00000221bd8f0000 - 0x00000221bd8f3000 	C:\Users\NickS\.openjfx\cache\21-ea+null\amd64\api-ms-win-core-libraryloader-l1-1-0.dll
0x00000221bd900000 - 0x00000221bd903000 	C:\Users\NickS\.openjfx\cache\21-ea+null\amd64\api-ms-win-core-localization-l1-2-0.dll
0x00000221bd910000 - 0x00000221bd913000 	C:\Users\NickS\.openjfx\cache\21-ea+null\amd64\api-ms-win-core-memory-l1-1-0.dll
0x00000221bd920000 - 0x00000221bd923000 	C:\Users\NickS\.openjfx\cache\21-ea+null\amd64\api-ms-win-core-namedpipe-l1-1-0.dll
0x00000221bd930000 - 0x00000221bd933000 	C:\Users\NickS\.openjfx\cache\21-ea+null\amd64\api-ms-win-core-processenvironment-l1-1-0.dll
0x00000221bd940000 - 0x00000221bd943000 	C:\Users\NickS\.openjfx\cache\21-ea+null\amd64\api-ms-win-core-processthreads-l1-1-0.dll
0x00000221bd950000 - 0x00000221bd953000 	C:\Users\NickS\.openjfx\cache\21-ea+null\amd64\api-ms-win-core-processthreads-l1-1-1.dll
0x00000221bd960000 - 0x00000221bd963000 	C:\Users\NickS\.openjfx\cache\21-ea+null\amd64\api-ms-win-core-profile-l1-1-0.dll
0x00000221bd970000 - 0x00000221bd973000 	C:\Users\NickS\.openjfx\cache\21-ea+null\amd64\api-ms-win-core-rtlsupport-l1-1-0.dll
0x00000221bd980000 - 0x00000221bd983000 	C:\Users\NickS\.openjfx\cache\21-ea+null\amd64\api-ms-win-core-string-l1-1-0.dll
0x00000221bd990000 - 0x00000221bd993000 	C:\Users\NickS\.openjfx\cache\21-ea+null\amd64\api-ms-win-core-synch-l1-1-0.dll
0x00000221bd9a0000 - 0x00000221bd9a3000 	C:\Users\NickS\.openjfx\cache\21-ea+null\amd64\api-ms-win-core-synch-l1-2-0.dll
0x00000221bd9b0000 - 0x00000221bd9b3000 	C:\Users\NickS\.openjfx\cache\21-ea+null\amd64\api-ms-win-core-sysinfo-l1-1-0.dll
0x00000221bd9c0000 - 0x00000221bd9c3000 	C:\Users\NickS\.openjfx\cache\21-ea+null\amd64\api-ms-win-core-timezone-l1-1-0.dll
0x00000221bd9d0000 - 0x00000221bd9d3000 	C:\Users\NickS\.openjfx\cache\21-ea+null\amd64\api-ms-win-core-util-l1-1-0.dll
0x00000221bd9e0000 - 0x00000221bd9e3000 	C:\Users\NickS\.openjfx\cache\21-ea+null\amd64\api-ms-win-crt-conio-l1-1-0.dll
0x00000221bd9f0000 - 0x00000221bd9f4000 	C:\Users\NickS\.openjfx\cache\21-ea+null\amd64\api-ms-win-crt-convert-l1-1-0.dll
0x00000221bda00000 - 0x00000221bda03000 	C:\Users\NickS\.openjfx\cache\21-ea+null\amd64\api-ms-win-crt-environment-l1-1-0.dll
0x00000221bda10000 - 0x00000221bda13000 	C:\Users\NickS\.openjfx\cache\21-ea+null\amd64\api-ms-win-crt-filesystem-l1-1-0.dll
0x00000221bda20000 - 0x00000221bda23000 	C:\Users\NickS\.openjfx\cache\21-ea+null\amd64\api-ms-win-crt-heap-l1-1-0.dll
0x00000221bda30000 - 0x00000221bda33000 	C:\Users\NickS\.openjfx\cache\21-ea+null\amd64\api-ms-win-crt-locale-l1-1-0.dll
0x00000221bda40000 - 0x00000221bda45000 	C:\Users\NickS\.openjfx\cache\21-ea+null\amd64\api-ms-win-crt-math-l1-1-0.dll
0x00000221bda50000 - 0x00000221bda55000 	C:\Users\NickS\.openjfx\cache\21-ea+null\amd64\api-ms-win-crt-multibyte-l1-1-0.dll
0x00000221bda60000 - 0x00000221bda70000 	C:\Users\NickS\.openjfx\cache\21-ea+null\amd64\api-ms-win-crt-private-l1-1-0.dll
0x00000221bda70000 - 0x00000221bda73000 	C:\Users\NickS\.openjfx\cache\21-ea+null\amd64\api-ms-win-crt-process-l1-1-0.dll
0x00000221bda80000 - 0x00000221bda84000 	C:\Users\NickS\.openjfx\cache\21-ea+null\amd64\api-ms-win-crt-runtime-l1-1-0.dll
0x00000221bda90000 - 0x00000221bda94000 	C:\Users\NickS\.openjfx\cache\21-ea+null\amd64\api-ms-win-crt-stdio-l1-1-0.dll
0x00000221bdaa0000 - 0x00000221bdaa4000 	C:\Users\NickS\.openjfx\cache\21-ea+null\amd64\api-ms-win-crt-string-l1-1-0.dll
0x00000221bdab0000 - 0x00000221bdab3000 	C:\Users\NickS\.openjfx\cache\21-ea+null\amd64\api-ms-win-crt-time-l1-1-0.dll
0x00000221bdac0000 - 0x00000221bdac3000 	C:\Users\NickS\.openjfx\cache\21-ea+null\amd64\api-ms-win-crt-utility-l1-1-0.dll
0x00007ffb6e070000 - 0x00007ffb6e16c000 	C:\Users\NickS\.openjfx\cache\21-ea+null\amd64\ucrtbase.dll
0x00007ffb98010000 - 0x00007ffb9802b000 	C:\Users\NickS\.openjfx\cache\21-ea+null\amd64\vcruntime140.dll
0x00007ffb98000000 - 0x00007ffb9800c000 	C:\Users\NickS\.openjfx\cache\21-ea+null\amd64\vcruntime140_1.dll
0x00007ffb73dc0000 - 0x00007ffb73e4e000 	C:\Users\NickS\.openjfx\cache\21-ea+null\amd64\msvcp140.dll
0x00007ffbd05f0000 - 0x00007ffbd078a000 	C:\Windows\System32\ole32.dll
0x00007ffb97270000 - 0x00007ffb97279000 	C:\Users\NickS\.openjfx\cache\21-ea+null\amd64\msvcp140_1.dll
0x00007ffb7acb0000 - 0x00007ffb7acdf000 	C:\Users\NickS\.openjfx\cache\21-ea+null\amd64\msvcp140_2.dll
0x00007ffb75560000 - 0x00007ffb7558f000 	C:\Users\NickS\.openjfx\cache\21-ea+null\amd64\prism_d3d.dll
0x00007ffbb5d40000 - 0x00007ffbb5ee6000 	C:\Windows\system32\d3d9.dll
0x00007ffbcc100000 - 0x00007ffbcc12f000 	C:\Windows\SYSTEM32\dwmapi.dll
0x00007ffbcbf80000 - 0x00007ffbcbfb8000 	C:\Windows\SYSTEM32\dxcore.dll
0x00007ffbcbe60000 - 0x00007ffbcbf0c000 	C:\Windows\system32\uxtheme.dll
0x00007ffba9a00000 - 0x00007ffba9b65000 	C:\Windows\System32\DriverStore\FileRepository\iigd_dch.inf_amd64_5dc1a2977f07512e\igdumdim64.dll
0x00007ffb7df70000 - 0x00007ffb81bfb000 	C:\Windows\System32\DriverStore\FileRepository\iigd_dch.inf_amd64_5dc1a2977f07512e\igd9dxva64.dll
0x00007ffbcf9b0000 - 0x00007ffbcfa86000 	C:\Windows\System32\OLEAUT32.dll
0x00007ffbd0170000 - 0x00007ffbd05e2000 	C:\Windows\System32\SETUPAPI.dll
0x00007ffbce450000 - 0x00007ffbce49c000 	C:\Windows\SYSTEM32\cfgmgr32.dll
0x00007ffbc6f20000 - 0x00007ffbc7256000 	C:\Windows\System32\DriverStore\FileRepository\iigd_dch.inf_amd64_5dc1a2977f07512e\igdgmm64.dll
0x00007ffbca5f0000 - 0x00007ffbca634000 	C:\Windows\SYSTEM32\directxdatabasehelper.dll
0x00007ffbcd8d0000 - 0x00007ffbcd904000 	C:\Windows\SYSTEM32\ntmarta.dll
0x00007ffb725b0000 - 0x00007ffb725f2000 	C:\Users\NickS\.openjfx\cache\21-ea+null\amd64\glass.dll
0x00007ffbd1210000 - 0x00007ffbd12fc000 	C:\Windows\System32\COMDLG32.dll
0x00007ffb81d00000 - 0x00007ffb81d5e000 	C:\Program Files\Huawei\PCManager\plugins\PerfWndMonModule.dll
0x00007ffbd0790000 - 0x00007ffbd08ad000 	C:\Windows\System32\MSCTF.dll
0x00007ffb84f60000 - 0x00007ffb84f87000 	C:\Windows\System32\DriverStore\FileRepository\iigd_dch.inf_amd64_5dc1a2977f07512e\igdinfo64.dll
0x00007ffbc0080000 - 0x00007ffbc2e0f000 	C:\Windows\System32\DriverStore\FileRepository\iigd_dch.inf_amd64_5dc1a2977f07512e\igc64.dll
0x00007ffb75530000 - 0x00007ffb7555d000 	C:\Users\NickS\.openjfx\cache\21-ea+null\amd64\javafx_iio.dll
0x00007ffb86ce0000 - 0x00007ffb86cf4000 	C:\Users\NickS\.openjfx\cache\21-ea+null\amd64\javafx_font.dll
0x00007ffbb82b0000 - 0x00007ffbb850f000 	C:\Windows\SYSTEM32\dwrite.dll
0x00007ffbd0970000 - 0x00007ffbd0a1f000 	C:\Windows\System32\clbcatq.dll
0x00007ffbc8b60000 - 0x00007ffbc8d0e000 	C:\Windows\SYSTEM32\WindowsCodecs.dll
0x00007ffbb6880000 - 0x00007ffbb68dd000 	C:\Windows\system32\dataexchange.dll
0x00007ffbc8450000 - 0x00007ffbc86b5000 	C:\Windows\system32\twinapi.appcore.dll
0x00007ffb719b0000 - 0x00007ffb719e2000 	C:\Program Files\Common Files\Microsoft Shared\Ink\rtscom.dll
0x00007ffba7660000 - 0x00007ffba778c000 	C:\Windows\SYSTEM32\textinputframework.dll
0x00007ffbcb9f0000 - 0x00007ffbcbb21000 	C:\Windows\SYSTEM32\CoreMessaging.dll
0x00007ffbc9cd0000 - 0x00007ffbca03d000 	C:\Windows\SYSTEM32\CoreUIComponents.dll
0x00007ffbcdfc0000 - 0x00007ffbcdfcc000 	C:\Windows\SYSTEM32\CRYPTBASE.DLL

dbghelp: loaded successfully - version: 4.0.5 - missing functions: none
symbol engine: initialized successfully - sym options: 0x614 - pdb path: .;C:\Users\NickS\.jdks\corretto-21.0.1\bin;C:\Windows\SYSTEM32;C:\Windows\WinSxS\amd64_microsoft.windows.common-controls_6595b64144ccf1df_6.0.22000.120_none_9d947278b86cc467;C:\Users\NickS\.jdks\corretto-21.0.1\bin\server;C:\Program Files\JetBrains\IntelliJ IDEA Community Edition 2023.2.4\bin;C:\Users\NickS\.openjfx\cache\21-ea+null\amd64;C:\Windows\System32\DriverStore\FileRepository\iigd_dch.inf_amd64_5dc1a2977f07512e;C:\Program Files\Huawei\PCManager\plugins;C:\Program Files\Common Files\Microsoft Shared\Ink

VM Arguments:
jvm_args: -javaagent:C:\Program Files\JetBrains\IntelliJ IDEA Community Edition 2023.2.4\lib\idea_rt.jar=56165:C:\Program Files\JetBrains\IntelliJ IDEA Community Edition 2023.2.4\bin -Dfile.encoding=UTF-8 -Dsun.stdout.encoding=UTF-8 -Dsun.stderr.encoding=UTF-8 --module-path=C:\Users\NickS\OneDrive\Рабочий стол\thrthehrhjyj\target\classes;C:\Users\NickS\.m2\repository\org\openjfx\javafx-graphics\21-ea+24\javafx-graphics-21-ea+24-win.jar;C:\Users\NickS\.m2\repository\org\openjfx\javafx-controls\21-ea+24\javafx-controls-21-ea+24-win.jar;C:\Users\NickS\.m2\repository\org\openjfx\javafx-base\21-ea+24\javafx-base-21-ea+24-win.jar;C:\Users\NickS\.m2\repository\org\openjfx\javafx-fxml\21-ea+24\javafx-fxml-21-ea+24-win.jar -Djdk.module.main=com.example.thrthehrhjyj 
java_command: com.example.thrthehrhjyj/com.example.thrthehrhjyj.HelloApplication
java_class_path (initial): C:\Users\NickS\.m2\repository\org\openjfx\javafx-controls\21-ea+24\javafx-controls-21-ea+24.jar;C:\Users\NickS\.m2\repository\org\openjfx\javafx-graphics\21-ea+24\javafx-graphics-21-ea+24.jar;C:\Users\NickS\.m2\repository\org\openjfx\javafx-base\21-ea+24\javafx-base-21-ea+24.jar;C:\Users\NickS\.m2\repository\org\openjfx\javafx-fxml\21-ea+24\javafx-fxml-21-ea+24.jar;C:\Users\NickS\OneDrive\Рабочий стол\bbbb\mysql-connector-j-8.3.0\mysql-connector-j-8.3.0.jar
Launcher Type: SUN_STANDARD

[Global flags]
     intx CICompilerCount                          = 3                                         {product} {ergonomic}
     uint ConcGCThreads                            = 1                                         {product} {ergonomic}
     uint G1ConcRefinementThreads                  = 4                                         {product} {ergonomic}
   size_t G1HeapRegionSize                         = 1048576                                   {product} {ergonomic}
    uintx GCDrainStackTargetSize                   = 64                                        {product} {ergonomic}
   size_t InitialHeapSize                          = 132120576                                 {product} {ergonomic}
   size_t MarkStackSize                            = 4194304                                   {product} {ergonomic}
   size_t MaxHeapSize                              = 2095054848                                {product} {ergonomic}
   size_t MaxNewSize                               = 1256194048                                {product} {ergonomic}
   size_t MinHeapDeltaBytes                        = 1048576                                   {product} {ergonomic}
   size_t MinHeapSize                              = 8388608                                   {product} {ergonomic}
    uintx NonNMethodCodeHeapSize                   = 5832780                                {pd product} {ergonomic}
    uintx NonProfiledCodeHeapSize                  = 122912730                              {pd product} {ergonomic}
    uintx ProfiledCodeHeapSize                     = 122912730                              {pd product} {ergonomic}
    uintx ReservedCodeCacheSize                    = 251658240                              {pd product} {ergonomic}
     bool SegmentedCodeCache                       = true                                      {product} {ergonomic}
   size_t SoftMaxHeapSize                          = 2095054848                             {manageable} {ergonomic}
     bool UseCompressedOops                        = true                           {product lp64_product} {ergonomic}
     bool UseG1GC                                  = true                                      {product} {ergonomic}
     bool UseLargePagesIndividualAllocation        = false                                  {pd product} {ergonomic}

Logging:
Log output configuration:
 #0: stdout all=off uptime,level,tags foldmultilines=false
 #1: stderr all=off uptime,level,tags foldmultilines=false

Environment Variables:
PATH=C:\Program Files\Common Files\Oracle\Java\javapath;C:\Program Files (x86)\Common Files\Oracle\Java\javapath;C:\Windows\System32\HWAudioDriverLibs;C:\Windows\system32;C:\Windows;C:\Windows\System32\Wbem;C:\Windows\System32\WindowsPowerShell\v1.0\;C:\Windows\System32\OpenSSH\;C:\Users\Administrator\AppData\Local\Microsoft\WindowsApps;C:\Users\NickS\scoop\apps\composer\current\home\vendor\bin;C:\Users\NickS\scoop\shims;C:\Users\NickS\AppData\Local\Microsoft\WindowsApps
USERNAME=NickS
OS=Windows_NT
PROCESSOR_IDENTIFIER=Intel64 Family 6 Model 140 Stepping 1, GenuineIntel
TMP=C:\Users\NickS\AppData\Local\Temp
TEMP=C:\Users\NickS\AppData\Local\Temp




Periodic native trim disabled

---------------  S Y S T E M  ---------------

OS:
 Windows 11 , 64 bit Build 22000 (10.0.22000.2538)
OS uptime: 4 days 4:41 hours

CPU: total 4 (initial active 4) (2 cores per cpu, 2 threads per core) family 6 model 140 stepping 1 microcode 0x8a, cx8, cmov, fxsr, ht, mmx, 3dnowpref, sse, sse2, sse3, ssse3, sse4.1, sse4.2, popcnt, lzcnt, tsc, tscinvbit, avx, avx2, aes, erms, clmul, bmi1, bmi2, adx, avx512f, avx512dq, avx512cd, avx512bw, avx512vl, sha, fma, vzeroupper, avx512_vpopcntdq, avx512_vpclmulqdq, avx512_vaes, avx512_vnni, clflush, clflushopt, clwb, avx512_vbmi2, avx512_vbmi, rdtscp, rdpid, fsrm, gfni, avx512_bitalg, f16c, pku, cet_ibt, cet_ss, avx512_ifma
Processor Information for processor 0
  Max Mhz: 2995, Current Mhz: 2995, Mhz Limit: 2995
Processor Information for processor 1
  Max Mhz: 2995, Current Mhz: 998, Mhz Limit: 2995
Processor Information for processor 2
  Max Mhz: 2995, Current Mhz: 2995, Mhz Limit: 2995
Processor Information for processor 3
  Max Mhz: 2995, Current Mhz: 2995, Mhz Limit: 2995

Memory: 4k page, system-wide physical 7991M (934M free)
TotalPageFile size 13367M (AvailPageFile size 1923M)
current process WorkingSet (physical memory assigned to process): 308M, peak: 332M
current process commit charge ("private bytes"): 365M, peak: 390M

vm_info: OpenJDK 64-Bit Server VM (21.0.1+12-LTS) for windows-amd64 JRE (21.0.1+12-LTS), built on 2023-10-12T03:52:47Z by "Administrator" with MS VC++ 16.10 / 16.11 (VS2019)

END.
