#
# A fatal error has been detected by the Java Runtime Environment:
#
#  EXCEPTION_ACCESS_VIOLATION (0xc0000005) at pc=0x00007ffe05576587, pid=3140, tid=10688
#
# JRE version: OpenJDK Runtime Environment Corretto-21.0.1.12.1 (21.0.1+12) (build 21.0.1+12-LTS)
# Java VM: OpenJDK 64-Bit Server VM Corretto-21.0.1.12.1 (21.0.1+12-LTS, mixed mode, sharing, tiered, compressed oops, compressed class ptrs, g1 gc, windows-amd64)
# Problematic frame:
# C  [glass.dll+0x26587]
#
# No core dump will be written. Minidumps are not enabled by default on client versions of Windows
#
# If you would like to submit a bug report, please visit:
#   https://github.com/corretto/corretto-21/issues/
#

---------------  S U M M A R Y ------------

Command Line: -javaagent:C:\Program Files\JetBrains\IntelliJ IDEA Community Edition 2023.2.4\lib\idea_rt.jar=60186:C:\Program Files\JetBrains\IntelliJ IDEA Community Edition 2023.2.4\bin -Dfile.encoding=UTF-8 -Dsun.stdout.encoding=UTF-8 -Dsun.stderr.encoding=UTF-8 --module-path=C:\Users\NickS\.m2\repository\org\openjfx\javafx-controls\21-ea+24\javafx-controls-21-ea+24-win.jar;C:\Users\NickS\.m2\repository\org\openjfx\javafx-graphics\21-ea+24\javafx-graphics-21-ea+24-win.jar;C:\Users\NickS\.m2\repository\org\openjfx\javafx-base\21-ea+24\javafx-base-21-ea+24-win.jar;C:\Users\NickS\OneDrive\Рабочий стол\thrthehrhjyj\target\classes;C:\Users\NickS\.m2\repository\org\openjfx\javafx-fxml\21-ea+24\javafx-fxml-21-ea+24-win.jar -Djdk.module.main=com.example.thrthehrhjyj com.example.thrthehrhjyj/com.example.thrthehrhjyj.HelloApplication

Host: 11th Gen Intel(R) Core(TM) i3-1115G4 @ 3.00GHz, 4 cores, 7G,  Windows 11 , 64 bit Build 22000 (10.0.22000.2538)
Time: Thu Mar 21 19:03:45 2024 RTZ 2 (s 11 , 64 bit Build 22000 (10.0.22000.2538) elapsed time: 74.989762 seconds (0d 0h 1m 14s)

---------------  T H R E A D  ---------------

Current thread (0x0000019d70f81c60):  VMThread "VM Thread"          [id=10688, stack(0x00000031c9e00000,0x00000031c9f00000) (1024K)]

Stack: [0x00000031c9e00000,0x00000031c9f00000],  sp=0x00000031c9efed10,  free space=1019k
Native frames: (J=compiled Java code, j=interpreted, Vv=VM code, C=native code)
C  [glass.dll+0x26587]


siginfo: EXCEPTION_ACCESS_VIOLATION (0xc0000005), reading address 0x0000000000000000


Registers:
RAX=0x0000000000000000, RBX=0x0000019d70f878da, RCX=0x0000019d70f81c60, RDX=0x00000031c9efed10
RSP=0x00000031c9efed10, RBP=0x0000019d76130578, RSI=0x0000019d76130550, RDI=0x0000b72e909300de
R8 =0x0000000000010002, R9 =0x0000b72e909300de, R10=0x85f13e9656da4870, R11=0x00000031c9efeca0
R12=0x00007ffe05573ed0, R13=0x00007ffddcb85410, R14=0x00000031c9efee18, R15=0x0000019d76130550
RIP=0x00007ffe05576587, EFLAGS=0x0000000000010202


Register to memory mapping:

RAX=0x0 is null
RBX=0x0000019d70f878da is a global jni handle
RCX=0x0000019d70f81c60 points into unknown readable memory: 0x00007ffddc9866f0 | f0 66 98 dc fd 7f 00 00
RDX=0x00000031c9efed10 points into unknown readable memory: 0x0000000000000000 | 00 00 00 00 00 00 00 00
RSP=0x00000031c9efed10 points into unknown readable memory: 0x0000000000000000 | 00 00 00 00 00 00 00 00
RBP=0x0000019d76130578 points into unknown readable memory: 0x0000b72e909300de | de 00 93 90 2e b7 00 00
RSI=0x0000019d76130550 points into unknown readable memory: 0x8155795490931f21 | 21 1f 93 90 54 79 55 81
RDI=0x0000b72e909300de is an unknown value
R8 =0x0000000000010002 is an unknown value
R9 =0x0000b72e909300de is an unknown value
R10=0x85f13e9656da4870 is an unknown value
R11=0x00000031c9efeca0 points into unknown readable memory: 0x0000019d76130550 | 50 05 13 76 9d 01 00 00
R12=0x00007ffe05573ed0 glass.dll
R13=0x00007ffddcb85410 jvm.dll
R14=0x00000031c9efee18 points into unknown readable memory: 0x00000031c9efee00 | 00 ee ef c9 31 00 00 00
R15=0x0000019d76130550 points into unknown readable memory: 0x8155795490931f21 | 21 1f 93 90 54 79 55 81

Top of Stack: (sp=0x00000031c9efed10)
0x00000031c9efed10:   0000000000000000 0000019d76130550
0x00000031c9efed20:   00007ffddcb85410 00007ffe05573ed0
0x00000031c9efed30:   0000019d76130558 00007ffe3cc3bea0
0x00000031c9efed40:   0000b72e909300de 0000019d00000000
0x00000031c9efed50:   0000019d76130578 0000019d76130550
0x00000031c9efed60:   fffffffffffffffe 0000000000000000
0x00000031c9efed70:   0000000000000001 00007ffe05550000
0x00000031c9efed80:   00000031c9efee08 00007ffe3cc3bdb7
0x00000031c9efed90:   0000000000000000 00000031c9efee18
0x00000031c9efeda0:   00000031c9eff100 00007ffe3cd212b0
0x00000031c9efedb0:   0000000000000001 00007ffe3cc3bd6d
0x00000031c9efedc0:   0000000000000000 0000000000000001
0x00000031c9efedd0:   0000000000000000 00000031c9efee08
0x00000031c9efede0:   fffffffffffffffe 00000031c9eff100
0x00000031c9efedf0:   0000000000000000 00007ffe05573d5d
0x00000031c9efee00:   00007ffe0558a008 00007ffd00000002
0x00000031c9efee10:   0000000000000002 00000031c9efee00
0x00000031c9efee20:   0000000000000000 00007ffe3f6ffec3
0x00000031c9efee30:   0000000000000000 00007ffe05573e82
0x00000031c9efee40:   0000000000000001 0000000000000001
0x00000031c9efee50:   0000000000000000 00007ffe3cd212b0
0x00000031c9efee60:   0000000000000001 00007ffe3c3c2223
0x00000031c9efee70:   00007ffe00000001 0000000000000000
0x00000031c9efee80:   00007ffe05550000 000000007ffe0384
0x00000031c9efee90:   0000000000000000 00007ffe3f6fff57
0x00000031c9efeea0:   00007ffe05550000 0000000000000000
0x00000031c9efeeb0:   0000000000000001 000000007ffe0385
0x00000031c9efeec0:   00007ffe3f7f0e20 00007ffe30e7b2f0
0x00000031c9efeed0:   000017e2a42ec400 00007ffe2fea0000
0x00000031c9efeee0:   00007ffe05573ed0 0000000000000000
0x00000031c9efeef0:   0000000000000000 00000031c9389000
0x00000031c9efef00:   0000019d7173ef30 00007ffe3f71458a 

Instructions: (pc=0x00007ffe05576587)
0x00007ffe05576487:   8b 4d 58 e8 8d cf ff ff 48 8b 4d 60 e8 84 cf ff
0x00007ffe05576497:   ff 48 8b 95 80 00 00 00 48 8b 8d 18 01 00 00 e8
0x00007ffe055764a7:   76 c4 ff ff 33 d2 33 c9 e8 cc e1 ff ff 90 48 89
0x00007ffe055764b7:   54 24 10 55 48 83 ec 20 48 8b ea 48 b8 00 00 00
0x00007ffe055764c7:   00 00 00 00 00 48 83 c4 20 5d c3 cc 40 55 48 8b
0x00007ffe055764d7:   ea 48 8b 01 33 c9 81 38 05 00 00 c0 0f 94 c1 8b
0x00007ffe055764e7:   c1 5d c3 cc 40 55 48 83 ec 20 48 8b ea 8a 4d 40
0x00007ffe055764f7:   48 83 c4 20 5d e9 73 d3 ff ff cc 40 55 48 83 ec
0x00007ffe05576507:   20 48 8b ea 8a 4d 20 e8 61 d3 ff ff 90 48 83 c4
0x00007ffe05576517:   20 5d c3 cc 40 55 48 83 ec 20 48 8b ea 48 83 c4
0x00007ffe05576527:   20 5d e9 c2 d1 ff ff cc 40 55 48 83 ec 30 48 8b
0x00007ffe05576537:   ea 48 8b 01 8b 10 48 89 4c 24 28 89 54 24 20 4c
0x00007ffe05576547:   8d 0d 63 d6 ff ff 4c 8b 45 70 8b 55 68 48 8b 4d
0x00007ffe05576557:   60 e8 03 d1 ff ff 90 48 83 c4 30 5d c3 cc cc cc
0x00007ffe05576567:   cc cc cc cc cc cc cc cc cc 40 53 48 83 ec 20 48
0x00007ffe05576577:   8b 1d 8b 34 01 00 48 85 db 74 16 e8 89 8f ff ff
0x00007ffe05576587:   4c 8b 00 48 8b d3 48 8b c8 41 ff 90 b0 00 00 00
0x00007ffe05576597:   90 48 83 c4 20 5b c3 cc cc 40 53 48 83 ec 20 48
0x00007ffe055765a7:   8b 1d fb 35 01 00 48 85 db 74 57 b8 ff ff ff ff
0x00007ffe055765b7:   f0 0f c1 43 10 83 f8 01 75 3d 48 85 db 74 38 48
0x00007ffe055765c7:   8b 0b 48 85 c9 74 0d ff 15 d4 0c 00 00 48 c7 03
0x00007ffe055765d7:   00 00 00 00 48 8b 4b 08 48 85 c9 74 0d e8 33 ce
0x00007ffe055765e7:   ff ff 48 c7 43 08 00 00 00 00 ba 18 00 00 00 48
0x00007ffe055765f7:   8b cb e8 1e ce ff ff 48 c7 05 9f 35 01 00 00 00
0x00007ffe05576607:   00 00 48 83 c4 20 5b c3 cc 40 53 48 83 ec 20 48
0x00007ffe05576617:   8b 1d 6b 35 01 00 48 85 db 74 57 b8 ff ff ff ff
0x00007ffe05576627:   f0 0f c1 43 10 83 f8 01 75 3d 48 85 db 74 38 48
0x00007ffe05576637:   8b 0b 48 85 c9 74 0d ff 15 64 0c 00 00 48 c7 03
0x00007ffe05576647:   00 00 00 00 48 8b 4b 08 48 85 c9 74 0d e8 c3 cd
0x00007ffe05576657:   ff ff 48 c7 43 08 00 00 00 00 ba 18 00 00 00 48
0x00007ffe05576667:   8b cb e8 ae cd ff ff 48 c7 05 0f 35 01 00 00 00
0x00007ffe05576677:   00 00 48 83 c4 20 5b c3 cc 40 53 48 83 ec 20 48 


Stack slot to memory mapping:

stack at sp + 0 slots: 0x0 is null
stack at sp + 1 slots: 0x0000019d76130550 points into unknown readable memory: 0x8155795490931f21 | 21 1f 93 90 54 79 55 81
stack at sp + 2 slots: 0x00007ffddcb85410 jvm.dll
stack at sp + 3 slots: 0x00007ffe05573ed0 glass.dll
stack at sp + 4 slots: 0x0000019d76130558 points into unknown readable memory: 0x0000b72e909300de | de 00 93 90 2e b7 00 00
stack at sp + 5 slots: 0x00007ffe3cc3bea0 ucrtbase.dll
stack at sp + 6 slots: 0x0000b72e909300de is an unknown value
stack at sp + 7 slots: 0x0000019d00000000 is pointing into metadata

VM_Operation (0x00000031c95fecb0): Exit, mode: safepoint, requested by thread 0x0000019d76933250


---------------  P R O C E S S  ---------------

Threads class SMR info:
_java_thread_list=0x0000019d7dec5ff0, length=19, elements={
0x0000019d52d95bc0, 0x0000019d70fa39c0, 0x0000019d70fa4a90, 0x0000019d70fab690,
0x0000019d70fac220, 0x0000019d70fadff0, 0x0000019d70fb1cc0, 0x0000019d70fb6f00,
0x0000019d711c9fa0, 0x0000019d71a254d0, 0x0000019d714c6510, 0x0000019d768b7280,
0x0000019d76631740, 0x0000019d766371f0, 0x0000019d76290a20, 0x0000019d76291090,
0x0000019d769359b0, 0x0000019d76936040, 0x0000019d76933250
}

Java Threads: ( => current thread )
  0x0000019d52d95bc0 JavaThread "main"                              [_thread_blocked, id=17572, stack(0x00000031c9700000,0x00000031c9800000) (1024K)]
  0x0000019d70fa39c0 JavaThread "Reference Handler"          daemon [_thread_blocked, id=6428, stack(0x00000031ca000000,0x00000031ca100000) (1024K)]
  0x0000019d70fa4a90 JavaThread "Finalizer"                  daemon [_thread_blocked, id=2220, stack(0x00000031ca100000,0x00000031ca200000) (1024K)]
  0x0000019d70fab690 JavaThread "Attach Listener"            daemon [_thread_blocked, id=3352, stack(0x00000031ca300000,0x00000031ca400000) (1024K)]
  0x0000019d70fac220 JavaThread "Service Thread"             daemon [_thread_blocked, id=16980, stack(0x00000031ca400000,0x00000031ca500000) (1024K)]
  0x0000019d70fadff0 JavaThread "Monitor Deflation Thread"   daemon [_thread_blocked, id=13400, stack(0x00000031ca500000,0x00000031ca600000) (1024K)]
  0x0000019d70fb1cc0 JavaThread "C2 CompilerThread0"         daemon [_thread_blocked, id=8960, stack(0x00000031ca600000,0x00000031ca700000) (1024K)]
  0x0000019d70fb6f00 JavaThread "C1 CompilerThread0"         daemon [_thread_blocked, id=11240, stack(0x00000031ca700000,0x00000031ca800000) (1024K)]
  0x0000019d711c9fa0 JavaThread "Common-Cleaner"             daemon [_thread_blocked, id=15452, stack(0x00000031ca800000,0x00000031ca900000) (1024K)]
  0x0000019d71a254d0 JavaThread "Monitor Ctrl-Break"         daemon [_thread_in_native, id=3808, stack(0x00000031caa00000,0x00000031cab00000) (1024K)]
  0x0000019d714c6510 JavaThread "Notification Thread"        daemon [_thread_blocked, id=5084, stack(0x00000031cab00000,0x00000031cac00000) (1024K)]
  0x0000019d768b7280 JavaThread "QuantumRenderer-0"          daemon [_thread_blocked, id=10020, stack(0x00000031caf00000,0x00000031cb000000) (1024K)]
  0x0000019d76631740 JavaThread "InvokeLaterDispatcher"      daemon [_thread_blocked, id=2664, stack(0x00000031cb000000,0x00000031cb100000) (1024K)]
  0x0000019d766371f0 JavaThread "JavaFX Application Thread"         [_thread_in_native, id=8548, stack(0x00000031cb100000,0x00000031cb200000) (1024K)]
  0x0000019d76290a20 JavaThread "JavaFX-Launcher"                   [_thread_blocked, id=11528, stack(0x00000031cb600000,0x00000031cb700000) (1024K)]
  0x0000019d76291090 JavaThread "Thread-2"                   daemon [_thread_in_native, id=6940, stack(0x00000031cb500000,0x00000031cb600000) (1024K)]
  0x0000019d769359b0 JavaThread "Prism Font Disposer"        daemon [_thread_blocked, id=11352, stack(0x00000031cba00000,0x00000031cbb00000) (1024K)]
  0x0000019d76936040 JavaThread "Cleaner-0"                  daemon [_thread_blocked, id=2356, stack(0x00000031cbb00000,0x00000031cbc00000) (1024K)]
  0x0000019d76933250 JavaThread "SIGINT handler"             daemon [_thread_blocked, id=10176, stack(0x00000031c9500000,0x00000031c9600000) (1024K)]
Total: 19

Other Threads:
=>0x0000019d70f81c60 VMThread "VM Thread"                           [id=10688, stack(0x00000031c9e00000,0x00000031c9f00000) (1024K)]
  0x0000019d52deb270 WorkerThread "GC Thread#0"                     [id=10804, stack(0x00000031c9800000,0x00000031c9900000) (1024K)]
  0x0000019d7643ac30 WorkerThread "GC Thread#1"                     [id=10652, stack(0x00000031cac00000,0x00000031cad00000) (1024K)]
  0x0000019d71b25dd0 WorkerThread "GC Thread#2"                     [id=15908, stack(0x00000031cad00000,0x00000031cae00000) (1024K)]
  0x0000019d71c05b60 WorkerThread "GC Thread#3"                     [id=456, stack(0x00000031cae00000,0x00000031caf00000) (1024K)]
  0x0000019d52dfbc10 ConcurrentGCThread "G1 Main Marker"            terminated
  0x0000019d52dfc8c0 WorkerThread "G1 Conc#0"                       [id=18040, stack(0x00000031c9a00000,0x00000031c9b00000) (1024K)]
  0x0000019d52e699b0 ConcurrentGCThread "G1 Refine#0"               terminated
  0x0000019d70e417a0 ConcurrentGCThread "G1 Service"                terminated
Total: 9

Threads with active compile tasks:
Total: 0

VM state: at safepoint (shutting down)

VM Mutex/Monitor currently owned by a thread:  ([mutex/lock_event])
[0x00007ffddcb5d9c8] Threads_lock - owner thread: 0x0000019d70f81c60
[0x00007ffddcb5dac8] Heap_lock - owner thread: 0x0000019d76933250

Heap address: 0x0000000083200000, size: 1998 MB, Compressed Oops mode: 32-bit

CDS archive(s) mapped at: [0x0000019d00000000-0x0000019d00c90000-0x0000019d00c90000), size 13172736, SharedBaseAddress: 0x0000019d00000000, ArchiveRelocationMode: 1.
Compressed class space mapped at: 0x0000019d01000000-0x0000019d41000000, reserved size: 1073741824
Narrow klass base: 0x0000019d00000000, Narrow klass shift: 0, Narrow klass range: 0x100000000

GC Precious Log:
 CardTable entry size: 512
 Card Set container configuration: InlinePtr #cards 5 size 8 Array Of Cards #cards 12 size 40 Howl #buckets 4 coarsen threshold 1843 Howl Bitmap #cards 512 size 80 coarsen threshold 460 Card regions per heap region 1 cards per card region 2048
 CPUs: 4 total, 4 available
 Memory: 7991M
 Large Page Support: Disabled
 NUMA Support: Disabled
 Compressed Oops: Enabled (32-bit)
 Heap Region Size: 1M
 Heap Min Capacity: 8M
 Heap Initial Capacity: 126M
 Heap Max Capacity: 1998M
 Pre-touch: Disabled
 Parallel Workers: 4
 Concurrent Workers: 1
 Concurrent Refinement Workers: 4
 Periodic GC: Disabled

Heap:
 garbage-first heap   total 129024K, used 69582K [0x0000000083200000, 0x0000000100000000)
  region size 1024K, 11 young (11264K), 8 survivors (8192K)
 Metaspace       used 16635K, committed 16960K, reserved 1114112K
  class space    used 2359K, committed 2496K, reserved 1048576K

Heap Regions: E=young(eden), S=young(survivor), O=old, HS=humongous(starts), HC=humongous(continues), CS=collection set, F=free, TAMS=top-at-mark-start, PB=parsable bottom
|   0|0x0000000083200000, 0x0000000083300000, 0x0000000083300000|100%|HS|  |TAMS 0x0000000083200000| PB 0x0000000083200000| Complete 
|   1|0x0000000083300000, 0x0000000083400000, 0x0000000083400000|100%|HC|  |TAMS 0x0000000083300000| PB 0x0000000083300000| Complete 
|   2|0x0000000083400000, 0x0000000083500000, 0x0000000083500000|100%|HC|  |TAMS 0x0000000083400000| PB 0x0000000083400000| Complete 
|   3|0x0000000083500000, 0x0000000083600000, 0x0000000083600000|100%|HC|  |TAMS 0x0000000083500000| PB 0x0000000083500000| Complete 
|   4|0x0000000083600000, 0x0000000083700000, 0x0000000083700000|100%|HC|  |TAMS 0x0000000083600000| PB 0x0000000083600000| Complete 
|   5|0x0000000083700000, 0x0000000083800000, 0x0000000083800000|100%|HC|  |TAMS 0x0000000083700000| PB 0x0000000083700000| Complete 
|   6|0x0000000083800000, 0x0000000083900000, 0x0000000083900000|100%| O|  |TAMS 0x0000000083800000| PB 0x0000000083800000| Untracked 
|   7|0x0000000083900000, 0x0000000083a00000, 0x0000000083a00000|100%| O|  |TAMS 0x0000000083900000| PB 0x0000000083900000| Untracked 
|   8|0x0000000083a00000, 0x0000000083a1cd90, 0x0000000083b00000| 11%| O|  |TAMS 0x0000000083a00000| PB 0x0000000083a00000| Untracked 
|   9|0x0000000083b00000, 0x0000000083c00000, 0x0000000083c00000|100%|HS|  |TAMS 0x0000000083b00000| PB 0x0000000083b00000| Complete 
|  10|0x0000000083c00000, 0x0000000083d00000, 0x0000000083d00000|100%|HC|  |TAMS 0x0000000083c00000| PB 0x0000000083c00000| Complete 
|  11|0x0000000083d00000, 0x0000000083e00000, 0x0000000083e00000|100%|HS|  |TAMS 0x0000000083d00000| PB 0x0000000083d00000| Complete 
|  12|0x0000000083e00000, 0x0000000083f00000, 0x0000000083f00000|100%|HC|  |TAMS 0x0000000083e00000| PB 0x0000000083e00000| Complete 
|  13|0x0000000083f00000, 0x0000000084000000, 0x0000000084000000|100%|HC|  |TAMS 0x0000000083f00000| PB 0x0000000083f00000| Complete 
|  14|0x0000000084000000, 0x0000000084100000, 0x0000000084100000|100%|HC|  |TAMS 0x0000000084000000| PB 0x0000000084000000| Complete 
|  15|0x0000000084100000, 0x0000000084200000, 0x0000000084200000|100%|HC|  |TAMS 0x0000000084100000| PB 0x0000000084100000| Complete 
|  16|0x0000000084200000, 0x0000000084300000, 0x0000000084300000|100%|HC|  |TAMS 0x0000000084200000| PB 0x0000000084200000| Complete 
|  17|0x0000000084300000, 0x0000000084400000, 0x0000000084400000|100%|HS|  |TAMS 0x0000000084300000| PB 0x0000000084300000| Complete 
|  18|0x0000000084400000, 0x0000000084500000, 0x0000000084500000|100%|HC|  |TAMS 0x0000000084400000| PB 0x0000000084400000| Complete 
|  19|0x0000000084500000, 0x0000000084600000, 0x0000000084600000|100%|HC|  |TAMS 0x0000000084500000| PB 0x0000000084500000| Complete 
|  20|0x0000000084600000, 0x0000000084700000, 0x0000000084700000|100%|HC|  |TAMS 0x0000000084600000| PB 0x0000000084600000| Complete 
|  21|0x0000000084700000, 0x0000000084800000, 0x0000000084800000|100%|HC|  |TAMS 0x0000000084700000| PB 0x0000000084700000| Complete 
|  22|0x0000000084800000, 0x0000000084900000, 0x0000000084900000|100%|HC|  |TAMS 0x0000000084800000| PB 0x0000000084800000| Complete 
|  23|0x0000000084900000, 0x0000000084a00000, 0x0000000084a00000|100%|HS|  |TAMS 0x0000000084900000| PB 0x0000000084900000| Complete 
|  24|0x0000000084a00000, 0x0000000084b00000, 0x0000000084b00000|100%|HC|  |TAMS 0x0000000084a00000| PB 0x0000000084a00000| Complete 
|  25|0x0000000084b00000, 0x0000000084c00000, 0x0000000084c00000|100%|HC|  |TAMS 0x0000000084b00000| PB 0x0000000084b00000| Complete 
|  26|0x0000000084c00000, 0x0000000084d00000, 0x0000000084d00000|100%|HC|  |TAMS 0x0000000084c00000| PB 0x0000000084c00000| Complete 
|  27|0x0000000084d00000, 0x0000000084e00000, 0x0000000084e00000|100%|HC|  |TAMS 0x0000000084d00000| PB 0x0000000084d00000| Complete 
|  28|0x0000000084e00000, 0x0000000084f00000, 0x0000000084f00000|100%|HC|  |TAMS 0x0000000084e00000| PB 0x0000000084e00000| Complete 
|  29|0x0000000084f00000, 0x0000000085000000, 0x0000000085000000|100%|HS|  |TAMS 0x0000000084f00000| PB 0x0000000084f00000| Complete 
|  30|0x0000000085000000, 0x0000000085100000, 0x0000000085100000|100%|HC|  |TAMS 0x0000000085000000| PB 0x0000000085000000| Complete 
|  31|0x0000000085100000, 0x0000000085200000, 0x0000000085200000|100%|HC|  |TAMS 0x0000000085100000| PB 0x0000000085100000| Complete 
|  32|0x0000000085200000, 0x0000000085300000, 0x0000000085300000|100%|HC|  |TAMS 0x0000000085200000| PB 0x0000000085200000| Complete 
|  33|0x0000000085300000, 0x0000000085400000, 0x0000000085400000|100%|HC|  |TAMS 0x0000000085300000| PB 0x0000000085300000| Complete 
|  34|0x0000000085400000, 0x0000000085500000, 0x0000000085500000|100%|HC|  |TAMS 0x0000000085400000| PB 0x0000000085400000| Complete 
|  35|0x0000000085500000, 0x0000000085600000, 0x0000000085600000|100%|HS|  |TAMS 0x0000000085500000| PB 0x0000000085500000| Complete 
|  36|0x0000000085600000, 0x0000000085700000, 0x0000000085700000|100%|HC|  |TAMS 0x0000000085600000| PB 0x0000000085600000| Complete 
|  37|0x0000000085700000, 0x0000000085800000, 0x0000000085800000|100%|HC|  |TAMS 0x0000000085700000| PB 0x0000000085700000| Complete 
|  38|0x0000000085800000, 0x0000000085900000, 0x0000000085900000|100%|HC|  |TAMS 0x0000000085800000| PB 0x0000000085800000| Complete 
|  39|0x0000000085900000, 0x0000000085a00000, 0x0000000085a00000|100%|HC|  |TAMS 0x0000000085900000| PB 0x0000000085900000| Complete 
|  40|0x0000000085a00000, 0x0000000085b00000, 0x0000000085b00000|100%|HC|  |TAMS 0x0000000085a00000| PB 0x0000000085a00000| Complete 
|  41|0x0000000085b00000, 0x0000000085c00000, 0x0000000085c00000|100%|HS|  |TAMS 0x0000000085b00000| PB 0x0000000085b00000| Complete 
|  42|0x0000000085c00000, 0x0000000085d00000, 0x0000000085d00000|100%|HC|  |TAMS 0x0000000085c00000| PB 0x0000000085c00000| Complete 
|  43|0x0000000085d00000, 0x0000000085e00000, 0x0000000085e00000|100%|HC|  |TAMS 0x0000000085d00000| PB 0x0000000085d00000| Complete 
|  44|0x0000000085e00000, 0x0000000085f00000, 0x0000000085f00000|100%|HC|  |TAMS 0x0000000085e00000| PB 0x0000000085e00000| Complete 
|  45|0x0000000085f00000, 0x0000000086000000, 0x0000000086000000|100%|HC|  |TAMS 0x0000000085f00000| PB 0x0000000085f00000| Complete 
|  46|0x0000000086000000, 0x0000000086100000, 0x0000000086100000|100%|HC|  |TAMS 0x0000000086000000| PB 0x0000000086000000| Complete 
|  47|0x0000000086100000, 0x0000000086200000, 0x0000000086200000|100%|HS|  |TAMS 0x0000000086100000| PB 0x0000000086100000| Complete 
|  48|0x0000000086200000, 0x0000000086300000, 0x0000000086300000|100%|HC|  |TAMS 0x0000000086200000| PB 0x0000000086200000| Complete 
|  49|0x0000000086300000, 0x0000000086400000, 0x0000000086400000|100%|HC|  |TAMS 0x0000000086300000| PB 0x0000000086300000| Complete 
|  50|0x0000000086400000, 0x0000000086500000, 0x0000000086500000|100%|HC|  |TAMS 0x0000000086400000| PB 0x0000000086400000| Complete 
|  51|0x0000000086500000, 0x0000000086600000, 0x0000000086600000|100%|HC|  |TAMS 0x0000000086500000| PB 0x0000000086500000| Complete 
|  52|0x0000000086600000, 0x0000000086700000, 0x0000000086700000|100%|HC|  |TAMS 0x0000000086600000| PB 0x0000000086600000| Complete 
|  53|0x0000000086700000, 0x0000000086800000, 0x0000000086800000|100%|HS|  |TAMS 0x0000000086700000| PB 0x0000000086700000| Complete 
|  54|0x0000000086800000, 0x0000000086900000, 0x0000000086900000|100%|HC|  |TAMS 0x0000000086800000| PB 0x0000000086800000| Complete 
|  55|0x0000000086900000, 0x0000000086a00000, 0x0000000086a00000|100%|HC|  |TAMS 0x0000000086900000| PB 0x0000000086900000| Complete 
|  56|0x0000000086a00000, 0x0000000086b00000, 0x0000000086b00000|100%|HC|  |TAMS 0x0000000086a00000| PB 0x0000000086a00000| Complete 
|  57|0x0000000086b00000, 0x0000000086c00000, 0x0000000086c00000|100%|HC|  |TAMS 0x0000000086b00000| PB 0x0000000086b00000| Complete 
|  58|0x0000000086c00000, 0x0000000086d00000, 0x0000000086d00000|100%|HC|  |TAMS 0x0000000086c00000| PB 0x0000000086c00000| Complete 
|  59|0x0000000086d00000, 0x0000000086d00000, 0x0000000086e00000|  0%| F|  |TAMS 0x0000000086d00000| PB 0x0000000086d00000| Untracked 
|  60|0x0000000086e00000, 0x0000000086e00000, 0x0000000086f00000|  0%| F|  |TAMS 0x0000000086e00000| PB 0x0000000086e00000| Untracked 
|  61|0x0000000086f00000, 0x0000000086f00000, 0x0000000087000000|  0%| F|  |TAMS 0x0000000086f00000| PB 0x0000000086f00000| Untracked 
|  62|0x0000000087000000, 0x0000000087000000, 0x0000000087100000|  0%| F|  |TAMS 0x0000000087000000| PB 0x0000000087000000| Untracked 
|  63|0x0000000087100000, 0x0000000087100000, 0x0000000087200000|  0%| F|  |TAMS 0x0000000087100000| PB 0x0000000087100000| Untracked 
|  64|0x0000000087200000, 0x0000000087200000, 0x0000000087300000|  0%| F|  |TAMS 0x0000000087200000| PB 0x0000000087200000| Untracked 
|  65|0x0000000087300000, 0x0000000087300000, 0x0000000087400000|  0%| F|  |TAMS 0x0000000087300000| PB 0x0000000087300000| Untracked 
|  66|0x0000000087400000, 0x0000000087400000, 0x0000000087500000|  0%| F|  |TAMS 0x0000000087400000| PB 0x0000000087400000| Untracked 
|  67|0x0000000087500000, 0x0000000087500000, 0x0000000087600000|  0%| F|  |TAMS 0x0000000087500000| PB 0x0000000087500000| Untracked 
|  68|0x0000000087600000, 0x0000000087600000, 0x0000000087700000|  0%| F|  |TAMS 0x0000000087600000| PB 0x0000000087600000| Untracked 
|  69|0x0000000087700000, 0x0000000087700000, 0x0000000087800000|  0%| F|  |TAMS 0x0000000087700000| PB 0x0000000087700000| Untracked 
|  70|0x0000000087800000, 0x0000000087800000, 0x0000000087900000|  0%| F|  |TAMS 0x0000000087800000| PB 0x0000000087800000| Untracked 
|  71|0x0000000087900000, 0x00000000879d6ce0, 0x0000000087a00000| 83%| S|CS|TAMS 0x0000000087900000| PB 0x0000000087900000| Complete 
|  72|0x0000000087a00000, 0x0000000087b00000, 0x0000000087b00000|100%| S|CS|TAMS 0x0000000087a00000| PB 0x0000000087a00000| Complete 
|  73|0x0000000087b00000, 0x0000000087c00000, 0x0000000087c00000|100%| S|CS|TAMS 0x0000000087b00000| PB 0x0000000087b00000| Complete 
|  74|0x0000000087c00000, 0x0000000087d00000, 0x0000000087d00000|100%| S|CS|TAMS 0x0000000087c00000| PB 0x0000000087c00000| Complete 
|  75|0x0000000087d00000, 0x0000000087e00000, 0x0000000087e00000|100%| S|CS|TAMS 0x0000000087d00000| PB 0x0000000087d00000| Complete 
|  76|0x0000000087e00000, 0x0000000087f00000, 0x0000000087f00000|100%| S|CS|TAMS 0x0000000087e00000| PB 0x0000000087e00000| Complete 
|  77|0x0000000087f00000, 0x0000000088000000, 0x0000000088000000|100%| S|CS|TAMS 0x0000000087f00000| PB 0x0000000087f00000| Complete 
|  78|0x0000000088000000, 0x0000000088100000, 0x0000000088100000|100%| S|CS|TAMS 0x0000000088000000| PB 0x0000000088000000| Complete 
|  79|0x0000000088100000, 0x0000000088100000, 0x0000000088200000|  0%| F|  |TAMS 0x0000000088100000| PB 0x0000000088100000| Untracked 
|  80|0x0000000088200000, 0x0000000088200000, 0x0000000088300000|  0%| F|  |TAMS 0x0000000088200000| PB 0x0000000088200000| Untracked 
|  81|0x0000000088300000, 0x0000000088300000, 0x0000000088400000|  0%| F|  |TAMS 0x0000000088300000| PB 0x0000000088300000| Untracked 
|  82|0x0000000088400000, 0x0000000088400000, 0x0000000088500000|  0%| F|  |TAMS 0x0000000088400000| PB 0x0000000088400000| Untracked 
|  83|0x0000000088500000, 0x0000000088500000, 0x0000000088600000|  0%| F|  |TAMS 0x0000000088500000| PB 0x0000000088500000| Untracked 
|  84|0x0000000088600000, 0x0000000088600000, 0x0000000088700000|  0%| F|  |TAMS 0x0000000088600000| PB 0x0000000088600000| Untracked 
|  85|0x0000000088700000, 0x0000000088700000, 0x0000000088800000|  0%| F|  |TAMS 0x0000000088700000| PB 0x0000000088700000| Untracked 
|  86|0x0000000088800000, 0x0000000088800000, 0x0000000088900000|  0%| F|  |TAMS 0x0000000088800000| PB 0x0000000088800000| Untracked 
|  87|0x0000000088900000, 0x0000000088900000, 0x0000000088a00000|  0%| F|  |TAMS 0x0000000088900000| PB 0x0000000088900000| Untracked 
|  88|0x0000000088a00000, 0x0000000088a00000, 0x0000000088b00000|  0%| F|  |TAMS 0x0000000088a00000| PB 0x0000000088a00000| Untracked 
|  89|0x0000000088b00000, 0x0000000088b00000, 0x0000000088c00000|  0%| F|  |TAMS 0x0000000088b00000| PB 0x0000000088b00000| Untracked 
|  90|0x0000000088c00000, 0x0000000088c00000, 0x0000000088d00000|  0%| F|  |TAMS 0x0000000088c00000| PB 0x0000000088c00000| Untracked 
|  91|0x0000000088d00000, 0x0000000088d00000, 0x0000000088e00000|  0%| F|  |TAMS 0x0000000088d00000| PB 0x0000000088d00000| Untracked 
|  92|0x0000000088e00000, 0x0000000088e00000, 0x0000000088f00000|  0%| F|  |TAMS 0x0000000088e00000| PB 0x0000000088e00000| Untracked 
|  93|0x0000000088f00000, 0x0000000088f00000, 0x0000000089000000|  0%| F|  |TAMS 0x0000000088f00000| PB 0x0000000088f00000| Untracked 
|  94|0x0000000089000000, 0x0000000089000000, 0x0000000089100000|  0%| F|  |TAMS 0x0000000089000000| PB 0x0000000089000000| Untracked 
|  95|0x0000000089100000, 0x0000000089100000, 0x0000000089200000|  0%| F|  |TAMS 0x0000000089100000| PB 0x0000000089100000| Untracked 
|  96|0x0000000089200000, 0x0000000089200000, 0x0000000089300000|  0%| F|  |TAMS 0x0000000089200000| PB 0x0000000089200000| Untracked 
|  97|0x0000000089300000, 0x0000000089300000, 0x0000000089400000|  0%| F|  |TAMS 0x0000000089300000| PB 0x0000000089300000| Untracked 
|  98|0x0000000089400000, 0x0000000089400000, 0x0000000089500000|  0%| F|  |TAMS 0x0000000089400000| PB 0x0000000089400000| Untracked 
|  99|0x0000000089500000, 0x0000000089500000, 0x0000000089600000|  0%| F|  |TAMS 0x0000000089500000| PB 0x0000000089500000| Untracked 
| 100|0x0000000089600000, 0x0000000089600000, 0x0000000089700000|  0%| F|  |TAMS 0x0000000089600000| PB 0x0000000089600000| Untracked 
| 101|0x0000000089700000, 0x0000000089700000, 0x0000000089800000|  0%| F|  |TAMS 0x0000000089700000| PB 0x0000000089700000| Untracked 
| 102|0x0000000089800000, 0x0000000089800000, 0x0000000089900000|  0%| F|  |TAMS 0x0000000089800000| PB 0x0000000089800000| Untracked 
| 103|0x0000000089900000, 0x0000000089900000, 0x0000000089a00000|  0%| F|  |TAMS 0x0000000089900000| PB 0x0000000089900000| Untracked 
| 104|0x0000000089a00000, 0x0000000089a00000, 0x0000000089b00000|  0%| F|  |TAMS 0x0000000089a00000| PB 0x0000000089a00000| Untracked 
| 105|0x0000000089b00000, 0x0000000089b00000, 0x0000000089c00000|  0%| F|  |TAMS 0x0000000089b00000| PB 0x0000000089b00000| Untracked 
| 106|0x0000000089c00000, 0x0000000089c00000, 0x0000000089d00000|  0%| F|  |TAMS 0x0000000089c00000| PB 0x0000000089c00000| Untracked 
| 107|0x0000000089d00000, 0x0000000089d00000, 0x0000000089e00000|  0%| F|  |TAMS 0x0000000089d00000| PB 0x0000000089d00000| Untracked 
| 108|0x0000000089e00000, 0x0000000089e00000, 0x0000000089f00000|  0%| F|  |TAMS 0x0000000089e00000| PB 0x0000000089e00000| Untracked 
| 109|0x0000000089f00000, 0x0000000089f00000, 0x000000008a000000|  0%| F|  |TAMS 0x0000000089f00000| PB 0x0000000089f00000| Untracked 
| 110|0x000000008a000000, 0x000000008a000000, 0x000000008a100000|  0%| F|  |TAMS 0x000000008a000000| PB 0x000000008a000000| Untracked 
| 111|0x000000008a100000, 0x000000008a100000, 0x000000008a200000|  0%| F|  |TAMS 0x000000008a100000| PB 0x000000008a100000| Untracked 
| 112|0x000000008a200000, 0x000000008a200000, 0x000000008a300000|  0%| F|  |TAMS 0x000000008a200000| PB 0x000000008a200000| Untracked 
| 113|0x000000008a300000, 0x000000008a300000, 0x000000008a400000|  0%| F|  |TAMS 0x000000008a300000| PB 0x000000008a300000| Untracked 
| 114|0x000000008a400000, 0x000000008a400000, 0x000000008a500000|  0%| F|  |TAMS 0x000000008a400000| PB 0x000000008a400000| Untracked 
| 115|0x000000008a500000, 0x000000008a500000, 0x000000008a600000|  0%| F|  |TAMS 0x000000008a500000| PB 0x000000008a500000| Untracked 
| 116|0x000000008a600000, 0x000000008a600000, 0x000000008a700000|  0%| F|  |TAMS 0x000000008a600000| PB 0x000000008a600000| Untracked 
| 117|0x000000008a700000, 0x000000008a700000, 0x000000008a800000|  0%| F|  |TAMS 0x000000008a700000| PB 0x000000008a700000| Untracked 
| 118|0x000000008a800000, 0x000000008a800000, 0x000000008a900000|  0%| F|  |TAMS 0x000000008a800000| PB 0x000000008a800000| Untracked 
| 119|0x000000008a900000, 0x000000008a900000, 0x000000008aa00000|  0%| F|  |TAMS 0x000000008a900000| PB 0x000000008a900000| Untracked 
| 120|0x000000008aa00000, 0x000000008aa00000, 0x000000008ab00000|  0%| F|  |TAMS 0x000000008aa00000| PB 0x000000008aa00000| Untracked 
| 121|0x000000008ab00000, 0x000000008ab00000, 0x000000008ac00000|  0%| F|  |TAMS 0x000000008ab00000| PB 0x000000008ab00000| Untracked 
| 122|0x000000008ac00000, 0x000000008ac00000, 0x000000008ad00000|  0%| F|  |TAMS 0x000000008ac00000| PB 0x000000008ac00000| Untracked 
| 123|0x000000008ad00000, 0x000000008ad5ee18, 0x000000008ae00000| 37%| E|  |TAMS 0x000000008ad00000| PB 0x000000008ad00000| Complete 
| 124|0x000000008ae00000, 0x000000008af00000, 0x000000008af00000|100%| E|CS|TAMS 0x000000008ae00000| PB 0x000000008ae00000| Complete 
| 125|0x000000008af00000, 0x000000008b000000, 0x000000008b000000|100%| E|CS|TAMS 0x000000008af00000| PB 0x000000008af00000| Complete 

Card table byte_map: [0x0000019d6c670000,0x0000019d6ca60000] _byte_map_base: 0x0000019d6c257000

Marking Bits: (CMBitMap*) 0x0000019d52deb970
 Bits: [0x0000019d6ca60000, 0x0000019d6e998000)

Polling page: 0x0000019d52c50000

Metaspace:

Usage:
  Non-class:     13.94 MB used.
      Class:      2.30 MB used.
       Both:     16.25 MB used.

Virtual space:
  Non-class space:       64.00 MB reserved,      14.12 MB ( 22%) committed,  1 nodes.
      Class space:        1.00 GB reserved,       2.44 MB ( <1%) committed,  1 nodes.
             Both:        1.06 GB reserved,      16.56 MB (  2%) committed. 

Chunk freelists:
   Non-Class:  1.22 MB
       Class:  13.51 MB
        Both:  14.73 MB

MaxMetaspaceSize: unlimited
CompressedClassSpaceSize: 1.00 GB
Initial GC threshold: 21.00 MB
Current GC threshold: 21.00 MB
CDS: on
 - commit_granule_bytes: 65536.
 - commit_granule_words: 8192.
 - virtual_space_node_default_size: 8388608.
 - enlarge_chunks_in_place: 1.
 - use_allocation_guard: 0.


Internal statistics:

num_allocs_failed_limit: 0.
num_arena_births: 330.
num_arena_deaths: 0.
num_vsnodes_births: 2.
num_vsnodes_deaths: 0.
num_space_committed: 265.
num_space_uncommitted: 0.
num_chunks_returned_to_freelist: 0.
num_chunks_taken_from_freelist: 859.
num_chunk_merges: 0.
num_chunk_splits: 596.
num_chunks_enlarged: 451.
num_inconsistent_stats: 0.

CodeHeap 'non-profiled nmethods': size=120000Kb used=1472Kb max_used=1472Kb free=118527Kb
 bounds [0x0000019d64720000, 0x0000019d64990000, 0x0000019d6bc50000]
CodeHeap 'profiled nmethods': size=120000Kb used=6540Kb max_used=6540Kb free=113459Kb
 bounds [0x0000019d5cc50000, 0x0000019d5d2c0000, 0x0000019d64180000]
CodeHeap 'non-nmethods': size=5760Kb used=2040Kb max_used=2078Kb free=3719Kb
 bounds [0x0000019d64180000, 0x0000019d643f0000, 0x0000019d64720000]
 total_blobs=4176 nmethods=3361 adapters=719
 compilation: enabled
              stopped_count=0, restarted_count=0
 full_count=0

Compilation events (20 events):
Event: 43.869 Thread 0x0000019d70fb6f00 3354       3       com.sun.javafx.geom.transform.GeneralTransform3D::set (24 bytes)
Event: 43.869 Thread 0x0000019d70fb6f00 nmethod 3354 0x0000019d5d2b1510 code [0x0000019d5d2b16e0, 0x0000019d5d2b18d8]
Event: 43.869 Thread 0x0000019d70fb6f00 3352       1       javafx.scene.layout.BorderWidths::getTop (5 bytes)
Event: 43.869 Thread 0x0000019d70fb6f00 nmethod 3352 0x0000019d6488f690 code [0x0000019d6488f820, 0x0000019d6488f8e8]
Event: 43.870 Thread 0x0000019d70fb6f00 3355       3       com.sun.prism.impl.BaseResourcePool$WeakLinkedList::getResource (11 bytes)
Event: 43.870 Thread 0x0000019d70fb6f00 nmethod 3355 0x0000019d5d2b1a10 code [0x0000019d5d2b1bc0, 0x0000019d5d2b1e88]
Event: 45.178 Thread 0x0000019d70fb6f00 3356       1       com.sun.glass.ui.Application::hasWindowManager (2 bytes)
Event: 45.178 Thread 0x0000019d70fb6f00 nmethod 3356 0x0000019d6488f990 code [0x0000019d6488fb20, 0x0000019d6488fbe8]
Event: 45.213 Thread 0x0000019d70fb6f00 3357       1       com.sun.glass.ui.Screen::getPlatformScaleX (5 bytes)
Event: 45.213 Thread 0x0000019d70fb6f00 nmethod 3357 0x0000019d6488fc90 code [0x0000019d6488fe20, 0x0000019d6488fee8]
Event: 45.213 Thread 0x0000019d70fb6f00 3358       1       com.sun.glass.ui.Screen::getPlatformScaleY (5 bytes)
Event: 45.213 Thread 0x0000019d70fb6f00 nmethod 3358 0x0000019d6488ff90 code [0x0000019d64890120, 0x0000019d648901e8]
Event: 45.353 Thread 0x0000019d70fb6f00 3359       3       java.util.Arrays$ArrayList::iterator (12 bytes)
Event: 45.353 Thread 0x0000019d70fb6f00 nmethod 3359 0x0000019d5d2b1f90 code [0x0000019d5d2b2140, 0x0000019d5d2b23c8]
Event: 45.353 Thread 0x0000019d70fb6f00 3360       3       java.util.Arrays$ArrayItr::<init> (10 bytes)
Event: 45.353 Thread 0x0000019d70fb6f00 nmethod 3360 0x0000019d5d2b2490 code [0x0000019d5d2b2640, 0x0000019d5d2b27f8]
Event: 45.380 Thread 0x0000019d70fb6f00 3361       3       com.sun.javafx.tk.quantum.GlassScene::sceneChanged (25 bytes)
Event: 45.380 Thread 0x0000019d70fb6f00 nmethod 3361 0x0000019d5d2b2890 code [0x0000019d5d2b2a60, 0x0000019d5d2b2d40]
Event: 45.416 Thread 0x0000019d70fb6f00 3362       3       com.sun.javafx.application.PlatformImpl::isFxApplicationThread (7 bytes)
Event: 45.416 Thread 0x0000019d70fb6f00 nmethod 3362 0x0000019d5d2b2e90 code [0x0000019d5d2b3040, 0x0000019d5d2b32c0]

GC Heap History (6 events):
Event: 0.389 GC heap before
{Heap before GC invocations=0 (full 0):
 garbage-first heap   total 129024K, used 13312K [0x0000000083200000, 0x0000000100000000)
  region size 1024K, 13 young (13312K), 0 survivors (0K)
 Metaspace       used 2387K, committed 2560K, reserved 1114112K
  class space    used 249K, committed 320K, reserved 1048576K
}
Event: 0.392 GC heap after
{Heap after GC invocations=1 (full 0):
 garbage-first heap   total 129024K, used 1959K [0x0000000083200000, 0x0000000100000000)
  region size 1024K, 2 young (2048K), 2 survivors (2048K)
 Metaspace       used 2387K, committed 2560K, reserved 1114112K
  class space    used 249K, committed 320K, reserved 1048576K
}
Event: 0.690 GC heap before
{Heap before GC invocations=1 (full 0):
 garbage-first heap   total 129024K, used 28583K [0x0000000083200000, 0x0000000100000000)
  region size 1024K, 23 young (23552K), 2 survivors (2048K)
 Metaspace       used 8308K, committed 8640K, reserved 1114112K
  class space    used 1101K, committed 1280K, reserved 1048576K
}
Event: 0.693 GC heap after
{Heap after GC invocations=2 (full 0):
 garbage-first heap   total 129024K, used 10254K [0x0000000083200000, 0x0000000100000000)
  region size 1024K, 2 young (2048K), 2 survivors (2048K)
 Metaspace       used 8308K, committed 8640K, reserved 1114112K
  class space    used 1101K, committed 1280K, reserved 1048576K
}
Event: 42.213 GC heap before
{Heap before GC invocations=2 (full 0):
 garbage-first heap   total 129024K, used 99342K [0x0000000083200000, 0x0000000100000000)
  region size 1024K, 47 young (48128K), 2 survivors (2048K)
 Metaspace       used 16571K, committed 16896K, reserved 1114112K
  class space    used 2357K, committed 2496K, reserved 1048576K
}
Event: 42.222 GC heap after
{Heap after GC invocations=3 (full 0):
 garbage-first heap   total 129024K, used 61390K [0x0000000083200000, 0x0000000100000000)
  region size 1024K, 8 young (8192K), 8 survivors (8192K)
 Metaspace       used 16571K, committed 16896K, reserved 1114112K
  class space    used 2357K, committed 2496K, reserved 1048576K
}

Dll operation events (20 events):
Event: 0.345 Loaded shared library C:\Users\NickS\.openjfx\cache\21-ea+null\amd64\api-ms-win-crt-math-l1-1-0.dll
Event: 0.347 Loaded shared library C:\Users\NickS\.openjfx\cache\21-ea+null\amd64\api-ms-win-crt-multibyte-l1-1-0.dll
Event: 0.350 Loaded shared library C:\Users\NickS\.openjfx\cache\21-ea+null\amd64\api-ms-win-crt-private-l1-1-0.dll
Event: 0.352 Loaded shared library C:\Users\NickS\.openjfx\cache\21-ea+null\amd64\api-ms-win-crt-process-l1-1-0.dll
Event: 0.353 Loaded shared library C:\Users\NickS\.openjfx\cache\21-ea+null\amd64\api-ms-win-crt-runtime-l1-1-0.dll
Event: 0.355 Loaded shared library C:\Users\NickS\.openjfx\cache\21-ea+null\amd64\api-ms-win-crt-stdio-l1-1-0.dll
Event: 0.357 Loaded shared library C:\Users\NickS\.openjfx\cache\21-ea+null\amd64\api-ms-win-crt-string-l1-1-0.dll
Event: 0.359 Loaded shared library C:\Users\NickS\.openjfx\cache\21-ea+null\amd64\api-ms-win-crt-time-l1-1-0.dll
Event: 0.360 Loaded shared library C:\Users\NickS\.openjfx\cache\21-ea+null\amd64\api-ms-win-crt-utility-l1-1-0.dll
Event: 0.371 Loaded shared library C:\Users\NickS\.openjfx\cache\21-ea+null\amd64\ucrtbase.dll
Event: 0.374 Loaded shared library C:\Users\NickS\.openjfx\cache\21-ea+null\amd64\vcruntime140.dll
Event: 0.376 Loaded shared library C:\Users\NickS\.openjfx\cache\21-ea+null\amd64\vcruntime140_1.dll
Event: 0.383 Loaded shared library C:\Users\NickS\.openjfx\cache\21-ea+null\amd64\msvcp140.dll
Event: 0.385 Loaded shared library C:\Users\NickS\.openjfx\cache\21-ea+null\amd64\msvcp140_1.dll
Event: 0.389 Loaded shared library C:\Users\NickS\.openjfx\cache\21-ea+null\amd64\msvcp140_2.dll
Event: 0.420 Loaded shared library C:\Users\NickS\.openjfx\cache\21-ea+null\amd64\prism_d3d.dll
Event: 0.449 Loaded shared library C:\Users\NickS\.openjfx\cache\21-ea+null\amd64\glass.dll
Event: 0.534 Loaded shared library C:\Users\NickS\.jdks\corretto-21.0.1\bin\jimage.dll
Event: 0.640 Loaded shared library C:\Users\NickS\.openjfx\cache\21-ea+null\amd64\javafx_iio.dll
Event: 0.711 Loaded shared library C:\Users\NickS\.openjfx\cache\21-ea+null\amd64\javafx_font.dll

Deoptimization events (20 events):
Event: 4.039 Thread 0x0000019d768b7280 DEOPT PACKING pc=0x0000019d5d097758 sp=0x00000031caffdd50
Event: 4.039 Thread 0x0000019d768b7280 DEOPT UNPACKING pc=0x0000019d641d88e2 sp=0x00000031caffd1a0 mode 0
Event: 14.268 Thread 0x0000019d766371f0 Uncommon trap: trap_request=0xffffffd6 fr.pc=0x0000019d6486a058 relative=0x0000000000001258
Event: 14.268 Thread 0x0000019d766371f0 Uncommon trap: reason=array_check action=maybe_recompile pc=0x0000019d6486a058 method=javafx.css.SimpleSelector.applies(Ljavafx/css/Styleable;[Ljava/util/Set;I)Z @ 37 c2
Event: 14.268 Thread 0x0000019d766371f0 DEOPT PACKING pc=0x0000019d6486a058 sp=0x00000031cb1eed10
Event: 14.268 Thread 0x0000019d766371f0 DEOPT UNPACKING pc=0x0000019d641d7da2 sp=0x00000031cb1eece8 mode 2
Event: 14.268 Thread 0x0000019d766371f0 Uncommon trap: trap_request=0xffffffd6 fr.pc=0x0000019d6486a058 relative=0x0000000000001258
Event: 14.268 Thread 0x0000019d766371f0 Uncommon trap: reason=array_check action=maybe_recompile pc=0x0000019d6486a058 method=javafx.css.SimpleSelector.applies(Ljavafx/css/Styleable;[Ljava/util/Set;I)Z @ 37 c2
Event: 14.268 Thread 0x0000019d766371f0 DEOPT PACKING pc=0x0000019d6486a058 sp=0x00000031cb1eed10
Event: 14.268 Thread 0x0000019d766371f0 DEOPT UNPACKING pc=0x0000019d641d7da2 sp=0x00000031cb1eece8 mode 2
Event: 14.268 Thread 0x0000019d766371f0 Uncommon trap: trap_request=0xffffffd6 fr.pc=0x0000019d6486a058 relative=0x0000000000001258
Event: 14.268 Thread 0x0000019d766371f0 Uncommon trap: reason=array_check action=maybe_recompile pc=0x0000019d6486a058 method=javafx.css.SimpleSelector.applies(Ljavafx/css/Styleable;[Ljava/util/Set;I)Z @ 37 c2
Event: 14.268 Thread 0x0000019d766371f0 DEOPT PACKING pc=0x0000019d6486a058 sp=0x00000031cb1eed10
Event: 14.268 Thread 0x0000019d766371f0 DEOPT UNPACKING pc=0x0000019d641d7da2 sp=0x00000031cb1eece8 mode 2
Event: 14.268 Thread 0x0000019d766371f0 Uncommon trap: trap_request=0xffffffd6 fr.pc=0x0000019d6486a058 relative=0x0000000000001258
Event: 14.268 Thread 0x0000019d766371f0 Uncommon trap: reason=array_check action=maybe_recompile pc=0x0000019d6486a058 method=javafx.css.SimpleSelector.applies(Ljavafx/css/Styleable;[Ljava/util/Set;I)Z @ 37 c2
Event: 14.268 Thread 0x0000019d766371f0 DEOPT PACKING pc=0x0000019d6486a058 sp=0x00000031cb1eed10
Event: 14.269 Thread 0x0000019d766371f0 DEOPT UNPACKING pc=0x0000019d641d7da2 sp=0x00000031cb1eece8 mode 2
Event: 15.432 Thread 0x0000019d768b7280 DEOPT PACKING pc=0x0000019d5d0e638b sp=0x00000031caffdd60
Event: 15.432 Thread 0x0000019d768b7280 DEOPT UNPACKING pc=0x0000019d641d88e2 sp=0x00000031caffd210 mode 0

Classes loaded (20 events):
Event: 1.371 Loading class java/nio/ShortBuffer
Event: 1.371 Loading class java/nio/ShortBuffer done
Event: 1.371 Loading class java/nio/DoubleBuffer
Event: 1.371 Loading class java/nio/DoubleBuffer done
Event: 1.372 Loading class java/nio/DirectFloatBufferU
Event: 1.372 Loading class java/nio/DirectFloatBufferU done
Event: 1.380 Loading class jdk/internal/ref/CleanerImpl$InnocuousThreadFactory
Event: 1.381 Loading class jdk/internal/ref/CleanerImpl$InnocuousThreadFactory done
Event: 1.386 Loading class sun/misc/Unsafe
Event: 1.386 Loading class sun/misc/Unsafe done
Event: 1.387 Loading class java/lang/invoke/DirectMethodHandle$StaticAccessor
Event: 1.387 Loading class java/lang/invoke/DirectMethodHandle$StaticAccessor done
Event: 1.409 Loading class java/lang/FdLibm$Atan2
Event: 1.409 Loading class java/lang/FdLibm$Atan2 done
Event: 2.275 Loading class java/io/UnsupportedEncodingException
Event: 2.275 Loading class java/io/UnsupportedEncodingException done
Event: 3.084 Loading class java/io/CharArrayReader
Event: 3.084 Loading class java/io/CharArrayReader done
Event: 74.650 Loading class jdk/internal/misc/Signal$1
Event: 74.650 Loading class jdk/internal/misc/Signal$1 done

Classes unloaded (0 events):
No events

Classes redefined (0 events):
No events

Internal exceptions (20 events):
Event: 0.829 Thread 0x0000019d766371f0 Exception <a 'java/lang/NoSuchMethodError'{0x000000008a94a3c8}: 'void java.lang.invoke.DirectMethodHandle$Holder.invokeStaticInit(java.lang.Object, java.lang.Object)'> (0x000000008a94a3c8) 
thrown [s\src\hotspot\share\interpreter\linkResolver.cpp, line 773]
Event: 0.856 Thread 0x0000019d766371f0 Exception <a 'sun/nio/fs/WindowsException'{0x000000008a83e870}> (0x000000008a83e870) 
thrown [s\src\hotspot\share\prims\jni.cpp, line 520]
Event: 1.041 Thread 0x0000019d70fab690 Exception <a 'sun/nio/fs/WindowsException'{0x000000008a459998}> (0x000000008a459998) 
thrown [s\src\hotspot\share\prims\jni.cpp, line 520]
Event: 1.060 Thread 0x0000019d766371f0 Exception <a 'sun/nio/fs/WindowsException'{0x000000008a37cfc0}> (0x000000008a37cfc0) 
thrown [s\src\hotspot\share\prims\jni.cpp, line 520]
Event: 1.070 Thread 0x0000019d766371f0 Implicit null exception at 0x0000019d64776ced to 0x0000019d64777a20
Event: 1.076 Thread 0x0000019d766371f0 Implicit null exception at 0x0000019d64798801 to 0x0000019d64798cdc
Event: 1.087 Thread 0x0000019d766371f0 Implicit null exception at 0x0000019d64797c7a to 0x0000019d6479816c
Event: 1.089 Thread 0x0000019d766371f0 Implicit null exception at 0x0000019d6474737d to 0x0000019d64747658
Event: 1.175 Thread 0x0000019d766371f0 Exception <a 'java/lang/IncompatibleClassChangeError'{0x0000000089cdbef0}: Found class java.lang.Object, but interface was expected> (0x0000000089cdbef0) 
thrown [s\src\hotspot\share\interpreter\linkResolver.cpp, line 840]
Event: 1.201 Thread 0x0000019d766371f0 Exception <a 'java/lang/ClassNotFoundException'{0x000000008996a350}: com/sun/javafx/scene/control/skin/resources/controls> (0x000000008996a350) 
thrown [s\src\hotspot\share\prims\jni.cpp, line 539]
Event: 1.201 Thread 0x0000019d766371f0 Exception <a 'java/lang/ClassNotFoundException'{0x0000000089978550}: com/sun/javafx/scene/control/skin/resources/controls_ru> (0x0000000089978550) 
thrown [s\src\hotspot\share\prims\jni.cpp, line 539]
Event: 1.202 Thread 0x0000019d766371f0 Exception <a 'java/lang/ClassNotFoundException'{0x00000000899794f8}: com/sun/javafx/scene/control/skin/resources/controls_ru_RU> (0x00000000899794f8) 
thrown [s\src\hotspot\share\prims\jni.cpp, line 539]
Event: 1.230 Thread 0x0000019d766371f0 Exception <a 'java/lang/NoSuchMethodError'{0x00000000895584b8}: 'void java.lang.invoke.DirectMethodHandle$Holder.invokeSpecial(java.lang.Object, java.lang.Object, java.lang.Object, java.lang.Object, java.lang.Object, java.lang.Object)'> (0x00000000895584b8) 
thrown [s\src\hotspot\share\interpreter\linkResolver.cpp, line 773]
Event: 1.292 Thread 0x0000019d766371f0 Exception <a 'java/lang/NoSuchMethodError'{0x0000000089020e60}: 'int java.lang.invoke.DirectMethodHandle$Holder.invokeSpecial(java.lang.Object, java.lang.Object, int)'> (0x0000000089020e60) 
thrown [s\src\hotspot\share\interpreter\linkResolver.cpp, line 773]
Event: 1.302 Thread 0x0000019d766371f0 Exception <a 'java/lang/NoSuchMethodError'{0x000000008905a638}: 'java.lang.Object java.lang.invoke.DirectMethodHandle$Holder.newInvokeSpecial(java.lang.Object, java.lang.Object, int)'> (0x000000008905a638) 
thrown [s\src\hotspot\share\interpreter\linkResolver.cpp, line 773]
Event: 1.332 Thread 0x0000019d768b7280 Exception <a 'java/lang/NoSuchMethodError'{0x0000000088f08e20}: 'int java.lang.invoke.DirectMethodHandle$Holder.invokeStaticInit(java.lang.Object, java.lang.Object)'> (0x0000000088f08e20) 
thrown [s\src\hotspot\share\interpreter\linkResolver.cpp, line 773]
Event: 1.347 Thread 0x0000019d766371f0 Exception <a 'java/lang/NoSuchMethodError'{0x0000000088fd56d0}: 'long java.lang.invoke.DirectMethodHandle$Holder.invokeStatic(java.lang.Object, java.lang.Object, java.lang.Object)'> (0x0000000088fd56d0) 
thrown [s\src\hotspot\share\interpreter\linkResolver.cpp, line 773]
Event: 1.347 Thread 0x0000019d766371f0 Exception <a 'java/lang/NoSuchMethodError'{0x0000000088fd8aa0}: 'long java.lang.invoke.DirectMethodHandle$Holder.invokeStaticInit(java.lang.Object, java.lang.Object, java.lang.Object)'> (0x0000000088fd8aa0) 
thrown [s\src\hotspot\share\interpreter\linkResolver.cpp, line 773]
Event: 1.349 Thread 0x0000019d766371f0 Exception <a 'java/lang/NoSuchMethodError'{0x0000000088fed098}: 'java.lang.Object java.lang.invoke.DirectMethodHandle$Holder.newInvokeSpecial(java.lang.Object, java.lang.Object, long)'> (0x0000000088fed098) 
thrown [s\src\hotspot\share\interpreter\linkResolver.cpp, line 773]
Event: 1.349 Thread 0x0000019d766371f0 Exception <a 'java/lang/NoSuchMethodError'{0x0000000088ff0990}: 'java.lang.Object java.lang.invoke.Invokers$Holder.linkToTargetMethod(java.lang.Object, long, java.lang.Object)'> (0x0000000088ff0990) 
thrown [s\src\hotspot\share\interpreter\linkResolver.cpp, line 773]

ZGC Phase Switch (0 events):
No events

VM Operations (20 events):
Event: 18.020 Executing VM operation: Cleanup done
Event: 39.067 Executing VM operation: Cleanup
Event: 39.067 Executing VM operation: Cleanup done
Event: 40.067 Executing VM operation: Cleanup
Event: 40.068 Executing VM operation: Cleanup done
Event: 42.213 Executing VM operation: G1TryInitiateConcMark (G1 Humongous Allocation)
Event: 42.222 Executing VM operation: G1TryInitiateConcMark (G1 Humongous Allocation) done
Event: 43.222 Executing VM operation: Cleanup
Event: 43.222 Executing VM operation: Cleanup done
Event: 44.222 Executing VM operation: Cleanup
Event: 44.222 Executing VM operation: Cleanup done
Event: 45.223 Executing VM operation: Cleanup
Event: 45.223 Executing VM operation: Cleanup done
Event: 60.191 Executing VM operation: HandshakeAllThreads (HandshakeForDeflation)
Event: 60.191 Executing VM operation: HandshakeAllThreads (HandshakeForDeflation) done
Event: 60.191 Executing VM operation: RendezvousGCThreads
Event: 60.191 Executing VM operation: RendezvousGCThreads done
Event: 62.191 Executing VM operation: Cleanup
Event: 62.191 Executing VM operation: Cleanup done
Event: 74.651 Executing VM operation: Exit

Events (20 events):
Event: 0.179 Thread 0x0000019d71a254d0 Thread added: 0x0000019d71a254d0
Event: 0.179 Thread 0x0000019d714c6510 Thread added: 0x0000019d714c6510
Event: 0.414 Thread 0x0000019d768b7280 Thread added: 0x0000019d768b7280
Event: 0.451 Thread 0x0000019d76631740 Thread added: 0x0000019d76631740
Event: 0.454 Thread 0x0000019d766371f0 Thread added: 0x0000019d766371f0
Event: 0.512 Thread 0x0000019d76290a20 Thread added: 0x0000019d76290a20
Event: 0.513 Thread 0x0000019d76291090 Thread added: 0x0000019d76291090
Event: 1.169 Thread 0x0000019d769359b0 Thread added: 0x0000019d769359b0
Event: 1.381 Thread 0x0000019d76936040 Thread added: 0x0000019d76936040
Event: 1.643 Thread 0x0000019d712e5d10 Thread exited: 0x0000019d712e5d10
Event: 3.146 Thread 0x0000019d76ba6ab0 Thread added: 0x0000019d76ba6ab0
Event: 3.296 Thread 0x0000019d76ba6ab0 Thread exited: 0x0000019d76ba6ab0
Event: 8.351 Thread 0x0000019d76afff10 Thread added: 0x0000019d76afff10
Event: 8.479 Thread 0x0000019d76afff10 Thread exited: 0x0000019d76afff10
Event: 74.650 Thread 0x0000019d76933250 Thread added: 0x0000019d76933250
Event: 74.650 Thread 0x0000019d769338e0 Thread added: 0x0000019d769338e0
Event: 74.650 Thread 0x0000019d76935320 Thread added: 0x0000019d76935320
Event: 74.651 Thread 0x0000019d769338e0 Thread exited: 0x0000019d769338e0
Event: 74.651 Thread 0x0000019d76935320 Thread exited: 0x0000019d76935320
Event: 74.651 Thread 0x0000019d70faa360 Thread exited: 0x0000019d70faa360


Dynamic libraries:
0x00007ff60b4f0000 - 0x00007ff60b4fe000 	C:\Users\NickS\.jdks\corretto-21.0.1\bin\java.exe
0x00007ffe3f6c0000 - 0x00007ffe3f8c9000 	C:\Windows\SYSTEM32\ntdll.dll
0x00007ffe3de60000 - 0x00007ffe3df1d000 	C:\Windows\System32\KERNEL32.DLL
0x00007ffe3d0c0000 - 0x00007ffe3d444000 	C:\Windows\System32\KERNELBASE.dll
0x00007ffe3cc20000 - 0x00007ffe3cd31000 	C:\Windows\System32\ucrtbase.dll
0x00007ffe38860000 - 0x00007ffe38878000 	C:\Users\NickS\.jdks\corretto-21.0.1\bin\jli.dll
0x00007ffe3f3c0000 - 0x00007ffe3f56d000 	C:\Windows\System32\USER32.dll
0x00007ffe3cb50000 - 0x00007ffe3cb76000 	C:\Windows\System32\win32u.dll
0x00007ffe3ea00000 - 0x00007ffe3ea2a000 	C:\Windows\System32\GDI32.dll
0x00007ffe3cdc0000 - 0x00007ffe3cede000 	C:\Windows\System32\gdi32full.dll
0x00007ffe3cb80000 - 0x00007ffe3cc1d000 	C:\Windows\System32\msvcp_win.dll
0x00007ffe29d60000 - 0x00007ffe2a005000 	C:\Windows\WinSxS\amd64_microsoft.windows.common-controls_6595b64144ccf1df_6.0.22000.120_none_9d947278b86cc467\COMCTL32.dll
0x00007ffe3d830000 - 0x00007ffe3d8d3000 	C:\Windows\System32\msvcrt.dll
0x00007ffe337a0000 - 0x00007ffe337bb000 	C:\Users\NickS\.jdks\corretto-21.0.1\bin\VCRUNTIME140.dll
0x00007ffe3e080000 - 0x00007ffe3e0b1000 	C:\Windows\System32\IMM32.DLL
0x00007ffe394d0000 - 0x00007ffe394dc000 	C:\Users\NickS\.jdks\corretto-21.0.1\bin\vcruntime140_1.dll
0x00007ffdf2850000 - 0x00007ffdf28dd000 	C:\Users\NickS\.jdks\corretto-21.0.1\bin\msvcp140.dll
0x00007ffddbeb0000 - 0x00007ffddcc3d000 	C:\Users\NickS\.jdks\corretto-21.0.1\bin\server\jvm.dll
0x00007ffe3f260000 - 0x00007ffe3f30e000 	C:\Windows\System32\ADVAPI32.dll
0x00007ffe3f570000 - 0x00007ffe3f60e000 	C:\Windows\System32\sechost.dll
0x00007ffe3e8d0000 - 0x00007ffe3e9f1000 	C:\Windows\System32\RPCRT4.dll
0x00007ffe3f610000 - 0x00007ffe3f67f000 	C:\Windows\System32\WS2_32.dll
0x00007ffe3b4b0000 - 0x00007ffe3b4fd000 	C:\Windows\SYSTEM32\POWRPROF.dll
0x00007ffe35870000 - 0x00007ffe358a3000 	C:\Windows\SYSTEM32\WINMM.dll
0x00007ffe2f660000 - 0x00007ffe2f66a000 	C:\Windows\SYSTEM32\VERSION.dll
0x00007ffe3b5a0000 - 0x00007ffe3b5b3000 	C:\Windows\SYSTEM32\UMPDC.dll
0x00007ffe3bcb0000 - 0x00007ffe3bcc8000 	C:\Windows\SYSTEM32\kernel.appcore.dll
0x00007ffe39400000 - 0x00007ffe3940a000 	C:\Users\NickS\.jdks\corretto-21.0.1\bin\jimage.dll
0x00007ffe3a110000 - 0x00007ffe3a331000 	C:\Windows\SYSTEM32\DBGHELP.DLL
0x00007ffe291a0000 - 0x00007ffe291d1000 	C:\Windows\SYSTEM32\dbgcore.DLL
0x00007ffe3cd40000 - 0x00007ffe3cdbf000 	C:\Windows\System32\bcryptPrimitives.dll
0x00007ffe34d80000 - 0x00007ffe34d8e000 	C:\Users\NickS\.jdks\corretto-21.0.1\bin\instrument.dll
0x00007ffe29170000 - 0x00007ffe2918f000 	C:\Users\NickS\.jdks\corretto-21.0.1\bin\java.dll
0x00007ffe3ea90000 - 0x00007ffe3f255000 	C:\Windows\System32\SHELL32.dll
0x00007ffe3ac20000 - 0x00007ffe3b482000 	C:\Windows\SYSTEM32\windows.storage.dll
0x00007ffe3dae0000 - 0x00007ffe3de56000 	C:\Windows\System32\combase.dll
0x00007ffe3aab0000 - 0x00007ffe3ac17000 	C:\Windows\SYSTEM32\wintypes.dll
0x00007ffe3df20000 - 0x00007ffe3e00a000 	C:\Windows\System32\SHCORE.dll
0x00007ffe3e010000 - 0x00007ffe3e06d000 	C:\Windows\System32\shlwapi.dll
0x00007ffe3ca80000 - 0x00007ffe3caa5000 	C:\Windows\SYSTEM32\profapi.dll
0x00007ffde1b80000 - 0x00007ffde1c57000 	C:\Users\NickS\.jdks\corretto-21.0.1\bin\jsvml.dll
0x00007ffe15e30000 - 0x00007ffe15e40000 	C:\Users\NickS\.jdks\corretto-21.0.1\bin\net.dll
0x00007ffe352b0000 - 0x00007ffe353c4000 	C:\Windows\SYSTEM32\WINHTTP.dll
0x00007ffe3c160000 - 0x00007ffe3c1c7000 	C:\Windows\system32\mswsock.dll
0x00007ffe14e80000 - 0x00007ffe14e96000 	C:\Users\NickS\.jdks\corretto-21.0.1\bin\nio.dll
0x00007ffe14e60000 - 0x00007ffe14e78000 	C:\Users\NickS\.jdks\corretto-21.0.1\bin\zip.dll
0x00007ffe12710000 - 0x00007ffe1272a000 	C:\Program Files\JetBrains\IntelliJ IDEA Community Edition 2023.2.4\bin\breakgen64.dll
0x0000019d71d40000 - 0x0000019d71d43000 	C:\Users\NickS\.openjfx\cache\21-ea+null\amd64\api-ms-win-core-console-l1-1-0.dll
0x0000019d71d50000 - 0x0000019d71d53000 	C:\Users\NickS\.openjfx\cache\21-ea+null\amd64\api-ms-win-core-console-l1-2-0.dll
0x0000019d71d60000 - 0x0000019d71d63000 	C:\Users\NickS\.openjfx\cache\21-ea+null\amd64\api-ms-win-core-datetime-l1-1-0.dll
0x0000019d71d70000 - 0x0000019d71d73000 	C:\Users\NickS\.openjfx\cache\21-ea+null\amd64\api-ms-win-core-debug-l1-1-0.dll
0x0000019d71d80000 - 0x0000019d71d83000 	C:\Users\NickS\.openjfx\cache\21-ea+null\amd64\api-ms-win-core-errorhandling-l1-1-0.dll
0x0000019d71d90000 - 0x0000019d71d94000 	C:\Users\NickS\.openjfx\cache\21-ea+null\amd64\api-ms-win-core-file-l1-1-0.dll
0x0000019d71da0000 - 0x0000019d71da3000 	C:\Users\NickS\.openjfx\cache\21-ea+null\amd64\api-ms-win-core-file-l1-2-0.dll
0x0000019d71ec0000 - 0x0000019d71ec3000 	C:\Users\NickS\.openjfx\cache\21-ea+null\amd64\api-ms-win-core-file-l2-1-0.dll
0x0000019d71ed0000 - 0x0000019d71ed3000 	C:\Users\NickS\.openjfx\cache\21-ea+null\amd64\api-ms-win-core-handle-l1-1-0.dll
0x0000019d71ee0000 - 0x0000019d71ee3000 	C:\Users\NickS\.openjfx\cache\21-ea+null\amd64\api-ms-win-core-heap-l1-1-0.dll
0x0000019d71ef0000 - 0x0000019d71ef3000 	C:\Users\NickS\.openjfx\cache\21-ea+null\amd64\api-ms-win-core-interlocked-l1-1-0.dll
0x0000019d71f00000 - 0x0000019d71f03000 	C:\Users\NickS\.openjfx\cache\21-ea+null\amd64\api-ms-win-core-libraryloader-l1-1-0.dll
0x0000019d71f10000 - 0x0000019d71f13000 	C:\Users\NickS\.openjfx\cache\21-ea+null\amd64\api-ms-win-core-localization-l1-2-0.dll
0x0000019d71f20000 - 0x0000019d71f23000 	C:\Users\NickS\.openjfx\cache\21-ea+null\amd64\api-ms-win-core-memory-l1-1-0.dll
0x0000019d71db0000 - 0x0000019d71db3000 	C:\Users\NickS\.openjfx\cache\21-ea+null\amd64\api-ms-win-core-namedpipe-l1-1-0.dll
0x0000019d71dc0000 - 0x0000019d71dc3000 	C:\Users\NickS\.openjfx\cache\21-ea+null\amd64\api-ms-win-core-processenvironment-l1-1-0.dll
0x0000019d71dd0000 - 0x0000019d71dd3000 	C:\Users\NickS\.openjfx\cache\21-ea+null\amd64\api-ms-win-core-processthreads-l1-1-0.dll
0x0000019d71de0000 - 0x0000019d71de3000 	C:\Users\NickS\.openjfx\cache\21-ea+null\amd64\api-ms-win-core-processthreads-l1-1-1.dll
0x0000019d71df0000 - 0x0000019d71df3000 	C:\Users\NickS\.openjfx\cache\21-ea+null\amd64\api-ms-win-core-profile-l1-1-0.dll
0x0000019d71e00000 - 0x0000019d71e03000 	C:\Users\NickS\.openjfx\cache\21-ea+null\amd64\api-ms-win-core-rtlsupport-l1-1-0.dll
0x0000019d71e10000 - 0x0000019d71e13000 	C:\Users\NickS\.openjfx\cache\21-ea+null\amd64\api-ms-win-core-string-l1-1-0.dll
0x0000019d71e20000 - 0x0000019d71e23000 	C:\Users\NickS\.openjfx\cache\21-ea+null\amd64\api-ms-win-core-synch-l1-1-0.dll
0x0000019d71e30000 - 0x0000019d71e33000 	C:\Users\NickS\.openjfx\cache\21-ea+null\amd64\api-ms-win-core-synch-l1-2-0.dll
0x0000019d71e40000 - 0x0000019d71e43000 	C:\Users\NickS\.openjfx\cache\21-ea+null\amd64\api-ms-win-core-sysinfo-l1-1-0.dll
0x0000019d71e50000 - 0x0000019d71e53000 	C:\Users\NickS\.openjfx\cache\21-ea+null\amd64\api-ms-win-core-timezone-l1-1-0.dll
0x0000019d71e60000 - 0x0000019d71e63000 	C:\Users\NickS\.openjfx\cache\21-ea+null\amd64\api-ms-win-core-util-l1-1-0.dll
0x0000019d71e70000 - 0x0000019d71e73000 	C:\Users\NickS\.openjfx\cache\21-ea+null\amd64\api-ms-win-crt-conio-l1-1-0.dll
0x0000019d71e80000 - 0x0000019d71e84000 	C:\Users\NickS\.openjfx\cache\21-ea+null\amd64\api-ms-win-crt-convert-l1-1-0.dll
0x0000019d71e90000 - 0x0000019d71e93000 	C:\Users\NickS\.openjfx\cache\21-ea+null\amd64\api-ms-win-crt-environment-l1-1-0.dll
0x0000019d71ea0000 - 0x0000019d71ea3000 	C:\Users\NickS\.openjfx\cache\21-ea+null\amd64\api-ms-win-crt-filesystem-l1-1-0.dll
0x0000019d71eb0000 - 0x0000019d71eb3000 	C:\Users\NickS\.openjfx\cache\21-ea+null\amd64\api-ms-win-crt-heap-l1-1-0.dll
0x0000019d71f30000 - 0x0000019d71f33000 	C:\Users\NickS\.openjfx\cache\21-ea+null\amd64\api-ms-win-crt-locale-l1-1-0.dll
0x0000019d71f40000 - 0x0000019d71f45000 	C:\Users\NickS\.openjfx\cache\21-ea+null\amd64\api-ms-win-crt-math-l1-1-0.dll
0x0000019d71f50000 - 0x0000019d71f55000 	C:\Users\NickS\.openjfx\cache\21-ea+null\amd64\api-ms-win-crt-multibyte-l1-1-0.dll
0x0000019d71f60000 - 0x0000019d71f70000 	C:\Users\NickS\.openjfx\cache\21-ea+null\amd64\api-ms-win-crt-private-l1-1-0.dll
0x0000019d71f70000 - 0x0000019d71f73000 	C:\Users\NickS\.openjfx\cache\21-ea+null\amd64\api-ms-win-crt-process-l1-1-0.dll
0x0000019d71f80000 - 0x0000019d71f84000 	C:\Users\NickS\.openjfx\cache\21-ea+null\amd64\api-ms-win-crt-runtime-l1-1-0.dll
0x0000019d71f90000 - 0x0000019d71f94000 	C:\Users\NickS\.openjfx\cache\21-ea+null\amd64\api-ms-win-crt-stdio-l1-1-0.dll
0x0000019d71fa0000 - 0x0000019d71fa4000 	C:\Users\NickS\.openjfx\cache\21-ea+null\amd64\api-ms-win-crt-string-l1-1-0.dll
0x0000019d71fb0000 - 0x0000019d71fb3000 	C:\Users\NickS\.openjfx\cache\21-ea+null\amd64\api-ms-win-crt-time-l1-1-0.dll
0x0000019d71fc0000 - 0x0000019d71fc3000 	C:\Users\NickS\.openjfx\cache\21-ea+null\amd64\api-ms-win-crt-utility-l1-1-0.dll
0x00007ffde1a80000 - 0x00007ffde1b7c000 	C:\Users\NickS\.openjfx\cache\21-ea+null\amd64\ucrtbase.dll
0x00007ffe12530000 - 0x00007ffe1254b000 	C:\Users\NickS\.openjfx\cache\21-ea+null\amd64\vcruntime140.dll
0x00007ffe14e50000 - 0x00007ffe14e5c000 	C:\Users\NickS\.openjfx\cache\21-ea+null\amd64\vcruntime140_1.dll
0x00007ffde5500000 - 0x00007ffde558e000 	C:\Users\NickS\.openjfx\cache\21-ea+null\amd64\msvcp140.dll
0x00007ffe3d680000 - 0x00007ffe3d81a000 	C:\Windows\System32\ole32.dll
0x00007ffe13900000 - 0x00007ffe13909000 	C:\Users\NickS\.openjfx\cache\21-ea+null\amd64\msvcp140_1.dll
0x00007ffe0d050000 - 0x00007ffe0d07f000 	C:\Users\NickS\.openjfx\cache\21-ea+null\amd64\msvcp140_2.dll
0x00007ffe0a2b0000 - 0x00007ffe0a2df000 	C:\Users\NickS\.openjfx\cache\21-ea+null\amd64\prism_d3d.dll
0x00007ffdf26a0000 - 0x00007ffdf2846000 	C:\Windows\system32\d3d9.dll
0x00007ffe39bb0000 - 0x00007ffe39bdf000 	C:\Windows\SYSTEM32\dwmapi.dll
0x00007ffe39b30000 - 0x00007ffe39b68000 	C:\Windows\SYSTEM32\dxcore.dll
0x00007ffe39910000 - 0x00007ffe399bc000 	C:\Windows\system32\uxtheme.dll
0x00007ffdf2530000 - 0x00007ffdf2695000 	C:\Windows\System32\DriverStore\FileRepository\iigd_dch.inf_amd64_5dc1a2977f07512e\igdumdim64.dll
0x00007ffde84c0000 - 0x00007ffdec14b000 	C:\Windows\System32\DriverStore\FileRepository\iigd_dch.inf_amd64_5dc1a2977f07512e\igd9dxva64.dll
0x00007ffe3d900000 - 0x00007ffe3d9d6000 	C:\Windows\System32\OLEAUT32.dll
0x00007ffe3e140000 - 0x00007ffe3e5b2000 	C:\Windows\System32\SETUPAPI.dll
0x00007ffe3c850000 - 0x00007ffe3c89c000 	C:\Windows\SYSTEM32\cfgmgr32.dll
0x00007ffe33180000 - 0x00007ffe334b6000 	C:\Windows\System32\DriverStore\FileRepository\iigd_dch.inf_amd64_5dc1a2977f07512e\igdgmm64.dll
0x00007ffe37cf0000 - 0x00007ffe37d34000 	C:\Windows\SYSTEM32\directxdatabasehelper.dll
0x00007ffe3bcd0000 - 0x00007ffe3bd04000 	C:\Windows\SYSTEM32\ntmarta.dll
0x00007ffe05550000 - 0x00007ffe05592000 	C:\Users\NickS\.openjfx\cache\21-ea+null\amd64\glass.dll
0x00007ffe3d9e0000 - 0x00007ffe3dacc000 	C:\Windows\System32\COMDLG32.dll
0x00007ffe3e790000 - 0x00007ffe3e8ad000 	C:\Windows\System32\MSCTF.dll
0x00007ffdf15c0000 - 0x00007ffdf15e7000 	C:\Windows\System32\DriverStore\FileRepository\iigd_dch.inf_amd64_5dc1a2977f07512e\igdinfo64.dll
0x00007ffe2fea0000 - 0x00007ffe32c2f000 	C:\Windows\System32\DriverStore\FileRepository\iigd_dch.inf_amd64_5dc1a2977f07512e\igc64.dll
0x00007ffdfe570000 - 0x00007ffdfe59d000 	C:\Users\NickS\.openjfx\cache\21-ea+null\amd64\javafx_iio.dll
0x00007ffe05530000 - 0x00007ffe05544000 	C:\Users\NickS\.openjfx\cache\21-ea+null\amd64\javafx_font.dll
0x00007ffe354c0000 - 0x00007ffe3571f000 	C:\Windows\SYSTEM32\dwrite.dll
0x00007ffe3f310000 - 0x00007ffe3f3bf000 	C:\Windows\System32\clbcatq.dll
0x00007ffe365d0000 - 0x00007ffe3677e000 	C:\Windows\SYSTEM32\WindowsCodecs.dll
0x00007ffe2e5a0000 - 0x00007ffe2e5fd000 	C:\Windows\system32\dataexchange.dll
0x00007ffe360f0000 - 0x00007ffe36355000 	C:\Windows\system32\twinapi.appcore.dll
0x00007ffde1e00000 - 0x00007ffde1e32000 	C:\Program Files\Common Files\Microsoft Shared\Ink\rtscom.dll
0x00007ffe28290000 - 0x00007ffe283bc000 	C:\Windows\SYSTEM32\textinputframework.dll
0x00007ffe39240000 - 0x00007ffe39371000 	C:\Windows\SYSTEM32\CoreMessaging.dll
0x00007ffe37390000 - 0x00007ffe376fd000 	C:\Windows\SYSTEM32\CoreUIComponents.dll
0x00007ffe3c3c0000 - 0x00007ffe3c3cc000 	C:\Windows\SYSTEM32\CRYPTBASE.DLL

dbghelp: loaded successfully - version: 4.0.5 - missing functions: none
symbol engine: initialized successfully - sym options: 0x614 - pdb path: .;C:\Users\NickS\.jdks\corretto-21.0.1\bin;C:\Windows\SYSTEM32;C:\Windows\WinSxS\amd64_microsoft.windows.common-controls_6595b64144ccf1df_6.0.22000.120_none_9d947278b86cc467;C:\Users\NickS\.jdks\corretto-21.0.1\bin\server;C:\Program Files\JetBrains\IntelliJ IDEA Community Edition 2023.2.4\bin;C:\Users\NickS\.openjfx\cache\21-ea+null\amd64;C:\Windows\System32\DriverStore\FileRepository\iigd_dch.inf_amd64_5dc1a2977f07512e;C:\Program Files\Common Files\Microsoft Shared\Ink

VM Arguments:
jvm_args: -javaagent:C:\Program Files\JetBrains\IntelliJ IDEA Community Edition 2023.2.4\lib\idea_rt.jar=60186:C:\Program Files\JetBrains\IntelliJ IDEA Community Edition 2023.2.4\bin -Dfile.encoding=UTF-8 -Dsun.stdout.encoding=UTF-8 -Dsun.stderr.encoding=UTF-8 --module-path=C:\Users\NickS\.m2\repository\org\openjfx\javafx-controls\21-ea+24\javafx-controls-21-ea+24-win.jar;C:\Users\NickS\.m2\repository\org\openjfx\javafx-graphics\21-ea+24\javafx-graphics-21-ea+24-win.jar;C:\Users\NickS\.m2\repository\org\openjfx\javafx-base\21-ea+24\javafx-base-21-ea+24-win.jar;C:\Users\NickS\OneDrive\Рабочий стол\thrthehrhjyj\target\classes;C:\Users\NickS\.m2\repository\org\openjfx\javafx-fxml\21-ea+24\javafx-fxml-21-ea+24-win.jar -Djdk.module.main=com.example.thrthehrhjyj 
java_command: com.example.thrthehrhjyj/com.example.thrthehrhjyj.HelloApplication
java_class_path (initial): C:\Users\NickS\.m2\repository\org\openjfx\javafx-controls\21-ea+24\javafx-controls-21-ea+24.jar;C:\Users\NickS\.m2\repository\org\openjfx\javafx-graphics\21-ea+24\javafx-graphics-21-ea+24.jar;C:\Users\NickS\.m2\repository\org\openjfx\javafx-base\21-ea+24\javafx-base-21-ea+24.jar;C:\Users\NickS\.m2\repository\org\openjfx\javafx-fxml\21-ea+24\javafx-fxml-21-ea+24.jar;C:\Users\NickS\OneDrive\Рабочий стол\mysql-connector-j-8.3.0.jar
Launcher Type: SUN_STANDARD

[Global flags]
     intx CICompilerCount                          = 3                                         {product} {ergonomic}
     uint ConcGCThreads                            = 1                                         {product} {ergonomic}
     uint G1ConcRefinementThreads                  = 4                                         {product} {ergonomic}
   size_t G1HeapRegionSize                         = 1048576                                   {product} {ergonomic}
    uintx GCDrainStackTargetSize                   = 64                                        {product} {ergonomic}
   size_t InitialHeapSize                          = 132120576                                 {product} {ergonomic}
   size_t MarkStackSize                            = 4194304                                   {product} {ergonomic}
   size_t MaxHeapSize                              = 2095054848                                {product} {ergonomic}
   size_t MaxNewSize                               = 1256194048                                {product} {ergonomic}
   size_t MinHeapDeltaBytes                        = 1048576                                   {product} {ergonomic}
   size_t MinHeapSize                              = 8388608                                   {product} {ergonomic}
    uintx NonNMethodCodeHeapSize                   = 5832780                                {pd product} {ergonomic}
    uintx NonProfiledCodeHeapSize                  = 122912730                              {pd product} {ergonomic}
    uintx ProfiledCodeHeapSize                     = 122912730                              {pd product} {ergonomic}
    uintx ReservedCodeCacheSize                    = 251658240                              {pd product} {ergonomic}
     bool SegmentedCodeCache                       = true                                      {product} {ergonomic}
   size_t SoftMaxHeapSize                          = 2095054848                             {manageable} {ergonomic}
     bool UseCompressedOops                        = true                           {product lp64_product} {ergonomic}
     bool UseG1GC                                  = true                                      {product} {ergonomic}
     bool UseLargePagesIndividualAllocation        = false                                  {pd product} {ergonomic}

Logging:
Log output configuration:
 #0: stdout all=off uptime,level,tags foldmultilines=false
 #1: stderr all=off uptime,level,tags foldmultilines=false

Environment Variables:
PATH=C:\Program Files\Common Files\Oracle\Java\javapath;C:\Program Files (x86)\Common Files\Oracle\Java\javapath;C:\Windows\System32\HWAudioDriverLibs;C:\Windows\system32;C:\Windows;C:\Windows\System32\Wbem;C:\Windows\System32\WindowsPowerShell\v1.0\;C:\Windows\System32\OpenSSH\;C:\Users\Administrator\AppData\Local\Microsoft\WindowsApps;C:\Users\NickS\scoop\apps\composer\current\home\vendor\bin;C:\Users\NickS\scoop\shims;C:\Users\NickS\AppData\Local\Microsoft\WindowsApps
USERNAME=NickS
OS=Windows_NT
PROCESSOR_IDENTIFIER=Intel64 Family 6 Model 140 Stepping 1, GenuineIntel
TMP=C:\Users\NickS\AppData\Local\Temp
TEMP=C:\Users\NickS\AppData\Local\Temp




Periodic native trim disabled

---------------  S Y S T E M  ---------------

OS:
 Windows 11 , 64 bit Build 22000 (10.0.22000.2538)
OS uptime: 1 days 23:03 hours

CPU: total 4 (initial active 4) (2 cores per cpu, 2 threads per core) family 6 model 140 stepping 1 microcode 0x8a, cx8, cmov, fxsr, ht, mmx, 3dnowpref, sse, sse2, sse3, ssse3, sse4.1, sse4.2, popcnt, lzcnt, tsc, tscinvbit, avx, avx2, aes, erms, clmul, bmi1, bmi2, adx, avx512f, avx512dq, avx512cd, avx512bw, avx512vl, sha, fma, vzeroupper, avx512_vpopcntdq, avx512_vpclmulqdq, avx512_vaes, avx512_vnni, clflush, clflushopt, clwb, avx512_vbmi2, avx512_vbmi, rdtscp, rdpid, fsrm, gfni, avx512_bitalg, f16c, pku, cet_ibt, cet_ss, avx512_ifma
Processor Information for all 4 processors :
  Max Mhz: 2995, Current Mhz: 2995, Mhz Limit: 2995

Memory: 4k page, system-wide physical 7991M (966M free)
TotalPageFile size 13623M (AvailPageFile size 1836M)
current process WorkingSet (physical memory assigned to process): 343M, peak: 367M
current process commit charge ("private bytes"): 382M, peak: 407M

vm_info: OpenJDK 64-Bit Server VM (21.0.1+12-LTS) for windows-amd64 JRE (21.0.1+12-LTS), built on 2023-10-12T03:52:47Z by "Administrator" with MS VC++ 16.10 / 16.11 (VS2019)

END.
