#
# A fatal error has been detected by the Java Runtime Environment:
#
#  EXCEPTION_ACCESS_VIOLATION (0xc0000005) at pc=0x00007ff8c2356587, pid=636, tid=18156
#
# JRE version: OpenJDK Runtime Environment (21.0.2+13) (build 21.0.2+13-58)
# Java VM: OpenJDK 64-Bit Server VM (21.0.2+13-58, mixed mode, sharing, tiered, compressed oops, compressed class ptrs, g1 gc, windows-amd64)
# Problematic frame:
# C  [glass.dll+0x26587]
#
# No core dump will be written. Minidumps are not enabled by default on client versions of Windows
#
# If you would like to submit a bug report, please visit:
#   https://bugreport.java.com/bugreport/crash.jsp
#

---------------  S U M M A R Y ------------

Command Line: -javaagent:F:\IntelliJ IDEA Community Edition 2023.2.1\lib\idea_rt.jar=50886:F:\IntelliJ IDEA Community Edition 2023.2.1\bin -Dfile.encoding=UTF-8 -Dsun.stdout.encoding=UTF-8 -Dsun.stderr.encoding=UTF-8 --module-path=C:\Users\Student\.m2\repository\org\openjfx\javafx-fxml\21-ea+24\javafx-fxml-21-ea+24-win.jar;C:\Users\Student\.m2\repository\org\openjfx\javafx-base\21-ea+24\javafx-base-21-ea+24-win.jar;C:\Users\Student\Desktop\thrthehrhjyj\target\classes;C:\Users\Student\.m2\repository\org\openjfx\javafx-graphics\21-ea+24\javafx-graphics-21-ea+24-win.jar;C:\Users\Student\.m2\repository\org\openjfx\javafx-controls\21-ea+24\javafx-controls-21-ea+24-win.jar -Djdk.module.main=com.example.thrthehrhjyj com.example.thrthehrhjyj/com.example.thrthehrhjyj.HelloApplication

Host: Intel(R) Core(TM) i7-8700 CPU @ 3.20GHz, 12 cores, 15G,  Windows 11 , 64 bit Build 22621 (10.0.22621.3085)
Time: Sat Mar 16 08:21:26 2024 RTZ 2 (s 11 , 64 bit Build 22621 (10.0.22621.3085) elapsed time: 36.162989 seconds (0d 0h 0m 36s)

---------------  T H R E A D  ---------------

Current thread (0x000001dac4bc64f0):  VMThread "VM Thread"          [id=18156, stack(0x0000000ed7c00000,0x0000000ed7d00000) (1024K)]

Stack: [0x0000000ed7c00000,0x0000000ed7d00000],  sp=0x0000000ed7cfed10,  free space=1019k
Native frames: (J=compiled Java code, j=interpreted, Vv=VM code, C=native code)
C  [glass.dll+0x26587]


siginfo: EXCEPTION_ACCESS_VIOLATION (0xc0000005), reading address 0x0000000000000000


Registers:
RAX=0x0000000000000000, RBX=0x000001dac4bd12da, RCX=0x000001dac4bc64f0, RDX=0x0000000ed7cfed10
RSP=0x0000000ed7cfed10, RBP=0x000001db0ac5b408, RSI=0x0000000ed7cfee18, RDI=0x000001db0ac5b3e0
R8 =0x0000000000010002, R9 =0x000001db0ac5b3e0, R10=0x85f13e9656da4870, R11=0x0000000ed7cfeca0
R12=0x00007ff8c2353ed0, R13=0x00007ff873ac4720, R14=0x000014a4a557f884, R15=0x000001db0ac5b3e0
RIP=0x00007ff8c2356587, EFLAGS=0x0000000000010202


Register to memory mapping:

RAX=0x0 is null
RBX=0x000001dac4bd12da is a global jni handle
RCX=0x000001dac4bc64f0 points into unknown readable memory: 0x00007ff8738d6038 | 38 60 8d 73 f8 7f 00 00
RDX=0x0000000ed7cfed10 points into unknown readable memory: 0x0000000000000000 | 00 00 00 00 00 00 00 00
RSP=0x0000000ed7cfed10 points into unknown readable memory: 0x0000000000000000 | 00 00 00 00 00 00 00 00
RBP=0x000001db0ac5b408 points into unknown readable memory: 0x000014a4a557f884 | 84 f8 57 a5 a4 14 00 00
RSI=0x0000000ed7cfee18 points into unknown readable memory: 0x0000000ed7cfee00 | 00 ee cf d7 0e 00 00 00
RDI=0x000001db0ac5b3e0 points into unknown readable memory: 0x0007eb2886046604 | 04 66 04 86 28 eb 07 00
R8 =0x0000000000010002 is an unknown value
R9 =0x000001db0ac5b3e0 points into unknown readable memory: 0x0007eb2886046604 | 04 66 04 86 28 eb 07 00
R10=0x85f13e9656da4870 is an unknown value
R11=0x0000000ed7cfeca0 points into unknown readable memory: 0x000001db0ac5b3e0 | e0 b3 c5 0a db 01 00 00
R12=0x00007ff8c2353ed0 glass.dll
R13=0x00007ff873ac4720 jvm.dll
R14=0x000014a4a557f884 is an unknown value
R15=0x000001db0ac5b3e0 points into unknown readable memory: 0x0007eb2886046604 | 04 66 04 86 28 eb 07 00

Top of Stack: (sp=0x0000000ed7cfed10)
0x0000000ed7cfed10:   0000000000000000 0000000ed7cfee18
0x0000000ed7cfed20:   00007ff873ac4720 00007ff8c2353ed0
0x0000000ed7cfed30:   000001db0ac5b3e8 00007ff8d3ac3a83
0x0000000ed7cfed40:   000001db0ac5b3e0 000001db00000000
0x0000000ed7cfed50:   000001db0ac5b408 0000000ed7cfee18
0x0000000ed7cfed60:   fffffffffffffffe 0000000000000000
0x0000000ed7cfed70:   0000000000000001 00007ff8c2330000
0x0000000ed7cfed80:   0000000ed7cfee08 00007ff8d3a9006e
0x0000000ed7cfed90:   0000000000000000 0000000ed7cfee18
0x0000000ed7cfeda0:   0000000ed7cff100 0000000000000001
0x0000000ed7cfedb0:   0000000000000001 00007ff8d3a8da1d
0x0000000ed7cfedc0:   0000000000000000 00007ff8c23536c9
0x0000000ed7cfedd0:   0000000000000000 0000000ed7cfee08
0x0000000ed7cfede0:   fffffffffffffffe 0000000ed7cfed00
0x0000000ed7cfedf0:   0000000000000000 00007ff8c2353d5d
0x0000000ed7cfee00:   00007ff8c236a008 0000000000000002
0x0000000ed7cfee10:   0000128100000002 0000000ed7cfee00
0x0000000ed7cfee20:   0000000000000000 00007ff8d6758603
0x0000000ed7cfee30:   0000000000000000 00007ff8c2353e82
0x0000000ed7cfee40:   0000000000000001 0000000000000001
0x0000000ed7cfee50:   0000000000000000 0000000000000001
0x0000000ed7cfee60:   000001da00000001 00007ff8d3262223
0x0000000ed7cfee70:   0000000000000001 00007ff8c6a20000
0x0000000ed7cfee80:   00007ff8c2330000 000000007ffe0384
0x0000000ed7cfee90:   0000000000000000 00007ff8d675869f
0x0000000ed7cfeea0:   00007ff8c2330000 0000000000000000
0x0000000ed7cfeeb0:   0000000000000001 000000007ffe0385
0x0000000ed7cfeec0:   0000000000000000 00007ff8d67812e9
0x0000000ed7cfeed0:   0000193fcd213e00 0000000000000014
0x0000000ed7cfeee0:   00007ff8c2353ed0 0000000000000000
0x0000000ed7cfeef0:   0000000000000000 0000000ed716f000
0x0000000ed7cfef00:   000001db0abbcf20 00007ff8d67810a6 

Instructions: (pc=0x00007ff8c2356587)
0x00007ff8c2356487:   8b 4d 58 e8 8d cf ff ff 48 8b 4d 60 e8 84 cf ff
0x00007ff8c2356497:   ff 48 8b 95 80 00 00 00 48 8b 8d 18 01 00 00 e8
0x00007ff8c23564a7:   76 c4 ff ff 33 d2 33 c9 e8 cc e1 ff ff 90 48 89
0x00007ff8c23564b7:   54 24 10 55 48 83 ec 20 48 8b ea 48 b8 00 00 00
0x00007ff8c23564c7:   00 00 00 00 00 48 83 c4 20 5d c3 cc 40 55 48 8b
0x00007ff8c23564d7:   ea 48 8b 01 33 c9 81 38 05 00 00 c0 0f 94 c1 8b
0x00007ff8c23564e7:   c1 5d c3 cc 40 55 48 83 ec 20 48 8b ea 8a 4d 40
0x00007ff8c23564f7:   48 83 c4 20 5d e9 73 d3 ff ff cc 40 55 48 83 ec
0x00007ff8c2356507:   20 48 8b ea 8a 4d 20 e8 61 d3 ff ff 90 48 83 c4
0x00007ff8c2356517:   20 5d c3 cc 40 55 48 83 ec 20 48 8b ea 48 83 c4
0x00007ff8c2356527:   20 5d e9 c2 d1 ff ff cc 40 55 48 83 ec 30 48 8b
0x00007ff8c2356537:   ea 48 8b 01 8b 10 48 89 4c 24 28 89 54 24 20 4c
0x00007ff8c2356547:   8d 0d 63 d6 ff ff 4c 8b 45 70 8b 55 68 48 8b 4d
0x00007ff8c2356557:   60 e8 03 d1 ff ff 90 48 83 c4 30 5d c3 cc cc cc
0x00007ff8c2356567:   cc cc cc cc cc cc cc cc cc 40 53 48 83 ec 20 48
0x00007ff8c2356577:   8b 1d 8b 34 01 00 48 85 db 74 16 e8 89 8f ff ff
0x00007ff8c2356587:   4c 8b 00 48 8b d3 48 8b c8 41 ff 90 b0 00 00 00
0x00007ff8c2356597:   90 48 83 c4 20 5b c3 cc cc 40 53 48 83 ec 20 48
0x00007ff8c23565a7:   8b 1d fb 35 01 00 48 85 db 74 57 b8 ff ff ff ff
0x00007ff8c23565b7:   f0 0f c1 43 10 83 f8 01 75 3d 48 85 db 74 38 48
0x00007ff8c23565c7:   8b 0b 48 85 c9 74 0d ff 15 d4 0c 00 00 48 c7 03
0x00007ff8c23565d7:   00 00 00 00 48 8b 4b 08 48 85 c9 74 0d e8 33 ce
0x00007ff8c23565e7:   ff ff 48 c7 43 08 00 00 00 00 ba 18 00 00 00 48
0x00007ff8c23565f7:   8b cb e8 1e ce ff ff 48 c7 05 9f 35 01 00 00 00
0x00007ff8c2356607:   00 00 48 83 c4 20 5b c3 cc 40 53 48 83 ec 20 48
0x00007ff8c2356617:   8b 1d 6b 35 01 00 48 85 db 74 57 b8 ff ff ff ff
0x00007ff8c2356627:   f0 0f c1 43 10 83 f8 01 75 3d 48 85 db 74 38 48
0x00007ff8c2356637:   8b 0b 48 85 c9 74 0d ff 15 64 0c 00 00 48 c7 03
0x00007ff8c2356647:   00 00 00 00 48 8b 4b 08 48 85 c9 74 0d e8 c3 cd
0x00007ff8c2356657:   ff ff 48 c7 43 08 00 00 00 00 ba 18 00 00 00 48
0x00007ff8c2356667:   8b cb e8 ae cd ff ff 48 c7 05 0f 35 01 00 00 00
0x00007ff8c2356677:   00 00 48 83 c4 20 5b c3 cc 40 53 48 83 ec 20 48 


Stack slot to memory mapping:

stack at sp + 0 slots: 0x0 is null
stack at sp + 1 slots: 0x0000000ed7cfee18 points into unknown readable memory: 0x0000000ed7cfee00 | 00 ee cf d7 0e 00 00 00
stack at sp + 2 slots: 0x00007ff873ac4720 jvm.dll
stack at sp + 3 slots: 0x00007ff8c2353ed0 glass.dll
stack at sp + 4 slots: 0x000001db0ac5b3e8 points into unknown readable memory: 0x000014a4a557f884 | 84 f8 57 a5 a4 14 00 00
stack at sp + 5 slots: 0x00007ff8d3ac3a83 ucrtbase.dll
stack at sp + 6 slots: 0x000001db0ac5b3e0 points into unknown readable memory: 0x0007eb2886046604 | 04 66 04 86 28 eb 07 00
stack at sp + 7 slots: 0x000001db00000000 is an unknown value

VM_Operation (0x0000000ed86feca0): Exit, mode: safepoint, requested by thread 0x000001db0b688040


---------------  P R O C E S S  ---------------

Threads class SMR info:
_java_thread_list=0x000001db1272ce60, length=20, elements={
0x000001daa56c83d0, 0x000001dac4be5280, 0x000001dac4be60a0, 0x000001dac4bea400,
0x000001dac4bec300, 0x000001dac4bed500, 0x000001dac4bf1850, 0x000001dac4bf73c0,
0x000001dac4bfbe70, 0x000001db0a0aff60, 0x000001db0a0acae0, 0x000001db0a0aebb0,
0x000001db0a0af8d0, 0x000001db0a0ad800, 0x000001db0a0ade90, 0x000001db0aa762f0,
0x000001db0aa71430, 0x000001db0b684530, 0x000001db0b686600, 0x000001db0b688040
}

Java Threads: ( => current thread )
  0x000001daa56c83d0 JavaThread "main"                              [_thread_blocked, id=10384, stack(0x0000000ed7500000,0x0000000ed7600000) (1024K)]
  0x000001dac4be5280 JavaThread "Reference Handler"          daemon [_thread_blocked, id=17284, stack(0x0000000ed7d00000,0x0000000ed7e00000) (1024K)]
  0x000001dac4be60a0 JavaThread "Finalizer"                  daemon [_thread_blocked, id=18568, stack(0x0000000ed7e00000,0x0000000ed7f00000) (1024K)]
  0x000001dac4bea400 JavaThread "Signal Dispatcher"          daemon [_thread_blocked, id=13992, stack(0x0000000ed7f00000,0x0000000ed8000000) (1024K)]
  0x000001dac4bec300 JavaThread "Attach Listener"            daemon [_thread_blocked, id=15424, stack(0x0000000ed8000000,0x0000000ed8100000) (1024K)]
  0x000001dac4bed500 JavaThread "Service Thread"             daemon [_thread_blocked, id=16784, stack(0x0000000ed8100000,0x0000000ed8200000) (1024K)]
  0x000001dac4bf1850 JavaThread "Monitor Deflation Thread"   daemon [_thread_blocked, id=8564, stack(0x0000000ed8200000,0x0000000ed8300000) (1024K)]
  0x000001dac4bf73c0 JavaThread "C2 CompilerThread0"         daemon [_thread_blocked, id=17108, stack(0x0000000ed8300000,0x0000000ed8400000) (1024K)]
  0x000001dac4bfbe70 JavaThread "C1 CompilerThread0"         daemon [_thread_blocked, id=1096, stack(0x0000000ed8400000,0x0000000ed8500000) (1024K)]
  0x000001db0a0aff60 JavaThread "Common-Cleaner"             daemon [_thread_blocked, id=15876, stack(0x0000000ed8500000,0x0000000ed8600000) (1024K)]
  0x000001db0a0acae0 JavaThread "Monitor Ctrl-Break"         daemon [_thread_in_native, id=14136, stack(0x0000000ed8800000,0x0000000ed8900000) (1024K)]
  0x000001db0a0aebb0 JavaThread "Notification Thread"        daemon [_thread_blocked, id=1128, stack(0x0000000ed8900000,0x0000000ed8a00000) (1024K)]
  0x000001db0a0af8d0 JavaThread "QuantumRenderer-0"          daemon [_thread_blocked, id=14720, stack(0x0000000ed8700000,0x0000000ed8800000) (1024K)]
  0x000001db0a0ad800 JavaThread "InvokeLaterDispatcher"      daemon [_thread_blocked, id=3748, stack(0x0000000ed8a00000,0x0000000ed8b00000) (1024K)]
  0x000001db0a0ade90 JavaThread "JavaFX Application Thread"         [_thread_in_native, id=13964, stack(0x0000000ed8b00000,0x0000000ed8c00000) (1024K)]
  0x000001db0aa762f0 JavaThread "Thread-1"                   daemon [_thread_in_native, id=14168, stack(0x0000000ed8f00000,0x0000000ed9000000) (1024K)]
  0x000001db0aa71430 JavaThread "JavaFX-Launcher"                   [_thread_blocked, id=18400, stack(0x0000000ed9000000,0x0000000ed9100000) (1024K)]
  0x000001db0b684530 JavaThread "Prism Font Disposer"        daemon [_thread_blocked, id=7320, stack(0x0000000ed9900000,0x0000000ed9a00000) (1024K)]
  0x000001db0b686600 JavaThread "Cleaner-0"                  daemon [_thread_blocked, id=16676, stack(0x0000000ed9e00000,0x0000000ed9f00000) (1024K)]
  0x000001db0b688040 JavaThread "SIGINT handler"             daemon [_thread_blocked, id=16448, stack(0x0000000ed8600000,0x0000000ed8700000) (1024K)]
Total: 20

Other Threads:
=>0x000001dac4bc64f0 VMThread "VM Thread"                           [id=18156, stack(0x0000000ed7c00000,0x0000000ed7d00000) (1024K)]
  0x000001daa57316d0 WorkerThread "GC Thread#0"                     [id=2284, stack(0x0000000ed7600000,0x0000000ed7700000) (1024K)]
  0x000001db0acb6d30 WorkerThread "GC Thread#1"                     [id=8560, stack(0x0000000ed9100000,0x0000000ed9200000) (1024K)]
  0x000001db0ad4d660 WorkerThread "GC Thread#2"                     [id=3184, stack(0x0000000ed9200000,0x0000000ed9300000) (1024K)]
  0x000001db0ac94340 WorkerThread "GC Thread#3"                     [id=13164, stack(0x0000000ed9300000,0x0000000ed9400000) (1024K)]
  0x000001db0acdf2a0 WorkerThread "GC Thread#4"                     [id=15028, stack(0x0000000ed9400000,0x0000000ed9500000) (1024K)]
  0x000001db0aca1ca0 WorkerThread "GC Thread#5"                     [id=14416, stack(0x0000000ed9500000,0x0000000ed9600000) (1024K)]
  0x000001db0b0bf4d0 WorkerThread "GC Thread#6"                     [id=6888, stack(0x0000000ed9a00000,0x0000000ed9b00000) (1024K)]
  0x000001db0b22a0a0 WorkerThread "GC Thread#7"                     [id=19336, stack(0x0000000ed9b00000,0x0000000ed9c00000) (1024K)]
  0x000001db0b8a3640 WorkerThread "GC Thread#8"                     [id=7152, stack(0x0000000ed9c00000,0x0000000ed9d00000) (1024K)]
  0x000001db0b8a2420 WorkerThread "GC Thread#9"                     [id=17988, stack(0x0000000ed9d00000,0x0000000ed9e00000) (1024K)]
  0x000001daa5742240 ConcurrentGCThread "G1 Main Marker"            terminated
  0x000001daa5742e00 WorkerThread "G1 Conc#0"                       [id=9000, stack(0x0000000ed7800000,0x0000000ed7900000) (1024K)]
  0x000001daa578ea60 ConcurrentGCThread "G1 Refine#0"               terminated
  0x000001dac4a816c0 ConcurrentGCThread "G1 Service"                terminated
Total: 15

Threads with active compile tasks:
Total: 0

VM state: at safepoint (shutting down)

VM Mutex/Monitor currently owned by a thread:  ([mutex/lock_event])
[0x00007ff873a9cd68] Threads_lock - owner thread: 0x000001dac4bc64f0
[0x00007ff873a9ce68] Heap_lock - owner thread: 0x000001db0b688040

Heap address: 0x0000000703800000, size: 4040 MB, Compressed Oops mode: Zero based, Oop shift amount: 3

CDS archive(s) mapped at: [0x000001dac5000000-0x000001dac5c90000-0x000001dac5c90000), size 13172736, SharedBaseAddress: 0x000001dac5000000, ArchiveRelocationMode: 1.
Compressed class space mapped at: 0x000001dac6000000-0x000001db06000000, reserved size: 1073741824
Narrow klass base: 0x000001dac5000000, Narrow klass shift: 0, Narrow klass range: 0x100000000

GC Precious Log:
 CardTable entry size: 512
 Card Set container configuration: InlinePtr #cards 4 size 8 Array Of Cards #cards 16 size 48 Howl #buckets 8 coarsen threshold 3686 Howl Bitmap #cards 512 size 80 coarsen threshold 460 Card regions per heap region 1 cards per card region 4096
 CPUs: 12 total, 12 available
 Memory: 16158M
 Large Page Support: Disabled
 NUMA Support: Disabled
 Compressed Oops: Enabled (Zero based)
 Heap Region Size: 2M
 Heap Min Capacity: 8M
 Heap Initial Capacity: 254M
 Heap Max Capacity: 4040M
 Pre-touch: Disabled
 Parallel Workers: 10
 Concurrent Workers: 3
 Concurrent Refinement Workers: 10
 Periodic GC: Disabled

Heap:
 garbage-first heap   total 260096K, used 51682K [0x0000000703800000, 0x0000000800000000)
  region size 2048K, 13 young (26624K), 3 survivors (6144K)
 Metaspace       used 16101K, committed 16448K, reserved 1114112K
  class space    used 2351K, committed 2496K, reserved 1048576K

Heap Regions: E=young(eden), S=young(survivor), O=old, HS=humongous(starts), HC=humongous(continues), CS=collection set, F=free, TAMS=top-at-mark-start, PB=parsable bottom
|   0|0x0000000703800000, 0x0000000703a00000, 0x0000000703a00000|100%|HS|  |TAMS 0x0000000703800000| PB 0x0000000703800000| Complete 
|   1|0x0000000703a00000, 0x0000000703c00000, 0x0000000703c00000|100%|HC|  |TAMS 0x0000000703a00000| PB 0x0000000703a00000| Complete 
|   2|0x0000000703c00000, 0x0000000703e00000, 0x0000000703e00000|100%|HC|  |TAMS 0x0000000703c00000| PB 0x0000000703c00000| Complete 
|   3|0x0000000703e00000, 0x0000000703e78b88, 0x0000000704000000| 23%| O|  |TAMS 0x0000000703e00000| PB 0x0000000703e00000| Untracked 
|   4|0x0000000704000000, 0x0000000704200000, 0x0000000704200000|100%|HS|  |TAMS 0x0000000704000000| PB 0x0000000704000000| Complete 
|   5|0x0000000704200000, 0x0000000704400000, 0x0000000704400000|100%|HS|  |TAMS 0x0000000704200000| PB 0x0000000704200000| Complete 
|   6|0x0000000704400000, 0x0000000704600000, 0x0000000704600000|100%|HC|  |TAMS 0x0000000704400000| PB 0x0000000704400000| Complete 
|   7|0x0000000704600000, 0x0000000704800000, 0x0000000704800000|100%|HC|  |TAMS 0x0000000704600000| PB 0x0000000704600000| Complete 
|   8|0x0000000704800000, 0x0000000704a00000, 0x0000000704a00000|100%|HS|  |TAMS 0x0000000704800000| PB 0x0000000704800000| Complete 
|   9|0x0000000704a00000, 0x0000000704c00000, 0x0000000704c00000|100%|HC|  |TAMS 0x0000000704a00000| PB 0x0000000704a00000| Complete 
|  10|0x0000000704c00000, 0x0000000704e00000, 0x0000000704e00000|100%|HC|  |TAMS 0x0000000704c00000| PB 0x0000000704c00000| Complete 
|  11|0x0000000704e00000, 0x0000000705000000, 0x0000000705000000|100%|HS|  |TAMS 0x0000000704e00000| PB 0x0000000704e00000| Complete 
|  12|0x0000000705000000, 0x0000000705200000, 0x0000000705200000|100%|HC|  |TAMS 0x0000000705000000| PB 0x0000000705000000| Complete 
|  13|0x0000000705200000, 0x0000000705400000, 0x0000000705400000|100%|HC|  |TAMS 0x0000000705200000| PB 0x0000000705200000| Complete 
|  14|0x0000000705400000, 0x0000000705400000, 0x0000000705600000|  0%| F|  |TAMS 0x0000000705400000| PB 0x0000000705400000| Untracked 
|  15|0x0000000705600000, 0x0000000705600000, 0x0000000705800000|  0%| F|  |TAMS 0x0000000705600000| PB 0x0000000705600000| Untracked 
|  16|0x0000000705800000, 0x0000000705800000, 0x0000000705a00000|  0%| F|  |TAMS 0x0000000705800000| PB 0x0000000705800000| Untracked 
|  17|0x0000000705a00000, 0x0000000705a00000, 0x0000000705c00000|  0%| F|  |TAMS 0x0000000705a00000| PB 0x0000000705a00000| Untracked 
|  18|0x0000000705c00000, 0x0000000705c00000, 0x0000000705e00000|  0%| F|  |TAMS 0x0000000705c00000| PB 0x0000000705c00000| Untracked 
|  19|0x0000000705e00000, 0x0000000705e00000, 0x0000000706000000|  0%| F|  |TAMS 0x0000000705e00000| PB 0x0000000705e00000| Untracked 
|  20|0x0000000706000000, 0x0000000706000000, 0x0000000706200000|  0%| F|  |TAMS 0x0000000706000000| PB 0x0000000706000000| Untracked 
|  21|0x0000000706200000, 0x0000000706200000, 0x0000000706400000|  0%| F|  |TAMS 0x0000000706200000| PB 0x0000000706200000| Untracked 
|  22|0x0000000706400000, 0x0000000706400000, 0x0000000706600000|  0%| F|  |TAMS 0x0000000706400000| PB 0x0000000706400000| Untracked 
|  23|0x0000000706600000, 0x0000000706600000, 0x0000000706800000|  0%| F|  |TAMS 0x0000000706600000| PB 0x0000000706600000| Untracked 
|  24|0x0000000706800000, 0x0000000706800000, 0x0000000706a00000|  0%| F|  |TAMS 0x0000000706800000| PB 0x0000000706800000| Untracked 
|  25|0x0000000706a00000, 0x0000000706a00000, 0x0000000706c00000|  0%| F|  |TAMS 0x0000000706a00000| PB 0x0000000706a00000| Untracked 
|  26|0x0000000706c00000, 0x0000000706c00000, 0x0000000706e00000|  0%| F|  |TAMS 0x0000000706c00000| PB 0x0000000706c00000| Untracked 
|  27|0x0000000706e00000, 0x0000000706e00000, 0x0000000707000000|  0%| F|  |TAMS 0x0000000706e00000| PB 0x0000000706e00000| Untracked 
|  28|0x0000000707000000, 0x0000000707000000, 0x0000000707200000|  0%| F|  |TAMS 0x0000000707000000| PB 0x0000000707000000| Untracked 
|  29|0x0000000707200000, 0x0000000707200000, 0x0000000707400000|  0%| F|  |TAMS 0x0000000707200000| PB 0x0000000707200000| Untracked 
|  30|0x0000000707400000, 0x0000000707400000, 0x0000000707600000|  0%| F|  |TAMS 0x0000000707400000| PB 0x0000000707400000| Untracked 
|  31|0x0000000707600000, 0x0000000707600000, 0x0000000707800000|  0%| F|  |TAMS 0x0000000707600000| PB 0x0000000707600000| Untracked 
|  32|0x0000000707800000, 0x0000000707800000, 0x0000000707a00000|  0%| F|  |TAMS 0x0000000707800000| PB 0x0000000707800000| Untracked 
|  33|0x0000000707a00000, 0x0000000707a00000, 0x0000000707c00000|  0%| F|  |TAMS 0x0000000707a00000| PB 0x0000000707a00000| Untracked 
|  34|0x0000000707c00000, 0x0000000707c00000, 0x0000000707e00000|  0%| F|  |TAMS 0x0000000707c00000| PB 0x0000000707c00000| Untracked 
|  35|0x0000000707e00000, 0x0000000707e00000, 0x0000000708000000|  0%| F|  |TAMS 0x0000000707e00000| PB 0x0000000707e00000| Untracked 
|  36|0x0000000708000000, 0x0000000708000000, 0x0000000708200000|  0%| F|  |TAMS 0x0000000708000000| PB 0x0000000708000000| Untracked 
|  37|0x0000000708200000, 0x0000000708200000, 0x0000000708400000|  0%| F|  |TAMS 0x0000000708200000| PB 0x0000000708200000| Untracked 
|  38|0x0000000708400000, 0x0000000708400000, 0x0000000708600000|  0%| F|  |TAMS 0x0000000708400000| PB 0x0000000708400000| Untracked 
|  39|0x0000000708600000, 0x0000000708600000, 0x0000000708800000|  0%| F|  |TAMS 0x0000000708600000| PB 0x0000000708600000| Untracked 
|  40|0x0000000708800000, 0x0000000708800000, 0x0000000708a00000|  0%| F|  |TAMS 0x0000000708800000| PB 0x0000000708800000| Untracked 
|  41|0x0000000708a00000, 0x0000000708a00000, 0x0000000708c00000|  0%| F|  |TAMS 0x0000000708a00000| PB 0x0000000708a00000| Untracked 
|  42|0x0000000708c00000, 0x0000000708c00000, 0x0000000708e00000|  0%| F|  |TAMS 0x0000000708c00000| PB 0x0000000708c00000| Untracked 
|  43|0x0000000708e00000, 0x0000000708e00000, 0x0000000709000000|  0%| F|  |TAMS 0x0000000708e00000| PB 0x0000000708e00000| Untracked 
|  44|0x0000000709000000, 0x0000000709000000, 0x0000000709200000|  0%| F|  |TAMS 0x0000000709000000| PB 0x0000000709000000| Untracked 
|  45|0x0000000709200000, 0x0000000709200000, 0x0000000709400000|  0%| F|  |TAMS 0x0000000709200000| PB 0x0000000709200000| Untracked 
|  46|0x0000000709400000, 0x0000000709400000, 0x0000000709600000|  0%| F|  |TAMS 0x0000000709400000| PB 0x0000000709400000| Untracked 
|  47|0x0000000709600000, 0x0000000709600000, 0x0000000709800000|  0%| F|  |TAMS 0x0000000709600000| PB 0x0000000709600000| Untracked 
|  48|0x0000000709800000, 0x0000000709800000, 0x0000000709a00000|  0%| F|  |TAMS 0x0000000709800000| PB 0x0000000709800000| Untracked 
|  49|0x0000000709a00000, 0x0000000709a00000, 0x0000000709c00000|  0%| F|  |TAMS 0x0000000709a00000| PB 0x0000000709a00000| Untracked 
|  50|0x0000000709c00000, 0x0000000709c00000, 0x0000000709e00000|  0%| F|  |TAMS 0x0000000709c00000| PB 0x0000000709c00000| Untracked 
|  51|0x0000000709e00000, 0x0000000709e00000, 0x000000070a000000|  0%| F|  |TAMS 0x0000000709e00000| PB 0x0000000709e00000| Untracked 
|  52|0x000000070a000000, 0x000000070a000000, 0x000000070a200000|  0%| F|  |TAMS 0x000000070a000000| PB 0x000000070a000000| Untracked 
|  53|0x000000070a200000, 0x000000070a200000, 0x000000070a400000|  0%| F|  |TAMS 0x000000070a200000| PB 0x000000070a200000| Untracked 
|  54|0x000000070a400000, 0x000000070a400000, 0x000000070a600000|  0%| F|  |TAMS 0x000000070a400000| PB 0x000000070a400000| Untracked 
|  55|0x000000070a600000, 0x000000070a600000, 0x000000070a800000|  0%| F|  |TAMS 0x000000070a600000| PB 0x000000070a600000| Untracked 
|  56|0x000000070a800000, 0x000000070a800000, 0x000000070aa00000|  0%| F|  |TAMS 0x000000070a800000| PB 0x000000070a800000| Untracked 
|  57|0x000000070aa00000, 0x000000070aa00000, 0x000000070ac00000|  0%| F|  |TAMS 0x000000070aa00000| PB 0x000000070aa00000| Untracked 
|  58|0x000000070ac00000, 0x000000070ac00000, 0x000000070ae00000|  0%| F|  |TAMS 0x000000070ac00000| PB 0x000000070ac00000| Untracked 
|  59|0x000000070ae00000, 0x000000070ae00000, 0x000000070b000000|  0%| F|  |TAMS 0x000000070ae00000| PB 0x000000070ae00000| Untracked 
|  60|0x000000070b000000, 0x000000070b000000, 0x000000070b200000|  0%| F|  |TAMS 0x000000070b000000| PB 0x000000070b000000| Untracked 
|  61|0x000000070b200000, 0x000000070b200000, 0x000000070b400000|  0%| F|  |TAMS 0x000000070b200000| PB 0x000000070b200000| Untracked 
|  62|0x000000070b400000, 0x000000070b400000, 0x000000070b600000|  0%| F|  |TAMS 0x000000070b400000| PB 0x000000070b400000| Untracked 
|  63|0x000000070b600000, 0x000000070b600000, 0x000000070b800000|  0%| F|  |TAMS 0x000000070b600000| PB 0x000000070b600000| Untracked 
|  64|0x000000070b800000, 0x000000070b800000, 0x000000070ba00000|  0%| F|  |TAMS 0x000000070b800000| PB 0x000000070b800000| Untracked 
|  65|0x000000070ba00000, 0x000000070ba00000, 0x000000070bc00000|  0%| F|  |TAMS 0x000000070ba00000| PB 0x000000070ba00000| Untracked 
|  66|0x000000070bc00000, 0x000000070bc00000, 0x000000070be00000|  0%| F|  |TAMS 0x000000070bc00000| PB 0x000000070bc00000| Untracked 
|  67|0x000000070be00000, 0x000000070be00000, 0x000000070c000000|  0%| F|  |TAMS 0x000000070be00000| PB 0x000000070be00000| Untracked 
|  68|0x000000070c000000, 0x000000070c000000, 0x000000070c200000|  0%| F|  |TAMS 0x000000070c000000| PB 0x000000070c000000| Untracked 
|  69|0x000000070c200000, 0x000000070c200000, 0x000000070c400000|  0%| F|  |TAMS 0x000000070c200000| PB 0x000000070c200000| Untracked 
|  70|0x000000070c400000, 0x000000070c400000, 0x000000070c600000|  0%| F|  |TAMS 0x000000070c400000| PB 0x000000070c400000| Untracked 
|  71|0x000000070c600000, 0x000000070c600000, 0x000000070c800000|  0%| F|  |TAMS 0x000000070c600000| PB 0x000000070c600000| Untracked 
|  72|0x000000070c800000, 0x000000070c800000, 0x000000070ca00000|  0%| F|  |TAMS 0x000000070c800000| PB 0x000000070c800000| Untracked 
|  73|0x000000070ca00000, 0x000000070ca00000, 0x000000070cc00000|  0%| F|  |TAMS 0x000000070ca00000| PB 0x000000070ca00000| Untracked 
|  74|0x000000070cc00000, 0x000000070cc00000, 0x000000070ce00000|  0%| F|  |TAMS 0x000000070cc00000| PB 0x000000070cc00000| Untracked 
|  75|0x000000070ce00000, 0x000000070ce00000, 0x000000070d000000|  0%| F|  |TAMS 0x000000070ce00000| PB 0x000000070ce00000| Untracked 
|  76|0x000000070d000000, 0x000000070d000000, 0x000000070d200000|  0%| F|  |TAMS 0x000000070d000000| PB 0x000000070d000000| Untracked 
|  77|0x000000070d200000, 0x000000070d200000, 0x000000070d400000|  0%| F|  |TAMS 0x000000070d200000| PB 0x000000070d200000| Untracked 
|  78|0x000000070d400000, 0x000000070d400000, 0x000000070d600000|  0%| F|  |TAMS 0x000000070d400000| PB 0x000000070d400000| Untracked 
|  79|0x000000070d600000, 0x000000070d600000, 0x000000070d800000|  0%| F|  |TAMS 0x000000070d600000| PB 0x000000070d600000| Untracked 
|  80|0x000000070d800000, 0x000000070d800000, 0x000000070da00000|  0%| F|  |TAMS 0x000000070d800000| PB 0x000000070d800000| Untracked 
|  81|0x000000070da00000, 0x000000070da00000, 0x000000070dc00000|  0%| F|  |TAMS 0x000000070da00000| PB 0x000000070da00000| Untracked 
|  82|0x000000070dc00000, 0x000000070dc00000, 0x000000070de00000|  0%| F|  |TAMS 0x000000070dc00000| PB 0x000000070dc00000| Untracked 
|  83|0x000000070de00000, 0x000000070de00000, 0x000000070e000000|  0%| F|  |TAMS 0x000000070de00000| PB 0x000000070de00000| Untracked 
|  84|0x000000070e000000, 0x000000070e000000, 0x000000070e200000|  0%| F|  |TAMS 0x000000070e000000| PB 0x000000070e000000| Untracked 
|  85|0x000000070e200000, 0x000000070e200000, 0x000000070e400000|  0%| F|  |TAMS 0x000000070e200000| PB 0x000000070e200000| Untracked 
|  86|0x000000070e400000, 0x000000070e400000, 0x000000070e600000|  0%| F|  |TAMS 0x000000070e400000| PB 0x000000070e400000| Untracked 
|  87|0x000000070e600000, 0x000000070e600000, 0x000000070e800000|  0%| F|  |TAMS 0x000000070e600000| PB 0x000000070e600000| Untracked 
|  88|0x000000070e800000, 0x000000070e800000, 0x000000070ea00000|  0%| F|  |TAMS 0x000000070e800000| PB 0x000000070e800000| Untracked 
|  89|0x000000070ea00000, 0x000000070ea00000, 0x000000070ec00000|  0%| F|  |TAMS 0x000000070ea00000| PB 0x000000070ea00000| Untracked 
|  90|0x000000070ec00000, 0x000000070ec00000, 0x000000070ee00000|  0%| F|  |TAMS 0x000000070ec00000| PB 0x000000070ec00000| Untracked 
|  91|0x000000070ee00000, 0x000000070ee00000, 0x000000070f000000|  0%| F|  |TAMS 0x000000070ee00000| PB 0x000000070ee00000| Untracked 
|  92|0x000000070f000000, 0x000000070f000000, 0x000000070f200000|  0%| F|  |TAMS 0x000000070f000000| PB 0x000000070f000000| Untracked 
|  93|0x000000070f200000, 0x000000070f200000, 0x000000070f400000|  0%| F|  |TAMS 0x000000070f200000| PB 0x000000070f200000| Untracked 
|  94|0x000000070f400000, 0x000000070f400000, 0x000000070f600000|  0%| F|  |TAMS 0x000000070f400000| PB 0x000000070f400000| Untracked 
|  95|0x000000070f600000, 0x000000070f600000, 0x000000070f800000|  0%| F|  |TAMS 0x000000070f600000| PB 0x000000070f600000| Untracked 
|  96|0x000000070f800000, 0x000000070f800000, 0x000000070fa00000|  0%| F|  |TAMS 0x000000070f800000| PB 0x000000070f800000| Untracked 
|  97|0x000000070fa00000, 0x000000070fa00000, 0x000000070fc00000|  0%| F|  |TAMS 0x000000070fa00000| PB 0x000000070fa00000| Untracked 
|  98|0x000000070fc00000, 0x000000070fc00000, 0x000000070fe00000|  0%| F|  |TAMS 0x000000070fc00000| PB 0x000000070fc00000| Untracked 
|  99|0x000000070fe00000, 0x000000070fe00000, 0x0000000710000000|  0%| F|  |TAMS 0x000000070fe00000| PB 0x000000070fe00000| Untracked 
| 100|0x0000000710000000, 0x0000000710000000, 0x0000000710200000|  0%| F|  |TAMS 0x0000000710000000| PB 0x0000000710000000| Untracked 
| 101|0x0000000710200000, 0x0000000710200000, 0x0000000710400000|  0%| F|  |TAMS 0x0000000710200000| PB 0x0000000710200000| Untracked 
| 102|0x0000000710400000, 0x0000000710400000, 0x0000000710600000|  0%| F|  |TAMS 0x0000000710400000| PB 0x0000000710400000| Untracked 
| 103|0x0000000710600000, 0x0000000710800000, 0x0000000710800000|100%| S|CS|TAMS 0x0000000710600000| PB 0x0000000710600000| Complete 
| 104|0x0000000710800000, 0x0000000710a00000, 0x0000000710a00000|100%| S|CS|TAMS 0x0000000710800000| PB 0x0000000710800000| Complete 
| 105|0x0000000710a00000, 0x0000000710c00000, 0x0000000710c00000|100%| S|CS|TAMS 0x0000000710a00000| PB 0x0000000710a00000| Complete 
| 106|0x0000000710c00000, 0x0000000710c00000, 0x0000000710e00000|  0%| F|  |TAMS 0x0000000710c00000| PB 0x0000000710c00000| Untracked 
| 107|0x0000000710e00000, 0x0000000710e00000, 0x0000000711000000|  0%| F|  |TAMS 0x0000000710e00000| PB 0x0000000710e00000| Untracked 
| 108|0x0000000711000000, 0x0000000711000000, 0x0000000711200000|  0%| F|  |TAMS 0x0000000711000000| PB 0x0000000711000000| Untracked 
| 109|0x0000000711200000, 0x0000000711200000, 0x0000000711400000|  0%| F|  |TAMS 0x0000000711200000| PB 0x0000000711200000| Untracked 
| 110|0x0000000711400000, 0x0000000711400000, 0x0000000711600000|  0%| F|  |TAMS 0x0000000711400000| PB 0x0000000711400000| Untracked 
| 111|0x0000000711600000, 0x0000000711600000, 0x0000000711800000|  0%| F|  |TAMS 0x0000000711600000| PB 0x0000000711600000| Untracked 
| 112|0x0000000711800000, 0x0000000711800000, 0x0000000711a00000|  0%| F|  |TAMS 0x0000000711800000| PB 0x0000000711800000| Untracked 
| 113|0x0000000711a00000, 0x0000000711a00000, 0x0000000711c00000|  0%| F|  |TAMS 0x0000000711a00000| PB 0x0000000711a00000| Untracked 
| 114|0x0000000711c00000, 0x0000000711c00000, 0x0000000711e00000|  0%| F|  |TAMS 0x0000000711c00000| PB 0x0000000711c00000| Untracked 
| 115|0x0000000711e00000, 0x0000000711e00000, 0x0000000712000000|  0%| F|  |TAMS 0x0000000711e00000| PB 0x0000000711e00000| Untracked 
| 116|0x0000000712000000, 0x0000000712000000, 0x0000000712200000|  0%| F|  |TAMS 0x0000000712000000| PB 0x0000000712000000| Untracked 
| 117|0x0000000712200000, 0x000000071227d178, 0x0000000712400000| 24%| E|  |TAMS 0x0000000712200000| PB 0x0000000712200000| Complete 
| 118|0x0000000712400000, 0x0000000712600000, 0x0000000712600000|100%| E|CS|TAMS 0x0000000712400000| PB 0x0000000712400000| Complete 
| 119|0x0000000712600000, 0x0000000712800000, 0x0000000712800000|100%| E|CS|TAMS 0x0000000712600000| PB 0x0000000712600000| Complete 
| 120|0x0000000712800000, 0x0000000712a00000, 0x0000000712a00000|100%| E|CS|TAMS 0x0000000712800000| PB 0x0000000712800000| Complete 
| 121|0x0000000712a00000, 0x0000000712c00000, 0x0000000712c00000|100%| E|CS|TAMS 0x0000000712a00000| PB 0x0000000712a00000| Complete 
| 122|0x0000000712c00000, 0x0000000712e00000, 0x0000000712e00000|100%| E|CS|TAMS 0x0000000712c00000| PB 0x0000000712c00000| Complete 
| 123|0x0000000712e00000, 0x0000000713000000, 0x0000000713000000|100%| E|CS|TAMS 0x0000000712e00000| PB 0x0000000712e00000| Complete 
| 124|0x0000000713000000, 0x0000000713200000, 0x0000000713200000|100%| E|CS|TAMS 0x0000000713000000| PB 0x0000000713000000| Complete 
| 125|0x0000000713200000, 0x0000000713400000, 0x0000000713400000|100%| E|CS|TAMS 0x0000000713200000| PB 0x0000000713200000| Complete 
| 126|0x0000000713400000, 0x0000000713600000, 0x0000000713600000|100%| E|CS|TAMS 0x0000000713400000| PB 0x0000000713400000| Complete 

Card table byte_map: [0x000001dabd860000,0x000001dabe050000] _byte_map_base: 0x000001daba044000

Marking Bits: (CMBitMap*) 0x000001daa5731ce0
 Bits: [0x000001dabe050000, 0x000001dac1f70000)

Polling page: 0x000001daa4e90000

Metaspace:

Usage:
  Non-class:     13.43 MB used.
      Class:      2.30 MB used.
       Both:     15.72 MB used.

Virtual space:
  Non-class space:       64.00 MB reserved,      13.62 MB ( 21%) committed,  1 nodes.
      Class space:        1.00 GB reserved,       2.44 MB ( <1%) committed,  1 nodes.
             Both:        1.06 GB reserved,      16.06 MB (  1%) committed. 

Chunk freelists:
   Non-Class:  1.59 MB
       Class:  13.51 MB
        Both:  15.11 MB

MaxMetaspaceSize: unlimited
CompressedClassSpaceSize: 1.00 GB
Initial GC threshold: 21.00 MB
Current GC threshold: 21.00 MB
CDS: on
 - commit_granule_bytes: 65536.
 - commit_granule_words: 8192.
 - virtual_space_node_default_size: 8388608.
 - enlarge_chunks_in_place: 1.
 - use_allocation_guard: 0.


Internal statistics:

num_allocs_failed_limit: 0.
num_arena_births: 332.
num_arena_deaths: 0.
num_vsnodes_births: 2.
num_vsnodes_deaths: 0.
num_space_committed: 257.
num_space_uncommitted: 0.
num_chunks_returned_to_freelist: 0.
num_chunks_taken_from_freelist: 847.
num_chunk_merges: 0.
num_chunk_splits: 574.
num_chunks_enlarged: 437.
num_inconsistent_stats: 0.

CodeHeap 'non-profiled nmethods': size=120000Kb used=1053Kb max_used=1053Kb free=118947Kb
 bounds [0x000001dab55f0000, 0x000001dab5860000, 0x000001dabcb20000]
CodeHeap 'profiled nmethods': size=120000Kb used=5065Kb max_used=5065Kb free=114934Kb
 bounds [0x000001daadb20000, 0x000001daae020000, 0x000001dab5050000]
CodeHeap 'non-nmethods': size=5760Kb used=1801Kb max_used=1864Kb free=3958Kb
 bounds [0x000001dab5050000, 0x000001dab52c0000, 0x000001dab55f0000]
 total_blobs=3596 nmethods=2781 adapters=719
 compilation: enabled
              stopped_count=0, restarted_count=0
 full_count=0

Compilation events (20 events):
Event: 12.958 Thread 0x000001dac4bfbe70 2775       3       javafx.scene.Scene$TargetWrapper::getCursor (61 bytes)
Event: 12.958 Thread 0x000001dac4bfbe70 nmethod 2775 0x000001daae00ab90 code [0x000001daae00ae40, 0x000001daae00bf28]
Event: 12.958 Thread 0x000001dac4bfbe70 2774       3       javafx.scene.Scene$ClickGenerator::postProcess (266 bytes)
Event: 12.959 Thread 0x000001dac4bfbe70 nmethod 2774 0x000001daae00c390 code [0x000001daae00c6c0, 0x000001daae00db20]
Event: 12.998 Thread 0x000001dac4bfbe70 2776       3       com.sun.glass.ui.View::handleMouseEvent (34 bytes)
Event: 12.998 Thread 0x000001dac4bfbe70 nmethod 2776 0x000001daae00e090 code [0x000001daae00e240, 0x000001daae00e4e0]
Event: 12.998 Thread 0x000001dac4bfbe70 2777       3       com.sun.javafx.tk.quantum.GlassViewEventHandler::handleMouseEvent (108 bytes)
Event: 12.998 Thread 0x000001dac4bfbe70 nmethod 2777 0x000001daae00e610 code [0x000001daae00e820, 0x000001daae00eea8]
Event: 12.998 Thread 0x000001dac4bfbe70 2778       3       com.sun.javafx.tk.quantum.GlassViewEventHandler$$Lambda/0x000001dac626aae0::<init> (10 bytes)
Event: 12.999 Thread 0x000001dac4bfbe70 nmethod 2778 0x000001daae00f110 code [0x000001daae00f2c0, 0x000001daae00f480]
Event: 12.999 Thread 0x000001dac4bfbe70 2779       3       com.sun.javafx.tk.quantum.GlassViewEventHandler$$Lambda/0x000001dac626aae0::get (8 bytes)
Event: 12.999 Thread 0x000001dac4bfbe70 nmethod 2779 0x000001daae00f510 code [0x000001daae00f740, 0x000001daae00fd78]
Event: 12.999 Thread 0x000001dac4bfbe70 2780       3       com.sun.javafx.tk.quantum.GlassViewEventHandler::lambda$handleMouseEvent$2 (18 bytes)
Event: 13.000 Thread 0x000001dac4bfbe70 nmethod 2780 0x000001daae010090 code [0x000001daae0102c0, 0x000001daae010888]
Event: 13.000 Thread 0x000001dac4bfbe70 2781       3       java.util.EnumMap::values (25 bytes)
Event: 13.000 Thread 0x000001dac4bfbe70 nmethod 2781 0x000001daae010b90 code [0x000001daae010d60, 0x000001daae0110e8]
Event: 13.006 Thread 0x000001dac4bfbe70 2782       3       com.sun.javafx.event.CompositeEventHandler::find (44 bytes)
Event: 13.007 Thread 0x000001dac4bfbe70 nmethod 2782 0x000001daae011210 code [0x000001daae011400, 0x000001daae011860]
Event: 13.030 Thread 0x000001dac4bfbe70 2783       3       javafx.scene.Scene$MouseHandler::clearPDREventTargets (62 bytes)
Event: 13.032 Thread 0x000001dac4bfbe70 nmethod 2783 0x000001daae011990 code [0x000001daae011ba0, 0x000001daae0123b8]

GC Heap History (4 events):
Event: 0.628 GC heap before
{Heap before GC invocations=0 (full 0):
 garbage-first heap   total 260096K, used 22528K [0x0000000703800000, 0x0000000800000000)
  region size 2048K, 11 young (22528K), 0 survivors (0K)
 Metaspace       used 4602K, committed 4800K, reserved 1114112K
  class space    used 506K, committed 640K, reserved 1048576K
}
Event: 0.631 GC heap after
{Heap after GC invocations=1 (full 0):
 garbage-first heap   total 260096K, used 2687K [0x0000000703800000, 0x0000000800000000)
  region size 2048K, 2 young (4096K), 2 survivors (4096K)
 Metaspace       used 4602K, committed 4800K, reserved 1114112K
  class space    used 506K, committed 640K, reserved 1048576K
}
Event: 1.283 GC heap before
{Heap before GC invocations=1 (full 0):
 garbage-first heap   total 260096K, used 47743K [0x0000000703800000, 0x0000000800000000)
  region size 2048K, 21 young (43008K), 2 survivors (4096K)
 Metaspace       used 13020K, committed 13248K, reserved 1114112K
  class space    used 1885K, committed 1984K, reserved 1048576K
}
Event: 1.288 GC heap after
{Heap after GC invocations=2 (full 0):
 garbage-first heap   total 260096K, used 12770K [0x0000000703800000, 0x0000000800000000)
  region size 2048K, 3 young (6144K), 3 survivors (6144K)
 Metaspace       used 13020K, committed 13248K, reserved 1114112K
  class space    used 1885K, committed 1984K, reserved 1048576K
}

Dll operation events (20 events):
Event: 0.408 Loaded shared library C:\Users\Student\.openjfx\cache\21-ea+null\amd64\api-ms-win-crt-math-l1-1-0.dll
Event: 0.411 Loaded shared library C:\Users\Student\.openjfx\cache\21-ea+null\amd64\api-ms-win-crt-multibyte-l1-1-0.dll
Event: 0.414 Loaded shared library C:\Users\Student\.openjfx\cache\21-ea+null\amd64\api-ms-win-crt-private-l1-1-0.dll
Event: 0.417 Loaded shared library C:\Users\Student\.openjfx\cache\21-ea+null\amd64\api-ms-win-crt-process-l1-1-0.dll
Event: 0.420 Loaded shared library C:\Users\Student\.openjfx\cache\21-ea+null\amd64\api-ms-win-crt-runtime-l1-1-0.dll
Event: 0.423 Loaded shared library C:\Users\Student\.openjfx\cache\21-ea+null\amd64\api-ms-win-crt-stdio-l1-1-0.dll
Event: 0.426 Loaded shared library C:\Users\Student\.openjfx\cache\21-ea+null\amd64\api-ms-win-crt-string-l1-1-0.dll
Event: 0.429 Loaded shared library C:\Users\Student\.openjfx\cache\21-ea+null\amd64\api-ms-win-crt-time-l1-1-0.dll
Event: 0.432 Loaded shared library C:\Users\Student\.openjfx\cache\21-ea+null\amd64\api-ms-win-crt-utility-l1-1-0.dll
Event: 0.447 Loaded shared library C:\Users\Student\.openjfx\cache\21-ea+null\amd64\ucrtbase.dll
Event: 0.451 Loaded shared library C:\Users\Student\.openjfx\cache\21-ea+null\amd64\vcruntime140.dll
Event: 0.454 Loaded shared library C:\Users\Student\.openjfx\cache\21-ea+null\amd64\vcruntime140_1.dll
Event: 0.464 Loaded shared library C:\Users\Student\.openjfx\cache\21-ea+null\amd64\msvcp140.dll
Event: 0.468 Loaded shared library C:\Users\Student\.openjfx\cache\21-ea+null\amd64\msvcp140_1.dll
Event: 0.473 Loaded shared library C:\Users\Student\.openjfx\cache\21-ea+null\amd64\msvcp140_2.dll
Event: 0.517 Loaded shared library C:\Users\Student\.openjfx\cache\21-ea+null\amd64\prism_d3d.dll
Event: 0.546 Loaded shared library C:\Users\Student\.openjfx\cache\21-ea+null\amd64\glass.dll
Event: 0.655 Loaded shared library C:\Users\Student\.jdks\openjdk-21.0.2\bin\jimage.dll
Event: 0.804 Loaded shared library C:\Users\Student\.openjfx\cache\21-ea+null\amd64\javafx_iio.dll
Event: 0.877 Loaded shared library C:\Users\Student\.openjfx\cache\21-ea+null\amd64\javafx_font.dll

Deoptimization events (20 events):
Event: 1.350 Thread 0x000001db0a0ade90 Uncommon trap: trap_request=0xffffff45 fr.pc=0x000001dab5648c68 relative=0x00000000000001c8
Event: 1.350 Thread 0x000001db0a0ade90 Uncommon trap: reason=unstable_if action=reinterpret pc=0x000001dab5648c68 method=java.lang.String.indexOf(II)I @ 4 c2
Event: 1.350 Thread 0x000001db0a0ade90 DEOPT PACKING pc=0x000001dab5648c68 sp=0x0000000ed8bfd750
Event: 1.350 Thread 0x000001db0a0ade90 DEOPT UNPACKING pc=0x000001dab50a46a2 sp=0x0000000ed8bfd680 mode 2
Event: 1.351 Thread 0x000001db0a0ade90 Uncommon trap: trap_request=0xffffff45 fr.pc=0x000001dab560381c relative=0x00000000000001fc
Event: 1.351 Thread 0x000001db0a0ade90 Uncommon trap: reason=unstable_if action=reinterpret pc=0x000001dab560381c method=java.lang.String.isLatin1()Z @ 10 c2
Event: 1.351 Thread 0x000001db0a0ade90 DEOPT PACKING pc=0x000001dab560381c sp=0x0000000ed8bfd6e0
Event: 1.351 Thread 0x000001db0a0ade90 DEOPT UNPACKING pc=0x000001dab50a46a2 sp=0x0000000ed8bfd620 mode 2
Event: 2.667 Thread 0x000001db0a0ade90 Uncommon trap: trap_request=0xffffffde fr.pc=0x000001dab5678540 relative=0x00000000000002e0
Event: 2.667 Thread 0x000001db0a0ade90 Uncommon trap: reason=class_check action=maybe_recompile pc=0x000001dab5678540 method=java.util.regex.Pattern$BmpCharPropertyGreedy.match(Ljava/util/regex/Matcher;ILjava/lang/CharSequence;)Z @ 26 c2
Event: 2.667 Thread 0x000001db0a0ade90 DEOPT PACKING pc=0x000001dab5678540 sp=0x0000000ed8bfc7a0
Event: 2.667 Thread 0x000001db0a0ade90 DEOPT UNPACKING pc=0x000001dab50a46a2 sp=0x0000000ed8bfc768 mode 2
Event: 2.668 Thread 0x000001db0a0ade90 Uncommon trap: trap_request=0xffffff45 fr.pc=0x000001dab56606a8 relative=0x0000000000000368
Event: 2.668 Thread 0x000001db0a0ade90 Uncommon trap: reason=unstable_if action=reinterpret pc=0x000001dab56606a8 method=java.io.ByteArrayInputStream.read([BII)I @ 35 c2
Event: 2.668 Thread 0x000001db0a0ade90 DEOPT PACKING pc=0x000001dab56606a8 sp=0x0000000ed8bfb1b0
Event: 2.668 Thread 0x000001db0a0ade90 DEOPT UNPACKING pc=0x000001dab50a46a2 sp=0x0000000ed8bfb170 mode 2
Event: 8.368 Thread 0x000001db0a0ade90 Uncommon trap: trap_request=0xffffff6e fr.pc=0x000001dab56f29a8 relative=0x0000000000000468
Event: 8.368 Thread 0x000001db0a0ade90 Uncommon trap: reason=loop_limit_check action=maybe_recompile pc=0x000001dab56f29a8 method=java.lang.StringLatin1.indexOf([BI[BII)I @ 37 c2
Event: 8.368 Thread 0x000001db0a0ade90 DEOPT PACKING pc=0x000001dab56f29a8 sp=0x0000000ed8bf50a0
Event: 8.369 Thread 0x000001db0a0ade90 DEOPT UNPACKING pc=0x000001dab50a46a2 sp=0x0000000ed8bf5000 mode 2

Classes loaded (20 events):
Event: 1.435 Loading class jdk/internal/ref/CleanerImpl$InnocuousThreadFactory
Event: 1.435 Loading class jdk/internal/ref/CleanerImpl$InnocuousThreadFactory done
Event: 1.439 Loading class sun/misc/Unsafe
Event: 1.439 Loading class sun/misc/Unsafe done
Event: 1.440 Loading class java/lang/invoke/DirectMethodHandle$StaticAccessor
Event: 1.440 Loading class java/lang/invoke/DirectMethodHandle$StaticAccessor done
Event: 1.457 Loading class java/lang/FdLibm$Atan2
Event: 1.457 Loading class java/lang/FdLibm$Atan2 done
Event: 1.512 Loading class java/util/EnumMap$Values
Event: 1.512 Loading class java/util/EnumMap$Values done
Event: 1.512 Loading class java/util/EnumMap$ValueIterator
Event: 1.512 Loading class java/util/EnumMap$EnumMapIterator
Event: 1.512 Loading class java/util/EnumMap$EnumMapIterator done
Event: 1.512 Loading class java/util/EnumMap$ValueIterator done
Event: 2.328 Loading class java/io/UnsupportedEncodingException
Event: 2.329 Loading class java/io/UnsupportedEncodingException done
Event: 2.700 Loading class java/io/CharArrayReader
Event: 2.700 Loading class java/io/CharArrayReader done
Event: 35.620 Loading class jdk/internal/misc/Signal$1
Event: 35.621 Loading class jdk/internal/misc/Signal$1 done

Classes unloaded (0 events):
No events

Classes redefined (0 events):
No events

Internal exceptions (20 events):
Event: 0.854 Thread 0x000001db0a0ade90 Exception <a 'java/lang/ClassNotFoundException'{0x00000007129714b8}: com/sun/glass/ui/win/themes_ru> (0x00000007129714b8) 
thrown [s\open\src\hotspot\share\prims\jni.cpp, line 539]
Event: 0.854 Thread 0x000001db0a0ade90 Exception <a 'java/lang/ClassNotFoundException'{0x00000007129722d8}: com/sun/glass/ui/win/themes_ru_RU> (0x00000007129722d8) 
thrown [s\open\src\hotspot\share\prims\jni.cpp, line 539]
Event: 0.948 Thread 0x000001db0a0ade90 Exception <a 'java/lang/NoSuchMethodError'{0x0000000712391110}: 'void java.lang.invoke.DirectMethodHandle$Holder.invokeStaticInit(java.lang.Object, java.lang.Object)'> (0x0000000712391110) 
thrown [s\open\src\hotspot\share\interpreter\linkResolver.cpp, line 773]
Event: 0.967 Thread 0x000001db0a0ade90 Exception <a 'sun/nio/fs/WindowsException'{0x0000000712085f90}> (0x0000000712085f90) 
thrown [s\open\src\hotspot\share\prims\jni.cpp, line 520]
Event: 1.072 Thread 0x000001db0a0ade90 Exception <a 'sun/nio/fs/WindowsException'{0x00000007118b6fa0}> (0x00000007118b6fa0) 
thrown [s\open\src\hotspot\share\prims\jni.cpp, line 520]
Event: 1.083 Thread 0x000001db0a0ade90 Implicit null exception at 0x000001dab565e840 to 0x000001dab565eaa8
Event: 1.093 Thread 0x000001db0a0ade90 Implicit null exception at 0x000001dab565c8c0 to 0x000001dab565cb34
Event: 1.188 Thread 0x000001dac4bec300 Exception <a 'sun/nio/fs/WindowsException'{0x00000007113060f8}> (0x00000007113060f8) 
thrown [s\open\src\hotspot\share\prims\jni.cpp, line 520]
Event: 1.212 Thread 0x000001db0a0ade90 Exception <a 'java/lang/IncompatibleClassChangeError'{0x000000071111dca8}: Found class java.lang.Object, but interface was expected> (0x000000071111dca8) 
thrown [s\open\src\hotspot\share\interpreter\linkResolver.cpp, line 840]
Event: 1.243 Thread 0x000001db0a0ade90 Exception <a 'java/lang/ClassNotFoundException'{0x0000000710fa9b48}: com/sun/javafx/scene/control/skin/resources/controls> (0x0000000710fa9b48) 
thrown [s\open\src\hotspot\share\prims\jni.cpp, line 539]
Event: 1.244 Thread 0x000001db0a0ade90 Exception <a 'java/lang/ClassNotFoundException'{0x0000000710fb8a60}: com/sun/javafx/scene/control/skin/resources/controls_ru> (0x0000000710fb8a60) 
thrown [s\open\src\hotspot\share\prims\jni.cpp, line 539]
Event: 1.244 Thread 0x000001db0a0ade90 Exception <a 'java/lang/ClassNotFoundException'{0x0000000710fb9a08}: com/sun/javafx/scene/control/skin/resources/controls_ru_RU> (0x0000000710fb9a08) 
thrown [s\open\src\hotspot\share\prims\jni.cpp, line 539]
Event: 1.276 Thread 0x000001db0a0ade90 Exception <a 'java/lang/NoSuchMethodError'{0x0000000710d98678}: 'void java.lang.invoke.DirectMethodHandle$Holder.invokeSpecial(java.lang.Object, java.lang.Object, java.lang.Object, java.lang.Object, java.lang.Object, java.lang.Object)'> (0x0000000710d98678) 
thrown [s\open\src\hotspot\share\interpreter\linkResolver.cpp, line 773]
Event: 1.348 Thread 0x000001db0a0ade90 Exception <a 'java/lang/NoSuchMethodError'{0x0000000713116330}: 'int java.lang.invoke.DirectMethodHandle$Holder.invokeSpecial(java.lang.Object, java.lang.Object, int)'> (0x0000000713116330) 
thrown [s\open\src\hotspot\share\interpreter\linkResolver.cpp, line 773]
Event: 1.356 Thread 0x000001db0a0ade90 Exception <a 'java/lang/NoSuchMethodError'{0x000000071314f7b8}: 'java.lang.Object java.lang.invoke.DirectMethodHandle$Holder.newInvokeSpecial(java.lang.Object, java.lang.Object, int)'> (0x000000071314f7b8) 
thrown [s\open\src\hotspot\share\interpreter\linkResolver.cpp, line 773]
Event: 1.392 Thread 0x000001db0a0af8d0 Exception <a 'java/lang/NoSuchMethodError'{0x0000000712ea5a20}: 'int java.lang.invoke.DirectMethodHandle$Holder.invokeStaticInit(java.lang.Object, java.lang.Object)'> (0x0000000712ea5a20) 
thrown [s\open\src\hotspot\share\interpreter\linkResolver.cpp, line 773]
Event: 1.402 Thread 0x000001db0a0ade90 Exception <a 'java/lang/NoSuchMethodError'{0x0000000712e2f1e0}: 'long java.lang.invoke.DirectMethodHandle$Holder.invokeStatic(java.lang.Object, java.lang.Object, java.lang.Object)'> (0x0000000712e2f1e0) 
thrown [s\open\src\hotspot\share\interpreter\linkResolver.cpp, line 773]
Event: 1.402 Thread 0x000001db0a0ade90 Exception <a 'java/lang/NoSuchMethodError'{0x0000000712e325b0}: 'long java.lang.invoke.DirectMethodHandle$Holder.invokeStaticInit(java.lang.Object, java.lang.Object, java.lang.Object)'> (0x0000000712e325b0) 
thrown [s\open\src\hotspot\share\interpreter\linkResolver.cpp, line 773]
Event: 1.404 Thread 0x000001db0a0ade90 Exception <a 'java/lang/NoSuchMethodError'{0x0000000712e46ba8}: 'java.lang.Object java.lang.invoke.DirectMethodHandle$Holder.newInvokeSpecial(java.lang.Object, java.lang.Object, long)'> (0x0000000712e46ba8) 
thrown [s\open\src\hotspot\share\interpreter\linkResolver.cpp, line 773]
Event: 1.405 Thread 0x000001db0a0ade90 Exception <a 'java/lang/NoSuchMethodError'{0x0000000712e4a4a0}: 'java.lang.Object java.lang.invoke.Invokers$Holder.linkToTargetMethod(java.lang.Object, long, java.lang.Object)'> (0x0000000712e4a4a0) 
thrown [s\open\src\hotspot\share\interpreter\linkResolver.cpp, line 773]

ZGC Phase Switch (0 events):
No events

VM Operations (20 events):
Event: 2.314 Executing VM operation: Cleanup done
Event: 3.314 Executing VM operation: Cleanup
Event: 3.314 Executing VM operation: Cleanup done
Event: 4.314 Executing VM operation: Cleanup
Event: 4.315 Executing VM operation: Cleanup done
Event: 6.316 Executing VM operation: Cleanup
Event: 6.316 Executing VM operation: Cleanup done
Event: 7.316 Executing VM operation: Cleanup
Event: 7.316 Executing VM operation: Cleanup done
Event: 8.317 Executing VM operation: Cleanup
Event: 8.317 Executing VM operation: Cleanup done
Event: 9.317 Executing VM operation: Cleanup
Event: 9.317 Executing VM operation: Cleanup done
Event: 10.318 Executing VM operation: Cleanup
Event: 10.318 Executing VM operation: Cleanup done
Event: 13.318 Executing VM operation: Cleanup
Event: 13.318 Executing VM operation: Cleanup done
Event: 17.320 Executing VM operation: Cleanup
Event: 17.320 Executing VM operation: Cleanup done
Event: 35.623 Executing VM operation: Exit

Events (20 events):
Event: 0.130 Thread 0x000001db0a0c4af0 Thread added: 0x000001db0a0c4af0
Event: 0.131 Thread 0x000001db0a0c2ab0 Thread added: 0x000001db0a0c2ab0
Event: 0.191 Thread 0x000001db0a0acae0 Thread added: 0x000001db0a0acae0
Event: 0.191 Thread 0x000001db0a0aebb0 Thread added: 0x000001db0a0aebb0
Event: 0.449 Thread 0x000001db0a0c2ab0 Thread exited: 0x000001db0a0c2ab0
Event: 0.507 Thread 0x000001db0a0af8d0 Thread added: 0x000001db0a0af8d0
Event: 0.548 Thread 0x000001db0a0ad800 Thread added: 0x000001db0a0ad800
Event: 0.550 Thread 0x000001db0a0ade90 Thread added: 0x000001db0a0ade90
Event: 0.616 Thread 0x000001db0aa762f0 Thread added: 0x000001db0aa762f0
Event: 0.620 Thread 0x000001db0aa71430 Thread added: 0x000001db0aa71430
Event: 1.205 Thread 0x000001db0b684530 Thread added: 0x000001db0b684530
Event: 1.435 Thread 0x000001db0b686600 Thread added: 0x000001db0b686600
Event: 1.575 Thread 0x000001db0a0c4af0 Thread exited: 0x000001db0a0c4af0
Event: 2.731 Thread 0x000001db0af24ed0 Thread added: 0x000001db0af24ed0
Event: 2.952 Thread 0x000001db0af24ed0 Thread exited: 0x000001db0af24ed0
Event: 35.621 Thread 0x000001db0b688040 Thread added: 0x000001db0b688040
Event: 35.621 Thread 0x000001db0b684bc0 Thread added: 0x000001db0b684bc0
Event: 35.622 Thread 0x000001db0b688d60 Thread added: 0x000001db0b688d60
Event: 35.622 Thread 0x000001db0b684bc0 Thread exited: 0x000001db0b684bc0
Event: 35.622 Thread 0x000001db0b688d60 Thread exited: 0x000001db0b688d60


Dynamic libraries:
0x00007ff726aa0000 - 0x00007ff726aae000 	C:\Users\Student\.jdks\openjdk-21.0.2\bin\java.exe
0x00007ff8d6730000 - 0x00007ff8d6947000 	C:\WINDOWS\SYSTEM32\ntdll.dll
0x00007ff8d58e0000 - 0x00007ff8d59a4000 	C:\WINDOWS\System32\KERNEL32.DLL
0x00007ff8d40a0000 - 0x00007ff8d4446000 	C:\WINDOWS\System32\KERNELBASE.dll
0x00007ff8d3a70000 - 0x00007ff8d3b81000 	C:\WINDOWS\System32\ucrtbase.dll
0x00007ff8ac230000 - 0x00007ff8ac248000 	C:\Users\Student\.jdks\openjdk-21.0.2\bin\jli.dll
0x00007ff8ac210000 - 0x00007ff8ac22b000 	C:\Users\Student\.jdks\openjdk-21.0.2\bin\VCRUNTIME140.dll
0x00007ff8d4700000 - 0x00007ff8d48ae000 	C:\WINDOWS\System32\USER32.dll
0x00007ff8d3a40000 - 0x00007ff8d3a66000 	C:\WINDOWS\System32\win32u.dll
0x00007ff8b5330000 - 0x00007ff8b55c3000 	C:\WINDOWS\WinSxS\amd64_microsoft.windows.common-controls_6595b64144ccf1df_6.0.22621.2506_none_270c5ae97388e100\COMCTL32.dll
0x00007ff8d6240000 - 0x00007ff8d6269000 	C:\WINDOWS\System32\GDI32.dll
0x00007ff8d3b90000 - 0x00007ff8d3ca8000 	C:\WINDOWS\System32\gdi32full.dll
0x00007ff8d57a0000 - 0x00007ff8d5847000 	C:\WINDOWS\System32\msvcrt.dll
0x00007ff8d3d30000 - 0x00007ff8d3dca000 	C:\WINDOWS\System32\msvcp_win.dll
0x00007ff8d5bc0000 - 0x00007ff8d5bf1000 	C:\WINDOWS\System32\IMM32.DLL
0x00007ff8bea20000 - 0x00007ff8bea2c000 	C:\Users\Student\.jdks\openjdk-21.0.2\bin\vcruntime140_1.dll
0x00007ff89ce00000 - 0x00007ff89ce8e000 	C:\Users\Student\.jdks\openjdk-21.0.2\bin\msvcp140.dll
0x00007ff872e60000 - 0x00007ff873b77000 	C:\Users\Student\.jdks\openjdk-21.0.2\bin\server\jvm.dll
0x00007ff8d5120000 - 0x00007ff8d51d3000 	C:\WINDOWS\System32\ADVAPI32.dll
0x00007ff8d5b10000 - 0x00007ff8d5bb8000 	C:\WINDOWS\System32\sechost.dll
0x00007ff8d3f00000 - 0x00007ff8d3f28000 	C:\WINDOWS\System32\bcrypt.dll
0x00007ff8d60a0000 - 0x00007ff8d61b7000 	C:\WINDOWS\System32\RPCRT4.dll
0x00007ff8d51e0000 - 0x00007ff8d5251000 	C:\WINDOWS\System32\WS2_32.dll
0x00007ff8d28d0000 - 0x00007ff8d291d000 	C:\WINDOWS\SYSTEM32\POWRPROF.dll
0x00007ff8ca9d0000 - 0x00007ff8caa04000 	C:\WINDOWS\SYSTEM32\WINMM.dll
0x00007ff8c5730000 - 0x00007ff8c573a000 	C:\WINDOWS\SYSTEM32\VERSION.dll
0x00007ff8d28b0000 - 0x00007ff8d28c3000 	C:\WINDOWS\SYSTEM32\UMPDC.dll
0x00007ff8d2b70000 - 0x00007ff8d2b88000 	C:\WINDOWS\SYSTEM32\kernel.appcore.dll
0x00007ff8be290000 - 0x00007ff8be29a000 	C:\Users\Student\.jdks\openjdk-21.0.2\bin\jimage.dll
0x00007ff8bccd0000 - 0x00007ff8bcf03000 	C:\WINDOWS\SYSTEM32\DBGHELP.DLL
0x00007ff8d5410000 - 0x00007ff8d5799000 	C:\WINDOWS\System32\combase.dll
0x00007ff8d6290000 - 0x00007ff8d6367000 	C:\WINDOWS\System32\OLEAUT32.dll
0x00007ff8bc670000 - 0x00007ff8bc6a2000 	C:\WINDOWS\SYSTEM32\dbgcore.DLL
0x00007ff8d3cb0000 - 0x00007ff8d3d2a000 	C:\WINDOWS\System32\bcryptPrimitives.dll
0x00007ff8cee60000 - 0x00007ff8cee6f000 	C:\Users\Student\.jdks\openjdk-21.0.2\bin\instrument.dll
0x00007ff8ac1f0000 - 0x00007ff8ac20f000 	C:\Users\Student\.jdks\openjdk-21.0.2\bin\java.dll
0x00007ff8d48b0000 - 0x00007ff8d510b000 	C:\WINDOWS\System32\SHELL32.dll
0x00007ff8d19b0000 - 0x00007ff8d22a6000 	C:\WINDOWS\SYSTEM32\windows.storage.dll
0x00007ff8d1870000 - 0x00007ff8d19ae000 	C:\WINDOWS\SYSTEM32\wintypes.dll
0x00007ff8d5310000 - 0x00007ff8d5403000 	C:\WINDOWS\System32\SHCORE.dll
0x00007ff8d4620000 - 0x00007ff8d467e000 	C:\WINDOWS\System32\shlwapi.dll
0x00007ff8d3970000 - 0x00007ff8d3996000 	C:\WINDOWS\SYSTEM32\profapi.dll
0x00007ff89cd20000 - 0x00007ff89cdf7000 	C:\Users\Student\.jdks\openjdk-21.0.2\bin\jsvml.dll
0x00007ff8baed0000 - 0x00007ff8baee0000 	C:\Users\Student\.jdks\openjdk-21.0.2\bin\net.dll
0x00007ff8cb5c0000 - 0x00007ff8cb6f7000 	C:\WINDOWS\SYSTEM32\WINHTTP.dll
0x00007ff8d2ff0000 - 0x00007ff8d3059000 	C:\WINDOWS\system32\mswsock.dll
0x00007ff8a0550000 - 0x00007ff8a0566000 	C:\Users\Student\.jdks\openjdk-21.0.2\bin\nio.dll
0x00007ff8a0530000 - 0x00007ff8a0548000 	C:\Users\Student\.jdks\openjdk-21.0.2\bin\zip.dll
0x00007ff8c5830000 - 0x00007ff8c584a000 	F:\IntelliJ IDEA Community Edition 2023.2.1\bin\breakgen64.dll
0x000001dac4d90000 - 0x000001dac4d93000 	C:\Users\Student\.openjfx\cache\21-ea+null\amd64\api-ms-win-core-console-l1-1-0.dll
0x000001dac4da0000 - 0x000001dac4da3000 	C:\Users\Student\.openjfx\cache\21-ea+null\amd64\api-ms-win-core-console-l1-2-0.dll
0x000001dac4db0000 - 0x000001dac4db3000 	C:\Users\Student\.openjfx\cache\21-ea+null\amd64\api-ms-win-core-datetime-l1-1-0.dll
0x000001dac4dc0000 - 0x000001dac4dc3000 	C:\Users\Student\.openjfx\cache\21-ea+null\amd64\api-ms-win-core-debug-l1-1-0.dll
0x000001dac4dd0000 - 0x000001dac4dd3000 	C:\Users\Student\.openjfx\cache\21-ea+null\amd64\api-ms-win-core-errorhandling-l1-1-0.dll
0x000001dac4de0000 - 0x000001dac4de4000 	C:\Users\Student\.openjfx\cache\21-ea+null\amd64\api-ms-win-core-file-l1-1-0.dll
0x000001dac4df0000 - 0x000001dac4df3000 	C:\Users\Student\.openjfx\cache\21-ea+null\amd64\api-ms-win-core-file-l1-2-0.dll
0x000001dac4e00000 - 0x000001dac4e03000 	C:\Users\Student\.openjfx\cache\21-ea+null\amd64\api-ms-win-core-file-l2-1-0.dll
0x000001dac4e10000 - 0x000001dac4e13000 	C:\Users\Student\.openjfx\cache\21-ea+null\amd64\api-ms-win-core-handle-l1-1-0.dll
0x000001dac4e20000 - 0x000001dac4e23000 	C:\Users\Student\.openjfx\cache\21-ea+null\amd64\api-ms-win-core-heap-l1-1-0.dll
0x000001dac4e30000 - 0x000001dac4e33000 	C:\Users\Student\.openjfx\cache\21-ea+null\amd64\api-ms-win-core-interlocked-l1-1-0.dll
0x000001dac4e40000 - 0x000001dac4e43000 	C:\Users\Student\.openjfx\cache\21-ea+null\amd64\api-ms-win-core-libraryloader-l1-1-0.dll
0x000001dac4e50000 - 0x000001dac4e53000 	C:\Users\Student\.openjfx\cache\21-ea+null\amd64\api-ms-win-core-localization-l1-2-0.dll
0x000001dac4e60000 - 0x000001dac4e63000 	C:\Users\Student\.openjfx\cache\21-ea+null\amd64\api-ms-win-core-memory-l1-1-0.dll
0x000001dac4e70000 - 0x000001dac4e73000 	C:\Users\Student\.openjfx\cache\21-ea+null\amd64\api-ms-win-core-namedpipe-l1-1-0.dll
0x000001dac4e80000 - 0x000001dac4e83000 	C:\Users\Student\.openjfx\cache\21-ea+null\amd64\api-ms-win-core-processenvironment-l1-1-0.dll
0x000001dac4e90000 - 0x000001dac4e93000 	C:\Users\Student\.openjfx\cache\21-ea+null\amd64\api-ms-win-core-processthreads-l1-1-0.dll
0x000001dac4ea0000 - 0x000001dac4ea3000 	C:\Users\Student\.openjfx\cache\21-ea+null\amd64\api-ms-win-core-processthreads-l1-1-1.dll
0x000001dac4eb0000 - 0x000001dac4eb3000 	C:\Users\Student\.openjfx\cache\21-ea+null\amd64\api-ms-win-core-profile-l1-1-0.dll
0x000001dac4ec0000 - 0x000001dac4ec3000 	C:\Users\Student\.openjfx\cache\21-ea+null\amd64\api-ms-win-core-rtlsupport-l1-1-0.dll
0x000001dac4ed0000 - 0x000001dac4ed3000 	C:\Users\Student\.openjfx\cache\21-ea+null\amd64\api-ms-win-core-string-l1-1-0.dll
0x000001dac4ee0000 - 0x000001dac4ee3000 	C:\Users\Student\.openjfx\cache\21-ea+null\amd64\api-ms-win-core-synch-l1-1-0.dll
0x000001dac4ef0000 - 0x000001dac4ef3000 	C:\Users\Student\.openjfx\cache\21-ea+null\amd64\api-ms-win-core-synch-l1-2-0.dll
0x000001dac4f00000 - 0x000001dac4f03000 	C:\Users\Student\.openjfx\cache\21-ea+null\amd64\api-ms-win-core-sysinfo-l1-1-0.dll
0x000001dac4f10000 - 0x000001dac4f13000 	C:\Users\Student\.openjfx\cache\21-ea+null\amd64\api-ms-win-core-timezone-l1-1-0.dll
0x000001dac4f20000 - 0x000001dac4f23000 	C:\Users\Student\.openjfx\cache\21-ea+null\amd64\api-ms-win-core-util-l1-1-0.dll
0x000001dac4f30000 - 0x000001dac4f33000 	C:\Users\Student\.openjfx\cache\21-ea+null\amd64\api-ms-win-crt-conio-l1-1-0.dll
0x000001dac4f40000 - 0x000001dac4f44000 	C:\Users\Student\.openjfx\cache\21-ea+null\amd64\api-ms-win-crt-convert-l1-1-0.dll
0x000001dac4f50000 - 0x000001dac4f53000 	C:\Users\Student\.openjfx\cache\21-ea+null\amd64\api-ms-win-crt-environment-l1-1-0.dll
0x000001dac4f60000 - 0x000001dac4f63000 	C:\Users\Student\.openjfx\cache\21-ea+null\amd64\api-ms-win-crt-filesystem-l1-1-0.dll
0x000001dac4f70000 - 0x000001dac4f73000 	C:\Users\Student\.openjfx\cache\21-ea+null\amd64\api-ms-win-crt-heap-l1-1-0.dll
0x000001dac4f80000 - 0x000001dac4f83000 	C:\Users\Student\.openjfx\cache\21-ea+null\amd64\api-ms-win-crt-locale-l1-1-0.dll
0x000001dac4f90000 - 0x000001dac4f95000 	C:\Users\Student\.openjfx\cache\21-ea+null\amd64\api-ms-win-crt-math-l1-1-0.dll
0x000001dac4fa0000 - 0x000001dac4fa5000 	C:\Users\Student\.openjfx\cache\21-ea+null\amd64\api-ms-win-crt-multibyte-l1-1-0.dll
0x000001dac4fb0000 - 0x000001dac4fc0000 	C:\Users\Student\.openjfx\cache\21-ea+null\amd64\api-ms-win-crt-private-l1-1-0.dll
0x000001dac4fc0000 - 0x000001dac4fc3000 	C:\Users\Student\.openjfx\cache\21-ea+null\amd64\api-ms-win-crt-process-l1-1-0.dll
0x000001dac4fd0000 - 0x000001dac4fd4000 	C:\Users\Student\.openjfx\cache\21-ea+null\amd64\api-ms-win-crt-runtime-l1-1-0.dll
0x000001dac4fe0000 - 0x000001dac4fe4000 	C:\Users\Student\.openjfx\cache\21-ea+null\amd64\api-ms-win-crt-stdio-l1-1-0.dll
0x000001dac4ff0000 - 0x000001dac4ff4000 	C:\Users\Student\.openjfx\cache\21-ea+null\amd64\api-ms-win-crt-string-l1-1-0.dll
0x000001db0ac00000 - 0x000001db0ac03000 	C:\Users\Student\.openjfx\cache\21-ea+null\amd64\api-ms-win-crt-time-l1-1-0.dll
0x000001db0ac10000 - 0x000001db0ac13000 	C:\Users\Student\.openjfx\cache\21-ea+null\amd64\api-ms-win-crt-utility-l1-1-0.dll
0x00007ff87f510000 - 0x00007ff87f60c000 	C:\Users\Student\.openjfx\cache\21-ea+null\amd64\ucrtbase.dll
0x00007ff8c57d0000 - 0x00007ff8c57eb000 	C:\Users\Student\.openjfx\cache\21-ea+null\amd64\vcruntime140.dll
0x00007ff8c57c0000 - 0x00007ff8c57cc000 	C:\Users\Student\.openjfx\cache\21-ea+null\amd64\vcruntime140_1.dll
0x00007ff8c3340000 - 0x00007ff8c33ce000 	C:\Users\Student\.openjfx\cache\21-ea+null\amd64\msvcp140.dll
0x00007ff8d6520000 - 0x00007ff8d66c0000 	C:\WINDOWS\System32\ole32.dll
0x00007ff8c57b0000 - 0x00007ff8c57b9000 	C:\Users\Student\.openjfx\cache\21-ea+null\amd64\msvcp140_1.dll
0x00007ff8c5780000 - 0x00007ff8c57af000 	C:\Users\Student\.openjfx\cache\21-ea+null\amd64\msvcp140_2.dll
0x00007ff8c3310000 - 0x00007ff8c333f000 	C:\Users\Student\.openjfx\cache\21-ea+null\amd64\prism_d3d.dll
0x00007ff8c3e50000 - 0x00007ff8c3ff9000 	C:\WINDOWS\system32\d3d9.dll
0x00007ff8d1170000 - 0x00007ff8d119b000 	C:\WINDOWS\SYSTEM32\dwmapi.dll
0x00007ff8d11e0000 - 0x00007ff8d1219000 	C:\WINDOWS\SYSTEM32\dxcore.dll
0x00007ff8d0ef0000 - 0x00007ff8d0f9b000 	C:\WINDOWS\system32\uxtheme.dll
0x00007ff87df30000 - 0x00007ff87e117000 	C:\WINDOWS\System32\DriverStore\FileRepository\iigd_base.inf_amd64_ce27a578fcb56b3a\igdumdim64.dll
0x00007ff88db80000 - 0x00007ff891138000 	C:\WINDOWS\System32\DriverStore\FileRepository\iigd_base.inf_amd64_ce27a578fcb56b3a\igd9dxva64.dll
0x00007ff8ce760000 - 0x00007ff8ce7aa000 	C:\WINDOWS\SYSTEM32\directxdatabasehelper.dll
0x00007ff8c2330000 - 0x00007ff8c2372000 	C:\Users\Student\.openjfx\cache\21-ea+null\amd64\glass.dll
0x00007ff8d6370000 - 0x00007ff8d6469000 	C:\WINDOWS\System32\COMDLG32.dll
0x00007ff8d59b0000 - 0x00007ff8d5b01000 	C:\WINDOWS\System32\MSCTF.dll
0x00007ff8c6a20000 - 0x00007ff8c8899000 	C:\WINDOWS\System32\DriverStore\FileRepository\iigd_base.inf_amd64_ce27a578fcb56b3a\igc64.dll
0x00007ff8c2300000 - 0x00007ff8c232d000 	C:\Users\Student\.openjfx\cache\21-ea+null\amd64\javafx_iio.dll
0x00007ff8c32f0000 - 0x00007ff8c3304000 	C:\Users\Student\.openjfx\cache\21-ea+null\amd64\javafx_font.dll
0x00007ff8cfc30000 - 0x00007ff8cfea4000 	C:\WINDOWS\SYSTEM32\dwrite.dll
0x00007ff8d5260000 - 0x00007ff8d5310000 	C:\WINDOWS\System32\clbcatq.dll
0x00007ff8cf820000 - 0x00007ff8cf9d0000 	C:\WINDOWS\SYSTEM32\WindowsCodecs.dll
0x00007ff8cbb60000 - 0x00007ff8cbbbe000 	C:\WINDOWS\system32\dataexchange.dll
0x00007ff8c6430000 - 0x00007ff8c66b7000 	C:\WINDOWS\system32\twinapi.appcore.dll
0x00007ff8b3660000 - 0x00007ff8b3692000 	C:\Program Files\Common Files\Microsoft Shared\Ink\rtscom.dll
0x00007ff8cacf0000 - 0x00007ff8cae3a000 	C:\WINDOWS\SYSTEM32\textinputframework.dll
0x00007ff8d0b10000 - 0x00007ff8d0c44000 	C:\WINDOWS\SYSTEM32\CoreMessaging.dll
0x00007ff8cd400000 - 0x00007ff8cd76c000 	C:\WINDOWS\SYSTEM32\CoreUIComponents.dll
0x00007ff8d3260000 - 0x00007ff8d326c000 	C:\WINDOWS\SYSTEM32\CRYPTBASE.DLL
0x00007ff8c06b0000 - 0x00007ff8c0719000 	C:\WINDOWS\system32\Oleacc.dll

dbghelp: loaded successfully - version: 4.0.5 - missing functions: none
symbol engine: initialized successfully - sym options: 0x614 - pdb path: .;C:\Users\Student\.jdks\openjdk-21.0.2\bin;C:\WINDOWS\SYSTEM32;C:\WINDOWS\WinSxS\amd64_microsoft.windows.common-controls_6595b64144ccf1df_6.0.22621.2506_none_270c5ae97388e100;C:\Users\Student\.jdks\openjdk-21.0.2\bin\server;F:\IntelliJ IDEA Community Edition 2023.2.1\bin;C:\Users\Student\.openjfx\cache\21-ea+null\amd64;C:\WINDOWS\System32\DriverStore\FileRepository\iigd_base.inf_amd64_ce27a578fcb56b3a;C:\Program Files\Common Files\Microsoft Shared\Ink

VM Arguments:
jvm_args: -javaagent:F:\IntelliJ IDEA Community Edition 2023.2.1\lib\idea_rt.jar=50886:F:\IntelliJ IDEA Community Edition 2023.2.1\bin -Dfile.encoding=UTF-8 -Dsun.stdout.encoding=UTF-8 -Dsun.stderr.encoding=UTF-8 --module-path=C:\Users\Student\.m2\repository\org\openjfx\javafx-fxml\21-ea+24\javafx-fxml-21-ea+24-win.jar;C:\Users\Student\.m2\repository\org\openjfx\javafx-base\21-ea+24\javafx-base-21-ea+24-win.jar;C:\Users\Student\Desktop\thrthehrhjyj\target\classes;C:\Users\Student\.m2\repository\org\openjfx\javafx-graphics\21-ea+24\javafx-graphics-21-ea+24-win.jar;C:\Users\Student\.m2\repository\org\openjfx\javafx-controls\21-ea+24\javafx-controls-21-ea+24-win.jar -Djdk.module.main=com.example.thrthehrhjyj 
java_command: com.example.thrthehrhjyj/com.example.thrthehrhjyj.HelloApplication
java_class_path (initial): C:\Users\Student\.m2\repository\org\openjfx\javafx-controls\21-ea+24\javafx-controls-21-ea+24.jar;C:\Users\Student\.m2\repository\org\openjfx\javafx-graphics\21-ea+24\javafx-graphics-21-ea+24.jar;C:\Users\Student\.m2\repository\org\openjfx\javafx-base\21-ea+24\javafx-base-21-ea+24.jar;C:\Users\Student\.m2\repository\org\openjfx\javafx-fxml\21-ea+24\javafx-fxml-21-ea+24.jar
Launcher Type: SUN_STANDARD

[Global flags]
     intx CICompilerCount                          = 4                                         {product} {ergonomic}
     uint ConcGCThreads                            = 3                                         {product} {ergonomic}
     uint G1ConcRefinementThreads                  = 10                                        {product} {ergonomic}
   size_t G1HeapRegionSize                         = 2097152                                   {product} {ergonomic}
    uintx GCDrainStackTargetSize                   = 64                                        {product} {ergonomic}
   size_t InitialHeapSize                          = 266338304                                 {product} {ergonomic}
   size_t MarkStackSize                            = 4194304                                   {product} {ergonomic}
   size_t MaxHeapSize                              = 4236247040                                {product} {ergonomic}
   size_t MaxNewSize                               = 2541748224                                {product} {ergonomic}
   size_t MinHeapDeltaBytes                        = 2097152                                   {product} {ergonomic}
   size_t MinHeapSize                              = 8388608                                   {product} {ergonomic}
    uintx NonNMethodCodeHeapSize                   = 5839372                                {pd product} {ergonomic}
    uintx NonProfiledCodeHeapSize                  = 122909434                              {pd product} {ergonomic}
    uintx ProfiledCodeHeapSize                     = 122909434                              {pd product} {ergonomic}
    uintx ReservedCodeCacheSize                    = 251658240                              {pd product} {ergonomic}
     bool SegmentedCodeCache                       = true                                      {product} {ergonomic}
   size_t SoftMaxHeapSize                          = 4236247040                             {manageable} {ergonomic}
     bool UseCompressedOops                        = true                           {product lp64_product} {ergonomic}
     bool UseG1GC                                  = true                                      {product} {ergonomic}
     bool UseLargePagesIndividualAllocation        = false                                  {pd product} {ergonomic}

Logging:
Log output configuration:
 #0: stdout all=off uptime,level,tags foldmultilines=false
 #1: stderr all=off uptime,level,tags foldmultilines=false

Environment Variables:
PATH=C:\Program Files (x86)\Common Files\Oracle\Java\javapath;C:\WINDOWS\system32;C:\WINDOWS;C:\WINDOWS\System32\Wbem;C:\WINDOWS\System32\WindowsPowerShell\v1.0\;C:\WINDOWS\System32\OpenSSH\;C:\Program Files\Git\cmd;C:\Program Files\Microsoft SQL Server\130\Tools\Binn\;C:\Program Files\dotnet\;C:\Program Files\nodejs\;C:\Program Files (x86)\Windows Kits\10\Windows Performance Toolkit\;C:\Users\Student\AppData\Local\Programs\Python\Python311\Scripts\;C:\Users\Student\AppData\Local\Programs\Python\Python311\;C:\Users\Student\AppData\Local\Microsoft\WindowsApps;;C:\Users\Student\AppData\Local\Programs\Microsoft VS Code\bin;C:\Users\Student\AppData\Local\JetBrains\IntelliJ IDEA Community Edition 2021.1\bin;;C:\Users\Student\AppData\Roaming\npm;C:\Program Files\JetBrains\PyCharm Community Edition 2022.3.2\bin;
USERNAME=Student
OS=Windows_NT
PROCESSOR_IDENTIFIER=Intel64 Family 6 Model 158 Stepping 10, GenuineIntel
TMP=C:\Users\Student\AppData\Local\Temp
TEMP=C:\Users\Student\AppData\Local\Temp




Periodic native trim disabled

---------------  S Y S T E M  ---------------

OS:
 Windows 11 , 64 bit Build 22621 (10.0.22621.3085)
OS uptime: 14 days 0:24 hours

CPU: total 12 (initial active 12) (6 cores per cpu, 2 threads per core) family 6 model 158 stepping 10 microcode 0xec, cx8, cmov, fxsr, ht, mmx, 3dnowpref, sse, sse2, sse3, ssse3, sse4.1, sse4.2, popcnt, lzcnt, tsc, tscinvbit, avx, avx2, aes, erms, clmul, bmi1, bmi2, rtm, adx, fma, vzeroupper, clflush, clflushopt, rdtscp, f16c
Processor Information for all 12 processors :
  Max Mhz: 3192, Current Mhz: 3192, Mhz Limit: 3192

Memory: 4k page, system-wide physical 16158M (7876M free)
TotalPageFile size 17182M (AvailPageFile size 6131M)
current process WorkingSet (physical memory assigned to process): 246M, peak: 301M
current process commit charge ("private bytes"): 480M, peak: 527M

vm_info: OpenJDK 64-Bit Server VM (21.0.2+13-58) for windows-amd64 JRE (21.0.2+13-58), built on 2024-01-05T18:32:24Z by "mach5one" with MS VC++ 17.1 (VS2022)

END.
