#
# A fatal error has been detected by the Java Runtime Environment:
#
#  EXCEPTION_ACCESS_VIOLATION (0xc0000005) at pc=0x00007ff8c2a36587, pid=15264, tid=1360
#
# JRE version: OpenJDK Runtime Environment (21.0.2+13) (build 21.0.2+13-58)
# Java VM: OpenJDK 64-Bit Server VM (21.0.2+13-58, mixed mode, sharing, tiered, compressed oops, compressed class ptrs, g1 gc, windows-amd64)
# Problematic frame:
# C  [glass.dll+0x26587]
#
# No core dump will be written. Minidumps are not enabled by default on client versions of Windows
#
# If you would like to submit a bug report, please visit:
#   https://bugreport.java.com/bugreport/crash.jsp
#

---------------  S U M M A R Y ------------

Command Line: -javaagent:F:\IntelliJ IDEA Community Edition 2023.2.1\lib\idea_rt.jar=49475:F:\IntelliJ IDEA Community Edition 2023.2.1\bin -Dfile.encoding=UTF-8 -Dsun.stdout.encoding=UTF-8 -Dsun.stderr.encoding=UTF-8 --module-path=C:\Users\Student\.m2\repository\org\openjfx\javafx-graphics\21-ea+24\javafx-graphics-21-ea+24-win.jar;C:\Users\Student\.m2\repository\org\openjfx\javafx-controls\21-ea+24\javafx-controls-21-ea+24-win.jar;C:\Users\Student\.m2\repository\org\openjfx\javafx-fxml\21-ea+24\javafx-fxml-21-ea+24-win.jar;C:\Users\Student\Desktop\thrthehrhjyj\target\classes;C:\Users\Student\.m2\repository\org\openjfx\javafx-base\21-ea+24\javafx-base-21-ea+24-win.jar -Djdk.module.main=com.example.thrthehrhjyj com.example.thrthehrhjyj/com.example.thrthehrhjyj.HelloApplication

Host: Intel(R) Core(TM) i7-8700 CPU @ 3.20GHz, 12 cores, 15G,  Windows 11 , 64 bit Build 22621 (10.0.22621.3085)
Time: Fri Mar 15 15:48:55 2024 RTZ 2 (s 11 , 64 bit Build 22621 (10.0.22621.3085) elapsed time: 108.817362 seconds (0d 0h 1m 48s)

---------------  T H R E A D  ---------------

Current thread (0x000001a1c9179f20):  VMThread "VM Thread"          [id=1360, stack(0x0000006ee4100000,0x0000006ee4200000) (1024K)]

Stack: [0x0000006ee4100000,0x0000006ee4200000],  sp=0x0000006ee41ff1b0,  free space=1020k
Native frames: (J=compiled Java code, j=interpreted, Vv=VM code, C=native code)
C  [glass.dll+0x26587]


siginfo: EXCEPTION_ACCESS_VIOLATION (0xc0000005), reading address 0x0000000000000000


Registers:
RAX=0x0000000000000000, RBX=0x000001a1c9185fda, RCX=0x000001a1c9179f20, RDX=0x0000006ee41ff1b0
RSP=0x0000006ee41ff1b0, RBP=0x000001a1c9815068, RSI=0x0000006ee41ff2b8, RDI=0x000001a1c9815040
R8 =0x0000000000010002, R9 =0x000001a1c9815040, R10=0x85f13e9656da4870, R11=0x0000006ee41ff140
R12=0x00007ff8c2a33ed0, R13=0x00007ff873c44720, R14=0x000032c5d36e0fd8, R15=0x000001a1c9815040
RIP=0x00007ff8c2a36587, EFLAGS=0x0000000000010202


Register to memory mapping:

RAX=0x0 is null
RBX=0x000001a1c9185fda is a global jni handle
RCX=0x000001a1c9179f20 points into unknown readable memory: 0x00007ff873a56038 | 38 60 a5 73 f8 7f 00 00
RDX=0x0000006ee41ff1b0 points into unknown readable memory: 0x0000000000000000 | 00 00 00 00 00 00 00 00
RSP=0x0000006ee41ff1b0 points into unknown readable memory: 0x0000000000000000 | 00 00 00 00 00 00 00 00
RBP=0x000001a1c9815068 points into unknown readable memory: 0x000032c5d36e0fd8 | d8 0f 6e d3 c5 32 00 00
RSI=0x0000006ee41ff2b8 points into unknown readable memory: 0x0000006ee41ff2a0 | a0 f2 1f e4 6e 00 00 00
RDI=0x000001a1c9815040 points into unknown readable memory: 0xf8c291fc3b6e0fa7 | a7 0f 6e 3b fc 91 c2 f8
R8 =0x0000000000010002 is an unknown value
R9 =0x000001a1c9815040 points into unknown readable memory: 0xf8c291fc3b6e0fa7 | a7 0f 6e 3b fc 91 c2 f8
R10=0x85f13e9656da4870 is an unknown value
R11=0x0000006ee41ff140 points into unknown readable memory: 0x000001a1c9815040 | 40 50 81 c9 a1 01 00 00
R12=0x00007ff8c2a33ed0 glass.dll
R13=0x00007ff873c44720 jvm.dll
R14=0x000032c5d36e0fd8 is an unknown value
R15=0x000001a1c9815040 points into unknown readable memory: 0xf8c291fc3b6e0fa7 | a7 0f 6e 3b fc 91 c2 f8

Top of Stack: (sp=0x0000006ee41ff1b0)
0x0000006ee41ff1b0:   0000000000000000 0000006ee41ff2b8
0x0000006ee41ff1c0:   00007ff873c44720 00007ff8c2a33ed0
0x0000006ee41ff1d0:   000001a1c9815048 00007ff8d3ac3a83
0x0000006ee41ff1e0:   000001a1c9815040 000001a100000000
0x0000006ee41ff1f0:   000001a1c9815068 0000006ee41ff2b8
0x0000006ee41ff200:   fffffffffffffffe 0000000000000000
0x0000006ee41ff210:   0000000000000001 00007ff8c2a10000
0x0000006ee41ff220:   0000006ee41ff2a8 00007ff8d3a9006e
0x0000006ee41ff230:   0000000000000000 0000006ee41ff2b8
0x0000006ee41ff240:   0000006ee41ff5a0 0000000000000001
0x0000006ee41ff250:   0000000000000001 00007ff8d3a8da1d
0x0000006ee41ff260:   0000000000000000 00007ff8c2a336c9
0x0000006ee41ff270:   0000000000000000 0000006ee41ff2a8
0x0000006ee41ff280:   fffffffffffffffe 0000006ee41ff200
0x0000006ee41ff290:   0000000000000000 00007ff8c2a33d5d
0x0000006ee41ff2a0:   00007ff8c2a4a008 0000000000000002
0x0000006ee41ff2b0:   000096c600000002 0000006ee41ff2a0
0x0000006ee41ff2c0:   0000000000000000 00007ff8d6758603
0x0000006ee41ff2d0:   0000000000000000 00007ff8c2a33e82
0x0000006ee41ff2e0:   0000000000000001 0000000000000001
0x0000006ee41ff2f0:   0000000000000000 0000000000000001
0x0000006ee41ff300:   000001a100000001 00007ff8d3262223
0x0000006ee41ff310:   0000000000000001 00007ff8c6a20000
0x0000006ee41ff320:   00007ff8c2a10000 000000007ffe0384
0x0000006ee41ff330:   0000000000000000 00007ff8d675869f
0x0000006ee41ff340:   00007ff8c2a10000 0000000000000000
0x0000006ee41ff350:   0000000000000001 000000007ffe0385
0x0000006ee41ff360:   0000000000000000 00007ff8d67812e9
0x0000006ee41ff370:   0000625ca71eb700 0000000000000014
0x0000006ee41ff380:   00007ff8c2a33ed0 0000000000000000
0x0000006ee41ff390:   0000000000000000 0000006ee34f3000
0x0000006ee41ff3a0:   000001a20fa0bbf0 00007ff8d67810a6 

Instructions: (pc=0x00007ff8c2a36587)
0x00007ff8c2a36487:   8b 4d 58 e8 8d cf ff ff 48 8b 4d 60 e8 84 cf ff
0x00007ff8c2a36497:   ff 48 8b 95 80 00 00 00 48 8b 8d 18 01 00 00 e8
0x00007ff8c2a364a7:   76 c4 ff ff 33 d2 33 c9 e8 cc e1 ff ff 90 48 89
0x00007ff8c2a364b7:   54 24 10 55 48 83 ec 20 48 8b ea 48 b8 00 00 00
0x00007ff8c2a364c7:   00 00 00 00 00 48 83 c4 20 5d c3 cc 40 55 48 8b
0x00007ff8c2a364d7:   ea 48 8b 01 33 c9 81 38 05 00 00 c0 0f 94 c1 8b
0x00007ff8c2a364e7:   c1 5d c3 cc 40 55 48 83 ec 20 48 8b ea 8a 4d 40
0x00007ff8c2a364f7:   48 83 c4 20 5d e9 73 d3 ff ff cc 40 55 48 83 ec
0x00007ff8c2a36507:   20 48 8b ea 8a 4d 20 e8 61 d3 ff ff 90 48 83 c4
0x00007ff8c2a36517:   20 5d c3 cc 40 55 48 83 ec 20 48 8b ea 48 83 c4
0x00007ff8c2a36527:   20 5d e9 c2 d1 ff ff cc 40 55 48 83 ec 30 48 8b
0x00007ff8c2a36537:   ea 48 8b 01 8b 10 48 89 4c 24 28 89 54 24 20 4c
0x00007ff8c2a36547:   8d 0d 63 d6 ff ff 4c 8b 45 70 8b 55 68 48 8b 4d
0x00007ff8c2a36557:   60 e8 03 d1 ff ff 90 48 83 c4 30 5d c3 cc cc cc
0x00007ff8c2a36567:   cc cc cc cc cc cc cc cc cc 40 53 48 83 ec 20 48
0x00007ff8c2a36577:   8b 1d 8b 34 01 00 48 85 db 74 16 e8 89 8f ff ff
0x00007ff8c2a36587:   4c 8b 00 48 8b d3 48 8b c8 41 ff 90 b0 00 00 00
0x00007ff8c2a36597:   90 48 83 c4 20 5b c3 cc cc 40 53 48 83 ec 20 48
0x00007ff8c2a365a7:   8b 1d fb 35 01 00 48 85 db 74 57 b8 ff ff ff ff
0x00007ff8c2a365b7:   f0 0f c1 43 10 83 f8 01 75 3d 48 85 db 74 38 48
0x00007ff8c2a365c7:   8b 0b 48 85 c9 74 0d ff 15 d4 0c 00 00 48 c7 03
0x00007ff8c2a365d7:   00 00 00 00 48 8b 4b 08 48 85 c9 74 0d e8 33 ce
0x00007ff8c2a365e7:   ff ff 48 c7 43 08 00 00 00 00 ba 18 00 00 00 48
0x00007ff8c2a365f7:   8b cb e8 1e ce ff ff 48 c7 05 9f 35 01 00 00 00
0x00007ff8c2a36607:   00 00 48 83 c4 20 5b c3 cc 40 53 48 83 ec 20 48
0x00007ff8c2a36617:   8b 1d 6b 35 01 00 48 85 db 74 57 b8 ff ff ff ff
0x00007ff8c2a36627:   f0 0f c1 43 10 83 f8 01 75 3d 48 85 db 74 38 48
0x00007ff8c2a36637:   8b 0b 48 85 c9 74 0d ff 15 64 0c 00 00 48 c7 03
0x00007ff8c2a36647:   00 00 00 00 48 8b 4b 08 48 85 c9 74 0d e8 c3 cd
0x00007ff8c2a36657:   ff ff 48 c7 43 08 00 00 00 00 ba 18 00 00 00 48
0x00007ff8c2a36667:   8b cb e8 ae cd ff ff 48 c7 05 0f 35 01 00 00 00
0x00007ff8c2a36677:   00 00 48 83 c4 20 5b c3 cc 40 53 48 83 ec 20 48 


Stack slot to memory mapping:

stack at sp + 0 slots: 0x0 is null
stack at sp + 1 slots: 0x0000006ee41ff2b8 points into unknown readable memory: 0x0000006ee41ff2a0 | a0 f2 1f e4 6e 00 00 00
stack at sp + 2 slots: 0x00007ff873c44720 jvm.dll
stack at sp + 3 slots: 0x00007ff8c2a33ed0 glass.dll
stack at sp + 4 slots: 0x000001a1c9815048 points into unknown readable memory: 0x000032c5d36e0fd8 | d8 0f 6e d3 c5 32 00 00
stack at sp + 5 slots: 0x00007ff8d3ac3a83 ucrtbase.dll
stack at sp + 6 slots: 0x000001a1c9815040 points into unknown readable memory: 0xf8c291fc3b6e0fa7 | a7 0f 6e 3b fc 91 c2 f8
stack at sp + 7 slots: 0x000001a100000000 is an unknown value

VM_Operation (0x0000006ee37fee40): Exit, mode: safepoint, requested by thread 0x000001a20fc02ab0


---------------  P R O C E S S  ---------------

Threads class SMR info:
_java_thread_list=0x000001a20fb12f70, length=20, elements={
0x000001a1a9c75ee0, 0x000001a1c91992e0, 0x000001a1c919a000, 0x000001a1c919bfb0,
0x000001a1c919da20, 0x000001a1c919e480, 0x000001a1c91a3650, 0x000001a1c91ac520,
0x000001a1c91ad0f0, 0x000001a1c93f64d0, 0x000001a1c9906e10, 0x000001a1c989b4d0,
0x000001a1c9d8aab0, 0x000001a20f10f500, 0x000001a20f1fec50, 0x000001a20f84b9f0,
0x000001a20f84c8f0, 0x000001a1c991f250, 0x000001a20fc09a40, 0x000001a20fc02ab0
}

Java Threads: ( => current thread )
  0x000001a1a9c75ee0 JavaThread "main"                              [_thread_blocked, id=18788, stack(0x0000006ee3a00000,0x0000006ee3b00000) (1024K)]
  0x000001a1c91992e0 JavaThread "Reference Handler"          daemon [_thread_blocked, id=9300, stack(0x0000006ee4200000,0x0000006ee4300000) (1024K)]
  0x000001a1c919a000 JavaThread "Finalizer"                  daemon [_thread_blocked, id=18628, stack(0x0000006ee4300000,0x0000006ee4400000) (1024K)]
  0x000001a1c919bfb0 JavaThread "Signal Dispatcher"          daemon [_thread_blocked, id=11984, stack(0x0000006ee4400000,0x0000006ee4500000) (1024K)]
  0x000001a1c919da20 JavaThread "Attach Listener"            daemon [_thread_blocked, id=18524, stack(0x0000006ee4500000,0x0000006ee4600000) (1024K)]
  0x000001a1c919e480 JavaThread "Service Thread"             daemon [_thread_blocked, id=11528, stack(0x0000006ee4600000,0x0000006ee4700000) (1024K)]
  0x000001a1c91a3650 JavaThread "Monitor Deflation Thread"   daemon [_thread_blocked, id=12328, stack(0x0000006ee4700000,0x0000006ee4800000) (1024K)]
  0x000001a1c91ac520 JavaThread "C2 CompilerThread0"         daemon [_thread_blocked, id=18472, stack(0x0000006ee4800000,0x0000006ee4900000) (1024K)]
  0x000001a1c91ad0f0 JavaThread "C1 CompilerThread0"         daemon [_thread_blocked, id=17776, stack(0x0000006ee4900000,0x0000006ee4a00000) (1024K)]
  0x000001a1c93f64d0 JavaThread "Common-Cleaner"             daemon [_thread_blocked, id=17500, stack(0x0000006ee4a00000,0x0000006ee4b00000) (1024K)]
  0x000001a1c9906e10 JavaThread "Monitor Ctrl-Break"         daemon [_thread_in_native, id=15252, stack(0x0000006ee4d00000,0x0000006ee4e00000) (1024K)]
  0x000001a1c989b4d0 JavaThread "Notification Thread"        daemon [_thread_blocked, id=17120, stack(0x0000006ee4e00000,0x0000006ee4f00000) (1024K)]
  0x000001a1c9d8aab0 JavaThread "QuantumRenderer-0"          daemon [_thread_blocked, id=14096, stack(0x0000006ee4f00000,0x0000006ee5000000) (1024K)]
  0x000001a20f10f500 JavaThread "InvokeLaterDispatcher"      daemon [_thread_blocked, id=8952, stack(0x0000006ee5000000,0x0000006ee5100000) (1024K)]
  0x000001a20f1fec50 JavaThread "JavaFX Application Thread"         [_thread_in_native, id=4140, stack(0x0000006ee5100000,0x0000006ee5200000) (1024K)]
  0x000001a20f84b9f0 JavaThread "JavaFX-Launcher"                   [_thread_blocked, id=2008, stack(0x0000006ee5600000,0x0000006ee5700000) (1024K)]
  0x000001a20f84c8f0 JavaThread "Thread-2"                   daemon [_thread_in_native, id=14504, stack(0x0000006ee5500000,0x0000006ee5600000) (1024K)]
  0x000001a1c991f250 JavaThread "Prism Font Disposer"        daemon [_thread_blocked, id=12360, stack(0x0000006ee5f00000,0x0000006ee6000000) (1024K)]
  0x000001a20fc09a40 JavaThread "Cleaner-0"                  daemon [_thread_blocked, id=1348, stack(0x0000006ee6400000,0x0000006ee6500000) (1024K)]
  0x000001a20fc02ab0 JavaThread "SIGINT handler"             daemon [_thread_blocked, id=4740, stack(0x0000006ee3700000,0x0000006ee3800000) (1024K)]
Total: 20

Other Threads:
=>0x000001a1c9179f20 VMThread "VM Thread"                           [id=1360, stack(0x0000006ee4100000,0x0000006ee4200000) (1024K)]
  0x000001a1a9cdefa0 WorkerThread "GC Thread#0"                     [id=10728, stack(0x0000006ee3b00000,0x0000006ee3c00000) (1024K)]
  0x000001a20f188fb0 WorkerThread "GC Thread#1"                     [id=12864, stack(0x0000006ee5700000,0x0000006ee5800000) (1024K)]
  0x000001a20f18b010 WorkerThread "GC Thread#2"                     [id=3388, stack(0x0000006ee5800000,0x0000006ee5900000) (1024K)]
  0x000001a20f19a060 WorkerThread "GC Thread#3"                     [id=18792, stack(0x0000006ee5900000,0x0000006ee5a00000) (1024K)]
  0x000001a20f19e410 WorkerThread "GC Thread#4"                     [id=13364, stack(0x0000006ee5a00000,0x0000006ee5b00000) (1024K)]
  0x000001a20f19f860 WorkerThread "GC Thread#5"                     [id=4084, stack(0x0000006ee5b00000,0x0000006ee5c00000) (1024K)]
  0x000001a20ff51530 WorkerThread "GC Thread#6"                     [id=14908, stack(0x0000006ee6000000,0x0000006ee6100000) (1024K)]
  0x000001a20ff51190 WorkerThread "GC Thread#7"                     [id=18912, stack(0x0000006ee6100000,0x0000006ee6200000) (1024K)]
  0x000001a20ff523b0 WorkerThread "GC Thread#8"                     [id=12020, stack(0x0000006ee6200000,0x0000006ee6300000) (1024K)]
  0x000001a20ff518d0 WorkerThread "GC Thread#9"                     [id=7100, stack(0x0000006ee6300000,0x0000006ee6400000) (1024K)]
  0x000001a1a9cefcc0 ConcurrentGCThread "G1 Main Marker"            terminated
  0x000001a1a9cf06d0 WorkerThread "G1 Conc#0"                       [id=1088, stack(0x0000006ee3d00000,0x0000006ee3e00000) (1024K)]
  0x000001a1c902d550 ConcurrentGCThread "G1 Refine#0"               terminated
  0x000001a1c902fd80 ConcurrentGCThread "G1 Service"                terminated
Total: 15

Threads with active compile tasks:
Total: 0

VM state: at safepoint (shutting down)

VM Mutex/Monitor currently owned by a thread:  ([mutex/lock_event])
[0x00007ff873c1cd68] Threads_lock - owner thread: 0x000001a1c9179f20
[0x00007ff873c1ce68] Heap_lock - owner thread: 0x000001a20fc02ab0

Heap address: 0x0000000703800000, size: 4040 MB, Compressed Oops mode: Zero based, Oop shift amount: 3

CDS archive(s) mapped at: [0x000001a1ca000000-0x000001a1cac90000-0x000001a1cac90000), size 13172736, SharedBaseAddress: 0x000001a1ca000000, ArchiveRelocationMode: 1.
Compressed class space mapped at: 0x000001a1cb000000-0x000001a20b000000, reserved size: 1073741824
Narrow klass base: 0x000001a1ca000000, Narrow klass shift: 0, Narrow klass range: 0x100000000

GC Precious Log:
 CardTable entry size: 512
 Card Set container configuration: InlinePtr #cards 4 size 8 Array Of Cards #cards 16 size 48 Howl #buckets 8 coarsen threshold 3686 Howl Bitmap #cards 512 size 80 coarsen threshold 460 Card regions per heap region 1 cards per card region 4096
 CPUs: 12 total, 12 available
 Memory: 16158M
 Large Page Support: Disabled
 NUMA Support: Disabled
 Compressed Oops: Enabled (Zero based)
 Heap Region Size: 2M
 Heap Min Capacity: 8M
 Heap Initial Capacity: 254M
 Heap Max Capacity: 4040M
 Pre-touch: Disabled
 Parallel Workers: 10
 Concurrent Workers: 3
 Concurrent Refinement Workers: 10
 Periodic GC: Disabled

Heap:
 garbage-first heap   total 260096K, used 57785K [0x0000000703800000, 0x0000000800000000)
  region size 2048K, 13 young (26624K), 3 survivors (6144K)
 Metaspace       used 16049K, committed 16448K, reserved 1114112K
  class space    used 2362K, committed 2560K, reserved 1048576K

Heap Regions: E=young(eden), S=young(survivor), O=old, HS=humongous(starts), HC=humongous(continues), CS=collection set, F=free, TAMS=top-at-mark-start, PB=parsable bottom
|   0|0x0000000703800000, 0x0000000703a00000, 0x0000000703a00000|100%|HS|  |TAMS 0x0000000703800000| PB 0x0000000703800000| Complete 
|   1|0x0000000703a00000, 0x0000000703c00000, 0x0000000703c00000|100%|HC|  |TAMS 0x0000000703a00000| PB 0x0000000703a00000| Complete 
|   2|0x0000000703c00000, 0x0000000703e00000, 0x0000000703e00000|100%|HC|  |TAMS 0x0000000703c00000| PB 0x0000000703c00000| Complete 
|   3|0x0000000703e00000, 0x0000000703e6e508, 0x0000000704000000| 21%| O|  |TAMS 0x0000000703e00000| PB 0x0000000703e00000| Untracked 
|   4|0x0000000704000000, 0x0000000704200000, 0x0000000704200000|100%|HS|  |TAMS 0x0000000704000000| PB 0x0000000704000000| Complete 
|   5|0x0000000704200000, 0x0000000704400000, 0x0000000704400000|100%|HS|  |TAMS 0x0000000704200000| PB 0x0000000704200000| Complete 
|   6|0x0000000704400000, 0x0000000704600000, 0x0000000704600000|100%|HC|  |TAMS 0x0000000704400000| PB 0x0000000704400000| Complete 
|   7|0x0000000704600000, 0x0000000704800000, 0x0000000704800000|100%|HC|  |TAMS 0x0000000704600000| PB 0x0000000704600000| Complete 
|   8|0x0000000704800000, 0x0000000704a00000, 0x0000000704a00000|100%|HS|  |TAMS 0x0000000704800000| PB 0x0000000704800000| Complete 
|   9|0x0000000704a00000, 0x0000000704c00000, 0x0000000704c00000|100%|HC|  |TAMS 0x0000000704a00000| PB 0x0000000704a00000| Complete 
|  10|0x0000000704c00000, 0x0000000704e00000, 0x0000000704e00000|100%|HC|  |TAMS 0x0000000704c00000| PB 0x0000000704c00000| Complete 
|  11|0x0000000704e00000, 0x0000000705000000, 0x0000000705000000|100%|HS|  |TAMS 0x0000000704e00000| PB 0x0000000704e00000| Complete 
|  12|0x0000000705000000, 0x0000000705200000, 0x0000000705200000|100%|HC|  |TAMS 0x0000000705000000| PB 0x0000000705000000| Complete 
|  13|0x0000000705200000, 0x0000000705400000, 0x0000000705400000|100%|HC|  |TAMS 0x0000000705200000| PB 0x0000000705200000| Complete 
|  14|0x0000000705400000, 0x0000000705600000, 0x0000000705600000|100%|HS|  |TAMS 0x0000000705400000| PB 0x0000000705400000| Complete 
|  15|0x0000000705600000, 0x0000000705800000, 0x0000000705800000|100%|HC|  |TAMS 0x0000000705600000| PB 0x0000000705600000| Complete 
|  16|0x0000000705800000, 0x0000000705a00000, 0x0000000705a00000|100%|HC|  |TAMS 0x0000000705800000| PB 0x0000000705800000| Complete 
|  17|0x0000000705a00000, 0x0000000705a00000, 0x0000000705c00000|  0%| F|  |TAMS 0x0000000705a00000| PB 0x0000000705a00000| Untracked 
|  18|0x0000000705c00000, 0x0000000705c00000, 0x0000000705e00000|  0%| F|  |TAMS 0x0000000705c00000| PB 0x0000000705c00000| Untracked 
|  19|0x0000000705e00000, 0x0000000705e00000, 0x0000000706000000|  0%| F|  |TAMS 0x0000000705e00000| PB 0x0000000705e00000| Untracked 
|  20|0x0000000706000000, 0x0000000706000000, 0x0000000706200000|  0%| F|  |TAMS 0x0000000706000000| PB 0x0000000706000000| Untracked 
|  21|0x0000000706200000, 0x0000000706200000, 0x0000000706400000|  0%| F|  |TAMS 0x0000000706200000| PB 0x0000000706200000| Untracked 
|  22|0x0000000706400000, 0x0000000706400000, 0x0000000706600000|  0%| F|  |TAMS 0x0000000706400000| PB 0x0000000706400000| Untracked 
|  23|0x0000000706600000, 0x0000000706600000, 0x0000000706800000|  0%| F|  |TAMS 0x0000000706600000| PB 0x0000000706600000| Untracked 
|  24|0x0000000706800000, 0x0000000706800000, 0x0000000706a00000|  0%| F|  |TAMS 0x0000000706800000| PB 0x0000000706800000| Untracked 
|  25|0x0000000706a00000, 0x0000000706a00000, 0x0000000706c00000|  0%| F|  |TAMS 0x0000000706a00000| PB 0x0000000706a00000| Untracked 
|  26|0x0000000706c00000, 0x0000000706c00000, 0x0000000706e00000|  0%| F|  |TAMS 0x0000000706c00000| PB 0x0000000706c00000| Untracked 
|  27|0x0000000706e00000, 0x0000000706e00000, 0x0000000707000000|  0%| F|  |TAMS 0x0000000706e00000| PB 0x0000000706e00000| Untracked 
|  28|0x0000000707000000, 0x0000000707000000, 0x0000000707200000|  0%| F|  |TAMS 0x0000000707000000| PB 0x0000000707000000| Untracked 
|  29|0x0000000707200000, 0x0000000707200000, 0x0000000707400000|  0%| F|  |TAMS 0x0000000707200000| PB 0x0000000707200000| Untracked 
|  30|0x0000000707400000, 0x0000000707400000, 0x0000000707600000|  0%| F|  |TAMS 0x0000000707400000| PB 0x0000000707400000| Untracked 
|  31|0x0000000707600000, 0x0000000707600000, 0x0000000707800000|  0%| F|  |TAMS 0x0000000707600000| PB 0x0000000707600000| Untracked 
|  32|0x0000000707800000, 0x0000000707800000, 0x0000000707a00000|  0%| F|  |TAMS 0x0000000707800000| PB 0x0000000707800000| Untracked 
|  33|0x0000000707a00000, 0x0000000707a00000, 0x0000000707c00000|  0%| F|  |TAMS 0x0000000707a00000| PB 0x0000000707a00000| Untracked 
|  34|0x0000000707c00000, 0x0000000707c00000, 0x0000000707e00000|  0%| F|  |TAMS 0x0000000707c00000| PB 0x0000000707c00000| Untracked 
|  35|0x0000000707e00000, 0x0000000707e00000, 0x0000000708000000|  0%| F|  |TAMS 0x0000000707e00000| PB 0x0000000707e00000| Untracked 
|  36|0x0000000708000000, 0x0000000708000000, 0x0000000708200000|  0%| F|  |TAMS 0x0000000708000000| PB 0x0000000708000000| Untracked 
|  37|0x0000000708200000, 0x0000000708200000, 0x0000000708400000|  0%| F|  |TAMS 0x0000000708200000| PB 0x0000000708200000| Untracked 
|  38|0x0000000708400000, 0x0000000708400000, 0x0000000708600000|  0%| F|  |TAMS 0x0000000708400000| PB 0x0000000708400000| Untracked 
|  39|0x0000000708600000, 0x0000000708600000, 0x0000000708800000|  0%| F|  |TAMS 0x0000000708600000| PB 0x0000000708600000| Untracked 
|  40|0x0000000708800000, 0x0000000708800000, 0x0000000708a00000|  0%| F|  |TAMS 0x0000000708800000| PB 0x0000000708800000| Untracked 
|  41|0x0000000708a00000, 0x0000000708a00000, 0x0000000708c00000|  0%| F|  |TAMS 0x0000000708a00000| PB 0x0000000708a00000| Untracked 
|  42|0x0000000708c00000, 0x0000000708c00000, 0x0000000708e00000|  0%| F|  |TAMS 0x0000000708c00000| PB 0x0000000708c00000| Untracked 
|  43|0x0000000708e00000, 0x0000000708e00000, 0x0000000709000000|  0%| F|  |TAMS 0x0000000708e00000| PB 0x0000000708e00000| Untracked 
|  44|0x0000000709000000, 0x0000000709000000, 0x0000000709200000|  0%| F|  |TAMS 0x0000000709000000| PB 0x0000000709000000| Untracked 
|  45|0x0000000709200000, 0x0000000709200000, 0x0000000709400000|  0%| F|  |TAMS 0x0000000709200000| PB 0x0000000709200000| Untracked 
|  46|0x0000000709400000, 0x0000000709400000, 0x0000000709600000|  0%| F|  |TAMS 0x0000000709400000| PB 0x0000000709400000| Untracked 
|  47|0x0000000709600000, 0x0000000709600000, 0x0000000709800000|  0%| F|  |TAMS 0x0000000709600000| PB 0x0000000709600000| Untracked 
|  48|0x0000000709800000, 0x0000000709800000, 0x0000000709a00000|  0%| F|  |TAMS 0x0000000709800000| PB 0x0000000709800000| Untracked 
|  49|0x0000000709a00000, 0x0000000709a00000, 0x0000000709c00000|  0%| F|  |TAMS 0x0000000709a00000| PB 0x0000000709a00000| Untracked 
|  50|0x0000000709c00000, 0x0000000709c00000, 0x0000000709e00000|  0%| F|  |TAMS 0x0000000709c00000| PB 0x0000000709c00000| Untracked 
|  51|0x0000000709e00000, 0x0000000709e00000, 0x000000070a000000|  0%| F|  |TAMS 0x0000000709e00000| PB 0x0000000709e00000| Untracked 
|  52|0x000000070a000000, 0x000000070a000000, 0x000000070a200000|  0%| F|  |TAMS 0x000000070a000000| PB 0x000000070a000000| Untracked 
|  53|0x000000070a200000, 0x000000070a200000, 0x000000070a400000|  0%| F|  |TAMS 0x000000070a200000| PB 0x000000070a200000| Untracked 
|  54|0x000000070a400000, 0x000000070a400000, 0x000000070a600000|  0%| F|  |TAMS 0x000000070a400000| PB 0x000000070a400000| Untracked 
|  55|0x000000070a600000, 0x000000070a600000, 0x000000070a800000|  0%| F|  |TAMS 0x000000070a600000| PB 0x000000070a600000| Untracked 
|  56|0x000000070a800000, 0x000000070a800000, 0x000000070aa00000|  0%| F|  |TAMS 0x000000070a800000| PB 0x000000070a800000| Untracked 
|  57|0x000000070aa00000, 0x000000070aa00000, 0x000000070ac00000|  0%| F|  |TAMS 0x000000070aa00000| PB 0x000000070aa00000| Untracked 
|  58|0x000000070ac00000, 0x000000070ac00000, 0x000000070ae00000|  0%| F|  |TAMS 0x000000070ac00000| PB 0x000000070ac00000| Untracked 
|  59|0x000000070ae00000, 0x000000070ae00000, 0x000000070b000000|  0%| F|  |TAMS 0x000000070ae00000| PB 0x000000070ae00000| Untracked 
|  60|0x000000070b000000, 0x000000070b000000, 0x000000070b200000|  0%| F|  |TAMS 0x000000070b000000| PB 0x000000070b000000| Untracked 
|  61|0x000000070b200000, 0x000000070b200000, 0x000000070b400000|  0%| F|  |TAMS 0x000000070b200000| PB 0x000000070b200000| Untracked 
|  62|0x000000070b400000, 0x000000070b400000, 0x000000070b600000|  0%| F|  |TAMS 0x000000070b400000| PB 0x000000070b400000| Untracked 
|  63|0x000000070b600000, 0x000000070b600000, 0x000000070b800000|  0%| F|  |TAMS 0x000000070b600000| PB 0x000000070b600000| Untracked 
|  64|0x000000070b800000, 0x000000070b800000, 0x000000070ba00000|  0%| F|  |TAMS 0x000000070b800000| PB 0x000000070b800000| Untracked 
|  65|0x000000070ba00000, 0x000000070ba00000, 0x000000070bc00000|  0%| F|  |TAMS 0x000000070ba00000| PB 0x000000070ba00000| Untracked 
|  66|0x000000070bc00000, 0x000000070bc00000, 0x000000070be00000|  0%| F|  |TAMS 0x000000070bc00000| PB 0x000000070bc00000| Untracked 
|  67|0x000000070be00000, 0x000000070be00000, 0x000000070c000000|  0%| F|  |TAMS 0x000000070be00000| PB 0x000000070be00000| Untracked 
|  68|0x000000070c000000, 0x000000070c000000, 0x000000070c200000|  0%| F|  |TAMS 0x000000070c000000| PB 0x000000070c000000| Untracked 
|  69|0x000000070c200000, 0x000000070c200000, 0x000000070c400000|  0%| F|  |TAMS 0x000000070c200000| PB 0x000000070c200000| Untracked 
|  70|0x000000070c400000, 0x000000070c400000, 0x000000070c600000|  0%| F|  |TAMS 0x000000070c400000| PB 0x000000070c400000| Untracked 
|  71|0x000000070c600000, 0x000000070c600000, 0x000000070c800000|  0%| F|  |TAMS 0x000000070c600000| PB 0x000000070c600000| Untracked 
|  72|0x000000070c800000, 0x000000070c800000, 0x000000070ca00000|  0%| F|  |TAMS 0x000000070c800000| PB 0x000000070c800000| Untracked 
|  73|0x000000070ca00000, 0x000000070ca00000, 0x000000070cc00000|  0%| F|  |TAMS 0x000000070ca00000| PB 0x000000070ca00000| Untracked 
|  74|0x000000070cc00000, 0x000000070cc00000, 0x000000070ce00000|  0%| F|  |TAMS 0x000000070cc00000| PB 0x000000070cc00000| Untracked 
|  75|0x000000070ce00000, 0x000000070ce00000, 0x000000070d000000|  0%| F|  |TAMS 0x000000070ce00000| PB 0x000000070ce00000| Untracked 
|  76|0x000000070d000000, 0x000000070d000000, 0x000000070d200000|  0%| F|  |TAMS 0x000000070d000000| PB 0x000000070d000000| Untracked 
|  77|0x000000070d200000, 0x000000070d200000, 0x000000070d400000|  0%| F|  |TAMS 0x000000070d200000| PB 0x000000070d200000| Untracked 
|  78|0x000000070d400000, 0x000000070d400000, 0x000000070d600000|  0%| F|  |TAMS 0x000000070d400000| PB 0x000000070d400000| Untracked 
|  79|0x000000070d600000, 0x000000070d600000, 0x000000070d800000|  0%| F|  |TAMS 0x000000070d600000| PB 0x000000070d600000| Untracked 
|  80|0x000000070d800000, 0x000000070d800000, 0x000000070da00000|  0%| F|  |TAMS 0x000000070d800000| PB 0x000000070d800000| Untracked 
|  81|0x000000070da00000, 0x000000070da00000, 0x000000070dc00000|  0%| F|  |TAMS 0x000000070da00000| PB 0x000000070da00000| Untracked 
|  82|0x000000070dc00000, 0x000000070dc00000, 0x000000070de00000|  0%| F|  |TAMS 0x000000070dc00000| PB 0x000000070dc00000| Untracked 
|  83|0x000000070de00000, 0x000000070de00000, 0x000000070e000000|  0%| F|  |TAMS 0x000000070de00000| PB 0x000000070de00000| Untracked 
|  84|0x000000070e000000, 0x000000070e000000, 0x000000070e200000|  0%| F|  |TAMS 0x000000070e000000| PB 0x000000070e000000| Untracked 
|  85|0x000000070e200000, 0x000000070e200000, 0x000000070e400000|  0%| F|  |TAMS 0x000000070e200000| PB 0x000000070e200000| Untracked 
|  86|0x000000070e400000, 0x000000070e400000, 0x000000070e600000|  0%| F|  |TAMS 0x000000070e400000| PB 0x000000070e400000| Untracked 
|  87|0x000000070e600000, 0x000000070e600000, 0x000000070e800000|  0%| F|  |TAMS 0x000000070e600000| PB 0x000000070e600000| Untracked 
|  88|0x000000070e800000, 0x000000070e800000, 0x000000070ea00000|  0%| F|  |TAMS 0x000000070e800000| PB 0x000000070e800000| Untracked 
|  89|0x000000070ea00000, 0x000000070ea00000, 0x000000070ec00000|  0%| F|  |TAMS 0x000000070ea00000| PB 0x000000070ea00000| Untracked 
|  90|0x000000070ec00000, 0x000000070ec00000, 0x000000070ee00000|  0%| F|  |TAMS 0x000000070ec00000| PB 0x000000070ec00000| Untracked 
|  91|0x000000070ee00000, 0x000000070ee00000, 0x000000070f000000|  0%| F|  |TAMS 0x000000070ee00000| PB 0x000000070ee00000| Untracked 
|  92|0x000000070f000000, 0x000000070f000000, 0x000000070f200000|  0%| F|  |TAMS 0x000000070f000000| PB 0x000000070f000000| Untracked 
|  93|0x000000070f200000, 0x000000070f200000, 0x000000070f400000|  0%| F|  |TAMS 0x000000070f200000| PB 0x000000070f200000| Untracked 
|  94|0x000000070f400000, 0x000000070f400000, 0x000000070f600000|  0%| F|  |TAMS 0x000000070f400000| PB 0x000000070f400000| Untracked 
|  95|0x000000070f600000, 0x000000070f600000, 0x000000070f800000|  0%| F|  |TAMS 0x000000070f600000| PB 0x000000070f600000| Untracked 
|  96|0x000000070f800000, 0x000000070f800000, 0x000000070fa00000|  0%| F|  |TAMS 0x000000070f800000| PB 0x000000070f800000| Untracked 
|  97|0x000000070fa00000, 0x000000070fa00000, 0x000000070fc00000|  0%| F|  |TAMS 0x000000070fa00000| PB 0x000000070fa00000| Untracked 
|  98|0x000000070fc00000, 0x000000070fc00000, 0x000000070fe00000|  0%| F|  |TAMS 0x000000070fc00000| PB 0x000000070fc00000| Untracked 
|  99|0x000000070fe00000, 0x000000070fe00000, 0x0000000710000000|  0%| F|  |TAMS 0x000000070fe00000| PB 0x000000070fe00000| Untracked 
| 100|0x0000000710000000, 0x0000000710000000, 0x0000000710200000|  0%| F|  |TAMS 0x0000000710000000| PB 0x0000000710000000| Untracked 
| 101|0x0000000710200000, 0x0000000710200000, 0x0000000710400000|  0%| F|  |TAMS 0x0000000710200000| PB 0x0000000710200000| Untracked 
| 102|0x0000000710400000, 0x0000000710400000, 0x0000000710600000|  0%| F|  |TAMS 0x0000000710400000| PB 0x0000000710400000| Untracked 
| 103|0x0000000710600000, 0x0000000710800000, 0x0000000710800000|100%| S|CS|TAMS 0x0000000710600000| PB 0x0000000710600000| Complete 
| 104|0x0000000710800000, 0x0000000710a00000, 0x0000000710a00000|100%| S|CS|TAMS 0x0000000710800000| PB 0x0000000710800000| Complete 
| 105|0x0000000710a00000, 0x0000000710c00000, 0x0000000710c00000|100%| S|CS|TAMS 0x0000000710a00000| PB 0x0000000710a00000| Complete 
| 106|0x0000000710c00000, 0x0000000710c00000, 0x0000000710e00000|  0%| F|  |TAMS 0x0000000710c00000| PB 0x0000000710c00000| Untracked 
| 107|0x0000000710e00000, 0x0000000710e00000, 0x0000000711000000|  0%| F|  |TAMS 0x0000000710e00000| PB 0x0000000710e00000| Untracked 
| 108|0x0000000711000000, 0x0000000711000000, 0x0000000711200000|  0%| F|  |TAMS 0x0000000711000000| PB 0x0000000711000000| Untracked 
| 109|0x0000000711200000, 0x0000000711200000, 0x0000000711400000|  0%| F|  |TAMS 0x0000000711200000| PB 0x0000000711200000| Untracked 
| 110|0x0000000711400000, 0x0000000711400000, 0x0000000711600000|  0%| F|  |TAMS 0x0000000711400000| PB 0x0000000711400000| Untracked 
| 111|0x0000000711600000, 0x0000000711600000, 0x0000000711800000|  0%| F|  |TAMS 0x0000000711600000| PB 0x0000000711600000| Untracked 
| 112|0x0000000711800000, 0x0000000711800000, 0x0000000711a00000|  0%| F|  |TAMS 0x0000000711800000| PB 0x0000000711800000| Untracked 
| 113|0x0000000711a00000, 0x0000000711a00000, 0x0000000711c00000|  0%| F|  |TAMS 0x0000000711a00000| PB 0x0000000711a00000| Untracked 
| 114|0x0000000711c00000, 0x0000000711c00000, 0x0000000711e00000|  0%| F|  |TAMS 0x0000000711c00000| PB 0x0000000711c00000| Untracked 
| 115|0x0000000711e00000, 0x0000000711e00000, 0x0000000712000000|  0%| F|  |TAMS 0x0000000711e00000| PB 0x0000000711e00000| Untracked 
| 116|0x0000000712000000, 0x0000000712000000, 0x0000000712200000|  0%| F|  |TAMS 0x0000000712000000| PB 0x0000000712000000| Untracked 
| 117|0x0000000712200000, 0x0000000712376518, 0x0000000712400000| 73%| E|  |TAMS 0x0000000712200000| PB 0x0000000712200000| Complete 
| 118|0x0000000712400000, 0x0000000712600000, 0x0000000712600000|100%| E|CS|TAMS 0x0000000712400000| PB 0x0000000712400000| Complete 
| 119|0x0000000712600000, 0x0000000712800000, 0x0000000712800000|100%| E|CS|TAMS 0x0000000712600000| PB 0x0000000712600000| Complete 
| 120|0x0000000712800000, 0x0000000712a00000, 0x0000000712a00000|100%| E|CS|TAMS 0x0000000712800000| PB 0x0000000712800000| Complete 
| 121|0x0000000712a00000, 0x0000000712c00000, 0x0000000712c00000|100%| E|CS|TAMS 0x0000000712a00000| PB 0x0000000712a00000| Complete 
| 122|0x0000000712c00000, 0x0000000712e00000, 0x0000000712e00000|100%| E|CS|TAMS 0x0000000712c00000| PB 0x0000000712c00000| Complete 
| 123|0x0000000712e00000, 0x0000000713000000, 0x0000000713000000|100%| E|CS|TAMS 0x0000000712e00000| PB 0x0000000712e00000| Complete 
| 124|0x0000000713000000, 0x0000000713200000, 0x0000000713200000|100%| E|CS|TAMS 0x0000000713000000| PB 0x0000000713000000| Complete 
| 125|0x0000000713200000, 0x0000000713400000, 0x0000000713400000|100%| E|CS|TAMS 0x0000000713200000| PB 0x0000000713200000| Complete 
| 126|0x0000000713400000, 0x0000000713600000, 0x0000000713600000|100%| E|CS|TAMS 0x0000000713400000| PB 0x0000000713400000| Complete 

Card table byte_map: [0x000001a1c1e30000,0x000001a1c2620000] _byte_map_base: 0x000001a1be614000

Marking Bits: (CMBitMap*) 0x000001a1a9cdf5b0
 Bits: [0x000001a1c2620000, 0x000001a1c6540000)

Polling page: 0x000001a1a9440000

Metaspace:

Usage:
  Non-class:     13.37 MB used.
      Class:      2.31 MB used.
       Both:     15.67 MB used.

Virtual space:
  Non-class space:       64.00 MB reserved,      13.56 MB ( 21%) committed,  1 nodes.
      Class space:        1.00 GB reserved,       2.50 MB ( <1%) committed,  1 nodes.
             Both:        1.06 GB reserved,      16.06 MB (  1%) committed. 

Chunk freelists:
   Non-Class:  2.08 MB
       Class:  13.50 MB
        Both:  15.58 MB

MaxMetaspaceSize: unlimited
CompressedClassSpaceSize: 1.00 GB
Initial GC threshold: 21.00 MB
Current GC threshold: 21.00 MB
CDS: on
 - commit_granule_bytes: 65536.
 - commit_granule_words: 8192.
 - virtual_space_node_default_size: 8388608.
 - enlarge_chunks_in_place: 1.
 - use_allocation_guard: 0.


Internal statistics:

num_allocs_failed_limit: 0.
num_arena_births: 356.
num_arena_deaths: 0.
num_vsnodes_births: 2.
num_vsnodes_deaths: 0.
num_space_committed: 257.
num_space_uncommitted: 0.
num_chunks_returned_to_freelist: 0.
num_chunks_taken_from_freelist: 867.
num_chunk_merges: 0.
num_chunk_splits: 602.
num_chunks_enlarged: 448.
num_inconsistent_stats: 0.

CodeHeap 'non-profiled nmethods': size=120000Kb used=1019Kb max_used=1019Kb free=118980Kb
 bounds [0x000001a1b9ba0000, 0x000001a1b9e10000, 0x000001a1c10d0000]
CodeHeap 'profiled nmethods': size=120000Kb used=4852Kb max_used=4852Kb free=115147Kb
 bounds [0x000001a1b20d0000, 0x000001a1b2590000, 0x000001a1b9600000]
CodeHeap 'non-nmethods': size=5760Kb used=1801Kb max_used=1864Kb free=3958Kb
 bounds [0x000001a1b9600000, 0x000001a1b9870000, 0x000001a1b9ba0000]
 total_blobs=3563 nmethods=2745 adapters=722
 compilation: enabled
              stopped_count=0, restarted_count=0
 full_count=0

Compilation events (20 events):
Event: 11.441 Thread 0x000001a1c91ad0f0 2738       3       java.util.EnumMap$Values::iterator (12 bytes)
Event: 11.441 Thread 0x000001a1c91ad0f0 nmethod 2738 0x000001a1b2588190 code [0x000001a1b2588340, 0x000001a1b25886a0]
Event: 11.441 Thread 0x000001a1c91ad0f0 2739       3       java.util.EnumMap$ValueIterator::<init> (11 bytes)
Event: 11.441 Thread 0x000001a1c91ad0f0 nmethod 2739 0x000001a1b2588810 code [0x000001a1b25889c0, 0x000001a1b2588c60]
Event: 11.441 Thread 0x000001a1c91ad0f0 2740       3       java.util.EnumMap$EnumMapIterator::<init> (20 bytes)
Event: 11.441 Thread 0x000001a1c91ad0f0 nmethod 2740 0x000001a1b2588d90 code [0x000001a1b2588f40, 0x000001a1b2589120]
Event: 11.963 Thread 0x000001a1c91ad0f0 2741       3       javafx.scene.Node::sceneToLocal0 (46 bytes)
Event: 11.966 Thread 0x000001a1c91ad0f0 nmethod 2741 0x000001a1b2589210 code [0x000001a1b2589520, 0x000001a1b258acd0]
Event: 13.905 Thread 0x000001a1c91ad0f0 2742       3       java.util.WeakHashMap::putAll (135 bytes)
Event: 13.906 Thread 0x000001a1c91ad0f0 nmethod 2742 0x000001a1b258b310 code [0x000001a1b258b5a0, 0x000001a1b258c100]
Event: 13.906 Thread 0x000001a1c91ad0f0 2743       3       javafx.scene.layout.Region::snapSizeX (10 bytes)
Event: 13.907 Thread 0x000001a1c91ad0f0 nmethod 2743 0x000001a1b258c410 code [0x000001a1b258c680, 0x000001a1b258cf90]
Event: 15.331 Thread 0x000001a1c91ac520 2744       4       com.sun.javafx.event.EventHandlerManager::dispatchBubblingEvent (41 bytes)
Event: 15.340 Thread 0x000001a1c91ac520 nmethod 2744 0x000001a1b9c9d490 code [0x000001a1b9c9d680, 0x000001a1b9c9db40]
Event: 86.437 Thread 0x000001a1c91ac520 2745       4       com.sun.javafx.tk.quantum.QuantumToolkit::postPulse (133 bytes)
Event: 86.439 Thread 0x000001a1c91ac520 nmethod 2745 0x000001a1b9c9df90 code [0x000001a1b9c9e140, 0x000001a1b9c9e370]
Event: 86.561 Thread 0x000001a1c91ac520 2746       4       com.sun.javafx.tk.quantum.QuantumToolkit$$Lambda/0x000001a1cb03dd28::run (8 bytes)
Event: 86.563 Thread 0x000001a1c91ac520 nmethod 2746 0x000001a1b9c9e590 code [0x000001a1b9c9e740, 0x000001a1b9c9e988]
Event: 108.275 Thread 0x000001a1c91ac520 2747       4       java.lang.System::getSecurityManager (12 bytes)
Event: 108.275 Thread 0x000001a1c91ac520 nmethod 2747 0x000001a1b9c9eb90 code [0x000001a1b9c9ed00, 0x000001a1b9c9ed68]

GC Heap History (4 events):
Event: 0.565 GC heap before
{Heap before GC invocations=0 (full 0):
 garbage-first heap   total 260096K, used 22528K [0x0000000703800000, 0x0000000800000000)
  region size 2048K, 11 young (22528K), 0 survivors (0K)
 Metaspace       used 4585K, committed 4800K, reserved 1114112K
  class space    used 504K, committed 640K, reserved 1048576K
}
Event: 0.568 GC heap after
{Heap after GC invocations=1 (full 0):
 garbage-first heap   total 260096K, used 2741K [0x0000000703800000, 0x0000000800000000)
  region size 2048K, 2 young (4096K), 2 survivors (4096K)
 Metaspace       used 4585K, committed 4800K, reserved 1114112K
  class space    used 504K, committed 640K, reserved 1048576K
}
Event: 1.153 GC heap before
{Heap before GC invocations=1 (full 0):
 garbage-first heap   total 260096K, used 45749K [0x0000000703800000, 0x0000000800000000)
  region size 2048K, 21 young (43008K), 2 survivors (4096K)
 Metaspace       used 12974K, committed 13248K, reserved 1114112K
  class space    used 1885K, committed 1984K, reserved 1048576K
}
Event: 1.159 GC heap after
{Heap after GC invocations=2 (full 0):
 garbage-first heap   total 260096K, used 12729K [0x0000000703800000, 0x0000000800000000)
  region size 2048K, 3 young (6144K), 3 survivors (6144K)
 Metaspace       used 12974K, committed 13248K, reserved 1114112K
  class space    used 1885K, committed 1984K, reserved 1048576K
}

Dll operation events (20 events):
Event: 0.367 Loaded shared library C:\Users\Student\.openjfx\cache\21-ea+null\amd64\api-ms-win-crt-math-l1-1-0.dll
Event: 0.369 Loaded shared library C:\Users\Student\.openjfx\cache\21-ea+null\amd64\api-ms-win-crt-multibyte-l1-1-0.dll
Event: 0.373 Loaded shared library C:\Users\Student\.openjfx\cache\21-ea+null\amd64\api-ms-win-crt-private-l1-1-0.dll
Event: 0.376 Loaded shared library C:\Users\Student\.openjfx\cache\21-ea+null\amd64\api-ms-win-crt-process-l1-1-0.dll
Event: 0.379 Loaded shared library C:\Users\Student\.openjfx\cache\21-ea+null\amd64\api-ms-win-crt-runtime-l1-1-0.dll
Event: 0.381 Loaded shared library C:\Users\Student\.openjfx\cache\21-ea+null\amd64\api-ms-win-crt-stdio-l1-1-0.dll
Event: 0.384 Loaded shared library C:\Users\Student\.openjfx\cache\21-ea+null\amd64\api-ms-win-crt-string-l1-1-0.dll
Event: 0.387 Loaded shared library C:\Users\Student\.openjfx\cache\21-ea+null\amd64\api-ms-win-crt-time-l1-1-0.dll
Event: 0.389 Loaded shared library C:\Users\Student\.openjfx\cache\21-ea+null\amd64\api-ms-win-crt-utility-l1-1-0.dll
Event: 0.404 Loaded shared library C:\Users\Student\.openjfx\cache\21-ea+null\amd64\ucrtbase.dll
Event: 0.408 Loaded shared library C:\Users\Student\.openjfx\cache\21-ea+null\amd64\vcruntime140.dll
Event: 0.411 Loaded shared library C:\Users\Student\.openjfx\cache\21-ea+null\amd64\vcruntime140_1.dll
Event: 0.420 Loaded shared library C:\Users\Student\.openjfx\cache\21-ea+null\amd64\msvcp140.dll
Event: 0.422 Loaded shared library C:\Users\Student\.openjfx\cache\21-ea+null\amd64\msvcp140_1.dll
Event: 0.427 Loaded shared library C:\Users\Student\.openjfx\cache\21-ea+null\amd64\msvcp140_2.dll
Event: 0.462 Loaded shared library C:\Users\Student\.openjfx\cache\21-ea+null\amd64\prism_d3d.dll
Event: 0.491 Loaded shared library C:\Users\Student\.openjfx\cache\21-ea+null\amd64\glass.dll
Event: 0.588 Loaded shared library C:\Users\Student\.jdks\openjdk-21.0.2\bin\jimage.dll
Event: 0.706 Loaded shared library C:\Users\Student\.openjfx\cache\21-ea+null\amd64\javafx_iio.dll
Event: 0.774 Loaded shared library C:\Users\Student\.openjfx\cache\21-ea+null\amd64\javafx_font.dll

Deoptimization events (20 events):
Event: 1.211 Thread 0x000001a20f1fec50 Uncommon trap: trap_request=0xffffff45 fr.pc=0x000001a1b9c0f898 relative=0x00000000000001f8
Event: 1.211 Thread 0x000001a20f1fec50 Uncommon trap: reason=unstable_if action=reinterpret pc=0x000001a1b9c0f898 method=java.io.ByteArrayInputStream.read()I @ 8 c2
Event: 1.211 Thread 0x000001a20f1fec50 DEOPT PACKING pc=0x000001a1b9c0f898 sp=0x0000006ee51fc4d0
Event: 1.211 Thread 0x000001a20f1fec50 DEOPT UNPACKING pc=0x000001a1b96546a2 sp=0x0000006ee51fc478 mode 2
Event: 1.217 Thread 0x000001a20f1fec50 Uncommon trap: trap_request=0xffffff45 fr.pc=0x000001a1b9bf6d68 relative=0x00000000000001c8
Event: 1.217 Thread 0x000001a20f1fec50 Uncommon trap: reason=unstable_if action=reinterpret pc=0x000001a1b9bf6d68 method=java.lang.String.indexOf(II)I @ 4 c2
Event: 1.217 Thread 0x000001a20f1fec50 DEOPT PACKING pc=0x000001a1b9bf6d68 sp=0x0000006ee51fd9a0
Event: 1.217 Thread 0x000001a20f1fec50 DEOPT UNPACKING pc=0x000001a1b96546a2 sp=0x0000006ee51fd8d0 mode 2
Event: 1.218 Thread 0x000001a20f1fec50 Uncommon trap: trap_request=0xffffff45 fr.pc=0x000001a1b9bb0e9c relative=0x00000000000001fc
Event: 1.218 Thread 0x000001a20f1fec50 Uncommon trap: reason=unstable_if action=reinterpret pc=0x000001a1b9bb0e9c method=java.lang.String.isLatin1()Z @ 10 c2
Event: 1.218 Thread 0x000001a20f1fec50 DEOPT PACKING pc=0x000001a1b9bb0e9c sp=0x0000006ee51fd930
Event: 1.218 Thread 0x000001a20f1fec50 DEOPT UNPACKING pc=0x000001a1b96546a2 sp=0x0000006ee51fd870 mode 2
Event: 2.087 Thread 0x000001a20f1fec50 Uncommon trap: trap_request=0xffffffde fr.pc=0x000001a1b9c24868 relative=0x0000000000000308
Event: 2.087 Thread 0x000001a20f1fec50 Uncommon trap: reason=class_check action=maybe_recompile pc=0x000001a1b9c24868 method=java.util.regex.Pattern$BmpCharPropertyGreedy.match(Ljava/util/regex/Matcher;ILjava/lang/CharSequence;)Z @ 26 c2
Event: 2.087 Thread 0x000001a20f1fec50 DEOPT PACKING pc=0x000001a1b9c24868 sp=0x0000006ee51fc8c0
Event: 2.087 Thread 0x000001a20f1fec50 DEOPT UNPACKING pc=0x000001a1b96546a2 sp=0x0000006ee51fc878 mode 2
Event: 2.088 Thread 0x000001a20f1fec50 Uncommon trap: trap_request=0xffffff45 fr.pc=0x000001a1b9c121a8 relative=0x0000000000000368
Event: 2.088 Thread 0x000001a20f1fec50 Uncommon trap: reason=unstable_if action=reinterpret pc=0x000001a1b9c121a8 method=java.io.ByteArrayInputStream.read([BII)I @ 35 c2
Event: 2.088 Thread 0x000001a20f1fec50 DEOPT PACKING pc=0x000001a1b9c121a8 sp=0x0000006ee51fb2c0
Event: 2.088 Thread 0x000001a20f1fec50 DEOPT UNPACKING pc=0x000001a1b96546a2 sp=0x0000006ee51fb280 mode 2

Classes loaded (20 events):
Event: 1.289 Loading class java/nio/ShortBuffer
Event: 1.289 Loading class java/nio/ShortBuffer done
Event: 1.289 Loading class java/nio/DoubleBuffer
Event: 1.289 Loading class java/nio/DoubleBuffer done
Event: 1.290 Loading class java/nio/DirectFloatBufferU
Event: 1.290 Loading class java/nio/DirectFloatBufferU done
Event: 1.302 Loading class jdk/internal/ref/CleanerImpl$InnocuousThreadFactory
Event: 1.302 Loading class jdk/internal/ref/CleanerImpl$InnocuousThreadFactory done
Event: 1.308 Loading class sun/misc/Unsafe
Event: 1.308 Loading class sun/misc/Unsafe done
Event: 1.308 Loading class java/lang/invoke/DirectMethodHandle$StaticAccessor
Event: 1.309 Loading class java/lang/invoke/DirectMethodHandle$StaticAccessor done
Event: 1.324 Loading class java/lang/FdLibm$Atan2
Event: 1.325 Loading class java/lang/FdLibm$Atan2 done
Event: 1.750 Loading class java/io/UnsupportedEncodingException
Event: 1.750 Loading class java/io/UnsupportedEncodingException done
Event: 2.121 Loading class java/io/CharArrayReader
Event: 2.121 Loading class java/io/CharArrayReader done
Event: 108.274 Loading class jdk/internal/misc/Signal$1
Event: 108.274 Loading class jdk/internal/misc/Signal$1 done

Classes unloaded (0 events):
No events

Classes redefined (0 events):
No events

Internal exceptions (20 events):
Event: 0.960 Thread 0x000001a20f1fec50 Exception <a 'sun/nio/fs/WindowsException'{0x00000007118d8010}> (0x00000007118d8010) 
thrown [s\open\src\hotspot\share\prims\jni.cpp, line 520]
Event: 0.967 Thread 0x000001a20f1fec50 Implicit null exception at 0x000001a1b9bd57e6 to 0x000001a1b9bd5892
Event: 0.972 Thread 0x000001a20f1fec50 Implicit null exception at 0x000001a1b9c126c0 to 0x000001a1b9c12928
Event: 0.982 Thread 0x000001a20f1fec50 Implicit null exception at 0x000001a1b9c0e840 to 0x000001a1b9c0eaa0
Event: 1.053 Thread 0x000001a1c919da20 Exception <a 'sun/nio/fs/WindowsException'{0x0000000711240d90}> (0x0000000711240d90) 
thrown [s\open\src\hotspot\share\prims\jni.cpp, line 520]
Event: 1.087 Thread 0x000001a20f1fec50 Exception <a 'java/lang/IncompatibleClassChangeError'{0x0000000711142140}: Found class java.lang.Object, but interface was expected> (0x0000000711142140) 
thrown [s\open\src\hotspot\share\interpreter\linkResolver.cpp, line 840]
Event: 1.116 Thread 0x000001a20f1fec50 Exception <a 'java/lang/ClassNotFoundException'{0x0000000710fcdfe8}: com/sun/javafx/scene/control/skin/resources/controls> (0x0000000710fcdfe8) 
thrown [s\open\src\hotspot\share\prims\jni.cpp, line 539]
Event: 1.117 Thread 0x000001a20f1fec50 Exception <a 'java/lang/ClassNotFoundException'{0x0000000710fdc558}: com/sun/javafx/scene/control/skin/resources/controls_ru> (0x0000000710fdc558) 
thrown [s\open\src\hotspot\share\prims\jni.cpp, line 539]
Event: 1.117 Thread 0x000001a20f1fec50 Exception <a 'java/lang/ClassNotFoundException'{0x0000000710fdd500}: com/sun/javafx/scene/control/skin/resources/controls_ru_RU> (0x0000000710fdd500) 
thrown [s\open\src\hotspot\share\prims\jni.cpp, line 539]
Event: 1.149 Thread 0x000001a20f1fec50 Exception <a 'java/lang/NoSuchMethodError'{0x0000000710dbce80}: 'void java.lang.invoke.DirectMethodHandle$Holder.invokeSpecial(java.lang.Object, java.lang.Object, java.lang.Object, java.lang.Object, java.lang.Object, java.lang.Object)'> (0x0000000710dbce80) 
thrown [s\open\src\hotspot\share\interpreter\linkResolver.cpp, line 773]
Event: 1.215 Thread 0x000001a20f1fec50 Exception <a 'java/lang/NoSuchMethodError'{0x00000007130fd4c0}: 'int java.lang.invoke.DirectMethodHandle$Holder.invokeSpecial(java.lang.Object, java.lang.Object, int)'> (0x00000007130fd4c0) 
thrown [s\open\src\hotspot\share\interpreter\linkResolver.cpp, line 773]
Event: 1.223 Thread 0x000001a20f1fec50 Exception <a 'java/lang/NoSuchMethodError'{0x0000000713136b90}: 'java.lang.Object java.lang.invoke.DirectMethodHandle$Holder.newInvokeSpecial(java.lang.Object, java.lang.Object, int)'> (0x0000000713136b90) 
thrown [s\open\src\hotspot\share\interpreter\linkResolver.cpp, line 773]
Event: 1.261 Thread 0x000001a1c9d8aab0 Exception <a 'java/lang/NoSuchMethodError'{0x0000000712e20bf0}: 'int java.lang.invoke.DirectMethodHandle$Holder.invokeStaticInit(java.lang.Object, java.lang.Object)'> (0x0000000712e20bf0) 
thrown [s\open\src\hotspot\share\interpreter\linkResolver.cpp, line 773]
Event: 1.266 Thread 0x000001a20f1fec50 Exception <a 'java/lang/NoSuchMethodError'{0x0000000712e99550}: 'long java.lang.invoke.DirectMethodHandle$Holder.invokeStatic(java.lang.Object, java.lang.Object, java.lang.Object)'> (0x0000000712e99550) 
thrown [s\open\src\hotspot\share\interpreter\linkResolver.cpp, line 773]
Event: 1.266 Thread 0x000001a20f1fec50 Exception <a 'java/lang/NoSuchMethodError'{0x0000000712e9c920}: 'long java.lang.invoke.DirectMethodHandle$Holder.invokeStaticInit(java.lang.Object, java.lang.Object, java.lang.Object)'> (0x0000000712e9c920) 
thrown [s\open\src\hotspot\share\interpreter\linkResolver.cpp, line 773]
Event: 1.269 Thread 0x000001a20f1fec50 Exception <a 'java/lang/NoSuchMethodError'{0x0000000712eb0f18}: 'java.lang.Object java.lang.invoke.DirectMethodHandle$Holder.newInvokeSpecial(java.lang.Object, java.lang.Object, long)'> (0x0000000712eb0f18) 
thrown [s\open\src\hotspot\share\interpreter\linkResolver.cpp, line 773]
Event: 1.269 Thread 0x000001a20f1fec50 Exception <a 'java/lang/NoSuchMethodError'{0x0000000712eb4810}: 'java.lang.Object java.lang.invoke.Invokers$Holder.linkToTargetMethod(java.lang.Object, long, java.lang.Object)'> (0x0000000712eb4810) 
thrown [s\open\src\hotspot\share\interpreter\linkResolver.cpp, line 773]
Event: 1.765 Thread 0x000001a20f1fec50 Exception <a 'java/lang/NoSuchMethodError'{0x0000000712be3c48}: 'java.lang.Object java.lang.invoke.DirectMethodHandle$Holder.newInvokeSpecial(java.lang.Object, java.lang.Object, int, int, int, int, int, java.lang.Object)'> (0x0000000712be3c48) 
thrown [s\open\src\hotspot\share\interpreter\linkResolver.cpp, line 773]
Event: 1.768 Thread 0x000001a20f1fec50 Exception <a 'java/lang/NoSuchMethodError'{0x0000000712bf5858}: 'java.lang.Object java.lang.invoke.DirectMethodHandle$Holder.newInvokeSpecial(java.lang.Object, java.lang.Object, java.lang.Object, int, int, int, int, int)'> (0x0000000712bf5858) 
thrown [s\open\src\hotspot\share\interpreter\linkResolver.cpp, line 773]
Event: 1.768 Thread 0x000001a20f1fec50 Exception <a 'java/lang/NoSuchMethodError'{0x0000000712bfcb98}: 'java.lang.Object java.lang.invoke.Invokers$Holder.linkToTargetMethod(java.lang.Object, java.lang.Object, int, int, int, int, int, java.lang.Object)'> (0x0000000712bfcb98) 
thrown [s\open\src\hotspot\share\interpreter\linkResolver.cpp, line 773]

ZGC Phase Switch (0 events):
No events

VM Operations (20 events):
Event: 4.141 Executing VM operation: Cleanup done
Event: 6.141 Executing VM operation: Cleanup
Event: 6.141 Executing VM operation: Cleanup done
Event: 7.142 Executing VM operation: Cleanup
Event: 7.142 Executing VM operation: Cleanup done
Event: 8.143 Executing VM operation: Cleanup
Event: 8.143 Executing VM operation: Cleanup done
Event: 9.143 Executing VM operation: Cleanup
Event: 9.143 Executing VM operation: Cleanup done
Event: 11.144 Executing VM operation: Cleanup
Event: 11.144 Executing VM operation: Cleanup done
Event: 12.145 Executing VM operation: Cleanup
Event: 12.145 Executing VM operation: Cleanup done
Event: 15.146 Executing VM operation: Cleanup
Event: 15.146 Executing VM operation: Cleanup done
Event: 60.114 Executing VM operation: HandshakeAllThreads (HandshakeForDeflation)
Event: 60.114 Executing VM operation: HandshakeAllThreads (HandshakeForDeflation) done
Event: 60.114 Executing VM operation: RendezvousGCThreads
Event: 60.114 Executing VM operation: RendezvousGCThreads done
Event: 108.276 Executing VM operation: Exit

Events (20 events):
Event: 0.039 Thread 0x000001a1c91ad0f0 Thread added: 0x000001a1c91ad0f0
Event: 0.062 Thread 0x000001a1c93f64d0 Thread added: 0x000001a1c93f64d0
Event: 0.101 Thread 0x000001a1c95437e0 Thread added: 0x000001a1c95437e0
Event: 0.104 Thread 0x000001a1c94ba050 Thread added: 0x000001a1c94ba050
Event: 0.186 Thread 0x000001a1c9906e10 Thread added: 0x000001a1c9906e10
Event: 0.186 Thread 0x000001a1c989b4d0 Thread added: 0x000001a1c989b4d0
Event: 0.454 Thread 0x000001a1c9d8aab0 Thread added: 0x000001a1c9d8aab0
Event: 0.492 Thread 0x000001a20f10f500 Thread added: 0x000001a20f10f500
Event: 0.495 Thread 0x000001a20f1fec50 Thread added: 0x000001a20f1fec50
Event: 0.560 Thread 0x000001a20f84b9f0 Thread added: 0x000001a20f84b9f0
Event: 0.560 Thread 0x000001a20f84c8f0 Thread added: 0x000001a20f84c8f0
Event: 1.082 Thread 0x000001a1c991f250 Thread added: 0x000001a1c991f250
Event: 1.302 Thread 0x000001a20fc09a40 Thread added: 0x000001a20fc09a40
Event: 1.324 Thread 0x000001a1c94ba050 Thread exited: 0x000001a1c94ba050
Event: 1.451 Thread 0x000001a1c95437e0 Thread exited: 0x000001a1c95437e0
Event: 108.274 Thread 0x000001a20fc02ab0 Thread added: 0x000001a20fc02ab0
Event: 108.275 Thread 0x000001a20fc0a0d0 Thread added: 0x000001a20fc0a0d0
Event: 108.275 Thread 0x000001a20fc08d20 Thread added: 0x000001a20fc08d20
Event: 108.276 Thread 0x000001a20fc08d20 Thread exited: 0x000001a20fc08d20
Event: 108.276 Thread 0x000001a20fc0a0d0 Thread exited: 0x000001a20fc0a0d0


Dynamic libraries:
0x00007ff7b9610000 - 0x00007ff7b961e000 	C:\Users\Student\.jdks\openjdk-21.0.2\bin\java.exe
0x00007ff8d6730000 - 0x00007ff8d6947000 	C:\WINDOWS\SYSTEM32\ntdll.dll
0x00007ff8d58e0000 - 0x00007ff8d59a4000 	C:\WINDOWS\System32\KERNEL32.DLL
0x00007ff8d40a0000 - 0x00007ff8d4446000 	C:\WINDOWS\System32\KERNELBASE.dll
0x00007ff8d3a70000 - 0x00007ff8d3b81000 	C:\WINDOWS\System32\ucrtbase.dll
0x00007ff8c14d0000 - 0x00007ff8c14e8000 	C:\Users\Student\.jdks\openjdk-21.0.2\bin\jli.dll
0x00007ff8c14b0000 - 0x00007ff8c14cb000 	C:\Users\Student\.jdks\openjdk-21.0.2\bin\VCRUNTIME140.dll
0x00007ff8d4700000 - 0x00007ff8d48ae000 	C:\WINDOWS\System32\USER32.dll
0x00007ff8d3a40000 - 0x00007ff8d3a66000 	C:\WINDOWS\System32\win32u.dll
0x00007ff8b5330000 - 0x00007ff8b55c3000 	C:\WINDOWS\WinSxS\amd64_microsoft.windows.common-controls_6595b64144ccf1df_6.0.22621.2506_none_270c5ae97388e100\COMCTL32.dll
0x00007ff8d6240000 - 0x00007ff8d6269000 	C:\WINDOWS\System32\GDI32.dll
0x00007ff8d57a0000 - 0x00007ff8d5847000 	C:\WINDOWS\System32\msvcrt.dll
0x00007ff8d3b90000 - 0x00007ff8d3ca8000 	C:\WINDOWS\System32\gdi32full.dll
0x00007ff8d3d30000 - 0x00007ff8d3dca000 	C:\WINDOWS\System32\msvcp_win.dll
0x00007ff8d5bc0000 - 0x00007ff8d5bf1000 	C:\WINDOWS\System32\IMM32.DLL
0x00007ff8cb940000 - 0x00007ff8cb94c000 	C:\Users\Student\.jdks\openjdk-21.0.2\bin\vcruntime140_1.dll
0x00007ff87f950000 - 0x00007ff87f9de000 	C:\Users\Student\.jdks\openjdk-21.0.2\bin\msvcp140.dll
0x00007ff872fe0000 - 0x00007ff873cf7000 	C:\Users\Student\.jdks\openjdk-21.0.2\bin\server\jvm.dll
0x00007ff8d5120000 - 0x00007ff8d51d3000 	C:\WINDOWS\System32\ADVAPI32.dll
0x00007ff8d5b10000 - 0x00007ff8d5bb8000 	C:\WINDOWS\System32\sechost.dll
0x00007ff8d3f00000 - 0x00007ff8d3f28000 	C:\WINDOWS\System32\bcrypt.dll
0x00007ff8d60a0000 - 0x00007ff8d61b7000 	C:\WINDOWS\System32\RPCRT4.dll
0x00007ff8d51e0000 - 0x00007ff8d5251000 	C:\WINDOWS\System32\WS2_32.dll
0x00007ff8d28d0000 - 0x00007ff8d291d000 	C:\WINDOWS\SYSTEM32\POWRPROF.dll
0x00007ff8ca9d0000 - 0x00007ff8caa04000 	C:\WINDOWS\SYSTEM32\WINMM.dll
0x00007ff8c5730000 - 0x00007ff8c573a000 	C:\WINDOWS\SYSTEM32\VERSION.dll
0x00007ff8d28b0000 - 0x00007ff8d28c3000 	C:\WINDOWS\SYSTEM32\UMPDC.dll
0x00007ff8d2b70000 - 0x00007ff8d2b88000 	C:\WINDOWS\SYSTEM32\kernel.appcore.dll
0x00007ff8c9ff0000 - 0x00007ff8c9ffa000 	C:\Users\Student\.jdks\openjdk-21.0.2\bin\jimage.dll
0x00007ff8bccd0000 - 0x00007ff8bcf03000 	C:\WINDOWS\SYSTEM32\DBGHELP.DLL
0x00007ff8d5410000 - 0x00007ff8d5799000 	C:\WINDOWS\System32\combase.dll
0x00007ff8d6290000 - 0x00007ff8d6367000 	C:\WINDOWS\System32\OLEAUT32.dll
0x00007ff8bc670000 - 0x00007ff8bc6a2000 	C:\WINDOWS\SYSTEM32\dbgcore.DLL
0x00007ff8d3cb0000 - 0x00007ff8d3d2a000 	C:\WINDOWS\System32\bcryptPrimitives.dll
0x00007ff8ca110000 - 0x00007ff8ca11f000 	C:\Users\Student\.jdks\openjdk-21.0.2\bin\instrument.dll
0x00007ff8bf940000 - 0x00007ff8bf95f000 	C:\Users\Student\.jdks\openjdk-21.0.2\bin\java.dll
0x00007ff8d48b0000 - 0x00007ff8d510b000 	C:\WINDOWS\System32\SHELL32.dll
0x00007ff8d19b0000 - 0x00007ff8d22a6000 	C:\WINDOWS\SYSTEM32\windows.storage.dll
0x00007ff8d1870000 - 0x00007ff8d19ae000 	C:\WINDOWS\SYSTEM32\wintypes.dll
0x00007ff8d5310000 - 0x00007ff8d5403000 	C:\WINDOWS\System32\SHCORE.dll
0x00007ff8d4620000 - 0x00007ff8d467e000 	C:\WINDOWS\System32\shlwapi.dll
0x00007ff8d3970000 - 0x00007ff8d3996000 	C:\WINDOWS\SYSTEM32\profapi.dll
0x00007ff87e370000 - 0x00007ff87e447000 	C:\Users\Student\.jdks\openjdk-21.0.2\bin\jsvml.dll
0x00007ff8c2fe0000 - 0x00007ff8c2ff0000 	C:\Users\Student\.jdks\openjdk-21.0.2\bin\net.dll
0x00007ff8cb5c0000 - 0x00007ff8cb6f7000 	C:\WINDOWS\SYSTEM32\WINHTTP.dll
0x00007ff8d2ff0000 - 0x00007ff8d3059000 	C:\WINDOWS\system32\mswsock.dll
0x00007ff8b0b20000 - 0x00007ff8b0b36000 	C:\Users\Student\.jdks\openjdk-21.0.2\bin\nio.dll
0x00007ff8b0b00000 - 0x00007ff8b0b18000 	C:\Users\Student\.jdks\openjdk-21.0.2\bin\zip.dll
0x00007ff8ca0e0000 - 0x00007ff8ca0fa000 	F:\IntelliJ IDEA Community Edition 2023.2.1\bin\breakgen64.dll
0x000001a1c9f30000 - 0x000001a1c9f33000 	C:\Users\Student\.openjfx\cache\21-ea+null\amd64\api-ms-win-core-console-l1-1-0.dll
0x000001a1c9f40000 - 0x000001a1c9f43000 	C:\Users\Student\.openjfx\cache\21-ea+null\amd64\api-ms-win-core-console-l1-2-0.dll
0x000001a1c9f50000 - 0x000001a1c9f53000 	C:\Users\Student\.openjfx\cache\21-ea+null\amd64\api-ms-win-core-datetime-l1-1-0.dll
0x000001a1c9f60000 - 0x000001a1c9f63000 	C:\Users\Student\.openjfx\cache\21-ea+null\amd64\api-ms-win-core-debug-l1-1-0.dll
0x000001a1c9f70000 - 0x000001a1c9f73000 	C:\Users\Student\.openjfx\cache\21-ea+null\amd64\api-ms-win-core-errorhandling-l1-1-0.dll
0x000001a1c9f80000 - 0x000001a1c9f84000 	C:\Users\Student\.openjfx\cache\21-ea+null\amd64\api-ms-win-core-file-l1-1-0.dll
0x000001a1c9f90000 - 0x000001a1c9f93000 	C:\Users\Student\.openjfx\cache\21-ea+null\amd64\api-ms-win-core-file-l1-2-0.dll
0x000001a1c9fa0000 - 0x000001a1c9fa3000 	C:\Users\Student\.openjfx\cache\21-ea+null\amd64\api-ms-win-core-file-l2-1-0.dll
0x000001a1c9fb0000 - 0x000001a1c9fb3000 	C:\Users\Student\.openjfx\cache\21-ea+null\amd64\api-ms-win-core-handle-l1-1-0.dll
0x000001a1c9fc0000 - 0x000001a1c9fc3000 	C:\Users\Student\.openjfx\cache\21-ea+null\amd64\api-ms-win-core-heap-l1-1-0.dll
0x000001a1c9fd0000 - 0x000001a1c9fd3000 	C:\Users\Student\.openjfx\cache\21-ea+null\amd64\api-ms-win-core-interlocked-l1-1-0.dll
0x000001a1c9fe0000 - 0x000001a1c9fe3000 	C:\Users\Student\.openjfx\cache\21-ea+null\amd64\api-ms-win-core-libraryloader-l1-1-0.dll
0x000001a1c9ff0000 - 0x000001a1c9ff3000 	C:\Users\Student\.openjfx\cache\21-ea+null\amd64\api-ms-win-core-localization-l1-2-0.dll
0x000001a20ffd0000 - 0x000001a20ffd3000 	C:\Users\Student\.openjfx\cache\21-ea+null\amd64\api-ms-win-core-memory-l1-1-0.dll
0x000001a20ffe0000 - 0x000001a20ffe3000 	C:\Users\Student\.openjfx\cache\21-ea+null\amd64\api-ms-win-core-namedpipe-l1-1-0.dll
0x000001a20fff0000 - 0x000001a20fff3000 	C:\Users\Student\.openjfx\cache\21-ea+null\amd64\api-ms-win-core-processenvironment-l1-1-0.dll
0x000001a210000000 - 0x000001a210003000 	C:\Users\Student\.openjfx\cache\21-ea+null\amd64\api-ms-win-core-processthreads-l1-1-0.dll
0x000001a210010000 - 0x000001a210013000 	C:\Users\Student\.openjfx\cache\21-ea+null\amd64\api-ms-win-core-processthreads-l1-1-1.dll
0x000001a210020000 - 0x000001a210023000 	C:\Users\Student\.openjfx\cache\21-ea+null\amd64\api-ms-win-core-profile-l1-1-0.dll
0x000001a210150000 - 0x000001a210153000 	C:\Users\Student\.openjfx\cache\21-ea+null\amd64\api-ms-win-core-rtlsupport-l1-1-0.dll
0x000001a210160000 - 0x000001a210163000 	C:\Users\Student\.openjfx\cache\21-ea+null\amd64\api-ms-win-core-string-l1-1-0.dll
0x000001a210170000 - 0x000001a210173000 	C:\Users\Student\.openjfx\cache\21-ea+null\amd64\api-ms-win-core-synch-l1-1-0.dll
0x000001a210180000 - 0x000001a210183000 	C:\Users\Student\.openjfx\cache\21-ea+null\amd64\api-ms-win-core-synch-l1-2-0.dll
0x000001a210190000 - 0x000001a210193000 	C:\Users\Student\.openjfx\cache\21-ea+null\amd64\api-ms-win-core-sysinfo-l1-1-0.dll
0x000001a2101a0000 - 0x000001a2101a3000 	C:\Users\Student\.openjfx\cache\21-ea+null\amd64\api-ms-win-core-timezone-l1-1-0.dll
0x000001a2101b0000 - 0x000001a2101b3000 	C:\Users\Student\.openjfx\cache\21-ea+null\amd64\api-ms-win-core-util-l1-1-0.dll
0x000001a210140000 - 0x000001a210143000 	C:\Users\Student\.openjfx\cache\21-ea+null\amd64\api-ms-win-crt-conio-l1-1-0.dll
0x000001a2102f0000 - 0x000001a2102f4000 	C:\Users\Student\.openjfx\cache\21-ea+null\amd64\api-ms-win-crt-convert-l1-1-0.dll
0x000001a210300000 - 0x000001a210303000 	C:\Users\Student\.openjfx\cache\21-ea+null\amd64\api-ms-win-crt-environment-l1-1-0.dll
0x000001a210310000 - 0x000001a210313000 	C:\Users\Student\.openjfx\cache\21-ea+null\amd64\api-ms-win-crt-filesystem-l1-1-0.dll
0x000001a210320000 - 0x000001a210323000 	C:\Users\Student\.openjfx\cache\21-ea+null\amd64\api-ms-win-crt-heap-l1-1-0.dll
0x000001a210330000 - 0x000001a210333000 	C:\Users\Student\.openjfx\cache\21-ea+null\amd64\api-ms-win-crt-locale-l1-1-0.dll
0x000001a210340000 - 0x000001a210345000 	C:\Users\Student\.openjfx\cache\21-ea+null\amd64\api-ms-win-crt-math-l1-1-0.dll
0x000001a210350000 - 0x000001a210355000 	C:\Users\Student\.openjfx\cache\21-ea+null\amd64\api-ms-win-crt-multibyte-l1-1-0.dll
0x000001a210360000 - 0x000001a210370000 	C:\Users\Student\.openjfx\cache\21-ea+null\amd64\api-ms-win-crt-private-l1-1-0.dll
0x000001a210370000 - 0x000001a210373000 	C:\Users\Student\.openjfx\cache\21-ea+null\amd64\api-ms-win-crt-process-l1-1-0.dll
0x000001a210380000 - 0x000001a210384000 	C:\Users\Student\.openjfx\cache\21-ea+null\amd64\api-ms-win-crt-runtime-l1-1-0.dll
0x000001a210390000 - 0x000001a210394000 	C:\Users\Student\.openjfx\cache\21-ea+null\amd64\api-ms-win-crt-stdio-l1-1-0.dll
0x000001a2103a0000 - 0x000001a2103a4000 	C:\Users\Student\.openjfx\cache\21-ea+null\amd64\api-ms-win-crt-string-l1-1-0.dll
0x000001a2103b0000 - 0x000001a2103b3000 	C:\Users\Student\.openjfx\cache\21-ea+null\amd64\api-ms-win-crt-time-l1-1-0.dll
0x000001a2103c0000 - 0x000001a2103c3000 	C:\Users\Student\.openjfx\cache\21-ea+null\amd64\api-ms-win-crt-utility-l1-1-0.dll
0x00007ff8bfff0000 - 0x00007ff8c00ec000 	C:\Users\Student\.openjfx\cache\21-ea+null\amd64\ucrtbase.dll
0x00007ff8c31f0000 - 0x00007ff8c320b000 	C:\Users\Student\.openjfx\cache\21-ea+null\amd64\vcruntime140.dll
0x00007ff8ca0a0000 - 0x00007ff8ca0ac000 	C:\Users\Student\.openjfx\cache\21-ea+null\amd64\vcruntime140_1.dll
0x00007ff8bff60000 - 0x00007ff8bffee000 	C:\Users\Student\.openjfx\cache\21-ea+null\amd64\msvcp140.dll
0x00007ff8d6520000 - 0x00007ff8d66c0000 	C:\WINDOWS\System32\ole32.dll
0x00007ff8c3230000 - 0x00007ff8c3239000 	C:\Users\Student\.openjfx\cache\21-ea+null\amd64\msvcp140_1.dll
0x00007ff8c30b0000 - 0x00007ff8c30df000 	C:\Users\Student\.openjfx\cache\21-ea+null\amd64\msvcp140_2.dll
0x00007ff8c3080000 - 0x00007ff8c30af000 	C:\Users\Student\.openjfx\cache\21-ea+null\amd64\prism_d3d.dll
0x00007ff8c3970000 - 0x00007ff8c3b19000 	C:\WINDOWS\system32\d3d9.dll
0x00007ff8d1170000 - 0x00007ff8d119b000 	C:\WINDOWS\SYSTEM32\dwmapi.dll
0x00007ff8d11e0000 - 0x00007ff8d1219000 	C:\WINDOWS\SYSTEM32\dxcore.dll
0x00007ff8d0ef0000 - 0x00007ff8d0f9b000 	C:\WINDOWS\system32\uxtheme.dll
0x00007ff879a50000 - 0x00007ff879c37000 	C:\WINDOWS\System32\DriverStore\FileRepository\iigd_base.inf_amd64_ce27a578fcb56b3a\igdumdim64.dll
0x00007ff88db80000 - 0x00007ff891138000 	C:\WINDOWS\System32\DriverStore\FileRepository\iigd_base.inf_amd64_ce27a578fcb56b3a\igd9dxva64.dll
0x00007ff8ce760000 - 0x00007ff8ce7aa000 	C:\WINDOWS\SYSTEM32\directxdatabasehelper.dll
0x00007ff8c2a10000 - 0x00007ff8c2a52000 	C:\Users\Student\.openjfx\cache\21-ea+null\amd64\glass.dll
0x00007ff8d6370000 - 0x00007ff8d6469000 	C:\WINDOWS\System32\COMDLG32.dll
0x00007ff8d59b0000 - 0x00007ff8d5b01000 	C:\WINDOWS\System32\MSCTF.dll
0x00007ff8c6a20000 - 0x00007ff8c8899000 	C:\WINDOWS\System32\DriverStore\FileRepository\iigd_base.inf_amd64_ce27a578fcb56b3a\igc64.dll
0x00007ff8c29e0000 - 0x00007ff8c2a0d000 	C:\Users\Student\.openjfx\cache\21-ea+null\amd64\javafx_iio.dll
0x00007ff8c3120000 - 0x00007ff8c3134000 	C:\Users\Student\.openjfx\cache\21-ea+null\amd64\javafx_font.dll
0x00007ff8cfc30000 - 0x00007ff8cfea4000 	C:\WINDOWS\SYSTEM32\dwrite.dll
0x00007ff8d5260000 - 0x00007ff8d5310000 	C:\WINDOWS\System32\clbcatq.dll
0x00007ff8cf820000 - 0x00007ff8cf9d0000 	C:\WINDOWS\SYSTEM32\WindowsCodecs.dll
0x00007ff8cb9a0000 - 0x00007ff8cb9fe000 	C:\WINDOWS\system32\dataexchange.dll
0x00007ff8c6430000 - 0x00007ff8c66b7000 	C:\WINDOWS\system32\twinapi.appcore.dll
0x00007ff8bfdf0000 - 0x00007ff8bfe22000 	C:\Program Files\Common Files\Microsoft Shared\Ink\rtscom.dll
0x00007ff8ca880000 - 0x00007ff8ca9ca000 	C:\WINDOWS\SYSTEM32\textinputframework.dll
0x00007ff8d0b10000 - 0x00007ff8d0c44000 	C:\WINDOWS\SYSTEM32\CoreMessaging.dll
0x00007ff8cd400000 - 0x00007ff8cd76c000 	C:\WINDOWS\SYSTEM32\CoreUIComponents.dll
0x00007ff8d3260000 - 0x00007ff8d326c000 	C:\WINDOWS\SYSTEM32\CRYPTBASE.DLL
0x00007ff8c0a40000 - 0x00007ff8c0aa9000 	C:\WINDOWS\system32\Oleacc.dll

dbghelp: loaded successfully - version: 4.0.5 - missing functions: none
symbol engine: initialized successfully - sym options: 0x614 - pdb path: .;C:\Users\Student\.jdks\openjdk-21.0.2\bin;C:\WINDOWS\SYSTEM32;C:\WINDOWS\WinSxS\amd64_microsoft.windows.common-controls_6595b64144ccf1df_6.0.22621.2506_none_270c5ae97388e100;C:\Users\Student\.jdks\openjdk-21.0.2\bin\server;F:\IntelliJ IDEA Community Edition 2023.2.1\bin;C:\Users\Student\.openjfx\cache\21-ea+null\amd64;C:\WINDOWS\System32\DriverStore\FileRepository\iigd_base.inf_amd64_ce27a578fcb56b3a;C:\Program Files\Common Files\Microsoft Shared\Ink

VM Arguments:
jvm_args: -javaagent:F:\IntelliJ IDEA Community Edition 2023.2.1\lib\idea_rt.jar=49475:F:\IntelliJ IDEA Community Edition 2023.2.1\bin -Dfile.encoding=UTF-8 -Dsun.stdout.encoding=UTF-8 -Dsun.stderr.encoding=UTF-8 --module-path=C:\Users\Student\.m2\repository\org\openjfx\javafx-graphics\21-ea+24\javafx-graphics-21-ea+24-win.jar;C:\Users\Student\.m2\repository\org\openjfx\javafx-controls\21-ea+24\javafx-controls-21-ea+24-win.jar;C:\Users\Student\.m2\repository\org\openjfx\javafx-fxml\21-ea+24\javafx-fxml-21-ea+24-win.jar;C:\Users\Student\Desktop\thrthehrhjyj\target\classes;C:\Users\Student\.m2\repository\org\openjfx\javafx-base\21-ea+24\javafx-base-21-ea+24-win.jar -Djdk.module.main=com.example.thrthehrhjyj 
java_command: com.example.thrthehrhjyj/com.example.thrthehrhjyj.HelloApplication
java_class_path (initial): C:\Users\Student\.m2\repository\org\openjfx\javafx-controls\21-ea+24\javafx-controls-21-ea+24.jar;C:\Users\Student\.m2\repository\org\openjfx\javafx-graphics\21-ea+24\javafx-graphics-21-ea+24.jar;C:\Users\Student\.m2\repository\org\openjfx\javafx-base\21-ea+24\javafx-base-21-ea+24.jar;C:\Users\Student\.m2\repository\org\openjfx\javafx-fxml\21-ea+24\javafx-fxml-21-ea+24.jar
Launcher Type: SUN_STANDARD

[Global flags]
     intx CICompilerCount                          = 4                                         {product} {ergonomic}
     uint ConcGCThreads                            = 3                                         {product} {ergonomic}
     uint G1ConcRefinementThreads                  = 10                                        {product} {ergonomic}
   size_t G1HeapRegionSize                         = 2097152                                   {product} {ergonomic}
    uintx GCDrainStackTargetSize                   = 64                                        {product} {ergonomic}
   size_t InitialHeapSize                          = 266338304                                 {product} {ergonomic}
   size_t MarkStackSize                            = 4194304                                   {product} {ergonomic}
   size_t MaxHeapSize                              = 4236247040                                {product} {ergonomic}
   size_t MaxNewSize                               = 2541748224                                {product} {ergonomic}
   size_t MinHeapDeltaBytes                        = 2097152                                   {product} {ergonomic}
   size_t MinHeapSize                              = 8388608                                   {product} {ergonomic}
    uintx NonNMethodCodeHeapSize                   = 5839372                                {pd product} {ergonomic}
    uintx NonProfiledCodeHeapSize                  = 122909434                              {pd product} {ergonomic}
    uintx ProfiledCodeHeapSize                     = 122909434                              {pd product} {ergonomic}
    uintx ReservedCodeCacheSize                    = 251658240                              {pd product} {ergonomic}
     bool SegmentedCodeCache                       = true                                      {product} {ergonomic}
   size_t SoftMaxHeapSize                          = 4236247040                             {manageable} {ergonomic}
     bool UseCompressedOops                        = true                           {product lp64_product} {ergonomic}
     bool UseG1GC                                  = true                                      {product} {ergonomic}
     bool UseLargePagesIndividualAllocation        = false                                  {pd product} {ergonomic}

Logging:
Log output configuration:
 #0: stdout all=off uptime,level,tags foldmultilines=false
 #1: stderr all=off uptime,level,tags foldmultilines=false

Environment Variables:
PATH=C:\Program Files (x86)\Common Files\Oracle\Java\javapath;C:\WINDOWS\system32;C:\WINDOWS;C:\WINDOWS\System32\Wbem;C:\WINDOWS\System32\WindowsPowerShell\v1.0\;C:\WINDOWS\System32\OpenSSH\;C:\Program Files\Git\cmd;C:\Program Files\Microsoft SQL Server\130\Tools\Binn\;C:\Program Files\dotnet\;C:\Program Files\nodejs\;C:\Program Files (x86)\Windows Kits\10\Windows Performance Toolkit\;C:\Users\Student\AppData\Local\Programs\Python\Python311\Scripts\;C:\Users\Student\AppData\Local\Programs\Python\Python311\;C:\Users\Student\AppData\Local\Microsoft\WindowsApps;;C:\Users\Student\AppData\Local\Programs\Microsoft VS Code\bin;C:\Users\Student\AppData\Local\JetBrains\IntelliJ IDEA Community Edition 2021.1\bin;;C:\Users\Student\AppData\Roaming\npm;C:\Program Files\JetBrains\PyCharm Community Edition 2022.3.2\bin;
USERNAME=Student
OS=Windows_NT
PROCESSOR_IDENTIFIER=Intel64 Family 6 Model 158 Stepping 10, GenuineIntel
TMP=C:\Users\Student\AppData\Local\Temp
TEMP=C:\Users\Student\AppData\Local\Temp




Periodic native trim disabled

---------------  S Y S T E M  ---------------

OS:
 Windows 11 , 64 bit Build 22621 (10.0.22621.3085)
OS uptime: 13 days 7:51 hours

CPU: total 12 (initial active 12) (6 cores per cpu, 2 threads per core) family 6 model 158 stepping 10 microcode 0xec, cx8, cmov, fxsr, ht, mmx, 3dnowpref, sse, sse2, sse3, ssse3, sse4.1, sse4.2, popcnt, lzcnt, tsc, tscinvbit, avx, avx2, aes, erms, clmul, bmi1, bmi2, rtm, adx, fma, vzeroupper, clflush, clflushopt, rdtscp, f16c
Processor Information for all 12 processors :
  Max Mhz: 3192, Current Mhz: 3192, Mhz Limit: 3192

Memory: 4k page, system-wide physical 16158M (7219M free)
TotalPageFile size 17182M (AvailPageFile size 4573M)
current process WorkingSet (physical memory assigned to process): 260M, peak: 317M
current process commit charge ("private bytes"): 489M, peak: 534M

vm_info: OpenJDK 64-Bit Server VM (21.0.2+13-58) for windows-amd64 JRE (21.0.2+13-58), built on 2024-01-05T18:32:24Z by "mach5one" with MS VC++ 17.1 (VS2022)

END.
