#
# A fatal error has been detected by the Java Runtime Environment:
#
#  EXCEPTION_ACCESS_VIOLATION (0xc0000005) at pc=0x00007ffe2d3d6587, pid=15160, tid=1928
#
# JRE version: OpenJDK Runtime Environment Corretto-21.0.1.12.1 (21.0.1+12) (build 21.0.1+12-LTS)
# Java VM: OpenJDK 64-Bit Server VM Corretto-21.0.1.12.1 (21.0.1+12-LTS, mixed mode, sharing, tiered, compressed oops, compressed class ptrs, g1 gc, windows-amd64)
# Problematic frame:
# C  [glass.dll+0x26587]
#
# No core dump will be written. Minidumps are not enabled by default on client versions of Windows
#
# If you would like to submit a bug report, please visit:
#   https://github.com/corretto/corretto-21/issues/
#

---------------  S U M M A R Y ------------

Command Line: -javaagent:C:\Program Files\JetBrains\IntelliJ IDEA Community Edition 2023.2.4\lib\idea_rt.jar=51588:C:\Program Files\JetBrains\IntelliJ IDEA Community Edition 2023.2.4\bin -Dfile.encoding=UTF-8 -Dsun.stdout.encoding=UTF-8 -Dsun.stderr.encoding=UTF-8 --module-path=C:\Users\NickS\.m2\repository\org\openjfx\javafx-base\21-ea+24\javafx-base-21-ea+24-win.jar;C:\Users\NickS\OneDrive\Рабочий стол\thrthehrhjyj\target\classes;C:\Users\NickS\.m2\repository\org\openjfx\javafx-graphics\21-ea+24\javafx-graphics-21-ea+24-win.jar;C:\Users\NickS\.m2\repository\org\openjfx\javafx-controls\21-ea+24\javafx-controls-21-ea+24-win.jar;C:\Users\NickS\.m2\repository\org\openjfx\javafx-fxml\21-ea+24\javafx-fxml-21-ea+24-win.jar -Djdk.module.main=com.example.thrthehrhjyj com.example.thrthehrhjyj/com.example.thrthehrhjyj.HelloApplication

Host: 11th Gen Intel(R) Core(TM) i3-1115G4 @ 3.00GHz, 4 cores, 7G,  Windows 11 , 64 bit Build 22000 (10.0.22000.2538)
Time: Wed Mar 20 22:55:19 2024 RTZ 2 (s 11 , 64 bit Build 22000 (10.0.22000.2538) elapsed time: 1646.936044 seconds (0d 0h 27m 26s)

---------------  T H R E A D  ---------------

Current thread (0x0000027b7ed33d40):  VMThread "VM Thread"          [id=1928, stack(0x00000080cdc00000,0x00000080cdd00000) (1024K)]

Stack: [0x00000080cdc00000,0x00000080cdd00000],  sp=0x00000080cdcfef00,  free space=1019k
Native frames: (J=compiled Java code, j=interpreted, Vv=VM code, C=native code)
C  [glass.dll+0x26587]


siginfo: EXCEPTION_ACCESS_VIOLATION (0xc0000005), reading address 0x0000000000000000


Registers:
RAX=0x0000000000000000, RBX=0x0000027b7ed3c022, RCX=0x0000027b7ed33d40, RDX=0x00000080cdcfef00
RSP=0x00000080cdcfef00, RBP=0x0000027b5606d498, RSI=0x0000027b5606d470, RDI=0x0000dc74b5f91a9d
R8 =0x0000000000010002, R9 =0x0000dc74b5f91a9d, R10=0x85f13e9656da4870, R11=0x00000080cdcfee90
R12=0x00007ffe2d3d3ed0, R13=0x00007ffd86ab5410, R14=0x00000080cdcff008, R15=0x0000027b5606d470
RIP=0x00007ffe2d3d6587, EFLAGS=0x0000000000010202


Register to memory mapping:

RAX=0x0 is null
RBX=0x0000027b7ed3c022 is a global jni handle
RCX=0x0000027b7ed33d40 points into unknown readable memory: 0x00007ffd868b66f0 | f0 66 8b 86 fd 7f 00 00
RDX=0x00000080cdcfef00 points into unknown readable memory: 0x0000000000000000 | 00 00 00 00 00 00 00 00
RSP=0x00000080cdcfef00 points into unknown readable memory: 0x0000000000000000 | 00 00 00 00 00 00 00 00
RBP=0x0000027b5606d498 points into unknown readable memory: 0x0000dc74b5f91a9d | 9d 1a f9 b5 74 dc 00 00
RSI=0x0000027b5606d470 points into unknown readable memory: 0xc5a77b49b5f91562 | 62 15 f9 b5 49 7b a7 c5
RDI=0x0000dc74b5f91a9d is an unknown value
R8 =0x0000000000010002 is an unknown value
R9 =0x0000dc74b5f91a9d is an unknown value
R10=0x85f13e9656da4870 is an unknown value
R11=0x00000080cdcfee90 points into unknown readable memory: 0x0000027b5606d470 | 70 d4 06 56 7b 02 00 00
R12=0x00007ffe2d3d3ed0 glass.dll
R13=0x00007ffd86ab5410 jvm.dll
R14=0x00000080cdcff008 points into unknown readable memory: 0x00000080cdcfeff0 | f0 ef cf cd 80 00 00 00
R15=0x0000027b5606d470 points into unknown readable memory: 0xc5a77b49b5f91562 | 62 15 f9 b5 49 7b a7 c5

Top of Stack: (sp=0x00000080cdcfef00)
0x00000080cdcfef00:   0000000000000000 0000027b5606d470
0x00000080cdcfef10:   00007ffd86ab5410 00007ffe2d3d3ed0
0x00000080cdcfef20:   0000027b5606d478 00007ffe3cc3bea0
0x00000080cdcfef30:   0000dc74b5f91a9d 0000027b00000000
0x00000080cdcfef40:   0000027b5606d498 0000027b5606d470
0x00000080cdcfef50:   fffffffffffffffe 0000000000000000
0x00000080cdcfef60:   0000000000000001 00007ffe2d3b0000
0x00000080cdcfef70:   00000080cdcfeff8 00007ffe3cc3bdb7
0x00000080cdcfef80:   0000000000000000 00000080cdcff008
0x00000080cdcfef90:   00000080cdcff2f0 00007ffe3cd212b0
0x00000080cdcfefa0:   0000000000000001 00007ffe3cc3bd6d
0x00000080cdcfefb0:   0000000000000000 0000000000000001
0x00000080cdcfefc0:   0000000000000000 00000080cdcfeff8
0x00000080cdcfefd0:   fffffffffffffffe 00000080cdcff200
0x00000080cdcfefe0:   0000000000000000 00007ffe2d3d3d5d
0x00000080cdcfeff0:   00007ffe2d3ea008 00007ffd00000002
0x00000080cdcff000:   0000000000000002 00000080cdcfeff0
0x00000080cdcff010:   0000000000000000 00007ffe3f6ffec3
0x00000080cdcff020:   0000000000000000 00007ffe2d3d3e82
0x00000080cdcff030:   0000000000000001 0000000000000001
0x00000080cdcff040:   0000000000000000 00007ffe3cd212b0
0x00000080cdcff050:   0000000000000001 00007ffe3c3c2223
0x00000080cdcff060:   00007ffe00000001 0000000000000000
0x00000080cdcff070:   00007ffe2d3b0000 000000007ffe0384
0x00000080cdcff080:   0000000000000000 00007ffe3f6fff57
0x00000080cdcff090:   00007ffe2d3b0000 0000000000000000
0x00000080cdcff0a0:   0000000000000001 000000007ffe0385
0x00000080cdcff0b0:   00007ffe3f7f0e20 00007ffe30e7b2f0
0x00000080cdcff0c0:   0000de9c225ade00 00007ffe2fea0000
0x00000080cdcff0d0:   00007ffe2d3d3ed0 0000000000000000
0x00000080cdcff0e0:   0000000000000000 00000080cd020000
0x00000080cdcff0f0:   0000027b56062730 00007ffe3f71458a 

Instructions: (pc=0x00007ffe2d3d6587)
0x00007ffe2d3d6487:   8b 4d 58 e8 8d cf ff ff 48 8b 4d 60 e8 84 cf ff
0x00007ffe2d3d6497:   ff 48 8b 95 80 00 00 00 48 8b 8d 18 01 00 00 e8
0x00007ffe2d3d64a7:   76 c4 ff ff 33 d2 33 c9 e8 cc e1 ff ff 90 48 89
0x00007ffe2d3d64b7:   54 24 10 55 48 83 ec 20 48 8b ea 48 b8 00 00 00
0x00007ffe2d3d64c7:   00 00 00 00 00 48 83 c4 20 5d c3 cc 40 55 48 8b
0x00007ffe2d3d64d7:   ea 48 8b 01 33 c9 81 38 05 00 00 c0 0f 94 c1 8b
0x00007ffe2d3d64e7:   c1 5d c3 cc 40 55 48 83 ec 20 48 8b ea 8a 4d 40
0x00007ffe2d3d64f7:   48 83 c4 20 5d e9 73 d3 ff ff cc 40 55 48 83 ec
0x00007ffe2d3d6507:   20 48 8b ea 8a 4d 20 e8 61 d3 ff ff 90 48 83 c4
0x00007ffe2d3d6517:   20 5d c3 cc 40 55 48 83 ec 20 48 8b ea 48 83 c4
0x00007ffe2d3d6527:   20 5d e9 c2 d1 ff ff cc 40 55 48 83 ec 30 48 8b
0x00007ffe2d3d6537:   ea 48 8b 01 8b 10 48 89 4c 24 28 89 54 24 20 4c
0x00007ffe2d3d6547:   8d 0d 63 d6 ff ff 4c 8b 45 70 8b 55 68 48 8b 4d
0x00007ffe2d3d6557:   60 e8 03 d1 ff ff 90 48 83 c4 30 5d c3 cc cc cc
0x00007ffe2d3d6567:   cc cc cc cc cc cc cc cc cc 40 53 48 83 ec 20 48
0x00007ffe2d3d6577:   8b 1d 8b 34 01 00 48 85 db 74 16 e8 89 8f ff ff
0x00007ffe2d3d6587:   4c 8b 00 48 8b d3 48 8b c8 41 ff 90 b0 00 00 00
0x00007ffe2d3d6597:   90 48 83 c4 20 5b c3 cc cc 40 53 48 83 ec 20 48
0x00007ffe2d3d65a7:   8b 1d fb 35 01 00 48 85 db 74 57 b8 ff ff ff ff
0x00007ffe2d3d65b7:   f0 0f c1 43 10 83 f8 01 75 3d 48 85 db 74 38 48
0x00007ffe2d3d65c7:   8b 0b 48 85 c9 74 0d ff 15 d4 0c 00 00 48 c7 03
0x00007ffe2d3d65d7:   00 00 00 00 48 8b 4b 08 48 85 c9 74 0d e8 33 ce
0x00007ffe2d3d65e7:   ff ff 48 c7 43 08 00 00 00 00 ba 18 00 00 00 48
0x00007ffe2d3d65f7:   8b cb e8 1e ce ff ff 48 c7 05 9f 35 01 00 00 00
0x00007ffe2d3d6607:   00 00 48 83 c4 20 5b c3 cc 40 53 48 83 ec 20 48
0x00007ffe2d3d6617:   8b 1d 6b 35 01 00 48 85 db 74 57 b8 ff ff ff ff
0x00007ffe2d3d6627:   f0 0f c1 43 10 83 f8 01 75 3d 48 85 db 74 38 48
0x00007ffe2d3d6637:   8b 0b 48 85 c9 74 0d ff 15 64 0c 00 00 48 c7 03
0x00007ffe2d3d6647:   00 00 00 00 48 8b 4b 08 48 85 c9 74 0d e8 c3 cd
0x00007ffe2d3d6657:   ff ff 48 c7 43 08 00 00 00 00 ba 18 00 00 00 48
0x00007ffe2d3d6667:   8b cb e8 ae cd ff ff 48 c7 05 0f 35 01 00 00 00
0x00007ffe2d3d6677:   00 00 48 83 c4 20 5b c3 cc 40 53 48 83 ec 20 48 


Stack slot to memory mapping:

stack at sp + 0 slots: 0x0 is null
stack at sp + 1 slots: 0x0000027b5606d470 points into unknown readable memory: 0xc5a77b49b5f91562 | 62 15 f9 b5 49 7b a7 c5
stack at sp + 2 slots: 0x00007ffd86ab5410 jvm.dll
stack at sp + 3 slots: 0x00007ffe2d3d3ed0 glass.dll
stack at sp + 4 slots: 0x0000027b5606d478 points into unknown readable memory: 0x0000dc74b5f91a9d | 9d 1a f9 b5 74 dc 00 00
stack at sp + 5 slots: 0x00007ffe3cc3bea0 ucrtbase.dll
stack at sp + 6 slots: 0x0000dc74b5f91a9d is an unknown value
stack at sp + 7 slots: 0x0000027b00000000 points into unknown readable memory: 0x0000000000000009 | 09 00 00 00 00 00 00 00

VM_Operation (0x00000080cd3ff250): Exit, mode: safepoint, requested by thread 0x0000027b564d1cc0


---------------  P R O C E S S  ---------------

Threads class SMR info:
_java_thread_list=0x0000027b563ea3d0, length=19, elements={
0x0000027b71b061d0, 0x0000027b7ed53f00, 0x0000027b7ed56d20, 0x0000027b7ed5aa00,
0x0000027b7ed5b680, 0x0000027b7ed5d580, 0x0000027b7ed62330, 0x0000027b7ed62dd0,
0x0000027b7ef719a0, 0x0000027b7f8e2360, 0x0000027b7f0f4810, 0x0000027b7efc2bb0,
0x0000027b7fa82c90, 0x0000027b7fa84680, 0x0000027b561837c0, 0x0000027b56139ba0,
0x0000027b564d3070, 0x0000027b564d3700, 0x0000027b564d1cc0
}

Java Threads: ( => current thread )
  0x0000027b71b061d0 JavaThread "main"                              [_thread_blocked, id=10616, stack(0x00000080cd400000,0x00000080cd500000) (1024K)]
  0x0000027b7ed53f00 JavaThread "Reference Handler"          daemon [_thread_blocked, id=13996, stack(0x00000080cdd00000,0x00000080cde00000) (1024K)]
  0x0000027b7ed56d20 JavaThread "Finalizer"                  daemon [_thread_blocked, id=13672, stack(0x00000080cde00000,0x00000080cdf00000) (1024K)]
  0x0000027b7ed5aa00 JavaThread "Attach Listener"            daemon [_thread_blocked, id=10252, stack(0x00000080ce000000,0x00000080ce100000) (1024K)]
  0x0000027b7ed5b680 JavaThread "Service Thread"             daemon [_thread_blocked, id=5944, stack(0x00000080ce100000,0x00000080ce200000) (1024K)]
  0x0000027b7ed5d580 JavaThread "Monitor Deflation Thread"   daemon [_thread_blocked, id=1472, stack(0x00000080ce200000,0x00000080ce300000) (1024K)]
  0x0000027b7ed62330 JavaThread "C2 CompilerThread0"         daemon [_thread_blocked, id=12728, stack(0x00000080ce300000,0x00000080ce400000) (1024K)]
  0x0000027b7ed62dd0 JavaThread "C1 CompilerThread0"         daemon [_thread_blocked, id=8324, stack(0x00000080ce400000,0x00000080ce500000) (1024K)]
  0x0000027b7ef719a0 JavaThread "Common-Cleaner"             daemon [_thread_blocked, id=17444, stack(0x00000080ce500000,0x00000080ce600000) (1024K)]
  0x0000027b7f8e2360 JavaThread "Monitor Ctrl-Break"         daemon [_thread_in_native, id=6568, stack(0x00000080ce700000,0x00000080ce800000) (1024K)]
  0x0000027b7f0f4810 JavaThread "Notification Thread"        daemon [_thread_blocked, id=15312, stack(0x00000080ce800000,0x00000080ce900000) (1024K)]
  0x0000027b7efc2bb0 JavaThread "QuantumRenderer-0"          daemon [_thread_blocked, id=9596, stack(0x00000080cec00000,0x00000080ced00000) (1024K)]
  0x0000027b7fa82c90 JavaThread "InvokeLaterDispatcher"      daemon [_thread_blocked, id=15392, stack(0x00000080ced00000,0x00000080cee00000) (1024K)]
  0x0000027b7fa84680 JavaThread "JavaFX Application Thread"         [_thread_in_native, id=5216, stack(0x00000080cee00000,0x00000080cef00000) (1024K)]
  0x0000027b561837c0 JavaThread "JavaFX-Launcher"                   [_thread_blocked, id=6732, stack(0x00000080cf300000,0x00000080cf400000) (1024K)]
  0x0000027b56139ba0 JavaThread "Thread-2"                   daemon [_thread_in_native, id=6452, stack(0x00000080cf200000,0x00000080cf300000) (1024K)]
  0x0000027b564d3070 JavaThread "Prism Font Disposer"        daemon [_thread_blocked, id=14060, stack(0x00000080cf700000,0x00000080cf800000) (1024K)]
  0x0000027b564d3700 JavaThread "Cleaner-0"                  daemon [_thread_blocked, id=7908, stack(0x00000080cf800000,0x00000080cf900000) (1024K)]
  0x0000027b564d1cc0 JavaThread "SIGINT handler"             daemon [_thread_blocked, id=13856, stack(0x00000080cd300000,0x00000080cd400000) (1024K)]
Total: 19

Other Threads:
=>0x0000027b7ed33d40 VMThread "VM Thread"                           [id=1928, stack(0x00000080cdc00000,0x00000080cdd00000) (1024K)]
  0x0000027b71b5a530 WorkerThread "GC Thread#0"                     [id=8704, stack(0x00000080cd600000,0x00000080cd700000) (1024K)]
  0x0000027b7f93b540 WorkerThread "GC Thread#1"                     [id=14200, stack(0x00000080ce900000,0x00000080cea00000) (1024K)]
  0x0000027b7f913cd0 WorkerThread "GC Thread#2"                     [id=15060, stack(0x00000080cea00000,0x00000080ceb00000) (1024K)]
  0x0000027b7f931150 WorkerThread "GC Thread#3"                     [id=10324, stack(0x00000080ceb00000,0x00000080cec00000) (1024K)]
  0x0000027b71b6c090 ConcurrentGCThread "G1 Main Marker"            terminated
  0x0000027b71b6cb90 WorkerThread "G1 Conc#0"                       [id=16616, stack(0x00000080cd800000,0x00000080cd900000) (1024K)]
  0x0000027b7ebf4590 ConcurrentGCThread "G1 Refine#0"               terminated
  0x0000027b7ebf4fa0 ConcurrentGCThread "G1 Service"                terminated
Total: 9

Threads with active compile tasks:
Total: 0

VM state: at safepoint (shutting down)

VM Mutex/Monitor currently owned by a thread:  ([mutex/lock_event])
[0x00007ffd86a8d9c8] Threads_lock - owner thread: 0x0000027b7ed33d40
[0x00007ffd86a8dac8] Heap_lock - owner thread: 0x0000027b564d1cc0

Heap address: 0x0000000083200000, size: 1998 MB, Compressed Oops mode: 32-bit

CDS archive(s) mapped at: [0x0000027b11000000-0x0000027b11c90000-0x0000027b11c90000), size 13172736, SharedBaseAddress: 0x0000027b11000000, ArchiveRelocationMode: 1.
Compressed class space mapped at: 0x0000027b12000000-0x0000027b52000000, reserved size: 1073741824
Narrow klass base: 0x0000027b11000000, Narrow klass shift: 0, Narrow klass range: 0x100000000

GC Precious Log:
 CardTable entry size: 512
 Card Set container configuration: InlinePtr #cards 5 size 8 Array Of Cards #cards 12 size 40 Howl #buckets 4 coarsen threshold 1843 Howl Bitmap #cards 512 size 80 coarsen threshold 460 Card regions per heap region 1 cards per card region 2048
 CPUs: 4 total, 4 available
 Memory: 7991M
 Large Page Support: Disabled
 NUMA Support: Disabled
 Compressed Oops: Enabled (32-bit)
 Heap Region Size: 1M
 Heap Min Capacity: 8M
 Heap Initial Capacity: 126M
 Heap Max Capacity: 1998M
 Pre-touch: Disabled
 Parallel Workers: 4
 Concurrent Workers: 1
 Concurrent Refinement Workers: 4
 Periodic GC: Disabled

Heap:
 garbage-first heap   total 129024K, used 64558K [0x0000000083200000, 0x0000000100000000)
  region size 1024K, 43 young (44032K), 2 survivors (2048K)
 Metaspace       used 16160K, committed 16576K, reserved 1114112K
  class space    used 2359K, committed 2560K, reserved 1048576K

Heap Regions: E=young(eden), S=young(survivor), O=old, HS=humongous(starts), HC=humongous(continues), CS=collection set, F=free, TAMS=top-at-mark-start, PB=parsable bottom
|   0|0x0000000083200000, 0x0000000083300000, 0x0000000083300000|100%|HS|  |TAMS 0x0000000083200000| PB 0x0000000083200000| Complete 
|   1|0x0000000083300000, 0x0000000083400000, 0x0000000083400000|100%|HC|  |TAMS 0x0000000083300000| PB 0x0000000083300000| Complete 
|   2|0x0000000083400000, 0x0000000083500000, 0x0000000083500000|100%|HC|  |TAMS 0x0000000083400000| PB 0x0000000083400000| Complete 
|   3|0x0000000083500000, 0x0000000083600000, 0x0000000083600000|100%|HC|  |TAMS 0x0000000083500000| PB 0x0000000083500000| Complete 
|   4|0x0000000083600000, 0x0000000083700000, 0x0000000083700000|100%|HC|  |TAMS 0x0000000083600000| PB 0x0000000083600000| Complete 
|   5|0x0000000083700000, 0x0000000083800000, 0x0000000083800000|100%|HC|  |TAMS 0x0000000083700000| PB 0x0000000083700000| Complete 
|   6|0x0000000083800000, 0x0000000083900000, 0x0000000083900000|100%| O|  |TAMS 0x0000000083800000| PB 0x0000000083800000| Untracked 
|   7|0x0000000083900000, 0x0000000083a00000, 0x0000000083a00000|100%| O|  |TAMS 0x0000000083900000| PB 0x0000000083900000| Untracked 
|   8|0x0000000083a00000, 0x0000000083a20400, 0x0000000083b00000| 12%| O|  |TAMS 0x0000000083a00000| PB 0x0000000083a00000| Untracked 
|   9|0x0000000083b00000, 0x0000000083c00000, 0x0000000083c00000|100%|HS|  |TAMS 0x0000000083b00000| PB 0x0000000083b00000| Complete 
|  10|0x0000000083c00000, 0x0000000083d00000, 0x0000000083d00000|100%|HC|  |TAMS 0x0000000083c00000| PB 0x0000000083c00000| Complete 
|  11|0x0000000083d00000, 0x0000000083e00000, 0x0000000083e00000|100%|HS|  |TAMS 0x0000000083d00000| PB 0x0000000083d00000| Complete 
|  12|0x0000000083e00000, 0x0000000083f00000, 0x0000000083f00000|100%|HC|  |TAMS 0x0000000083e00000| PB 0x0000000083e00000| Complete 
|  13|0x0000000083f00000, 0x0000000084000000, 0x0000000084000000|100%|HC|  |TAMS 0x0000000083f00000| PB 0x0000000083f00000| Complete 
|  14|0x0000000084000000, 0x0000000084100000, 0x0000000084100000|100%|HC|  |TAMS 0x0000000084000000| PB 0x0000000084000000| Complete 
|  15|0x0000000084100000, 0x0000000084200000, 0x0000000084200000|100%|HC|  |TAMS 0x0000000084100000| PB 0x0000000084100000| Complete 
|  16|0x0000000084200000, 0x0000000084300000, 0x0000000084300000|100%|HC|  |TAMS 0x0000000084200000| PB 0x0000000084200000| Complete 
|  17|0x0000000084300000, 0x0000000084400000, 0x0000000084400000|100%|HS|  |TAMS 0x0000000084300000| PB 0x0000000084300000| Complete 
|  18|0x0000000084400000, 0x0000000084500000, 0x0000000084500000|100%|HC|  |TAMS 0x0000000084400000| PB 0x0000000084400000| Complete 
|  19|0x0000000084500000, 0x0000000084600000, 0x0000000084600000|100%|HC|  |TAMS 0x0000000084500000| PB 0x0000000084500000| Complete 
|  20|0x0000000084600000, 0x0000000084700000, 0x0000000084700000|100%|HC|  |TAMS 0x0000000084600000| PB 0x0000000084600000| Complete 
|  21|0x0000000084700000, 0x0000000084800000, 0x0000000084800000|100%|HC|  |TAMS 0x0000000084700000| PB 0x0000000084700000| Complete 
|  22|0x0000000084800000, 0x0000000084900000, 0x0000000084900000|100%|HC|  |TAMS 0x0000000084800000| PB 0x0000000084800000| Complete 
|  23|0x0000000084900000, 0x0000000084900000, 0x0000000084a00000|  0%| F|  |TAMS 0x0000000084900000| PB 0x0000000084900000| Untracked 
|  24|0x0000000084a00000, 0x0000000084a00000, 0x0000000084b00000|  0%| F|  |TAMS 0x0000000084a00000| PB 0x0000000084a00000| Untracked 
|  25|0x0000000084b00000, 0x0000000084b00000, 0x0000000084c00000|  0%| F|  |TAMS 0x0000000084b00000| PB 0x0000000084b00000| Untracked 
|  26|0x0000000084c00000, 0x0000000084c00000, 0x0000000084d00000|  0%| F|  |TAMS 0x0000000084c00000| PB 0x0000000084c00000| Untracked 
|  27|0x0000000084d00000, 0x0000000084d00000, 0x0000000084e00000|  0%| F|  |TAMS 0x0000000084d00000| PB 0x0000000084d00000| Untracked 
|  28|0x0000000084e00000, 0x0000000084e00000, 0x0000000084f00000|  0%| F|  |TAMS 0x0000000084e00000| PB 0x0000000084e00000| Untracked 
|  29|0x0000000084f00000, 0x0000000084f00000, 0x0000000085000000|  0%| F|  |TAMS 0x0000000084f00000| PB 0x0000000084f00000| Untracked 
|  30|0x0000000085000000, 0x0000000085000000, 0x0000000085100000|  0%| F|  |TAMS 0x0000000085000000| PB 0x0000000085000000| Untracked 
|  31|0x0000000085100000, 0x0000000085100000, 0x0000000085200000|  0%| F|  |TAMS 0x0000000085100000| PB 0x0000000085100000| Untracked 
|  32|0x0000000085200000, 0x0000000085200000, 0x0000000085300000|  0%| F|  |TAMS 0x0000000085200000| PB 0x0000000085200000| Untracked 
|  33|0x0000000085300000, 0x0000000085300000, 0x0000000085400000|  0%| F|  |TAMS 0x0000000085300000| PB 0x0000000085300000| Untracked 
|  34|0x0000000085400000, 0x0000000085400000, 0x0000000085500000|  0%| F|  |TAMS 0x0000000085400000| PB 0x0000000085400000| Untracked 
|  35|0x0000000085500000, 0x0000000085500000, 0x0000000085600000|  0%| F|  |TAMS 0x0000000085500000| PB 0x0000000085500000| Untracked 
|  36|0x0000000085600000, 0x0000000085600000, 0x0000000085700000|  0%| F|  |TAMS 0x0000000085600000| PB 0x0000000085600000| Untracked 
|  37|0x0000000085700000, 0x0000000085700000, 0x0000000085800000|  0%| F|  |TAMS 0x0000000085700000| PB 0x0000000085700000| Untracked 
|  38|0x0000000085800000, 0x0000000085800000, 0x0000000085900000|  0%| F|  |TAMS 0x0000000085800000| PB 0x0000000085800000| Untracked 
|  39|0x0000000085900000, 0x0000000085900000, 0x0000000085a00000|  0%| F|  |TAMS 0x0000000085900000| PB 0x0000000085900000| Untracked 
|  40|0x0000000085a00000, 0x0000000085a00000, 0x0000000085b00000|  0%| F|  |TAMS 0x0000000085a00000| PB 0x0000000085a00000| Untracked 
|  41|0x0000000085b00000, 0x0000000085b00000, 0x0000000085c00000|  0%| F|  |TAMS 0x0000000085b00000| PB 0x0000000085b00000| Untracked 
|  42|0x0000000085c00000, 0x0000000085c00000, 0x0000000085d00000|  0%| F|  |TAMS 0x0000000085c00000| PB 0x0000000085c00000| Untracked 
|  43|0x0000000085d00000, 0x0000000085d00000, 0x0000000085e00000|  0%| F|  |TAMS 0x0000000085d00000| PB 0x0000000085d00000| Untracked 
|  44|0x0000000085e00000, 0x0000000085e00000, 0x0000000085f00000|  0%| F|  |TAMS 0x0000000085e00000| PB 0x0000000085e00000| Untracked 
|  45|0x0000000085f00000, 0x0000000085f00000, 0x0000000086000000|  0%| F|  |TAMS 0x0000000085f00000| PB 0x0000000085f00000| Untracked 
|  46|0x0000000086000000, 0x0000000086000000, 0x0000000086100000|  0%| F|  |TAMS 0x0000000086000000| PB 0x0000000086000000| Untracked 
|  47|0x0000000086100000, 0x0000000086100000, 0x0000000086200000|  0%| F|  |TAMS 0x0000000086100000| PB 0x0000000086100000| Untracked 
|  48|0x0000000086200000, 0x0000000086200000, 0x0000000086300000|  0%| F|  |TAMS 0x0000000086200000| PB 0x0000000086200000| Untracked 
|  49|0x0000000086300000, 0x0000000086300000, 0x0000000086400000|  0%| F|  |TAMS 0x0000000086300000| PB 0x0000000086300000| Untracked 
|  50|0x0000000086400000, 0x0000000086400000, 0x0000000086500000|  0%| F|  |TAMS 0x0000000086400000| PB 0x0000000086400000| Untracked 
|  51|0x0000000086500000, 0x0000000086500000, 0x0000000086600000|  0%| F|  |TAMS 0x0000000086500000| PB 0x0000000086500000| Untracked 
|  52|0x0000000086600000, 0x0000000086600000, 0x0000000086700000|  0%| F|  |TAMS 0x0000000086600000| PB 0x0000000086600000| Untracked 
|  53|0x0000000086700000, 0x0000000086700000, 0x0000000086800000|  0%| F|  |TAMS 0x0000000086700000| PB 0x0000000086700000| Untracked 
|  54|0x0000000086800000, 0x0000000086800000, 0x0000000086900000|  0%| F|  |TAMS 0x0000000086800000| PB 0x0000000086800000| Untracked 
|  55|0x0000000086900000, 0x0000000086900000, 0x0000000086a00000|  0%| F|  |TAMS 0x0000000086900000| PB 0x0000000086900000| Untracked 
|  56|0x0000000086a00000, 0x0000000086a00000, 0x0000000086b00000|  0%| F|  |TAMS 0x0000000086a00000| PB 0x0000000086a00000| Untracked 
|  57|0x0000000086b00000, 0x0000000086b00000, 0x0000000086c00000|  0%| F|  |TAMS 0x0000000086b00000| PB 0x0000000086b00000| Untracked 
|  58|0x0000000086c00000, 0x0000000086c00000, 0x0000000086d00000|  0%| F|  |TAMS 0x0000000086c00000| PB 0x0000000086c00000| Untracked 
|  59|0x0000000086d00000, 0x0000000086d00000, 0x0000000086e00000|  0%| F|  |TAMS 0x0000000086d00000| PB 0x0000000086d00000| Untracked 
|  60|0x0000000086e00000, 0x0000000086e00000, 0x0000000086f00000|  0%| F|  |TAMS 0x0000000086e00000| PB 0x0000000086e00000| Untracked 
|  61|0x0000000086f00000, 0x0000000086f00000, 0x0000000087000000|  0%| F|  |TAMS 0x0000000086f00000| PB 0x0000000086f00000| Untracked 
|  62|0x0000000087000000, 0x0000000087000000, 0x0000000087100000|  0%| F|  |TAMS 0x0000000087000000| PB 0x0000000087000000| Untracked 
|  63|0x0000000087100000, 0x0000000087100000, 0x0000000087200000|  0%| F|  |TAMS 0x0000000087100000| PB 0x0000000087100000| Untracked 
|  64|0x0000000087200000, 0x0000000087200000, 0x0000000087300000|  0%| F|  |TAMS 0x0000000087200000| PB 0x0000000087200000| Untracked 
|  65|0x0000000087300000, 0x0000000087300000, 0x0000000087400000|  0%| F|  |TAMS 0x0000000087300000| PB 0x0000000087300000| Untracked 
|  66|0x0000000087400000, 0x0000000087400000, 0x0000000087500000|  0%| F|  |TAMS 0x0000000087400000| PB 0x0000000087400000| Untracked 
|  67|0x0000000087500000, 0x0000000087500000, 0x0000000087600000|  0%| F|  |TAMS 0x0000000087500000| PB 0x0000000087500000| Untracked 
|  68|0x0000000087600000, 0x0000000087600000, 0x0000000087700000|  0%| F|  |TAMS 0x0000000087600000| PB 0x0000000087600000| Untracked 
|  69|0x0000000087700000, 0x0000000087700000, 0x0000000087800000|  0%| F|  |TAMS 0x0000000087700000| PB 0x0000000087700000| Untracked 
|  70|0x0000000087800000, 0x0000000087800000, 0x0000000087900000|  0%| F|  |TAMS 0x0000000087800000| PB 0x0000000087800000| Untracked 
|  71|0x0000000087900000, 0x0000000087900000, 0x0000000087a00000|  0%| F|  |TAMS 0x0000000087900000| PB 0x0000000087900000| Untracked 
|  72|0x0000000087a00000, 0x0000000087a00000, 0x0000000087b00000|  0%| F|  |TAMS 0x0000000087a00000| PB 0x0000000087a00000| Untracked 
|  73|0x0000000087b00000, 0x0000000087b00000, 0x0000000087c00000|  0%| F|  |TAMS 0x0000000087b00000| PB 0x0000000087b00000| Untracked 
|  74|0x0000000087c00000, 0x0000000087c00000, 0x0000000087d00000|  0%| F|  |TAMS 0x0000000087c00000| PB 0x0000000087c00000| Untracked 
|  75|0x0000000087d00000, 0x0000000087d00000, 0x0000000087e00000|  0%| F|  |TAMS 0x0000000087d00000| PB 0x0000000087d00000| Untracked 
|  76|0x0000000087e00000, 0x0000000087e00000, 0x0000000087f00000|  0%| F|  |TAMS 0x0000000087e00000| PB 0x0000000087e00000| Untracked 
|  77|0x0000000087f00000, 0x0000000087f00000, 0x0000000088000000|  0%| F|  |TAMS 0x0000000087f00000| PB 0x0000000087f00000| Untracked 
|  78|0x0000000088000000, 0x0000000088000000, 0x0000000088100000|  0%| F|  |TAMS 0x0000000088000000| PB 0x0000000088000000| Untracked 
|  79|0x0000000088100000, 0x0000000088100000, 0x0000000088200000|  0%| F|  |TAMS 0x0000000088100000| PB 0x0000000088100000| Untracked 
|  80|0x0000000088200000, 0x0000000088200000, 0x0000000088300000|  0%| F|  |TAMS 0x0000000088200000| PB 0x0000000088200000| Untracked 
|  81|0x0000000088300000, 0x0000000088300000, 0x0000000088400000|  0%| F|  |TAMS 0x0000000088300000| PB 0x0000000088300000| Untracked 
|  82|0x0000000088400000, 0x0000000088400000, 0x0000000088500000|  0%| F|  |TAMS 0x0000000088400000| PB 0x0000000088400000| Untracked 
|  83|0x0000000088500000, 0x000000008854b428, 0x0000000088600000| 29%| E|  |TAMS 0x0000000088500000| PB 0x0000000088500000| Complete 
|  84|0x0000000088600000, 0x0000000088700000, 0x0000000088700000|100%| E|CS|TAMS 0x0000000088600000| PB 0x0000000088600000| Complete 
|  85|0x0000000088700000, 0x0000000088800000, 0x0000000088800000|100%| E|CS|TAMS 0x0000000088700000| PB 0x0000000088700000| Complete 
|  86|0x0000000088800000, 0x0000000088900000, 0x0000000088900000|100%| E|CS|TAMS 0x0000000088800000| PB 0x0000000088800000| Complete 
|  87|0x0000000088900000, 0x0000000088a00000, 0x0000000088a00000|100%| E|CS|TAMS 0x0000000088900000| PB 0x0000000088900000| Complete 
|  88|0x0000000088a00000, 0x0000000088b00000, 0x0000000088b00000|100%| E|CS|TAMS 0x0000000088a00000| PB 0x0000000088a00000| Complete 
|  89|0x0000000088b00000, 0x0000000088c00000, 0x0000000088c00000|100%| E|CS|TAMS 0x0000000088b00000| PB 0x0000000088b00000| Complete 
|  90|0x0000000088c00000, 0x0000000088d00000, 0x0000000088d00000|100%| E|  |TAMS 0x0000000088c00000| PB 0x0000000088c00000| Complete 
|  91|0x0000000088d00000, 0x0000000088e00000, 0x0000000088e00000|100%| E|CS|TAMS 0x0000000088d00000| PB 0x0000000088d00000| Complete 
|  92|0x0000000088e00000, 0x0000000088f00000, 0x0000000088f00000|100%| E|CS|TAMS 0x0000000088e00000| PB 0x0000000088e00000| Complete 
|  93|0x0000000088f00000, 0x0000000089000000, 0x0000000089000000|100%| E|CS|TAMS 0x0000000088f00000| PB 0x0000000088f00000| Complete 
|  94|0x0000000089000000, 0x0000000089100000, 0x0000000089100000|100%| E|CS|TAMS 0x0000000089000000| PB 0x0000000089000000| Complete 
|  95|0x0000000089100000, 0x0000000089200000, 0x0000000089200000|100%| E|CS|TAMS 0x0000000089100000| PB 0x0000000089100000| Complete 
|  96|0x0000000089200000, 0x0000000089300000, 0x0000000089300000|100%| E|CS|TAMS 0x0000000089200000| PB 0x0000000089200000| Complete 
|  97|0x0000000089300000, 0x0000000089400000, 0x0000000089400000|100%| E|CS|TAMS 0x0000000089300000| PB 0x0000000089300000| Complete 
|  98|0x0000000089400000, 0x0000000089500000, 0x0000000089500000|100%| E|CS|TAMS 0x0000000089400000| PB 0x0000000089400000| Complete 
|  99|0x0000000089500000, 0x0000000089600000, 0x0000000089600000|100%| E|CS|TAMS 0x0000000089500000| PB 0x0000000089500000| Complete 
| 100|0x0000000089600000, 0x0000000089700000, 0x0000000089700000|100%| E|CS|TAMS 0x0000000089600000| PB 0x0000000089600000| Complete 
| 101|0x0000000089700000, 0x00000000897eb650, 0x0000000089800000| 91%| S|CS|TAMS 0x0000000089700000| PB 0x0000000089700000| Complete 
| 102|0x0000000089800000, 0x0000000089900000, 0x0000000089900000|100%| S|CS|TAMS 0x0000000089800000| PB 0x0000000089800000| Complete 
| 103|0x0000000089900000, 0x0000000089a00000, 0x0000000089a00000|100%| E|CS|TAMS 0x0000000089900000| PB 0x0000000089900000| Complete 
| 104|0x0000000089a00000, 0x0000000089b00000, 0x0000000089b00000|100%| E|CS|TAMS 0x0000000089a00000| PB 0x0000000089a00000| Complete 
| 105|0x0000000089b00000, 0x0000000089c00000, 0x0000000089c00000|100%| E|CS|TAMS 0x0000000089b00000| PB 0x0000000089b00000| Complete 
| 106|0x0000000089c00000, 0x0000000089d00000, 0x0000000089d00000|100%| E|CS|TAMS 0x0000000089c00000| PB 0x0000000089c00000| Complete 
| 107|0x0000000089d00000, 0x0000000089e00000, 0x0000000089e00000|100%| E|CS|TAMS 0x0000000089d00000| PB 0x0000000089d00000| Complete 
| 108|0x0000000089e00000, 0x0000000089f00000, 0x0000000089f00000|100%| E|CS|TAMS 0x0000000089e00000| PB 0x0000000089e00000| Complete 
| 109|0x0000000089f00000, 0x000000008a000000, 0x000000008a000000|100%| E|CS|TAMS 0x0000000089f00000| PB 0x0000000089f00000| Complete 
| 110|0x000000008a000000, 0x000000008a100000, 0x000000008a100000|100%| E|CS|TAMS 0x000000008a000000| PB 0x000000008a000000| Complete 
| 111|0x000000008a100000, 0x000000008a200000, 0x000000008a200000|100%| E|CS|TAMS 0x000000008a100000| PB 0x000000008a100000| Complete 
| 112|0x000000008a200000, 0x000000008a300000, 0x000000008a300000|100%| E|CS|TAMS 0x000000008a200000| PB 0x000000008a200000| Complete 
| 113|0x000000008a300000, 0x000000008a400000, 0x000000008a400000|100%| E|CS|TAMS 0x000000008a300000| PB 0x000000008a300000| Complete 
| 114|0x000000008a400000, 0x000000008a500000, 0x000000008a500000|100%| E|CS|TAMS 0x000000008a400000| PB 0x000000008a400000| Complete 
| 115|0x000000008a500000, 0x000000008a600000, 0x000000008a600000|100%| E|CS|TAMS 0x000000008a500000| PB 0x000000008a500000| Complete 
| 116|0x000000008a600000, 0x000000008a700000, 0x000000008a700000|100%| E|CS|TAMS 0x000000008a600000| PB 0x000000008a600000| Complete 
| 117|0x000000008a700000, 0x000000008a800000, 0x000000008a800000|100%| E|CS|TAMS 0x000000008a700000| PB 0x000000008a700000| Complete 
| 118|0x000000008a800000, 0x000000008a900000, 0x000000008a900000|100%| E|CS|TAMS 0x000000008a800000| PB 0x000000008a800000| Complete 
| 119|0x000000008a900000, 0x000000008aa00000, 0x000000008aa00000|100%| E|CS|TAMS 0x000000008a900000| PB 0x000000008a900000| Complete 
| 120|0x000000008aa00000, 0x000000008ab00000, 0x000000008ab00000|100%| E|CS|TAMS 0x000000008aa00000| PB 0x000000008aa00000| Complete 
| 121|0x000000008ab00000, 0x000000008ac00000, 0x000000008ac00000|100%| E|CS|TAMS 0x000000008ab00000| PB 0x000000008ab00000| Complete 
| 122|0x000000008ac00000, 0x000000008ad00000, 0x000000008ad00000|100%| E|CS|TAMS 0x000000008ac00000| PB 0x000000008ac00000| Complete 
| 123|0x000000008ad00000, 0x000000008ae00000, 0x000000008ae00000|100%| E|CS|TAMS 0x000000008ad00000| PB 0x000000008ad00000| Complete 
| 124|0x000000008ae00000, 0x000000008af00000, 0x000000008af00000|100%| E|CS|TAMS 0x000000008ae00000| PB 0x000000008ae00000| Complete 
| 125|0x000000008af00000, 0x000000008b000000, 0x000000008b000000|100%| E|CS|TAMS 0x000000008af00000| PB 0x000000008af00000| Complete 

Card table byte_map: [0x0000027b7c3e0000,0x0000027b7c7d0000] _byte_map_base: 0x0000027b7bfc7000

Marking Bits: (CMBitMap*) 0x0000027b71b5ac30
 Bits: [0x0000027b7c7d0000, 0x0000027b7e708000)

Polling page: 0x0000027b71be0000

Metaspace:

Usage:
  Non-class:     13.48 MB used.
      Class:      2.30 MB used.
       Both:     15.78 MB used.

Virtual space:
  Non-class space:       64.00 MB reserved,      13.69 MB ( 21%) committed,  1 nodes.
      Class space:        1.00 GB reserved,       2.50 MB ( <1%) committed,  1 nodes.
             Both:        1.06 GB reserved,      16.19 MB (  1%) committed. 

Chunk freelists:
   Non-Class:  1.53 MB
       Class:  13.50 MB
        Both:  15.03 MB

MaxMetaspaceSize: unlimited
CompressedClassSpaceSize: 1.00 GB
Initial GC threshold: 21.00 MB
Current GC threshold: 21.00 MB
CDS: on
 - commit_granule_bytes: 65536.
 - commit_granule_words: 8192.
 - virtual_space_node_default_size: 8388608.
 - enlarge_chunks_in_place: 1.
 - use_allocation_guard: 0.


Internal statistics:

num_allocs_failed_limit: 0.
num_arena_births: 350.
num_arena_deaths: 0.
num_vsnodes_births: 2.
num_vsnodes_deaths: 0.
num_space_committed: 259.
num_space_uncommitted: 0.
num_chunks_returned_to_freelist: 0.
num_chunks_taken_from_freelist: 856.
num_chunk_merges: 0.
num_chunk_splits: 599.
num_chunks_enlarged: 454.
num_inconsistent_stats: 0.

CodeHeap 'non-profiled nmethods': size=120000Kb used=1115Kb max_used=1115Kb free=118884Kb
 bounds [0x0000027b07ad0000, 0x0000027b07d40000, 0x0000027b0f000000]
CodeHeap 'profiled nmethods': size=120000Kb used=5084Kb max_used=5084Kb free=114915Kb
 bounds [0x0000027b00000000, 0x0000027b00500000, 0x0000027b07530000]
CodeHeap 'non-nmethods': size=5760Kb used=2042Kb max_used=2080Kb free=3717Kb
 bounds [0x0000027b07530000, 0x0000027b077a0000, 0x0000027b07ad0000]
 total_blobs=3589 nmethods=2771 adapters=722
 compilation: enabled
              stopped_count=0, restarted_count=0
 full_count=0

Compilation events (20 events):
Event: 86.254 Thread 0x0000027b7ed62330 2762       4       com.sun.javafx.tk.quantum.QuantumToolkit::postPulse (133 bytes)
Event: 86.259 Thread 0x0000027b7ed62330 nmethod 2762 0x0000027b07be5a90 code [0x0000027b07be5c80, 0x0000027b07be5f50]
Event: 86.565 Thread 0x0000027b7ed62330 2763       4       com.sun.javafx.tk.quantum.QuantumToolkit$$Lambda/0x0000027b1203dd28::run (8 bytes)
Event: 86.571 Thread 0x0000027b7ed62330 nmethod 2763 0x0000027b07be6210 code [0x0000027b07be6400, 0x0000027b07be6750]
Event: 240.771 Thread 0x0000027b7ed62dd0 2764   !   3       java.util.concurrent.locks.AbstractQueuedSynchronizer::tryInitializeHead (66 bytes)
Event: 240.771 Thread 0x0000027b7ed62dd0 nmethod 2764 0x0000027b004f1790 code [0x0000027b004f1980, 0x0000027b004f1f68]
Event: 241.375 Thread 0x0000027b7ed62dd0 2765       3       java.util.concurrent.locks.AbstractQueuedSynchronizer$Node::clearStatus (12 bytes)
Event: 241.376 Thread 0x0000027b7ed62dd0 nmethod 2765 0x0000027b004f2110 code [0x0000027b004f22c0, 0x0000027b004f2480]
Event: 241.376 Thread 0x0000027b7ed62dd0 2766       3       jdk.internal.misc.Unsafe::putIntOpaque (9 bytes)
Event: 241.376 Thread 0x0000027b7ed62dd0 nmethod 2766 0x0000027b004f2510 code [0x0000027b004f26a0, 0x0000027b004f27b8]
Event: 541.406 Thread 0x0000027b7ed62dd0 2768   !   3       java.util.concurrent.locks.AbstractQueuedSynchronizer$ConditionObject::newConditionNode (78 bytes)
Event: 541.407 Thread 0x0000027b7ed62dd0 nmethod 2768 0x0000027b004f2890 code [0x0000027b004f2b00, 0x0000027b004f3310]
Event: 541.407 Thread 0x0000027b7ed62dd0 2769       3       java.util.concurrent.locks.AbstractQueuedSynchronizer$ConditionNode::<init> (5 bytes)
Event: 541.407 Thread 0x0000027b7ed62dd0 nmethod 2769 0x0000027b004f3610 code [0x0000027b004f37c0, 0x0000027b004f3988]
Event: 541.407 Thread 0x0000027b7ed62dd0 2770       3       java.util.concurrent.locks.AbstractQueuedSynchronizer$ConditionObject::enableWait (84 bytes)
Event: 541.407 Thread 0x0000027b7ed62dd0 nmethod 2770 0x0000027b004f3a90 code [0x0000027b004f3cc0, 0x0000027b004f4430]
Event: 721.437 Thread 0x0000027b7ed62dd0 2771   !   3       java.util.concurrent.locks.AbstractQueuedSynchronizer::acquire (424 bytes)
Event: 721.441 Thread 0x0000027b7ed62dd0 nmethod 2771 0x0000027b004f4690 code [0x0000027b004f4a60, 0x0000027b004f6510]
Event: 1646.426 Thread 0x0000027b7ed62dd0 2772       3       sun.invoke.util.Wrapper::isDoubleWord (15 bytes)
Event: 1646.426 Thread 0x0000027b7ed62dd0 nmethod 2772 0x0000027b004f6d10 code [0x0000027b004f6ea0, 0x0000027b004f7010]

GC Heap History (4 events):
Event: 0.419 GC heap before
{Heap before GC invocations=0 (full 0):
 garbage-first heap   total 129024K, used 12288K [0x0000000083200000, 0x0000000100000000)
  region size 1024K, 13 young (13312K), 0 survivors (0K)
 Metaspace       used 2393K, committed 2560K, reserved 1114112K
  class space    used 249K, committed 320K, reserved 1048576K
}
Event: 0.421 GC heap after
{Heap after GC invocations=1 (full 0):
 garbage-first heap   total 129024K, used 2041K [0x0000000083200000, 0x0000000100000000)
  region size 1024K, 2 young (2048K), 2 survivors (2048K)
 Metaspace       used 2393K, committed 2560K, reserved 1114112K
  class space    used 249K, committed 320K, reserved 1048576K
}
Event: 0.755 GC heap before
{Heap before GC invocations=1 (full 0):
 garbage-first heap   total 129024K, used 28665K [0x0000000083200000, 0x0000000100000000)
  region size 1024K, 23 young (23552K), 2 survivors (2048K)
 Metaspace       used 8327K, committed 8704K, reserved 1114112K
  class space    used 1103K, committed 1280K, reserved 1048576K
}
Event: 0.758 GC heap after
{Heap after GC invocations=2 (full 0):
 garbage-first heap   total 129024K, used 10286K [0x0000000083200000, 0x0000000100000000)
  region size 1024K, 2 young (2048K), 2 survivors (2048K)
 Metaspace       used 8327K, committed 8704K, reserved 1114112K
  class space    used 1103K, committed 1280K, reserved 1048576K
}

Dll operation events (20 events):
Event: 0.364 Loaded shared library C:\Users\NickS\.openjfx\cache\21-ea+null\amd64\api-ms-win-crt-math-l1-1-0.dll
Event: 0.367 Loaded shared library C:\Users\NickS\.openjfx\cache\21-ea+null\amd64\api-ms-win-crt-multibyte-l1-1-0.dll
Event: 0.370 Loaded shared library C:\Users\NickS\.openjfx\cache\21-ea+null\amd64\api-ms-win-crt-private-l1-1-0.dll
Event: 0.372 Loaded shared library C:\Users\NickS\.openjfx\cache\21-ea+null\amd64\api-ms-win-crt-process-l1-1-0.dll
Event: 0.374 Loaded shared library C:\Users\NickS\.openjfx\cache\21-ea+null\amd64\api-ms-win-crt-runtime-l1-1-0.dll
Event: 0.376 Loaded shared library C:\Users\NickS\.openjfx\cache\21-ea+null\amd64\api-ms-win-crt-stdio-l1-1-0.dll
Event: 0.379 Loaded shared library C:\Users\NickS\.openjfx\cache\21-ea+null\amd64\api-ms-win-crt-string-l1-1-0.dll
Event: 0.382 Loaded shared library C:\Users\NickS\.openjfx\cache\21-ea+null\amd64\api-ms-win-crt-time-l1-1-0.dll
Event: 0.385 Loaded shared library C:\Users\NickS\.openjfx\cache\21-ea+null\amd64\api-ms-win-crt-utility-l1-1-0.dll
Event: 0.398 Loaded shared library C:\Users\NickS\.openjfx\cache\21-ea+null\amd64\ucrtbase.dll
Event: 0.401 Loaded shared library C:\Users\NickS\.openjfx\cache\21-ea+null\amd64\vcruntime140.dll
Event: 0.404 Loaded shared library C:\Users\NickS\.openjfx\cache\21-ea+null\amd64\vcruntime140_1.dll
Event: 0.412 Loaded shared library C:\Users\NickS\.openjfx\cache\21-ea+null\amd64\msvcp140.dll
Event: 0.415 Loaded shared library C:\Users\NickS\.openjfx\cache\21-ea+null\amd64\msvcp140_1.dll
Event: 0.418 Loaded shared library C:\Users\NickS\.openjfx\cache\21-ea+null\amd64\msvcp140_2.dll
Event: 0.457 Loaded shared library C:\Users\NickS\.openjfx\cache\21-ea+null\amd64\prism_d3d.dll
Event: 0.490 Loaded shared library C:\Users\NickS\.openjfx\cache\21-ea+null\amd64\glass.dll
Event: 0.581 Loaded shared library C:\Users\NickS\.jdks\corretto-21.0.1\bin\jimage.dll
Event: 0.706 Loaded shared library C:\Users\NickS\.openjfx\cache\21-ea+null\amd64\javafx_iio.dll
Event: 0.778 Loaded shared library C:\Users\NickS\.openjfx\cache\21-ea+null\amd64\javafx_font.dll

Deoptimization events (20 events):
Event: 1.857 Thread 0x0000027b7efc2bb0 DEOPT PACKING pc=0x0000027b0037784a sp=0x00000080cecfdcc0
Event: 1.857 Thread 0x0000027b7efc2bb0 DEOPT UNPACKING pc=0x0000027b075888e2 sp=0x00000080cecfd118 mode 0
Event: 1.857 Thread 0x0000027b7efc2bb0 DEOPT PACKING pc=0x0000027b0037784a sp=0x00000080cecfdcc0
Event: 1.857 Thread 0x0000027b7efc2bb0 DEOPT UNPACKING pc=0x0000027b075888e2 sp=0x00000080cecfd118 mode 0
Event: 1.857 Thread 0x0000027b7efc2bb0 DEOPT PACKING pc=0x0000027b0037784a sp=0x00000080cecfdcc0
Event: 1.857 Thread 0x0000027b7efc2bb0 DEOPT UNPACKING pc=0x0000027b075888e2 sp=0x00000080cecfd118 mode 0
Event: 1.858 Thread 0x0000027b7efc2bb0 DEOPT PACKING pc=0x0000027b0037784a sp=0x00000080cecfdcc0
Event: 1.858 Thread 0x0000027b7efc2bb0 DEOPT UNPACKING pc=0x0000027b075888e2 sp=0x00000080cecfd118 mode 0
Event: 1.858 Thread 0x0000027b7efc2bb0 DEOPT PACKING pc=0x0000027b0037784a sp=0x00000080cecfdcc0
Event: 1.858 Thread 0x0000027b7efc2bb0 DEOPT UNPACKING pc=0x0000027b075888e2 sp=0x00000080cecfd118 mode 0
Event: 1.858 Thread 0x0000027b7efc2bb0 DEOPT PACKING pc=0x0000027b0037784a sp=0x00000080cecfdcc0
Event: 1.858 Thread 0x0000027b7efc2bb0 DEOPT UNPACKING pc=0x0000027b075888e2 sp=0x00000080cecfd118 mode 0
Event: 3.924 Thread 0x0000027b7fa84680 Uncommon trap: trap_request=0xffffff45 fr.pc=0x0000027b07b4d7c8 relative=0x0000000000000388
Event: 3.924 Thread 0x0000027b7fa84680 Uncommon trap: reason=unstable_if action=reinterpret pc=0x0000027b07b4d7c8 method=java.io.ByteArrayInputStream.read([BII)I @ 35 c2
Event: 3.924 Thread 0x0000027b7fa84680 DEOPT PACKING pc=0x0000027b07b4d7c8 sp=0x00000080ceefb380
Event: 3.924 Thread 0x0000027b7fa84680 DEOPT UNPACKING pc=0x0000027b07587da2 sp=0x00000080ceefb340 mode 2
Event: 4.687 Thread 0x0000027b7efc2bb0 DEOPT PACKING pc=0x0000027b004789d8 sp=0x00000080cecfdea0
Event: 4.687 Thread 0x0000027b7efc2bb0 DEOPT UNPACKING pc=0x0000027b075888e2 sp=0x00000080cecfd2f0 mode 0
Event: 4.847 Thread 0x0000027b7efc2bb0 DEOPT PACKING pc=0x0000027b0038915a sp=0x00000080cecfdfa0
Event: 4.847 Thread 0x0000027b7efc2bb0 DEOPT UNPACKING pc=0x0000027b075888e2 sp=0x00000080cecfd450 mode 0

Classes loaded (20 events):
Event: 1.338 Loading class java/nio/ShortBuffer
Event: 1.338 Loading class java/nio/ShortBuffer done
Event: 1.338 Loading class java/nio/DoubleBuffer
Event: 1.338 Loading class java/nio/DoubleBuffer done
Event: 1.339 Loading class java/nio/DirectFloatBufferU
Event: 1.339 Loading class java/nio/DirectFloatBufferU done
Event: 1.347 Loading class jdk/internal/ref/CleanerImpl$InnocuousThreadFactory
Event: 1.347 Loading class jdk/internal/ref/CleanerImpl$InnocuousThreadFactory done
Event: 1.353 Loading class sun/misc/Unsafe
Event: 1.353 Loading class sun/misc/Unsafe done
Event: 1.353 Loading class java/lang/invoke/DirectMethodHandle$StaticAccessor
Event: 1.353 Loading class java/lang/invoke/DirectMethodHandle$StaticAccessor done
Event: 1.377 Loading class java/lang/FdLibm$Atan2
Event: 1.377 Loading class java/lang/FdLibm$Atan2 done
Event: 1.844 Loading class java/io/UnsupportedEncodingException
Event: 1.844 Loading class java/io/UnsupportedEncodingException done
Event: 3.956 Loading class java/io/CharArrayReader
Event: 3.956 Loading class java/io/CharArrayReader done
Event: 1646.424 Loading class jdk/internal/misc/Signal$1
Event: 1646.424 Loading class jdk/internal/misc/Signal$1 done

Classes unloaded (0 events):
No events

Classes redefined (0 events):
No events

Internal exceptions (20 events):
Event: 0.869 Thread 0x0000027b7fa84680 Exception <a 'sun/nio/fs/WindowsException'{0x000000008a83f738}> (0x000000008a83f738) 
thrown [s\src\hotspot\share\prims\jni.cpp, line 520]
Event: 1.010 Thread 0x0000027b7ed5aa00 Exception <a 'sun/nio/fs/WindowsException'{0x000000008a546fd0}> (0x000000008a546fd0) 
thrown [s\src\hotspot\share\prims\jni.cpp, line 520]
Event: 1.055 Thread 0x0000027b7fa84680 Exception <a 'sun/nio/fs/WindowsException'{0x000000008a3b0f38}> (0x000000008a3b0f38) 
thrown [s\src\hotspot\share\prims\jni.cpp, line 520]
Event: 1.063 Thread 0x0000027b7fa84680 Implicit null exception at 0x0000027b07b4ba77 to 0x0000027b07b4bf38
Event: 1.071 Thread 0x0000027b7fa84680 Implicit null exception at 0x0000027b07b4987a to 0x0000027b07b49d60
Event: 1.144 Thread 0x0000027b7fa84680 Exception <a 'java/lang/IncompatibleClassChangeError'{0x0000000089b0bb20}: Found class java.lang.Object, but interface was expected> (0x0000000089b0bb20) 
thrown [s\src\hotspot\share\interpreter\linkResolver.cpp, line 840]
Event: 1.175 Thread 0x0000027b7fa84680 Exception <a 'java/lang/ClassNotFoundException'{0x0000000089996a68}: com/sun/javafx/scene/control/skin/resources/controls> (0x0000000089996a68) 
thrown [s\src\hotspot\share\prims\jni.cpp, line 539]
Event: 1.175 Thread 0x0000027b7fa84680 Exception <a 'java/lang/ClassNotFoundException'{0x00000000899a4c68}: com/sun/javafx/scene/control/skin/resources/controls_ru> (0x00000000899a4c68) 
thrown [s\src\hotspot\share\prims\jni.cpp, line 539]
Event: 1.175 Thread 0x0000027b7fa84680 Exception <a 'java/lang/ClassNotFoundException'{0x00000000899a5c10}: com/sun/javafx/scene/control/skin/resources/controls_ru_RU> (0x00000000899a5c10) 
thrown [s\src\hotspot\share\prims\jni.cpp, line 539]
Event: 1.206 Thread 0x0000027b7fa84680 Exception <a 'java/lang/NoSuchMethodError'{0x0000000089583a10}: 'void java.lang.invoke.DirectMethodHandle$Holder.invokeSpecial(java.lang.Object, java.lang.Object, java.lang.Object, java.lang.Object, java.lang.Object, java.lang.Object)'> (0x0000000089583a10) 
thrown [s\src\hotspot\share\interpreter\linkResolver.cpp, line 773]
Event: 1.264 Thread 0x0000027b7fa84680 Exception <a 'java/lang/NoSuchMethodError'{0x0000000089041788}: 'int java.lang.invoke.DirectMethodHandle$Holder.invokeSpecial(java.lang.Object, java.lang.Object, int)'> (0x0000000089041788) 
thrown [s\src\hotspot\share\interpreter\linkResolver.cpp, line 773]
Event: 1.273 Thread 0x0000027b7fa84680 Exception <a 'java/lang/NoSuchMethodError'{0x00000000890822b0}: 'java.lang.Object java.lang.invoke.DirectMethodHandle$Holder.newInvokeSpecial(java.lang.Object, java.lang.Object, int)'> (0x00000000890822b0) 
thrown [s\src\hotspot\share\interpreter\linkResolver.cpp, line 773]
Event: 1.303 Thread 0x0000027b7efc2bb0 Exception <a 'java/lang/NoSuchMethodError'{0x0000000088f53418}: 'int java.lang.invoke.DirectMethodHandle$Holder.invokeStaticInit(java.lang.Object, java.lang.Object)'> (0x0000000088f53418) 
thrown [s\src\hotspot\share\interpreter\linkResolver.cpp, line 773]
Event: 1.313 Thread 0x0000027b7fa84680 Exception <a 'java/lang/NoSuchMethodError'{0x0000000088f43e30}: 'long java.lang.invoke.DirectMethodHandle$Holder.invokeStatic(java.lang.Object, java.lang.Object, java.lang.Object)'> (0x0000000088f43e30) 
thrown [s\src\hotspot\share\interpreter\linkResolver.cpp, line 773]
Event: 1.314 Thread 0x0000027b7fa84680 Exception <a 'java/lang/NoSuchMethodError'{0x0000000088fe3df8}: 'long java.lang.invoke.DirectMethodHandle$Holder.invokeStaticInit(java.lang.Object, java.lang.Object, java.lang.Object)'> (0x0000000088fe3df8) 
thrown [s\src\hotspot\share\interpreter\linkResolver.cpp, line 773]
Event: 1.316 Thread 0x0000027b7fa84680 Exception <a 'java/lang/NoSuchMethodError'{0x0000000088ff83f0}: 'java.lang.Object java.lang.invoke.DirectMethodHandle$Holder.newInvokeSpecial(java.lang.Object, java.lang.Object, long)'> (0x0000000088ff83f0) 
thrown [s\src\hotspot\share\interpreter\linkResolver.cpp, line 773]
Event: 1.316 Thread 0x0000027b7fa84680 Exception <a 'java/lang/NoSuchMethodError'{0x0000000088ffbce8}: 'java.lang.Object java.lang.invoke.Invokers$Holder.linkToTargetMethod(java.lang.Object, long, java.lang.Object)'> (0x0000000088ffbce8) 
thrown [s\src\hotspot\share\interpreter\linkResolver.cpp, line 773]
Event: 1.852 Thread 0x0000027b7fa84680 Exception <a 'java/lang/NoSuchMethodError'{0x0000000088a23198}: 'java.lang.Object java.lang.invoke.DirectMethodHandle$Holder.newInvokeSpecial(java.lang.Object, java.lang.Object, int, int, int, int, int, java.lang.Object)'> (0x0000000088a23198) 
thrown [s\src\hotspot\share\interpreter\linkResolver.cpp, line 773]
Event: 1.853 Thread 0x0000027b7fa84680 Exception <a 'java/lang/NoSuchMethodError'{0x0000000088a34da8}: 'java.lang.Object java.lang.invoke.DirectMethodHandle$Holder.newInvokeSpecial(java.lang.Object, java.lang.Object, java.lang.Object, int, int, int, int, int)'> (0x0000000088a34da8) 
thrown [s\src\hotspot\share\interpreter\linkResolver.cpp, line 773]
Event: 1.853 Thread 0x0000027b7fa84680 Exception <a 'java/lang/NoSuchMethodError'{0x0000000088a3c0e8}: 'java.lang.Object java.lang.invoke.Invokers$Holder.linkToTargetMethod(java.lang.Object, java.lang.Object, int, int, int, int, int, java.lang.Object)'> (0x0000000088a3c0e8) 
thrown [s\src\hotspot\share\interpreter\linkResolver.cpp, line 773]

ZGC Phase Switch (0 events):
No events

VM Operations (20 events):
Event: 0.758 Executing VM operation: G1CollectForAllocation (G1 Evacuation Pause) done
Event: 0.782 Executing VM operation: HandshakeAllThreads (Deoptimize)
Event: 0.782 Executing VM operation: HandshakeAllThreads (Deoptimize) done
Event: 1.129 Executing VM operation: ICBufferFull
Event: 1.129 Executing VM operation: ICBufferFull done
Event: 1.231 Executing VM operation: HandshakeAllThreads (Deoptimize)
Event: 1.231 Executing VM operation: HandshakeAllThreads (Deoptimize) done
Event: 1.855 Executing VM operation: ICBufferFull
Event: 1.855 Executing VM operation: ICBufferFull done
Event: 3.855 Executing VM operation: Cleanup
Event: 3.855 Executing VM operation: Cleanup done
Event: 5.855 Executing VM operation: Cleanup
Event: 5.855 Executing VM operation: Cleanup done
Event: 7.857 Executing VM operation: Cleanup
Event: 7.857 Executing VM operation: Cleanup done
Event: 60.046 Executing VM operation: HandshakeAllThreads (HandshakeForDeflation)
Event: 60.046 Executing VM operation: HandshakeAllThreads (HandshakeForDeflation) done
Event: 60.046 Executing VM operation: RendezvousGCThreads
Event: 60.046 Executing VM operation: RendezvousGCThreads done
Event: 1646.427 Executing VM operation: Exit

Events (20 events):
Event: 0.031 Thread 0x0000027b7ed62330 Thread added: 0x0000027b7ed62330
Event: 0.031 Thread 0x0000027b7ed62dd0 Thread added: 0x0000027b7ed62dd0
Event: 0.055 Thread 0x0000027b7ef719a0 Thread added: 0x0000027b7ef719a0
Event: 0.103 Thread 0x0000027b7f0ac160 Thread added: 0x0000027b7f0ac160
Event: 0.194 Thread 0x0000027b7f8e2360 Thread added: 0x0000027b7f8e2360
Event: 0.194 Thread 0x0000027b7f0f4810 Thread added: 0x0000027b7f0f4810
Event: 0.449 Thread 0x0000027b7efc2bb0 Thread added: 0x0000027b7efc2bb0
Event: 0.492 Thread 0x0000027b7fa82c90 Thread added: 0x0000027b7fa82c90
Event: 0.495 Thread 0x0000027b7fa84680 Thread added: 0x0000027b7fa84680
Event: 0.556 Thread 0x0000027b561837c0 Thread added: 0x0000027b561837c0
Event: 0.556 Thread 0x0000027b56139ba0 Thread added: 0x0000027b56139ba0
Event: 1.139 Thread 0x0000027b564d3070 Thread added: 0x0000027b564d3070
Event: 1.347 Thread 0x0000027b564d3700 Thread added: 0x0000027b564d3700
Event: 1.550 Thread 0x0000027b7f0ac160 Thread exited: 0x0000027b7f0ac160
Event: 1646.424 Thread 0x0000027b564d1cc0 Thread added: 0x0000027b564d1cc0
Event: 1646.425 Thread 0x0000027b564d3d90 Thread added: 0x0000027b564d3d90
Event: 1646.425 Thread 0x0000027b564d0910 Thread added: 0x0000027b564d0910
Event: 1646.425 Thread 0x0000027b564d3d90 Thread exited: 0x0000027b564d3d90
Event: 1646.426 Thread 0x0000027b564d0910 Thread exited: 0x0000027b564d0910
Event: 1646.426 Thread 0x0000027b7ed59d80 Thread exited: 0x0000027b7ed59d80


Dynamic libraries:
0x00007ff691950000 - 0x00007ff69195e000 	C:\Users\NickS\.jdks\corretto-21.0.1\bin\java.exe
0x00007ffe3f6c0000 - 0x00007ffe3f8c9000 	C:\Windows\SYSTEM32\ntdll.dll
0x00007ffe3de60000 - 0x00007ffe3df1d000 	C:\Windows\System32\KERNEL32.DLL
0x00007ffe3d0c0000 - 0x00007ffe3d444000 	C:\Windows\System32\KERNELBASE.dll
0x00007ffe3cc20000 - 0x00007ffe3cd31000 	C:\Windows\System32\ucrtbase.dll
0x00007ffd8a8a0000 - 0x00007ffd8a8b8000 	C:\Users\NickS\.jdks\corretto-21.0.1\bin\jli.dll
0x00007ffe3f3c0000 - 0x00007ffe3f56d000 	C:\Windows\System32\USER32.dll
0x00007ffe3cb50000 - 0x00007ffe3cb76000 	C:\Windows\System32\win32u.dll
0x00007ffe3ea00000 - 0x00007ffe3ea2a000 	C:\Windows\System32\GDI32.dll
0x00007ffe3cdc0000 - 0x00007ffe3cede000 	C:\Windows\System32\gdi32full.dll
0x00007ffe3cb80000 - 0x00007ffe3cc1d000 	C:\Windows\System32\msvcp_win.dll
0x00007ffd8d090000 - 0x00007ffd8d0ab000 	C:\Users\NickS\.jdks\corretto-21.0.1\bin\VCRUNTIME140.dll
0x00007ffe29d60000 - 0x00007ffe2a005000 	C:\Windows\WinSxS\amd64_microsoft.windows.common-controls_6595b64144ccf1df_6.0.22000.120_none_9d947278b86cc467\COMCTL32.dll
0x00007ffe3d830000 - 0x00007ffe3d8d3000 	C:\Windows\System32\msvcrt.dll
0x00007ffe3e080000 - 0x00007ffe3e0b1000 	C:\Windows\System32\IMM32.DLL
0x00007ffde0620000 - 0x00007ffde062c000 	C:\Users\NickS\.jdks\corretto-21.0.1\bin\vcruntime140_1.dll
0x00007ffd86b70000 - 0x00007ffd86bfd000 	C:\Users\NickS\.jdks\corretto-21.0.1\bin\msvcp140.dll
0x00007ffd85de0000 - 0x00007ffd86b6d000 	C:\Users\NickS\.jdks\corretto-21.0.1\bin\server\jvm.dll
0x00007ffe3f260000 - 0x00007ffe3f30e000 	C:\Windows\System32\ADVAPI32.dll
0x00007ffe3f570000 - 0x00007ffe3f60e000 	C:\Windows\System32\sechost.dll
0x00007ffe3e8d0000 - 0x00007ffe3e9f1000 	C:\Windows\System32\RPCRT4.dll
0x00007ffe3f610000 - 0x00007ffe3f67f000 	C:\Windows\System32\WS2_32.dll
0x00007ffe3b4b0000 - 0x00007ffe3b4fd000 	C:\Windows\SYSTEM32\POWRPROF.dll
0x00007ffe35870000 - 0x00007ffe358a3000 	C:\Windows\SYSTEM32\WINMM.dll
0x00007ffe2f660000 - 0x00007ffe2f66a000 	C:\Windows\SYSTEM32\VERSION.dll
0x00007ffe3b5a0000 - 0x00007ffe3b5b3000 	C:\Windows\SYSTEM32\UMPDC.dll
0x00007ffe3bcb0000 - 0x00007ffe3bcc8000 	C:\Windows\SYSTEM32\kernel.appcore.dll
0x00007ffde01b0000 - 0x00007ffde01ba000 	C:\Users\NickS\.jdks\corretto-21.0.1\bin\jimage.dll
0x00007ffe3a110000 - 0x00007ffe3a331000 	C:\Windows\SYSTEM32\DBGHELP.DLL
0x00007ffe291a0000 - 0x00007ffe291d1000 	C:\Windows\SYSTEM32\dbgcore.DLL
0x00007ffe3cd40000 - 0x00007ffe3cdbf000 	C:\Windows\System32\bcryptPrimitives.dll
0x00007ffe39460000 - 0x00007ffe3946e000 	C:\Users\NickS\.jdks\corretto-21.0.1\bin\instrument.dll
0x00007ffd8a6f0000 - 0x00007ffd8a70f000 	C:\Users\NickS\.jdks\corretto-21.0.1\bin\java.dll
0x00007ffe3ea90000 - 0x00007ffe3f255000 	C:\Windows\System32\SHELL32.dll
0x00007ffe3ac20000 - 0x00007ffe3b482000 	C:\Windows\SYSTEM32\windows.storage.dll
0x00007ffe3dae0000 - 0x00007ffe3de56000 	C:\Windows\System32\combase.dll
0x00007ffe3aab0000 - 0x00007ffe3ac17000 	C:\Windows\SYSTEM32\wintypes.dll
0x00007ffe3df20000 - 0x00007ffe3e00a000 	C:\Windows\System32\SHCORE.dll
0x00007ffe3e010000 - 0x00007ffe3e06d000 	C:\Windows\System32\shlwapi.dll
0x00007ffe3ca80000 - 0x00007ffe3caa5000 	C:\Windows\SYSTEM32\profapi.dll
0x00007ffd85c30000 - 0x00007ffd85d07000 	C:\Users\NickS\.jdks\corretto-21.0.1\bin\jsvml.dll
0x00007ffddf970000 - 0x00007ffddf980000 	C:\Users\NickS\.jdks\corretto-21.0.1\bin\net.dll
0x00007ffe352b0000 - 0x00007ffe353c4000 	C:\Windows\SYSTEM32\WINHTTP.dll
0x00007ffe3c160000 - 0x00007ffe3c1c7000 	C:\Windows\system32\mswsock.dll
0x00007ffd8a690000 - 0x00007ffd8a6a6000 	C:\Users\NickS\.jdks\corretto-21.0.1\bin\nio.dll
0x00007ffd85c10000 - 0x00007ffd85c28000 	C:\Users\NickS\.jdks\corretto-21.0.1\bin\zip.dll
0x00007ffe2fd30000 - 0x00007ffe2fd4a000 	C:\Program Files\JetBrains\IntelliJ IDEA Community Edition 2023.2.4\bin\breakgen64.dll
0x0000027b7fad0000 - 0x0000027b7fad3000 	C:\Users\NickS\.openjfx\cache\21-ea+null\amd64\api-ms-win-core-console-l1-1-0.dll
0x0000027b7fae0000 - 0x0000027b7fae3000 	C:\Users\NickS\.openjfx\cache\21-ea+null\amd64\api-ms-win-core-console-l1-2-0.dll
0x0000027b7faf0000 - 0x0000027b7faf3000 	C:\Users\NickS\.openjfx\cache\21-ea+null\amd64\api-ms-win-core-datetime-l1-1-0.dll
0x0000027b7fb00000 - 0x0000027b7fb03000 	C:\Users\NickS\.openjfx\cache\21-ea+null\amd64\api-ms-win-core-debug-l1-1-0.dll
0x0000027b7fb10000 - 0x0000027b7fb13000 	C:\Users\NickS\.openjfx\cache\21-ea+null\amd64\api-ms-win-core-errorhandling-l1-1-0.dll
0x0000027b7fb20000 - 0x0000027b7fb24000 	C:\Users\NickS\.openjfx\cache\21-ea+null\amd64\api-ms-win-core-file-l1-1-0.dll
0x0000027b7fb30000 - 0x0000027b7fb33000 	C:\Users\NickS\.openjfx\cache\21-ea+null\amd64\api-ms-win-core-file-l1-2-0.dll
0x0000027b7fb40000 - 0x0000027b7fb43000 	C:\Users\NickS\.openjfx\cache\21-ea+null\amd64\api-ms-win-core-file-l2-1-0.dll
0x0000027b7fb50000 - 0x0000027b7fb53000 	C:\Users\NickS\.openjfx\cache\21-ea+null\amd64\api-ms-win-core-handle-l1-1-0.dll
0x0000027b7fb60000 - 0x0000027b7fb63000 	C:\Users\NickS\.openjfx\cache\21-ea+null\amd64\api-ms-win-core-heap-l1-1-0.dll
0x0000027b7fb70000 - 0x0000027b7fb73000 	C:\Users\NickS\.openjfx\cache\21-ea+null\amd64\api-ms-win-core-interlocked-l1-1-0.dll
0x0000027b7fb80000 - 0x0000027b7fb83000 	C:\Users\NickS\.openjfx\cache\21-ea+null\amd64\api-ms-win-core-libraryloader-l1-1-0.dll
0x0000027b7fb90000 - 0x0000027b7fb93000 	C:\Users\NickS\.openjfx\cache\21-ea+null\amd64\api-ms-win-core-localization-l1-2-0.dll
0x0000027b7fba0000 - 0x0000027b7fba3000 	C:\Users\NickS\.openjfx\cache\21-ea+null\amd64\api-ms-win-core-memory-l1-1-0.dll
0x0000027b7fbb0000 - 0x0000027b7fbb3000 	C:\Users\NickS\.openjfx\cache\21-ea+null\amd64\api-ms-win-core-namedpipe-l1-1-0.dll
0x0000027b7fbc0000 - 0x0000027b7fbc3000 	C:\Users\NickS\.openjfx\cache\21-ea+null\amd64\api-ms-win-core-processenvironment-l1-1-0.dll
0x0000027b7fbd0000 - 0x0000027b7fbd3000 	C:\Users\NickS\.openjfx\cache\21-ea+null\amd64\api-ms-win-core-processthreads-l1-1-0.dll
0x0000027b7fbe0000 - 0x0000027b7fbe3000 	C:\Users\NickS\.openjfx\cache\21-ea+null\amd64\api-ms-win-core-processthreads-l1-1-1.dll
0x0000027b7fbf0000 - 0x0000027b7fbf3000 	C:\Users\NickS\.openjfx\cache\21-ea+null\amd64\api-ms-win-core-profile-l1-1-0.dll
0x0000027b7fc00000 - 0x0000027b7fc03000 	C:\Users\NickS\.openjfx\cache\21-ea+null\amd64\api-ms-win-core-rtlsupport-l1-1-0.dll
0x0000027b7fc10000 - 0x0000027b7fc13000 	C:\Users\NickS\.openjfx\cache\21-ea+null\amd64\api-ms-win-core-string-l1-1-0.dll
0x0000027b7fc20000 - 0x0000027b7fc23000 	C:\Users\NickS\.openjfx\cache\21-ea+null\amd64\api-ms-win-core-synch-l1-1-0.dll
0x0000027b7fc30000 - 0x0000027b7fc33000 	C:\Users\NickS\.openjfx\cache\21-ea+null\amd64\api-ms-win-core-synch-l1-2-0.dll
0x0000027b7fc40000 - 0x0000027b7fc43000 	C:\Users\NickS\.openjfx\cache\21-ea+null\amd64\api-ms-win-core-sysinfo-l1-1-0.dll
0x0000027b7fc50000 - 0x0000027b7fc53000 	C:\Users\NickS\.openjfx\cache\21-ea+null\amd64\api-ms-win-core-timezone-l1-1-0.dll
0x0000027b7fc60000 - 0x0000027b7fc63000 	C:\Users\NickS\.openjfx\cache\21-ea+null\amd64\api-ms-win-core-util-l1-1-0.dll
0x0000027b7fc70000 - 0x0000027b7fc73000 	C:\Users\NickS\.openjfx\cache\21-ea+null\amd64\api-ms-win-crt-conio-l1-1-0.dll
0x0000027b7fc80000 - 0x0000027b7fc84000 	C:\Users\NickS\.openjfx\cache\21-ea+null\amd64\api-ms-win-crt-convert-l1-1-0.dll
0x0000027b7fc90000 - 0x0000027b7fc93000 	C:\Users\NickS\.openjfx\cache\21-ea+null\amd64\api-ms-win-crt-environment-l1-1-0.dll
0x0000027b7fca0000 - 0x0000027b7fca3000 	C:\Users\NickS\.openjfx\cache\21-ea+null\amd64\api-ms-win-crt-filesystem-l1-1-0.dll
0x0000027b7fcb0000 - 0x0000027b7fcb3000 	C:\Users\NickS\.openjfx\cache\21-ea+null\amd64\api-ms-win-crt-heap-l1-1-0.dll
0x0000027b7fcc0000 - 0x0000027b7fcc3000 	C:\Users\NickS\.openjfx\cache\21-ea+null\amd64\api-ms-win-crt-locale-l1-1-0.dll
0x0000027b7fcd0000 - 0x0000027b7fcd5000 	C:\Users\NickS\.openjfx\cache\21-ea+null\amd64\api-ms-win-crt-math-l1-1-0.dll
0x0000027b7fce0000 - 0x0000027b7fce5000 	C:\Users\NickS\.openjfx\cache\21-ea+null\amd64\api-ms-win-crt-multibyte-l1-1-0.dll
0x0000027b7fcf0000 - 0x0000027b7fd00000 	C:\Users\NickS\.openjfx\cache\21-ea+null\amd64\api-ms-win-crt-private-l1-1-0.dll
0x0000027b7fd00000 - 0x0000027b7fd03000 	C:\Users\NickS\.openjfx\cache\21-ea+null\amd64\api-ms-win-crt-process-l1-1-0.dll
0x0000027b7fd10000 - 0x0000027b7fd14000 	C:\Users\NickS\.openjfx\cache\21-ea+null\amd64\api-ms-win-crt-runtime-l1-1-0.dll
0x0000027b7fd20000 - 0x0000027b7fd24000 	C:\Users\NickS\.openjfx\cache\21-ea+null\amd64\api-ms-win-crt-stdio-l1-1-0.dll
0x0000027b7fd30000 - 0x0000027b7fd34000 	C:\Users\NickS\.openjfx\cache\21-ea+null\amd64\api-ms-win-crt-string-l1-1-0.dll
0x0000027b7fd40000 - 0x0000027b7fd43000 	C:\Users\NickS\.openjfx\cache\21-ea+null\amd64\api-ms-win-crt-time-l1-1-0.dll
0x0000027b7fd50000 - 0x0000027b7fd53000 	C:\Users\NickS\.openjfx\cache\21-ea+null\amd64\api-ms-win-crt-utility-l1-1-0.dll
0x00007ffe28cb0000 - 0x00007ffe28dac000 	C:\Users\NickS\.openjfx\cache\21-ea+null\amd64\ucrtbase.dll
0x00007ffe2fd10000 - 0x00007ffe2fd2b000 	C:\Users\NickS\.openjfx\cache\21-ea+null\amd64\vcruntime140.dll
0x00007ffe38080000 - 0x00007ffe3808c000 	C:\Users\NickS\.openjfx\cache\21-ea+null\amd64\vcruntime140_1.dll
0x00007ffe2d420000 - 0x00007ffe2d4ae000 	C:\Users\NickS\.openjfx\cache\21-ea+null\amd64\msvcp140.dll
0x00007ffe3d680000 - 0x00007ffe3d81a000 	C:\Windows\System32\ole32.dll
0x00007ffe33830000 - 0x00007ffe33839000 	C:\Users\NickS\.openjfx\cache\21-ea+null\amd64\msvcp140_1.dll
0x00007ffe2fcc0000 - 0x00007ffe2fcef000 	C:\Users\NickS\.openjfx\cache\21-ea+null\amd64\msvcp140_2.dll
0x00007ffe2f560000 - 0x00007ffe2f58f000 	C:\Users\NickS\.openjfx\cache\21-ea+null\amd64\prism_d3d.dll
0x00007ffdf8620000 - 0x00007ffdf87c6000 	C:\Windows\system32\d3d9.dll
0x00007ffe39bb0000 - 0x00007ffe39bdf000 	C:\Windows\SYSTEM32\dwmapi.dll
0x00007ffe39b30000 - 0x00007ffe39b68000 	C:\Windows\SYSTEM32\dxcore.dll
0x00007ffe39910000 - 0x00007ffe399bc000 	C:\Windows\system32\uxtheme.dll
0x00007ffdf8380000 - 0x00007ffdf84e5000 	C:\Windows\System32\DriverStore\FileRepository\iigd_dch.inf_amd64_5dc1a2977f07512e\igdumdim64.dll
0x00007ffde84c0000 - 0x00007ffdec14b000 	C:\Windows\System32\DriverStore\FileRepository\iigd_dch.inf_amd64_5dc1a2977f07512e\igd9dxva64.dll
0x00007ffe3d900000 - 0x00007ffe3d9d6000 	C:\Windows\System32\OLEAUT32.dll
0x00007ffe3e140000 - 0x00007ffe3e5b2000 	C:\Windows\System32\SETUPAPI.dll
0x00007ffe3c850000 - 0x00007ffe3c89c000 	C:\Windows\SYSTEM32\cfgmgr32.dll
0x00007ffe33180000 - 0x00007ffe334b6000 	C:\Windows\System32\DriverStore\FileRepository\iigd_dch.inf_amd64_5dc1a2977f07512e\igdgmm64.dll
0x00007ffe37cf0000 - 0x00007ffe37d34000 	C:\Windows\SYSTEM32\directxdatabasehelper.dll
0x00007ffe3bcd0000 - 0x00007ffe3bd04000 	C:\Windows\SYSTEM32\ntmarta.dll
0x00007ffe2d3b0000 - 0x00007ffe2d3f2000 	C:\Users\NickS\.openjfx\cache\21-ea+null\amd64\glass.dll
0x00007ffe3d9e0000 - 0x00007ffe3dacc000 	C:\Windows\System32\COMDLG32.dll
0x00007ffe3e790000 - 0x00007ffe3e8ad000 	C:\Windows\System32\MSCTF.dll
0x00007ffdfd3e0000 - 0x00007ffdfd407000 	C:\Windows\System32\DriverStore\FileRepository\iigd_dch.inf_amd64_5dc1a2977f07512e\igdinfo64.dll
0x00007ffe2fea0000 - 0x00007ffe32c2f000 	C:\Windows\System32\DriverStore\FileRepository\iigd_dch.inf_amd64_5dc1a2977f07512e\igc64.dll
0x00007ffe2c470000 - 0x00007ffe2c49d000 	C:\Users\NickS\.openjfx\cache\21-ea+null\amd64\javafx_iio.dll
0x00007ffe28c90000 - 0x00007ffe28ca4000 	C:\Users\NickS\.openjfx\cache\21-ea+null\amd64\javafx_font.dll
0x00007ffe354c0000 - 0x00007ffe3571f000 	C:\Windows\SYSTEM32\dwrite.dll
0x00007ffe3f310000 - 0x00007ffe3f3bf000 	C:\Windows\System32\clbcatq.dll
0x00007ffe365d0000 - 0x00007ffe3677e000 	C:\Windows\SYSTEM32\WindowsCodecs.dll
0x00007ffe2c520000 - 0x00007ffe2c57d000 	C:\Windows\system32\dataexchange.dll
0x00007ffe360f0000 - 0x00007ffe36355000 	C:\Windows\system32\twinapi.appcore.dll
0x00007ffe28c50000 - 0x00007ffe28c82000 	C:\Program Files\Common Files\Microsoft Shared\Ink\rtscom.dll
0x00007ffe176a0000 - 0x00007ffe177cc000 	C:\Windows\SYSTEM32\textinputframework.dll
0x00007ffe39240000 - 0x00007ffe39371000 	C:\Windows\SYSTEM32\CoreMessaging.dll
0x00007ffe37390000 - 0x00007ffe376fd000 	C:\Windows\SYSTEM32\CoreUIComponents.dll
0x00007ffe3c3c0000 - 0x00007ffe3c3cc000 	C:\Windows\SYSTEM32\CRYPTBASE.DLL

dbghelp: loaded successfully - version: 4.0.5 - missing functions: none
symbol engine: initialized successfully - sym options: 0x614 - pdb path: .;C:\Users\NickS\.jdks\corretto-21.0.1\bin;C:\Windows\SYSTEM32;C:\Windows\WinSxS\amd64_microsoft.windows.common-controls_6595b64144ccf1df_6.0.22000.120_none_9d947278b86cc467;C:\Users\NickS\.jdks\corretto-21.0.1\bin\server;C:\Program Files\JetBrains\IntelliJ IDEA Community Edition 2023.2.4\bin;C:\Users\NickS\.openjfx\cache\21-ea+null\amd64;C:\Windows\System32\DriverStore\FileRepository\iigd_dch.inf_amd64_5dc1a2977f07512e;C:\Program Files\Common Files\Microsoft Shared\Ink

VM Arguments:
jvm_args: -javaagent:C:\Program Files\JetBrains\IntelliJ IDEA Community Edition 2023.2.4\lib\idea_rt.jar=51588:C:\Program Files\JetBrains\IntelliJ IDEA Community Edition 2023.2.4\bin -Dfile.encoding=UTF-8 -Dsun.stdout.encoding=UTF-8 -Dsun.stderr.encoding=UTF-8 --module-path=C:\Users\NickS\.m2\repository\org\openjfx\javafx-base\21-ea+24\javafx-base-21-ea+24-win.jar;C:\Users\NickS\OneDrive\Рабочий стол\thrthehrhjyj\target\classes;C:\Users\NickS\.m2\repository\org\openjfx\javafx-graphics\21-ea+24\javafx-graphics-21-ea+24-win.jar;C:\Users\NickS\.m2\repository\org\openjfx\javafx-controls\21-ea+24\javafx-controls-21-ea+24-win.jar;C:\Users\NickS\.m2\repository\org\openjfx\javafx-fxml\21-ea+24\javafx-fxml-21-ea+24-win.jar -Djdk.module.main=com.example.thrthehrhjyj 
java_command: com.example.thrthehrhjyj/com.example.thrthehrhjyj.HelloApplication
java_class_path (initial): C:\Users\NickS\.m2\repository\org\openjfx\javafx-controls\21-ea+24\javafx-controls-21-ea+24.jar;C:\Users\NickS\.m2\repository\org\openjfx\javafx-graphics\21-ea+24\javafx-graphics-21-ea+24.jar;C:\Users\NickS\.m2\repository\org\openjfx\javafx-base\21-ea+24\javafx-base-21-ea+24.jar;C:\Users\NickS\.m2\repository\org\openjfx\javafx-fxml\21-ea+24\javafx-fxml-21-ea+24.jar;C:\Users\NickS\OneDrive\Рабочий стол\mysql-connector-j-8.3.0.jar
Launcher Type: SUN_STANDARD

[Global flags]
     intx CICompilerCount                          = 3                                         {product} {ergonomic}
     uint ConcGCThreads                            = 1                                         {product} {ergonomic}
     uint G1ConcRefinementThreads                  = 4                                         {product} {ergonomic}
   size_t G1HeapRegionSize                         = 1048576                                   {product} {ergonomic}
    uintx GCDrainStackTargetSize                   = 64                                        {product} {ergonomic}
   size_t InitialHeapSize                          = 132120576                                 {product} {ergonomic}
   size_t MarkStackSize                            = 4194304                                   {product} {ergonomic}
   size_t MaxHeapSize                              = 2095054848                                {product} {ergonomic}
   size_t MaxNewSize                               = 1256194048                                {product} {ergonomic}
   size_t MinHeapDeltaBytes                        = 1048576                                   {product} {ergonomic}
   size_t MinHeapSize                              = 8388608                                   {product} {ergonomic}
    uintx NonNMethodCodeHeapSize                   = 5832780                                {pd product} {ergonomic}
    uintx NonProfiledCodeHeapSize                  = 122912730                              {pd product} {ergonomic}
    uintx ProfiledCodeHeapSize                     = 122912730                              {pd product} {ergonomic}
    uintx ReservedCodeCacheSize                    = 251658240                              {pd product} {ergonomic}
     bool SegmentedCodeCache                       = true                                      {product} {ergonomic}
   size_t SoftMaxHeapSize                          = 2095054848                             {manageable} {ergonomic}
     bool UseCompressedOops                        = true                           {product lp64_product} {ergonomic}
     bool UseG1GC                                  = true                                      {product} {ergonomic}
     bool UseLargePagesIndividualAllocation        = false                                  {pd product} {ergonomic}

Logging:
Log output configuration:
 #0: stdout all=off uptime,level,tags foldmultilines=false
 #1: stderr all=off uptime,level,tags foldmultilines=false

Environment Variables:
PATH=C:\Program Files\Common Files\Oracle\Java\javapath;C:\Program Files (x86)\Common Files\Oracle\Java\javapath;C:\Windows\System32\HWAudioDriverLibs;C:\Windows\system32;C:\Windows;C:\Windows\System32\Wbem;C:\Windows\System32\WindowsPowerShell\v1.0\;C:\Windows\System32\OpenSSH\;C:\Users\Administrator\AppData\Local\Microsoft\WindowsApps;C:\Users\NickS\scoop\apps\composer\current\home\vendor\bin;C:\Users\NickS\scoop\shims;C:\Users\NickS\AppData\Local\Microsoft\WindowsApps
USERNAME=NickS
OS=Windows_NT
PROCESSOR_IDENTIFIER=Intel64 Family 6 Model 140 Stepping 1, GenuineIntel
TMP=C:\Users\NickS\AppData\Local\Temp
TEMP=C:\Users\NickS\AppData\Local\Temp




Periodic native trim disabled

---------------  S Y S T E M  ---------------

OS:
 Windows 11 , 64 bit Build 22000 (10.0.22000.2538)
OS uptime: 1 days 2:55 hours

CPU: total 4 (initial active 4) (2 cores per cpu, 2 threads per core) family 6 model 140 stepping 1 microcode 0x8a, cx8, cmov, fxsr, ht, mmx, 3dnowpref, sse, sse2, sse3, ssse3, sse4.1, sse4.2, popcnt, lzcnt, tsc, tscinvbit, avx, avx2, aes, erms, clmul, bmi1, bmi2, adx, avx512f, avx512dq, avx512cd, avx512bw, avx512vl, sha, fma, vzeroupper, avx512_vpopcntdq, avx512_vpclmulqdq, avx512_vaes, avx512_vnni, clflush, clflushopt, clwb, avx512_vbmi2, avx512_vbmi, rdtscp, rdpid, fsrm, gfni, avx512_bitalg, f16c, pku, cet_ibt, cet_ss, avx512_ifma
Processor Information for all 4 processors :
  Max Mhz: 2995, Current Mhz: 2995, Mhz Limit: 2995

Memory: 4k page, system-wide physical 7991M (589M free)
TotalPageFile size 13623M (AvailPageFile size 1725M)
current process WorkingSet (physical memory assigned to process): 211M, peak: 270M
current process commit charge ("private bytes"): 329M, peak: 357M

vm_info: OpenJDK 64-Bit Server VM (21.0.1+12-LTS) for windows-amd64 JRE (21.0.1+12-LTS), built on 2023-10-12T03:52:47Z by "Administrator" with MS VC++ 16.10 / 16.11 (VS2019)

END.
