#
# A fatal error has been detected by the Java Runtime Environment:
#
#  EXCEPTION_ACCESS_VIOLATION (0xc0000005) at pc=0x00007ffe05576587, pid=13512, tid=14284
#
# JRE version: OpenJDK Runtime Environment Corretto-21.0.1.12.1 (21.0.1+12) (build 21.0.1+12-LTS)
# Java VM: OpenJDK 64-Bit Server VM Corretto-21.0.1.12.1 (21.0.1+12-LTS, mixed mode, sharing, tiered, compressed oops, compressed class ptrs, g1 gc, windows-amd64)
# Problematic frame:
# C  [glass.dll+0x26587]
#
# No core dump will be written. Minidumps are not enabled by default on client versions of Windows
#
# If you would like to submit a bug report, please visit:
#   https://github.com/corretto/corretto-21/issues/
#

---------------  S U M M A R Y ------------

Command Line: -javaagent:C:\Program Files\JetBrains\IntelliJ IDEA Community Edition 2023.2.4\lib\idea_rt.jar=60146:C:\Program Files\JetBrains\IntelliJ IDEA Community Edition 2023.2.4\bin -Dfile.encoding=UTF-8 -Dsun.stdout.encoding=UTF-8 -Dsun.stderr.encoding=UTF-8 --module-path=C:\Users\NickS\.m2\repository\org\openjfx\javafx-controls\21-ea+24\javafx-controls-21-ea+24-win.jar;C:\Users\NickS\.m2\repository\org\openjfx\javafx-graphics\21-ea+24\javafx-graphics-21-ea+24-win.jar;C:\Users\NickS\.m2\repository\org\openjfx\javafx-base\21-ea+24\javafx-base-21-ea+24-win.jar;C:\Users\NickS\OneDrive\Рабочий стол\thrthehrhjyj\target\classes;C:\Users\NickS\.m2\repository\org\openjfx\javafx-fxml\21-ea+24\javafx-fxml-21-ea+24-win.jar -Djdk.module.main=com.example.thrthehrhjyj com.example.thrthehrhjyj/com.example.thrthehrhjyj.HelloApplication

Host: 11th Gen Intel(R) Core(TM) i3-1115G4 @ 3.00GHz, 4 cores, 7G,  Windows 11 , 64 bit Build 22000 (10.0.22000.2538)
Time: Thu Mar 21 19:01:05 2024 RTZ 2 (s 11 , 64 bit Build 22000 (10.0.22000.2538) elapsed time: 59.390140 seconds (0d 0h 0m 59s)

---------------  T H R E A D  ---------------

Current thread (0x000001a056efa5e0):  VMThread "VM Thread"          [id=14284, stack(0x0000000414500000,0x0000000414600000) (1024K)]

Stack: [0x0000000414500000,0x0000000414600000],  sp=0x00000004145fed10,  free space=1019k
Native frames: (J=compiled Java code, j=interpreted, Vv=VM code, C=native code)
C  [glass.dll+0x26587]


siginfo: EXCEPTION_ACCESS_VIOLATION (0xc0000005), reading address 0x0000000000000000


Registers:
RAX=0x0000000000000000, RBX=0x000001a07530ce1a, RCX=0x000001a056efa5e0, RDX=0x00000004145fed10
RSP=0x00000004145fed10, RBP=0x000001a075311ab8, RSI=0x000001a075311a90, RDI=0x0000ebe1099620c6
R8 =0x0000000000010002, R9 =0x0000ebe1099620c6, R10=0x85f13e9656da4870, R11=0x00000004145feca0
R12=0x00007ffe05573ed0, R13=0x00007ffddcb85410, R14=0x00000004145fee18, R15=0x000001a075311a90
RIP=0x00007ffe05576587, EFLAGS=0x0000000000010202


Register to memory mapping:

RAX=0x0 is null
RBX=0x000001a07530ce1a is a global jni handle
RCX=0x000001a056efa5e0 points into unknown readable memory: 0x00007ffddc9866f0 | f0 66 98 dc fd 7f 00 00
RDX=0x00000004145fed10 points into unknown readable memory: 0x0000000000000000 | 00 00 00 00 00 00 00 00
RSP=0x00000004145fed10 points into unknown readable memory: 0x0000000000000000 | 00 00 00 00 00 00 00 00
RBP=0x000001a075311ab8 points into unknown readable memory: 0x0000ebe1099620c6 | c6 20 96 09 e1 eb 00 00
RSI=0x000001a075311a90 points into unknown readable memory: 0x001f14605c585ac6 | c6 5a 58 5c 60 14 1f 00
RDI=0x0000ebe1099620c6 is an unknown value
R8 =0x0000000000010002 is an unknown value
R9 =0x0000ebe1099620c6 is an unknown value
R10=0x85f13e9656da4870 is an unknown value
R11=0x00000004145feca0 points into unknown readable memory: 0x000001a075311a90 | 90 1a 31 75 a0 01 00 00
R12=0x00007ffe05573ed0 glass.dll
R13=0x00007ffddcb85410 jvm.dll
R14=0x00000004145fee18 points into unknown readable memory: 0x00000004145fee00 | 00 ee 5f 14 04 00 00 00
R15=0x000001a075311a90 points into unknown readable memory: 0x001f14605c585ac6 | c6 5a 58 5c 60 14 1f 00

Top of Stack: (sp=0x00000004145fed10)
0x00000004145fed10:   0000000000000000 000001a075311a90
0x00000004145fed20:   00007ffddcb85410 00007ffe05573ed0
0x00000004145fed30:   000001a075311a98 00007ffe3cc3bea0
0x00000004145fed40:   0000ebe1099620c6 000001a000000000
0x00000004145fed50:   000001a075311ab8 000001a075311a90
0x00000004145fed60:   fffffffffffffffe 0000000000000000
0x00000004145fed70:   0000000000000001 00007ffe05550000
0x00000004145fed80:   00000004145fee08 00007ffe3cc3bdb7
0x00000004145fed90:   0000000000000000 00000004145fee18
0x00000004145feda0:   00000004145ff100 00007ffe3cd212b0
0x00000004145fedb0:   0000000000000001 00007ffe3cc3bd6d
0x00000004145fedc0:   0000000000000000 0000000000000001
0x00000004145fedd0:   0000000000000000 00000004145fee08
0x00000004145fede0:   fffffffffffffffe 00000004145ff100
0x00000004145fedf0:   0000000000000000 00007ffe05573d5d
0x00000004145fee00:   00007ffe0558a008 00007ffd00000002
0x00000004145fee10:   0000000000000002 00000004145fee00
0x00000004145fee20:   0000000000000000 00007ffe3f6ffec3
0x00000004145fee30:   0000000000000000 00007ffe05573e82
0x00000004145fee40:   0000000000000001 0000000000000001
0x00000004145fee50:   0000000000000000 00007ffe3cd212b0
0x00000004145fee60:   0000000000000001 00007ffe3c3c2223
0x00000004145fee70:   00007ffe00000001 0000000000000000
0x00000004145fee80:   00007ffe05550000 000000007ffe0384
0x00000004145fee90:   0000000000000000 00007ffe3f6fff57
0x00000004145feea0:   00007ffe05550000 0000000000000000
0x00000004145feeb0:   0000000000000001 000000007ffe0385
0x00000004145feec0:   00007ffe3f7f0e20 00007ffe30e7b2f0
0x00000004145feed0:   0000a4f700ace000 00007ffe2fea0000
0x00000004145feee0:   00007ffe05573ed0 0000000000000000
0x00000004145feef0:   0000000000000000 0000000413988000
0x00000004145fef00:   000001a07b1166b0 00007ffe3f71458a 

Instructions: (pc=0x00007ffe05576587)
0x00007ffe05576487:   8b 4d 58 e8 8d cf ff ff 48 8b 4d 60 e8 84 cf ff
0x00007ffe05576497:   ff 48 8b 95 80 00 00 00 48 8b 8d 18 01 00 00 e8
0x00007ffe055764a7:   76 c4 ff ff 33 d2 33 c9 e8 cc e1 ff ff 90 48 89
0x00007ffe055764b7:   54 24 10 55 48 83 ec 20 48 8b ea 48 b8 00 00 00
0x00007ffe055764c7:   00 00 00 00 00 48 83 c4 20 5d c3 cc 40 55 48 8b
0x00007ffe055764d7:   ea 48 8b 01 33 c9 81 38 05 00 00 c0 0f 94 c1 8b
0x00007ffe055764e7:   c1 5d c3 cc 40 55 48 83 ec 20 48 8b ea 8a 4d 40
0x00007ffe055764f7:   48 83 c4 20 5d e9 73 d3 ff ff cc 40 55 48 83 ec
0x00007ffe05576507:   20 48 8b ea 8a 4d 20 e8 61 d3 ff ff 90 48 83 c4
0x00007ffe05576517:   20 5d c3 cc 40 55 48 83 ec 20 48 8b ea 48 83 c4
0x00007ffe05576527:   20 5d e9 c2 d1 ff ff cc 40 55 48 83 ec 30 48 8b
0x00007ffe05576537:   ea 48 8b 01 8b 10 48 89 4c 24 28 89 54 24 20 4c
0x00007ffe05576547:   8d 0d 63 d6 ff ff 4c 8b 45 70 8b 55 68 48 8b 4d
0x00007ffe05576557:   60 e8 03 d1 ff ff 90 48 83 c4 30 5d c3 cc cc cc
0x00007ffe05576567:   cc cc cc cc cc cc cc cc cc 40 53 48 83 ec 20 48
0x00007ffe05576577:   8b 1d 8b 34 01 00 48 85 db 74 16 e8 89 8f ff ff
0x00007ffe05576587:   4c 8b 00 48 8b d3 48 8b c8 41 ff 90 b0 00 00 00
0x00007ffe05576597:   90 48 83 c4 20 5b c3 cc cc 40 53 48 83 ec 20 48
0x00007ffe055765a7:   8b 1d fb 35 01 00 48 85 db 74 57 b8 ff ff ff ff
0x00007ffe055765b7:   f0 0f c1 43 10 83 f8 01 75 3d 48 85 db 74 38 48
0x00007ffe055765c7:   8b 0b 48 85 c9 74 0d ff 15 d4 0c 00 00 48 c7 03
0x00007ffe055765d7:   00 00 00 00 48 8b 4b 08 48 85 c9 74 0d e8 33 ce
0x00007ffe055765e7:   ff ff 48 c7 43 08 00 00 00 00 ba 18 00 00 00 48
0x00007ffe055765f7:   8b cb e8 1e ce ff ff 48 c7 05 9f 35 01 00 00 00
0x00007ffe05576607:   00 00 48 83 c4 20 5b c3 cc 40 53 48 83 ec 20 48
0x00007ffe05576617:   8b 1d 6b 35 01 00 48 85 db 74 57 b8 ff ff ff ff
0x00007ffe05576627:   f0 0f c1 43 10 83 f8 01 75 3d 48 85 db 74 38 48
0x00007ffe05576637:   8b 0b 48 85 c9 74 0d ff 15 64 0c 00 00 48 c7 03
0x00007ffe05576647:   00 00 00 00 48 8b 4b 08 48 85 c9 74 0d e8 c3 cd
0x00007ffe05576657:   ff ff 48 c7 43 08 00 00 00 00 ba 18 00 00 00 48
0x00007ffe05576667:   8b cb e8 ae cd ff ff 48 c7 05 0f 35 01 00 00 00
0x00007ffe05576677:   00 00 48 83 c4 20 5b c3 cc 40 53 48 83 ec 20 48 


Stack slot to memory mapping:

stack at sp + 0 slots: 0x0 is null
stack at sp + 1 slots: 0x000001a075311a90 points into unknown readable memory: 0x001f14605c585ac6 | c6 5a 58 5c 60 14 1f 00
stack at sp + 2 slots: 0x00007ffddcb85410 jvm.dll
stack at sp + 3 slots: 0x00007ffe05573ed0 glass.dll
stack at sp + 4 slots: 0x000001a075311a98 points into unknown readable memory: 0x0000ebe1099620c6 | c6 20 96 09 e1 eb 00 00
stack at sp + 5 slots: 0x00007ffe3cc3bea0 ucrtbase.dll
stack at sp + 6 slots: 0x0000ebe1099620c6 is an unknown value
stack at sp + 7 slots: 0x000001a000000000 is pointing into metadata

VM_Operation (0x0000000414ffef70): Exit, mode: safepoint, requested by thread 0x000001a07b711880


---------------  P R O C E S S  ---------------

Threads class SMR info:
_java_thread_list=0x000001a07b4488a0, length=19, elements={
0x000001a056f129d0, 0x000001a075326c70, 0x000001a075327990, 0x000001a07532c990,
0x000001a07532d3f0, 0x000001a075330600, 0x000001a07533e0c0, 0x000001a0753431f0,
0x000001a075529850, 0x000001a07a7afd80, 0x000001a07a7b03f0, 0x000001a07b083c30,
0x000001a07accee20, 0x000001a07aaeee70, 0x000001a07b2bc670, 0x000001a07ac1a280,
0x000001a07b712c30, 0x000001a07b714d00, 0x000001a07b711880
}

Java Threads: ( => current thread )
  0x000001a056f129d0 JavaThread "main"                              [_thread_blocked, id=14152, stack(0x0000000413e00000,0x0000000413f00000) (1024K)]
  0x000001a075326c70 JavaThread "Reference Handler"          daemon [_thread_blocked, id=1092, stack(0x0000000414600000,0x0000000414700000) (1024K)]
  0x000001a075327990 JavaThread "Finalizer"                  daemon [_thread_blocked, id=11180, stack(0x0000000414700000,0x0000000414800000) (1024K)]
  0x000001a07532c990 JavaThread "Attach Listener"            daemon [_thread_blocked, id=9888, stack(0x0000000414900000,0x0000000414a00000) (1024K)]
  0x000001a07532d3f0 JavaThread "Service Thread"             daemon [_thread_blocked, id=12528, stack(0x0000000414a00000,0x0000000414b00000) (1024K)]
  0x000001a075330600 JavaThread "Monitor Deflation Thread"   daemon [_thread_blocked, id=3344, stack(0x0000000414b00000,0x0000000414c00000) (1024K)]
  0x000001a07533e0c0 JavaThread "C2 CompilerThread0"         daemon [_thread_blocked, id=18396, stack(0x0000000414c00000,0x0000000414d00000) (1024K)]
  0x000001a0753431f0 JavaThread "C1 CompilerThread0"         daemon [_thread_blocked, id=6556, stack(0x0000000414d00000,0x0000000414e00000) (1024K)]
  0x000001a075529850 JavaThread "Common-Cleaner"             daemon [_thread_blocked, id=18208, stack(0x0000000414e00000,0x0000000414f00000) (1024K)]
  0x000001a07a7afd80 JavaThread "Monitor Ctrl-Break"         daemon [_thread_in_native, id=16884, stack(0x0000000415000000,0x0000000415100000) (1024K)]
  0x000001a07a7b03f0 JavaThread "Notification Thread"        daemon [_thread_blocked, id=13532, stack(0x0000000415100000,0x0000000415200000) (1024K)]
  0x000001a07b083c30 JavaThread "QuantumRenderer-0"          daemon [_thread_blocked, id=10612, stack(0x0000000415500000,0x0000000415600000) (1024K)]
  0x000001a07accee20 JavaThread "InvokeLaterDispatcher"      daemon [_thread_blocked, id=2188, stack(0x0000000415600000,0x0000000415700000) (1024K)]
  0x000001a07aaeee70 JavaThread "JavaFX Application Thread"         [_thread_in_native, id=10772, stack(0x0000000415700000,0x0000000415800000) (1024K)]
  0x000001a07b2bc670 JavaThread "JavaFX-Launcher"                   [_thread_blocked, id=9464, stack(0x0000000415c00000,0x0000000415d00000) (1024K)]
  0x000001a07ac1a280 JavaThread "Thread-2"                   daemon [_thread_in_native, id=528, stack(0x0000000415b00000,0x0000000415c00000) (1024K)]
  0x000001a07b712c30 JavaThread "Prism Font Disposer"        daemon [_thread_blocked, id=9288, stack(0x0000000416000000,0x0000000416100000) (1024K)]
  0x000001a07b714d00 JavaThread "Cleaner-0"                  daemon [_thread_blocked, id=13732, stack(0x0000000416100000,0x0000000416200000) (1024K)]
  0x000001a07b711880 JavaThread "SIGINT handler"             daemon [_thread_blocked, id=6672, stack(0x0000000414f00000,0x0000000415000000) (1024K)]
Total: 19

Other Threads:
=>0x000001a056efa5e0 VMThread "VM Thread"                           [id=14284, stack(0x0000000414500000,0x0000000414600000) (1024K)]
  0x000001a056ef9b00 WorkerThread "GC Thread#0"                     [id=14212, stack(0x0000000413f00000,0x0000000414000000) (1024K)]
  0x000001a056efa980 WorkerThread "GC Thread#1"                     [id=2316, stack(0x0000000415200000,0x0000000415300000) (1024K)]
  0x000001a056efad20 WorkerThread "GC Thread#2"                     [id=17200, stack(0x0000000415300000,0x0000000415400000) (1024K)]
  0x000001a056efa240 WorkerThread "GC Thread#3"                     [id=14204, stack(0x0000000415400000,0x0000000415500000) (1024K)]
  0x000001a0590edaa0 ConcurrentGCThread "G1 Main Marker"            terminated
  0x000001a056ef9ea0 WorkerThread "G1 Conc#0"                       [id=1604, stack(0x0000000414100000,0x0000000414200000) (1024K)]
  0x000001a05915e420 ConcurrentGCThread "G1 Refine#0"               terminated
  0x000001a0751c10a0 ConcurrentGCThread "G1 Service"                terminated
Total: 9

Threads with active compile tasks:
Total: 0

VM state: at safepoint (shutting down)

VM Mutex/Monitor currently owned by a thread:  ([mutex/lock_event])
[0x00007ffddcb5d9c8] Threads_lock - owner thread: 0x000001a056efa5e0
[0x00007ffddcb5dac8] Heap_lock - owner thread: 0x000001a07b711880

Heap address: 0x0000000083200000, size: 1998 MB, Compressed Oops mode: 32-bit

CDS archive(s) mapped at: [0x000001a000000000-0x000001a000c90000-0x000001a000c90000), size 13172736, SharedBaseAddress: 0x000001a000000000, ArchiveRelocationMode: 1.
Compressed class space mapped at: 0x000001a001000000-0x000001a041000000, reserved size: 1073741824
Narrow klass base: 0x000001a000000000, Narrow klass shift: 0, Narrow klass range: 0x100000000

GC Precious Log:
 CardTable entry size: 512
 Card Set container configuration: InlinePtr #cards 5 size 8 Array Of Cards #cards 12 size 40 Howl #buckets 4 coarsen threshold 1843 Howl Bitmap #cards 512 size 80 coarsen threshold 460 Card regions per heap region 1 cards per card region 2048
 CPUs: 4 total, 4 available
 Memory: 7991M
 Large Page Support: Disabled
 NUMA Support: Disabled
 Compressed Oops: Enabled (32-bit)
 Heap Region Size: 1M
 Heap Min Capacity: 8M
 Heap Initial Capacity: 126M
 Heap Max Capacity: 1998M
 Pre-touch: Disabled
 Parallel Workers: 4
 Concurrent Workers: 1
 Concurrent Refinement Workers: 4
 Periodic GC: Disabled

Heap:
 garbage-first heap   total 129024K, used 84145K [0x0000000083200000, 0x0000000100000000)
  region size 1024K, 6 young (6144K), 2 survivors (2048K)
 Metaspace       used 16741K, committed 17152K, reserved 1114112K
  class space    used 2373K, committed 2560K, reserved 1048576K

Heap Regions: E=young(eden), S=young(survivor), O=old, HS=humongous(starts), HC=humongous(continues), CS=collection set, F=free, TAMS=top-at-mark-start, PB=parsable bottom
|   0|0x0000000083200000, 0x0000000083300000, 0x0000000083300000|100%|HS|  |TAMS 0x0000000083200000| PB 0x0000000083200000| Complete 
|   1|0x0000000083300000, 0x0000000083400000, 0x0000000083400000|100%|HC|  |TAMS 0x0000000083300000| PB 0x0000000083300000| Complete 
|   2|0x0000000083400000, 0x0000000083500000, 0x0000000083500000|100%|HC|  |TAMS 0x0000000083400000| PB 0x0000000083400000| Complete 
|   3|0x0000000083500000, 0x0000000083600000, 0x0000000083600000|100%|HC|  |TAMS 0x0000000083500000| PB 0x0000000083500000| Complete 
|   4|0x0000000083600000, 0x0000000083700000, 0x0000000083700000|100%|HC|  |TAMS 0x0000000083600000| PB 0x0000000083600000| Complete 
|   5|0x0000000083700000, 0x0000000083800000, 0x0000000083800000|100%|HC|  |TAMS 0x0000000083700000| PB 0x0000000083700000| Complete 
|   6|0x0000000083800000, 0x0000000083900000, 0x0000000083900000|100%| O|Cm|TAMS 0x0000000083800000| PB 0x0000000083800000| Complete 
|   7|0x0000000083900000, 0x0000000083a00000, 0x0000000083a00000|100%| O|  |TAMS 0x0000000083900000| PB 0x0000000083900000| Untracked 
|   8|0x0000000083a00000, 0x0000000083b00000, 0x0000000083b00000|100%| O|  |TAMS 0x0000000083a00000| PB 0x0000000083a00000| Untracked 
|   9|0x0000000083b00000, 0x0000000083c00000, 0x0000000083c00000|100%|HS|  |TAMS 0x0000000083b00000| PB 0x0000000083b00000| Complete 
|  10|0x0000000083c00000, 0x0000000083d00000, 0x0000000083d00000|100%|HC|  |TAMS 0x0000000083c00000| PB 0x0000000083c00000| Complete 
|  11|0x0000000083d00000, 0x0000000083e00000, 0x0000000083e00000|100%|HS|  |TAMS 0x0000000083d00000| PB 0x0000000083d00000| Complete 
|  12|0x0000000083e00000, 0x0000000083f00000, 0x0000000083f00000|100%|HC|  |TAMS 0x0000000083e00000| PB 0x0000000083e00000| Complete 
|  13|0x0000000083f00000, 0x0000000084000000, 0x0000000084000000|100%|HC|  |TAMS 0x0000000083f00000| PB 0x0000000083f00000| Complete 
|  14|0x0000000084000000, 0x0000000084100000, 0x0000000084100000|100%|HC|  |TAMS 0x0000000084000000| PB 0x0000000084000000| Complete 
|  15|0x0000000084100000, 0x0000000084200000, 0x0000000084200000|100%|HC|  |TAMS 0x0000000084100000| PB 0x0000000084100000| Complete 
|  16|0x0000000084200000, 0x0000000084300000, 0x0000000084300000|100%|HC|  |TAMS 0x0000000084200000| PB 0x0000000084200000| Complete 
|  17|0x0000000084300000, 0x0000000084400000, 0x0000000084400000|100%|HS|  |TAMS 0x0000000084300000| PB 0x0000000084300000| Complete 
|  18|0x0000000084400000, 0x0000000084500000, 0x0000000084500000|100%|HC|  |TAMS 0x0000000084400000| PB 0x0000000084400000| Complete 
|  19|0x0000000084500000, 0x0000000084600000, 0x0000000084600000|100%|HC|  |TAMS 0x0000000084500000| PB 0x0000000084500000| Complete 
|  20|0x0000000084600000, 0x0000000084700000, 0x0000000084700000|100%|HC|  |TAMS 0x0000000084600000| PB 0x0000000084600000| Complete 
|  21|0x0000000084700000, 0x0000000084800000, 0x0000000084800000|100%|HC|  |TAMS 0x0000000084700000| PB 0x0000000084700000| Complete 
|  22|0x0000000084800000, 0x0000000084900000, 0x0000000084900000|100%|HC|  |TAMS 0x0000000084800000| PB 0x0000000084800000| Complete 
|  23|0x0000000084900000, 0x0000000084a00000, 0x0000000084a00000|100%|HS|  |TAMS 0x0000000084900000| PB 0x0000000084900000| Complete 
|  24|0x0000000084a00000, 0x0000000084b00000, 0x0000000084b00000|100%|HC|  |TAMS 0x0000000084a00000| PB 0x0000000084a00000| Complete 
|  25|0x0000000084b00000, 0x0000000084c00000, 0x0000000084c00000|100%|HC|  |TAMS 0x0000000084b00000| PB 0x0000000084b00000| Complete 
|  26|0x0000000084c00000, 0x0000000084d00000, 0x0000000084d00000|100%|HC|  |TAMS 0x0000000084c00000| PB 0x0000000084c00000| Complete 
|  27|0x0000000084d00000, 0x0000000084e00000, 0x0000000084e00000|100%|HC|  |TAMS 0x0000000084d00000| PB 0x0000000084d00000| Complete 
|  28|0x0000000084e00000, 0x0000000084f00000, 0x0000000084f00000|100%|HC|  |TAMS 0x0000000084e00000| PB 0x0000000084e00000| Complete 
|  29|0x0000000084f00000, 0x0000000085000000, 0x0000000085000000|100%|HS|  |TAMS 0x0000000084f00000| PB 0x0000000084f00000| Complete 
|  30|0x0000000085000000, 0x0000000085100000, 0x0000000085100000|100%|HC|  |TAMS 0x0000000085000000| PB 0x0000000085000000| Complete 
|  31|0x0000000085100000, 0x0000000085200000, 0x0000000085200000|100%|HC|  |TAMS 0x0000000085100000| PB 0x0000000085100000| Complete 
|  32|0x0000000085200000, 0x0000000085300000, 0x0000000085300000|100%|HC|  |TAMS 0x0000000085200000| PB 0x0000000085200000| Complete 
|  33|0x0000000085300000, 0x0000000085400000, 0x0000000085400000|100%|HC|  |TAMS 0x0000000085300000| PB 0x0000000085300000| Complete 
|  34|0x0000000085400000, 0x0000000085500000, 0x0000000085500000|100%|HC|  |TAMS 0x0000000085400000| PB 0x0000000085400000| Complete 
|  35|0x0000000085500000, 0x0000000085600000, 0x0000000085600000|100%|HS|  |TAMS 0x0000000085500000| PB 0x0000000085500000| Complete 
|  36|0x0000000085600000, 0x0000000085700000, 0x0000000085700000|100%|HC|  |TAMS 0x0000000085600000| PB 0x0000000085600000| Complete 
|  37|0x0000000085700000, 0x0000000085800000, 0x0000000085800000|100%|HC|  |TAMS 0x0000000085700000| PB 0x0000000085700000| Complete 
|  38|0x0000000085800000, 0x0000000085900000, 0x0000000085900000|100%|HC|  |TAMS 0x0000000085800000| PB 0x0000000085800000| Complete 
|  39|0x0000000085900000, 0x0000000085a00000, 0x0000000085a00000|100%|HC|  |TAMS 0x0000000085900000| PB 0x0000000085900000| Complete 
|  40|0x0000000085a00000, 0x0000000085b00000, 0x0000000085b00000|100%|HC|  |TAMS 0x0000000085a00000| PB 0x0000000085a00000| Complete 
|  41|0x0000000085b00000, 0x0000000085c00000, 0x0000000085c00000|100%|HS|  |TAMS 0x0000000085b00000| PB 0x0000000085b00000| Complete 
|  42|0x0000000085c00000, 0x0000000085d00000, 0x0000000085d00000|100%|HC|  |TAMS 0x0000000085c00000| PB 0x0000000085c00000| Complete 
|  43|0x0000000085d00000, 0x0000000085e00000, 0x0000000085e00000|100%|HC|  |TAMS 0x0000000085d00000| PB 0x0000000085d00000| Complete 
|  44|0x0000000085e00000, 0x0000000085f00000, 0x0000000085f00000|100%|HC|  |TAMS 0x0000000085e00000| PB 0x0000000085e00000| Complete 
|  45|0x0000000085f00000, 0x0000000086000000, 0x0000000086000000|100%|HC|  |TAMS 0x0000000085f00000| PB 0x0000000085f00000| Complete 
|  46|0x0000000086000000, 0x0000000086100000, 0x0000000086100000|100%|HC|  |TAMS 0x0000000086000000| PB 0x0000000086000000| Complete 
|  47|0x0000000086100000, 0x0000000086200000, 0x0000000086200000|100%|HS|  |TAMS 0x0000000086100000| PB 0x0000000086100000| Complete 
|  48|0x0000000086200000, 0x0000000086300000, 0x0000000086300000|100%|HC|  |TAMS 0x0000000086200000| PB 0x0000000086200000| Complete 
|  49|0x0000000086300000, 0x0000000086400000, 0x0000000086400000|100%|HC|  |TAMS 0x0000000086300000| PB 0x0000000086300000| Complete 
|  50|0x0000000086400000, 0x0000000086500000, 0x0000000086500000|100%|HC|  |TAMS 0x0000000086400000| PB 0x0000000086400000| Complete 
|  51|0x0000000086500000, 0x0000000086600000, 0x0000000086600000|100%|HC|  |TAMS 0x0000000086500000| PB 0x0000000086500000| Complete 
|  52|0x0000000086600000, 0x0000000086700000, 0x0000000086700000|100%|HC|  |TAMS 0x0000000086600000| PB 0x0000000086600000| Complete 
|  53|0x0000000086700000, 0x0000000086800000, 0x0000000086800000|100%|HS|  |TAMS 0x0000000086700000| PB 0x0000000086700000| Complete 
|  54|0x0000000086800000, 0x0000000086900000, 0x0000000086900000|100%|HC|  |TAMS 0x0000000086800000| PB 0x0000000086800000| Complete 
|  55|0x0000000086900000, 0x0000000086a00000, 0x0000000086a00000|100%|HC|  |TAMS 0x0000000086900000| PB 0x0000000086900000| Complete 
|  56|0x0000000086a00000, 0x0000000086b00000, 0x0000000086b00000|100%|HC|  |TAMS 0x0000000086a00000| PB 0x0000000086a00000| Complete 
|  57|0x0000000086b00000, 0x0000000086c00000, 0x0000000086c00000|100%|HC|  |TAMS 0x0000000086b00000| PB 0x0000000086b00000| Complete 
|  58|0x0000000086c00000, 0x0000000086d00000, 0x0000000086d00000|100%|HC|  |TAMS 0x0000000086c00000| PB 0x0000000086c00000| Complete 
|  59|0x0000000086d00000, 0x0000000086e00000, 0x0000000086e00000|100%| O|  |TAMS 0x0000000086d00000| PB 0x0000000086d00000| Untracked 
|  60|0x0000000086e00000, 0x0000000086f00000, 0x0000000086f00000|100%| O|  |TAMS 0x0000000086e00000| PB 0x0000000086e00000| Untracked 
|  61|0x0000000086f00000, 0x0000000087000000, 0x0000000087000000|100%| O|  |TAMS 0x0000000086f00000| PB 0x0000000086f00000| Untracked 
|  62|0x0000000087000000, 0x0000000087100000, 0x0000000087100000|100%| O|  |TAMS 0x0000000087000000| PB 0x0000000087000000| Untracked 
|  63|0x0000000087100000, 0x0000000087200000, 0x0000000087200000|100%| O|  |TAMS 0x0000000087100000| PB 0x0000000087100000| Untracked 
|  64|0x0000000087200000, 0x0000000087300000, 0x0000000087300000|100%| O|  |TAMS 0x0000000087200000| PB 0x0000000087200000| Untracked 
|  65|0x0000000087300000, 0x00000000873ed740, 0x0000000087400000| 92%| O|  |TAMS 0x0000000087300000| PB 0x0000000087300000| Untracked 
|  66|0x0000000087400000, 0x0000000087500000, 0x0000000087500000|100%|HS|  |TAMS 0x0000000087400000| PB 0x0000000087400000| Complete 
|  67|0x0000000087500000, 0x0000000087600000, 0x0000000087600000|100%|HC|  |TAMS 0x0000000087500000| PB 0x0000000087500000| Complete 
|  68|0x0000000087600000, 0x0000000087700000, 0x0000000087700000|100%|HC|  |TAMS 0x0000000087600000| PB 0x0000000087600000| Complete 
|  69|0x0000000087700000, 0x0000000087800000, 0x0000000087800000|100%|HC|  |TAMS 0x0000000087700000| PB 0x0000000087700000| Complete 
|  70|0x0000000087800000, 0x0000000087900000, 0x0000000087900000|100%|HC|  |TAMS 0x0000000087800000| PB 0x0000000087800000| Complete 
|  71|0x0000000087900000, 0x0000000087a00000, 0x0000000087a00000|100%|HC|  |TAMS 0x0000000087900000| PB 0x0000000087900000| Complete 
|  72|0x0000000087a00000, 0x0000000087b00000, 0x0000000087b00000|100%|HS|  |TAMS 0x0000000087a00000| PB 0x0000000087a00000| Complete 
|  73|0x0000000087b00000, 0x0000000087c00000, 0x0000000087c00000|100%|HC|  |TAMS 0x0000000087b00000| PB 0x0000000087b00000| Complete 
|  74|0x0000000087c00000, 0x0000000087d00000, 0x0000000087d00000|100%|HC|  |TAMS 0x0000000087c00000| PB 0x0000000087c00000| Complete 
|  75|0x0000000087d00000, 0x0000000087e00000, 0x0000000087e00000|100%|HC|  |TAMS 0x0000000087d00000| PB 0x0000000087d00000| Complete 
|  76|0x0000000087e00000, 0x0000000087f00000, 0x0000000087f00000|100%|HC|  |TAMS 0x0000000087e00000| PB 0x0000000087e00000| Complete 
|  77|0x0000000087f00000, 0x0000000088000000, 0x0000000088000000|100%|HC|  |TAMS 0x0000000087f00000| PB 0x0000000087f00000| Complete 
|  78|0x0000000088000000, 0x0000000088000000, 0x0000000088100000|  0%| F|  |TAMS 0x0000000088000000| PB 0x0000000088000000| Untracked 
|  79|0x0000000088100000, 0x0000000088100000, 0x0000000088200000|  0%| F|  |TAMS 0x0000000088100000| PB 0x0000000088100000| Untracked 
|  80|0x0000000088200000, 0x0000000088200000, 0x0000000088300000|  0%| F|  |TAMS 0x0000000088200000| PB 0x0000000088200000| Untracked 
|  81|0x0000000088300000, 0x0000000088300000, 0x0000000088400000|  0%| F|  |TAMS 0x0000000088300000| PB 0x0000000088300000| Untracked 
|  82|0x0000000088400000, 0x0000000088400000, 0x0000000088500000|  0%| F|  |TAMS 0x0000000088400000| PB 0x0000000088400000| Untracked 
|  83|0x0000000088500000, 0x0000000088500000, 0x0000000088600000|  0%| F|  |TAMS 0x0000000088500000| PB 0x0000000088500000| Untracked 
|  84|0x0000000088600000, 0x0000000088600000, 0x0000000088700000|  0%| F|  |TAMS 0x0000000088600000| PB 0x0000000088600000| Untracked 
|  85|0x0000000088700000, 0x0000000088700000, 0x0000000088800000|  0%| F|  |TAMS 0x0000000088700000| PB 0x0000000088700000| Untracked 
|  86|0x0000000088800000, 0x0000000088800000, 0x0000000088900000|  0%| F|  |TAMS 0x0000000088800000| PB 0x0000000088800000| Untracked 
|  87|0x0000000088900000, 0x0000000088900000, 0x0000000088a00000|  0%| F|  |TAMS 0x0000000088900000| PB 0x0000000088900000| Untracked 
|  88|0x0000000088a00000, 0x0000000088a00000, 0x0000000088b00000|  0%| F|  |TAMS 0x0000000088a00000| PB 0x0000000088a00000| Untracked 
|  89|0x0000000088b00000, 0x0000000088b00000, 0x0000000088c00000|  0%| F|  |TAMS 0x0000000088b00000| PB 0x0000000088b00000| Untracked 
|  90|0x0000000088c00000, 0x0000000088c00000, 0x0000000088d00000|  0%| F|  |TAMS 0x0000000088c00000| PB 0x0000000088c00000| Untracked 
|  91|0x0000000088d00000, 0x0000000088d00000, 0x0000000088e00000|  0%| F|  |TAMS 0x0000000088d00000| PB 0x0000000088d00000| Untracked 
|  92|0x0000000088e00000, 0x0000000088e00000, 0x0000000088f00000|  0%| F|  |TAMS 0x0000000088e00000| PB 0x0000000088e00000| Untracked 
|  93|0x0000000088f00000, 0x0000000088f00000, 0x0000000089000000|  0%| F|  |TAMS 0x0000000088f00000| PB 0x0000000088f00000| Untracked 
|  94|0x0000000089000000, 0x0000000089000000, 0x0000000089100000|  0%| F|  |TAMS 0x0000000089000000| PB 0x0000000089000000| Untracked 
|  95|0x0000000089100000, 0x0000000089100000, 0x0000000089200000|  0%| F|  |TAMS 0x0000000089100000| PB 0x0000000089100000| Untracked 
|  96|0x0000000089200000, 0x0000000089200000, 0x0000000089300000|  0%| F|  |TAMS 0x0000000089200000| PB 0x0000000089200000| Untracked 
|  97|0x0000000089300000, 0x0000000089300000, 0x0000000089400000|  0%| F|  |TAMS 0x0000000089300000| PB 0x0000000089300000| Untracked 
|  98|0x0000000089400000, 0x0000000089400000, 0x0000000089500000|  0%| F|  |TAMS 0x0000000089400000| PB 0x0000000089400000| Untracked 
|  99|0x0000000089500000, 0x0000000089500000, 0x0000000089600000|  0%| F|  |TAMS 0x0000000089500000| PB 0x0000000089500000| Untracked 
| 100|0x0000000089600000, 0x0000000089600000, 0x0000000089700000|  0%| F|  |TAMS 0x0000000089600000| PB 0x0000000089600000| Untracked 
| 101|0x0000000089700000, 0x0000000089700000, 0x0000000089800000|  0%| F|  |TAMS 0x0000000089700000| PB 0x0000000089700000| Untracked 
| 102|0x0000000089800000, 0x0000000089800000, 0x0000000089900000|  0%| F|  |TAMS 0x0000000089800000| PB 0x0000000089800000| Untracked 
| 103|0x0000000089900000, 0x0000000089900000, 0x0000000089a00000|  0%| F|  |TAMS 0x0000000089900000| PB 0x0000000089900000| Untracked 
| 104|0x0000000089a00000, 0x0000000089a00000, 0x0000000089b00000|  0%| F|  |TAMS 0x0000000089a00000| PB 0x0000000089a00000| Untracked 
| 105|0x0000000089b00000, 0x0000000089b00000, 0x0000000089c00000|  0%| F|  |TAMS 0x0000000089b00000| PB 0x0000000089b00000| Untracked 
| 106|0x0000000089c00000, 0x0000000089c00000, 0x0000000089d00000|  0%| F|  |TAMS 0x0000000089c00000| PB 0x0000000089c00000| Untracked 
| 107|0x0000000089d00000, 0x0000000089d00000, 0x0000000089e00000|  0%| F|  |TAMS 0x0000000089d00000| PB 0x0000000089d00000| Untracked 
| 108|0x0000000089e00000, 0x0000000089e00000, 0x0000000089f00000|  0%| F|  |TAMS 0x0000000089e00000| PB 0x0000000089e00000| Untracked 
| 109|0x0000000089f00000, 0x0000000089f00000, 0x000000008a000000|  0%| F|  |TAMS 0x0000000089f00000| PB 0x0000000089f00000| Untracked 
| 110|0x000000008a000000, 0x000000008a000000, 0x000000008a100000|  0%| F|  |TAMS 0x000000008a000000| PB 0x000000008a000000| Untracked 
| 111|0x000000008a100000, 0x000000008a100000, 0x000000008a200000|  0%| F|  |TAMS 0x000000008a100000| PB 0x000000008a100000| Untracked 
| 112|0x000000008a200000, 0x000000008a200000, 0x000000008a300000|  0%| F|  |TAMS 0x000000008a200000| PB 0x000000008a200000| Untracked 
| 113|0x000000008a300000, 0x000000008a300000, 0x000000008a400000|  0%| F|  |TAMS 0x000000008a300000| PB 0x000000008a300000| Untracked 
| 114|0x000000008a400000, 0x000000008a400000, 0x000000008a500000|  0%| F|  |TAMS 0x000000008a400000| PB 0x000000008a400000| Untracked 
| 115|0x000000008a500000, 0x000000008a500000, 0x000000008a600000|  0%| F|  |TAMS 0x000000008a500000| PB 0x000000008a500000| Untracked 
| 116|0x000000008a600000, 0x000000008a600000, 0x000000008a700000|  0%| F|  |TAMS 0x000000008a600000| PB 0x000000008a600000| Untracked 
| 117|0x000000008a700000, 0x000000008a700000, 0x000000008a800000|  0%| F|  |TAMS 0x000000008a700000| PB 0x000000008a700000| Untracked 
| 118|0x000000008a800000, 0x000000008a800000, 0x000000008a900000|  0%| F|  |TAMS 0x000000008a800000| PB 0x000000008a800000| Untracked 
| 119|0x000000008a900000, 0x000000008a900000, 0x000000008aa00000|  0%| F|  |TAMS 0x000000008a900000| PB 0x000000008a900000| Untracked 
| 120|0x000000008aa00000, 0x000000008aa584b0, 0x000000008ab00000| 34%| E|  |TAMS 0x000000008aa00000| PB 0x000000008aa00000| Complete 
| 121|0x000000008ab00000, 0x000000008ab3ee30, 0x000000008ac00000| 24%| S|CS|TAMS 0x000000008ab00000| PB 0x000000008ab00000| Complete 
| 122|0x000000008ac00000, 0x000000008ad00000, 0x000000008ad00000|100%| S|CS|TAMS 0x000000008ac00000| PB 0x000000008ac00000| Complete 
| 123|0x000000008ad00000, 0x000000008ae00000, 0x000000008ae00000|100%| E|CS|TAMS 0x000000008ad00000| PB 0x000000008ad00000| Complete 
| 124|0x000000008ae00000, 0x000000008af00000, 0x000000008af00000|100%| E|CS|TAMS 0x000000008ae00000| PB 0x000000008ae00000| Complete 
| 125|0x000000008af00000, 0x000000008b000000, 0x000000008b000000|100%| E|CS|TAMS 0x000000008af00000| PB 0x000000008af00000| Complete 

Card table byte_map: [0x000001a070b50000,0x000001a070f40000] _byte_map_base: 0x000001a070737000

Marking Bits: (CMBitMap*) 0x000001a0590dc640
 Bits: [0x000001a070f40000, 0x000001a072e78000)

Polling page: 0x000001a058860000

Metaspace:

Usage:
  Non-class:     14.03 MB used.
      Class:      2.32 MB used.
       Both:     16.35 MB used.

Virtual space:
  Non-class space:       64.00 MB reserved,      14.25 MB ( 22%) committed,  1 nodes.
      Class space:        1.00 GB reserved,       2.50 MB ( <1%) committed,  1 nodes.
             Both:        1.06 GB reserved,      16.75 MB (  2%) committed. 

Chunk freelists:
   Non-Class:  1.17 MB
       Class:  13.48 MB
        Both:  14.66 MB

MaxMetaspaceSize: unlimited
CompressedClassSpaceSize: 1.00 GB
Initial GC threshold: 21.00 MB
Current GC threshold: 27.75 MB
CDS: on
 - commit_granule_bytes: 65536.
 - commit_granule_words: 8192.
 - virtual_space_node_default_size: 8388608.
 - enlarge_chunks_in_place: 1.
 - use_allocation_guard: 0.


Internal statistics:

num_allocs_failed_limit: 0.
num_arena_births: 350.
num_arena_deaths: 0.
num_vsnodes_births: 2.
num_vsnodes_deaths: 0.
num_space_committed: 268.
num_space_uncommitted: 0.
num_chunks_returned_to_freelist: 0.
num_chunks_taken_from_freelist: 894.
num_chunk_merges: 0.
num_chunk_splits: 613.
num_chunks_enlarged: 458.
num_inconsistent_stats: 0.

CodeHeap 'non-profiled nmethods': size=120000Kb used=1486Kb max_used=1486Kb free=118513Kb
 bounds [0x000001a069230000, 0x000001a0694a0000, 0x000001a070760000]
CodeHeap 'profiled nmethods': size=120000Kb used=7007Kb max_used=7007Kb free=112992Kb
 bounds [0x000001a061760000, 0x000001a061e40000, 0x000001a068c90000]
CodeHeap 'non-nmethods': size=5760Kb used=2044Kb max_used=2078Kb free=3715Kb
 bounds [0x000001a068c90000, 0x000001a068f00000, 0x000001a069230000]
 total_blobs=4321 nmethods=3503 adapters=722
 compilation: enabled
              stopped_count=0, restarted_count=0
 full_count=0

Compilation events (20 events):
Event: 35.883 Thread 0x000001a0753431f0 3494       3       com.sun.javafx.css.PseudoClassState::remove (6 bytes)
Event: 35.883 Thread 0x000001a0753431f0 nmethod 3494 0x000001a061e2cf10 code [0x000001a061e2d0c0, 0x000001a061e2d208]
Event: 36.317 Thread 0x000001a0753431f0 3496   !   3       com.sun.scenario.animation.shared.AnimationAccessor::getDefault (66 bytes)
Event: 36.318 Thread 0x000001a0753431f0 nmethod 3496 0x000001a061e2d290 code [0x000001a061e2d480, 0x000001a061e2d808]
Event: 36.318 Thread 0x000001a0753431f0 3497       3       javafx.scene.layout.Region::maxWidth (52 bytes)
Event: 36.318 Thread 0x000001a0753431f0 nmethod 3497 0x000001a061e2d990 code [0x000001a061e2dbe0, 0x000001a061e2e388]
Event: 36.318 Thread 0x000001a0753431f0 3498       3       javafx.scene.layout.Region::getMaxWidth (22 bytes)
Event: 36.318 Thread 0x000001a0753431f0 nmethod 3498 0x000001a061e2e590 code [0x000001a061e2e760, 0x000001a061e2eb18]
Event: 36.320 Thread 0x000001a0753431f0 3499       3       com.sun.javafx.geom.Point2D::<init> (15 bytes)
Event: 36.320 Thread 0x000001a0753431f0 nmethod 3499 0x000001a061e2ec10 code [0x000001a061e2edc0, 0x000001a061e2ef30]
Event: 36.321 Thread 0x000001a0753431f0 3500       3       com.sun.marlin.Renderer::_endRendering (2639 bytes)
Event: 36.326 Thread 0x000001a0753431f0 nmethod 3500 0x000001a061e2f010 code [0x000001a061e2f620, 0x000001a061e33b60]
Event: 36.326 Thread 0x000001a0753431f0 3502       3       com.sun.javafx.geom.transform.Affine3D::setTransform (75 bytes)
Event: 36.326 Thread 0x000001a0753431f0 nmethod 3502 0x000001a061e37510 code [0x000001a061e376c0, 0x000001a061e37868]
Event: 36.326 Thread 0x000001a0753431f0 3501       1       com.sun.prism.paint.Gradient::getStops (5 bytes)
Event: 36.326 Thread 0x000001a0753431f0 nmethod 3501 0x000001a0693a3490 code [0x000001a0693a3620, 0x000001a0693a36e8]
Event: 36.758 Thread 0x000001a07533e0c0 3503       4       com.sun.javafx.tk.quantum.GlassViewEventHandler::mouseEventButton (60 bytes)
Event: 36.759 Thread 0x000001a07533e0c0 nmethod 3503 0x000001a0693a3790 code [0x000001a0693a3920, 0x000001a0693a39c8]
Event: 58.876 Thread 0x000001a0753431f0 3504       3       sun.invoke.util.Wrapper::isDoubleWord (15 bytes)
Event: 58.876 Thread 0x000001a0753431f0 nmethod 3504 0x000001a061e37990 code [0x000001a061e37b20, 0x000001a061e37c90]

GC Heap History (8 events):
Event: 0.439 GC heap before
{Heap before GC invocations=0 (full 0):
 garbage-first heap   total 129024K, used 13312K [0x0000000083200000, 0x0000000100000000)
  region size 1024K, 13 young (13312K), 0 survivors (0K)
 Metaspace       used 2396K, committed 2560K, reserved 1114112K
  class space    used 249K, committed 320K, reserved 1048576K
}
Event: 0.441 GC heap after
{Heap after GC invocations=1 (full 0):
 garbage-first heap   total 129024K, used 2033K [0x0000000083200000, 0x0000000100000000)
  region size 1024K, 2 young (2048K), 2 survivors (2048K)
 Metaspace       used 2396K, committed 2560K, reserved 1114112K
  class space    used 249K, committed 320K, reserved 1048576K
}
Event: 0.771 GC heap before
{Heap before GC invocations=1 (full 0):
 garbage-first heap   total 129024K, used 28657K [0x0000000083200000, 0x0000000100000000)
  region size 1024K, 23 young (23552K), 2 survivors (2048K)
 Metaspace       used 8411K, committed 8768K, reserved 1114112K
  class space    used 1109K, committed 1280K, reserved 1048576K
}
Event: 0.774 GC heap after
{Heap after GC invocations=2 (full 0):
 garbage-first heap   total 129024K, used 10352K [0x0000000083200000, 0x0000000100000000)
  region size 1024K, 2 young (2048K), 2 survivors (2048K)
 Metaspace       used 8411K, committed 8768K, reserved 1114112K
  class space    used 1109K, committed 1280K, reserved 1048576K
}
Event: 27.205 GC heap before
{Heap before GC invocations=2 (full 0):
 garbage-first heap   total 129024K, used 99440K [0x0000000083200000, 0x0000000100000000)
  region size 1024K, 47 young (48128K), 2 survivors (2048K)
 Metaspace       used 16600K, committed 16960K, reserved 1114112K
  class space    used 2371K, committed 2560K, reserved 1048576K
}
Event: 27.211 GC heap after
{Heap after GC invocations=3 (full 0):
 garbage-first heap   total 129024K, used 61518K [0x0000000083200000, 0x0000000100000000)
  region size 1024K, 8 young (8192K), 8 survivors (8192K)
 Metaspace       used 16600K, committed 16960K, reserved 1114112K
  class space    used 2371K, committed 2560K, reserved 1048576K
}
Event: 28.941 GC heap before
{Heap before GC invocations=3 (full 0):
 garbage-first heap   total 129024K, used 69710K [0x0000000083200000, 0x0000000100000000)
  region size 1024K, 11 young (11264K), 8 survivors (8192K)
 Metaspace       used 16667K, committed 17024K, reserved 1114112K
  class space    used 2372K, committed 2560K, reserved 1048576K
}
Event: 28.947 GC heap after
{Heap after GC invocations=4 (full 0):
 garbage-first heap   total 129024K, used 68785K [0x0000000083200000, 0x0000000100000000)
  region size 1024K, 2 young (2048K), 2 survivors (2048K)
 Metaspace       used 16667K, committed 17024K, reserved 1114112K
  class space    used 2372K, committed 2560K, reserved 1048576K
}

Dll operation events (20 events):
Event: 0.393 Loaded shared library C:\Users\NickS\.openjfx\cache\21-ea+null\amd64\api-ms-win-crt-math-l1-1-0.dll
Event: 0.396 Loaded shared library C:\Users\NickS\.openjfx\cache\21-ea+null\amd64\api-ms-win-crt-multibyte-l1-1-0.dll
Event: 0.398 Loaded shared library C:\Users\NickS\.openjfx\cache\21-ea+null\amd64\api-ms-win-crt-private-l1-1-0.dll
Event: 0.400 Loaded shared library C:\Users\NickS\.openjfx\cache\21-ea+null\amd64\api-ms-win-crt-process-l1-1-0.dll
Event: 0.401 Loaded shared library C:\Users\NickS\.openjfx\cache\21-ea+null\amd64\api-ms-win-crt-runtime-l1-1-0.dll
Event: 0.403 Loaded shared library C:\Users\NickS\.openjfx\cache\21-ea+null\amd64\api-ms-win-crt-stdio-l1-1-0.dll
Event: 0.405 Loaded shared library C:\Users\NickS\.openjfx\cache\21-ea+null\amd64\api-ms-win-crt-string-l1-1-0.dll
Event: 0.407 Loaded shared library C:\Users\NickS\.openjfx\cache\21-ea+null\amd64\api-ms-win-crt-time-l1-1-0.dll
Event: 0.409 Loaded shared library C:\Users\NickS\.openjfx\cache\21-ea+null\amd64\api-ms-win-crt-utility-l1-1-0.dll
Event: 0.420 Loaded shared library C:\Users\NickS\.openjfx\cache\21-ea+null\amd64\ucrtbase.dll
Event: 0.423 Loaded shared library C:\Users\NickS\.openjfx\cache\21-ea+null\amd64\vcruntime140.dll
Event: 0.425 Loaded shared library C:\Users\NickS\.openjfx\cache\21-ea+null\amd64\vcruntime140_1.dll
Event: 0.432 Loaded shared library C:\Users\NickS\.openjfx\cache\21-ea+null\amd64\msvcp140.dll
Event: 0.434 Loaded shared library C:\Users\NickS\.openjfx\cache\21-ea+null\amd64\msvcp140_1.dll
Event: 0.438 Loaded shared library C:\Users\NickS\.openjfx\cache\21-ea+null\amd64\msvcp140_2.dll
Event: 0.474 Loaded shared library C:\Users\NickS\.openjfx\cache\21-ea+null\amd64\prism_d3d.dll
Event: 0.506 Loaded shared library C:\Users\NickS\.openjfx\cache\21-ea+null\amd64\glass.dll
Event: 0.599 Loaded shared library C:\Users\NickS\.jdks\corretto-21.0.1\bin\jimage.dll
Event: 0.715 Loaded shared library C:\Users\NickS\.openjfx\cache\21-ea+null\amd64\javafx_iio.dll
Event: 0.787 Loaded shared library C:\Users\NickS\.openjfx\cache\21-ea+null\amd64\javafx_font.dll

Deoptimization events (20 events):
Event: 28.977 Thread 0x000001a07aaeee70 Uncommon trap: trap_request=0xffffffd6 fr.pc=0x000001a06938fdfc relative=0x0000000000000f1c
Event: 28.977 Thread 0x000001a07aaeee70 Uncommon trap: reason=array_check action=maybe_recompile pc=0x000001a06938fdfc method=javafx.css.SimpleSelector.applies(Ljavafx/css/Styleable;[Ljava/util/Set;I)Z @ 37 c2
Event: 28.977 Thread 0x000001a07aaeee70 DEOPT PACKING pc=0x000001a06938fdfc sp=0x00000004157ea690
Event: 28.977 Thread 0x000001a07aaeee70 DEOPT UNPACKING pc=0x000001a068ce7da2 sp=0x00000004157ea5d0 mode 2
Event: 28.977 Thread 0x000001a07aaeee70 Uncommon trap: trap_request=0xffffffd6 fr.pc=0x000001a06938fdfc relative=0x0000000000000f1c
Event: 28.977 Thread 0x000001a07aaeee70 Uncommon trap: reason=array_check action=maybe_recompile pc=0x000001a06938fdfc method=javafx.css.SimpleSelector.applies(Ljavafx/css/Styleable;[Ljava/util/Set;I)Z @ 37 c2
Event: 28.977 Thread 0x000001a07aaeee70 DEOPT PACKING pc=0x000001a06938fdfc sp=0x00000004157ea690
Event: 28.977 Thread 0x000001a07aaeee70 DEOPT UNPACKING pc=0x000001a068ce7da2 sp=0x00000004157ea5d0 mode 2
Event: 28.977 Thread 0x000001a07aaeee70 Uncommon trap: trap_request=0xffffffd6 fr.pc=0x000001a06938fdfc relative=0x0000000000000f1c
Event: 28.977 Thread 0x000001a07aaeee70 Uncommon trap: reason=array_check action=maybe_recompile pc=0x000001a06938fdfc method=javafx.css.SimpleSelector.applies(Ljavafx/css/Styleable;[Ljava/util/Set;I)Z @ 37 c2
Event: 28.977 Thread 0x000001a07aaeee70 DEOPT PACKING pc=0x000001a06938fdfc sp=0x00000004157ea690
Event: 28.977 Thread 0x000001a07aaeee70 DEOPT UNPACKING pc=0x000001a068ce7da2 sp=0x00000004157ea5d0 mode 2
Event: 36.321 Thread 0x000001a07b083c30 Uncommon trap: trap_request=0xffffff45 fr.pc=0x000001a06937048c relative=0x000000000000234c
Event: 36.321 Thread 0x000001a07b083c30 Uncommon trap: reason=unstable_if action=reinterpret pc=0x000001a06937048c method=com.sun.marlin.Renderer._endRendering(IILcom/sun/marlin/MarlinAlphaConsumer;)V @ 214 c2
Event: 36.321 Thread 0x000001a07b083c30 DEOPT PACKING pc=0x000001a06937048c sp=0x00000004155fda40
Event: 36.321 Thread 0x000001a07b083c30 DEOPT UNPACKING pc=0x000001a068ce7da2 sp=0x00000004155fd868 mode 2
Event: 36.321 Thread 0x000001a07b083c30 Uncommon trap: trap_request=0xffffffbe fr.pc=0x000001a069334720 relative=0x0000000000003f20
Event: 36.321 Thread 0x000001a07b083c30 Uncommon trap: reason=profile_predicate action=maybe_recompile pc=0x000001a069334720 method=com.sun.marlin.Renderer._endRendering(IILcom/sun/marlin/MarlinAlphaConsumer;)V @ 251 c2
Event: 36.321 Thread 0x000001a07b083c30 DEOPT PACKING pc=0x000001a069334720 sp=0x00000004155fd940
Event: 36.321 Thread 0x000001a07b083c30 DEOPT UNPACKING pc=0x000001a068ce7da2 sp=0x00000004155fd870 mode 2

Classes loaded (20 events):
Event: 1.315 Loading class java/nio/ShortBuffer
Event: 1.316 Loading class java/nio/ShortBuffer done
Event: 1.316 Loading class java/nio/DoubleBuffer
Event: 1.316 Loading class java/nio/DoubleBuffer done
Event: 1.317 Loading class java/nio/DirectFloatBufferU
Event: 1.317 Loading class java/nio/DirectFloatBufferU done
Event: 1.325 Loading class jdk/internal/ref/CleanerImpl$InnocuousThreadFactory
Event: 1.326 Loading class jdk/internal/ref/CleanerImpl$InnocuousThreadFactory done
Event: 1.331 Loading class sun/misc/Unsafe
Event: 1.331 Loading class sun/misc/Unsafe done
Event: 1.331 Loading class java/lang/invoke/DirectMethodHandle$StaticAccessor
Event: 1.332 Loading class java/lang/invoke/DirectMethodHandle$StaticAccessor done
Event: 1.355 Loading class java/lang/FdLibm$Atan2
Event: 1.355 Loading class java/lang/FdLibm$Atan2 done
Event: 2.056 Loading class java/io/UnsupportedEncodingException
Event: 2.056 Loading class java/io/UnsupportedEncodingException done
Event: 2.234 Loading class java/io/CharArrayReader
Event: 2.234 Loading class java/io/CharArrayReader done
Event: 58.873 Loading class jdk/internal/misc/Signal$1
Event: 58.874 Loading class jdk/internal/misc/Signal$1 done

Classes unloaded (0 events):
No events

Classes redefined (0 events):
No events

Internal exceptions (20 events):
Event: 0.965 Thread 0x000001a07aaeee70 Exception <a 'sun/nio/fs/WindowsException'{0x000000008a447d90}> (0x000000008a447d90) 
thrown [s\src\hotspot\share\prims\jni.cpp, line 520]
Event: 0.970 Thread 0x000001a07aaeee70 Implicit null exception at 0x000001a069259449 to 0x000001a069259770
Event: 0.975 Thread 0x000001a07aaeee70 Implicit null exception at 0x000001a0692a8d81 to 0x000001a0692a925c
Event: 0.983 Thread 0x000001a07aaeee70 Implicit null exception at 0x000001a0692a637a to 0x000001a0692a6878
Event: 1.029 Thread 0x000001a07532c990 Exception <a 'sun/nio/fs/WindowsException'{0x000000008a05d0f8}> (0x000000008a05d0f8) 
thrown [s\src\hotspot\share\prims\jni.cpp, line 520]
Event: 1.084 Thread 0x000001a07aaeee70 Exception <a 'java/lang/IncompatibleClassChangeError'{0x0000000089ce19e0}: Found class java.lang.Object, but interface was expected> (0x0000000089ce19e0) 
thrown [s\src\hotspot\share\interpreter\linkResolver.cpp, line 840]
Event: 1.113 Thread 0x000001a07aaeee70 Exception <a 'java/lang/ClassNotFoundException'{0x000000008996e198}: com/sun/javafx/scene/control/skin/resources/controls> (0x000000008996e198) 
thrown [s\src\hotspot\share\prims\jni.cpp, line 539]
Event: 1.114 Thread 0x000001a07aaeee70 Exception <a 'java/lang/ClassNotFoundException'{0x000000008997c398}: com/sun/javafx/scene/control/skin/resources/controls_ru> (0x000000008997c398) 
thrown [s\src\hotspot\share\prims\jni.cpp, line 539]
Event: 1.114 Thread 0x000001a07aaeee70 Exception <a 'java/lang/ClassNotFoundException'{0x000000008997d340}: com/sun/javafx/scene/control/skin/resources/controls_ru_RU> (0x000000008997d340) 
thrown [s\src\hotspot\share\prims\jni.cpp, line 539]
Event: 1.155 Thread 0x000001a07aaeee70 Exception <a 'java/lang/NoSuchMethodError'{0x000000008955b588}: 'void java.lang.invoke.DirectMethodHandle$Holder.invokeSpecial(java.lang.Object, java.lang.Object, java.lang.Object, java.lang.Object, java.lang.Object, java.lang.Object)'> (0x000000008955b588) 
thrown [s\src\hotspot\share\interpreter\linkResolver.cpp, line 773]
Event: 1.229 Thread 0x000001a07aaeee70 Exception <a 'java/lang/NoSuchMethodError'{0x0000000089025578}: 'int java.lang.invoke.DirectMethodHandle$Holder.invokeSpecial(java.lang.Object, java.lang.Object, int)'> (0x0000000089025578) 
thrown [s\src\hotspot\share\interpreter\linkResolver.cpp, line 773]
Event: 1.241 Thread 0x000001a07aaeee70 Exception <a 'java/lang/NoSuchMethodError'{0x000000008905ed68}: 'java.lang.Object java.lang.invoke.DirectMethodHandle$Holder.newInvokeSpecial(java.lang.Object, java.lang.Object, int)'> (0x000000008905ed68) 
thrown [s\src\hotspot\share\interpreter\linkResolver.cpp, line 773]
Event: 1.271 Thread 0x000001a07b083c30 Exception <a 'java/lang/NoSuchMethodError'{0x00000000890ff860}: 'int java.lang.invoke.DirectMethodHandle$Holder.invokeStaticInit(java.lang.Object, java.lang.Object)'> (0x00000000890ff860) 
thrown [s\src\hotspot\share\interpreter\linkResolver.cpp, line 773]
Event: 1.288 Thread 0x000001a07aaeee70 Exception <a 'java/lang/NoSuchMethodError'{0x0000000088f810d0}: 'long java.lang.invoke.DirectMethodHandle$Holder.invokeStatic(java.lang.Object, java.lang.Object, java.lang.Object)'> (0x0000000088f810d0) 
thrown [s\src\hotspot\share\interpreter\linkResolver.cpp, line 773]
Event: 1.288 Thread 0x000001a07aaeee70 Exception <a 'java/lang/NoSuchMethodError'{0x0000000088f844a0}: 'long java.lang.invoke.DirectMethodHandle$Holder.invokeStaticInit(java.lang.Object, java.lang.Object, java.lang.Object)'> (0x0000000088f844a0) 
thrown [s\src\hotspot\share\interpreter\linkResolver.cpp, line 773]
Event: 1.290 Thread 0x000001a07aaeee70 Exception <a 'java/lang/NoSuchMethodError'{0x0000000088f98a98}: 'java.lang.Object java.lang.invoke.DirectMethodHandle$Holder.newInvokeSpecial(java.lang.Object, java.lang.Object, long)'> (0x0000000088f98a98) 
thrown [s\src\hotspot\share\interpreter\linkResolver.cpp, line 773]
Event: 1.290 Thread 0x000001a07aaeee70 Exception <a 'java/lang/NoSuchMethodError'{0x0000000088f9c390}: 'java.lang.Object java.lang.invoke.Invokers$Holder.linkToTargetMethod(java.lang.Object, long, java.lang.Object)'> (0x0000000088f9c390) 
thrown [s\src\hotspot\share\interpreter\linkResolver.cpp, line 773]
Event: 6.644 Thread 0x000001a07aaeee70 Exception <a 'java/lang/NoSuchMethodError'{0x00000000886e6ea0}: 'java.lang.Object java.lang.invoke.DirectMethodHandle$Holder.newInvokeSpecial(java.lang.Object, java.lang.Object, int, int, int, int, int, java.lang.Object)'> (0x00000000886e6ea0) 
thrown [s\src\hotspot\share\interpreter\linkResolver.cpp, line 773]
Event: 6.646 Thread 0x000001a07aaeee70 Exception <a 'java/lang/NoSuchMethodError'{0x00000000886f9820}: 'java.lang.Object java.lang.invoke.DirectMethodHandle$Holder.newInvokeSpecial(java.lang.Object, java.lang.Object, java.lang.Object, int, int, int, int, int)'> (0x00000000886f9820) 
thrown [s\src\hotspot\share\interpreter\linkResolver.cpp, line 773]
Event: 6.646 Thread 0x000001a07aaeee70 Exception <a 'java/lang/NoSuchMethodError'{0x0000000088501db0}: 'java.lang.Object java.lang.invoke.Invokers$Holder.linkToTargetMethod(java.lang.Object, java.lang.Object, int, int, int, int, int, java.lang.Object)'> (0x0000000088501db0) 
thrown [s\src\hotspot\share\interpreter\linkResolver.cpp, line 773]

ZGC Phase Switch (0 events):
No events

VM Operations (20 events):
Event: 28.212 Executing VM operation: Cleanup done
Event: 28.941 Executing VM operation: G1TryInitiateConcMark (G1 Humongous Allocation)
Event: 28.947 Executing VM operation: G1TryInitiateConcMark (G1 Humongous Allocation) done
Event: 28.955 Executing VM operation: G1PauseRemark
Event: 28.957 Executing VM operation: G1PauseRemark done
Event: 28.963 Executing VM operation: G1PauseCleanup
Event: 28.963 Executing VM operation: G1PauseCleanup done
Event: 30.963 Executing VM operation: Cleanup
Event: 30.963 Executing VM operation: Cleanup done
Event: 32.964 Executing VM operation: Cleanup
Event: 32.964 Executing VM operation: Cleanup done
Event: 34.964 Executing VM operation: Cleanup
Event: 34.964 Executing VM operation: Cleanup done
Event: 35.965 Executing VM operation: Cleanup
Event: 35.965 Executing VM operation: Cleanup done
Event: 36.965 Executing VM operation: Cleanup
Event: 36.965 Executing VM operation: Cleanup done
Event: 39.966 Executing VM operation: Cleanup
Event: 39.966 Executing VM operation: Cleanup done
Event: 58.876 Executing VM operation: Exit

Events (20 events):
Event: 0.179 Thread 0x000001a07a7afd80 Thread added: 0x000001a07a7afd80
Event: 0.179 Thread 0x000001a07a7b03f0 Thread added: 0x000001a07a7b03f0
Event: 0.468 Thread 0x000001a07b083c30 Thread added: 0x000001a07b083c30
Event: 0.508 Thread 0x000001a07accee20 Thread added: 0x000001a07accee20
Event: 0.511 Thread 0x000001a07aaeee70 Thread added: 0x000001a07aaeee70
Event: 0.572 Thread 0x000001a07b2bc670 Thread added: 0x000001a07b2bc670
Event: 0.573 Thread 0x000001a07ac1a280 Thread added: 0x000001a07ac1a280
Event: 1.079 Thread 0x000001a07b712c30 Thread added: 0x000001a07b712c30
Event: 1.326 Thread 0x000001a07b714d00 Thread added: 0x000001a07b714d00
Event: 1.343 Thread 0x000001a075342450 Thread exited: 0x000001a075342450
Event: 6.785 Thread 0x000001a075344d30 Thread added: 0x000001a075344d30
Event: 6.907 Thread 0x000001a075344d30 Thread exited: 0x000001a075344d30
Event: 28.987 Thread 0x000001a075342450 Thread added: 0x000001a075342450
Event: 30.620 Thread 0x000001a075342450 Thread exited: 0x000001a075342450
Event: 58.874 Thread 0x000001a07b711880 Thread added: 0x000001a07b711880
Event: 58.874 Thread 0x000001a07b713fe0 Thread added: 0x000001a07b713fe0
Event: 58.874 Thread 0x000001a07b714670 Thread added: 0x000001a07b714670
Event: 58.875 Thread 0x000001a07b713fe0 Thread exited: 0x000001a07b713fe0
Event: 58.876 Thread 0x000001a07b714670 Thread exited: 0x000001a07b714670
Event: 58.876 Thread 0x000001a07532bbd0 Thread exited: 0x000001a07532bbd0


Dynamic libraries:
0x00007ff60b4f0000 - 0x00007ff60b4fe000 	C:\Users\NickS\.jdks\corretto-21.0.1\bin\java.exe
0x00007ffe3f6c0000 - 0x00007ffe3f8c9000 	C:\Windows\SYSTEM32\ntdll.dll
0x00007ffe3de60000 - 0x00007ffe3df1d000 	C:\Windows\System32\KERNEL32.DLL
0x00007ffe3d0c0000 - 0x00007ffe3d444000 	C:\Windows\System32\KERNELBASE.dll
0x00007ffe3cc20000 - 0x00007ffe3cd31000 	C:\Windows\System32\ucrtbase.dll
0x00007ffe38860000 - 0x00007ffe3887b000 	C:\Users\NickS\.jdks\corretto-21.0.1\bin\VCRUNTIME140.dll
0x00007ffe337a0000 - 0x00007ffe337b8000 	C:\Users\NickS\.jdks\corretto-21.0.1\bin\jli.dll
0x00007ffe3f3c0000 - 0x00007ffe3f56d000 	C:\Windows\System32\USER32.dll
0x00007ffe3cb50000 - 0x00007ffe3cb76000 	C:\Windows\System32\win32u.dll
0x00007ffe3ea00000 - 0x00007ffe3ea2a000 	C:\Windows\System32\GDI32.dll
0x00007ffe3cdc0000 - 0x00007ffe3cede000 	C:\Windows\System32\gdi32full.dll
0x00007ffe3cb80000 - 0x00007ffe3cc1d000 	C:\Windows\System32\msvcp_win.dll
0x00007ffe29d60000 - 0x00007ffe2a005000 	C:\Windows\WinSxS\amd64_microsoft.windows.common-controls_6595b64144ccf1df_6.0.22000.120_none_9d947278b86cc467\COMCTL32.dll
0x00007ffe3d830000 - 0x00007ffe3d8d3000 	C:\Windows\System32\msvcrt.dll
0x00007ffe3e080000 - 0x00007ffe3e0b1000 	C:\Windows\System32\IMM32.DLL
0x00007ffe394d0000 - 0x00007ffe394dc000 	C:\Users\NickS\.jdks\corretto-21.0.1\bin\vcruntime140_1.dll
0x00007ffdf2850000 - 0x00007ffdf28dd000 	C:\Users\NickS\.jdks\corretto-21.0.1\bin\msvcp140.dll
0x00007ffddbeb0000 - 0x00007ffddcc3d000 	C:\Users\NickS\.jdks\corretto-21.0.1\bin\server\jvm.dll
0x00007ffe3f260000 - 0x00007ffe3f30e000 	C:\Windows\System32\ADVAPI32.dll
0x00007ffe3f570000 - 0x00007ffe3f60e000 	C:\Windows\System32\sechost.dll
0x00007ffe3e8d0000 - 0x00007ffe3e9f1000 	C:\Windows\System32\RPCRT4.dll
0x00007ffe3f610000 - 0x00007ffe3f67f000 	C:\Windows\System32\WS2_32.dll
0x00007ffe3b4b0000 - 0x00007ffe3b4fd000 	C:\Windows\SYSTEM32\POWRPROF.dll
0x00007ffe35870000 - 0x00007ffe358a3000 	C:\Windows\SYSTEM32\WINMM.dll
0x00007ffe2f660000 - 0x00007ffe2f66a000 	C:\Windows\SYSTEM32\VERSION.dll
0x00007ffe3b5a0000 - 0x00007ffe3b5b3000 	C:\Windows\SYSTEM32\UMPDC.dll
0x00007ffe3bcb0000 - 0x00007ffe3bcc8000 	C:\Windows\SYSTEM32\kernel.appcore.dll
0x00007ffe39400000 - 0x00007ffe3940a000 	C:\Users\NickS\.jdks\corretto-21.0.1\bin\jimage.dll
0x00007ffe3a110000 - 0x00007ffe3a331000 	C:\Windows\SYSTEM32\DBGHELP.DLL
0x00007ffe291a0000 - 0x00007ffe291d1000 	C:\Windows\SYSTEM32\dbgcore.DLL
0x00007ffe3cd40000 - 0x00007ffe3cdbf000 	C:\Windows\System32\bcryptPrimitives.dll
0x00007ffe34d80000 - 0x00007ffe34d8e000 	C:\Users\NickS\.jdks\corretto-21.0.1\bin\instrument.dll
0x00007ffe29170000 - 0x00007ffe2918f000 	C:\Users\NickS\.jdks\corretto-21.0.1\bin\java.dll
0x00007ffe3ea90000 - 0x00007ffe3f255000 	C:\Windows\System32\SHELL32.dll
0x00007ffe3ac20000 - 0x00007ffe3b482000 	C:\Windows\SYSTEM32\windows.storage.dll
0x00007ffe3dae0000 - 0x00007ffe3de56000 	C:\Windows\System32\combase.dll
0x00007ffe3aab0000 - 0x00007ffe3ac17000 	C:\Windows\SYSTEM32\wintypes.dll
0x00007ffe3df20000 - 0x00007ffe3e00a000 	C:\Windows\System32\SHCORE.dll
0x00007ffe3e010000 - 0x00007ffe3e06d000 	C:\Windows\System32\shlwapi.dll
0x00007ffe3ca80000 - 0x00007ffe3caa5000 	C:\Windows\SYSTEM32\profapi.dll
0x00007ffde1b80000 - 0x00007ffde1c57000 	C:\Users\NickS\.jdks\corretto-21.0.1\bin\jsvml.dll
0x00007ffe15e30000 - 0x00007ffe15e40000 	C:\Users\NickS\.jdks\corretto-21.0.1\bin\net.dll
0x00007ffe352b0000 - 0x00007ffe353c4000 	C:\Windows\SYSTEM32\WINHTTP.dll
0x00007ffe3c160000 - 0x00007ffe3c1c7000 	C:\Windows\system32\mswsock.dll
0x00007ffe14e80000 - 0x00007ffe14e96000 	C:\Users\NickS\.jdks\corretto-21.0.1\bin\nio.dll
0x00007ffe14e60000 - 0x00007ffe14e78000 	C:\Users\NickS\.jdks\corretto-21.0.1\bin\zip.dll
0x00007ffe12710000 - 0x00007ffe1272a000 	C:\Program Files\JetBrains\IntelliJ IDEA Community Edition 2023.2.4\bin\breakgen64.dll
0x000001a059030000 - 0x000001a059033000 	C:\Users\NickS\.openjfx\cache\21-ea+null\amd64\api-ms-win-core-console-l1-1-0.dll
0x000001a059040000 - 0x000001a059043000 	C:\Users\NickS\.openjfx\cache\21-ea+null\amd64\api-ms-win-core-console-l1-2-0.dll
0x000001a059050000 - 0x000001a059053000 	C:\Users\NickS\.openjfx\cache\21-ea+null\amd64\api-ms-win-core-datetime-l1-1-0.dll
0x000001a075b20000 - 0x000001a075b23000 	C:\Users\NickS\.openjfx\cache\21-ea+null\amd64\api-ms-win-core-debug-l1-1-0.dll
0x000001a075b30000 - 0x000001a075b33000 	C:\Users\NickS\.openjfx\cache\21-ea+null\amd64\api-ms-win-core-errorhandling-l1-1-0.dll
0x000001a075b40000 - 0x000001a075b44000 	C:\Users\NickS\.openjfx\cache\21-ea+null\amd64\api-ms-win-core-file-l1-1-0.dll
0x000001a075b50000 - 0x000001a075b53000 	C:\Users\NickS\.openjfx\cache\21-ea+null\amd64\api-ms-win-core-file-l1-2-0.dll
0x000001a075b60000 - 0x000001a075b63000 	C:\Users\NickS\.openjfx\cache\21-ea+null\amd64\api-ms-win-core-file-l2-1-0.dll
0x000001a075b70000 - 0x000001a075b73000 	C:\Users\NickS\.openjfx\cache\21-ea+null\amd64\api-ms-win-core-handle-l1-1-0.dll
0x000001a075b80000 - 0x000001a075b83000 	C:\Users\NickS\.openjfx\cache\21-ea+null\amd64\api-ms-win-core-heap-l1-1-0.dll
0x000001a075b90000 - 0x000001a075b93000 	C:\Users\NickS\.openjfx\cache\21-ea+null\amd64\api-ms-win-core-interlocked-l1-1-0.dll
0x000001a075ba0000 - 0x000001a075ba3000 	C:\Users\NickS\.openjfx\cache\21-ea+null\amd64\api-ms-win-core-libraryloader-l1-1-0.dll
0x000001a075bb0000 - 0x000001a075bb3000 	C:\Users\NickS\.openjfx\cache\21-ea+null\amd64\api-ms-win-core-localization-l1-2-0.dll
0x000001a075bc0000 - 0x000001a075bc3000 	C:\Users\NickS\.openjfx\cache\21-ea+null\amd64\api-ms-win-core-memory-l1-1-0.dll
0x000001a075bd0000 - 0x000001a075bd3000 	C:\Users\NickS\.openjfx\cache\21-ea+null\amd64\api-ms-win-core-namedpipe-l1-1-0.dll
0x000001a075be0000 - 0x000001a075be3000 	C:\Users\NickS\.openjfx\cache\21-ea+null\amd64\api-ms-win-core-processenvironment-l1-1-0.dll
0x000001a0758c0000 - 0x000001a0758c3000 	C:\Users\NickS\.openjfx\cache\21-ea+null\amd64\api-ms-win-core-processthreads-l1-1-0.dll
0x000001a0758d0000 - 0x000001a0758d3000 	C:\Users\NickS\.openjfx\cache\21-ea+null\amd64\api-ms-win-core-processthreads-l1-1-1.dll
0x000001a0758e0000 - 0x000001a0758e3000 	C:\Users\NickS\.openjfx\cache\21-ea+null\amd64\api-ms-win-core-profile-l1-1-0.dll
0x000001a0758f0000 - 0x000001a0758f3000 	C:\Users\NickS\.openjfx\cache\21-ea+null\amd64\api-ms-win-core-rtlsupport-l1-1-0.dll
0x000001a075900000 - 0x000001a075903000 	C:\Users\NickS\.openjfx\cache\21-ea+null\amd64\api-ms-win-core-string-l1-1-0.dll
0x000001a075910000 - 0x000001a075913000 	C:\Users\NickS\.openjfx\cache\21-ea+null\amd64\api-ms-win-core-synch-l1-1-0.dll
0x000001a075920000 - 0x000001a075923000 	C:\Users\NickS\.openjfx\cache\21-ea+null\amd64\api-ms-win-core-synch-l1-2-0.dll
0x000001a075930000 - 0x000001a075933000 	C:\Users\NickS\.openjfx\cache\21-ea+null\amd64\api-ms-win-core-sysinfo-l1-1-0.dll
0x000001a075940000 - 0x000001a075943000 	C:\Users\NickS\.openjfx\cache\21-ea+null\amd64\api-ms-win-core-timezone-l1-1-0.dll
0x000001a075950000 - 0x000001a075953000 	C:\Users\NickS\.openjfx\cache\21-ea+null\amd64\api-ms-win-core-util-l1-1-0.dll
0x000001a075960000 - 0x000001a075963000 	C:\Users\NickS\.openjfx\cache\21-ea+null\amd64\api-ms-win-crt-conio-l1-1-0.dll
0x000001a075970000 - 0x000001a075974000 	C:\Users\NickS\.openjfx\cache\21-ea+null\amd64\api-ms-win-crt-convert-l1-1-0.dll
0x000001a075980000 - 0x000001a075983000 	C:\Users\NickS\.openjfx\cache\21-ea+null\amd64\api-ms-win-crt-environment-l1-1-0.dll
0x000001a075990000 - 0x000001a075993000 	C:\Users\NickS\.openjfx\cache\21-ea+null\amd64\api-ms-win-crt-filesystem-l1-1-0.dll
0x000001a0759a0000 - 0x000001a0759a3000 	C:\Users\NickS\.openjfx\cache\21-ea+null\amd64\api-ms-win-crt-heap-l1-1-0.dll
0x000001a0759b0000 - 0x000001a0759b3000 	C:\Users\NickS\.openjfx\cache\21-ea+null\amd64\api-ms-win-crt-locale-l1-1-0.dll
0x000001a0759c0000 - 0x000001a0759c5000 	C:\Users\NickS\.openjfx\cache\21-ea+null\amd64\api-ms-win-crt-math-l1-1-0.dll
0x000001a0759d0000 - 0x000001a0759d5000 	C:\Users\NickS\.openjfx\cache\21-ea+null\amd64\api-ms-win-crt-multibyte-l1-1-0.dll
0x000001a0759e0000 - 0x000001a0759f0000 	C:\Users\NickS\.openjfx\cache\21-ea+null\amd64\api-ms-win-crt-private-l1-1-0.dll
0x000001a0759f0000 - 0x000001a0759f3000 	C:\Users\NickS\.openjfx\cache\21-ea+null\amd64\api-ms-win-crt-process-l1-1-0.dll
0x000001a075a00000 - 0x000001a075a04000 	C:\Users\NickS\.openjfx\cache\21-ea+null\amd64\api-ms-win-crt-runtime-l1-1-0.dll
0x000001a075a10000 - 0x000001a075a14000 	C:\Users\NickS\.openjfx\cache\21-ea+null\amd64\api-ms-win-crt-stdio-l1-1-0.dll
0x000001a075a20000 - 0x000001a075a24000 	C:\Users\NickS\.openjfx\cache\21-ea+null\amd64\api-ms-win-crt-string-l1-1-0.dll
0x000001a075a30000 - 0x000001a075a33000 	C:\Users\NickS\.openjfx\cache\21-ea+null\amd64\api-ms-win-crt-time-l1-1-0.dll
0x000001a075a40000 - 0x000001a075a43000 	C:\Users\NickS\.openjfx\cache\21-ea+null\amd64\api-ms-win-crt-utility-l1-1-0.dll
0x00007ffde1a80000 - 0x00007ffde1b7c000 	C:\Users\NickS\.openjfx\cache\21-ea+null\amd64\ucrtbase.dll
0x00007ffe12530000 - 0x00007ffe1254b000 	C:\Users\NickS\.openjfx\cache\21-ea+null\amd64\vcruntime140.dll
0x00007ffe14e50000 - 0x00007ffe14e5c000 	C:\Users\NickS\.openjfx\cache\21-ea+null\amd64\vcruntime140_1.dll
0x00007ffde5500000 - 0x00007ffde558e000 	C:\Users\NickS\.openjfx\cache\21-ea+null\amd64\msvcp140.dll
0x00007ffe3d680000 - 0x00007ffe3d81a000 	C:\Windows\System32\ole32.dll
0x00007ffe13900000 - 0x00007ffe13909000 	C:\Users\NickS\.openjfx\cache\21-ea+null\amd64\msvcp140_1.dll
0x00007ffe0d050000 - 0x00007ffe0d07f000 	C:\Users\NickS\.openjfx\cache\21-ea+null\amd64\msvcp140_2.dll
0x00007ffe0a2b0000 - 0x00007ffe0a2df000 	C:\Users\NickS\.openjfx\cache\21-ea+null\amd64\prism_d3d.dll
0x00007ffdf26a0000 - 0x00007ffdf2846000 	C:\Windows\system32\d3d9.dll
0x00007ffe39bb0000 - 0x00007ffe39bdf000 	C:\Windows\SYSTEM32\dwmapi.dll
0x00007ffe39b30000 - 0x00007ffe39b68000 	C:\Windows\SYSTEM32\dxcore.dll
0x00007ffe39910000 - 0x00007ffe399bc000 	C:\Windows\system32\uxtheme.dll
0x00007ffdf2530000 - 0x00007ffdf2695000 	C:\Windows\System32\DriverStore\FileRepository\iigd_dch.inf_amd64_5dc1a2977f07512e\igdumdim64.dll
0x00007ffde84c0000 - 0x00007ffdec14b000 	C:\Windows\System32\DriverStore\FileRepository\iigd_dch.inf_amd64_5dc1a2977f07512e\igd9dxva64.dll
0x00007ffe3d900000 - 0x00007ffe3d9d6000 	C:\Windows\System32\OLEAUT32.dll
0x00007ffe3e140000 - 0x00007ffe3e5b2000 	C:\Windows\System32\SETUPAPI.dll
0x00007ffe3c850000 - 0x00007ffe3c89c000 	C:\Windows\SYSTEM32\cfgmgr32.dll
0x00007ffe33180000 - 0x00007ffe334b6000 	C:\Windows\System32\DriverStore\FileRepository\iigd_dch.inf_amd64_5dc1a2977f07512e\igdgmm64.dll
0x00007ffe37cf0000 - 0x00007ffe37d34000 	C:\Windows\SYSTEM32\directxdatabasehelper.dll
0x00007ffe3bcd0000 - 0x00007ffe3bd04000 	C:\Windows\SYSTEM32\ntmarta.dll
0x00007ffe05550000 - 0x00007ffe05592000 	C:\Users\NickS\.openjfx\cache\21-ea+null\amd64\glass.dll
0x00007ffe3d9e0000 - 0x00007ffe3dacc000 	C:\Windows\System32\COMDLG32.dll
0x00007ffe3e790000 - 0x00007ffe3e8ad000 	C:\Windows\System32\MSCTF.dll
0x00007ffdf15c0000 - 0x00007ffdf15e7000 	C:\Windows\System32\DriverStore\FileRepository\iigd_dch.inf_amd64_5dc1a2977f07512e\igdinfo64.dll
0x00007ffe2fea0000 - 0x00007ffe32c2f000 	C:\Windows\System32\DriverStore\FileRepository\iigd_dch.inf_amd64_5dc1a2977f07512e\igc64.dll
0x00007ffdfe570000 - 0x00007ffdfe59d000 	C:\Users\NickS\.openjfx\cache\21-ea+null\amd64\javafx_iio.dll
0x00007ffe05530000 - 0x00007ffe05544000 	C:\Users\NickS\.openjfx\cache\21-ea+null\amd64\javafx_font.dll
0x00007ffe354c0000 - 0x00007ffe3571f000 	C:\Windows\SYSTEM32\dwrite.dll
0x00007ffe3f310000 - 0x00007ffe3f3bf000 	C:\Windows\System32\clbcatq.dll
0x00007ffe365d0000 - 0x00007ffe3677e000 	C:\Windows\SYSTEM32\WindowsCodecs.dll
0x00007ffe2e5a0000 - 0x00007ffe2e5fd000 	C:\Windows\system32\dataexchange.dll
0x00007ffe360f0000 - 0x00007ffe36355000 	C:\Windows\system32\twinapi.appcore.dll
0x00007ffde1e00000 - 0x00007ffde1e32000 	C:\Program Files\Common Files\Microsoft Shared\Ink\rtscom.dll
0x00007ffe28290000 - 0x00007ffe283bc000 	C:\Windows\SYSTEM32\textinputframework.dll
0x00007ffe39240000 - 0x00007ffe39371000 	C:\Windows\SYSTEM32\CoreMessaging.dll
0x00007ffe37390000 - 0x00007ffe376fd000 	C:\Windows\SYSTEM32\CoreUIComponents.dll
0x00007ffe3c3c0000 - 0x00007ffe3c3cc000 	C:\Windows\SYSTEM32\CRYPTBASE.DLL

dbghelp: loaded successfully - version: 4.0.5 - missing functions: none
symbol engine: initialized successfully - sym options: 0x614 - pdb path: .;C:\Users\NickS\.jdks\corretto-21.0.1\bin;C:\Windows\SYSTEM32;C:\Windows\WinSxS\amd64_microsoft.windows.common-controls_6595b64144ccf1df_6.0.22000.120_none_9d947278b86cc467;C:\Users\NickS\.jdks\corretto-21.0.1\bin\server;C:\Program Files\JetBrains\IntelliJ IDEA Community Edition 2023.2.4\bin;C:\Users\NickS\.openjfx\cache\21-ea+null\amd64;C:\Windows\System32\DriverStore\FileRepository\iigd_dch.inf_amd64_5dc1a2977f07512e;C:\Program Files\Common Files\Microsoft Shared\Ink

VM Arguments:
jvm_args: -javaagent:C:\Program Files\JetBrains\IntelliJ IDEA Community Edition 2023.2.4\lib\idea_rt.jar=60146:C:\Program Files\JetBrains\IntelliJ IDEA Community Edition 2023.2.4\bin -Dfile.encoding=UTF-8 -Dsun.stdout.encoding=UTF-8 -Dsun.stderr.encoding=UTF-8 --module-path=C:\Users\NickS\.m2\repository\org\openjfx\javafx-controls\21-ea+24\javafx-controls-21-ea+24-win.jar;C:\Users\NickS\.m2\repository\org\openjfx\javafx-graphics\21-ea+24\javafx-graphics-21-ea+24-win.jar;C:\Users\NickS\.m2\repository\org\openjfx\javafx-base\21-ea+24\javafx-base-21-ea+24-win.jar;C:\Users\NickS\OneDrive\Рабочий стол\thrthehrhjyj\target\classes;C:\Users\NickS\.m2\repository\org\openjfx\javafx-fxml\21-ea+24\javafx-fxml-21-ea+24-win.jar -Djdk.module.main=com.example.thrthehrhjyj 
java_command: com.example.thrthehrhjyj/com.example.thrthehrhjyj.HelloApplication
java_class_path (initial): C:\Users\NickS\.m2\repository\org\openjfx\javafx-controls\21-ea+24\javafx-controls-21-ea+24.jar;C:\Users\NickS\.m2\repository\org\openjfx\javafx-graphics\21-ea+24\javafx-graphics-21-ea+24.jar;C:\Users\NickS\.m2\repository\org\openjfx\javafx-base\21-ea+24\javafx-base-21-ea+24.jar;C:\Users\NickS\.m2\repository\org\openjfx\javafx-fxml\21-ea+24\javafx-fxml-21-ea+24.jar;C:\Users\NickS\OneDrive\Рабочий стол\mysql-connector-j-8.3.0.jar
Launcher Type: SUN_STANDARD

[Global flags]
     intx CICompilerCount                          = 3                                         {product} {ergonomic}
     uint ConcGCThreads                            = 1                                         {product} {ergonomic}
     uint G1ConcRefinementThreads                  = 4                                         {product} {ergonomic}
   size_t G1HeapRegionSize                         = 1048576                                   {product} {ergonomic}
    uintx GCDrainStackTargetSize                   = 64                                        {product} {ergonomic}
   size_t InitialHeapSize                          = 132120576                                 {product} {ergonomic}
   size_t MarkStackSize                            = 4194304                                   {product} {ergonomic}
   size_t MaxHeapSize                              = 2095054848                                {product} {ergonomic}
   size_t MaxNewSize                               = 1256194048                                {product} {ergonomic}
   size_t MinHeapDeltaBytes                        = 1048576                                   {product} {ergonomic}
   size_t MinHeapSize                              = 8388608                                   {product} {ergonomic}
    uintx NonNMethodCodeHeapSize                   = 5832780                                {pd product} {ergonomic}
    uintx NonProfiledCodeHeapSize                  = 122912730                              {pd product} {ergonomic}
    uintx ProfiledCodeHeapSize                     = 122912730                              {pd product} {ergonomic}
    uintx ReservedCodeCacheSize                    = 251658240                              {pd product} {ergonomic}
     bool SegmentedCodeCache                       = true                                      {product} {ergonomic}
   size_t SoftMaxHeapSize                          = 2095054848                             {manageable} {ergonomic}
     bool UseCompressedOops                        = true                           {product lp64_product} {ergonomic}
     bool UseG1GC                                  = true                                      {product} {ergonomic}
     bool UseLargePagesIndividualAllocation        = false                                  {pd product} {ergonomic}

Logging:
Log output configuration:
 #0: stdout all=off uptime,level,tags foldmultilines=false
 #1: stderr all=off uptime,level,tags foldmultilines=false

Environment Variables:
PATH=C:\Program Files\Common Files\Oracle\Java\javapath;C:\Program Files (x86)\Common Files\Oracle\Java\javapath;C:\Windows\System32\HWAudioDriverLibs;C:\Windows\system32;C:\Windows;C:\Windows\System32\Wbem;C:\Windows\System32\WindowsPowerShell\v1.0\;C:\Windows\System32\OpenSSH\;C:\Users\Administrator\AppData\Local\Microsoft\WindowsApps;C:\Users\NickS\scoop\apps\composer\current\home\vendor\bin;C:\Users\NickS\scoop\shims;C:\Users\NickS\AppData\Local\Microsoft\WindowsApps
USERNAME=NickS
OS=Windows_NT
PROCESSOR_IDENTIFIER=Intel64 Family 6 Model 140 Stepping 1, GenuineIntel
TMP=C:\Users\NickS\AppData\Local\Temp
TEMP=C:\Users\NickS\AppData\Local\Temp




Periodic native trim disabled

---------------  S Y S T E M  ---------------

OS:
 Windows 11 , 64 bit Build 22000 (10.0.22000.2538)
OS uptime: 1 days 23:00 hours

CPU: total 4 (initial active 4) (2 cores per cpu, 2 threads per core) family 6 model 140 stepping 1 microcode 0x8a, cx8, cmov, fxsr, ht, mmx, 3dnowpref, sse, sse2, sse3, ssse3, sse4.1, sse4.2, popcnt, lzcnt, tsc, tscinvbit, avx, avx2, aes, erms, clmul, bmi1, bmi2, adx, avx512f, avx512dq, avx512cd, avx512bw, avx512vl, sha, fma, vzeroupper, avx512_vpopcntdq, avx512_vpclmulqdq, avx512_vaes, avx512_vnni, clflush, clflushopt, clwb, avx512_vbmi2, avx512_vbmi, rdtscp, rdpid, fsrm, gfni, avx512_bitalg, f16c, pku, cet_ibt, cet_ss, avx512_ifma
Processor Information for all 4 processors :
  Max Mhz: 2995, Current Mhz: 2995, Mhz Limit: 2995

Memory: 4k page, system-wide physical 7991M (939M free)
TotalPageFile size 13623M (AvailPageFile size 1788M)
current process WorkingSet (physical memory assigned to process): 374M, peak: 394M
current process commit charge ("private bytes"): 399M, peak: 419M

vm_info: OpenJDK 64-Bit Server VM (21.0.1+12-LTS) for windows-amd64 JRE (21.0.1+12-LTS), built on 2023-10-12T03:52:47Z by "Administrator" with MS VC++ 16.10 / 16.11 (VS2019)

END.
